[INFO] Scanning for projects...
[WARNING] 
[WARNING] Some problems were encountered while building the effective model for org.jclouds.provider:bluelock-vcloud-zone01:bundle:1.5.0-SNAPSHOT
[WARNING] 'parent.relativePath' of POM org.jclouds:jclouds-project:1.5.0-SNAPSHOT (/Users/adriancole/workspace/git/jclouds/project/pom.xml) points at org.jclouds:jclouds-multi instead of org.sonatype.oss:oss-parent, please verify your project structure @ org.jclouds:jclouds-project:1.5.0-SNAPSHOT, /Users/adriancole/workspace/git/jclouds/project/pom.xml, line 24, column 13
[WARNING] 
[WARNING] It is highly recommended to fix these problems because they threaten the stability of your build.
[WARNING] 
[WARNING] For this reason, future Maven versions might no longer support building such malformed projects.
[WARNING] 
[INFO]                                                                         
[INFO] ------------------------------------------------------------------------
[INFO] Building jclouds Bluelock vCloud Zone01 provider 1.5.0-SNAPSHOT
[INFO] ------------------------------------------------------------------------
[INFO] 
[INFO] --- maven-clean-plugin:2.4.1:clean (default-clean) @ bluelock-vcloud-zone01 ---
[INFO] Deleting /Users/adriancole/workspace/git/jclouds/providers/bluelock-vcloud-zone01/target
[INFO] 
[INFO] --- maven-enforcer-plugin:1.0.1:enforce (enforce-maven) @ bluelock-vcloud-zone01 ---
[INFO] 
[INFO] --- maven-enforcer-plugin:1.0.1:enforce (enforce-banned-dependencies) @ bluelock-vcloud-zone01 ---
[INFO] 
[INFO] --- maven-enforcer-plugin:1.0.1:enforce (enforce-java) @ bluelock-vcloud-zone01 ---
[INFO] 
[INFO] --- maven-remote-resources-plugin:1.2.1:process (process-remote-resources) @ bluelock-vcloud-zone01 ---
[INFO] 
[INFO] --- maven-resources-plugin:2.5:resources (default-resources) @ bluelock-vcloud-zone01 ---
[debug] execute contextualize
[INFO] Using 'UTF-8' encoding to copy filtered resources.
[INFO] skip non existing resourceDirectory /Users/adriancole/workspace/git/jclouds/providers/bluelock-vcloud-zone01/src/main/clojure
[INFO] Copying 1 resource
[INFO] Copying 2 resources
[INFO] 
[INFO] --- maven-compiler-plugin:2.3.2:compile (default-compile) @ bluelock-vcloud-zone01 ---
[INFO] Compiling 1 source file to /Users/adriancole/workspace/git/jclouds/providers/bluelock-vcloud-zone01/target/classes
[INFO] 
[INFO] --- maven-resources-plugin:2.5:testResources (default-testResources) @ bluelock-vcloud-zone01 ---
[debug] execute contextualize
[INFO] Using 'UTF-8' encoding to copy filtered resources.
[INFO] skip non existing resourceDirectory /Users/adriancole/workspace/git/jclouds/providers/bluelock-vcloud-zone01/src/test/clojure
[INFO] Copying 2 resources
[INFO] Copying 2 resources
[INFO] 
[INFO] --- maven-compiler-plugin:2.3.2:testCompile (default-testCompile) @ bluelock-vcloud-zone01 ---
[INFO] Compiling 11 source files to /Users/adriancole/workspace/git/jclouds/providers/bluelock-vcloud-zone01/target/test-classes
[INFO] 
[INFO] --- maven-surefire-plugin:2.12:test (default-test) @ bluelock-vcloud-zone01 ---
[INFO] Surefire report directory: /Users/adriancole/workspace/git/jclouds/providers/bluelock-vcloud-zone01/target/surefire-reports
[INFO] Using configured provider org.apache.maven.surefire.testng.TestNGProvider

-------------------------------------------------------
 T E S T S
-------------------------------------------------------
Running org.jclouds.bluelock.vcloud.zone01.BluelockVCloudZone01ProviderTest
Configuring TestNG with: org.apache.maven.surefire.testng.conf.TestNGMapConfigurator@5ca352a5
Starting test testAllContains(org.jclouds.bluelock.vcloud.zone01.BluelockVCloudZone01ProviderTest)
Starting test testOfApiContains(org.jclouds.bluelock.vcloud.zone01.BluelockVCloudZone01ProviderTest)
[pool-2-thread-2] Test testOfApiContains(org.jclouds.bluelock.vcloud.zone01.BluelockVCloudZone01ProviderTest) succeeded: 7ms
Test suite progress: tests succeeded: 1, failed: 0, skipped: 0.
Starting test testTransformableToContains(org.jclouds.bluelock.vcloud.zone01.BluelockVCloudZone01ProviderTest)
[pool-2-thread-1] Test testAllContains(org.jclouds.bluelock.vcloud.zone01.BluelockVCloudZone01ProviderTest) succeeded: 21ms
Test suite progress: tests succeeded: 2, failed: 0, skipped: 0.
[pool-2-thread-3] Test testTransformableToContains(org.jclouds.bluelock.vcloud.zone01.BluelockVCloudZone01ProviderTest) succeeded: 3ms
Test suite progress: tests succeeded: 3, failed: 0, skipped: 0.
Starting test testWithId(org.jclouds.bluelock.vcloud.zone01.BluelockVCloudZone01ProviderTest)
[pool-2-thread-4] Test testWithId(org.jclouds.bluelock.vcloud.zone01.BluelockVCloudZone01ProviderTest) succeeded: 4ms
Test suite progress: tests succeeded: 4, failed: 0, skipped: 0.
Tests run: 4, Failures: 0, Errors: 0, Skipped: 0, Time elapsed: 1.184 sec

Results :

Tests run: 4, Failures: 0, Errors: 0, Skipped: 0

[INFO] 
[INFO] --- clojure-maven-plugin:1.3.9:test (test-clojure) @ bluelock-vcloud-zone01 ---

Testing com.theoryinpractise.clojure.testrunner

Ran 0 tests containing 0 assertions.
0 failures, 0 errors.
[INFO] 
[INFO] --- maven-bundle-plugin:2.3.7:bundle (default-bundle) @ bluelock-vcloud-zone01 ---
[INFO] 
[INFO] --- maven-source-plugin:2.1.2:jar-no-fork (attach-sources) @ bluelock-vcloud-zone01 ---
[INFO] META-INF already added, skipping
[INFO] META-INF already added, skipping
[INFO] META-INF/LICENSE.txt already added, skipping
[INFO] META-INF/NOTICE.txt already added, skipping
[INFO] Building jar: /Users/adriancole/workspace/git/jclouds/providers/bluelock-vcloud-zone01/target/bluelock-vcloud-zone01-1.5.0-SNAPSHOT-sources.jar
[INFO] META-INF already added, skipping
[INFO] META-INF already added, skipping
[INFO] META-INF/LICENSE.txt already added, skipping
[INFO] META-INF/NOTICE.txt already added, skipping
[INFO] 
[INFO] --- maven-javadoc-plugin:2.8.1:jar (javadoc) @ bluelock-vcloud-zone01 ---
[INFO] Skipping javadoc generation
[INFO] 
[INFO] --- maven-jar-plugin:2.4:test-jar (default) @ bluelock-vcloud-zone01 ---
[INFO] Building jar: /Users/adriancole/workspace/git/jclouds/providers/bluelock-vcloud-zone01/target/bluelock-vcloud-zone01-1.5.0-SNAPSHOT-tests.jar
[INFO] 
[INFO] --- maven-surefire-plugin:2.12:test (integration) @ bluelock-vcloud-zone01 ---
[INFO] Surefire report directory: /Users/adriancole/workspace/git/jclouds/providers/bluelock-vcloud-zone01/target/surefire-reports
[INFO] Using configured provider org.apache.maven.surefire.testng.TestNGProvider

-------------------------------------------------------
 T E S T S
-------------------------------------------------------
Running TestSuite
Configuring TestNG with: org.apache.maven.surefire.testng.conf.TestNGMapConfigurator@378f6235
Starting test testGetVApp(org.jclouds.bluelock.vcloud.zone01.features.BluelockVCloudZone01VAppClientLiveTest)
Starting test testCompareSizes(org.jclouds.bluelock.vcloud.zone01.compute.BluelockVCloudZone01TemplateBuilderLiveTest)
Starting test testListOrgs(org.jclouds.bluelock.vcloud.zone01.features.BluelockVCloudZone01OrgClientLiveTest)
Starting test testFindCatalogIsWriteableIfNotVersion1_5(org.jclouds.bluelock.vcloud.zone01.features.BluelockVCloudZone01CatalogClientLiveTest)
Starting test testCompareSizes(org.jclouds.bluelock.vcloud.zone01.compute.BluelockVCloudZone01ComputeServiceLiveTest)
[TestNG] Test testGetVApp(org.jclouds.bluelock.vcloud.zone01.features.BluelockVCloudZone01VAppClientLiveTest) succeeded: 6582ms
Test suite progress: tests succeeded: 1, failed: 0, skipped: 0.
Starting test testCaptureVApp(org.jclouds.bluelock.vcloud.zone01.features.BluelockVCloudZone01VAppTemplateClientLiveTest)
[TestNG] Test testListOrgs(org.jclouds.bluelock.vcloud.zone01.features.BluelockVCloudZone01OrgClientLiveTest) succeeded: 7047ms
Test suite progress: tests succeeded: 2, failed: 0, skipped: 0.
Starting test testExtendedOptionsWithCustomizationScript(org.jclouds.bluelock.vcloud.zone01.features.BluelockVCloudZone01VmClientLiveTest)
[TestNG] Test testFindCatalogIsWriteableIfNotVersion1_5(org.jclouds.bluelock.vcloud.zone01.features.BluelockVCloudZone01CatalogClientLiveTest) failed.
Test suite progress: tests succeeded: 2, failed: 1, skipped: 0.
Starting test testGetCatalog(org.jclouds.bluelock.vcloud.zone01.features.BluelockVCloudZone01CatalogClientLiveTest)
[TestNG] Test testGetCatalog(org.jclouds.bluelock.vcloud.zone01.features.BluelockVCloudZone01CatalogClientLiveTest) succeeded: 3239ms
Test suite progress: tests succeeded: 3, failed: 1, skipped: 0.
[TestNG] Test testCompareSizes(org.jclouds.bluelock.vcloud.zone01.compute.BluelockVCloudZone01ComputeServiceLiveTest) failed.
Test suite progress: tests succeeded: 3, failed: 2, skipped: 0.
Starting test testCorrectAuthException(org.jclouds.bluelock.vcloud.zone01.compute.BluelockVCloudZone01ComputeServiceLiveTest)
[TestNG] Test testCompareSizes(org.jclouds.bluelock.vcloud.zone01.compute.BluelockVCloudZone01TemplateBuilderLiveTest) failed.
Test suite progress: tests succeeded: 3, failed: 3, skipped: 0.
Starting test testFromTemplate(org.jclouds.bluelock.vcloud.zone01.compute.BluelockVCloudZone01TemplateBuilderLiveTest)
[TestNG] Test testCorrectAuthException(org.jclouds.bluelock.vcloud.zone01.compute.BluelockVCloudZone01ComputeServiceLiveTest) failed.
Test suite progress: tests succeeded: 3, failed: 4, skipped: 0.
Starting test testCreateAndRunAService(org.jclouds.bluelock.vcloud.zone01.compute.BluelockVCloudZone01ComputeServiceLiveTest)
[TestNG] Test testExtendedOptionsWithCustomizationScript(org.jclouds.bluelock.vcloud.zone01.features.BluelockVCloudZone01VmClientLiveTest) failed.
Test suite progress: tests succeeded: 3, failed: 5, skipped: 0.
Starting test testGetThumbnailOfVm(org.jclouds.bluelock.vcloud.zone01.features.BluelockVCloudZone01VmClientLiveTest)
[TestNG] Test testCaptureVApp(org.jclouds.bluelock.vcloud.zone01.features.BluelockVCloudZone01VAppTemplateClientLiveTest) failed.
Test suite progress: tests succeeded: 3, failed: 6, skipped: 0.
Starting test testFindVAppTemplate(org.jclouds.bluelock.vcloud.zone01.features.BluelockVCloudZone01VAppTemplateClientLiveTest)
[TestNG] Test testGetThumbnailOfVm(org.jclouds.bluelock.vcloud.zone01.features.BluelockVCloudZone01VmClientLiveTest) succeeded: 2416ms
Test suite progress: tests succeeded: 4, failed: 6, skipped: 0.
Starting test testGetVm(org.jclouds.bluelock.vcloud.zone01.features.BluelockVCloudZone01VmClientLiveTest)
[TestNG] Test testFindVAppTemplate(org.jclouds.bluelock.vcloud.zone01.features.BluelockVCloudZone01VAppTemplateClientLiveTest) failed.
Test suite progress: tests succeeded: 4, failed: 7, skipped: 0.
Starting test testGetOvfEnvelopeForVAppTemplate(org.jclouds.bluelock.vcloud.zone01.features.BluelockVCloudZone01VAppTemplateClientLiveTest)
[TestNG] Test testGetVm(org.jclouds.bluelock.vcloud.zone01.features.BluelockVCloudZone01VmClientLiveTest) succeeded: 1900ms
Test suite progress: tests succeeded: 5, failed: 7, skipped: 0.
[TestNG] Test testFromTemplate(org.jclouds.bluelock.vcloud.zone01.compute.BluelockVCloudZone01TemplateBuilderLiveTest) failed.
Test suite progress: tests succeeded: 5, failed: 8, skipped: 0.
Starting test testGetAssignableLocations(org.jclouds.bluelock.vcloud.zone01.compute.BluelockVCloudZone01TemplateBuilderLiveTest)
location [id=https://zone01.bluelock.com/api/v1.0/vdc/9db4ee77-33e7-4b83-96be-eee9925eaa9b, scope=ZONE, description=Cluster01-Jclouds, parent=https://zone01.bluelock.com/api/v1.0/org/d7b75404-aef4-4977-a007-03d0a21c1bc0, iso3166Codes=[], metadata={}]
[TestNG] Test testGetAssignableLocations(org.jclouds.bluelock.vcloud.zone01.compute.BluelockVCloudZone01TemplateBuilderLiveTest) succeeded: 3ms
Test suite progress: tests succeeded: 6, failed: 8, skipped: 0.
Starting test testTemplateBuilderCanFind(org.jclouds.bluelock.vcloud.zone01.compute.BluelockVCloudZone01TemplateBuilderLiveTest)
[TestNG] Test testCreateAndRunAService(org.jclouds.bluelock.vcloud.zone01.compute.BluelockVCloudZone01ComputeServiceLiveTest) failed.
Test suite progress: tests succeeded: 6, failed: 9, skipped: 0.
Starting test testGetAssignableLocations(org.jclouds.bluelock.vcloud.zone01.compute.BluelockVCloudZone01ComputeServiceLiveTest)
Apr 23, 2012 8:38:18 PM org.jclouds.compute.internal.BaseComputeServiceLiveTest testGetAssignableLocations
WARNING: location [id=https://zone01.bluelock.com/api/v1.0/vdc/9db4ee77-33e7-4b83-96be-eee9925eaa9b, scope=ZONE, description=Cluster01-Jclouds, parent=https://zone01.bluelock.com/api/v1.0/org/d7b75404-aef4-4977-a007-03d0a21c1bc0, iso3166Codes=[], metadata={}]
[TestNG] Test testGetAssignableLocations(org.jclouds.bluelock.vcloud.zone01.compute.BluelockVCloudZone01ComputeServiceLiveTest) succeeded: 16ms
Test suite progress: tests succeeded: 7, failed: 9, skipped: 0.
Starting test testImagesCache(org.jclouds.bluelock.vcloud.zone01.compute.BluelockVCloudZone01ComputeServiceLiveTest)
[TestNG] Test testGetOvfEnvelopeForVAppTemplate(org.jclouds.bluelock.vcloud.zone01.features.BluelockVCloudZone01VAppTemplateClientLiveTest) succeeded: 38440ms
Test suite progress: tests succeeded: 8, failed: 9, skipped: 0.
Starting test testGetVAppTemplate(org.jclouds.bluelock.vcloud.zone01.features.BluelockVCloudZone01VAppTemplateClientLiveTest)
[TestNG] Test testTemplateBuilderCanFind(org.jclouds.bluelock.vcloud.zone01.compute.BluelockVCloudZone01TemplateBuilderLiveTest) failed.
Test suite progress: tests succeeded: 8, failed: 10, skipped: 0.
Starting test testTemplateBuilderCanFind(org.jclouds.bluelock.vcloud.zone01.compute.BluelockVCloudZone01TemplateBuilderLiveTest)
[TestNG] Test testImagesCache(org.jclouds.bluelock.vcloud.zone01.compute.BluelockVCloudZone01ComputeServiceLiveTest) failed.
Test suite progress: tests succeeded: 8, failed: 11, skipped: 0.
Starting test testListImages(org.jclouds.bluelock.vcloud.zone01.compute.BluelockVCloudZone01ComputeServiceLiveTest)
[TestNG] Test testTemplateBuilderCanFind(org.jclouds.bluelock.vcloud.zone01.compute.BluelockVCloudZone01TemplateBuilderLiveTest) failed.
Test suite progress: tests succeeded: 8, failed: 12, skipped: 0.
Starting test testTemplateBuilderCanFind(org.jclouds.bluelock.vcloud.zone01.compute.BluelockVCloudZone01TemplateBuilderLiveTest)
[TestNG] Test testListImages(org.jclouds.bluelock.vcloud.zone01.compute.BluelockVCloudZone01ComputeServiceLiveTest) failed.
Test suite progress: tests succeeded: 8, failed: 13, skipped: 0.
Starting test testListSizes(org.jclouds.bluelock.vcloud.zone01.compute.BluelockVCloudZone01ComputeServiceLiveTest)
[TestNG] Test testGetVAppTemplate(org.jclouds.bluelock.vcloud.zone01.features.BluelockVCloudZone01VAppTemplateClientLiveTest) succeeded: 39199ms
Test suite progress: tests succeeded: 9, failed: 13, skipped: 0.
[TestNG] Test testTemplateBuilderCanFind(org.jclouds.bluelock.vcloud.zone01.compute.BluelockVCloudZone01TemplateBuilderLiveTest) failed.
Test suite progress: tests succeeded: 9, failed: 14, skipped: 0.
Starting test testTemplateBuilderCanFind(org.jclouds.bluelock.vcloud.zone01.compute.BluelockVCloudZone01TemplateBuilderLiveTest)
[TestNG] Test testListSizes(org.jclouds.bluelock.vcloud.zone01.compute.BluelockVCloudZone01ComputeServiceLiveTest) failed.
Test suite progress: tests succeeded: 9, failed: 15, skipped: 0.
Starting test setServiceDefaults(org.jclouds.bluelock.vcloud.zone01.compute.BluelockVCloudZone01ComputeServiceLiveTest)
[TestNG] Test setServiceDefaults(org.jclouds.bluelock.vcloud.zone01.compute.BluelockVCloudZone01ComputeServiceLiveTest) succeeded: 0ms
Test suite progress: tests succeeded: 10, failed: 15, skipped: 0.
Starting test testOptionToNotBlock(org.jclouds.bluelock.vcloud.zone01.compute.BluelockVCloudZone01ComputeServiceLiveTest)
[TestNG] Test testOptionToNotBlock(org.jclouds.bluelock.vcloud.zone01.compute.BluelockVCloudZone01ComputeServiceLiveTest) succeeded: 0ms
Test suite progress: tests succeeded: 11, failed: 15, skipped: 0.
Starting test testCorrectExceptionRunningNodesNotFound(org.jclouds.bluelock.vcloud.zone01.compute.BluelockVCloudZone01ComputeServiceLiveTest)
[TestNG] Test testCorrectExceptionRunningNodesNotFound(org.jclouds.bluelock.vcloud.zone01.compute.BluelockVCloudZone01ComputeServiceLiveTest) succeeded: 792ms
Test suite progress: tests succeeded: 12, failed: 15, skipped: 0.
[TestNG] Test testAScriptExecutionAfterBootWithBasicTemplate(org.jclouds.bluelock.vcloud.zone01.compute.BluelockVCloudZone01ComputeServiceLiveTest) skipped.
Test suite progress: tests succeeded: 12, failed: 15, skipped: 1.
[TestNG] Test testCreateTwoNodesWithRunScript(org.jclouds.bluelock.vcloud.zone01.compute.BluelockVCloudZone01ComputeServiceLiveTest) skipped.
Test suite progress: tests succeeded: 12, failed: 15, skipped: 2.
[TestNG] Test testTemplateMatch(org.jclouds.bluelock.vcloud.zone01.compute.BluelockVCloudZone01ComputeServiceLiveTest) skipped.
Test suite progress: tests succeeded: 12, failed: 15, skipped: 3.
[TestNG] Test testCreateAnotherNodeWithANewContextToEnsureSharedMemIsntRequired(org.jclouds.bluelock.vcloud.zone01.compute.BluelockVCloudZone01ComputeServiceLiveTest) skipped.
Test suite progress: tests succeeded: 12, failed: 15, skipped: 4.
[TestNG] Test testCredentialsCache(org.jclouds.bluelock.vcloud.zone01.compute.BluelockVCloudZone01ComputeServiceLiveTest) skipped.
Test suite progress: tests succeeded: 12, failed: 15, skipped: 5.
[TestNG] Test testGet(org.jclouds.bluelock.vcloud.zone01.compute.BluelockVCloudZone01ComputeServiceLiveTest) skipped.
Test suite progress: tests succeeded: 12, failed: 15, skipped: 6.
[TestNG] Test testReboot(org.jclouds.bluelock.vcloud.zone01.compute.BluelockVCloudZone01ComputeServiceLiveTest) skipped.
Test suite progress: tests succeeded: 12, failed: 15, skipped: 7.
[TestNG] Test testSuspendResume(org.jclouds.bluelock.vcloud.zone01.compute.BluelockVCloudZone01ComputeServiceLiveTest) skipped.
Test suite progress: tests succeeded: 12, failed: 15, skipped: 8.
[TestNG] Test testGetNodesWithDetails(org.jclouds.bluelock.vcloud.zone01.compute.BluelockVCloudZone01ComputeServiceLiveTest) skipped.
Test suite progress: tests succeeded: 12, failed: 15, skipped: 9.
[TestNG] Test testListNodes(org.jclouds.bluelock.vcloud.zone01.compute.BluelockVCloudZone01ComputeServiceLiveTest) skipped.
Test suite progress: tests succeeded: 12, failed: 15, skipped: 10.
[TestNG] Test testDestroyNodes(org.jclouds.bluelock.vcloud.zone01.compute.BluelockVCloudZone01ComputeServiceLiveTest) skipped.
Test suite progress: tests succeeded: 12, failed: 15, skipped: 11.
[TestNG] Test testTemplateBuilderCanFind(org.jclouds.bluelock.vcloud.zone01.compute.BluelockVCloudZone01TemplateBuilderLiveTest) failed.
Test suite progress: tests succeeded: 12, failed: 16, skipped: 11.
Starting test testTemplateBuilderCanFind(org.jclouds.bluelock.vcloud.zone01.compute.BluelockVCloudZone01TemplateBuilderLiveTest)
[TestNG] Test testTemplateBuilderCanFind(org.jclouds.bluelock.vcloud.zone01.compute.BluelockVCloudZone01TemplateBuilderLiveTest) failed.
Test suite progress: tests succeeded: 12, failed: 17, skipped: 11.
Starting test testTemplateBuilderCanUseImageId(org.jclouds.bluelock.vcloud.zone01.compute.BluelockVCloudZone01TemplateBuilderLiveTest)
[TestNG] Test testTemplateBuilderCanUseImageId(org.jclouds.bluelock.vcloud.zone01.compute.BluelockVCloudZone01TemplateBuilderLiveTest) failed.
Test suite progress: tests succeeded: 12, failed: 18, skipped: 11.
Starting test testTemplateBuilderCannotFind(org.jclouds.bluelock.vcloud.zone01.compute.BluelockVCloudZone01TemplateBuilderLiveTest)
[TestNG] Test testTemplateBuilderCannotFind(org.jclouds.bluelock.vcloud.zone01.compute.BluelockVCloudZone01TemplateBuilderLiveTest) failed.
Test suite progress: tests succeeded: 12, failed: 19, skipped: 11.
Starting test testTemplateBuilderCannotFind(org.jclouds.bluelock.vcloud.zone01.compute.BluelockVCloudZone01TemplateBuilderLiveTest)
[TestNG] Test testTemplateBuilderCannotFind(org.jclouds.bluelock.vcloud.zone01.compute.BluelockVCloudZone01TemplateBuilderLiveTest) failed.
Test suite progress: tests succeeded: 12, failed: 20, skipped: 11.
Starting test testTemplateBuilderCannotFind(org.jclouds.bluelock.vcloud.zone01.compute.BluelockVCloudZone01TemplateBuilderLiveTest)
[TestNG] Test testTemplateBuilderCannotFind(org.jclouds.bluelock.vcloud.zone01.compute.BluelockVCloudZone01TemplateBuilderLiveTest) failed.
Test suite progress: tests succeeded: 12, failed: 21, skipped: 11.
Starting test testTemplateBuilderCannotFind(org.jclouds.bluelock.vcloud.zone01.compute.BluelockVCloudZone01TemplateBuilderLiveTest)
[TestNG] Test testTemplateBuilderCannotFind(org.jclouds.bluelock.vcloud.zone01.compute.BluelockVCloudZone01TemplateBuilderLiveTest) failed.
Test suite progress: tests succeeded: 12, failed: 22, skipped: 11.
Starting test testTemplateBuilderCannotFind(org.jclouds.bluelock.vcloud.zone01.compute.BluelockVCloudZone01TemplateBuilderLiveTest)
[TestNG] Test testTemplateBuilderCannotFind(org.jclouds.bluelock.vcloud.zone01.compute.BluelockVCloudZone01TemplateBuilderLiveTest) failed.
Test suite progress: tests succeeded: 12, failed: 23, skipped: 11.
Starting test testTemplateBuilderCannotFind(org.jclouds.bluelock.vcloud.zone01.compute.BluelockVCloudZone01TemplateBuilderLiveTest)
[TestNG] Test testTemplateBuilderCannotFind(org.jclouds.bluelock.vcloud.zone01.compute.BluelockVCloudZone01TemplateBuilderLiveTest) failed.
Test suite progress: tests succeeded: 12, failed: 24, skipped: 11.
Starting test testTemplateBuilderCannotFind(org.jclouds.bluelock.vcloud.zone01.compute.BluelockVCloudZone01TemplateBuilderLiveTest)
[TestNG] Test testTemplateBuilderCannotFind(org.jclouds.bluelock.vcloud.zone01.compute.BluelockVCloudZone01TemplateBuilderLiveTest) failed.
Test suite progress: tests succeeded: 12, failed: 25, skipped: 11.
Starting test testTemplateBuilderCannotFind(org.jclouds.bluelock.vcloud.zone01.compute.BluelockVCloudZone01TemplateBuilderLiveTest)
[TestNG] Test testTemplateBuilderCannotFind(org.jclouds.bluelock.vcloud.zone01.compute.BluelockVCloudZone01TemplateBuilderLiveTest) failed.
Test suite progress: tests succeeded: 12, failed: 26, skipped: 11.
Starting test testTemplateBuilderCannotFind(org.jclouds.bluelock.vcloud.zone01.compute.BluelockVCloudZone01TemplateBuilderLiveTest)
[TestNG] Test testTemplateBuilderCannotFind(org.jclouds.bluelock.vcloud.zone01.compute.BluelockVCloudZone01TemplateBuilderLiveTest) failed.
Test suite progress: tests succeeded: 12, failed: 27, skipped: 11.
Starting test testTemplateBuilderCannotFind(org.jclouds.bluelock.vcloud.zone01.compute.BluelockVCloudZone01TemplateBuilderLiveTest)
[TestNG] Test testTemplateBuilderCannotFind(org.jclouds.bluelock.vcloud.zone01.compute.BluelockVCloudZone01TemplateBuilderLiveTest) failed.
Test suite progress: tests succeeded: 12, failed: 28, skipped: 11.
Starting test testTemplateBuilderCannotFind(org.jclouds.bluelock.vcloud.zone01.compute.BluelockVCloudZone01TemplateBuilderLiveTest)
[TestNG] Test testTemplateBuilderCannotFind(org.jclouds.bluelock.vcloud.zone01.compute.BluelockVCloudZone01TemplateBuilderLiveTest) failed.
Test suite progress: tests succeeded: 12, failed: 29, skipped: 11.
Starting test testTemplateBuilderCannotFind(org.jclouds.bluelock.vcloud.zone01.compute.BluelockVCloudZone01TemplateBuilderLiveTest)
[TestNG] Test testTemplateBuilderCannotFind(org.jclouds.bluelock.vcloud.zone01.compute.BluelockVCloudZone01TemplateBuilderLiveTest) failed.
Test suite progress: tests succeeded: 12, failed: 30, skipped: 11.
Starting test testTemplateBuilderCannotFind(org.jclouds.bluelock.vcloud.zone01.compute.BluelockVCloudZone01TemplateBuilderLiveTest)
[TestNG] Test testTemplateBuilderCannotFind(org.jclouds.bluelock.vcloud.zone01.compute.BluelockVCloudZone01TemplateBuilderLiveTest) failed.
Test suite progress: tests succeeded: 12, failed: 31, skipped: 11.
Starting test testTemplateBuilderCannotFind(org.jclouds.bluelock.vcloud.zone01.compute.BluelockVCloudZone01TemplateBuilderLiveTest)
[TestNG] Test testTemplateBuilderCannotFind(org.jclouds.bluelock.vcloud.zone01.compute.BluelockVCloudZone01TemplateBuilderLiveTest) failed.
Test suite progress: tests succeeded: 12, failed: 32, skipped: 11.
Starting test testTemplateBuilderCannotFind(org.jclouds.bluelock.vcloud.zone01.compute.BluelockVCloudZone01TemplateBuilderLiveTest)
[TestNG] Test testTemplateBuilderCannotFind(org.jclouds.bluelock.vcloud.zone01.compute.BluelockVCloudZone01TemplateBuilderLiveTest) failed.
Test suite progress: tests succeeded: 12, failed: 33, skipped: 11.
Starting test testTemplateBuilderCannotFind(org.jclouds.bluelock.vcloud.zone01.compute.BluelockVCloudZone01TemplateBuilderLiveTest)
[TestNG] Test testTemplateBuilderCannotFind(org.jclouds.bluelock.vcloud.zone01.compute.BluelockVCloudZone01TemplateBuilderLiveTest) failed.
Test suite progress: tests succeeded: 12, failed: 34, skipped: 11.
Starting test testTemplateBuilderCannotFind(org.jclouds.bluelock.vcloud.zone01.compute.BluelockVCloudZone01TemplateBuilderLiveTest)
[TestNG] Test testTemplateBuilderCannotFind(org.jclouds.bluelock.vcloud.zone01.compute.BluelockVCloudZone01TemplateBuilderLiveTest) failed.
Test suite progress: tests succeeded: 12, failed: 35, skipped: 11.
Starting test testTemplateBuilderCannotFind(org.jclouds.bluelock.vcloud.zone01.compute.BluelockVCloudZone01TemplateBuilderLiveTest)
[TestNG] Test testTemplateBuilderCannotFind(org.jclouds.bluelock.vcloud.zone01.compute.BluelockVCloudZone01TemplateBuilderLiveTest) failed.
Test suite progress: tests succeeded: 12, failed: 36, skipped: 11.
Starting test testTemplateBuilderCannotFind(org.jclouds.bluelock.vcloud.zone01.compute.BluelockVCloudZone01TemplateBuilderLiveTest)
[TestNG] Test testTemplateBuilderCannotFind(org.jclouds.bluelock.vcloud.zone01.compute.BluelockVCloudZone01TemplateBuilderLiveTest) failed.
Test suite progress: tests succeeded: 12, failed: 37, skipped: 11.
Starting test testTemplateBuilderCannotFind(org.jclouds.bluelock.vcloud.zone01.compute.BluelockVCloudZone01TemplateBuilderLiveTest)
[TestNG] Test testTemplateBuilderCannotFind(org.jclouds.bluelock.vcloud.zone01.compute.BluelockVCloudZone01TemplateBuilderLiveTest) failed.
Test suite progress: tests succeeded: 12, failed: 38, skipped: 11.
Starting test testTemplateBuilderCannotFind(org.jclouds.bluelock.vcloud.zone01.compute.BluelockVCloudZone01TemplateBuilderLiveTest)
[TestNG] Test testTemplateBuilderCannotFind(org.jclouds.bluelock.vcloud.zone01.compute.BluelockVCloudZone01TemplateBuilderLiveTest) failed.
Test suite progress: tests succeeded: 12, failed: 39, skipped: 11.
Starting test testTemplateBuilderCannotFind(org.jclouds.bluelock.vcloud.zone01.compute.BluelockVCloudZone01TemplateBuilderLiveTest)
[TestNG] Test testTemplateBuilderCannotFind(org.jclouds.bluelock.vcloud.zone01.compute.BluelockVCloudZone01TemplateBuilderLiveTest) failed.
Test suite progress: tests succeeded: 12, failed: 40, skipped: 11.
Starting test testTemplateBuilderCannotFind(org.jclouds.bluelock.vcloud.zone01.compute.BluelockVCloudZone01TemplateBuilderLiveTest)
[TestNG] Test testTemplateBuilderCannotFind(org.jclouds.bluelock.vcloud.zone01.compute.BluelockVCloudZone01TemplateBuilderLiveTest) failed.
Test suite progress: tests succeeded: 12, failed: 41, skipped: 11.
Starting test testTemplateBuilderCannotFind(org.jclouds.bluelock.vcloud.zone01.compute.BluelockVCloudZone01TemplateBuilderLiveTest)
[TestNG] Test testTemplateBuilderCannotFind(org.jclouds.bluelock.vcloud.zone01.compute.BluelockVCloudZone01TemplateBuilderLiveTest) failed.
Test suite progress: tests succeeded: 12, failed: 42, skipped: 11.
Starting test testTemplateBuilderCannotFind(org.jclouds.bluelock.vcloud.zone01.compute.BluelockVCloudZone01TemplateBuilderLiveTest)
[TestNG] Test testTemplateBuilderCannotFind(org.jclouds.bluelock.vcloud.zone01.compute.BluelockVCloudZone01TemplateBuilderLiveTest) failed.
Test suite progress: tests succeeded: 12, failed: 43, skipped: 11.
Starting test testTemplateBuilderCannotFind(org.jclouds.bluelock.vcloud.zone01.compute.BluelockVCloudZone01TemplateBuilderLiveTest)
[TestNG] Test testTemplateBuilderCannotFind(org.jclouds.bluelock.vcloud.zone01.compute.BluelockVCloudZone01TemplateBuilderLiveTest) failed.
Test suite progress: tests succeeded: 12, failed: 44, skipped: 11.
Starting test testTemplateBuilderCannotFind(org.jclouds.bluelock.vcloud.zone01.compute.BluelockVCloudZone01TemplateBuilderLiveTest)
[TestNG] Test testTemplateBuilderCannotFind(org.jclouds.bluelock.vcloud.zone01.compute.BluelockVCloudZone01TemplateBuilderLiveTest) failed.
Test suite progress: tests succeeded: 12, failed: 45, skipped: 11.
Starting test testTemplateBuilderCannotFind(org.jclouds.bluelock.vcloud.zone01.compute.BluelockVCloudZone01TemplateBuilderLiveTest)
[TestNG] Test testTemplateBuilderCannotFind(org.jclouds.bluelock.vcloud.zone01.compute.BluelockVCloudZone01TemplateBuilderLiveTest) failed.
Test suite progress: tests succeeded: 12, failed: 46, skipped: 11.
Starting test testTemplateBuilderCannotFind(org.jclouds.bluelock.vcloud.zone01.compute.BluelockVCloudZone01TemplateBuilderLiveTest)
[TestNG] Test testTemplateBuilderCannotFind(org.jclouds.bluelock.vcloud.zone01.compute.BluelockVCloudZone01TemplateBuilderLiveTest) failed.
Test suite progress: tests succeeded: 12, failed: 47, skipped: 11.
Starting test testTemplateBuilderCannotFind(org.jclouds.bluelock.vcloud.zone01.compute.BluelockVCloudZone01TemplateBuilderLiveTest)
[TestNG] Test testTemplateBuilderCannotFind(org.jclouds.bluelock.vcloud.zone01.compute.BluelockVCloudZone01TemplateBuilderLiveTest) failed.
Test suite progress: tests succeeded: 12, failed: 48, skipped: 11.
Starting test testTemplateBuilderCannotFind(org.jclouds.bluelock.vcloud.zone01.compute.BluelockVCloudZone01TemplateBuilderLiveTest)
[TestNG] Test testTemplateBuilderCannotFind(org.jclouds.bluelock.vcloud.zone01.compute.BluelockVCloudZone01TemplateBuilderLiveTest) failed.
Test suite progress: tests succeeded: 12, failed: 49, skipped: 11.
Starting test testTemplateBuilderCannotFind(org.jclouds.bluelock.vcloud.zone01.compute.BluelockVCloudZone01TemplateBuilderLiveTest)
[TestNG] Test testTemplateBuilderCannotFind(org.jclouds.bluelock.vcloud.zone01.compute.BluelockVCloudZone01TemplateBuilderLiveTest) failed.
Test suite progress: tests succeeded: 12, failed: 50, skipped: 11.
Starting test testTemplateBuilderCannotFind(org.jclouds.bluelock.vcloud.zone01.compute.BluelockVCloudZone01TemplateBuilderLiveTest)
[TestNG] Test testTemplateBuilderCannotFind(org.jclouds.bluelock.vcloud.zone01.compute.BluelockVCloudZone01TemplateBuilderLiveTest) failed.
Test suite progress: tests succeeded: 12, failed: 51, skipped: 11.
Starting test testTemplateBuilderCannotFind(org.jclouds.bluelock.vcloud.zone01.compute.BluelockVCloudZone01TemplateBuilderLiveTest)
[TestNG] Test testTemplateBuilderCannotFind(org.jclouds.bluelock.vcloud.zone01.compute.BluelockVCloudZone01TemplateBuilderLiveTest) failed.
Test suite progress: tests succeeded: 12, failed: 52, skipped: 11.
Starting test testTemplateBuilderCannotFind(org.jclouds.bluelock.vcloud.zone01.compute.BluelockVCloudZone01TemplateBuilderLiveTest)
[TestNG] Test testTemplateBuilderCannotFind(org.jclouds.bluelock.vcloud.zone01.compute.BluelockVCloudZone01TemplateBuilderLiveTest) failed.
Test suite progress: tests succeeded: 12, failed: 53, skipped: 11.
Starting test testTemplateBuilderCannotFind(org.jclouds.bluelock.vcloud.zone01.compute.BluelockVCloudZone01TemplateBuilderLiveTest)
[TestNG] Test testTemplateBuilderCannotFind(org.jclouds.bluelock.vcloud.zone01.compute.BluelockVCloudZone01TemplateBuilderLiveTest) failed.
Test suite progress: tests succeeded: 12, failed: 54, skipped: 11.
Starting test testTemplateBuilderCannotFind(org.jclouds.bluelock.vcloud.zone01.compute.BluelockVCloudZone01TemplateBuilderLiveTest)
[TestNG] Test testTemplateBuilderCannotFind(org.jclouds.bluelock.vcloud.zone01.compute.BluelockVCloudZone01TemplateBuilderLiveTest) failed.
Test suite progress: tests succeeded: 12, failed: 55, skipped: 11.
Starting test testTemplateBuilderCannotFind(org.jclouds.bluelock.vcloud.zone01.compute.BluelockVCloudZone01TemplateBuilderLiveTest)
[TestNG] Test testTemplateBuilderCannotFind(org.jclouds.bluelock.vcloud.zone01.compute.BluelockVCloudZone01TemplateBuilderLiveTest) failed.
Test suite progress: tests succeeded: 12, failed: 56, skipped: 11.
Starting test testTemplateBuilderCannotFind(org.jclouds.bluelock.vcloud.zone01.compute.BluelockVCloudZone01TemplateBuilderLiveTest)
[TestNG] Test testTemplateBuilderCannotFind(org.jclouds.bluelock.vcloud.zone01.compute.BluelockVCloudZone01TemplateBuilderLiveTest) failed.
Test suite progress: tests succeeded: 12, failed: 57, skipped: 11.
Starting test testTemplateBuilderCannotFind(org.jclouds.bluelock.vcloud.zone01.compute.BluelockVCloudZone01TemplateBuilderLiveTest)
[TestNG] Test testTemplateBuilderCannotFind(org.jclouds.bluelock.vcloud.zone01.compute.BluelockVCloudZone01TemplateBuilderLiveTest) failed.
Test suite progress: tests succeeded: 12, failed: 58, skipped: 11.
Starting test testTemplateBuilderCannotFind(org.jclouds.bluelock.vcloud.zone01.compute.BluelockVCloudZone01TemplateBuilderLiveTest)
[TestNG] Test testTemplateBuilderCannotFind(org.jclouds.bluelock.vcloud.zone01.compute.BluelockVCloudZone01TemplateBuilderLiveTest) failed.
Test suite progress: tests succeeded: 12, failed: 59, skipped: 11.
Starting test testTemplateBuilderCannotFind(org.jclouds.bluelock.vcloud.zone01.compute.BluelockVCloudZone01TemplateBuilderLiveTest)
[TestNG] Test testTemplateBuilderCannotFind(org.jclouds.bluelock.vcloud.zone01.compute.BluelockVCloudZone01TemplateBuilderLiveTest) failed.
Test suite progress: tests succeeded: 12, failed: 60, skipped: 11.
Starting test testTemplateBuilderCannotFind(org.jclouds.bluelock.vcloud.zone01.compute.BluelockVCloudZone01TemplateBuilderLiveTest)
[TestNG] Test testTemplateBuilderCannotFind(org.jclouds.bluelock.vcloud.zone01.compute.BluelockVCloudZone01TemplateBuilderLiveTest) failed.
Test suite progress: tests succeeded: 12, failed: 61, skipped: 11.
Starting test testTemplateBuilderCannotFind(org.jclouds.bluelock.vcloud.zone01.compute.BluelockVCloudZone01TemplateBuilderLiveTest)
[TestNG] Test testTemplateBuilderCannotFind(org.jclouds.bluelock.vcloud.zone01.compute.BluelockVCloudZone01TemplateBuilderLiveTest) failed.
Test suite progress: tests succeeded: 12, failed: 62, skipped: 11.
Starting test testTemplateBuilderCannotFind(org.jclouds.bluelock.vcloud.zone01.compute.BluelockVCloudZone01TemplateBuilderLiveTest)
[TestNG] Test testTemplateBuilderCannotFind(org.jclouds.bluelock.vcloud.zone01.compute.BluelockVCloudZone01TemplateBuilderLiveTest) failed.
Test suite progress: tests succeeded: 12, failed: 63, skipped: 11.
Starting test testTemplateBuilderCannotFind(org.jclouds.bluelock.vcloud.zone01.compute.BluelockVCloudZone01TemplateBuilderLiveTest)
[TestNG] Test testTemplateBuilderCannotFind(org.jclouds.bluelock.vcloud.zone01.compute.BluelockVCloudZone01TemplateBuilderLiveTest) failed.
Test suite progress: tests succeeded: 12, failed: 64, skipped: 11.
Starting test testTemplateBuilderCannotFind(org.jclouds.bluelock.vcloud.zone01.compute.BluelockVCloudZone01TemplateBuilderLiveTest)
[TestNG] Test testTemplateBuilderCannotFind(org.jclouds.bluelock.vcloud.zone01.compute.BluelockVCloudZone01TemplateBuilderLiveTest) failed.
Test suite progress: tests succeeded: 12, failed: 65, skipped: 11.
Starting test testTemplateBuilderCannotFind(org.jclouds.bluelock.vcloud.zone01.compute.BluelockVCloudZone01TemplateBuilderLiveTest)
[TestNG] Test testTemplateBuilderCannotFind(org.jclouds.bluelock.vcloud.zone01.compute.BluelockVCloudZone01TemplateBuilderLiveTest) failed.
Test suite progress: tests succeeded: 12, failed: 66, skipped: 11.
Starting test testTemplateBuilderCannotFind(org.jclouds.bluelock.vcloud.zone01.compute.BluelockVCloudZone01TemplateBuilderLiveTest)
[TestNG] Test testTemplateBuilderCannotFind(org.jclouds.bluelock.vcloud.zone01.compute.BluelockVCloudZone01TemplateBuilderLiveTest) failed.
Test suite progress: tests succeeded: 12, failed: 67, skipped: 11.
Starting test testTemplateBuilderCannotFind(org.jclouds.bluelock.vcloud.zone01.compute.BluelockVCloudZone01TemplateBuilderLiveTest)
[TestNG] Test testTemplateBuilderCannotFind(org.jclouds.bluelock.vcloud.zone01.compute.BluelockVCloudZone01TemplateBuilderLiveTest) failed.
Test suite progress: tests succeeded: 12, failed: 68, skipped: 11.
Starting test testTemplateBuilderCannotFind(org.jclouds.bluelock.vcloud.zone01.compute.BluelockVCloudZone01TemplateBuilderLiveTest)
[TestNG] Test testTemplateBuilderCannotFind(org.jclouds.bluelock.vcloud.zone01.compute.BluelockVCloudZone01TemplateBuilderLiveTest) failed.
Test suite progress: tests succeeded: 12, failed: 69, skipped: 11.
Starting test testTemplateBuilderCannotFind(org.jclouds.bluelock.vcloud.zone01.compute.BluelockVCloudZone01TemplateBuilderLiveTest)
[TestNG] Test testTemplateBuilderCannotFind(org.jclouds.bluelock.vcloud.zone01.compute.BluelockVCloudZone01TemplateBuilderLiveTest) failed.
Test suite progress: tests succeeded: 12, failed: 70, skipped: 11.
Starting test testTemplateBuilderCannotFind(org.jclouds.bluelock.vcloud.zone01.compute.BluelockVCloudZone01TemplateBuilderLiveTest)
[TestNG] Test testTemplateBuilderCannotFind(org.jclouds.bluelock.vcloud.zone01.compute.BluelockVCloudZone01TemplateBuilderLiveTest) failed.
Test suite progress: tests succeeded: 12, failed: 71, skipped: 11.
Starting test testTemplateBuilderCannotFind(org.jclouds.bluelock.vcloud.zone01.compute.BluelockVCloudZone01TemplateBuilderLiveTest)
[TestNG] Test testTemplateBuilderCannotFind(org.jclouds.bluelock.vcloud.zone01.compute.BluelockVCloudZone01TemplateBuilderLiveTest) failed.
Test suite progress: tests succeeded: 12, failed: 72, skipped: 11.
Starting test testTemplateBuilderCannotFind(org.jclouds.bluelock.vcloud.zone01.compute.BluelockVCloudZone01TemplateBuilderLiveTest)
[TestNG] Test testTemplateBuilderCannotFind(org.jclouds.bluelock.vcloud.zone01.compute.BluelockVCloudZone01TemplateBuilderLiveTest) failed.
Test suite progress: tests succeeded: 12, failed: 73, skipped: 11.
Starting test testTemplateBuilderCannotFind(org.jclouds.bluelock.vcloud.zone01.compute.BluelockVCloudZone01TemplateBuilderLiveTest)
[TestNG] Test testTemplateBuilderCannotFind(org.jclouds.bluelock.vcloud.zone01.compute.BluelockVCloudZone01TemplateBuilderLiveTest) failed.
Test suite progress: tests succeeded: 12, failed: 74, skipped: 11.
Starting test testTemplateBuilderCannotFind(org.jclouds.bluelock.vcloud.zone01.compute.BluelockVCloudZone01TemplateBuilderLiveTest)
[TestNG] Test testTemplateBuilderCannotFind(org.jclouds.bluelock.vcloud.zone01.compute.BluelockVCloudZone01TemplateBuilderLiveTest) failed.
Test suite progress: tests succeeded: 12, failed: 75, skipped: 11.
Starting test testTemplateBuilderCannotFind(org.jclouds.bluelock.vcloud.zone01.compute.BluelockVCloudZone01TemplateBuilderLiveTest)
[TestNG] Test testTemplateBuilderCannotFind(org.jclouds.bluelock.vcloud.zone01.compute.BluelockVCloudZone01TemplateBuilderLiveTest) failed.
Test suite progress: tests succeeded: 12, failed: 76, skipped: 11.
Starting test testTemplateBuilderCannotFind(org.jclouds.bluelock.vcloud.zone01.compute.BluelockVCloudZone01TemplateBuilderLiveTest)
[TestNG] Test testTemplateBuilderCannotFind(org.jclouds.bluelock.vcloud.zone01.compute.BluelockVCloudZone01TemplateBuilderLiveTest) failed.
Test suite progress: tests succeeded: 12, failed: 77, skipped: 11.
Starting test testTemplateBuilderCannotFind(org.jclouds.bluelock.vcloud.zone01.compute.BluelockVCloudZone01TemplateBuilderLiveTest)
[TestNG] Test testTemplateBuilderCannotFind(org.jclouds.bluelock.vcloud.zone01.compute.BluelockVCloudZone01TemplateBuilderLiveTest) failed.
Test suite progress: tests succeeded: 12, failed: 78, skipped: 11.
Starting test testTemplateBuilderCannotFind(org.jclouds.bluelock.vcloud.zone01.compute.BluelockVCloudZone01TemplateBuilderLiveTest)
[TestNG] Test testTemplateBuilderCannotFind(org.jclouds.bluelock.vcloud.zone01.compute.BluelockVCloudZone01TemplateBuilderLiveTest) failed.
Test suite progress: tests succeeded: 12, failed: 79, skipped: 11.
Starting test testTemplateBuilderCannotFind(org.jclouds.bluelock.vcloud.zone01.compute.BluelockVCloudZone01TemplateBuilderLiveTest)
[TestNG] Test testTemplateBuilderCannotFind(org.jclouds.bluelock.vcloud.zone01.compute.BluelockVCloudZone01TemplateBuilderLiveTest) failed.
Test suite progress: tests succeeded: 12, failed: 80, skipped: 11.
Starting test testTemplateBuilderCannotFind(org.jclouds.bluelock.vcloud.zone01.compute.BluelockVCloudZone01TemplateBuilderLiveTest)
[TestNG] Test testTemplateBuilderCannotFind(org.jclouds.bluelock.vcloud.zone01.compute.BluelockVCloudZone01TemplateBuilderLiveTest) failed.
Test suite progress: tests succeeded: 12, failed: 81, skipped: 11.
Starting test testTemplateBuilderCannotFind(org.jclouds.bluelock.vcloud.zone01.compute.BluelockVCloudZone01TemplateBuilderLiveTest)
[TestNG] Test testTemplateBuilderCannotFind(org.jclouds.bluelock.vcloud.zone01.compute.BluelockVCloudZone01TemplateBuilderLiveTest) failed.
Test suite progress: tests succeeded: 12, failed: 82, skipped: 11.
Starting test testTemplateBuilderCannotFind(org.jclouds.bluelock.vcloud.zone01.compute.BluelockVCloudZone01TemplateBuilderLiveTest)
[TestNG] Test testTemplateBuilderCannotFind(org.jclouds.bluelock.vcloud.zone01.compute.BluelockVCloudZone01TemplateBuilderLiveTest) failed.
Test suite progress: tests succeeded: 12, failed: 83, skipped: 11.
Starting test testTemplateBuilderCannotFind(org.jclouds.bluelock.vcloud.zone01.compute.BluelockVCloudZone01TemplateBuilderLiveTest)
[TestNG] Test testTemplateBuilderCannotFind(org.jclouds.bluelock.vcloud.zone01.compute.BluelockVCloudZone01TemplateBuilderLiveTest) failed.
Test suite progress: tests succeeded: 12, failed: 84, skipped: 11.
Starting test testTemplateBuilderCannotFind(org.jclouds.bluelock.vcloud.zone01.compute.BluelockVCloudZone01TemplateBuilderLiveTest)
[TestNG] Test testTemplateBuilderCannotFind(org.jclouds.bluelock.vcloud.zone01.compute.BluelockVCloudZone01TemplateBuilderLiveTest) failed.
Test suite progress: tests succeeded: 12, failed: 85, skipped: 11.
Starting test testTemplateBuilderCannotFind(org.jclouds.bluelock.vcloud.zone01.compute.BluelockVCloudZone01TemplateBuilderLiveTest)
[TestNG] Test testTemplateBuilderCannotFind(org.jclouds.bluelock.vcloud.zone01.compute.BluelockVCloudZone01TemplateBuilderLiveTest) failed.
Test suite progress: tests succeeded: 12, failed: 86, skipped: 11.
Starting test testTemplateBuilderCannotFind(org.jclouds.bluelock.vcloud.zone01.compute.BluelockVCloudZone01TemplateBuilderLiveTest)
[TestNG] Test testTemplateBuilderCannotFind(org.jclouds.bluelock.vcloud.zone01.compute.BluelockVCloudZone01TemplateBuilderLiveTest) failed.
Test suite progress: tests succeeded: 12, failed: 87, skipped: 11.
Starting test testTemplateBuilderCannotFind(org.jclouds.bluelock.vcloud.zone01.compute.BluelockVCloudZone01TemplateBuilderLiveTest)
[TestNG] Test testTemplateBuilderCannotFind(org.jclouds.bluelock.vcloud.zone01.compute.BluelockVCloudZone01TemplateBuilderLiveTest) failed.
Test suite progress: tests succeeded: 12, failed: 88, skipped: 11.
Starting test testTemplateBuilderCannotFind(org.jclouds.bluelock.vcloud.zone01.compute.BluelockVCloudZone01TemplateBuilderLiveTest)
[TestNG] Test testTemplateBuilderCannotFind(org.jclouds.bluelock.vcloud.zone01.compute.BluelockVCloudZone01TemplateBuilderLiveTest) failed.
Test suite progress: tests succeeded: 12, failed: 89, skipped: 11.
Starting test testTemplateBuilderCannotFind(org.jclouds.bluelock.vcloud.zone01.compute.BluelockVCloudZone01TemplateBuilderLiveTest)
[TestNG] Test testTemplateBuilderCannotFind(org.jclouds.bluelock.vcloud.zone01.compute.BluelockVCloudZone01TemplateBuilderLiveTest) failed.
Test suite progress: tests succeeded: 12, failed: 90, skipped: 11.
Starting test testTemplateBuilderCannotFind(org.jclouds.bluelock.vcloud.zone01.compute.BluelockVCloudZone01TemplateBuilderLiveTest)
[TestNG] Test testTemplateBuilderCannotFind(org.jclouds.bluelock.vcloud.zone01.compute.BluelockVCloudZone01TemplateBuilderLiveTest) failed.
Test suite progress: tests succeeded: 12, failed: 91, skipped: 11.
Starting test testTemplateBuilderCannotFind(org.jclouds.bluelock.vcloud.zone01.compute.BluelockVCloudZone01TemplateBuilderLiveTest)
[TestNG] Test testTemplateBuilderCannotFind(org.jclouds.bluelock.vcloud.zone01.compute.BluelockVCloudZone01TemplateBuilderLiveTest) failed.
Test suite progress: tests succeeded: 12, failed: 92, skipped: 11.
Starting test testTemplateBuilderCannotFind(org.jclouds.bluelock.vcloud.zone01.compute.BluelockVCloudZone01TemplateBuilderLiveTest)
[TestNG] Test testTemplateBuilderCannotFind(org.jclouds.bluelock.vcloud.zone01.compute.BluelockVCloudZone01TemplateBuilderLiveTest) failed.
Test suite progress: tests succeeded: 12, failed: 93, skipped: 11.
Starting test testTemplateBuilderCannotFind(org.jclouds.bluelock.vcloud.zone01.compute.BluelockVCloudZone01TemplateBuilderLiveTest)
[TestNG] Test testTemplateBuilderCannotFind(org.jclouds.bluelock.vcloud.zone01.compute.BluelockVCloudZone01TemplateBuilderLiveTest) failed.
Test suite progress: tests succeeded: 12, failed: 94, skipped: 11.
Starting test testTemplateBuilderCannotFind(org.jclouds.bluelock.vcloud.zone01.compute.BluelockVCloudZone01TemplateBuilderLiveTest)
[TestNG] Test testTemplateBuilderCannotFind(org.jclouds.bluelock.vcloud.zone01.compute.BluelockVCloudZone01TemplateBuilderLiveTest) failed.
Test suite progress: tests succeeded: 12, failed: 95, skipped: 11.
Starting test testTemplateBuilderCannotFind(org.jclouds.bluelock.vcloud.zone01.compute.BluelockVCloudZone01TemplateBuilderLiveTest)
[TestNG] Test testTemplateBuilderCannotFind(org.jclouds.bluelock.vcloud.zone01.compute.BluelockVCloudZone01TemplateBuilderLiveTest) failed.
Test suite progress: tests succeeded: 12, failed: 96, skipped: 11.
Starting test testTemplateBuilderCannotFind(org.jclouds.bluelock.vcloud.zone01.compute.BluelockVCloudZone01TemplateBuilderLiveTest)
[TestNG] Test testTemplateBuilderCannotFind(org.jclouds.bluelock.vcloud.zone01.compute.BluelockVCloudZone01TemplateBuilderLiveTest) failed.
Test suite progress: tests succeeded: 12, failed: 97, skipped: 11.
Starting test testTemplateBuilderWithImageIdSpecified(org.jclouds.bluelock.vcloud.zone01.compute.BluelockVCloudZone01TemplateBuilderLiveTest)
[TestNG] Test testTemplateBuilderWithImageIdSpecified(org.jclouds.bluelock.vcloud.zone01.compute.BluelockVCloudZone01TemplateBuilderLiveTest) failed.
Test suite progress: tests succeeded: 12, failed: 98, skipped: 11.
Starting test testTemplateBuilderWithLoginUserSpecified(org.jclouds.bluelock.vcloud.zone01.compute.BluelockVCloudZone01TemplateBuilderLiveTest)
Apr 23, 2012 9:13:51 PM org.jclouds.logging.jdk.JDKLogger logError
SEVERE: catalogItems in https://zone01.bluelock.com/api/v1.0/catalog/e9316391-51f3-4662-98a9-55b168022a80, completed: 4/8, errors: 1, rate: 102ms/op
java.lang.RuntimeException: request: GET https://zone01.bluelock.com/api/v1.0/catalogItem/4ea24a83-9d01-4899-96c5-cc547d8210b5 HTTP/1.1; response: HTTP/1.1 200 OK; cause: java.lang.RuntimeException: request: GET https://zone01.bluelock.com/api/v1.0/catalogItem/4ea24a83-9d01-4899-96c5-cc547d8210b5 HTTP/1.1; cause: java.lang.NullPointerException
	at org.jclouds.http.functions.ParseSax.addDetailsAndPropagate(ParseSax.java:174)
	at org.jclouds.http.functions.ParseSax.addDetailsAndPropagate(ParseSax.java:146)
	at org.jclouds.http.functions.ParseSax.apply(ParseSax.java:88)
	at org.jclouds.http.functions.ParseSax.apply(ParseSax.java:54)
	at com.google.common.util.concurrent.Futures$3.apply(Futures.java:380)
	at com.google.common.util.concurrent.Futures$ChainingListenableFuture.run(Futures.java:522)
	at java.util.concurrent.ThreadPoolExecutor$Worker.runTask(ThreadPoolExecutor.java:886)
	at java.util.concurrent.ThreadPoolExecutor$Worker.run(ThreadPoolExecutor.java:908)
	at java.lang.Thread.run(Thread.java:680)
Caused by: java.lang.RuntimeException: request: GET https://zone01.bluelock.com/api/v1.0/catalogItem/4ea24a83-9d01-4899-96c5-cc547d8210b5 HTTP/1.1; cause: java.lang.NullPointerException
	at org.jclouds.http.functions.ParseSax.addDetailsAndPropagate(ParseSax.java:174)
	at org.jclouds.http.functions.ParseSax.addDetailsAndPropagate(ParseSax.java:146)
	at org.jclouds.http.functions.ParseSax.parse(ParseSax.java:132)
	at org.jclouds.http.functions.ParseSax.apply(ParseSax.java:86)
	... 6 more
Caused by: java.lang.NullPointerException
	at org.jclouds.vcloud.xml.CatalogItemHandler.getResult(CatalogItemHandler.java:50)
	at org.jclouds.vcloud.xml.CatalogItemHandler.getResult(CatalogItemHandler.java:39)
	at org.jclouds.http.functions.ParseSax.doParse(ParseSax.java:142)
	at org.jclouds.http.functions.ParseSax.parse(ParseSax.java:130)
	... 7 more
Apr 23, 2012 9:13:52 PM org.jclouds.logging.jdk.JDKLogger logError
SEVERE: catalogItems in https://zone01.bluelock.com/api/v1.0/catalog/e9316391-51f3-4662-98a9-55b168022a80, completed: 7/8, errors: 1, rate: 109ms/op
java.lang.RuntimeException: catalogItems in https://zone01.bluelock.com/api/v1.0/catalog/e9316391-51f3-4662-98a9-55b168022a80, completed: 7/8, errors: 1, rate: 109ms/op
	at org.jclouds.concurrent.FutureIterables.awaitCompletion(FutureIterables.java:157)
	at org.jclouds.concurrent.FutureIterables.transformParallel(FutureIterables.java:101)
	at org.jclouds.concurrent.FutureIterables.transformParallel(FutureIterables.java:86)
	at org.jclouds.vcloud.functions.AllCatalogItemsInCatalog.apply(AllCatalogItemsInCatalog.java:64)
	at org.jclouds.vcloud.functions.AllCatalogItemsInCatalog.apply(AllCatalogItemsInCatalog.java:47)
	at org.jclouds.vcloud.functions.AllCatalogItemsInOrg$1.apply(AllCatalogItemsInOrg.java:54)
	at org.jclouds.vcloud.functions.AllCatalogItemsInOrg$1.apply(AllCatalogItemsInOrg.java:51)
	at com.google.common.collect.Iterators$9.transform(Iterators.java:845)
	at com.google.common.collect.TransformedIterator.next(TransformedIterator.java:48)
	at com.google.common.collect.Iterables$3.next(Iterables.java:512)
	at com.google.common.collect.Iterables$3.next(Iterables.java:505)
	at com.google.common.collect.Iterators$6.hasNext(Iterators.java:583)
	at com.google.common.collect.Iterators$8.computeNext(Iterators.java:686)
	at com.google.common.collect.AbstractIterator.tryToComputeNext(AbstractIterator.java:143)
	at com.google.common.collect.AbstractIterator.hasNext(AbstractIterator.java:138)
	at org.jclouds.concurrent.FutureIterables.transformParallel(FutureIterables.java:97)
	at org.jclouds.concurrent.FutureIterables.transformParallel(FutureIterables.java:86)
	at org.jclouds.vcloud.functions.VAppTemplatesForCatalogItems.apply(VAppTemplatesForCatalogItems.java:82)
	at org.jclouds.vcloud.functions.VAppTemplatesForCatalogItems.apply(VAppTemplatesForCatalogItems.java:51)
	at org.jclouds.vcloud.functions.VAppTemplatesInOrg.apply(VAppTemplatesInOrg.java:57)
	at org.jclouds.vcloud.functions.VAppTemplatesInOrg.apply(VAppTemplatesInOrg.java:41)
	at org.jclouds.vcloud.suppliers.VAppTemplatesSupplier$1$1.call(VAppTemplatesSupplier.java:82)
	at org.jclouds.vcloud.suppliers.VAppTemplatesSupplier$1$1.call(VAppTemplatesSupplier.java:78)
	at java.util.concurrent.FutureTask$Sync.innerRun(FutureTask.java:303)
	at java.util.concurrent.FutureTask.run(FutureTask.java:138)
	at java.util.concurrent.ThreadPoolExecutor$Worker.runTask(ThreadPoolExecutor.java:886)
	at java.util.concurrent.ThreadPoolExecutor$Worker.run(ThreadPoolExecutor.java:908)
	at java.lang.Thread.run(Thread.java:680)
Apr 23, 2012 9:13:54 PM org.jclouds.logging.jdk.JDKLogger logError
SEVERE: images in [[href=https://zone01.bluelock.com/api/v1.0/org/d7b75404-aef4-4977-a007-03d0a21c1bc0, name=Jclouds, type=application/vnd.vmware.vcloud.org+xml, fullName=Jclouds, description=null, catalogs={public01=[href=https://zone01.bluelock.com/api/v1.0/catalog/17b2cb9b-1893-43d2-a0b0-cc0e3ae20251, name=public01, type=application/vnd.vmware.vcloud.catalog+xml], private01-Jclouds=[href=https://zone01.bluelock.com/api/v1.0/catalog/e9316391-51f3-4662-98a9-55b168022a80, name=private01-Jclouds, type=application/vnd.vmware.vcloud.catalog+xml]}, networks={internet01-Jclouds=[href=https://zone01.bluelock.com/api/v1.0/network/7161b44e-c1ae-457d-9804-8d3d689f1d32, name=internet01-Jclouds, type=application/vnd.vmware.vcloud.network+xml], isolation01-Jclouds=[href=https://zone01.bluelock.com/api/v1.0/network/f4c08477-a0b9-455e-800f-612a13a3448c, name=isolation01-Jclouds, type=application/vnd.vmware.vcloud.network+xml]}, tasksList=[href=https://zone01.bluelock.com/api/v1.0/tasksList/d7b75404-aef4-4977-a007-03d0a21c1bc0, name=null, type=application/vnd.vmware.vcloud.tasksList+xml], vdcs={Cluster01-Jclouds=[href=https://zone01.bluelock.com/api/v1.0/vdc/9db4ee77-33e7-4b83-96be-eee9925eaa9b, name=Cluster01-Jclouds, type=application/vnd.vmware.vcloud.vdc+xml]}, tasks=[]]], completed: 0/1, errors: 1, rate: 5080ms/op
java.util.concurrent.ExecutionException: java.lang.NullPointerException
	at java.util.concurrent.FutureTask$Sync.innerGet(FutureTask.java:222)
	at java.util.concurrent.FutureTask.get(FutureTask.java:83)
	at org.jclouds.concurrent.config.ExecutorServiceModule$DescribedFuture.get(ExecutorServiceModule.java:237)
	at org.jclouds.concurrent.FutureIterables$1.run(FutureIterables.java:134)
	at java.util.concurrent.ThreadPoolExecutor$Worker.runTask(ThreadPoolExecutor.java:886)
	at java.util.concurrent.ThreadPoolExecutor$Worker.run(ThreadPoolExecutor.java:908)
	at java.lang.Thread.run(Thread.java:680)
Caused by: java.lang.NullPointerException
	at com.google.common.base.Preconditions.checkNotNull(Preconditions.java:191)
	at com.google.common.collect.NaturalOrdering.compare(NaturalOrdering.java:35)
	at com.google.common.collect.NaturalOrdering.compare(NaturalOrdering.java:28)
	at java.util.Arrays.mergeSort(Arrays.java:1270)
	at java.util.Arrays.mergeSort(Arrays.java:1281)
	at java.util.Arrays.mergeSort(Arrays.java:1281)
	at java.util.Arrays.sort(Arrays.java:1210)
	at com.google.common.collect.SortedIterables.sortedUnique(SortedIterables.java:95)
	at com.google.common.collect.ImmutableSortedSet.copyOfInternal(ImmutableSortedSet.java:408)
	at com.google.common.collect.ImmutableSortedSet.copyOf(ImmutableSortedSet.java:343)
	at com.google.common.collect.ImmutableSortedSet.copyOf(ImmutableSortedSet.java:251)
	at org.jclouds.util.Iterables2.concreteCopy(Iterables2.java:37)
	at org.jclouds.vcloud.functions.VAppTemplatesForCatalogItems.apply(VAppTemplatesForCatalogItems.java:82)
	at org.jclouds.vcloud.functions.VAppTemplatesForCatalogItems.apply(VAppTemplatesForCatalogItems.java:51)
	at org.jclouds.vcloud.functions.VAppTemplatesInOrg.apply(VAppTemplatesInOrg.java:57)
	at org.jclouds.vcloud.functions.VAppTemplatesInOrg.apply(VAppTemplatesInOrg.java:41)
	at org.jclouds.vcloud.suppliers.VAppTemplatesSupplier$1$1.call(VAppTemplatesSupplier.java:82)
	at org.jclouds.vcloud.suppliers.VAppTemplatesSupplier$1$1.call(VAppTemplatesSupplier.java:78)
	at java.util.concurrent.FutureTask$Sync.innerRun(FutureTask.java:303)
	at java.util.concurrent.FutureTask.run(FutureTask.java:138)
	at java.util.concurrent.ThreadPoolExecutor$Worker.runTask(ThreadPoolExecutor.java:886)
	at java.util.concurrent.ThreadPoolExecutor$Worker.run(ThreadPoolExecutor.java:908)
	at java.lang.Thread.run(Thread.java:680)
	at org.jclouds.concurrent.config.ExecutorServiceModule$DescribingExecutorService.submit(ExecutorServiceModule.java:182)
	at org.jclouds.vcloud.suppliers.VAppTemplatesSupplier$1.apply(VAppTemplatesSupplier.java:78)
	at org.jclouds.vcloud.suppliers.VAppTemplatesSupplier$1.apply(VAppTemplatesSupplier.java:73)
	at org.jclouds.concurrent.FutureIterables.transformParallel(FutureIterables.java:98)
	at org.jclouds.concurrent.FutureIterables.transformParallel(FutureIterables.java:86)
	at org.jclouds.vcloud.suppliers.VAppTemplatesSupplier.get(VAppTemplatesSupplier.java:72)
	at org.jclouds.vcloud.suppliers.VAppTemplatesSupplier.get(VAppTemplatesSupplier.java:49)
	at org.jclouds.vcloud.compute.strategy.VCloudComputeServiceAdapter.supportedTemplates(VCloudComputeServiceAdapter.java:103)
	at org.jclouds.vcloud.compute.strategy.VCloudComputeServiceAdapter.listImages(VCloudComputeServiceAdapter.java:121)
	at org.jclouds.compute.config.ComputeServiceAdapterContextModule$2.get(ComputeServiceAdapterContextModule.java:116)
	at org.jclouds.compute.config.ComputeServiceAdapterContextModule$2.get(ComputeServiceAdapterContextModule.java:112)
	at org.jclouds.collect.TransformingSetSupplier.get(TransformingSetSupplier.java:47)
	at org.jclouds.collect.TransformingSetSupplier.get(TransformingSetSupplier.java:36)
	at org.jclouds.compute.config.BaseComputeServiceContextModule$9.get(BaseComputeServiceContextModule.java:247)
	at org.jclouds.compute.config.BaseComputeServiceContextModule$9.get(BaseComputeServiceContextModule.java:244)
	at org.jclouds.rest.suppliers.SetAndThrowAuthorizationExceptionSupplier.get(SetAndThrowAuthorizationExceptionSupplier.java:49)
	at org.jclouds.concurrent.RetryOnTimeOutExceptionSupplier.get(RetryOnTimeOutExceptionSupplier.java:47)
	at org.jclouds.util.Suppliers2$ExpiringMemoizingSupplier.get(Suppliers2.java:130)
	at org.jclouds.rest.suppliers.MemoizedRetryOnTimeOutButNotOnAuthorizationExceptionSupplier.get(MemoizedRetryOnTimeOutButNotOnAuthorizationExceptionSupplier.java:64)
	at org.jclouds.compute.domain.internal.TemplateBuilderImpl.getImages(TemplateBuilderImpl.java:737)
	at org.jclouds.compute.domain.internal.TemplateBuilderImpl.build(TemplateBuilderImpl.java:612)
	at org.jclouds.compute.domain.internal.TemplateBuilderImpl.build(TemplateBuilderImpl.java:606)
	at org.jclouds.compute.internal.BaseTemplateBuilderLiveTest.tryOverrideUsingPropertyKey(BaseTemplateBuilderLiveTest.java:274)
	at org.jclouds.compute.internal.BaseTemplateBuilderLiveTest.testTemplateBuilderWithLoginUserSpecified(BaseTemplateBuilderLiveTest.java:252)
	at sun.reflect.NativeMethodAccessorImpl.invoke0(Native Method)
	at sun.reflect.NativeMethodAccessorImpl.invoke(NativeMethodAccessorImpl.java:39)
	at sun.reflect.DelegatingMethodAccessorImpl.invoke(DelegatingMethodAccessorImpl.java:25)
	at java.lang.reflect.Method.invoke(Method.java:597)
	at org.testng.internal.MethodInvocationHelper.invokeMethod(MethodInvocationHelper.java:80)
	at org.testng.internal.Invoker.invokeMethod(Invoker.java:701)
	at org.testng.internal.Invoker.invokeTestMethod(Invoker.java:893)
	at org.testng.internal.Invoker.invokeTestMethods(Invoker.java:1218)
	at org.testng.internal.TestMethodWorker.invokeTestMethods(TestMethodWorker.java:127)
	at org.testng.internal.TestMethodWorker.run(TestMethodWorker.java:111)
	at org.testng.TestRunner.privateRun(TestRunner.java:758)
	at org.testng.TestRunner.run(TestRunner.java:613)
	at org.testng.SuiteRunner.runTest(SuiteRunner.java:334)
	at org.testng.SuiteRunner.access$000(SuiteRunner.java:37)
	at org.testng.SuiteRunner$SuiteWorker.run(SuiteRunner.java:368)
	at org.testng.internal.thread.ThreadUtil$2.call(ThreadUtil.java:64)
	at java.util.concurrent.FutureTask$Sync.innerRun(FutureTask.java:303)
	at java.util.concurrent.FutureTask.run(FutureTask.java:138)
	at java.util.concurrent.ThreadPoolExecutor$Worker.runTask(ThreadPoolExecutor.java:886)
	at java.util.concurrent.ThreadPoolExecutor$Worker.run(ThreadPoolExecutor.java:908)
	at java.lang.Thread.run(Thread.java:680)
	at org.jclouds.concurrent.config.ExecutorServiceModule$DescribingExecutorService.submit(ExecutorServiceModule.java:182)
	at org.jclouds.vcloud.suppliers.VAppTemplatesSupplier$1.apply(VAppTemplatesSupplier.java:78)
	at org.jclouds.vcloud.suppliers.VAppTemplatesSupplier$1.apply(VAppTemplatesSupplier.java:73)
	at org.jclouds.concurrent.FutureIterables.transformParallel(FutureIterables.java:98)
	at org.jclouds.concurrent.FutureIterables.transformParallel(FutureIterables.java:86)
	at org.jclouds.vcloud.suppliers.VAppTemplatesSupplier.get(VAppTemplatesSupplier.java:72)
	at org.jclouds.vcloud.suppliers.VAppTemplatesSupplier.get(VAppTemplatesSupplier.java:49)
	at org.jclouds.vcloud.compute.strategy.VCloudComputeServiceAdapter.supportedTemplates(VCloudComputeServiceAdapter.java:103)
	at org.jclouds.vcloud.compute.strategy.VCloudComputeServiceAdapter.listImages(VCloudComputeServiceAdapter.java:121)
	at org.jclouds.compute.config.ComputeServiceAdapterContextModule$2.get(ComputeServiceAdapterContextModule.java:116)
	at org.jclouds.compute.config.ComputeServiceAdapterContextModule$2.get(ComputeServiceAdapterContextModule.java:112)
	at org.jclouds.collect.TransformingSetSupplier.get(TransformingSetSupplier.java:47)
	at org.jclouds.collect.TransformingSetSupplier.get(TransformingSetSupplier.java:36)
	at org.jclouds.compute.config.BaseComputeServiceContextModule$9.get(BaseComputeServiceContextModule.java:247)
	at org.jclouds.compute.config.BaseComputeServiceContextModule$9.get(BaseComputeServiceContextModule.java:244)
	at org.jclouds.rest.suppliers.SetAndThrowAuthorizationExceptionSupplier.get(SetAndThrowAuthorizationExceptionSupplier.java:49)
	at org.jclouds.concurrent.RetryOnTimeOutExceptionSupplier.get(RetryOnTimeOutExceptionSupplier.java:47)
	at org.jclouds.util.Suppliers2$ExpiringMemoizingSupplier.get(Suppliers2.java:130)
	at org.jclouds.rest.suppliers.MemoizedRetryOnTimeOutButNotOnAuthorizationExceptionSupplier.get(MemoizedRetryOnTimeOutButNotOnAuthorizationExceptionSupplier.java:64)
	at org.jclouds.compute.domain.internal.TemplateBuilderImpl.getImages(TemplateBuilderImpl.java:737)
	at org.jclouds.compute.domain.internal.TemplateBuilderImpl.build(TemplateBuilderImpl.java:612)
	at org.jclouds.compute.domain.internal.TemplateBuilderImpl.build(TemplateBuilderImpl.java:606)
	at org.jclouds.compute.internal.BaseTemplateBuilderLiveTest.tryOverrideUsingPropertyKey(BaseTemplateBuilderLiveTest.java:274)
	at org.jclouds.compute.internal.BaseTemplateBuilderLiveTest.testTemplateBuilderWithLoginUserSpecified(BaseTemplateBuilderLiveTest.java:252)
	at sun.reflect.NativeMethodAccessorImpl.invoke0(Native Method)
	at sun.reflect.NativeMethodAccessorImpl.invoke(NativeMethodAccessorImpl.java:39)
	at sun.reflect.DelegatingMethodAccessorImpl.invoke(DelegatingMethodAccessorImpl.java:25)
	at java.lang.reflect.Method.invoke(Method.java:597)
	at org.testng.internal.MethodInvocationHelper.invokeMethod(MethodInvocationHelper.java:80)
	at org.testng.internal.Invoker.invokeMethod(Invoker.java:701)
	at org.testng.internal.Invoker.invokeTestMethod(Invoker.java:893)
	at org.testng.internal.Invoker.invokeTestMethods(Invoker.java:1218)
	at org.testng.internal.TestMethodWorker.invokeTestMethods(TestMethodWorker.java:127)
	at org.testng.internal.TestMethodWorker.run(TestMethodWorker.java:111)
	at org.testng.TestRunner.privateRun(TestRunner.java:758)
	at org.testng.TestRunner.run(TestRunner.java:613)
	at org.testng.SuiteRunner.runTest(SuiteRunner.java:334)
	at org.testng.SuiteRunner.access$000(SuiteRunner.java:37)
	at org.testng.SuiteRunner$SuiteWorker.run(SuiteRunner.java:368)
	at org.testng.internal.thread.ThreadUtil$2.call(ThreadUtil.java:64)
	at java.util.concurrent.FutureTask$Sync.innerRun(FutureTask.java:303)
	at java.util.concurrent.FutureTask.run(FutureTask.java:138)
	... 3 more
Apr 23, 2012 9:13:54 PM org.jclouds.logging.jdk.JDKLogger logError
SEVERE: images in [[href=https://zone01.bluelock.com/api/v1.0/org/d7b75404-aef4-4977-a007-03d0a21c1bc0, name=Jclouds, type=application/vnd.vmware.vcloud.org+xml, fullName=Jclouds, description=null, catalogs={public01=[href=https://zone01.bluelock.com/api/v1.0/catalog/17b2cb9b-1893-43d2-a0b0-cc0e3ae20251, name=public01, type=application/vnd.vmware.vcloud.catalog+xml], private01-Jclouds=[href=https://zone01.bluelock.com/api/v1.0/catalog/e9316391-51f3-4662-98a9-55b168022a80, name=private01-Jclouds, type=application/vnd.vmware.vcloud.catalog+xml]}, networks={internet01-Jclouds=[href=https://zone01.bluelock.com/api/v1.0/network/7161b44e-c1ae-457d-9804-8d3d689f1d32, name=internet01-Jclouds, type=application/vnd.vmware.vcloud.network+xml], isolation01-Jclouds=[href=https://zone01.bluelock.com/api/v1.0/network/f4c08477-a0b9-455e-800f-612a13a3448c, name=isolation01-Jclouds, type=application/vnd.vmware.vcloud.network+xml]}, tasksList=[href=https://zone01.bluelock.com/api/v1.0/tasksList/d7b75404-aef4-4977-a007-03d0a21c1bc0, name=null, type=application/vnd.vmware.vcloud.tasksList+xml], vdcs={Cluster01-Jclouds=[href=https://zone01.bluelock.com/api/v1.0/vdc/9db4ee77-33e7-4b83-96be-eee9925eaa9b, name=Cluster01-Jclouds, type=application/vnd.vmware.vcloud.vdc+xml]}, tasks=[]]], completed: 0/1, errors: 1, rate: 5081ms/op
java.lang.RuntimeException: images in [[href=https://zone01.bluelock.com/api/v1.0/org/d7b75404-aef4-4977-a007-03d0a21c1bc0, name=Jclouds, type=application/vnd.vmware.vcloud.org+xml, fullName=Jclouds, description=null, catalogs={public01=[href=https://zone01.bluelock.com/api/v1.0/catalog/17b2cb9b-1893-43d2-a0b0-cc0e3ae20251, name=public01, type=application/vnd.vmware.vcloud.catalog+xml], private01-Jclouds=[href=https://zone01.bluelock.com/api/v1.0/catalog/e9316391-51f3-4662-98a9-55b168022a80, name=private01-Jclouds, type=application/vnd.vmware.vcloud.catalog+xml]}, networks={internet01-Jclouds=[href=https://zone01.bluelock.com/api/v1.0/network/7161b44e-c1ae-457d-9804-8d3d689f1d32, name=internet01-Jclouds, type=application/vnd.vmware.vcloud.network+xml], isolation01-Jclouds=[href=https://zone01.bluelock.com/api/v1.0/network/f4c08477-a0b9-455e-800f-612a13a3448c, name=isolation01-Jclouds, type=application/vnd.vmware.vcloud.network+xml]}, tasksList=[href=https://zone01.bluelock.com/api/v1.0/tasksList/d7b75404-aef4-4977-a007-03d0a21c1bc0, name=null, type=application/vnd.vmware.vcloud.tasksList+xml], vdcs={Cluster01-Jclouds=[href=https://zone01.bluelock.com/api/v1.0/vdc/9db4ee77-33e7-4b83-96be-eee9925eaa9b, name=Cluster01-Jclouds, type=application/vnd.vmware.vcloud.vdc+xml]}, tasks=[]]], completed: 0/1, errors: 1, rate: 5081ms/op
	at org.jclouds.concurrent.FutureIterables.awaitCompletion(FutureIterables.java:157)
	at org.jclouds.concurrent.FutureIterables.transformParallel(FutureIterables.java:101)
	at org.jclouds.concurrent.FutureIterables.transformParallel(FutureIterables.java:86)
	at org.jclouds.vcloud.suppliers.VAppTemplatesSupplier.get(VAppTemplatesSupplier.java:72)
	at org.jclouds.vcloud.suppliers.VAppTemplatesSupplier.get(VAppTemplatesSupplier.java:49)
	at org.jclouds.vcloud.compute.strategy.VCloudComputeServiceAdapter.supportedTemplates(VCloudComputeServiceAdapter.java:103)
	at org.jclouds.vcloud.compute.strategy.VCloudComputeServiceAdapter.listImages(VCloudComputeServiceAdapter.java:121)
	at org.jclouds.compute.config.ComputeServiceAdapterContextModule$2.get(ComputeServiceAdapterContextModule.java:116)
	at org.jclouds.compute.config.ComputeServiceAdapterContextModule$2.get(ComputeServiceAdapterContextModule.java:112)
	at org.jclouds.collect.TransformingSetSupplier.get(TransformingSetSupplier.java:47)
	at org.jclouds.collect.TransformingSetSupplier.get(TransformingSetSupplier.java:36)
	at org.jclouds.compute.config.BaseComputeServiceContextModule$9.get(BaseComputeServiceContextModule.java:247)
	at org.jclouds.compute.config.BaseComputeServiceContextModule$9.get(BaseComputeServiceContextModule.java:244)
	at org.jclouds.rest.suppliers.SetAndThrowAuthorizationExceptionSupplier.get(SetAndThrowAuthorizationExceptionSupplier.java:49)
	at org.jclouds.concurrent.RetryOnTimeOutExceptionSupplier.get(RetryOnTimeOutExceptionSupplier.java:47)
	at org.jclouds.util.Suppliers2$ExpiringMemoizingSupplier.get(Suppliers2.java:130)
	at org.jclouds.rest.suppliers.MemoizedRetryOnTimeOutButNotOnAuthorizationExceptionSupplier.get(MemoizedRetryOnTimeOutButNotOnAuthorizationExceptionSupplier.java:64)
	at org.jclouds.compute.domain.internal.TemplateBuilderImpl.getImages(TemplateBuilderImpl.java:737)
	at org.jclouds.compute.domain.internal.TemplateBuilderImpl.build(TemplateBuilderImpl.java:612)
	at org.jclouds.compute.domain.internal.TemplateBuilderImpl.build(TemplateBuilderImpl.java:606)
	at org.jclouds.compute.internal.BaseTemplateBuilderLiveTest.tryOverrideUsingPropertyKey(BaseTemplateBuilderLiveTest.java:274)
	at org.jclouds.compute.internal.BaseTemplateBuilderLiveTest.testTemplateBuilderWithLoginUserSpecified(BaseTemplateBuilderLiveTest.java:252)
	at sun.reflect.NativeMethodAccessorImpl.invoke0(Native Method)
	at sun.reflect.NativeMethodAccessorImpl.invoke(NativeMethodAccessorImpl.java:39)
	at sun.reflect.DelegatingMethodAccessorImpl.invoke(DelegatingMethodAccessorImpl.java:25)
	at java.lang.reflect.Method.invoke(Method.java:597)
	at org.testng.internal.MethodInvocationHelper.invokeMethod(MethodInvocationHelper.java:80)
	at org.testng.internal.Invoker.invokeMethod(Invoker.java:701)
	at org.testng.internal.Invoker.invokeTestMethod(Invoker.java:893)
	at org.testng.internal.Invoker.invokeTestMethods(Invoker.java:1218)
	at org.testng.internal.TestMethodWorker.invokeTestMethods(TestMethodWorker.java:127)
	at org.testng.internal.TestMethodWorker.run(TestMethodWorker.java:111)
	at org.testng.TestRunner.privateRun(TestRunner.java:758)
	at org.testng.TestRunner.run(TestRunner.java:613)
	at org.testng.SuiteRunner.runTest(SuiteRunner.java:334)
	at org.testng.SuiteRunner.access$000(SuiteRunner.java:37)
	at org.testng.SuiteRunner$SuiteWorker.run(SuiteRunner.java:368)
	at org.testng.internal.thread.ThreadUtil$2.call(ThreadUtil.java:64)
	at java.util.concurrent.FutureTask$Sync.innerRun(FutureTask.java:303)
	at java.util.concurrent.FutureTask.run(FutureTask.java:138)
	at java.util.concurrent.ThreadPoolExecutor$Worker.runTask(ThreadPoolExecutor.java:886)
	at java.util.concurrent.ThreadPoolExecutor$Worker.run(ThreadPoolExecutor.java:908)
	at java.lang.Thread.run(Thread.java:680)
Apr 23, 2012 9:13:55 PM org.jclouds.logging.jdk.JDKLogger logError
SEVERE: catalogItems in https://zone01.bluelock.com/api/v1.0/catalog/17b2cb9b-1893-43d2-a0b0-cc0e3ae20251, completed: 4/11, errors: 1, rate: 73ms/op
java.lang.RuntimeException: request: GET https://zone01.bluelock.com/api/v1.0/catalogItem/e85df20d-c576-4d9a-94be-ec7dd5e86dbd HTTP/1.1; response: HTTP/1.1 200 OK; cause: java.lang.RuntimeException: request: GET https://zone01.bluelock.com/api/v1.0/catalogItem/e85df20d-c576-4d9a-94be-ec7dd5e86dbd HTTP/1.1; cause: java.lang.NullPointerException
	at org.jclouds.http.functions.ParseSax.addDetailsAndPropagate(ParseSax.java:174)
	at org.jclouds.http.functions.ParseSax.addDetailsAndPropagate(ParseSax.java:146)
	at org.jclouds.http.functions.ParseSax.apply(ParseSax.java:88)
	at org.jclouds.http.functions.ParseSax.apply(ParseSax.java:54)
	at com.google.common.util.concurrent.Futures$3.apply(Futures.java:380)
	at com.google.common.util.concurrent.Futures$ChainingListenableFuture.run(Futures.java:522)
	at java.util.concurrent.ThreadPoolExecutor$Worker.runTask(ThreadPoolExecutor.java:886)
	at java.util.concurrent.ThreadPoolExecutor$Worker.run(ThreadPoolExecutor.java:908)
	at java.lang.Thread.run(Thread.java:680)
Caused by: java.lang.RuntimeException: request: GET https://zone01.bluelock.com/api/v1.0/catalogItem/e85df20d-c576-4d9a-94be-ec7dd5e86dbd HTTP/1.1; cause: java.lang.NullPointerException
	at org.jclouds.http.functions.ParseSax.addDetailsAndPropagate(ParseSax.java:174)
	at org.jclouds.http.functions.ParseSax.addDetailsAndPropagate(ParseSax.java:146)
	at org.jclouds.http.functions.ParseSax.parse(ParseSax.java:132)
	at org.jclouds.http.functions.ParseSax.apply(ParseSax.java:86)
	... 6 more
Caused by: java.lang.NullPointerException
	at org.jclouds.vcloud.xml.CatalogItemHandler.getResult(CatalogItemHandler.java:50)
	at org.jclouds.vcloud.xml.CatalogItemHandler.getResult(CatalogItemHandler.java:39)
	at org.jclouds.http.functions.ParseSax.doParse(ParseSax.java:142)
	at org.jclouds.http.functions.ParseSax.parse(ParseSax.java:130)
	... 7 more
Apr 23, 2012 9:13:55 PM org.jclouds.logging.jdk.JDKLogger logError
SEVERE: catalogItems in https://zone01.bluelock.com/api/v1.0/catalog/17b2cb9b-1893-43d2-a0b0-cc0e3ae20251, completed: 10/11, errors: 1, rate: 73ms/op
java.lang.RuntimeException: catalogItems in https://zone01.bluelock.com/api/v1.0/catalog/17b2cb9b-1893-43d2-a0b0-cc0e3ae20251, completed: 10/11, errors: 1, rate: 73ms/op
	at org.jclouds.concurrent.FutureIterables.awaitCompletion(FutureIterables.java:157)
	at org.jclouds.concurrent.FutureIterables.transformParallel(FutureIterables.java:101)
	at org.jclouds.concurrent.FutureIterables.transformParallel(FutureIterables.java:86)
	at org.jclouds.vcloud.functions.AllCatalogItemsInCatalog.apply(AllCatalogItemsInCatalog.java:64)
	at org.jclouds.vcloud.functions.AllCatalogItemsInCatalog.apply(AllCatalogItemsInCatalog.java:47)
	at org.jclouds.vcloud.functions.AllCatalogItemsInOrg$1.apply(AllCatalogItemsInOrg.java:54)
	at org.jclouds.vcloud.functions.AllCatalogItemsInOrg$1.apply(AllCatalogItemsInOrg.java:51)
	at com.google.common.collect.Iterators$9.transform(Iterators.java:845)
	at com.google.common.collect.TransformedIterator.next(TransformedIterator.java:48)
	at com.google.common.collect.Iterables$3.next(Iterables.java:512)
	at com.google.common.collect.Iterables$3.next(Iterables.java:505)
	at com.google.common.collect.Iterators$6.hasNext(Iterators.java:583)
	at com.google.common.collect.Iterators$8.computeNext(Iterators.java:686)
	at com.google.common.collect.AbstractIterator.tryToComputeNext(AbstractIterator.java:143)
	at com.google.common.collect.AbstractIterator.hasNext(AbstractIterator.java:138)
	at org.jclouds.concurrent.FutureIterables.transformParallel(FutureIterables.java:97)
	at org.jclouds.concurrent.FutureIterables.transformParallel(FutureIterables.java:86)
	at org.jclouds.vcloud.functions.VAppTemplatesForCatalogItems.apply(VAppTemplatesForCatalogItems.java:82)
	at org.jclouds.vcloud.functions.VAppTemplatesForCatalogItems.apply(VAppTemplatesForCatalogItems.java:51)
	at org.jclouds.vcloud.functions.VAppTemplatesInOrg.apply(VAppTemplatesInOrg.java:57)
	at org.jclouds.vcloud.functions.VAppTemplatesInOrg.apply(VAppTemplatesInOrg.java:41)
	at org.jclouds.vcloud.suppliers.VAppTemplatesSupplier$1$1.call(VAppTemplatesSupplier.java:82)
	at org.jclouds.vcloud.suppliers.VAppTemplatesSupplier$1$1.call(VAppTemplatesSupplier.java:78)
	at java.util.concurrent.FutureTask$Sync.innerRun(FutureTask.java:303)
	at java.util.concurrent.FutureTask.run(FutureTask.java:138)
	at java.util.concurrent.ThreadPoolExecutor$Worker.runTask(ThreadPoolExecutor.java:886)
	at java.util.concurrent.ThreadPoolExecutor$Worker.run(ThreadPoolExecutor.java:908)
	at java.lang.Thread.run(Thread.java:680)
Apr 23, 2012 9:13:57 PM org.jclouds.logging.jdk.JDKLogger logError
SEVERE: catalogItems in https://zone01.bluelock.com/api/v1.0/catalog/e9316391-51f3-4662-98a9-55b168022a80, completed: 1/8, errors: 1, rate: 118ms/op
java.lang.RuntimeException: request: GET https://zone01.bluelock.com/api/v1.0/catalogItem/1362fd38-4ef6-4530-94b1-ec014491f320 HTTP/1.1; response: HTTP/1.1 200 OK; cause: java.lang.RuntimeException: request: GET https://zone01.bluelock.com/api/v1.0/catalogItem/1362fd38-4ef6-4530-94b1-ec014491f320 HTTP/1.1; cause: java.lang.NullPointerException
	at org.jclouds.http.functions.ParseSax.addDetailsAndPropagate(ParseSax.java:174)
	at org.jclouds.http.functions.ParseSax.addDetailsAndPropagate(ParseSax.java:146)
	at org.jclouds.http.functions.ParseSax.apply(ParseSax.java:88)
	at org.jclouds.http.functions.ParseSax.apply(ParseSax.java:54)
	at com.google.common.util.concurrent.Futures$3.apply(Futures.java:380)
	at com.google.common.util.concurrent.Futures$ChainingListenableFuture.run(Futures.java:522)
	at java.util.concurrent.ThreadPoolExecutor$Worker.runTask(ThreadPoolExecutor.java:886)
	at java.util.concurrent.ThreadPoolExecutor$Worker.run(ThreadPoolExecutor.java:908)
	at java.lang.Thread.run(Thread.java:680)
Caused by: java.lang.RuntimeException: request: GET https://zone01.bluelock.com/api/v1.0/catalogItem/1362fd38-4ef6-4530-94b1-ec014491f320 HTTP/1.1; cause: java.lang.NullPointerException
	at org.jclouds.http.functions.ParseSax.addDetailsAndPropagate(ParseSax.java:174)
	at org.jclouds.http.functions.ParseSax.addDetailsAndPropagate(ParseSax.java:146)
	at org.jclouds.http.functions.ParseSax.parse(ParseSax.java:132)
	at org.jclouds.http.functions.ParseSax.apply(ParseSax.java:86)
	... 6 more
Caused by: java.lang.NullPointerException
	at org.jclouds.vcloud.xml.CatalogItemHandler.getResult(CatalogItemHandler.java:50)
	at org.jclouds.vcloud.xml.CatalogItemHandler.getResult(CatalogItemHandler.java:39)
	at org.jclouds.http.functions.ParseSax.doParse(ParseSax.java:142)
	at org.jclouds.http.functions.ParseSax.parse(ParseSax.java:130)
	... 7 more
Apr 23, 2012 9:13:57 PM org.jclouds.logging.jdk.JDKLogger logError
SEVERE: catalogItems in https://zone01.bluelock.com/api/v1.0/catalog/e9316391-51f3-4662-98a9-55b168022a80, completed: 2/8, errors: 2, rate: 119ms/op
java.lang.RuntimeException: request: GET https://zone01.bluelock.com/api/v1.0/catalogItem/4ea24a83-9d01-4899-96c5-cc547d8210b5 HTTP/1.1; response: HTTP/1.1 200 OK; cause: java.lang.RuntimeException: request: GET https://zone01.bluelock.com/api/v1.0/catalogItem/4ea24a83-9d01-4899-96c5-cc547d8210b5 HTTP/1.1; cause: java.lang.NullPointerException
	at org.jclouds.http.functions.ParseSax.addDetailsAndPropagate(ParseSax.java:174)
	at org.jclouds.http.functions.ParseSax.addDetailsAndPropagate(ParseSax.java:146)
	at org.jclouds.http.functions.ParseSax.apply(ParseSax.java:88)
	at org.jclouds.http.functions.ParseSax.apply(ParseSax.java:54)
	at com.google.common.util.concurrent.Futures$3.apply(Futures.java:380)
	at com.google.common.util.concurrent.Futures$ChainingListenableFuture.run(Futures.java:522)
	at java.util.concurrent.ThreadPoolExecutor$Worker.runTask(ThreadPoolExecutor.java:886)
	at java.util.concurrent.ThreadPoolExecutor$Worker.run(ThreadPoolExecutor.java:908)
	at java.lang.Thread.run(Thread.java:680)
Caused by: java.lang.RuntimeException: request: GET https://zone01.bluelock.com/api/v1.0/catalogItem/4ea24a83-9d01-4899-96c5-cc547d8210b5 HTTP/1.1; cause: java.lang.NullPointerException
	at org.jclouds.http.functions.ParseSax.addDetailsAndPropagate(ParseSax.java:174)
	at org.jclouds.http.functions.ParseSax.addDetailsAndPropagate(ParseSax.java:146)
	at org.jclouds.http.functions.ParseSax.parse(ParseSax.java:132)
	at org.jclouds.http.functions.ParseSax.apply(ParseSax.java:86)
	... 6 more
Caused by: java.lang.NullPointerException
	at org.jclouds.vcloud.xml.CatalogItemHandler.getResult(CatalogItemHandler.java:50)
	at org.jclouds.vcloud.xml.CatalogItemHandler.getResult(CatalogItemHandler.java:39)
	at org.jclouds.http.functions.ParseSax.doParse(ParseSax.java:142)
	at org.jclouds.http.functions.ParseSax.parse(ParseSax.java:130)
	... 7 more
Apr 23, 2012 9:13:57 PM org.jclouds.logging.jdk.JDKLogger logError
SEVERE: catalogItems in https://zone01.bluelock.com/api/v1.0/catalog/e9316391-51f3-4662-98a9-55b168022a80, completed: 3/8, errors: 3, rate: 119ms/op
java.lang.RuntimeException: request: GET https://zone01.bluelock.com/api/v1.0/catalogItem/ef3b73eb-75c8-4ce2-a47d-3ca6474550d1 HTTP/1.1; response: HTTP/1.1 200 OK; cause: java.lang.RuntimeException: request: GET https://zone01.bluelock.com/api/v1.0/catalogItem/ef3b73eb-75c8-4ce2-a47d-3ca6474550d1 HTTP/1.1; cause: java.lang.NullPointerException
	at org.jclouds.http.functions.ParseSax.addDetailsAndPropagate(ParseSax.java:174)
	at org.jclouds.http.functions.ParseSax.addDetailsAndPropagate(ParseSax.java:146)
	at org.jclouds.http.functions.ParseSax.apply(ParseSax.java:88)
	at org.jclouds.http.functions.ParseSax.apply(ParseSax.java:54)
	at com.google.common.util.concurrent.Futures$3.apply(Futures.java:380)
	at com.google.common.util.concurrent.Futures$ChainingListenableFuture.run(Futures.java:522)
	at java.util.concurrent.ThreadPoolExecutor$Worker.runTask(ThreadPoolExecutor.java:886)
	at java.util.concurrent.ThreadPoolExecutor$Worker.run(ThreadPoolExecutor.java:908)
	at java.lang.Thread.run(Thread.java:680)
Caused by: java.lang.RuntimeException: request: GET https://zone01.bluelock.com/api/v1.0/catalogItem/ef3b73eb-75c8-4ce2-a47d-3ca6474550d1 HTTP/1.1; cause: java.lang.NullPointerException
	at org.jclouds.http.functions.ParseSax.addDetailsAndPropagate(ParseSax.java:174)
	at org.jclouds.http.functions.ParseSax.addDetailsAndPropagate(ParseSax.java:146)
	at org.jclouds.http.functions.ParseSax.parse(ParseSax.java:132)
	at org.jclouds.http.functions.ParseSax.apply(ParseSax.java:86)
	... 6 more
Caused by: java.lang.NullPointerException
	at org.jclouds.vcloud.xml.CatalogItemHandler.getResult(CatalogItemHandler.java:50)
	at org.jclouds.vcloud.xml.CatalogItemHandler.getResult(CatalogItemHandler.java:39)
	at org.jclouds.http.functions.ParseSax.doParse(ParseSax.java:142)
	at org.jclouds.http.functions.ParseSax.parse(ParseSax.java:130)
	... 7 more
Apr 23, 2012 9:13:57 PM org.jclouds.logging.jdk.JDKLogger logError
SEVERE: catalogItems in https://zone01.bluelock.com/api/v1.0/catalog/e9316391-51f3-4662-98a9-55b168022a80, completed: 5/8, errors: 3, rate: 124ms/op
java.lang.RuntimeException: catalogItems in https://zone01.bluelock.com/api/v1.0/catalog/e9316391-51f3-4662-98a9-55b168022a80, completed: 5/8, errors: 3, rate: 124ms/op
	at org.jclouds.concurrent.FutureIterables.awaitCompletion(FutureIterables.java:157)
	at org.jclouds.concurrent.FutureIterables.transformParallel(FutureIterables.java:101)
	at org.jclouds.concurrent.FutureIterables.transformParallel(FutureIterables.java:86)
	at org.jclouds.vcloud.functions.AllCatalogItemsInCatalog.apply(AllCatalogItemsInCatalog.java:64)
	at org.jclouds.vcloud.functions.AllCatalogItemsInCatalog.apply(AllCatalogItemsInCatalog.java:47)
	at org.jclouds.vcloud.functions.AllCatalogItemsInOrg$1.apply(AllCatalogItemsInOrg.java:54)
	at org.jclouds.vcloud.functions.AllCatalogItemsInOrg$1.apply(AllCatalogItemsInOrg.java:51)
	at com.google.common.collect.Iterators$9.transform(Iterators.java:845)
	at com.google.common.collect.TransformedIterator.next(TransformedIterator.java:48)
	at com.google.common.collect.Iterables$3.next(Iterables.java:512)
	at com.google.common.collect.Iterables$3.next(Iterables.java:505)
	at com.google.common.collect.Iterators$6.hasNext(Iterators.java:583)
	at com.google.common.collect.Iterators$8.computeNext(Iterators.java:686)
	at com.google.common.collect.AbstractIterator.tryToComputeNext(AbstractIterator.java:143)
	at com.google.common.collect.AbstractIterator.hasNext(AbstractIterator.java:138)
	at org.jclouds.concurrent.FutureIterables.transformParallel(FutureIterables.java:97)
	at org.jclouds.concurrent.FutureIterables.transformParallel(FutureIterables.java:86)
	at org.jclouds.vcloud.functions.VAppTemplatesForCatalogItems.apply(VAppTemplatesForCatalogItems.java:82)
	at org.jclouds.vcloud.functions.VAppTemplatesForCatalogItems.apply(VAppTemplatesForCatalogItems.java:51)
	at org.jclouds.vcloud.functions.VAppTemplatesInOrg.apply(VAppTemplatesInOrg.java:57)
	at org.jclouds.vcloud.functions.VAppTemplatesInOrg.apply(VAppTemplatesInOrg.java:41)
	at org.jclouds.vcloud.suppliers.VAppTemplatesSupplier$1$1.call(VAppTemplatesSupplier.java:82)
	at org.jclouds.vcloud.suppliers.VAppTemplatesSupplier$1$1.call(VAppTemplatesSupplier.java:78)
	at java.util.concurrent.FutureTask$Sync.innerRun(FutureTask.java:303)
	at java.util.concurrent.FutureTask.run(FutureTask.java:138)
	at java.util.concurrent.ThreadPoolExecutor$Worker.runTask(ThreadPoolExecutor.java:886)
	at java.util.concurrent.ThreadPoolExecutor$Worker.run(ThreadPoolExecutor.java:908)
	at java.lang.Thread.run(Thread.java:680)
Apr 23, 2012 9:13:58 PM org.jclouds.logging.jdk.JDKLogger logError
SEVERE: catalogItems in https://zone01.bluelock.com/api/v1.0/catalog/e9316391-51f3-4662-98a9-55b168022a80, completed: 6/8, errors: 1, rate: 91ms/op
java.lang.RuntimeException: request: GET https://zone01.bluelock.com/api/v1.0/catalogItem/4ea24a83-9d01-4899-96c5-cc547d8210b5 HTTP/1.1; response: HTTP/1.1 200 OK; cause: java.lang.RuntimeException: request: GET https://zone01.bluelock.com/api/v1.0/catalogItem/4ea24a83-9d01-4899-96c5-cc547d8210b5 HTTP/1.1; cause: java.lang.NullPointerException
	at org.jclouds.http.functions.ParseSax.addDetailsAndPropagate(ParseSax.java:174)
	at org.jclouds.http.functions.ParseSax.addDetailsAndPropagate(ParseSax.java:146)
	at org.jclouds.http.functions.ParseSax.apply(ParseSax.java:88)
	at org.jclouds.http.functions.ParseSax.apply(ParseSax.java:54)
	at com.google.common.util.concurrent.Futures$3.apply(Futures.java:380)
	at com.google.common.util.concurrent.Futures$ChainingListenableFuture.run(Futures.java:522)
	at java.util.concurrent.ThreadPoolExecutor$Worker.runTask(ThreadPoolExecutor.java:886)
	at java.util.concurrent.ThreadPoolExecutor$Worker.run(ThreadPoolExecutor.java:908)
	at java.lang.Thread.run(Thread.java:680)
Caused by: java.lang.RuntimeException: request: GET https://zone01.bluelock.com/api/v1.0/catalogItem/4ea24a83-9d01-4899-96c5-cc547d8210b5 HTTP/1.1; cause: java.lang.NullPointerException
	at org.jclouds.http.functions.ParseSax.addDetailsAndPropagate(ParseSax.java:174)
	at org.jclouds.http.functions.ParseSax.addDetailsAndPropagate(ParseSax.java:146)
	at org.jclouds.http.functions.ParseSax.parse(ParseSax.java:132)
	at org.jclouds.http.functions.ParseSax.apply(ParseSax.java:86)
	... 6 more
Caused by: java.lang.NullPointerException
	at org.jclouds.vcloud.xml.CatalogItemHandler.getResult(CatalogItemHandler.java:50)
	at org.jclouds.vcloud.xml.CatalogItemHandler.getResult(CatalogItemHandler.java:39)
	at org.jclouds.http.functions.ParseSax.doParse(ParseSax.java:142)
	at org.jclouds.http.functions.ParseSax.parse(ParseSax.java:130)
	... 7 more
Apr 23, 2012 9:13:58 PM org.jclouds.logging.jdk.JDKLogger logError
SEVERE: catalogItems in https://zone01.bluelock.com/api/v1.0/catalog/e9316391-51f3-4662-98a9-55b168022a80, completed: 7/8, errors: 1, rate: 91ms/op
java.lang.RuntimeException: catalogItems in https://zone01.bluelock.com/api/v1.0/catalog/e9316391-51f3-4662-98a9-55b168022a80, completed: 7/8, errors: 1, rate: 91ms/op
	at org.jclouds.concurrent.FutureIterables.awaitCompletion(FutureIterables.java:157)
	at org.jclouds.concurrent.FutureIterables.transformParallel(FutureIterables.java:101)
	at org.jclouds.concurrent.FutureIterables.transformParallel(FutureIterables.java:86)
	at org.jclouds.vcloud.functions.AllCatalogItemsInCatalog.apply(AllCatalogItemsInCatalog.java:64)
	at org.jclouds.vcloud.functions.AllCatalogItemsInCatalog.apply(AllCatalogItemsInCatalog.java:47)
	at org.jclouds.vcloud.functions.AllCatalogItemsInOrg$1.apply(AllCatalogItemsInOrg.java:54)
	at org.jclouds.vcloud.functions.AllCatalogItemsInOrg$1.apply(AllCatalogItemsInOrg.java:51)
	at com.google.common.collect.Iterators$9.transform(Iterators.java:845)
	at com.google.common.collect.TransformedIterator.next(TransformedIterator.java:48)
	at com.google.common.collect.Iterables$3.next(Iterables.java:512)
	at com.google.common.collect.Iterables$3.next(Iterables.java:505)
	at com.google.common.collect.Iterators$6.hasNext(Iterators.java:583)
	at com.google.common.collect.Iterators$8.computeNext(Iterators.java:686)
	at com.google.common.collect.AbstractIterator.tryToComputeNext(AbstractIterator.java:143)
	at com.google.common.collect.AbstractIterator.hasNext(AbstractIterator.java:138)
	at org.jclouds.concurrent.FutureIterables.transformParallel(FutureIterables.java:97)
	at org.jclouds.concurrent.FutureIterables.transformParallel(FutureIterables.java:86)
	at org.jclouds.vcloud.functions.VAppTemplatesForCatalogItems.apply(VAppTemplatesForCatalogItems.java:82)
	at org.jclouds.vcloud.functions.VAppTemplatesForCatalogItems.apply(VAppTemplatesForCatalogItems.java:51)
	at org.jclouds.vcloud.functions.VAppTemplatesInOrg.apply(VAppTemplatesInOrg.java:57)
	at org.jclouds.vcloud.functions.VAppTemplatesInOrg.apply(VAppTemplatesInOrg.java:41)
	at org.jclouds.vcloud.suppliers.VAppTemplatesSupplier$1$1.call(VAppTemplatesSupplier.java:82)
	at org.jclouds.vcloud.suppliers.VAppTemplatesSupplier$1$1.call(VAppTemplatesSupplier.java:78)
	at java.util.concurrent.FutureTask$Sync.innerRun(FutureTask.java:303)
	at java.util.concurrent.FutureTask.run(FutureTask.java:138)
	at java.util.concurrent.ThreadPoolExecutor$Worker.runTask(ThreadPoolExecutor.java:886)
	at java.util.concurrent.ThreadPoolExecutor$Worker.run(ThreadPoolExecutor.java:908)
	at java.lang.Thread.run(Thread.java:680)
Apr 23, 2012 9:14:00 PM org.jclouds.logging.jdk.JDKLogger logError
SEVERE: images in [[href=https://zone01.bluelock.com/api/v1.0/org/d7b75404-aef4-4977-a007-03d0a21c1bc0, name=Jclouds, type=application/vnd.vmware.vcloud.org+xml, fullName=Jclouds, description=null, catalogs={public01=[href=https://zone01.bluelock.com/api/v1.0/catalog/17b2cb9b-1893-43d2-a0b0-cc0e3ae20251, name=public01, type=application/vnd.vmware.vcloud.catalog+xml], private01-Jclouds=[href=https://zone01.bluelock.com/api/v1.0/catalog/e9316391-51f3-4662-98a9-55b168022a80, name=private01-Jclouds, type=application/vnd.vmware.vcloud.catalog+xml]}, networks={internet01-Jclouds=[href=https://zone01.bluelock.com/api/v1.0/network/7161b44e-c1ae-457d-9804-8d3d689f1d32, name=internet01-Jclouds, type=application/vnd.vmware.vcloud.network+xml], isolation01-Jclouds=[href=https://zone01.bluelock.com/api/v1.0/network/f4c08477-a0b9-455e-800f-612a13a3448c, name=isolation01-Jclouds, type=application/vnd.vmware.vcloud.network+xml]}, tasksList=[href=https://zone01.bluelock.com/api/v1.0/tasksList/d7b75404-aef4-4977-a007-03d0a21c1bc0, name=null, type=application/vnd.vmware.vcloud.tasksList+xml], vdcs={Cluster01-Jclouds=[href=https://zone01.bluelock.com/api/v1.0/vdc/9db4ee77-33e7-4b83-96be-eee9925eaa9b, name=Cluster01-Jclouds, type=application/vnd.vmware.vcloud.vdc+xml]}, tasks=[]]], completed: 0/1, errors: 1, rate: 5996ms/op
java.util.concurrent.ExecutionException: java.lang.NullPointerException
	at java.util.concurrent.FutureTask$Sync.innerGet(FutureTask.java:222)
	at java.util.concurrent.FutureTask.get(FutureTask.java:83)
	at org.jclouds.concurrent.config.ExecutorServiceModule$DescribedFuture.get(ExecutorServiceModule.java:237)
	at org.jclouds.concurrent.FutureIterables$1.run(FutureIterables.java:134)
	at java.util.concurrent.ThreadPoolExecutor$Worker.runTask(ThreadPoolExecutor.java:886)
	at java.util.concurrent.ThreadPoolExecutor$Worker.run(ThreadPoolExecutor.java:908)
	at java.lang.Thread.run(Thread.java:680)
Caused by: java.lang.NullPointerException
	at com.google.common.base.Preconditions.checkNotNull(Preconditions.java:191)
	at com.google.common.collect.NaturalOrdering.compare(NaturalOrdering.java:35)
	at com.google.common.collect.NaturalOrdering.compare(NaturalOrdering.java:28)
	at java.util.Arrays.mergeSort(Arrays.java:1270)
	at java.util.Arrays.mergeSort(Arrays.java:1281)
	at java.util.Arrays.mergeSort(Arrays.java:1281)
	at java.util.Arrays.sort(Arrays.java:1210)
	at com.google.common.collect.SortedIterables.sortedUnique(SortedIterables.java:95)
	at com.google.common.collect.ImmutableSortedSet.copyOfInternal(ImmutableSortedSet.java:408)
	at com.google.common.collect.ImmutableSortedSet.copyOf(ImmutableSortedSet.java:343)
	at com.google.common.collect.ImmutableSortedSet.copyOf(ImmutableSortedSet.java:251)
	at org.jclouds.util.Iterables2.concreteCopy(Iterables2.java:37)
	at org.jclouds.vcloud.functions.VAppTemplatesForCatalogItems.apply(VAppTemplatesForCatalogItems.java:82)
	at org.jclouds.vcloud.functions.VAppTemplatesForCatalogItems.apply(VAppTemplatesForCatalogItems.java:51)
	at org.jclouds.vcloud.functions.VAppTemplatesInOrg.apply(VAppTemplatesInOrg.java:57)
	at org.jclouds.vcloud.functions.VAppTemplatesInOrg.apply(VAppTemplatesInOrg.java:41)
	at org.jclouds.vcloud.suppliers.VAppTemplatesSupplier$1$1.call(VAppTemplatesSupplier.java:82)
	at org.jclouds.vcloud.suppliers.VAppTemplatesSupplier$1$1.call(VAppTemplatesSupplier.java:78)
	at java.util.concurrent.FutureTask$Sync.innerRun(FutureTask.java:303)
	at java.util.concurrent.FutureTask.run(FutureTask.java:138)
	at java.util.concurrent.ThreadPoolExecutor$Worker.runTask(ThreadPoolExecutor.java:886)
	at java.util.concurrent.ThreadPoolExecutor$Worker.run(ThreadPoolExecutor.java:908)
	at java.lang.Thread.run(Thread.java:680)
	at org.jclouds.concurrent.config.ExecutorServiceModule$DescribingExecutorService.submit(ExecutorServiceModule.java:182)
	at org.jclouds.vcloud.suppliers.VAppTemplatesSupplier$1.apply(VAppTemplatesSupplier.java:78)
	at org.jclouds.vcloud.suppliers.VAppTemplatesSupplier$1.apply(VAppTemplatesSupplier.java:73)
	at org.jclouds.concurrent.FutureIterables.transformParallel(FutureIterables.java:98)
	at org.jclouds.concurrent.FutureIterables.transformParallel(FutureIterables.java:86)
	at org.jclouds.vcloud.suppliers.VAppTemplatesSupplier.get(VAppTemplatesSupplier.java:72)
	at org.jclouds.vcloud.suppliers.VAppTemplatesSupplier.get(VAppTemplatesSupplier.java:49)
	at org.jclouds.vcloud.compute.strategy.VCloudComputeServiceAdapter.supportedTemplates(VCloudComputeServiceAdapter.java:103)
	at org.jclouds.vcloud.compute.strategy.VCloudComputeServiceAdapter.listImages(VCloudComputeServiceAdapter.java:121)
	at org.jclouds.compute.config.ComputeServiceAdapterContextModule$2.get(ComputeServiceAdapterContextModule.java:116)
	at org.jclouds.compute.config.ComputeServiceAdapterContextModule$2.get(ComputeServiceAdapterContextModule.java:112)
	at org.jclouds.collect.TransformingSetSupplier.get(TransformingSetSupplier.java:47)
	at org.jclouds.collect.TransformingSetSupplier.get(TransformingSetSupplier.java:36)
	at org.jclouds.compute.config.BaseComputeServiceContextModule$9.get(BaseComputeServiceContextModule.java:247)
	at org.jclouds.compute.config.BaseComputeServiceContextModule$9.get(BaseComputeServiceContextModule.java:244)
	at org.jclouds.rest.suppliers.SetAndThrowAuthorizationExceptionSupplier.get(SetAndThrowAuthorizationExceptionSupplier.java:49)
	at org.jclouds.concurrent.RetryOnTimeOutExceptionSupplier.get(RetryOnTimeOutExceptionSupplier.java:47)
	at org.jclouds.util.Suppliers2$ExpiringMemoizingSupplier.get(Suppliers2.java:130)
	at org.jclouds.rest.suppliers.MemoizedRetryOnTimeOutButNotOnAuthorizationExceptionSupplier.get(MemoizedRetryOnTimeOutButNotOnAuthorizationExceptionSupplier.java:64)
	at org.jclouds.compute.domain.internal.TemplateBuilderImpl.getImages(TemplateBuilderImpl.java:737)
	at org.jclouds.compute.domain.internal.TemplateBuilderImpl.build(TemplateBuilderImpl.java:612)
	at org.jclouds.compute.domain.internal.TemplateBuilderImpl.build(TemplateBuilderImpl.java:606)
	at org.jclouds.compute.internal.BaseTemplateBuilderLiveTest.tryOverrideUsingPropertyKey(BaseTemplateBuilderLiveTest.java:274)
	at org.jclouds.compute.internal.BaseTemplateBuilderLiveTest.testTemplateBuilderWithLoginUserSpecified(BaseTemplateBuilderLiveTest.java:252)
	at sun.reflect.NativeMethodAccessorImpl.invoke0(Native Method)
	at sun.reflect.NativeMethodAccessorImpl.invoke(NativeMethodAccessorImpl.java:39)
	at sun.reflect.DelegatingMethodAccessorImpl.invoke(DelegatingMethodAccessorImpl.java:25)
	at java.lang.reflect.Method.invoke(Method.java:597)
	at org.testng.internal.MethodInvocationHelper.invokeMethod(MethodInvocationHelper.java:80)
	at org.testng.internal.Invoker.invokeMethod(Invoker.java:701)
	at org.testng.internal.Invoker.invokeTestMethod(Invoker.java:893)
	at org.testng.internal.Invoker.invokeTestMethods(Invoker.java:1218)
	at org.testng.internal.TestMethodWorker.invokeTestMethods(TestMethodWorker.java:127)
	at org.testng.internal.TestMethodWorker.run(TestMethodWorker.java:111)
	at org.testng.TestRunner.privateRun(TestRunner.java:758)
	at org.testng.TestRunner.run(TestRunner.java:613)
	at org.testng.SuiteRunner.runTest(SuiteRunner.java:334)
	at org.testng.SuiteRunner.access$000(SuiteRunner.java:37)
	at org.testng.SuiteRunner$SuiteWorker.run(SuiteRunner.java:368)
	at org.testng.internal.thread.ThreadUtil$2.call(ThreadUtil.java:64)
	at java.util.concurrent.FutureTask$Sync.innerRun(FutureTask.java:303)
	at java.util.concurrent.FutureTask.run(FutureTask.java:138)
	at java.util.concurrent.ThreadPoolExecutor$Worker.runTask(ThreadPoolExecutor.java:886)
	at java.util.concurrent.ThreadPoolExecutor$Worker.run(ThreadPoolExecutor.java:908)
	at java.lang.Thread.run(Thread.java:680)
	at org.jclouds.concurrent.config.ExecutorServiceModule$DescribingExecutorService.submit(ExecutorServiceModule.java:182)
	at org.jclouds.vcloud.suppliers.VAppTemplatesSupplier$1.apply(VAppTemplatesSupplier.java:78)
	at org.jclouds.vcloud.suppliers.VAppTemplatesSupplier$1.apply(VAppTemplatesSupplier.java:73)
	at org.jclouds.concurrent.FutureIterables.transformParallel(FutureIterables.java:98)
	at org.jclouds.concurrent.FutureIterables.transformParallel(FutureIterables.java:86)
	at org.jclouds.vcloud.suppliers.VAppTemplatesSupplier.get(VAppTemplatesSupplier.java:72)
	at org.jclouds.vcloud.suppliers.VAppTemplatesSupplier.get(VAppTemplatesSupplier.java:49)
	at org.jclouds.vcloud.compute.strategy.VCloudComputeServiceAdapter.supportedTemplates(VCloudComputeServiceAdapter.java:103)
	at org.jclouds.vcloud.compute.strategy.VCloudComputeServiceAdapter.listImages(VCloudComputeServiceAdapter.java:121)
	at org.jclouds.compute.config.ComputeServiceAdapterContextModule$2.get(ComputeServiceAdapterContextModule.java:116)
	at org.jclouds.compute.config.ComputeServiceAdapterContextModule$2.get(ComputeServiceAdapterContextModule.java:112)
	at org.jclouds.collect.TransformingSetSupplier.get(TransformingSetSupplier.java:47)
	at org.jclouds.collect.TransformingSetSupplier.get(TransformingSetSupplier.java:36)
	at org.jclouds.compute.config.BaseComputeServiceContextModule$9.get(BaseComputeServiceContextModule.java:247)
	at org.jclouds.compute.config.BaseComputeServiceContextModule$9.get(BaseComputeServiceContextModule.java:244)
	at org.jclouds.rest.suppliers.SetAndThrowAuthorizationExceptionSupplier.get(SetAndThrowAuthorizationExceptionSupplier.java:49)
	at org.jclouds.concurrent.RetryOnTimeOutExceptionSupplier.get(RetryOnTimeOutExceptionSupplier.java:47)
	at org.jclouds.util.Suppliers2$ExpiringMemoizingSupplier.get(Suppliers2.java:130)
	at org.jclouds.rest.suppliers.MemoizedRetryOnTimeOutButNotOnAuthorizationExceptionSupplier.get(MemoizedRetryOnTimeOutButNotOnAuthorizationExceptionSupplier.java:64)
	at org.jclouds.compute.domain.internal.TemplateBuilderImpl.getImages(TemplateBuilderImpl.java:737)
	at org.jclouds.compute.domain.internal.TemplateBuilderImpl.build(TemplateBuilderImpl.java:612)
	at org.jclouds.compute.domain.internal.TemplateBuilderImpl.build(TemplateBuilderImpl.java:606)
	at org.jclouds.compute.internal.BaseTemplateBuilderLiveTest.tryOverrideUsingPropertyKey(BaseTemplateBuilderLiveTest.java:274)
	at org.jclouds.compute.internal.BaseTemplateBuilderLiveTest.testTemplateBuilderWithLoginUserSpecified(BaseTemplateBuilderLiveTest.java:252)
	at sun.reflect.NativeMethodAccessorImpl.invoke0(Native Method)
	at sun.reflect.NativeMethodAccessorImpl.invoke(NativeMethodAccessorImpl.java:39)
	at sun.reflect.DelegatingMethodAccessorImpl.invoke(DelegatingMethodAccessorImpl.java:25)
	at java.lang.reflect.Method.invoke(Method.java:597)
	at org.testng.internal.MethodInvocationHelper.invokeMethod(MethodInvocationHelper.java:80)
	at org.testng.internal.Invoker.invokeMethod(Invoker.java:701)
	at org.testng.internal.Invoker.invokeTestMethod(Invoker.java:893)
	at org.testng.internal.Invoker.invokeTestMethods(Invoker.java:1218)
	at org.testng.internal.TestMethodWorker.invokeTestMethods(TestMethodWorker.java:127)
	at org.testng.internal.TestMethodWorker.run(TestMethodWorker.java:111)
	at org.testng.TestRunner.privateRun(TestRunner.java:758)
	at org.testng.TestRunner.run(TestRunner.java:613)
	at org.testng.SuiteRunner.runTest(SuiteRunner.java:334)
	at org.testng.SuiteRunner.access$000(SuiteRunner.java:37)
	at org.testng.SuiteRunner$SuiteWorker.run(SuiteRunner.java:368)
	at org.testng.internal.thread.ThreadUtil$2.call(ThreadUtil.java:64)
	at java.util.concurrent.FutureTask$Sync.innerRun(FutureTask.java:303)
	at java.util.concurrent.FutureTask.run(FutureTask.java:138)
	... 3 more
Apr 23, 2012 9:14:00 PM org.jclouds.logging.jdk.JDKLogger logError
SEVERE: images in [[href=https://zone01.bluelock.com/api/v1.0/org/d7b75404-aef4-4977-a007-03d0a21c1bc0, name=Jclouds, type=application/vnd.vmware.vcloud.org+xml, fullName=Jclouds, description=null, catalogs={public01=[href=https://zone01.bluelock.com/api/v1.0/catalog/17b2cb9b-1893-43d2-a0b0-cc0e3ae20251, name=public01, type=application/vnd.vmware.vcloud.catalog+xml], private01-Jclouds=[href=https://zone01.bluelock.com/api/v1.0/catalog/e9316391-51f3-4662-98a9-55b168022a80, name=private01-Jclouds, type=application/vnd.vmware.vcloud.catalog+xml]}, networks={internet01-Jclouds=[href=https://zone01.bluelock.com/api/v1.0/network/7161b44e-c1ae-457d-9804-8d3d689f1d32, name=internet01-Jclouds, type=application/vnd.vmware.vcloud.network+xml], isolation01-Jclouds=[href=https://zone01.bluelock.com/api/v1.0/network/f4c08477-a0b9-455e-800f-612a13a3448c, name=isolation01-Jclouds, type=application/vnd.vmware.vcloud.network+xml]}, tasksList=[href=https://zone01.bluelock.com/api/v1.0/tasksList/d7b75404-aef4-4977-a007-03d0a21c1bc0, name=null, type=application/vnd.vmware.vcloud.tasksList+xml], vdcs={Cluster01-Jclouds=[href=https://zone01.bluelock.com/api/v1.0/vdc/9db4ee77-33e7-4b83-96be-eee9925eaa9b, name=Cluster01-Jclouds, type=application/vnd.vmware.vcloud.vdc+xml]}, tasks=[]]], completed: 0/1, errors: 1, rate: 6003ms/op
java.lang.RuntimeException: images in [[href=https://zone01.bluelock.com/api/v1.0/org/d7b75404-aef4-4977-a007-03d0a21c1bc0, name=Jclouds, type=application/vnd.vmware.vcloud.org+xml, fullName=Jclouds, description=null, catalogs={public01=[href=https://zone01.bluelock.com/api/v1.0/catalog/17b2cb9b-1893-43d2-a0b0-cc0e3ae20251, name=public01, type=application/vnd.vmware.vcloud.catalog+xml], private01-Jclouds=[href=https://zone01.bluelock.com/api/v1.0/catalog/e9316391-51f3-4662-98a9-55b168022a80, name=private01-Jclouds, type=application/vnd.vmware.vcloud.catalog+xml]}, networks={internet01-Jclouds=[href=https://zone01.bluelock.com/api/v1.0/network/7161b44e-c1ae-457d-9804-8d3d689f1d32, name=internet01-Jclouds, type=application/vnd.vmware.vcloud.network+xml], isolation01-Jclouds=[href=https://zone01.bluelock.com/api/v1.0/network/f4c08477-a0b9-455e-800f-612a13a3448c, name=isolation01-Jclouds, type=application/vnd.vmware.vcloud.network+xml]}, tasksList=[href=https://zone01.bluelock.com/api/v1.0/tasksList/d7b75404-aef4-4977-a007-03d0a21c1bc0, name=null, type=application/vnd.vmware.vcloud.tasksList+xml], vdcs={Cluster01-Jclouds=[href=https://zone01.bluelock.com/api/v1.0/vdc/9db4ee77-33e7-4b83-96be-eee9925eaa9b, name=Cluster01-Jclouds, type=application/vnd.vmware.vcloud.vdc+xml]}, tasks=[]]], completed: 0/1, errors: 1, rate: 6003ms/op
	at org.jclouds.concurrent.FutureIterables.awaitCompletion(FutureIterables.java:157)
	at org.jclouds.concurrent.FutureIterables.transformParallel(FutureIterables.java:101)
	at org.jclouds.concurrent.FutureIterables.transformParallel(FutureIterables.java:86)
	at org.jclouds.vcloud.suppliers.VAppTemplatesSupplier.get(VAppTemplatesSupplier.java:72)
	at org.jclouds.vcloud.suppliers.VAppTemplatesSupplier.get(VAppTemplatesSupplier.java:49)
	at org.jclouds.vcloud.compute.strategy.VCloudComputeServiceAdapter.supportedTemplates(VCloudComputeServiceAdapter.java:103)
	at org.jclouds.vcloud.compute.strategy.VCloudComputeServiceAdapter.listImages(VCloudComputeServiceAdapter.java:121)
	at org.jclouds.compute.config.ComputeServiceAdapterContextModule$2.get(ComputeServiceAdapterContextModule.java:116)
	at org.jclouds.compute.config.ComputeServiceAdapterContextModule$2.get(ComputeServiceAdapterContextModule.java:112)
	at org.jclouds.collect.TransformingSetSupplier.get(TransformingSetSupplier.java:47)
	at org.jclouds.collect.TransformingSetSupplier.get(TransformingSetSupplier.java:36)
	at org.jclouds.compute.config.BaseComputeServiceContextModule$9.get(BaseComputeServiceContextModule.java:247)
	at org.jclouds.compute.config.BaseComputeServiceContextModule$9.get(BaseComputeServiceContextModule.java:244)
	at org.jclouds.rest.suppliers.SetAndThrowAuthorizationExceptionSupplier.get(SetAndThrowAuthorizationExceptionSupplier.java:49)
	at org.jclouds.concurrent.RetryOnTimeOutExceptionSupplier.get(RetryOnTimeOutExceptionSupplier.java:47)
	at org.jclouds.util.Suppliers2$ExpiringMemoizingSupplier.get(Suppliers2.java:130)
	at org.jclouds.rest.suppliers.MemoizedRetryOnTimeOutButNotOnAuthorizationExceptionSupplier.get(MemoizedRetryOnTimeOutButNotOnAuthorizationExceptionSupplier.java:64)
	at org.jclouds.compute.domain.internal.TemplateBuilderImpl.getImages(TemplateBuilderImpl.java:737)
	at org.jclouds.compute.domain.internal.TemplateBuilderImpl.build(TemplateBuilderImpl.java:612)
	at org.jclouds.compute.domain.internal.TemplateBuilderImpl.build(TemplateBuilderImpl.java:606)
	at org.jclouds.compute.internal.BaseTemplateBuilderLiveTest.tryOverrideUsingPropertyKey(BaseTemplateBuilderLiveTest.java:274)
	at org.jclouds.compute.internal.BaseTemplateBuilderLiveTest.testTemplateBuilderWithLoginUserSpecified(BaseTemplateBuilderLiveTest.java:252)
	at sun.reflect.NativeMethodAccessorImpl.invoke0(Native Method)
	at sun.reflect.NativeMethodAccessorImpl.invoke(NativeMethodAccessorImpl.java:39)
	at sun.reflect.DelegatingMethodAccessorImpl.invoke(DelegatingMethodAccessorImpl.java:25)
	at java.lang.reflect.Method.invoke(Method.java:597)
	at org.testng.internal.MethodInvocationHelper.invokeMethod(MethodInvocationHelper.java:80)
	at org.testng.internal.Invoker.invokeMethod(Invoker.java:701)
	at org.testng.internal.Invoker.invokeTestMethod(Invoker.java:893)
	at org.testng.internal.Invoker.invokeTestMethods(Invoker.java:1218)
	at org.testng.internal.TestMethodWorker.invokeTestMethods(TestMethodWorker.java:127)
	at org.testng.internal.TestMethodWorker.run(TestMethodWorker.java:111)
	at org.testng.TestRunner.privateRun(TestRunner.java:758)
	at org.testng.TestRunner.run(TestRunner.java:613)
	at org.testng.SuiteRunner.runTest(SuiteRunner.java:334)
	at org.testng.SuiteRunner.access$000(SuiteRunner.java:37)
	at org.testng.SuiteRunner$SuiteWorker.run(SuiteRunner.java:368)
	at org.testng.internal.thread.ThreadUtil$2.call(ThreadUtil.java:64)
	at java.util.concurrent.FutureTask$Sync.innerRun(FutureTask.java:303)
	at java.util.concurrent.FutureTask.run(FutureTask.java:138)
	at java.util.concurrent.ThreadPoolExecutor$Worker.runTask(ThreadPoolExecutor.java:886)
	at java.util.concurrent.ThreadPoolExecutor$Worker.run(ThreadPoolExecutor.java:908)
	at java.lang.Thread.run(Thread.java:680)
Apr 23, 2012 9:14:01 PM org.jclouds.logging.jdk.JDKLogger logError
SEVERE: catalogItems in https://zone01.bluelock.com/api/v1.0/catalog/17b2cb9b-1893-43d2-a0b0-cc0e3ae20251, completed: 6/11, errors: 1, rate: 68ms/op
java.lang.RuntimeException: request: GET https://zone01.bluelock.com/api/v1.0/catalogItem/f0dbbcf2-e796-469f-a897-1780816f7551 HTTP/1.1; response: HTTP/1.1 200 OK; cause: java.lang.RuntimeException: request: GET https://zone01.bluelock.com/api/v1.0/catalogItem/f0dbbcf2-e796-469f-a897-1780816f7551 HTTP/1.1; cause: java.lang.NullPointerException
	at org.jclouds.http.functions.ParseSax.addDetailsAndPropagate(ParseSax.java:174)
	at org.jclouds.http.functions.ParseSax.addDetailsAndPropagate(ParseSax.java:146)
	at org.jclouds.http.functions.ParseSax.apply(ParseSax.java:88)
	at org.jclouds.http.functions.ParseSax.apply(ParseSax.java:54)
	at com.google.common.util.concurrent.Futures$3.apply(Futures.java:380)
	at com.google.common.util.concurrent.Futures$ChainingListenableFuture.run(Futures.java:522)
	at java.util.concurrent.ThreadPoolExecutor$Worker.runTask(ThreadPoolExecutor.java:886)
	at java.util.concurrent.ThreadPoolExecutor$Worker.run(ThreadPoolExecutor.java:908)
	at java.lang.Thread.run(Thread.java:680)
Caused by: java.lang.RuntimeException: request: GET https://zone01.bluelock.com/api/v1.0/catalogItem/f0dbbcf2-e796-469f-a897-1780816f7551 HTTP/1.1; cause: java.lang.NullPointerException
	at org.jclouds.http.functions.ParseSax.addDetailsAndPropagate(ParseSax.java:174)
	at org.jclouds.http.functions.ParseSax.addDetailsAndPropagate(ParseSax.java:146)
	at org.jclouds.http.functions.ParseSax.parse(ParseSax.java:132)
	at org.jclouds.http.functions.ParseSax.apply(ParseSax.java:86)
	... 6 more
Caused by: java.lang.NullPointerException
	at org.jclouds.vcloud.xml.CatalogItemHandler.getResult(CatalogItemHandler.java:50)
	at org.jclouds.vcloud.xml.CatalogItemHandler.getResult(CatalogItemHandler.java:39)
	at org.jclouds.http.functions.ParseSax.doParse(ParseSax.java:142)
	at org.jclouds.http.functions.ParseSax.parse(ParseSax.java:130)
	... 7 more
Apr 23, 2012 9:14:01 PM org.jclouds.logging.jdk.JDKLogger logError
SEVERE: catalogItems in https://zone01.bluelock.com/api/v1.0/catalog/17b2cb9b-1893-43d2-a0b0-cc0e3ae20251, completed: 8/11, errors: 2, rate: 68ms/op
java.lang.RuntimeException: request: GET https://zone01.bluelock.com/api/v1.0/catalogItem/6b9888af-bed7-4cc2-8c52-cb26f52bc31c HTTP/1.1; response: HTTP/1.1 200 OK; cause: java.lang.RuntimeException: request: GET https://zone01.bluelock.com/api/v1.0/catalogItem/6b9888af-bed7-4cc2-8c52-cb26f52bc31c HTTP/1.1; cause: java.lang.NullPointerException
	at org.jclouds.http.functions.ParseSax.addDetailsAndPropagate(ParseSax.java:174)
	at org.jclouds.http.functions.ParseSax.addDetailsAndPropagate(ParseSax.java:146)
	at org.jclouds.http.functions.ParseSax.apply(ParseSax.java:88)
	at org.jclouds.http.functions.ParseSax.apply(ParseSax.java:54)
	at com.google.common.util.concurrent.Futures$3.apply(Futures.java:380)
	at com.google.common.util.concurrent.Futures$ChainingListenableFuture.run(Futures.java:522)
	at java.util.concurrent.ThreadPoolExecutor$Worker.runTask(ThreadPoolExecutor.java:886)
	at java.util.concurrent.ThreadPoolExecutor$Worker.run(ThreadPoolExecutor.java:908)
	at java.lang.Thread.run(Thread.java:680)
Caused by: java.lang.RuntimeException: request: GET https://zone01.bluelock.com/api/v1.0/catalogItem/6b9888af-bed7-4cc2-8c52-cb26f52bc31c HTTP/1.1; cause: java.lang.NullPointerException
	at org.jclouds.http.functions.ParseSax.addDetailsAndPropagate(ParseSax.java:174)
	at org.jclouds.http.functions.ParseSax.addDetailsAndPropagate(ParseSax.java:146)
	at org.jclouds.http.functions.ParseSax.parse(ParseSax.java:132)
	at org.jclouds.http.functions.ParseSax.apply(ParseSax.java:86)
	... 6 more
Caused by: java.lang.NullPointerException
	at org.jclouds.vcloud.xml.CatalogItemHandler.getResult(CatalogItemHandler.java:50)
	at org.jclouds.vcloud.xml.CatalogItemHandler.getResult(CatalogItemHandler.java:39)
	at org.jclouds.http.functions.ParseSax.doParse(ParseSax.java:142)
	at org.jclouds.http.functions.ParseSax.parse(ParseSax.java:130)
	... 7 more
Apr 23, 2012 9:14:01 PM org.jclouds.logging.jdk.JDKLogger logError
SEVERE: catalogItems in https://zone01.bluelock.com/api/v1.0/catalog/17b2cb9b-1893-43d2-a0b0-cc0e3ae20251, completed: 9/11, errors: 2, rate: 69ms/op
java.lang.RuntimeException: catalogItems in https://zone01.bluelock.com/api/v1.0/catalog/17b2cb9b-1893-43d2-a0b0-cc0e3ae20251, completed: 9/11, errors: 2, rate: 69ms/op
	at org.jclouds.concurrent.FutureIterables.awaitCompletion(FutureIterables.java:157)
	at org.jclouds.concurrent.FutureIterables.transformParallel(FutureIterables.java:101)
	at org.jclouds.concurrent.FutureIterables.transformParallel(FutureIterables.java:86)
	at org.jclouds.vcloud.functions.AllCatalogItemsInCatalog.apply(AllCatalogItemsInCatalog.java:64)
	at org.jclouds.vcloud.functions.AllCatalogItemsInCatalog.apply(AllCatalogItemsInCatalog.java:47)
	at org.jclouds.vcloud.functions.AllCatalogItemsInOrg$1.apply(AllCatalogItemsInOrg.java:54)
	at org.jclouds.vcloud.functions.AllCatalogItemsInOrg$1.apply(AllCatalogItemsInOrg.java:51)
	at com.google.common.collect.Iterators$9.transform(Iterators.java:845)
	at com.google.common.collect.TransformedIterator.next(TransformedIterator.java:48)
	at com.google.common.collect.Iterables$3.next(Iterables.java:512)
	at com.google.common.collect.Iterables$3.next(Iterables.java:505)
	at com.google.common.collect.Iterators$6.hasNext(Iterators.java:583)
	at com.google.common.collect.Iterators$8.computeNext(Iterators.java:686)
	at com.google.common.collect.AbstractIterator.tryToComputeNext(AbstractIterator.java:143)
	at com.google.common.collect.AbstractIterator.hasNext(AbstractIterator.java:138)
	at org.jclouds.concurrent.FutureIterables.transformParallel(FutureIterables.java:97)
	at org.jclouds.concurrent.FutureIterables.transformParallel(FutureIterables.java:86)
	at org.jclouds.vcloud.functions.VAppTemplatesForCatalogItems.apply(VAppTemplatesForCatalogItems.java:82)
	at org.jclouds.vcloud.functions.VAppTemplatesForCatalogItems.apply(VAppTemplatesForCatalogItems.java:51)
	at org.jclouds.vcloud.functions.VAppTemplatesInOrg.apply(VAppTemplatesInOrg.java:57)
	at org.jclouds.vcloud.functions.VAppTemplatesInOrg.apply(VAppTemplatesInOrg.java:41)
	at org.jclouds.vcloud.suppliers.VAppTemplatesSupplier$1$1.call(VAppTemplatesSupplier.java:82)
	at org.jclouds.vcloud.suppliers.VAppTemplatesSupplier$1$1.call(VAppTemplatesSupplier.java:78)
	at java.util.concurrent.FutureTask$Sync.innerRun(FutureTask.java:303)
	at java.util.concurrent.FutureTask.run(FutureTask.java:138)
	at java.util.concurrent.ThreadPoolExecutor$Worker.runTask(ThreadPoolExecutor.java:886)
	at java.util.concurrent.ThreadPoolExecutor$Worker.run(ThreadPoolExecutor.java:908)
	at java.lang.Thread.run(Thread.java:680)
Apr 23, 2012 9:14:03 PM org.jclouds.logging.jdk.JDKLogger logError
SEVERE: catalogItems in https://zone01.bluelock.com/api/v1.0/catalog/e9316391-51f3-4662-98a9-55b168022a80, completed: 5/8, errors: 1, rate: 109ms/op
java.lang.RuntimeException: request: GET https://zone01.bluelock.com/api/v1.0/catalogItem/f258357d-2614-47a4-a4b4-c0909f6871d5 HTTP/1.1; response: HTTP/1.1 200 OK; cause: java.lang.RuntimeException: request: GET https://zone01.bluelock.com/api/v1.0/catalogItem/f258357d-2614-47a4-a4b4-c0909f6871d5 HTTP/1.1; cause: java.lang.NullPointerException
	at org.jclouds.http.functions.ParseSax.addDetailsAndPropagate(ParseSax.java:174)
	at org.jclouds.http.functions.ParseSax.addDetailsAndPropagate(ParseSax.java:146)
	at org.jclouds.http.functions.ParseSax.apply(ParseSax.java:88)
	at org.jclouds.http.functions.ParseSax.apply(ParseSax.java:54)
	at com.google.common.util.concurrent.Futures$3.apply(Futures.java:380)
	at com.google.common.util.concurrent.Futures$ChainingListenableFuture.run(Futures.java:522)
	at java.util.concurrent.ThreadPoolExecutor$Worker.runTask(ThreadPoolExecutor.java:886)
	at java.util.concurrent.ThreadPoolExecutor$Worker.run(ThreadPoolExecutor.java:908)
	at java.lang.Thread.run(Thread.java:680)
Caused by: java.lang.RuntimeException: request: GET https://zone01.bluelock.com/api/v1.0/catalogItem/f258357d-2614-47a4-a4b4-c0909f6871d5 HTTP/1.1; cause: java.lang.NullPointerException
	at org.jclouds.http.functions.ParseSax.addDetailsAndPropagate(ParseSax.java:174)
	at org.jclouds.http.functions.ParseSax.addDetailsAndPropagate(ParseSax.java:146)
	at org.jclouds.http.functions.ParseSax.parse(ParseSax.java:132)
	at org.jclouds.http.functions.ParseSax.apply(ParseSax.java:86)
	... 6 more
Caused by: java.lang.NullPointerException
	at org.jclouds.vcloud.xml.CatalogItemHandler.getResult(CatalogItemHandler.java:50)
	at org.jclouds.vcloud.xml.CatalogItemHandler.getResult(CatalogItemHandler.java:39)
	at org.jclouds.http.functions.ParseSax.doParse(ParseSax.java:142)
	at org.jclouds.http.functions.ParseSax.parse(ParseSax.java:130)
	... 7 more
Apr 23, 2012 9:14:03 PM org.jclouds.logging.jdk.JDKLogger logError
SEVERE: catalogItems in https://zone01.bluelock.com/api/v1.0/catalog/e9316391-51f3-4662-98a9-55b168022a80, completed: 7/8, errors: 1, rate: 112ms/op
java.lang.RuntimeException: catalogItems in https://zone01.bluelock.com/api/v1.0/catalog/e9316391-51f3-4662-98a9-55b168022a80, completed: 7/8, errors: 1, rate: 112ms/op
	at org.jclouds.concurrent.FutureIterables.awaitCompletion(FutureIterables.java:157)
	at org.jclouds.concurrent.FutureIterables.transformParallel(FutureIterables.java:101)
	at org.jclouds.concurrent.FutureIterables.transformParallel(FutureIterables.java:86)
	at org.jclouds.vcloud.functions.AllCatalogItemsInCatalog.apply(AllCatalogItemsInCatalog.java:64)
	at org.jclouds.vcloud.functions.AllCatalogItemsInCatalog.apply(AllCatalogItemsInCatalog.java:47)
	at org.jclouds.vcloud.functions.AllCatalogItemsInOrg$1.apply(AllCatalogItemsInOrg.java:54)
	at org.jclouds.vcloud.functions.AllCatalogItemsInOrg$1.apply(AllCatalogItemsInOrg.java:51)
	at com.google.common.collect.Iterators$9.transform(Iterators.java:845)
	at com.google.common.collect.TransformedIterator.next(TransformedIterator.java:48)
	at com.google.common.collect.Iterables$3.next(Iterables.java:512)
	at com.google.common.collect.Iterables$3.next(Iterables.java:505)
	at com.google.common.collect.Iterators$6.hasNext(Iterators.java:583)
	at com.google.common.collect.Iterators$8.computeNext(Iterators.java:686)
	at com.google.common.collect.AbstractIterator.tryToComputeNext(AbstractIterator.java:143)
	at com.google.common.collect.AbstractIterator.hasNext(AbstractIterator.java:138)
	at org.jclouds.concurrent.FutureIterables.transformParallel(FutureIterables.java:97)
	at org.jclouds.concurrent.FutureIterables.transformParallel(FutureIterables.java:86)
	at org.jclouds.vcloud.functions.VAppTemplatesForCatalogItems.apply(VAppTemplatesForCatalogItems.java:82)
	at org.jclouds.vcloud.functions.VAppTemplatesForCatalogItems.apply(VAppTemplatesForCatalogItems.java:51)
	at org.jclouds.vcloud.functions.VAppTemplatesInOrg.apply(VAppTemplatesInOrg.java:57)
	at org.jclouds.vcloud.functions.VAppTemplatesInOrg.apply(VAppTemplatesInOrg.java:41)
	at org.jclouds.vcloud.suppliers.VAppTemplatesSupplier$1$1.call(VAppTemplatesSupplier.java:82)
	at org.jclouds.vcloud.suppliers.VAppTemplatesSupplier$1$1.call(VAppTemplatesSupplier.java:78)
	at java.util.concurrent.FutureTask$Sync.innerRun(FutureTask.java:303)
	at java.util.concurrent.FutureTask.run(FutureTask.java:138)
	at java.util.concurrent.ThreadPoolExecutor$Worker.runTask(ThreadPoolExecutor.java:886)
	at java.util.concurrent.ThreadPoolExecutor$Worker.run(ThreadPoolExecutor.java:908)
	at java.lang.Thread.run(Thread.java:680)
Apr 23, 2012 9:14:05 PM org.jclouds.logging.jdk.JDKLogger logError
SEVERE: images in [[href=https://zone01.bluelock.com/api/v1.0/org/d7b75404-aef4-4977-a007-03d0a21c1bc0, name=Jclouds, type=application/vnd.vmware.vcloud.org+xml, fullName=Jclouds, description=null, catalogs={public01=[href=https://zone01.bluelock.com/api/v1.0/catalog/17b2cb9b-1893-43d2-a0b0-cc0e3ae20251, name=public01, type=application/vnd.vmware.vcloud.catalog+xml], private01-Jclouds=[href=https://zone01.bluelock.com/api/v1.0/catalog/e9316391-51f3-4662-98a9-55b168022a80, name=private01-Jclouds, type=application/vnd.vmware.vcloud.catalog+xml]}, networks={internet01-Jclouds=[href=https://zone01.bluelock.com/api/v1.0/network/7161b44e-c1ae-457d-9804-8d3d689f1d32, name=internet01-Jclouds, type=application/vnd.vmware.vcloud.network+xml], isolation01-Jclouds=[href=https://zone01.bluelock.com/api/v1.0/network/f4c08477-a0b9-455e-800f-612a13a3448c, name=isolation01-Jclouds, type=application/vnd.vmware.vcloud.network+xml]}, tasksList=[href=https://zone01.bluelock.com/api/v1.0/tasksList/d7b75404-aef4-4977-a007-03d0a21c1bc0, name=null, type=application/vnd.vmware.vcloud.tasksList+xml], vdcs={Cluster01-Jclouds=[href=https://zone01.bluelock.com/api/v1.0/vdc/9db4ee77-33e7-4b83-96be-eee9925eaa9b, name=Cluster01-Jclouds, type=application/vnd.vmware.vcloud.vdc+xml]}, tasks=[]]], completed: 0/1, errors: 1, rate: 4863ms/op
java.util.concurrent.ExecutionException: java.lang.NullPointerException
	at java.util.concurrent.FutureTask$Sync.innerGet(FutureTask.java:222)
	at java.util.concurrent.FutureTask.get(FutureTask.java:83)
	at org.jclouds.concurrent.config.ExecutorServiceModule$DescribedFuture.get(ExecutorServiceModule.java:237)
	at org.jclouds.concurrent.FutureIterables$1.run(FutureIterables.java:134)
	at java.util.concurrent.ThreadPoolExecutor$Worker.runTask(ThreadPoolExecutor.java:886)
	at java.util.concurrent.ThreadPoolExecutor$Worker.run(ThreadPoolExecutor.java:908)
	at java.lang.Thread.run(Thread.java:680)
Caused by: java.lang.NullPointerException
	at com.google.common.base.Preconditions.checkNotNull(Preconditions.java:191)
	at com.google.common.collect.NaturalOrdering.compare(NaturalOrdering.java:35)
	at com.google.common.collect.NaturalOrdering.compare(NaturalOrdering.java:28)
	at java.util.Arrays.mergeSort(Arrays.java:1270)
	at java.util.Arrays.mergeSort(Arrays.java:1281)
	at java.util.Arrays.mergeSort(Arrays.java:1281)
	at java.util.Arrays.sort(Arrays.java:1210)
	at com.google.common.collect.SortedIterables.sortedUnique(SortedIterables.java:95)
	at com.google.common.collect.ImmutableSortedSet.copyOfInternal(ImmutableSortedSet.java:408)
	at com.google.common.collect.ImmutableSortedSet.copyOf(ImmutableSortedSet.java:343)
	at com.google.common.collect.ImmutableSortedSet.copyOf(ImmutableSortedSet.java:251)
	at org.jclouds.util.Iterables2.concreteCopy(Iterables2.java:37)
	at org.jclouds.vcloud.functions.VAppTemplatesForCatalogItems.apply(VAppTemplatesForCatalogItems.java:82)
	at org.jclouds.vcloud.functions.VAppTemplatesForCatalogItems.apply(VAppTemplatesForCatalogItems.java:51)
	at org.jclouds.vcloud.functions.VAppTemplatesInOrg.apply(VAppTemplatesInOrg.java:57)
	at org.jclouds.vcloud.functions.VAppTemplatesInOrg.apply(VAppTemplatesInOrg.java:41)
	at org.jclouds.vcloud.suppliers.VAppTemplatesSupplier$1$1.call(VAppTemplatesSupplier.java:82)
	at org.jclouds.vcloud.suppliers.VAppTemplatesSupplier$1$1.call(VAppTemplatesSupplier.java:78)
	at java.util.concurrent.FutureTask$Sync.innerRun(FutureTask.java:303)
	at java.util.concurrent.FutureTask.run(FutureTask.java:138)
	at java.util.concurrent.ThreadPoolExecutor$Worker.runTask(ThreadPoolExecutor.java:886)
	at java.util.concurrent.ThreadPoolExecutor$Worker.run(ThreadPoolExecutor.java:908)
	at java.lang.Thread.run(Thread.java:680)
	at org.jclouds.concurrent.config.ExecutorServiceModule$DescribingExecutorService.submit(ExecutorServiceModule.java:182)
	at org.jclouds.vcloud.suppliers.VAppTemplatesSupplier$1.apply(VAppTemplatesSupplier.java:78)
	at org.jclouds.vcloud.suppliers.VAppTemplatesSupplier$1.apply(VAppTemplatesSupplier.java:73)
	at org.jclouds.concurrent.FutureIterables.transformParallel(FutureIterables.java:98)
	at org.jclouds.concurrent.FutureIterables.transformParallel(FutureIterables.java:86)
	at org.jclouds.vcloud.suppliers.VAppTemplatesSupplier.get(VAppTemplatesSupplier.java:72)
	at org.jclouds.vcloud.suppliers.VAppTemplatesSupplier.get(VAppTemplatesSupplier.java:49)
	at org.jclouds.vcloud.compute.strategy.VCloudComputeServiceAdapter.supportedTemplates(VCloudComputeServiceAdapter.java:103)
	at org.jclouds.vcloud.compute.strategy.VCloudComputeServiceAdapter.listImages(VCloudComputeServiceAdapter.java:121)
	at org.jclouds.compute.config.ComputeServiceAdapterContextModule$2.get(ComputeServiceAdapterContextModule.java:116)
	at org.jclouds.compute.config.ComputeServiceAdapterContextModule$2.get(ComputeServiceAdapterContextModule.java:112)
	at org.jclouds.collect.TransformingSetSupplier.get(TransformingSetSupplier.java:47)
	at org.jclouds.collect.TransformingSetSupplier.get(TransformingSetSupplier.java:36)
	at org.jclouds.compute.config.BaseComputeServiceContextModule$9.get(BaseComputeServiceContextModule.java:247)
	at org.jclouds.compute.config.BaseComputeServiceContextModule$9.get(BaseComputeServiceContextModule.java:244)
	at org.jclouds.rest.suppliers.SetAndThrowAuthorizationExceptionSupplier.get(SetAndThrowAuthorizationExceptionSupplier.java:49)
	at org.jclouds.concurrent.RetryOnTimeOutExceptionSupplier.get(RetryOnTimeOutExceptionSupplier.java:47)
	at org.jclouds.util.Suppliers2$ExpiringMemoizingSupplier.get(Suppliers2.java:130)
	at org.jclouds.rest.suppliers.MemoizedRetryOnTimeOutButNotOnAuthorizationExceptionSupplier.get(MemoizedRetryOnTimeOutButNotOnAuthorizationExceptionSupplier.java:64)
	at org.jclouds.compute.domain.internal.TemplateBuilderImpl.getImages(TemplateBuilderImpl.java:737)
	at org.jclouds.compute.domain.internal.TemplateBuilderImpl.build(TemplateBuilderImpl.java:612)
	at org.jclouds.compute.domain.internal.TemplateBuilderImpl.build(TemplateBuilderImpl.java:606)
	at org.jclouds.compute.internal.BaseTemplateBuilderLiveTest.tryOverrideUsingPropertyKey(BaseTemplateBuilderLiveTest.java:274)
	at org.jclouds.compute.internal.BaseTemplateBuilderLiveTest.testTemplateBuilderWithLoginUserSpecified(BaseTemplateBuilderLiveTest.java:252)
	at sun.reflect.NativeMethodAccessorImpl.invoke0(Native Method)
	at sun.reflect.NativeMethodAccessorImpl.invoke(NativeMethodAccessorImpl.java:39)
	at sun.reflect.DelegatingMethodAccessorImpl.invoke(DelegatingMethodAccessorImpl.java:25)
	at java.lang.reflect.Method.invoke(Method.java:597)
	at org.testng.internal.MethodInvocationHelper.invokeMethod(MethodInvocationHelper.java:80)
	at org.testng.internal.Invoker.invokeMethod(Invoker.java:701)
	at org.testng.internal.Invoker.invokeTestMethod(Invoker.java:893)
	at org.testng.internal.Invoker.invokeTestMethods(Invoker.java:1218)
	at org.testng.internal.TestMethodWorker.invokeTestMethods(TestMethodWorker.java:127)
	at org.testng.internal.TestMethodWorker.run(TestMethodWorker.java:111)
	at org.testng.TestRunner.privateRun(TestRunner.java:758)
	at org.testng.TestRunner.run(TestRunner.java:613)
	at org.testng.SuiteRunner.runTest(SuiteRunner.java:334)
	at org.testng.SuiteRunner.access$000(SuiteRunner.java:37)
	at org.testng.SuiteRunner$SuiteWorker.run(SuiteRunner.java:368)
	at org.testng.internal.thread.ThreadUtil$2.call(ThreadUtil.java:64)
	at java.util.concurrent.FutureTask$Sync.innerRun(FutureTask.java:303)
	at java.util.concurrent.FutureTask.run(FutureTask.java:138)
	at java.util.concurrent.ThreadPoolExecutor$Worker.runTask(ThreadPoolExecutor.java:886)
	at java.util.concurrent.ThreadPoolExecutor$Worker.run(ThreadPoolExecutor.java:908)
	at java.lang.Thread.run(Thread.java:680)
	at org.jclouds.concurrent.config.ExecutorServiceModule$DescribingExecutorService.submit(ExecutorServiceModule.java:182)
	at org.jclouds.vcloud.suppliers.VAppTemplatesSupplier$1.apply(VAppTemplatesSupplier.java:78)
	at org.jclouds.vcloud.suppliers.VAppTemplatesSupplier$1.apply(VAppTemplatesSupplier.java:73)
	at org.jclouds.concurrent.FutureIterables.transformParallel(FutureIterables.java:98)
	at org.jclouds.concurrent.FutureIterables.transformParallel(FutureIterables.java:86)
	at org.jclouds.vcloud.suppliers.VAppTemplatesSupplier.get(VAppTemplatesSupplier.java:72)
	at org.jclouds.vcloud.suppliers.VAppTemplatesSupplier.get(VAppTemplatesSupplier.java:49)
	at org.jclouds.vcloud.compute.strategy.VCloudComputeServiceAdapter.supportedTemplates(VCloudComputeServiceAdapter.java:103)
	at org.jclouds.vcloud.compute.strategy.VCloudComputeServiceAdapter.listImages(VCloudComputeServiceAdapter.java:121)
	at org.jclouds.compute.config.ComputeServiceAdapterContextModule$2.get(ComputeServiceAdapterContextModule.java:116)
	at org.jclouds.compute.config.ComputeServiceAdapterContextModule$2.get(ComputeServiceAdapterContextModule.java:112)
	at org.jclouds.collect.TransformingSetSupplier.get(TransformingSetSupplier.java:47)
	at org.jclouds.collect.TransformingSetSupplier.get(TransformingSetSupplier.java:36)
	at org.jclouds.compute.config.BaseComputeServiceContextModule$9.get(BaseComputeServiceContextModule.java:247)
	at org.jclouds.compute.config.BaseComputeServiceContextModule$9.get(BaseComputeServiceContextModule.java:244)
	at org.jclouds.rest.suppliers.SetAndThrowAuthorizationExceptionSupplier.get(SetAndThrowAuthorizationExceptionSupplier.java:49)
	at org.jclouds.concurrent.RetryOnTimeOutExceptionSupplier.get(RetryOnTimeOutExceptionSupplier.java:47)
	at org.jclouds.util.Suppliers2$ExpiringMemoizingSupplier.get(Suppliers2.java:130)
	at org.jclouds.rest.suppliers.MemoizedRetryOnTimeOutButNotOnAuthorizationExceptionSupplier.get(MemoizedRetryOnTimeOutButNotOnAuthorizationExceptionSupplier.java:64)
	at org.jclouds.compute.domain.internal.TemplateBuilderImpl.getImages(TemplateBuilderImpl.java:737)
	at org.jclouds.compute.domain.internal.TemplateBuilderImpl.build(TemplateBuilderImpl.java:612)
	at org.jclouds.compute.domain.internal.TemplateBuilderImpl.build(TemplateBuilderImpl.java:606)
	at org.jclouds.compute.internal.BaseTemplateBuilderLiveTest.tryOverrideUsingPropertyKey(BaseTemplateBuilderLiveTest.java:274)
	at org.jclouds.compute.internal.BaseTemplateBuilderLiveTest.testTemplateBuilderWithLoginUserSpecified(BaseTemplateBuilderLiveTest.java:252)
	at sun.reflect.NativeMethodAccessorImpl.invoke0(Native Method)
	at sun.reflect.NativeMethodAccessorImpl.invoke(NativeMethodAccessorImpl.java:39)
	at sun.reflect.DelegatingMethodAccessorImpl.invoke(DelegatingMethodAccessorImpl.java:25)
	at java.lang.reflect.Method.invoke(Method.java:597)
	at org.testng.internal.MethodInvocationHelper.invokeMethod(MethodInvocationHelper.java:80)
	at org.testng.internal.Invoker.invokeMethod(Invoker.java:701)
	at org.testng.internal.Invoker.invokeTestMethod(Invoker.java:893)
	at org.testng.internal.Invoker.invokeTestMethods(Invoker.java:1218)
	at org.testng.internal.TestMethodWorker.invokeTestMethods(TestMethodWorker.java:127)
	at org.testng.internal.TestMethodWorker.run(TestMethodWorker.java:111)
	at org.testng.TestRunner.privateRun(TestRunner.java:758)
	at org.testng.TestRunner.run(TestRunner.java:613)
	at org.testng.SuiteRunner.runTest(SuiteRunner.java:334)
	at org.testng.SuiteRunner.access$000(SuiteRunner.java:37)
	at org.testng.SuiteRunner$SuiteWorker.run(SuiteRunner.java:368)
	at org.testng.internal.thread.ThreadUtil$2.call(ThreadUtil.java:64)
	at java.util.concurrent.FutureTask$Sync.innerRun(FutureTask.java:303)
	at java.util.concurrent.FutureTask.run(FutureTask.java:138)
	... 3 more
Apr 23, 2012 9:14:05 PM org.jclouds.logging.jdk.JDKLogger logError
SEVERE: images in [[href=https://zone01.bluelock.com/api/v1.0/org/d7b75404-aef4-4977-a007-03d0a21c1bc0, name=Jclouds, type=application/vnd.vmware.vcloud.org+xml, fullName=Jclouds, description=null, catalogs={public01=[href=https://zone01.bluelock.com/api/v1.0/catalog/17b2cb9b-1893-43d2-a0b0-cc0e3ae20251, name=public01, type=application/vnd.vmware.vcloud.catalog+xml], private01-Jclouds=[href=https://zone01.bluelock.com/api/v1.0/catalog/e9316391-51f3-4662-98a9-55b168022a80, name=private01-Jclouds, type=application/vnd.vmware.vcloud.catalog+xml]}, networks={internet01-Jclouds=[href=https://zone01.bluelock.com/api/v1.0/network/7161b44e-c1ae-457d-9804-8d3d689f1d32, name=internet01-Jclouds, type=application/vnd.vmware.vcloud.network+xml], isolation01-Jclouds=[href=https://zone01.bluelock.com/api/v1.0/network/f4c08477-a0b9-455e-800f-612a13a3448c, name=isolation01-Jclouds, type=application/vnd.vmware.vcloud.network+xml]}, tasksList=[href=https://zone01.bluelock.com/api/v1.0/tasksList/d7b75404-aef4-4977-a007-03d0a21c1bc0, name=null, type=application/vnd.vmware.vcloud.tasksList+xml], vdcs={Cluster01-Jclouds=[href=https://zone01.bluelock.com/api/v1.0/vdc/9db4ee77-33e7-4b83-96be-eee9925eaa9b, name=Cluster01-Jclouds, type=application/vnd.vmware.vcloud.vdc+xml]}, tasks=[]]], completed: 0/1, errors: 1, rate: 4864ms/op
java.lang.RuntimeException: images in [[href=https://zone01.bluelock.com/api/v1.0/org/d7b75404-aef4-4977-a007-03d0a21c1bc0, name=Jclouds, type=application/vnd.vmware.vcloud.org+xml, fullName=Jclouds, description=null, catalogs={public01=[href=https://zone01.bluelock.com/api/v1.0/catalog/17b2cb9b-1893-43d2-a0b0-cc0e3ae20251, name=public01, type=application/vnd.vmware.vcloud.catalog+xml], private01-Jclouds=[href=https://zone01.bluelock.com/api/v1.0/catalog/e9316391-51f3-4662-98a9-55b168022a80, name=private01-Jclouds, type=application/vnd.vmware.vcloud.catalog+xml]}, networks={internet01-Jclouds=[href=https://zone01.bluelock.com/api/v1.0/network/7161b44e-c1ae-457d-9804-8d3d689f1d32, name=internet01-Jclouds, type=application/vnd.vmware.vcloud.network+xml], isolation01-Jclouds=[href=https://zone01.bluelock.com/api/v1.0/network/f4c08477-a0b9-455e-800f-612a13a3448c, name=isolation01-Jclouds, type=application/vnd.vmware.vcloud.network+xml]}, tasksList=[href=https://zone01.bluelock.com/api/v1.0/tasksList/d7b75404-aef4-4977-a007-03d0a21c1bc0, name=null, type=application/vnd.vmware.vcloud.tasksList+xml], vdcs={Cluster01-Jclouds=[href=https://zone01.bluelock.com/api/v1.0/vdc/9db4ee77-33e7-4b83-96be-eee9925eaa9b, name=Cluster01-Jclouds, type=application/vnd.vmware.vcloud.vdc+xml]}, tasks=[]]], completed: 0/1, errors: 1, rate: 4864ms/op
	at org.jclouds.concurrent.FutureIterables.awaitCompletion(FutureIterables.java:157)
	at org.jclouds.concurrent.FutureIterables.transformParallel(FutureIterables.java:101)
	at org.jclouds.concurrent.FutureIterables.transformParallel(FutureIterables.java:86)
	at org.jclouds.vcloud.suppliers.VAppTemplatesSupplier.get(VAppTemplatesSupplier.java:72)
	at org.jclouds.vcloud.suppliers.VAppTemplatesSupplier.get(VAppTemplatesSupplier.java:49)
	at org.jclouds.vcloud.compute.strategy.VCloudComputeServiceAdapter.supportedTemplates(VCloudComputeServiceAdapter.java:103)
	at org.jclouds.vcloud.compute.strategy.VCloudComputeServiceAdapter.listImages(VCloudComputeServiceAdapter.java:121)
	at org.jclouds.compute.config.ComputeServiceAdapterContextModule$2.get(ComputeServiceAdapterContextModule.java:116)
	at org.jclouds.compute.config.ComputeServiceAdapterContextModule$2.get(ComputeServiceAdapterContextModule.java:112)
	at org.jclouds.collect.TransformingSetSupplier.get(TransformingSetSupplier.java:47)
	at org.jclouds.collect.TransformingSetSupplier.get(TransformingSetSupplier.java:36)
	at org.jclouds.compute.config.BaseComputeServiceContextModule$9.get(BaseComputeServiceContextModule.java:247)
	at org.jclouds.compute.config.BaseComputeServiceContextModule$9.get(BaseComputeServiceContextModule.java:244)
	at org.jclouds.rest.suppliers.SetAndThrowAuthorizationExceptionSupplier.get(SetAndThrowAuthorizationExceptionSupplier.java:49)
	at org.jclouds.concurrent.RetryOnTimeOutExceptionSupplier.get(RetryOnTimeOutExceptionSupplier.java:47)
	at org.jclouds.util.Suppliers2$ExpiringMemoizingSupplier.get(Suppliers2.java:130)
	at org.jclouds.rest.suppliers.MemoizedRetryOnTimeOutButNotOnAuthorizationExceptionSupplier.get(MemoizedRetryOnTimeOutButNotOnAuthorizationExceptionSupplier.java:64)
	at org.jclouds.compute.domain.internal.TemplateBuilderImpl.getImages(TemplateBuilderImpl.java:737)
	at org.jclouds.compute.domain.internal.TemplateBuilderImpl.build(TemplateBuilderImpl.java:612)
	at org.jclouds.compute.domain.internal.TemplateBuilderImpl.build(TemplateBuilderImpl.java:606)
	at org.jclouds.compute.internal.BaseTemplateBuilderLiveTest.tryOverrideUsingPropertyKey(BaseTemplateBuilderLiveTest.java:274)
	at org.jclouds.compute.internal.BaseTemplateBuilderLiveTest.testTemplateBuilderWithLoginUserSpecified(BaseTemplateBuilderLiveTest.java:252)
	at sun.reflect.NativeMethodAccessorImpl.invoke0(Native Method)
	at sun.reflect.NativeMethodAccessorImpl.invoke(NativeMethodAccessorImpl.java:39)
	at sun.reflect.DelegatingMethodAccessorImpl.invoke(DelegatingMethodAccessorImpl.java:25)
	at java.lang.reflect.Method.invoke(Method.java:597)
	at org.testng.internal.MethodInvocationHelper.invokeMethod(MethodInvocationHelper.java:80)
	at org.testng.internal.Invoker.invokeMethod(Invoker.java:701)
	at org.testng.internal.Invoker.invokeTestMethod(Invoker.java:893)
	at org.testng.internal.Invoker.invokeTestMethods(Invoker.java:1218)
	at org.testng.internal.TestMethodWorker.invokeTestMethods(TestMethodWorker.java:127)
	at org.testng.internal.TestMethodWorker.run(TestMethodWorker.java:111)
	at org.testng.TestRunner.privateRun(TestRunner.java:758)
	at org.testng.TestRunner.run(TestRunner.java:613)
	at org.testng.SuiteRunner.runTest(SuiteRunner.java:334)
	at org.testng.SuiteRunner.access$000(SuiteRunner.java:37)
	at org.testng.SuiteRunner$SuiteWorker.run(SuiteRunner.java:368)
	at org.testng.internal.thread.ThreadUtil$2.call(ThreadUtil.java:64)
	at java.util.concurrent.FutureTask$Sync.innerRun(FutureTask.java:303)
	at java.util.concurrent.FutureTask.run(FutureTask.java:138)
	at java.util.concurrent.ThreadPoolExecutor$Worker.runTask(ThreadPoolExecutor.java:886)
	at java.util.concurrent.ThreadPoolExecutor$Worker.run(ThreadPoolExecutor.java:908)
	at java.lang.Thread.run(Thread.java:680)
Apr 23, 2012 9:14:08 PM org.jclouds.logging.jdk.JDKLogger logError
SEVERE: catalogItems in https://zone01.bluelock.com/api/v1.0/catalog/e9316391-51f3-4662-98a9-55b168022a80, completed: 2/8, errors: 1, rate: 100ms/op
java.lang.RuntimeException: request: GET https://zone01.bluelock.com/api/v1.0/catalogItem/3742ac28-85f3-4ae3-89df-96812985da3d HTTP/1.1; response: HTTP/1.1 200 OK; cause: java.lang.RuntimeException: request: GET https://zone01.bluelock.com/api/v1.0/catalogItem/3742ac28-85f3-4ae3-89df-96812985da3d HTTP/1.1; cause: java.lang.NullPointerException
	at org.jclouds.http.functions.ParseSax.addDetailsAndPropagate(ParseSax.java:174)
	at org.jclouds.http.functions.ParseSax.addDetailsAndPropagate(ParseSax.java:146)
	at org.jclouds.http.functions.ParseSax.apply(ParseSax.java:88)
	at org.jclouds.http.functions.ParseSax.apply(ParseSax.java:54)
	at com.google.common.util.concurrent.Futures$3.apply(Futures.java:380)
	at com.google.common.util.concurrent.Futures$ChainingListenableFuture.run(Futures.java:522)
	at java.util.concurrent.ThreadPoolExecutor$Worker.runTask(ThreadPoolExecutor.java:886)
	at java.util.concurrent.ThreadPoolExecutor$Worker.run(ThreadPoolExecutor.java:908)
	at java.lang.Thread.run(Thread.java:680)
Caused by: java.lang.RuntimeException: request: GET https://zone01.bluelock.com/api/v1.0/catalogItem/3742ac28-85f3-4ae3-89df-96812985da3d HTTP/1.1; cause: java.lang.NullPointerException
	at org.jclouds.http.functions.ParseSax.addDetailsAndPropagate(ParseSax.java:174)
	at org.jclouds.http.functions.ParseSax.addDetailsAndPropagate(ParseSax.java:146)
	at org.jclouds.http.functions.ParseSax.parse(ParseSax.java:132)
	at org.jclouds.http.functions.ParseSax.apply(ParseSax.java:86)
	... 6 more
Caused by: java.lang.NullPointerException
	at org.jclouds.vcloud.xml.CatalogItemHandler.getResult(CatalogItemHandler.java:50)
	at org.jclouds.vcloud.xml.CatalogItemHandler.getResult(CatalogItemHandler.java:39)
	at org.jclouds.http.functions.ParseSax.doParse(ParseSax.java:142)
	at org.jclouds.http.functions.ParseSax.parse(ParseSax.java:130)
	... 7 more
Apr 23, 2012 9:14:08 PM org.jclouds.logging.jdk.JDKLogger logError
SEVERE: catalogItems in https://zone01.bluelock.com/api/v1.0/catalog/e9316391-51f3-4662-98a9-55b168022a80, completed: 6/8, errors: 2, rate: 102ms/op
java.lang.RuntimeException: request: GET https://zone01.bluelock.com/api/v1.0/catalogItem/d1e79f15-fbaf-4c1f-8494-6928b83d491b HTTP/1.1; response: HTTP/1.1 200 OK; cause: java.lang.RuntimeException: request: GET https://zone01.bluelock.com/api/v1.0/catalogItem/d1e79f15-fbaf-4c1f-8494-6928b83d491b HTTP/1.1; cause: java.lang.NullPointerException
	at org.jclouds.http.functions.ParseSax.addDetailsAndPropagate(ParseSax.java:174)
	at org.jclouds.http.functions.ParseSax.addDetailsAndPropagate(ParseSax.java:146)
	at org.jclouds.http.functions.ParseSax.apply(ParseSax.java:88)
	at org.jclouds.http.functions.ParseSax.apply(ParseSax.java:54)
	at com.google.common.util.concurrent.Futures$3.apply(Futures.java:380)
	at com.google.common.util.concurrent.Futures$ChainingListenableFuture.run(Futures.java:522)
	at java.util.concurrent.ThreadPoolExecutor$Worker.runTask(ThreadPoolExecutor.java:886)
	at java.util.concurrent.ThreadPoolExecutor$Worker.run(ThreadPoolExecutor.java:908)
	at java.lang.Thread.run(Thread.java:680)
Caused by: java.lang.RuntimeException: request: GET https://zone01.bluelock.com/api/v1.0/catalogItem/d1e79f15-fbaf-4c1f-8494-6928b83d491b HTTP/1.1; cause: java.lang.NullPointerException
	at org.jclouds.http.functions.ParseSax.addDetailsAndPropagate(ParseSax.java:174)
	at org.jclouds.http.functions.ParseSax.addDetailsAndPropagate(ParseSax.java:146)
	at org.jclouds.http.functions.ParseSax.parse(ParseSax.java:132)
	at org.jclouds.http.functions.ParseSax.apply(ParseSax.java:86)
	... 6 more
Caused by: java.lang.NullPointerException
	at org.jclouds.vcloud.xml.CatalogItemHandler.getResult(CatalogItemHandler.java:50)
	at org.jclouds.vcloud.xml.CatalogItemHandler.getResult(CatalogItemHandler.java:39)
	at org.jclouds.http.functions.ParseSax.doParse(ParseSax.java:142)
	at org.jclouds.http.functions.ParseSax.parse(ParseSax.java:130)
	... 7 more
Apr 23, 2012 9:14:08 PM org.jclouds.logging.jdk.JDKLogger logError
SEVERE: catalogItems in https://zone01.bluelock.com/api/v1.0/catalog/e9316391-51f3-4662-98a9-55b168022a80, completed: 6/8, errors: 2, rate: 102ms/op
java.lang.RuntimeException: catalogItems in https://zone01.bluelock.com/api/v1.0/catalog/e9316391-51f3-4662-98a9-55b168022a80, completed: 6/8, errors: 2, rate: 102ms/op
	at org.jclouds.concurrent.FutureIterables.awaitCompletion(FutureIterables.java:157)
	at org.jclouds.concurrent.FutureIterables.transformParallel(FutureIterables.java:101)
	at org.jclouds.concurrent.FutureIterables.transformParallel(FutureIterables.java:86)
	at org.jclouds.vcloud.functions.AllCatalogItemsInCatalog.apply(AllCatalogItemsInCatalog.java:64)
	at org.jclouds.vcloud.functions.AllCatalogItemsInCatalog.apply(AllCatalogItemsInCatalog.java:47)
	at org.jclouds.vcloud.functions.AllCatalogItemsInOrg$1.apply(AllCatalogItemsInOrg.java:54)
	at org.jclouds.vcloud.functions.AllCatalogItemsInOrg$1.apply(AllCatalogItemsInOrg.java:51)
	at com.google.common.collect.Iterators$9.transform(Iterators.java:845)
	at com.google.common.collect.TransformedIterator.next(TransformedIterator.java:48)
	at com.google.common.collect.Iterables$3.next(Iterables.java:512)
	at com.google.common.collect.Iterables$3.next(Iterables.java:505)
	at com.google.common.collect.Iterators$6.hasNext(Iterators.java:583)
	at com.google.common.collect.Iterators$8.computeNext(Iterators.java:686)
	at com.google.common.collect.AbstractIterator.tryToComputeNext(AbstractIterator.java:143)
	at com.google.common.collect.AbstractIterator.hasNext(AbstractIterator.java:138)
	at org.jclouds.concurrent.FutureIterables.transformParallel(FutureIterables.java:97)
	at org.jclouds.concurrent.FutureIterables.transformParallel(FutureIterables.java:86)
	at org.jclouds.vcloud.functions.VAppTemplatesForCatalogItems.apply(VAppTemplatesForCatalogItems.java:82)
	at org.jclouds.vcloud.functions.VAppTemplatesForCatalogItems.apply(VAppTemplatesForCatalogItems.java:51)
	at org.jclouds.vcloud.functions.VAppTemplatesInOrg.apply(VAppTemplatesInOrg.java:57)
	at org.jclouds.vcloud.functions.VAppTemplatesInOrg.apply(VAppTemplatesInOrg.java:41)
	at org.jclouds.vcloud.suppliers.VAppTemplatesSupplier$1$1.call(VAppTemplatesSupplier.java:82)
	at org.jclouds.vcloud.suppliers.VAppTemplatesSupplier$1$1.call(VAppTemplatesSupplier.java:78)
	at java.util.concurrent.FutureTask$Sync.innerRun(FutureTask.java:303)
	at java.util.concurrent.FutureTask.run(FutureTask.java:138)
	at java.util.concurrent.ThreadPoolExecutor$Worker.runTask(ThreadPoolExecutor.java:886)
	at java.util.concurrent.ThreadPoolExecutor$Worker.run(ThreadPoolExecutor.java:908)
	at java.lang.Thread.run(Thread.java:680)
Apr 23, 2012 9:14:09 PM org.jclouds.logging.jdk.JDKLogger logError
SEVERE: images in [[href=https://zone01.bluelock.com/api/v1.0/org/d7b75404-aef4-4977-a007-03d0a21c1bc0, name=Jclouds, type=application/vnd.vmware.vcloud.org+xml, fullName=Jclouds, description=null, catalogs={public01=[href=https://zone01.bluelock.com/api/v1.0/catalog/17b2cb9b-1893-43d2-a0b0-cc0e3ae20251, name=public01, type=application/vnd.vmware.vcloud.catalog+xml], private01-Jclouds=[href=https://zone01.bluelock.com/api/v1.0/catalog/e9316391-51f3-4662-98a9-55b168022a80, name=private01-Jclouds, type=application/vnd.vmware.vcloud.catalog+xml]}, networks={internet01-Jclouds=[href=https://zone01.bluelock.com/api/v1.0/network/7161b44e-c1ae-457d-9804-8d3d689f1d32, name=internet01-Jclouds, type=application/vnd.vmware.vcloud.network+xml], isolation01-Jclouds=[href=https://zone01.bluelock.com/api/v1.0/network/f4c08477-a0b9-455e-800f-612a13a3448c, name=isolation01-Jclouds, type=application/vnd.vmware.vcloud.network+xml]}, tasksList=[href=https://zone01.bluelock.com/api/v1.0/tasksList/d7b75404-aef4-4977-a007-03d0a21c1bc0, name=null, type=application/vnd.vmware.vcloud.tasksList+xml], vdcs={Cluster01-Jclouds=[href=https://zone01.bluelock.com/api/v1.0/vdc/9db4ee77-33e7-4b83-96be-eee9925eaa9b, name=Cluster01-Jclouds, type=application/vnd.vmware.vcloud.vdc+xml]}, tasks=[]]], completed: 0/1, errors: 1, rate: 4049ms/op
java.util.concurrent.ExecutionException: java.lang.NullPointerException
	at java.util.concurrent.FutureTask$Sync.innerGet(FutureTask.java:222)
	at java.util.concurrent.FutureTask.get(FutureTask.java:83)
	at org.jclouds.concurrent.config.ExecutorServiceModule$DescribedFuture.get(ExecutorServiceModule.java:237)
	at org.jclouds.concurrent.FutureIterables$1.run(FutureIterables.java:134)
	at java.util.concurrent.ThreadPoolExecutor$Worker.runTask(ThreadPoolExecutor.java:886)
	at java.util.concurrent.ThreadPoolExecutor$Worker.run(ThreadPoolExecutor.java:908)
	at java.lang.Thread.run(Thread.java:680)
Caused by: java.lang.NullPointerException
	at com.google.common.base.Preconditions.checkNotNull(Preconditions.java:191)
	at com.google.common.collect.NaturalOrdering.compare(NaturalOrdering.java:35)
	at com.google.common.collect.NaturalOrdering.compare(NaturalOrdering.java:28)
	at java.util.Arrays.mergeSort(Arrays.java:1270)
	at java.util.Arrays.mergeSort(Arrays.java:1281)
	at java.util.Arrays.mergeSort(Arrays.java:1281)
	at java.util.Arrays.sort(Arrays.java:1210)
	at com.google.common.collect.SortedIterables.sortedUnique(SortedIterables.java:95)
	at com.google.common.collect.ImmutableSortedSet.copyOfInternal(ImmutableSortedSet.java:408)
	at com.google.common.collect.ImmutableSortedSet.copyOf(ImmutableSortedSet.java:343)
	at com.google.common.collect.ImmutableSortedSet.copyOf(ImmutableSortedSet.java:251)
	at org.jclouds.util.Iterables2.concreteCopy(Iterables2.java:37)
	at org.jclouds.vcloud.functions.VAppTemplatesForCatalogItems.apply(VAppTemplatesForCatalogItems.java:82)
	at org.jclouds.vcloud.functions.VAppTemplatesForCatalogItems.apply(VAppTemplatesForCatalogItems.java:51)
	at org.jclouds.vcloud.functions.VAppTemplatesInOrg.apply(VAppTemplatesInOrg.java:57)
	at org.jclouds.vcloud.functions.VAppTemplatesInOrg.apply(VAppTemplatesInOrg.java:41)
	at org.jclouds.vcloud.suppliers.VAppTemplatesSupplier$1$1.call(VAppTemplatesSupplier.java:82)
	at org.jclouds.vcloud.suppliers.VAppTemplatesSupplier$1$1.call(VAppTemplatesSupplier.java:78)
	at java.util.concurrent.FutureTask$Sync.innerRun(FutureTask.java:303)
	at java.util.concurrent.FutureTask.run(FutureTask.java:138)
	at java.util.concurrent.ThreadPoolExecutor$Worker.runTask(ThreadPoolExecutor.java:886)
	at java.util.concurrent.ThreadPoolExecutor$Worker.run(ThreadPoolExecutor.java:908)
	at java.lang.Thread.run(Thread.java:680)
	at org.jclouds.concurrent.config.ExecutorServiceModule$DescribingExecutorService.submit(ExecutorServiceModule.java:182)
	at org.jclouds.vcloud.suppliers.VAppTemplatesSupplier$1.apply(VAppTemplatesSupplier.java:78)
	at org.jclouds.vcloud.suppliers.VAppTemplatesSupplier$1.apply(VAppTemplatesSupplier.java:73)
	at org.jclouds.concurrent.FutureIterables.transformParallel(FutureIterables.java:98)
	at org.jclouds.concurrent.FutureIterables.transformParallel(FutureIterables.java:86)
	at org.jclouds.vcloud.suppliers.VAppTemplatesSupplier.get(VAppTemplatesSupplier.java:72)
	at org.jclouds.vcloud.suppliers.VAppTemplatesSupplier.get(VAppTemplatesSupplier.java:49)
	at org.jclouds.vcloud.compute.strategy.VCloudComputeServiceAdapter.supportedTemplates(VCloudComputeServiceAdapter.java:103)
	at org.jclouds.vcloud.compute.strategy.VCloudComputeServiceAdapter.listImages(VCloudComputeServiceAdapter.java:121)
	at org.jclouds.compute.config.ComputeServiceAdapterContextModule$2.get(ComputeServiceAdapterContextModule.java:116)
	at org.jclouds.compute.config.ComputeServiceAdapterContextModule$2.get(ComputeServiceAdapterContextModule.java:112)
	at org.jclouds.collect.TransformingSetSupplier.get(TransformingSetSupplier.java:47)
	at org.jclouds.collect.TransformingSetSupplier.get(TransformingSetSupplier.java:36)
	at org.jclouds.compute.config.BaseComputeServiceContextModule$9.get(BaseComputeServiceContextModule.java:247)
	at org.jclouds.compute.config.BaseComputeServiceContextModule$9.get(BaseComputeServiceContextModule.java:244)
	at org.jclouds.rest.suppliers.SetAndThrowAuthorizationExceptionSupplier.get(SetAndThrowAuthorizationExceptionSupplier.java:49)
	at org.jclouds.concurrent.RetryOnTimeOutExceptionSupplier.get(RetryOnTimeOutExceptionSupplier.java:47)
	at org.jclouds.util.Suppliers2$ExpiringMemoizingSupplier.get(Suppliers2.java:130)
	at org.jclouds.rest.suppliers.MemoizedRetryOnTimeOutButNotOnAuthorizationExceptionSupplier.get(MemoizedRetryOnTimeOutButNotOnAuthorizationExceptionSupplier.java:64)
	at org.jclouds.compute.domain.internal.TemplateBuilderImpl.getImages(TemplateBuilderImpl.java:737)
	at org.jclouds.compute.domain.internal.TemplateBuilderImpl.build(TemplateBuilderImpl.java:612)
	at org.jclouds.compute.domain.internal.TemplateBuilderImpl.build(TemplateBuilderImpl.java:606)
	at org.jclouds.compute.internal.BaseTemplateBuilderLiveTest.tryOverrideUsingPropertyKey(BaseTemplateBuilderLiveTest.java:274)
	at org.jclouds.compute.internal.BaseTemplateBuilderLiveTest.testTemplateBuilderWithLoginUserSpecified(BaseTemplateBuilderLiveTest.java:252)
	at sun.reflect.NativeMethodAccessorImpl.invoke0(Native Method)
	at sun.reflect.NativeMethodAccessorImpl.invoke(NativeMethodAccessorImpl.java:39)
	at sun.reflect.DelegatingMethodAccessorImpl.invoke(DelegatingMethodAccessorImpl.java:25)
	at java.lang.reflect.Method.invoke(Method.java:597)
	at org.testng.internal.MethodInvocationHelper.invokeMethod(MethodInvocationHelper.java:80)
	at org.testng.internal.Invoker.invokeMethod(Invoker.java:701)
	at org.testng.internal.Invoker.invokeTestMethod(Invoker.java:893)
	at org.testng.internal.Invoker.invokeTestMethods(Invoker.java:1218)
	at org.testng.internal.TestMethodWorker.invokeTestMethods(TestMethodWorker.java:127)
	at org.testng.internal.TestMethodWorker.run(TestMethodWorker.java:111)
	at org.testng.TestRunner.privateRun(TestRunner.java:758)
	at org.testng.TestRunner.run(TestRunner.java:613)
	at org.testng.SuiteRunner.runTest(SuiteRunner.java:334)
	at org.testng.SuiteRunner.access$000(SuiteRunner.java:37)
	at org.testng.SuiteRunner$SuiteWorker.run(SuiteRunner.java:368)
	at org.testng.internal.thread.ThreadUtil$2.call(ThreadUtil.java:64)
	at java.util.concurrent.FutureTask$Sync.innerRun(FutureTask.java:303)
	at java.util.concurrent.FutureTask.run(FutureTask.java:138)
	at java.util.concurrent.ThreadPoolExecutor$Worker.runTask(ThreadPoolExecutor.java:886)
	at java.util.concurrent.ThreadPoolExecutor$Worker.run(ThreadPoolExecutor.java:908)
	at java.lang.Thread.run(Thread.java:680)
	at org.jclouds.concurrent.config.ExecutorServiceModule$DescribingExecutorService.submit(ExecutorServiceModule.java:182)
	at org.jclouds.vcloud.suppliers.VAppTemplatesSupplier$1.apply(VAppTemplatesSupplier.java:78)
	at org.jclouds.vcloud.suppliers.VAppTemplatesSupplier$1.apply(VAppTemplatesSupplier.java:73)
	at org.jclouds.concurrent.FutureIterables.transformParallel(FutureIterables.java:98)
	at org.jclouds.concurrent.FutureIterables.transformParallel(FutureIterables.java:86)
	at org.jclouds.vcloud.suppliers.VAppTemplatesSupplier.get(VAppTemplatesSupplier.java:72)
	at org.jclouds.vcloud.suppliers.VAppTemplatesSupplier.get(VAppTemplatesSupplier.java:49)
	at org.jclouds.vcloud.compute.strategy.VCloudComputeServiceAdapter.supportedTemplates(VCloudComputeServiceAdapter.java:103)
	at org.jclouds.vcloud.compute.strategy.VCloudComputeServiceAdapter.listImages(VCloudComputeServiceAdapter.java:121)
	at org.jclouds.compute.config.ComputeServiceAdapterContextModule$2.get(ComputeServiceAdapterContextModule.java:116)
	at org.jclouds.compute.config.ComputeServiceAdapterContextModule$2.get(ComputeServiceAdapterContextModule.java:112)
	at org.jclouds.collect.TransformingSetSupplier.get(TransformingSetSupplier.java:47)
	at org.jclouds.collect.TransformingSetSupplier.get(TransformingSetSupplier.java:36)
	at org.jclouds.compute.config.BaseComputeServiceContextModule$9.get(BaseComputeServiceContextModule.java:247)
	at org.jclouds.compute.config.BaseComputeServiceContextModule$9.get(BaseComputeServiceContextModule.java:244)
	at org.jclouds.rest.suppliers.SetAndThrowAuthorizationExceptionSupplier.get(SetAndThrowAuthorizationExceptionSupplier.java:49)
	at org.jclouds.concurrent.RetryOnTimeOutExceptionSupplier.get(RetryOnTimeOutExceptionSupplier.java:47)
	at org.jclouds.util.Suppliers2$ExpiringMemoizingSupplier.get(Suppliers2.java:130)
	at org.jclouds.rest.suppliers.MemoizedRetryOnTimeOutButNotOnAuthorizationExceptionSupplier.get(MemoizedRetryOnTimeOutButNotOnAuthorizationExceptionSupplier.java:64)
	at org.jclouds.compute.domain.internal.TemplateBuilderImpl.getImages(TemplateBuilderImpl.java:737)
	at org.jclouds.compute.domain.internal.TemplateBuilderImpl.build(TemplateBuilderImpl.java:612)
	at org.jclouds.compute.domain.internal.TemplateBuilderImpl.build(TemplateBuilderImpl.java:606)
	at org.jclouds.compute.internal.BaseTemplateBuilderLiveTest.tryOverrideUsingPropertyKey(BaseTemplateBuilderLiveTest.java:274)
	at org.jclouds.compute.internal.BaseTemplateBuilderLiveTest.testTemplateBuilderWithLoginUserSpecified(BaseTemplateBuilderLiveTest.java:252)
	at sun.reflect.NativeMethodAccessorImpl.invoke0(Native Method)
	at sun.reflect.NativeMethodAccessorImpl.invoke(NativeMethodAccessorImpl.java:39)
	at sun.reflect.DelegatingMethodAccessorImpl.invoke(DelegatingMethodAccessorImpl.java:25)
	at java.lang.reflect.Method.invoke(Method.java:597)
	at org.testng.internal.MethodInvocationHelper.invokeMethod(MethodInvocationHelper.java:80)
	at org.testng.internal.Invoker.invokeMethod(Invoker.java:701)
	at org.testng.internal.Invoker.invokeTestMethod(Invoker.java:893)
	at org.testng.internal.Invoker.invokeTestMethods(Invoker.java:1218)
	at org.testng.internal.TestMethodWorker.invokeTestMethods(TestMethodWorker.java:127)
	at org.testng.internal.TestMethodWorker.run(TestMethodWorker.java:111)
	at org.testng.TestRunner.privateRun(TestRunner.java:758)
	at org.testng.TestRunner.run(TestRunner.java:613)
	at org.testng.SuiteRunner.runTest(SuiteRunner.java:334)
	at org.testng.SuiteRunner.access$000(SuiteRunner.java:37)
	at org.testng.SuiteRunner$SuiteWorker.run(SuiteRunner.java:368)
	at org.testng.internal.thread.ThreadUtil$2.call(ThreadUtil.java:64)
	at java.util.concurrent.FutureTask$Sync.innerRun(FutureTask.java:303)
	at java.util.concurrent.FutureTask.run(FutureTask.java:138)
	... 3 more
Apr 23, 2012 9:14:09 PM org.jclouds.logging.jdk.JDKLogger logError
SEVERE: images in [[href=https://zone01.bluelock.com/api/v1.0/org/d7b75404-aef4-4977-a007-03d0a21c1bc0, name=Jclouds, type=application/vnd.vmware.vcloud.org+xml, fullName=Jclouds, description=null, catalogs={public01=[href=https://zone01.bluelock.com/api/v1.0/catalog/17b2cb9b-1893-43d2-a0b0-cc0e3ae20251, name=public01, type=application/vnd.vmware.vcloud.catalog+xml], private01-Jclouds=[href=https://zone01.bluelock.com/api/v1.0/catalog/e9316391-51f3-4662-98a9-55b168022a80, name=private01-Jclouds, type=application/vnd.vmware.vcloud.catalog+xml]}, networks={internet01-Jclouds=[href=https://zone01.bluelock.com/api/v1.0/network/7161b44e-c1ae-457d-9804-8d3d689f1d32, name=internet01-Jclouds, type=application/vnd.vmware.vcloud.network+xml], isolation01-Jclouds=[href=https://zone01.bluelock.com/api/v1.0/network/f4c08477-a0b9-455e-800f-612a13a3448c, name=isolation01-Jclouds, type=application/vnd.vmware.vcloud.network+xml]}, tasksList=[href=https://zone01.bluelock.com/api/v1.0/tasksList/d7b75404-aef4-4977-a007-03d0a21c1bc0, name=null, type=application/vnd.vmware.vcloud.tasksList+xml], vdcs={Cluster01-Jclouds=[href=https://zone01.bluelock.com/api/v1.0/vdc/9db4ee77-33e7-4b83-96be-eee9925eaa9b, name=Cluster01-Jclouds, type=application/vnd.vmware.vcloud.vdc+xml]}, tasks=[]]], completed: 0/1, errors: 1, rate: 4049ms/op
java.lang.RuntimeException: images in [[href=https://zone01.bluelock.com/api/v1.0/org/d7b75404-aef4-4977-a007-03d0a21c1bc0, name=Jclouds, type=application/vnd.vmware.vcloud.org+xml, fullName=Jclouds, description=null, catalogs={public01=[href=https://zone01.bluelock.com/api/v1.0/catalog/17b2cb9b-1893-43d2-a0b0-cc0e3ae20251, name=public01, type=application/vnd.vmware.vcloud.catalog+xml], private01-Jclouds=[href=https://zone01.bluelock.com/api/v1.0/catalog/e9316391-51f3-4662-98a9-55b168022a80, name=private01-Jclouds, type=application/vnd.vmware.vcloud.catalog+xml]}, networks={internet01-Jclouds=[href=https://zone01.bluelock.com/api/v1.0/network/7161b44e-c1ae-457d-9804-8d3d689f1d32, name=internet01-Jclouds, type=application/vnd.vmware.vcloud.network+xml], isolation01-Jclouds=[href=https://zone01.bluelock.com/api/v1.0/network/f4c08477-a0b9-455e-800f-612a13a3448c, name=isolation01-Jclouds, type=application/vnd.vmware.vcloud.network+xml]}, tasksList=[href=https://zone01.bluelock.com/api/v1.0/tasksList/d7b75404-aef4-4977-a007-03d0a21c1bc0, name=null, type=application/vnd.vmware.vcloud.tasksList+xml], vdcs={Cluster01-Jclouds=[href=https://zone01.bluelock.com/api/v1.0/vdc/9db4ee77-33e7-4b83-96be-eee9925eaa9b, name=Cluster01-Jclouds, type=application/vnd.vmware.vcloud.vdc+xml]}, tasks=[]]], completed: 0/1, errors: 1, rate: 4049ms/op
	at org.jclouds.concurrent.FutureIterables.awaitCompletion(FutureIterables.java:157)
	at org.jclouds.concurrent.FutureIterables.transformParallel(FutureIterables.java:101)
	at org.jclouds.concurrent.FutureIterables.transformParallel(FutureIterables.java:86)
	at org.jclouds.vcloud.suppliers.VAppTemplatesSupplier.get(VAppTemplatesSupplier.java:72)
	at org.jclouds.vcloud.suppliers.VAppTemplatesSupplier.get(VAppTemplatesSupplier.java:49)
	at org.jclouds.vcloud.compute.strategy.VCloudComputeServiceAdapter.supportedTemplates(VCloudComputeServiceAdapter.java:103)
	at org.jclouds.vcloud.compute.strategy.VCloudComputeServiceAdapter.listImages(VCloudComputeServiceAdapter.java:121)
	at org.jclouds.compute.config.ComputeServiceAdapterContextModule$2.get(ComputeServiceAdapterContextModule.java:116)
	at org.jclouds.compute.config.ComputeServiceAdapterContextModule$2.get(ComputeServiceAdapterContextModule.java:112)
	at org.jclouds.collect.TransformingSetSupplier.get(TransformingSetSupplier.java:47)
	at org.jclouds.collect.TransformingSetSupplier.get(TransformingSetSupplier.java:36)
	at org.jclouds.compute.config.BaseComputeServiceContextModule$9.get(BaseComputeServiceContextModule.java:247)
	at org.jclouds.compute.config.BaseComputeServiceContextModule$9.get(BaseComputeServiceContextModule.java:244)
	at org.jclouds.rest.suppliers.SetAndThrowAuthorizationExceptionSupplier.get(SetAndThrowAuthorizationExceptionSupplier.java:49)
	at org.jclouds.concurrent.RetryOnTimeOutExceptionSupplier.get(RetryOnTimeOutExceptionSupplier.java:47)
	at org.jclouds.util.Suppliers2$ExpiringMemoizingSupplier.get(Suppliers2.java:130)
	at org.jclouds.rest.suppliers.MemoizedRetryOnTimeOutButNotOnAuthorizationExceptionSupplier.get(MemoizedRetryOnTimeOutButNotOnAuthorizationExceptionSupplier.java:64)
	at org.jclouds.compute.domain.internal.TemplateBuilderImpl.getImages(TemplateBuilderImpl.java:737)
	at org.jclouds.compute.domain.internal.TemplateBuilderImpl.build(TemplateBuilderImpl.java:612)
	at org.jclouds.compute.domain.internal.TemplateBuilderImpl.build(TemplateBuilderImpl.java:606)
	at org.jclouds.compute.internal.BaseTemplateBuilderLiveTest.tryOverrideUsingPropertyKey(BaseTemplateBuilderLiveTest.java:274)
	at org.jclouds.compute.internal.BaseTemplateBuilderLiveTest.testTemplateBuilderWithLoginUserSpecified(BaseTemplateBuilderLiveTest.java:252)
	at sun.reflect.NativeMethodAccessorImpl.invoke0(Native Method)
	at sun.reflect.NativeMethodAccessorImpl.invoke(NativeMethodAccessorImpl.java:39)
	at sun.reflect.DelegatingMethodAccessorImpl.invoke(DelegatingMethodAccessorImpl.java:25)
	at java.lang.reflect.Method.invoke(Method.java:597)
	at org.testng.internal.MethodInvocationHelper.invokeMethod(MethodInvocationHelper.java:80)
	at org.testng.internal.Invoker.invokeMethod(Invoker.java:701)
	at org.testng.internal.Invoker.invokeTestMethod(Invoker.java:893)
	at org.testng.internal.Invoker.invokeTestMethods(Invoker.java:1218)
	at org.testng.internal.TestMethodWorker.invokeTestMethods(TestMethodWorker.java:127)
	at org.testng.internal.TestMethodWorker.run(TestMethodWorker.java:111)
	at org.testng.TestRunner.privateRun(TestRunner.java:758)
	at org.testng.TestRunner.run(TestRunner.java:613)
	at org.testng.SuiteRunner.runTest(SuiteRunner.java:334)
	at org.testng.SuiteRunner.access$000(SuiteRunner.java:37)
	at org.testng.SuiteRunner$SuiteWorker.run(SuiteRunner.java:368)
	at org.testng.internal.thread.ThreadUtil$2.call(ThreadUtil.java:64)
	at java.util.concurrent.FutureTask$Sync.innerRun(FutureTask.java:303)
	at java.util.concurrent.FutureTask.run(FutureTask.java:138)
	at java.util.concurrent.ThreadPoolExecutor$Worker.runTask(ThreadPoolExecutor.java:886)
	at java.util.concurrent.ThreadPoolExecutor$Worker.run(ThreadPoolExecutor.java:908)
	at java.lang.Thread.run(Thread.java:680)
Apr 23, 2012 9:14:12 PM org.jclouds.logging.jdk.JDKLogger logError
SEVERE: catalogItems in https://zone01.bluelock.com/api/v1.0/catalog/e9316391-51f3-4662-98a9-55b168022a80, completed: 2/8, errors: 1, rate: 98ms/op
java.lang.RuntimeException: request: GET https://zone01.bluelock.com/api/v1.0/catalogItem/ef3b73eb-75c8-4ce2-a47d-3ca6474550d1 HTTP/1.1; response: HTTP/1.1 200 OK; cause: java.lang.RuntimeException: request: GET https://zone01.bluelock.com/api/v1.0/catalogItem/ef3b73eb-75c8-4ce2-a47d-3ca6474550d1 HTTP/1.1; cause: java.lang.NullPointerException
	at org.jclouds.http.functions.ParseSax.addDetailsAndPropagate(ParseSax.java:174)
	at org.jclouds.http.functions.ParseSax.addDetailsAndPropagate(ParseSax.java:146)
	at org.jclouds.http.functions.ParseSax.apply(ParseSax.java:88)
	at org.jclouds.http.functions.ParseSax.apply(ParseSax.java:54)
	at com.google.common.util.concurrent.Futures$3.apply(Futures.java:380)
	at com.google.common.util.concurrent.Futures$ChainingListenableFuture.run(Futures.java:522)
	at java.util.concurrent.ThreadPoolExecutor$Worker.runTask(ThreadPoolExecutor.java:886)
	at java.util.concurrent.ThreadPoolExecutor$Worker.run(ThreadPoolExecutor.java:908)
	at java.lang.Thread.run(Thread.java:680)
Caused by: java.lang.RuntimeException: request: GET https://zone01.bluelock.com/api/v1.0/catalogItem/ef3b73eb-75c8-4ce2-a47d-3ca6474550d1 HTTP/1.1; cause: java.lang.NullPointerException
	at org.jclouds.http.functions.ParseSax.addDetailsAndPropagate(ParseSax.java:174)
	at org.jclouds.http.functions.ParseSax.addDetailsAndPropagate(ParseSax.java:146)
	at org.jclouds.http.functions.ParseSax.parse(ParseSax.java:132)
	at org.jclouds.http.functions.ParseSax.apply(ParseSax.java:86)
	... 6 more
Caused by: java.lang.NullPointerException
	at org.jclouds.vcloud.xml.CatalogItemHandler.getResult(CatalogItemHandler.java:50)
	at org.jclouds.vcloud.xml.CatalogItemHandler.getResult(CatalogItemHandler.java:39)
	at org.jclouds.http.functions.ParseSax.doParse(ParseSax.java:142)
	at org.jclouds.http.functions.ParseSax.parse(ParseSax.java:130)
	... 7 more
Apr 23, 2012 9:14:12 PM org.jclouds.logging.jdk.JDKLogger logError
SEVERE: catalogItems in https://zone01.bluelock.com/api/v1.0/catalog/e9316391-51f3-4662-98a9-55b168022a80, completed: 7/8, errors: 1, rate: 99ms/op
java.lang.RuntimeException: catalogItems in https://zone01.bluelock.com/api/v1.0/catalog/e9316391-51f3-4662-98a9-55b168022a80, completed: 7/8, errors: 1, rate: 99ms/op
	at org.jclouds.concurrent.FutureIterables.awaitCompletion(FutureIterables.java:157)
	at org.jclouds.concurrent.FutureIterables.transformParallel(FutureIterables.java:101)
	at org.jclouds.concurrent.FutureIterables.transformParallel(FutureIterables.java:86)
	at org.jclouds.vcloud.functions.AllCatalogItemsInCatalog.apply(AllCatalogItemsInCatalog.java:64)
	at org.jclouds.vcloud.functions.AllCatalogItemsInCatalog.apply(AllCatalogItemsInCatalog.java:47)
	at org.jclouds.vcloud.functions.AllCatalogItemsInOrg$1.apply(AllCatalogItemsInOrg.java:54)
	at org.jclouds.vcloud.functions.AllCatalogItemsInOrg$1.apply(AllCatalogItemsInOrg.java:51)
	at com.google.common.collect.Iterators$9.transform(Iterators.java:845)
	at com.google.common.collect.TransformedIterator.next(TransformedIterator.java:48)
	at com.google.common.collect.Iterables$3.next(Iterables.java:512)
	at com.google.common.collect.Iterables$3.next(Iterables.java:505)
	at com.google.common.collect.Iterators$6.hasNext(Iterators.java:583)
	at com.google.common.collect.Iterators$8.computeNext(Iterators.java:686)
	at com.google.common.collect.AbstractIterator.tryToComputeNext(AbstractIterator.java:143)
	at com.google.common.collect.AbstractIterator.hasNext(AbstractIterator.java:138)
	at org.jclouds.concurrent.FutureIterables.transformParallel(FutureIterables.java:97)
	at org.jclouds.concurrent.FutureIterables.transformParallel(FutureIterables.java:86)
	at org.jclouds.vcloud.functions.VAppTemplatesForCatalogItems.apply(VAppTemplatesForCatalogItems.java:82)
	at org.jclouds.vcloud.functions.VAppTemplatesForCatalogItems.apply(VAppTemplatesForCatalogItems.java:51)
	at org.jclouds.vcloud.functions.VAppTemplatesInOrg.apply(VAppTemplatesInOrg.java:57)
	at org.jclouds.vcloud.functions.VAppTemplatesInOrg.apply(VAppTemplatesInOrg.java:41)
	at org.jclouds.vcloud.suppliers.VAppTemplatesSupplier$1$1.call(VAppTemplatesSupplier.java:82)
	at org.jclouds.vcloud.suppliers.VAppTemplatesSupplier$1$1.call(VAppTemplatesSupplier.java:78)
	at java.util.concurrent.FutureTask$Sync.innerRun(FutureTask.java:303)
	at java.util.concurrent.FutureTask.run(FutureTask.java:138)
	at java.util.concurrent.ThreadPoolExecutor$Worker.runTask(ThreadPoolExecutor.java:886)
	at java.util.concurrent.ThreadPoolExecutor$Worker.run(ThreadPoolExecutor.java:908)
	at java.lang.Thread.run(Thread.java:680)
Apr 23, 2012 9:14:14 PM org.jclouds.logging.jdk.JDKLogger logError
SEVERE: images in [[href=https://zone01.bluelock.com/api/v1.0/org/d7b75404-aef4-4977-a007-03d0a21c1bc0, name=Jclouds, type=application/vnd.vmware.vcloud.org+xml, fullName=Jclouds, description=null, catalogs={public01=[href=https://zone01.bluelock.com/api/v1.0/catalog/17b2cb9b-1893-43d2-a0b0-cc0e3ae20251, name=public01, type=application/vnd.vmware.vcloud.catalog+xml], private01-Jclouds=[href=https://zone01.bluelock.com/api/v1.0/catalog/e9316391-51f3-4662-98a9-55b168022a80, name=private01-Jclouds, type=application/vnd.vmware.vcloud.catalog+xml]}, networks={internet01-Jclouds=[href=https://zone01.bluelock.com/api/v1.0/network/7161b44e-c1ae-457d-9804-8d3d689f1d32, name=internet01-Jclouds, type=application/vnd.vmware.vcloud.network+xml], isolation01-Jclouds=[href=https://zone01.bluelock.com/api/v1.0/network/f4c08477-a0b9-455e-800f-612a13a3448c, name=isolation01-Jclouds, type=application/vnd.vmware.vcloud.network+xml]}, tasksList=[href=https://zone01.bluelock.com/api/v1.0/tasksList/d7b75404-aef4-4977-a007-03d0a21c1bc0, name=null, type=application/vnd.vmware.vcloud.tasksList+xml], vdcs={Cluster01-Jclouds=[href=https://zone01.bluelock.com/api/v1.0/vdc/9db4ee77-33e7-4b83-96be-eee9925eaa9b, name=Cluster01-Jclouds, type=application/vnd.vmware.vcloud.vdc+xml]}, tasks=[]]], completed: 0/1, errors: 1, rate: 4154ms/op
java.util.concurrent.ExecutionException: java.lang.NullPointerException
	at java.util.concurrent.FutureTask$Sync.innerGet(FutureTask.java:222)
	at java.util.concurrent.FutureTask.get(FutureTask.java:83)
	at org.jclouds.concurrent.config.ExecutorServiceModule$DescribedFuture.get(ExecutorServiceModule.java:237)
	at org.jclouds.concurrent.FutureIterables$1.run(FutureIterables.java:134)
	at java.util.concurrent.ThreadPoolExecutor$Worker.runTask(ThreadPoolExecutor.java:886)
	at java.util.concurrent.ThreadPoolExecutor$Worker.run(ThreadPoolExecutor.java:908)
	at java.lang.Thread.run(Thread.java:680)
Caused by: java.lang.NullPointerException
	at com.google.common.base.Preconditions.checkNotNull(Preconditions.java:191)
	at com.google.common.collect.NaturalOrdering.compare(NaturalOrdering.java:35)
	at com.google.common.collect.NaturalOrdering.compare(NaturalOrdering.java:28)
	at java.util.Arrays.mergeSort(Arrays.java:1270)
	at java.util.Arrays.mergeSort(Arrays.java:1281)
	at java.util.Arrays.mergeSort(Arrays.java:1281)
	at java.util.Arrays.sort(Arrays.java:1210)
	at com.google.common.collect.SortedIterables.sortedUnique(SortedIterables.java:95)
	at com.google.common.collect.ImmutableSortedSet.copyOfInternal(ImmutableSortedSet.java:408)
	at com.google.common.collect.ImmutableSortedSet.copyOf(ImmutableSortedSet.java:343)
	at com.google.common.collect.ImmutableSortedSet.copyOf(ImmutableSortedSet.java:251)
	at org.jclouds.util.Iterables2.concreteCopy(Iterables2.java:37)
	at org.jclouds.vcloud.functions.VAppTemplatesForCatalogItems.apply(VAppTemplatesForCatalogItems.java:82)
	at org.jclouds.vcloud.functions.VAppTemplatesForCatalogItems.apply(VAppTemplatesForCatalogItems.java:51)
	at org.jclouds.vcloud.functions.VAppTemplatesInOrg.apply(VAppTemplatesInOrg.java:57)
	at org.jclouds.vcloud.functions.VAppTemplatesInOrg.apply(VAppTemplatesInOrg.java:41)
	at org.jclouds.vcloud.suppliers.VAppTemplatesSupplier$1$1.call(VAppTemplatesSupplier.java:82)
	at org.jclouds.vcloud.suppliers.VAppTemplatesSupplier$1$1.call(VAppTemplatesSupplier.java:78)
	at java.util.concurrent.FutureTask$Sync.innerRun(FutureTask.java:303)
	at java.util.concurrent.FutureTask.run(FutureTask.java:138)
	at java.util.concurrent.ThreadPoolExecutor$Worker.runTask(ThreadPoolExecutor.java:886)
	at java.util.concurrent.ThreadPoolExecutor$Worker.run(ThreadPoolExecutor.java:908)
	at java.lang.Thread.run(Thread.java:680)
	at org.jclouds.concurrent.config.ExecutorServiceModule$DescribingExecutorService.submit(ExecutorServiceModule.java:182)
	at org.jclouds.vcloud.suppliers.VAppTemplatesSupplier$1.apply(VAppTemplatesSupplier.java:78)
	at org.jclouds.vcloud.suppliers.VAppTemplatesSupplier$1.apply(VAppTemplatesSupplier.java:73)
	at org.jclouds.concurrent.FutureIterables.transformParallel(FutureIterables.java:98)
	at org.jclouds.concurrent.FutureIterables.transformParallel(FutureIterables.java:86)
	at org.jclouds.vcloud.suppliers.VAppTemplatesSupplier.get(VAppTemplatesSupplier.java:72)
	at org.jclouds.vcloud.suppliers.VAppTemplatesSupplier.get(VAppTemplatesSupplier.java:49)
	at org.jclouds.vcloud.compute.strategy.VCloudComputeServiceAdapter.supportedTemplates(VCloudComputeServiceAdapter.java:103)
	at org.jclouds.vcloud.compute.strategy.VCloudComputeServiceAdapter.listImages(VCloudComputeServiceAdapter.java:121)
	at org.jclouds.compute.config.ComputeServiceAdapterContextModule$2.get(ComputeServiceAdapterContextModule.java:116)
	at org.jclouds.compute.config.ComputeServiceAdapterContextModule$2.get(ComputeServiceAdapterContextModule.java:112)
	at org.jclouds.collect.TransformingSetSupplier.get(TransformingSetSupplier.java:47)
	at org.jclouds.collect.TransformingSetSupplier.get(TransformingSetSupplier.java:36)
	at org.jclouds.compute.config.BaseComputeServiceContextModule$9.get(BaseComputeServiceContextModule.java:247)
	at org.jclouds.compute.config.BaseComputeServiceContextModule$9.get(BaseComputeServiceContextModule.java:244)
	at org.jclouds.rest.suppliers.SetAndThrowAuthorizationExceptionSupplier.get(SetAndThrowAuthorizationExceptionSupplier.java:49)
	at org.jclouds.concurrent.RetryOnTimeOutExceptionSupplier.get(RetryOnTimeOutExceptionSupplier.java:47)
	at org.jclouds.util.Suppliers2$ExpiringMemoizingSupplier.get(Suppliers2.java:130)
	at org.jclouds.rest.suppliers.MemoizedRetryOnTimeOutButNotOnAuthorizationExceptionSupplier.get(MemoizedRetryOnTimeOutButNotOnAuthorizationExceptionSupplier.java:64)
	at org.jclouds.compute.domain.internal.TemplateBuilderImpl.getImages(TemplateBuilderImpl.java:737)
	at org.jclouds.compute.domain.internal.TemplateBuilderImpl.build(TemplateBuilderImpl.java:612)
	at org.jclouds.compute.domain.internal.TemplateBuilderImpl.build(TemplateBuilderImpl.java:606)
	at org.jclouds.compute.internal.BaseTemplateBuilderLiveTest.tryOverrideUsingPropertyKey(BaseTemplateBuilderLiveTest.java:274)
	at org.jclouds.compute.internal.BaseTemplateBuilderLiveTest.testTemplateBuilderWithLoginUserSpecified(BaseTemplateBuilderLiveTest.java:252)
	at sun.reflect.NativeMethodAccessorImpl.invoke0(Native Method)
	at sun.reflect.NativeMethodAccessorImpl.invoke(NativeMethodAccessorImpl.java:39)
	at sun.reflect.DelegatingMethodAccessorImpl.invoke(DelegatingMethodAccessorImpl.java:25)
	at java.lang.reflect.Method.invoke(Method.java:597)
	at org.testng.internal.MethodInvocationHelper.invokeMethod(MethodInvocationHelper.java:80)
	at org.testng.internal.Invoker.invokeMethod(Invoker.java:701)
	at org.testng.internal.Invoker.invokeTestMethod(Invoker.java:893)
	at org.testng.internal.Invoker.invokeTestMethods(Invoker.java:1218)
	at org.testng.internal.TestMethodWorker.invokeTestMethods(TestMethodWorker.java:127)
	at org.testng.internal.TestMethodWorker.run(TestMethodWorker.java:111)
	at org.testng.TestRunner.privateRun(TestRunner.java:758)
	at org.testng.TestRunner.run(TestRunner.java:613)
	at org.testng.SuiteRunner.runTest(SuiteRunner.java:334)
	at org.testng.SuiteRunner.access$000(SuiteRunner.java:37)
	at org.testng.SuiteRunner$SuiteWorker.run(SuiteRunner.java:368)
	at org.testng.internal.thread.ThreadUtil$2.call(ThreadUtil.java:64)
	at java.util.concurrent.FutureTask$Sync.innerRun(FutureTask.java:303)
	at java.util.concurrent.FutureTask.run(FutureTask.java:138)
	at java.util.concurrent.ThreadPoolExecutor$Worker.runTask(ThreadPoolExecutor.java:886)
	at java.util.concurrent.ThreadPoolExecutor$Worker.run(ThreadPoolExecutor.java:908)
	at java.lang.Thread.run(Thread.java:680)
	at org.jclouds.concurrent.config.ExecutorServiceModule$DescribingExecutorService.submit(ExecutorServiceModule.java:182)
	at org.jclouds.vcloud.suppliers.VAppTemplatesSupplier$1.apply(VAppTemplatesSupplier.java:78)
	at org.jclouds.vcloud.suppliers.VAppTemplatesSupplier$1.apply(VAppTemplatesSupplier.java:73)
	at org.jclouds.concurrent.FutureIterables.transformParallel(FutureIterables.java:98)
	at org.jclouds.concurrent.FutureIterables.transformParallel(FutureIterables.java:86)
	at org.jclouds.vcloud.suppliers.VAppTemplatesSupplier.get(VAppTemplatesSupplier.java:72)
	at org.jclouds.vcloud.suppliers.VAppTemplatesSupplier.get(VAppTemplatesSupplier.java:49)
	at org.jclouds.vcloud.compute.strategy.VCloudComputeServiceAdapter.supportedTemplates(VCloudComputeServiceAdapter.java:103)
	at org.jclouds.vcloud.compute.strategy.VCloudComputeServiceAdapter.listImages(VCloudComputeServiceAdapter.java:121)
	at org.jclouds.compute.config.ComputeServiceAdapterContextModule$2.get(ComputeServiceAdapterContextModule.java:116)
	at org.jclouds.compute.config.ComputeServiceAdapterContextModule$2.get(ComputeServiceAdapterContextModule.java:112)
	at org.jclouds.collect.TransformingSetSupplier.get(TransformingSetSupplier.java:47)
	at org.jclouds.collect.TransformingSetSupplier.get(TransformingSetSupplier.java:36)
	at org.jclouds.compute.config.BaseComputeServiceContextModule$9.get(BaseComputeServiceContextModule.java:247)
	at org.jclouds.compute.config.BaseComputeServiceContextModule$9.get(BaseComputeServiceContextModule.java:244)
	at org.jclouds.rest.suppliers.SetAndThrowAuthorizationExceptionSupplier.get(SetAndThrowAuthorizationExceptionSupplier.java:49)
	at org.jclouds.concurrent.RetryOnTimeOutExceptionSupplier.get(RetryOnTimeOutExceptionSupplier.java:47)
	at org.jclouds.util.Suppliers2$ExpiringMemoizingSupplier.get(Suppliers2.java:130)
	at org.jclouds.rest.suppliers.MemoizedRetryOnTimeOutButNotOnAuthorizationExceptionSupplier.get(MemoizedRetryOnTimeOutButNotOnAuthorizationExceptionSupplier.java:64)
	at org.jclouds.compute.domain.internal.TemplateBuilderImpl.getImages(TemplateBuilderImpl.java:737)
	at org.jclouds.compute.domain.internal.TemplateBuilderImpl.build(TemplateBuilderImpl.java:612)
	at org.jclouds.compute.domain.internal.TemplateBuilderImpl.build(TemplateBuilderImpl.java:606)
	at org.jclouds.compute.internal.BaseTemplateBuilderLiveTest.tryOverrideUsingPropertyKey(BaseTemplateBuilderLiveTest.java:274)
	at org.jclouds.compute.internal.BaseTemplateBuilderLiveTest.testTemplateBuilderWithLoginUserSpecified(BaseTemplateBuilderLiveTest.java:252)
	at sun.reflect.NativeMethodAccessorImpl.invoke0(Native Method)
	at sun.reflect.NativeMethodAccessorImpl.invoke(NativeMethodAccessorImpl.java:39)
	at sun.reflect.DelegatingMethodAccessorImpl.invoke(DelegatingMethodAccessorImpl.java:25)
	at java.lang.reflect.Method.invoke(Method.java:597)
	at org.testng.internal.MethodInvocationHelper.invokeMethod(MethodInvocationHelper.java:80)
	at org.testng.internal.Invoker.invokeMethod(Invoker.java:701)
	at org.testng.internal.Invoker.invokeTestMethod(Invoker.java:893)
	at org.testng.internal.Invoker.invokeTestMethods(Invoker.java:1218)
	at org.testng.internal.TestMethodWorker.invokeTestMethods(TestMethodWorker.java:127)
	at org.testng.internal.TestMethodWorker.run(TestMethodWorker.java:111)
	at org.testng.TestRunner.privateRun(TestRunner.java:758)
	at org.testng.TestRunner.run(TestRunner.java:613)
	at org.testng.SuiteRunner.runTest(SuiteRunner.java:334)
	at org.testng.SuiteRunner.access$000(SuiteRunner.java:37)
	at org.testng.SuiteRunner$SuiteWorker.run(SuiteRunner.java:368)
	at org.testng.internal.thread.ThreadUtil$2.call(ThreadUtil.java:64)
	at java.util.concurrent.FutureTask$Sync.innerRun(FutureTask.java:303)
	at java.util.concurrent.FutureTask.run(FutureTask.java:138)
	... 3 more
Apr 23, 2012 9:14:14 PM org.jclouds.logging.jdk.JDKLogger logError
SEVERE: images in [[href=https://zone01.bluelock.com/api/v1.0/org/d7b75404-aef4-4977-a007-03d0a21c1bc0, name=Jclouds, type=application/vnd.vmware.vcloud.org+xml, fullName=Jclouds, description=null, catalogs={public01=[href=https://zone01.bluelock.com/api/v1.0/catalog/17b2cb9b-1893-43d2-a0b0-cc0e3ae20251, name=public01, type=application/vnd.vmware.vcloud.catalog+xml], private01-Jclouds=[href=https://zone01.bluelock.com/api/v1.0/catalog/e9316391-51f3-4662-98a9-55b168022a80, name=private01-Jclouds, type=application/vnd.vmware.vcloud.catalog+xml]}, networks={internet01-Jclouds=[href=https://zone01.bluelock.com/api/v1.0/network/7161b44e-c1ae-457d-9804-8d3d689f1d32, name=internet01-Jclouds, type=application/vnd.vmware.vcloud.network+xml], isolation01-Jclouds=[href=https://zone01.bluelock.com/api/v1.0/network/f4c08477-a0b9-455e-800f-612a13a3448c, name=isolation01-Jclouds, type=application/vnd.vmware.vcloud.network+xml]}, tasksList=[href=https://zone01.bluelock.com/api/v1.0/tasksList/d7b75404-aef4-4977-a007-03d0a21c1bc0, name=null, type=application/vnd.vmware.vcloud.tasksList+xml], vdcs={Cluster01-Jclouds=[href=https://zone01.bluelock.com/api/v1.0/vdc/9db4ee77-33e7-4b83-96be-eee9925eaa9b, name=Cluster01-Jclouds, type=application/vnd.vmware.vcloud.vdc+xml]}, tasks=[]]], completed: 0/1, errors: 1, rate: 4154ms/op
java.lang.RuntimeException: images in [[href=https://zone01.bluelock.com/api/v1.0/org/d7b75404-aef4-4977-a007-03d0a21c1bc0, name=Jclouds, type=application/vnd.vmware.vcloud.org+xml, fullName=Jclouds, description=null, catalogs={public01=[href=https://zone01.bluelock.com/api/v1.0/catalog/17b2cb9b-1893-43d2-a0b0-cc0e3ae20251, name=public01, type=application/vnd.vmware.vcloud.catalog+xml], private01-Jclouds=[href=https://zone01.bluelock.com/api/v1.0/catalog/e9316391-51f3-4662-98a9-55b168022a80, name=private01-Jclouds, type=application/vnd.vmware.vcloud.catalog+xml]}, networks={internet01-Jclouds=[href=https://zone01.bluelock.com/api/v1.0/network/7161b44e-c1ae-457d-9804-8d3d689f1d32, name=internet01-Jclouds, type=application/vnd.vmware.vcloud.network+xml], isolation01-Jclouds=[href=https://zone01.bluelock.com/api/v1.0/network/f4c08477-a0b9-455e-800f-612a13a3448c, name=isolation01-Jclouds, type=application/vnd.vmware.vcloud.network+xml]}, tasksList=[href=https://zone01.bluelock.com/api/v1.0/tasksList/d7b75404-aef4-4977-a007-03d0a21c1bc0, name=null, type=application/vnd.vmware.vcloud.tasksList+xml], vdcs={Cluster01-Jclouds=[href=https://zone01.bluelock.com/api/v1.0/vdc/9db4ee77-33e7-4b83-96be-eee9925eaa9b, name=Cluster01-Jclouds, type=application/vnd.vmware.vcloud.vdc+xml]}, tasks=[]]], completed: 0/1, errors: 1, rate: 4154ms/op
	at org.jclouds.concurrent.FutureIterables.awaitCompletion(FutureIterables.java:157)
	at org.jclouds.concurrent.FutureIterables.transformParallel(FutureIterables.java:101)
	at org.jclouds.concurrent.FutureIterables.transformParallel(FutureIterables.java:86)
	at org.jclouds.vcloud.suppliers.VAppTemplatesSupplier.get(VAppTemplatesSupplier.java:72)
	at org.jclouds.vcloud.suppliers.VAppTemplatesSupplier.get(VAppTemplatesSupplier.java:49)
	at org.jclouds.vcloud.compute.strategy.VCloudComputeServiceAdapter.supportedTemplates(VCloudComputeServiceAdapter.java:103)
	at org.jclouds.vcloud.compute.strategy.VCloudComputeServiceAdapter.listImages(VCloudComputeServiceAdapter.java:121)
	at org.jclouds.compute.config.ComputeServiceAdapterContextModule$2.get(ComputeServiceAdapterContextModule.java:116)
	at org.jclouds.compute.config.ComputeServiceAdapterContextModule$2.get(ComputeServiceAdapterContextModule.java:112)
	at org.jclouds.collect.TransformingSetSupplier.get(TransformingSetSupplier.java:47)
	at org.jclouds.collect.TransformingSetSupplier.get(TransformingSetSupplier.java:36)
	at org.jclouds.compute.config.BaseComputeServiceContextModule$9.get(BaseComputeServiceContextModule.java:247)
	at org.jclouds.compute.config.BaseComputeServiceContextModule$9.get(BaseComputeServiceContextModule.java:244)
	at org.jclouds.rest.suppliers.SetAndThrowAuthorizationExceptionSupplier.get(SetAndThrowAuthorizationExceptionSupplier.java:49)
	at org.jclouds.concurrent.RetryOnTimeOutExceptionSupplier.get(RetryOnTimeOutExceptionSupplier.java:47)
	at org.jclouds.util.Suppliers2$ExpiringMemoizingSupplier.get(Suppliers2.java:130)
	at org.jclouds.rest.suppliers.MemoizedRetryOnTimeOutButNotOnAuthorizationExceptionSupplier.get(MemoizedRetryOnTimeOutButNotOnAuthorizationExceptionSupplier.java:64)
	at org.jclouds.compute.domain.internal.TemplateBuilderImpl.getImages(TemplateBuilderImpl.java:737)
	at org.jclouds.compute.domain.internal.TemplateBuilderImpl.build(TemplateBuilderImpl.java:612)
	at org.jclouds.compute.domain.internal.TemplateBuilderImpl.build(TemplateBuilderImpl.java:606)
	at org.jclouds.compute.internal.BaseTemplateBuilderLiveTest.tryOverrideUsingPropertyKey(BaseTemplateBuilderLiveTest.java:274)
	at org.jclouds.compute.internal.BaseTemplateBuilderLiveTest.testTemplateBuilderWithLoginUserSpecified(BaseTemplateBuilderLiveTest.java:252)
	at sun.reflect.NativeMethodAccessorImpl.invoke0(Native Method)
	at sun.reflect.NativeMethodAccessorImpl.invoke(NativeMethodAccessorImpl.java:39)
	at sun.reflect.DelegatingMethodAccessorImpl.invoke(DelegatingMethodAccessorImpl.java:25)
	at java.lang.reflect.Method.invoke(Method.java:597)
	at org.testng.internal.MethodInvocationHelper.invokeMethod(MethodInvocationHelper.java:80)
	at org.testng.internal.Invoker.invokeMethod(Invoker.java:701)
	at org.testng.internal.Invoker.invokeTestMethod(Invoker.java:893)
	at org.testng.internal.Invoker.invokeTestMethods(Invoker.java:1218)
	at org.testng.internal.TestMethodWorker.invokeTestMethods(TestMethodWorker.java:127)
	at org.testng.internal.TestMethodWorker.run(TestMethodWorker.java:111)
	at org.testng.TestRunner.privateRun(TestRunner.java:758)
	at org.testng.TestRunner.run(TestRunner.java:613)
	at org.testng.SuiteRunner.runTest(SuiteRunner.java:334)
	at org.testng.SuiteRunner.access$000(SuiteRunner.java:37)
	at org.testng.SuiteRunner$SuiteWorker.run(SuiteRunner.java:368)
	at org.testng.internal.thread.ThreadUtil$2.call(ThreadUtil.java:64)
	at java.util.concurrent.FutureTask$Sync.innerRun(FutureTask.java:303)
	at java.util.concurrent.FutureTask.run(FutureTask.java:138)
	at java.util.concurrent.ThreadPoolExecutor$Worker.runTask(ThreadPoolExecutor.java:886)
	at java.util.concurrent.ThreadPoolExecutor$Worker.run(ThreadPoolExecutor.java:908)
	at java.lang.Thread.run(Thread.java:680)
[TestNG] Test testTemplateBuilderWithLoginUserSpecified(org.jclouds.bluelock.vcloud.zone01.compute.BluelockVCloudZone01TemplateBuilderLiveTest) failed.
Test suite progress: tests succeeded: 12, failed: 99, skipped: 11.
Starting test testDefaultTemplateBuilder(org.jclouds.bluelock.vcloud.zone01.compute.BluelockVCloudZone01TemplateBuilderLiveTest)
[TestNG] Test testDefaultTemplateBuilder(org.jclouds.bluelock.vcloud.zone01.compute.BluelockVCloudZone01TemplateBuilderLiveTest) failed.
Test suite progress: tests succeeded: 12, failed: 100, skipped: 11.
Tests run: 123, Failures: 100, Errors: 0, Skipped: 11, Time elapsed: 2,261.414 sec <<< FAILURE!

Results :

Failed tests:   testFindCatalogIsWriteableIfNotVersion1_5(org.jclouds.bluelock.vcloud.zone01.features.BluelockVCloudZone01CatalogClientLiveTest): expected:<true> but was:<false>
  testCompareSizes(org.jclouds.bluelock.vcloud.zone01.compute.BluelockVCloudZone01ComputeServiceLiveTest): error images in [[href=https://zone01.bluelock.com/api/v1.0/org/d7b75404-aef4-4977-a007-03d0a21c1bc0, name=Jclouds, type=application/vnd.vmware.vcloud.org+xml, fullName=Jclouds, description=null, catalogs={public01=[href=https://zone01.bluelock.com/api/v1.0/catalog/17b2cb9b-1893-43d2-a0b0-cc0e3ae20251, name=public01, type=application/vnd.vmware.vcloud.catalog+xml], private01-Jclouds=[href=https://zone01.bluelock.com/api/v1.0/catalog/e9316391-51f3-4662-98a9-55b168022a80, name=private01-Jclouds, type=application/vnd.vmware.vcloud.catalog+xml]}, networks={internet01-Jclouds=[href=https://zone01.bluelock.com/api/v1.0/network/7161b44e-c1ae-457d-9804-8d3d689f1d32, name=internet01-Jclouds, type=application/vnd.vmware.vcloud.network+xml], isolation01-Jclouds=[href=https://zone01.bluelock.com/api/v1.0/network/f4c08477-a0b9-455e-800f-612a13a3448c, name=isolation01-Jclouds, type=application/vnd.vmware.vcloud.network+xml]}, tasksList=[href=https://zone01.bluelock.com/api/v1.0/tasksList/d7b75404-aef4-4977-a007-03d0a21c1bc0, name=null, type=application/vnd.vmware.vcloud.tasksList+xml], vdcs={Cluster01-Jclouds=[href=https://zone01.bluelock.com/api/v1.0/vdc/9db4ee77-33e7-4b83-96be-eee9925eaa9b, name=Cluster01-Jclouds, type=application/vnd.vmware.vcloud.vdc+xml]}, tasks=[]]]: {[href=https://zone01.bluelock.com/api/v1.0/org/d7b75404-aef4-4977-a007-03d0a21c1bc0, name=Jclouds, type=application/vnd.vmware.vcloud.org+xml, fullName=Jclouds, description=null, catalogs={public01=[href=https://zone01.bluelock.com/api/v1.0/catalog/17b2cb9b-1893-43d2-a0b0-cc0e3ae20251, name=public01, type=application/vnd.vmware.vcloud.catalog+xml], private01-Jclouds=[href=https://zone01.bluelock.com/api/v1.0/catalog/e9316391-51f3-4662-98a9-55b168022a80, name=private01-Jclouds, type=application/vnd.vmware.vcloud.catalog+xml]}, networks={internet01-Jclouds=[href=https://zone01.bluelock.com/api/v1.0/network/7161b44e-c1ae-457d-9804-8d3d689f1d32, name=internet01-Jclouds, type=application/vnd.vmware.vcloud.network+xml], isolation01-Jclouds=[href=https://zone01.bluelock.com/api/v1.0/network/f4c08477-a0b9-455e-800f-612a13a3448c, name=isolation01-Jclouds, type=application/vnd.vmware.vcloud.network+xml]}, tasksList=[href=https://zone01.bluelock.com/api/v1.0/tasksList/d7b75404-aef4-4977-a007-03d0a21c1bc0, name=null, type=application/vnd.vmware.vcloud.tasksList+xml], vdcs={Cluster01-Jclouds=[href=https://zone01.bluelock.com/api/v1.0/vdc/9db4ee77-33e7-4b83-96be-eee9925eaa9b, name=Cluster01-Jclouds, type=application/vnd.vmware.vcloud.vdc+xml]}, tasks=[]]=java.util.concurrent.ExecutionException: java.lang.NullPointerException}
  testCompareSizes(org.jclouds.bluelock.vcloud.zone01.compute.BluelockVCloudZone01TemplateBuilderLiveTest): error images in [[href=https://zone01.bluelock.com/api/v1.0/org/d7b75404-aef4-4977-a007-03d0a21c1bc0, name=Jclouds, type=application/vnd.vmware.vcloud.org+xml, fullName=Jclouds, description=null, catalogs={public01=[href=https://zone01.bluelock.com/api/v1.0/catalog/17b2cb9b-1893-43d2-a0b0-cc0e3ae20251, name=public01, type=application/vnd.vmware.vcloud.catalog+xml], private01-Jclouds=[href=https://zone01.bluelock.com/api/v1.0/catalog/e9316391-51f3-4662-98a9-55b168022a80, name=private01-Jclouds, type=application/vnd.vmware.vcloud.catalog+xml]}, networks={internet01-Jclouds=[href=https://zone01.bluelock.com/api/v1.0/network/7161b44e-c1ae-457d-9804-8d3d689f1d32, name=internet01-Jclouds, type=application/vnd.vmware.vcloud.network+xml], isolation01-Jclouds=[href=https://zone01.bluelock.com/api/v1.0/network/f4c08477-a0b9-455e-800f-612a13a3448c, name=isolation01-Jclouds, type=application/vnd.vmware.vcloud.network+xml]}, tasksList=[href=https://zone01.bluelock.com/api/v1.0/tasksList/d7b75404-aef4-4977-a007-03d0a21c1bc0, name=null, type=application/vnd.vmware.vcloud.tasksList+xml], vdcs={Cluster01-Jclouds=[href=https://zone01.bluelock.com/api/v1.0/vdc/9db4ee77-33e7-4b83-96be-eee9925eaa9b, name=Cluster01-Jclouds, type=application/vnd.vmware.vcloud.vdc+xml]}, tasks=[]]]: {[href=https://zone01.bluelock.com/api/v1.0/org/d7b75404-aef4-4977-a007-03d0a21c1bc0, name=Jclouds, type=application/vnd.vmware.vcloud.org+xml, fullName=Jclouds, description=null, catalogs={public01=[href=https://zone01.bluelock.com/api/v1.0/catalog/17b2cb9b-1893-43d2-a0b0-cc0e3ae20251, name=public01, type=application/vnd.vmware.vcloud.catalog+xml], private01-Jclouds=[href=https://zone01.bluelock.com/api/v1.0/catalog/e9316391-51f3-4662-98a9-55b168022a80, name=private01-Jclouds, type=application/vnd.vmware.vcloud.catalog+xml]}, networks={internet01-Jclouds=[href=https://zone01.bluelock.com/api/v1.0/network/7161b44e-c1ae-457d-9804-8d3d689f1d32, name=internet01-Jclouds, type=application/vnd.vmware.vcloud.network+xml], isolation01-Jclouds=[href=https://zone01.bluelock.com/api/v1.0/network/f4c08477-a0b9-455e-800f-612a13a3448c, name=isolation01-Jclouds, type=application/vnd.vmware.vcloud.network+xml]}, tasksList=[href=https://zone01.bluelock.com/api/v1.0/tasksList/d7b75404-aef4-4977-a007-03d0a21c1bc0, name=null, type=application/vnd.vmware.vcloud.tasksList+xml], vdcs={Cluster01-Jclouds=[href=https://zone01.bluelock.com/api/v1.0/vdc/9db4ee77-33e7-4b83-96be-eee9925eaa9b, name=Cluster01-Jclouds, type=application/vnd.vmware.vcloud.vdc+xml]}, tasks=[]]=java.util.concurrent.ExecutionException: java.lang.NullPointerException}
  testCorrectAuthException(org.jclouds.bluelock.vcloud.zone01.compute.BluelockVCloudZone01ComputeServiceLiveTest): (..)
  testExtendedOptionsWithCustomizationScript(org.jclouds.bluelock.vcloud.zone01.features.BluelockVCloudZone01VmClientLiveTest): error images in [[href=https://zone01.bluelock.com/api/v1.0/org/d7b75404-aef4-4977-a007-03d0a21c1bc0, name=Jclouds, type=application/vnd.vmware.vcloud.org+xml, fullName=Jclouds, description=null, catalogs={public01=[href=https://zone01.bluelock.com/api/v1.0/catalog/17b2cb9b-1893-43d2-a0b0-cc0e3ae20251, name=public01, type=application/vnd.vmware.vcloud.catalog+xml], private01-Jclouds=[href=https://zone01.bluelock.com/api/v1.0/catalog/e9316391-51f3-4662-98a9-55b168022a80, name=private01-Jclouds, type=application/vnd.vmware.vcloud.catalog+xml]}, networks={internet01-Jclouds=[href=https://zone01.bluelock.com/api/v1.0/network/7161b44e-c1ae-457d-9804-8d3d689f1d32, name=internet01-Jclouds, type=application/vnd.vmware.vcloud.network+xml], isolation01-Jclouds=[href=https://zone01.bluelock.com/api/v1.0/network/f4c08477-a0b9-455e-800f-612a13a3448c, name=isolation01-Jclouds, type=application/vnd.vmware.vcloud.network+xml]}, tasksList=[href=https://zone01.bluelock.com/api/v1.0/tasksList/d7b75404-aef4-4977-a007-03d0a21c1bc0, name=null, type=application/vnd.vmware.vcloud.tasksList+xml], vdcs={Cluster01-Jclouds=[href=https://zone01.bluelock.com/api/v1.0/vdc/9db4ee77-33e7-4b83-96be-eee9925eaa9b, name=Cluster01-Jclouds, type=application/vnd.vmware.vcloud.vdc+xml]}, tasks=[]]]: {[href=https://zone01.bluelock.com/api/v1.0/org/d7b75404-aef4-4977-a007-03d0a21c1bc0, name=Jclouds, type=application/vnd.vmware.vcloud.org+xml, fullName=Jclouds, description=null, catalogs={public01=[href=https://zone01.bluelock.com/api/v1.0/catalog/17b2cb9b-1893-43d2-a0b0-cc0e3ae20251, name=public01, type=application/vnd.vmware.vcloud.catalog+xml], private01-Jclouds=[href=https://zone01.bluelock.com/api/v1.0/catalog/e9316391-51f3-4662-98a9-55b168022a80, name=private01-Jclouds, type=application/vnd.vmware.vcloud.catalog+xml]}, networks={internet01-Jclouds=[href=https://zone01.bluelock.com/api/v1.0/network/7161b44e-c1ae-457d-9804-8d3d689f1d32, name=internet01-Jclouds, type=application/vnd.vmware.vcloud.network+xml], isolation01-Jclouds=[href=https://zone01.bluelock.com/api/v1.0/network/f4c08477-a0b9-455e-800f-612a13a3448c, name=isolation01-Jclouds, type=application/vnd.vmware.vcloud.network+xml]}, tasksList=[href=https://zone01.bluelock.com/api/v1.0/tasksList/d7b75404-aef4-4977-a007-03d0a21c1bc0, name=null, type=application/vnd.vmware.vcloud.tasksList+xml], vdcs={Cluster01-Jclouds=[href=https://zone01.bluelock.com/api/v1.0/vdc/9db4ee77-33e7-4b83-96be-eee9925eaa9b, name=Cluster01-Jclouds, type=application/vnd.vmware.vcloud.vdc+xml]}, tasks=[]]=java.util.concurrent.ExecutionException: java.lang.NullPointerException}
  testCaptureVApp(org.jclouds.bluelock.vcloud.zone01.features.BluelockVCloudZone01VAppTemplateClientLiveTest): error images in [[href=https://zone01.bluelock.com/api/v1.0/org/d7b75404-aef4-4977-a007-03d0a21c1bc0, name=Jclouds, type=application/vnd.vmware.vcloud.org+xml, fullName=Jclouds, description=null, catalogs={public01=[href=https://zone01.bluelock.com/api/v1.0/catalog/17b2cb9b-1893-43d2-a0b0-cc0e3ae20251, name=public01, type=application/vnd.vmware.vcloud.catalog+xml], private01-Jclouds=[href=https://zone01.bluelock.com/api/v1.0/catalog/e9316391-51f3-4662-98a9-55b168022a80, name=private01-Jclouds, type=application/vnd.vmware.vcloud.catalog+xml]}, networks={internet01-Jclouds=[href=https://zone01.bluelock.com/api/v1.0/network/7161b44e-c1ae-457d-9804-8d3d689f1d32, name=internet01-Jclouds, type=application/vnd.vmware.vcloud.network+xml], isolation01-Jclouds=[href=https://zone01.bluelock.com/api/v1.0/network/f4c08477-a0b9-455e-800f-612a13a3448c, name=isolation01-Jclouds, type=application/vnd.vmware.vcloud.network+xml]}, tasksList=[href=https://zone01.bluelock.com/api/v1.0/tasksList/d7b75404-aef4-4977-a007-03d0a21c1bc0, name=null, type=application/vnd.vmware.vcloud.tasksList+xml], vdcs={Cluster01-Jclouds=[href=https://zone01.bluelock.com/api/v1.0/vdc/9db4ee77-33e7-4b83-96be-eee9925eaa9b, name=Cluster01-Jclouds, type=application/vnd.vmware.vcloud.vdc+xml]}, tasks=[]]]: {[href=https://zone01.bluelock.com/api/v1.0/org/d7b75404-aef4-4977-a007-03d0a21c1bc0, name=Jclouds, type=application/vnd.vmware.vcloud.org+xml, fullName=Jclouds, description=null, catalogs={public01=[href=https://zone01.bluelock.com/api/v1.0/catalog/17b2cb9b-1893-43d2-a0b0-cc0e3ae20251, name=public01, type=application/vnd.vmware.vcloud.catalog+xml], private01-Jclouds=[href=https://zone01.bluelock.com/api/v1.0/catalog/e9316391-51f3-4662-98a9-55b168022a80, name=private01-Jclouds, type=application/vnd.vmware.vcloud.catalog+xml]}, networks={internet01-Jclouds=[href=https://zone01.bluelock.com/api/v1.0/network/7161b44e-c1ae-457d-9804-8d3d689f1d32, name=internet01-Jclouds, type=application/vnd.vmware.vcloud.network+xml], isolation01-Jclouds=[href=https://zone01.bluelock.com/api/v1.0/network/f4c08477-a0b9-455e-800f-612a13a3448c, name=isolation01-Jclouds, type=application/vnd.vmware.vcloud.network+xml]}, tasksList=[href=https://zone01.bluelock.com/api/v1.0/tasksList/d7b75404-aef4-4977-a007-03d0a21c1bc0, name=null, type=application/vnd.vmware.vcloud.tasksList+xml], vdcs={Cluster01-Jclouds=[href=https://zone01.bluelock.com/api/v1.0/vdc/9db4ee77-33e7-4b83-96be-eee9925eaa9b, name=Cluster01-Jclouds, type=application/vnd.vmware.vcloud.vdc+xml]}, tasks=[]]=java.util.concurrent.ExecutionException: java.lang.NullPointerException}
  testFindVAppTemplate(org.jclouds.bluelock.vcloud.zone01.features.BluelockVCloudZone01VAppTemplateClientLiveTest): request: GET https://zone01.bluelock.com/api/v1.0/catalogItem/19cac8c3-fba0-4b0e-9ded-86e77ebb0ffe HTTP/1.1; cause: java.lang.NullPointerException
  testFromTemplate(org.jclouds.bluelock.vcloud.zone01.compute.BluelockVCloudZone01TemplateBuilderLiveTest): error images in [[href=https://zone01.bluelock.com/api/v1.0/org/d7b75404-aef4-4977-a007-03d0a21c1bc0, name=Jclouds, type=application/vnd.vmware.vcloud.org+xml, fullName=Jclouds, description=null, catalogs={public01=[href=https://zone01.bluelock.com/api/v1.0/catalog/17b2cb9b-1893-43d2-a0b0-cc0e3ae20251, name=public01, type=application/vnd.vmware.vcloud.catalog+xml], private01-Jclouds=[href=https://zone01.bluelock.com/api/v1.0/catalog/e9316391-51f3-4662-98a9-55b168022a80, name=private01-Jclouds, type=application/vnd.vmware.vcloud.catalog+xml]}, networks={internet01-Jclouds=[href=https://zone01.bluelock.com/api/v1.0/network/7161b44e-c1ae-457d-9804-8d3d689f1d32, name=internet01-Jclouds, type=application/vnd.vmware.vcloud.network+xml], isolation01-Jclouds=[href=https://zone01.bluelock.com/api/v1.0/network/f4c08477-a0b9-455e-800f-612a13a3448c, name=isolation01-Jclouds, type=application/vnd.vmware.vcloud.network+xml]}, tasksList=[href=https://zone01.bluelock.com/api/v1.0/tasksList/d7b75404-aef4-4977-a007-03d0a21c1bc0, name=null, type=application/vnd.vmware.vcloud.tasksList+xml], vdcs={Cluster01-Jclouds=[href=https://zone01.bluelock.com/api/v1.0/vdc/9db4ee77-33e7-4b83-96be-eee9925eaa9b, name=Cluster01-Jclouds, type=application/vnd.vmware.vcloud.vdc+xml]}, tasks=[]]]: {[href=https://zone01.bluelock.com/api/v1.0/org/d7b75404-aef4-4977-a007-03d0a21c1bc0, name=Jclouds, type=application/vnd.vmware.vcloud.org+xml, fullName=Jclouds, description=null, catalogs={public01=[href=https://zone01.bluelock.com/api/v1.0/catalog/17b2cb9b-1893-43d2-a0b0-cc0e3ae20251, name=public01, type=application/vnd.vmware.vcloud.catalog+xml], private01-Jclouds=[href=https://zone01.bluelock.com/api/v1.0/catalog/e9316391-51f3-4662-98a9-55b168022a80, name=private01-Jclouds, type=application/vnd.vmware.vcloud.catalog+xml]}, networks={internet01-Jclouds=[href=https://zone01.bluelock.com/api/v1.0/network/7161b44e-c1ae-457d-9804-8d3d689f1d32, name=internet01-Jclouds, type=application/vnd.vmware.vcloud.network+xml], isolation01-Jclouds=[href=https://zone01.bluelock.com/api/v1.0/network/f4c08477-a0b9-455e-800f-612a13a3448c, name=isolation01-Jclouds, type=application/vnd.vmware.vcloud.network+xml]}, tasksList=[href=https://zone01.bluelock.com/api/v1.0/tasksList/d7b75404-aef4-4977-a007-03d0a21c1bc0, name=null, type=application/vnd.vmware.vcloud.tasksList+xml], vdcs={Cluster01-Jclouds=[href=https://zone01.bluelock.com/api/v1.0/vdc/9db4ee77-33e7-4b83-96be-eee9925eaa9b, name=Cluster01-Jclouds, type=application/vnd.vmware.vcloud.vdc+xml]}, tasks=[]]=java.util.concurrent.ExecutionException: java.lang.NullPointerException}
  testCreateAndRunAService(org.jclouds.bluelock.vcloud.zone01.compute.BluelockVCloudZone01ComputeServiceLiveTest): error images in [[href=https://zone01.bluelock.com/api/v1.0/org/d7b75404-aef4-4977-a007-03d0a21c1bc0, name=Jclouds, type=application/vnd.vmware.vcloud.org+xml, fullName=Jclouds, description=null, catalogs={public01=[href=https://zone01.bluelock.com/api/v1.0/catalog/17b2cb9b-1893-43d2-a0b0-cc0e3ae20251, name=public01, type=application/vnd.vmware.vcloud.catalog+xml], private01-Jclouds=[href=https://zone01.bluelock.com/api/v1.0/catalog/e9316391-51f3-4662-98a9-55b168022a80, name=private01-Jclouds, type=application/vnd.vmware.vcloud.catalog+xml]}, networks={internet01-Jclouds=[href=https://zone01.bluelock.com/api/v1.0/network/7161b44e-c1ae-457d-9804-8d3d689f1d32, name=internet01-Jclouds, type=application/vnd.vmware.vcloud.network+xml], isolation01-Jclouds=[href=https://zone01.bluelock.com/api/v1.0/network/f4c08477-a0b9-455e-800f-612a13a3448c, name=isolation01-Jclouds, type=application/vnd.vmware.vcloud.network+xml]}, tasksList=[href=https://zone01.bluelock.com/api/v1.0/tasksList/d7b75404-aef4-4977-a007-03d0a21c1bc0, name=null, type=application/vnd.vmware.vcloud.tasksList+xml], vdcs={Cluster01-Jclouds=[href=https://zone01.bluelock.com/api/v1.0/vdc/9db4ee77-33e7-4b83-96be-eee9925eaa9b, name=Cluster01-Jclouds, type=application/vnd.vmware.vcloud.vdc+xml]}, tasks=[]]]: {[href=https://zone01.bluelock.com/api/v1.0/org/d7b75404-aef4-4977-a007-03d0a21c1bc0, name=Jclouds, type=application/vnd.vmware.vcloud.org+xml, fullName=Jclouds, description=null, catalogs={public01=[href=https://zone01.bluelock.com/api/v1.0/catalog/17b2cb9b-1893-43d2-a0b0-cc0e3ae20251, name=public01, type=application/vnd.vmware.vcloud.catalog+xml], private01-Jclouds=[href=https://zone01.bluelock.com/api/v1.0/catalog/e9316391-51f3-4662-98a9-55b168022a80, name=private01-Jclouds, type=application/vnd.vmware.vcloud.catalog+xml]}, networks={internet01-Jclouds=[href=https://zone01.bluelock.com/api/v1.0/network/7161b44e-c1ae-457d-9804-8d3d689f1d32, name=internet01-Jclouds, type=application/vnd.vmware.vcloud.network+xml], isolation01-Jclouds=[href=https://zone01.bluelock.com/api/v1.0/network/f4c08477-a0b9-455e-800f-612a13a3448c, name=isolation01-Jclouds, type=application/vnd.vmware.vcloud.network+xml]}, tasksList=[href=https://zone01.bluelock.com/api/v1.0/tasksList/d7b75404-aef4-4977-a007-03d0a21c1bc0, name=null, type=application/vnd.vmware.vcloud.tasksList+xml], vdcs={Cluster01-Jclouds=[href=https://zone01.bluelock.com/api/v1.0/vdc/9db4ee77-33e7-4b83-96be-eee9925eaa9b, name=Cluster01-Jclouds, type=application/vnd.vmware.vcloud.vdc+xml]}, tasks=[]]=java.util.concurrent.ExecutionException: java.lang.NullPointerException}
  testTemplateBuilderCanFind(org.jclouds.bluelock.vcloud.zone01.compute.BluelockVCloudZone01TemplateBuilderLiveTest): error images in [[href=https://zone01.bluelock.com/api/v1.0/org/d7b75404-aef4-4977-a007-03d0a21c1bc0, name=Jclouds, type=application/vnd.vmware.vcloud.org+xml, fullName=Jclouds, description=null, catalogs={public01=[href=https://zone01.bluelock.com/api/v1.0/catalog/17b2cb9b-1893-43d2-a0b0-cc0e3ae20251, name=public01, type=application/vnd.vmware.vcloud.catalog+xml], private01-Jclouds=[href=https://zone01.bluelock.com/api/v1.0/catalog/e9316391-51f3-4662-98a9-55b168022a80, name=private01-Jclouds, type=application/vnd.vmware.vcloud.catalog+xml]}, networks={internet01-Jclouds=[href=https://zone01.bluelock.com/api/v1.0/network/7161b44e-c1ae-457d-9804-8d3d689f1d32, name=internet01-Jclouds, type=application/vnd.vmware.vcloud.network+xml], isolation01-Jclouds=[href=https://zone01.bluelock.com/api/v1.0/network/f4c08477-a0b9-455e-800f-612a13a3448c, name=isolation01-Jclouds, type=application/vnd.vmware.vcloud.network+xml]}, tasksList=[href=https://zone01.bluelock.com/api/v1.0/tasksList/d7b75404-aef4-4977-a007-03d0a21c1bc0, name=null, type=application/vnd.vmware.vcloud.tasksList+xml], vdcs={Cluster01-Jclouds=[href=https://zone01.bluelock.com/api/v1.0/vdc/9db4ee77-33e7-4b83-96be-eee9925eaa9b, name=Cluster01-Jclouds, type=application/vnd.vmware.vcloud.vdc+xml]}, tasks=[]]]: {[href=https://zone01.bluelock.com/api/v1.0/org/d7b75404-aef4-4977-a007-03d0a21c1bc0, name=Jclouds, type=application/vnd.vmware.vcloud.org+xml, fullName=Jclouds, description=null, catalogs={public01=[href=https://zone01.bluelock.com/api/v1.0/catalog/17b2cb9b-1893-43d2-a0b0-cc0e3ae20251, name=public01, type=application/vnd.vmware.vcloud.catalog+xml], private01-Jclouds=[href=https://zone01.bluelock.com/api/v1.0/catalog/e9316391-51f3-4662-98a9-55b168022a80, name=private01-Jclouds, type=application/vnd.vmware.vcloud.catalog+xml]}, networks={internet01-Jclouds=[href=https://zone01.bluelock.com/api/v1.0/network/7161b44e-c1ae-457d-9804-8d3d689f1d32, name=internet01-Jclouds, type=application/vnd.vmware.vcloud.network+xml], isolation01-Jclouds=[href=https://zone01.bluelock.com/api/v1.0/network/f4c08477-a0b9-455e-800f-612a13a3448c, name=isolation01-Jclouds, type=application/vnd.vmware.vcloud.network+xml]}, tasksList=[href=https://zone01.bluelock.com/api/v1.0/tasksList/d7b75404-aef4-4977-a007-03d0a21c1bc0, name=null, type=application/vnd.vmware.vcloud.tasksList+xml], vdcs={Cluster01-Jclouds=[href=https://zone01.bluelock.com/api/v1.0/vdc/9db4ee77-33e7-4b83-96be-eee9925eaa9b, name=Cluster01-Jclouds, type=application/vnd.vmware.vcloud.vdc+xml]}, tasks=[]]=java.util.concurrent.ExecutionException: java.lang.NullPointerException}
  testImagesCache(org.jclouds.bluelock.vcloud.zone01.compute.BluelockVCloudZone01ComputeServiceLiveTest): error images in [[href=https://zone01.bluelock.com/api/v1.0/org/d7b75404-aef4-4977-a007-03d0a21c1bc0, name=Jclouds, type=application/vnd.vmware.vcloud.org+xml, fullName=Jclouds, description=null, catalogs={public01=[href=https://zone01.bluelock.com/api/v1.0/catalog/17b2cb9b-1893-43d2-a0b0-cc0e3ae20251, name=public01, type=application/vnd.vmware.vcloud.catalog+xml], private01-Jclouds=[href=https://zone01.bluelock.com/api/v1.0/catalog/e9316391-51f3-4662-98a9-55b168022a80, name=private01-Jclouds, type=application/vnd.vmware.vcloud.catalog+xml]}, networks={internet01-Jclouds=[href=https://zone01.bluelock.com/api/v1.0/network/7161b44e-c1ae-457d-9804-8d3d689f1d32, name=internet01-Jclouds, type=application/vnd.vmware.vcloud.network+xml], isolation01-Jclouds=[href=https://zone01.bluelock.com/api/v1.0/network/f4c08477-a0b9-455e-800f-612a13a3448c, name=isolation01-Jclouds, type=application/vnd.vmware.vcloud.network+xml]}, tasksList=[href=https://zone01.bluelock.com/api/v1.0/tasksList/d7b75404-aef4-4977-a007-03d0a21c1bc0, name=null, type=application/vnd.vmware.vcloud.tasksList+xml], vdcs={Cluster01-Jclouds=[href=https://zone01.bluelock.com/api/v1.0/vdc/9db4ee77-33e7-4b83-96be-eee9925eaa9b, name=Cluster01-Jclouds, type=application/vnd.vmware.vcloud.vdc+xml]}, tasks=[]]]: {[href=https://zone01.bluelock.com/api/v1.0/org/d7b75404-aef4-4977-a007-03d0a21c1bc0, name=Jclouds, type=application/vnd.vmware.vcloud.org+xml, fullName=Jclouds, description=null, catalogs={public01=[href=https://zone01.bluelock.com/api/v1.0/catalog/17b2cb9b-1893-43d2-a0b0-cc0e3ae20251, name=public01, type=application/vnd.vmware.vcloud.catalog+xml], private01-Jclouds=[href=https://zone01.bluelock.com/api/v1.0/catalog/e9316391-51f3-4662-98a9-55b168022a80, name=private01-Jclouds, type=application/vnd.vmware.vcloud.catalog+xml]}, networks={internet01-Jclouds=[href=https://zone01.bluelock.com/api/v1.0/network/7161b44e-c1ae-457d-9804-8d3d689f1d32, name=internet01-Jclouds, type=application/vnd.vmware.vcloud.network+xml], isolation01-Jclouds=[href=https://zone01.bluelock.com/api/v1.0/network/f4c08477-a0b9-455e-800f-612a13a3448c, name=isolation01-Jclouds, type=application/vnd.vmware.vcloud.network+xml]}, tasksList=[href=https://zone01.bluelock.com/api/v1.0/tasksList/d7b75404-aef4-4977-a007-03d0a21c1bc0, name=null, type=application/vnd.vmware.vcloud.tasksList+xml], vdcs={Cluster01-Jclouds=[href=https://zone01.bluelock.com/api/v1.0/vdc/9db4ee77-33e7-4b83-96be-eee9925eaa9b, name=Cluster01-Jclouds, type=application/vnd.vmware.vcloud.vdc+xml]}, tasks=[]]=java.util.concurrent.ExecutionException: java.lang.NullPointerException}
  testTemplateBuilderCanFind(org.jclouds.bluelock.vcloud.zone01.compute.BluelockVCloudZone01TemplateBuilderLiveTest): error images in [[href=https://zone01.bluelock.com/api/v1.0/org/d7b75404-aef4-4977-a007-03d0a21c1bc0, name=Jclouds, type=application/vnd.vmware.vcloud.org+xml, fullName=Jclouds, description=null, catalogs={public01=[href=https://zone01.bluelock.com/api/v1.0/catalog/17b2cb9b-1893-43d2-a0b0-cc0e3ae20251, name=public01, type=application/vnd.vmware.vcloud.catalog+xml], private01-Jclouds=[href=https://zone01.bluelock.com/api/v1.0/catalog/e9316391-51f3-4662-98a9-55b168022a80, name=private01-Jclouds, type=application/vnd.vmware.vcloud.catalog+xml]}, networks={internet01-Jclouds=[href=https://zone01.bluelock.com/api/v1.0/network/7161b44e-c1ae-457d-9804-8d3d689f1d32, name=internet01-Jclouds, type=application/vnd.vmware.vcloud.network+xml], isolation01-Jclouds=[href=https://zone01.bluelock.com/api/v1.0/network/f4c08477-a0b9-455e-800f-612a13a3448c, name=isolation01-Jclouds, type=application/vnd.vmware.vcloud.network+xml]}, tasksList=[href=https://zone01.bluelock.com/api/v1.0/tasksList/d7b75404-aef4-4977-a007-03d0a21c1bc0, name=null, type=application/vnd.vmware.vcloud.tasksList+xml], vdcs={Cluster01-Jclouds=[href=https://zone01.bluelock.com/api/v1.0/vdc/9db4ee77-33e7-4b83-96be-eee9925eaa9b, name=Cluster01-Jclouds, type=application/vnd.vmware.vcloud.vdc+xml]}, tasks=[]]]: {[href=https://zone01.bluelock.com/api/v1.0/org/d7b75404-aef4-4977-a007-03d0a21c1bc0, name=Jclouds, type=application/vnd.vmware.vcloud.org+xml, fullName=Jclouds, description=null, catalogs={public01=[href=https://zone01.bluelock.com/api/v1.0/catalog/17b2cb9b-1893-43d2-a0b0-cc0e3ae20251, name=public01, type=application/vnd.vmware.vcloud.catalog+xml], private01-Jclouds=[href=https://zone01.bluelock.com/api/v1.0/catalog/e9316391-51f3-4662-98a9-55b168022a80, name=private01-Jclouds, type=application/vnd.vmware.vcloud.catalog+xml]}, networks={internet01-Jclouds=[href=https://zone01.bluelock.com/api/v1.0/network/7161b44e-c1ae-457d-9804-8d3d689f1d32, name=internet01-Jclouds, type=application/vnd.vmware.vcloud.network+xml], isolation01-Jclouds=[href=https://zone01.bluelock.com/api/v1.0/network/f4c08477-a0b9-455e-800f-612a13a3448c, name=isolation01-Jclouds, type=application/vnd.vmware.vcloud.network+xml]}, tasksList=[href=https://zone01.bluelock.com/api/v1.0/tasksList/d7b75404-aef4-4977-a007-03d0a21c1bc0, name=null, type=application/vnd.vmware.vcloud.tasksList+xml], vdcs={Cluster01-Jclouds=[href=https://zone01.bluelock.com/api/v1.0/vdc/9db4ee77-33e7-4b83-96be-eee9925eaa9b, name=Cluster01-Jclouds, type=application/vnd.vmware.vcloud.vdc+xml]}, tasks=[]]=java.util.concurrent.ExecutionException: java.lang.NullPointerException}
  testListImages(org.jclouds.bluelock.vcloud.zone01.compute.BluelockVCloudZone01ComputeServiceLiveTest): error images in [[href=https://zone01.bluelock.com/api/v1.0/org/d7b75404-aef4-4977-a007-03d0a21c1bc0, name=Jclouds, type=application/vnd.vmware.vcloud.org+xml, fullName=Jclouds, description=null, catalogs={public01=[href=https://zone01.bluelock.com/api/v1.0/catalog/17b2cb9b-1893-43d2-a0b0-cc0e3ae20251, name=public01, type=application/vnd.vmware.vcloud.catalog+xml], private01-Jclouds=[href=https://zone01.bluelock.com/api/v1.0/catalog/e9316391-51f3-4662-98a9-55b168022a80, name=private01-Jclouds, type=application/vnd.vmware.vcloud.catalog+xml]}, networks={internet01-Jclouds=[href=https://zone01.bluelock.com/api/v1.0/network/7161b44e-c1ae-457d-9804-8d3d689f1d32, name=internet01-Jclouds, type=application/vnd.vmware.vcloud.network+xml], isolation01-Jclouds=[href=https://zone01.bluelock.com/api/v1.0/network/f4c08477-a0b9-455e-800f-612a13a3448c, name=isolation01-Jclouds, type=application/vnd.vmware.vcloud.network+xml]}, tasksList=[href=https://zone01.bluelock.com/api/v1.0/tasksList/d7b75404-aef4-4977-a007-03d0a21c1bc0, name=null, type=application/vnd.vmware.vcloud.tasksList+xml], vdcs={Cluster01-Jclouds=[href=https://zone01.bluelock.com/api/v1.0/vdc/9db4ee77-33e7-4b83-96be-eee9925eaa9b, name=Cluster01-Jclouds, type=application/vnd.vmware.vcloud.vdc+xml]}, tasks=[]]]: {[href=https://zone01.bluelock.com/api/v1.0/org/d7b75404-aef4-4977-a007-03d0a21c1bc0, name=Jclouds, type=application/vnd.vmware.vcloud.org+xml, fullName=Jclouds, description=null, catalogs={public01=[href=https://zone01.bluelock.com/api/v1.0/catalog/17b2cb9b-1893-43d2-a0b0-cc0e3ae20251, name=public01, type=application/vnd.vmware.vcloud.catalog+xml], private01-Jclouds=[href=https://zone01.bluelock.com/api/v1.0/catalog/e9316391-51f3-4662-98a9-55b168022a80, name=private01-Jclouds, type=application/vnd.vmware.vcloud.catalog+xml]}, networks={internet01-Jclouds=[href=https://zone01.bluelock.com/api/v1.0/network/7161b44e-c1ae-457d-9804-8d3d689f1d32, name=internet01-Jclouds, type=application/vnd.vmware.vcloud.network+xml], isolation01-Jclouds=[href=https://zone01.bluelock.com/api/v1.0/network/f4c08477-a0b9-455e-800f-612a13a3448c, name=isolation01-Jclouds, type=application/vnd.vmware.vcloud.network+xml]}, tasksList=[href=https://zone01.bluelock.com/api/v1.0/tasksList/d7b75404-aef4-4977-a007-03d0a21c1bc0, name=null, type=application/vnd.vmware.vcloud.tasksList+xml], vdcs={Cluster01-Jclouds=[href=https://zone01.bluelock.com/api/v1.0/vdc/9db4ee77-33e7-4b83-96be-eee9925eaa9b, name=Cluster01-Jclouds, type=application/vnd.vmware.vcloud.vdc+xml]}, tasks=[]]=java.util.concurrent.ExecutionException: java.lang.NullPointerException}
  testTemplateBuilderCanFind(org.jclouds.bluelock.vcloud.zone01.compute.BluelockVCloudZone01TemplateBuilderLiveTest): error images in [[href=https://zone01.bluelock.com/api/v1.0/org/d7b75404-aef4-4977-a007-03d0a21c1bc0, name=Jclouds, type=application/vnd.vmware.vcloud.org+xml, fullName=Jclouds, description=null, catalogs={public01=[href=https://zone01.bluelock.com/api/v1.0/catalog/17b2cb9b-1893-43d2-a0b0-cc0e3ae20251, name=public01, type=application/vnd.vmware.vcloud.catalog+xml], private01-Jclouds=[href=https://zone01.bluelock.com/api/v1.0/catalog/e9316391-51f3-4662-98a9-55b168022a80, name=private01-Jclouds, type=application/vnd.vmware.vcloud.catalog+xml]}, networks={internet01-Jclouds=[href=https://zone01.bluelock.com/api/v1.0/network/7161b44e-c1ae-457d-9804-8d3d689f1d32, name=internet01-Jclouds, type=application/vnd.vmware.vcloud.network+xml], isolation01-Jclouds=[href=https://zone01.bluelock.com/api/v1.0/network/f4c08477-a0b9-455e-800f-612a13a3448c, name=isolation01-Jclouds, type=application/vnd.vmware.vcloud.network+xml]}, tasksList=[href=https://zone01.bluelock.com/api/v1.0/tasksList/d7b75404-aef4-4977-a007-03d0a21c1bc0, name=null, type=application/vnd.vmware.vcloud.tasksList+xml], vdcs={Cluster01-Jclouds=[href=https://zone01.bluelock.com/api/v1.0/vdc/9db4ee77-33e7-4b83-96be-eee9925eaa9b, name=Cluster01-Jclouds, type=application/vnd.vmware.vcloud.vdc+xml]}, tasks=[]]]: {[href=https://zone01.bluelock.com/api/v1.0/org/d7b75404-aef4-4977-a007-03d0a21c1bc0, name=Jclouds, type=application/vnd.vmware.vcloud.org+xml, fullName=Jclouds, description=null, catalogs={public01=[href=https://zone01.bluelock.com/api/v1.0/catalog/17b2cb9b-1893-43d2-a0b0-cc0e3ae20251, name=public01, type=application/vnd.vmware.vcloud.catalog+xml], private01-Jclouds=[href=https://zone01.bluelock.com/api/v1.0/catalog/e9316391-51f3-4662-98a9-55b168022a80, name=private01-Jclouds, type=application/vnd.vmware.vcloud.catalog+xml]}, networks={internet01-Jclouds=[href=https://zone01.bluelock.com/api/v1.0/network/7161b44e-c1ae-457d-9804-8d3d689f1d32, name=internet01-Jclouds, type=application/vnd.vmware.vcloud.network+xml], isolation01-Jclouds=[href=https://zone01.bluelock.com/api/v1.0/network/f4c08477-a0b9-455e-800f-612a13a3448c, name=isolation01-Jclouds, type=application/vnd.vmware.vcloud.network+xml]}, tasksList=[href=https://zone01.bluelock.com/api/v1.0/tasksList/d7b75404-aef4-4977-a007-03d0a21c1bc0, name=null, type=application/vnd.vmware.vcloud.tasksList+xml], vdcs={Cluster01-Jclouds=[href=https://zone01.bluelock.com/api/v1.0/vdc/9db4ee77-33e7-4b83-96be-eee9925eaa9b, name=Cluster01-Jclouds, type=application/vnd.vmware.vcloud.vdc+xml]}, tasks=[]]=java.util.concurrent.ExecutionException: java.lang.NullPointerException}
  testListSizes(org.jclouds.bluelock.vcloud.zone01.compute.BluelockVCloudZone01ComputeServiceLiveTest): error images in [[href=https://zone01.bluelock.com/api/v1.0/org/d7b75404-aef4-4977-a007-03d0a21c1bc0, name=Jclouds, type=application/vnd.vmware.vcloud.org+xml, fullName=Jclouds, description=null, catalogs={public01=[href=https://zone01.bluelock.com/api/v1.0/catalog/17b2cb9b-1893-43d2-a0b0-cc0e3ae20251, name=public01, type=application/vnd.vmware.vcloud.catalog+xml], private01-Jclouds=[href=https://zone01.bluelock.com/api/v1.0/catalog/e9316391-51f3-4662-98a9-55b168022a80, name=private01-Jclouds, type=application/vnd.vmware.vcloud.catalog+xml]}, networks={internet01-Jclouds=[href=https://zone01.bluelock.com/api/v1.0/network/7161b44e-c1ae-457d-9804-8d3d689f1d32, name=internet01-Jclouds, type=application/vnd.vmware.vcloud.network+xml], isolation01-Jclouds=[href=https://zone01.bluelock.com/api/v1.0/network/f4c08477-a0b9-455e-800f-612a13a3448c, name=isolation01-Jclouds, type=application/vnd.vmware.vcloud.network+xml]}, tasksList=[href=https://zone01.bluelock.com/api/v1.0/tasksList/d7b75404-aef4-4977-a007-03d0a21c1bc0, name=null, type=application/vnd.vmware.vcloud.tasksList+xml], vdcs={Cluster01-Jclouds=[href=https://zone01.bluelock.com/api/v1.0/vdc/9db4ee77-33e7-4b83-96be-eee9925eaa9b, name=Cluster01-Jclouds, type=application/vnd.vmware.vcloud.vdc+xml]}, tasks=[]]]: {[href=https://zone01.bluelock.com/api/v1.0/org/d7b75404-aef4-4977-a007-03d0a21c1bc0, name=Jclouds, type=application/vnd.vmware.vcloud.org+xml, fullName=Jclouds, description=null, catalogs={public01=[href=https://zone01.bluelock.com/api/v1.0/catalog/17b2cb9b-1893-43d2-a0b0-cc0e3ae20251, name=public01, type=application/vnd.vmware.vcloud.catalog+xml], private01-Jclouds=[href=https://zone01.bluelock.com/api/v1.0/catalog/e9316391-51f3-4662-98a9-55b168022a80, name=private01-Jclouds, type=application/vnd.vmware.vcloud.catalog+xml]}, networks={internet01-Jclouds=[href=https://zone01.bluelock.com/api/v1.0/network/7161b44e-c1ae-457d-9804-8d3d689f1d32, name=internet01-Jclouds, type=application/vnd.vmware.vcloud.network+xml], isolation01-Jclouds=[href=https://zone01.bluelock.com/api/v1.0/network/f4c08477-a0b9-455e-800f-612a13a3448c, name=isolation01-Jclouds, type=application/vnd.vmware.vcloud.network+xml]}, tasksList=[href=https://zone01.bluelock.com/api/v1.0/tasksList/d7b75404-aef4-4977-a007-03d0a21c1bc0, name=null, type=application/vnd.vmware.vcloud.tasksList+xml], vdcs={Cluster01-Jclouds=[href=https://zone01.bluelock.com/api/v1.0/vdc/9db4ee77-33e7-4b83-96be-eee9925eaa9b, name=Cluster01-Jclouds, type=application/vnd.vmware.vcloud.vdc+xml]}, tasks=[]]=java.util.concurrent.ExecutionException: java.lang.NullPointerException}
  testTemplateBuilderCanFind(org.jclouds.bluelock.vcloud.zone01.compute.BluelockVCloudZone01TemplateBuilderLiveTest): error images in [[href=https://zone01.bluelock.com/api/v1.0/org/d7b75404-aef4-4977-a007-03d0a21c1bc0, name=Jclouds, type=application/vnd.vmware.vcloud.org+xml, fullName=Jclouds, description=null, catalogs={public01=[href=https://zone01.bluelock.com/api/v1.0/catalog/17b2cb9b-1893-43d2-a0b0-cc0e3ae20251, name=public01, type=application/vnd.vmware.vcloud.catalog+xml], private01-Jclouds=[href=https://zone01.bluelock.com/api/v1.0/catalog/e9316391-51f3-4662-98a9-55b168022a80, name=private01-Jclouds, type=application/vnd.vmware.vcloud.catalog+xml]}, networks={internet01-Jclouds=[href=https://zone01.bluelock.com/api/v1.0/network/7161b44e-c1ae-457d-9804-8d3d689f1d32, name=internet01-Jclouds, type=application/vnd.vmware.vcloud.network+xml], isolation01-Jclouds=[href=https://zone01.bluelock.com/api/v1.0/network/f4c08477-a0b9-455e-800f-612a13a3448c, name=isolation01-Jclouds, type=application/vnd.vmware.vcloud.network+xml]}, tasksList=[href=https://zone01.bluelock.com/api/v1.0/tasksList/d7b75404-aef4-4977-a007-03d0a21c1bc0, name=null, type=application/vnd.vmware.vcloud.tasksList+xml], vdcs={Cluster01-Jclouds=[href=https://zone01.bluelock.com/api/v1.0/vdc/9db4ee77-33e7-4b83-96be-eee9925eaa9b, name=Cluster01-Jclouds, type=application/vnd.vmware.vcloud.vdc+xml]}, tasks=[]]]: {[href=https://zone01.bluelock.com/api/v1.0/org/d7b75404-aef4-4977-a007-03d0a21c1bc0, name=Jclouds, type=application/vnd.vmware.vcloud.org+xml, fullName=Jclouds, description=null, catalogs={public01=[href=https://zone01.bluelock.com/api/v1.0/catalog/17b2cb9b-1893-43d2-a0b0-cc0e3ae20251, name=public01, type=application/vnd.vmware.vcloud.catalog+xml], private01-Jclouds=[href=https://zone01.bluelock.com/api/v1.0/catalog/e9316391-51f3-4662-98a9-55b168022a80, name=private01-Jclouds, type=application/vnd.vmware.vcloud.catalog+xml]}, networks={internet01-Jclouds=[href=https://zone01.bluelock.com/api/v1.0/network/7161b44e-c1ae-457d-9804-8d3d689f1d32, name=internet01-Jclouds, type=application/vnd.vmware.vcloud.network+xml], isolation01-Jclouds=[href=https://zone01.bluelock.com/api/v1.0/network/f4c08477-a0b9-455e-800f-612a13a3448c, name=isolation01-Jclouds, type=application/vnd.vmware.vcloud.network+xml]}, tasksList=[href=https://zone01.bluelock.com/api/v1.0/tasksList/d7b75404-aef4-4977-a007-03d0a21c1bc0, name=null, type=application/vnd.vmware.vcloud.tasksList+xml], vdcs={Cluster01-Jclouds=[href=https://zone01.bluelock.com/api/v1.0/vdc/9db4ee77-33e7-4b83-96be-eee9925eaa9b, name=Cluster01-Jclouds, type=application/vnd.vmware.vcloud.vdc+xml]}, tasks=[]]=java.util.concurrent.ExecutionException: java.lang.NullPointerException}
  testTemplateBuilderCanFind(org.jclouds.bluelock.vcloud.zone01.compute.BluelockVCloudZone01TemplateBuilderLiveTest): error images in [[href=https://zone01.bluelock.com/api/v1.0/org/d7b75404-aef4-4977-a007-03d0a21c1bc0, name=Jclouds, type=application/vnd.vmware.vcloud.org+xml, fullName=Jclouds, description=null, catalogs={public01=[href=https://zone01.bluelock.com/api/v1.0/catalog/17b2cb9b-1893-43d2-a0b0-cc0e3ae20251, name=public01, type=application/vnd.vmware.vcloud.catalog+xml], private01-Jclouds=[href=https://zone01.bluelock.com/api/v1.0/catalog/e9316391-51f3-4662-98a9-55b168022a80, name=private01-Jclouds, type=application/vnd.vmware.vcloud.catalog+xml]}, networks={internet01-Jclouds=[href=https://zone01.bluelock.com/api/v1.0/network/7161b44e-c1ae-457d-9804-8d3d689f1d32, name=internet01-Jclouds, type=application/vnd.vmware.vcloud.network+xml], isolation01-Jclouds=[href=https://zone01.bluelock.com/api/v1.0/network/f4c08477-a0b9-455e-800f-612a13a3448c, name=isolation01-Jclouds, type=application/vnd.vmware.vcloud.network+xml]}, tasksList=[href=https://zone01.bluelock.com/api/v1.0/tasksList/d7b75404-aef4-4977-a007-03d0a21c1bc0, name=null, type=application/vnd.vmware.vcloud.tasksList+xml], vdcs={Cluster01-Jclouds=[href=https://zone01.bluelock.com/api/v1.0/vdc/9db4ee77-33e7-4b83-96be-eee9925eaa9b, name=Cluster01-Jclouds, type=application/vnd.vmware.vcloud.vdc+xml]}, tasks=[]]]: {[href=https://zone01.bluelock.com/api/v1.0/org/d7b75404-aef4-4977-a007-03d0a21c1bc0, name=Jclouds, type=application/vnd.vmware.vcloud.org+xml, fullName=Jclouds, description=null, catalogs={public01=[href=https://zone01.bluelock.com/api/v1.0/catalog/17b2cb9b-1893-43d2-a0b0-cc0e3ae20251, name=public01, type=application/vnd.vmware.vcloud.catalog+xml], private01-Jclouds=[href=https://zone01.bluelock.com/api/v1.0/catalog/e9316391-51f3-4662-98a9-55b168022a80, name=private01-Jclouds, type=application/vnd.vmware.vcloud.catalog+xml]}, networks={internet01-Jclouds=[href=https://zone01.bluelock.com/api/v1.0/network/7161b44e-c1ae-457d-9804-8d3d689f1d32, name=internet01-Jclouds, type=application/vnd.vmware.vcloud.network+xml], isolation01-Jclouds=[href=https://zone01.bluelock.com/api/v1.0/network/f4c08477-a0b9-455e-800f-612a13a3448c, name=isolation01-Jclouds, type=application/vnd.vmware.vcloud.network+xml]}, tasksList=[href=https://zone01.bluelock.com/api/v1.0/tasksList/d7b75404-aef4-4977-a007-03d0a21c1bc0, name=null, type=application/vnd.vmware.vcloud.tasksList+xml], vdcs={Cluster01-Jclouds=[href=https://zone01.bluelock.com/api/v1.0/vdc/9db4ee77-33e7-4b83-96be-eee9925eaa9b, name=Cluster01-Jclouds, type=application/vnd.vmware.vcloud.vdc+xml]}, tasks=[]]=java.util.concurrent.ExecutionException: java.lang.NullPointerException}
  testTemplateBuilderCanUseImageId(org.jclouds.bluelock.vcloud.zone01.compute.BluelockVCloudZone01TemplateBuilderLiveTest): error images in [[href=https://zone01.bluelock.com/api/v1.0/org/d7b75404-aef4-4977-a007-03d0a21c1bc0, name=Jclouds, type=application/vnd.vmware.vcloud.org+xml, fullName=Jclouds, description=null, catalogs={public01=[href=https://zone01.bluelock.com/api/v1.0/catalog/17b2cb9b-1893-43d2-a0b0-cc0e3ae20251, name=public01, type=application/vnd.vmware.vcloud.catalog+xml], private01-Jclouds=[href=https://zone01.bluelock.com/api/v1.0/catalog/e9316391-51f3-4662-98a9-55b168022a80, name=private01-Jclouds, type=application/vnd.vmware.vcloud.catalog+xml]}, networks={internet01-Jclouds=[href=https://zone01.bluelock.com/api/v1.0/network/7161b44e-c1ae-457d-9804-8d3d689f1d32, name=internet01-Jclouds, type=application/vnd.vmware.vcloud.network+xml], isolation01-Jclouds=[href=https://zone01.bluelock.com/api/v1.0/network/f4c08477-a0b9-455e-800f-612a13a3448c, name=isolation01-Jclouds, type=application/vnd.vmware.vcloud.network+xml]}, tasksList=[href=https://zone01.bluelock.com/api/v1.0/tasksList/d7b75404-aef4-4977-a007-03d0a21c1bc0, name=null, type=application/vnd.vmware.vcloud.tasksList+xml], vdcs={Cluster01-Jclouds=[href=https://zone01.bluelock.com/api/v1.0/vdc/9db4ee77-33e7-4b83-96be-eee9925eaa9b, name=Cluster01-Jclouds, type=application/vnd.vmware.vcloud.vdc+xml]}, tasks=[]]]: {[href=https://zone01.bluelock.com/api/v1.0/org/d7b75404-aef4-4977-a007-03d0a21c1bc0, name=Jclouds, type=application/vnd.vmware.vcloud.org+xml, fullName=Jclouds, description=null, catalogs={public01=[href=https://zone01.bluelock.com/api/v1.0/catalog/17b2cb9b-1893-43d2-a0b0-cc0e3ae20251, name=public01, type=application/vnd.vmware.vcloud.catalog+xml], private01-Jclouds=[href=https://zone01.bluelock.com/api/v1.0/catalog/e9316391-51f3-4662-98a9-55b168022a80, name=private01-Jclouds, type=application/vnd.vmware.vcloud.catalog+xml]}, networks={internet01-Jclouds=[href=https://zone01.bluelock.com/api/v1.0/network/7161b44e-c1ae-457d-9804-8d3d689f1d32, name=internet01-Jclouds, type=application/vnd.vmware.vcloud.network+xml], isolation01-Jclouds=[href=https://zone01.bluelock.com/api/v1.0/network/f4c08477-a0b9-455e-800f-612a13a3448c, name=isolation01-Jclouds, type=application/vnd.vmware.vcloud.network+xml]}, tasksList=[href=https://zone01.bluelock.com/api/v1.0/tasksList/d7b75404-aef4-4977-a007-03d0a21c1bc0, name=null, type=application/vnd.vmware.vcloud.tasksList+xml], vdcs={Cluster01-Jclouds=[href=https://zone01.bluelock.com/api/v1.0/vdc/9db4ee77-33e7-4b83-96be-eee9925eaa9b, name=Cluster01-Jclouds, type=application/vnd.vmware.vcloud.vdc+xml]}, tasks=[]]=java.util.concurrent.ExecutionException: java.lang.NullPointerException}
  testTemplateBuilderCannotFind(org.jclouds.bluelock.vcloud.zone01.compute.BluelockVCloudZone01TemplateBuilderLiveTest): (..)
  testTemplateBuilderCannotFind(org.jclouds.bluelock.vcloud.zone01.compute.BluelockVCloudZone01TemplateBuilderLiveTest): (..)
  testTemplateBuilderCannotFind(org.jclouds.bluelock.vcloud.zone01.compute.BluelockVCloudZone01TemplateBuilderLiveTest): (..)
  testTemplateBuilderCannotFind(org.jclouds.bluelock.vcloud.zone01.compute.BluelockVCloudZone01TemplateBuilderLiveTest): (..)
  testTemplateBuilderCannotFind(org.jclouds.bluelock.vcloud.zone01.compute.BluelockVCloudZone01TemplateBuilderLiveTest): (..)
  testTemplateBuilderCannotFind(org.jclouds.bluelock.vcloud.zone01.compute.BluelockVCloudZone01TemplateBuilderLiveTest): (..)
  testTemplateBuilderCannotFind(org.jclouds.bluelock.vcloud.zone01.compute.BluelockVCloudZone01TemplateBuilderLiveTest): (..)
  testTemplateBuilderCannotFind(org.jclouds.bluelock.vcloud.zone01.compute.BluelockVCloudZone01TemplateBuilderLiveTest): (..)
  testTemplateBuilderCannotFind(org.jclouds.bluelock.vcloud.zone01.compute.BluelockVCloudZone01TemplateBuilderLiveTest): (..)
  testTemplateBuilderCannotFind(org.jclouds.bluelock.vcloud.zone01.compute.BluelockVCloudZone01TemplateBuilderLiveTest): (..)
  testTemplateBuilderCannotFind(org.jclouds.bluelock.vcloud.zone01.compute.BluelockVCloudZone01TemplateBuilderLiveTest): (..)
  testTemplateBuilderCannotFind(org.jclouds.bluelock.vcloud.zone01.compute.BluelockVCloudZone01TemplateBuilderLiveTest): (..)
  testTemplateBuilderCannotFind(org.jclouds.bluelock.vcloud.zone01.compute.BluelockVCloudZone01TemplateBuilderLiveTest): (..)
  testTemplateBuilderCannotFind(org.jclouds.bluelock.vcloud.zone01.compute.BluelockVCloudZone01TemplateBuilderLiveTest): (..)
  testTemplateBuilderCannotFind(org.jclouds.bluelock.vcloud.zone01.compute.BluelockVCloudZone01TemplateBuilderLiveTest): (..)
  testTemplateBuilderCannotFind(org.jclouds.bluelock.vcloud.zone01.compute.BluelockVCloudZone01TemplateBuilderLiveTest): (..)
  testTemplateBuilderCannotFind(org.jclouds.bluelock.vcloud.zone01.compute.BluelockVCloudZone01TemplateBuilderLiveTest): (..)
  testTemplateBuilderCannotFind(org.jclouds.bluelock.vcloud.zone01.compute.BluelockVCloudZone01TemplateBuilderLiveTest): (..)
  testTemplateBuilderCannotFind(org.jclouds.bluelock.vcloud.zone01.compute.BluelockVCloudZone01TemplateBuilderLiveTest): (..)
  testTemplateBuilderCannotFind(org.jclouds.bluelock.vcloud.zone01.compute.BluelockVCloudZone01TemplateBuilderLiveTest): (..)
  testTemplateBuilderCannotFind(org.jclouds.bluelock.vcloud.zone01.compute.BluelockVCloudZone01TemplateBuilderLiveTest): (..)
  testTemplateBuilderCannotFind(org.jclouds.bluelock.vcloud.zone01.compute.BluelockVCloudZone01TemplateBuilderLiveTest): (..)
  testTemplateBuilderCannotFind(org.jclouds.bluelock.vcloud.zone01.compute.BluelockVCloudZone01TemplateBuilderLiveTest): (..)
  testTemplateBuilderCannotFind(org.jclouds.bluelock.vcloud.zone01.compute.BluelockVCloudZone01TemplateBuilderLiveTest): (..)
  testTemplateBuilderCannotFind(org.jclouds.bluelock.vcloud.zone01.compute.BluelockVCloudZone01TemplateBuilderLiveTest): (..)
  testTemplateBuilderCannotFind(org.jclouds.bluelock.vcloud.zone01.compute.BluelockVCloudZone01TemplateBuilderLiveTest): (..)
  testTemplateBuilderCannotFind(org.jclouds.bluelock.vcloud.zone01.compute.BluelockVCloudZone01TemplateBuilderLiveTest): (..)
  testTemplateBuilderCannotFind(org.jclouds.bluelock.vcloud.zone01.compute.BluelockVCloudZone01TemplateBuilderLiveTest): (..)
  testTemplateBuilderCannotFind(org.jclouds.bluelock.vcloud.zone01.compute.BluelockVCloudZone01TemplateBuilderLiveTest): (..)
  testTemplateBuilderCannotFind(org.jclouds.bluelock.vcloud.zone01.compute.BluelockVCloudZone01TemplateBuilderLiveTest): (..)
  testTemplateBuilderCannotFind(org.jclouds.bluelock.vcloud.zone01.compute.BluelockVCloudZone01TemplateBuilderLiveTest): (..)
  testTemplateBuilderCannotFind(org.jclouds.bluelock.vcloud.zone01.compute.BluelockVCloudZone01TemplateBuilderLiveTest): (..)
  testTemplateBuilderCannotFind(org.jclouds.bluelock.vcloud.zone01.compute.BluelockVCloudZone01TemplateBuilderLiveTest): (..)
  testTemplateBuilderCannotFind(org.jclouds.bluelock.vcloud.zone01.compute.BluelockVCloudZone01TemplateBuilderLiveTest): (..)
  testTemplateBuilderCannotFind(org.jclouds.bluelock.vcloud.zone01.compute.BluelockVCloudZone01TemplateBuilderLiveTest): (..)
  testTemplateBuilderCannotFind(org.jclouds.bluelock.vcloud.zone01.compute.BluelockVCloudZone01TemplateBuilderLiveTest): (..)
  testTemplateBuilderCannotFind(org.jclouds.bluelock.vcloud.zone01.compute.BluelockVCloudZone01TemplateBuilderLiveTest): (..)
  testTemplateBuilderCannotFind(org.jclouds.bluelock.vcloud.zone01.compute.BluelockVCloudZone01TemplateBuilderLiveTest): (..)
  testTemplateBuilderCannotFind(org.jclouds.bluelock.vcloud.zone01.compute.BluelockVCloudZone01TemplateBuilderLiveTest): (..)
  testTemplateBuilderCannotFind(org.jclouds.bluelock.vcloud.zone01.compute.BluelockVCloudZone01TemplateBuilderLiveTest): (..)
  testTemplateBuilderCannotFind(org.jclouds.bluelock.vcloud.zone01.compute.BluelockVCloudZone01TemplateBuilderLiveTest): (..)
  testTemplateBuilderCannotFind(org.jclouds.bluelock.vcloud.zone01.compute.BluelockVCloudZone01TemplateBuilderLiveTest): (..)
  testTemplateBuilderCannotFind(org.jclouds.bluelock.vcloud.zone01.compute.BluelockVCloudZone01TemplateBuilderLiveTest): (..)
  testTemplateBuilderCannotFind(org.jclouds.bluelock.vcloud.zone01.compute.BluelockVCloudZone01TemplateBuilderLiveTest): (..)
  testTemplateBuilderCannotFind(org.jclouds.bluelock.vcloud.zone01.compute.BluelockVCloudZone01TemplateBuilderLiveTest): (..)
  testTemplateBuilderCannotFind(org.jclouds.bluelock.vcloud.zone01.compute.BluelockVCloudZone01TemplateBuilderLiveTest): (..)
  testTemplateBuilderCannotFind(org.jclouds.bluelock.vcloud.zone01.compute.BluelockVCloudZone01TemplateBuilderLiveTest): (..)
  testTemplateBuilderCannotFind(org.jclouds.bluelock.vcloud.zone01.compute.BluelockVCloudZone01TemplateBuilderLiveTest): (..)
  testTemplateBuilderCannotFind(org.jclouds.bluelock.vcloud.zone01.compute.BluelockVCloudZone01TemplateBuilderLiveTest): (..)
  testTemplateBuilderCannotFind(org.jclouds.bluelock.vcloud.zone01.compute.BluelockVCloudZone01TemplateBuilderLiveTest): (..)
  testTemplateBuilderCannotFind(org.jclouds.bluelock.vcloud.zone01.compute.BluelockVCloudZone01TemplateBuilderLiveTest): (..)
  testTemplateBuilderCannotFind(org.jclouds.bluelock.vcloud.zone01.compute.BluelockVCloudZone01TemplateBuilderLiveTest): (..)
  testTemplateBuilderCannotFind(org.jclouds.bluelock.vcloud.zone01.compute.BluelockVCloudZone01TemplateBuilderLiveTest): (..)
  testTemplateBuilderCannotFind(org.jclouds.bluelock.vcloud.zone01.compute.BluelockVCloudZone01TemplateBuilderLiveTest): (..)
  testTemplateBuilderCannotFind(org.jclouds.bluelock.vcloud.zone01.compute.BluelockVCloudZone01TemplateBuilderLiveTest): (..)
  testTemplateBuilderCannotFind(org.jclouds.bluelock.vcloud.zone01.compute.BluelockVCloudZone01TemplateBuilderLiveTest): (..)
  testTemplateBuilderCannotFind(org.jclouds.bluelock.vcloud.zone01.compute.BluelockVCloudZone01TemplateBuilderLiveTest): (..)
  testTemplateBuilderCannotFind(org.jclouds.bluelock.vcloud.zone01.compute.BluelockVCloudZone01TemplateBuilderLiveTest): (..)
  testTemplateBuilderCannotFind(org.jclouds.bluelock.vcloud.zone01.compute.BluelockVCloudZone01TemplateBuilderLiveTest): (..)
  testTemplateBuilderCannotFind(org.jclouds.bluelock.vcloud.zone01.compute.BluelockVCloudZone01TemplateBuilderLiveTest): (..)
  testTemplateBuilderCannotFind(org.jclouds.bluelock.vcloud.zone01.compute.BluelockVCloudZone01TemplateBuilderLiveTest): (..)
  testTemplateBuilderCannotFind(org.jclouds.bluelock.vcloud.zone01.compute.BluelockVCloudZone01TemplateBuilderLiveTest): (..)
  testTemplateBuilderCannotFind(org.jclouds.bluelock.vcloud.zone01.compute.BluelockVCloudZone01TemplateBuilderLiveTest): (..)
  testTemplateBuilderCannotFind(org.jclouds.bluelock.vcloud.zone01.compute.BluelockVCloudZone01TemplateBuilderLiveTest): (..)
  testTemplateBuilderCannotFind(org.jclouds.bluelock.vcloud.zone01.compute.BluelockVCloudZone01TemplateBuilderLiveTest): (..)
  testTemplateBuilderCannotFind(org.jclouds.bluelock.vcloud.zone01.compute.BluelockVCloudZone01TemplateBuilderLiveTest): (..)
  testTemplateBuilderCannotFind(org.jclouds.bluelock.vcloud.zone01.compute.BluelockVCloudZone01TemplateBuilderLiveTest): (..)
  testTemplateBuilderCannotFind(org.jclouds.bluelock.vcloud.zone01.compute.BluelockVCloudZone01TemplateBuilderLiveTest): (..)
  testTemplateBuilderCannotFind(org.jclouds.bluelock.vcloud.zone01.compute.BluelockVCloudZone01TemplateBuilderLiveTest): (..)
  testTemplateBuilderCannotFind(org.jclouds.bluelock.vcloud.zone01.compute.BluelockVCloudZone01TemplateBuilderLiveTest): (..)
  testTemplateBuilderCannotFind(org.jclouds.bluelock.vcloud.zone01.compute.BluelockVCloudZone01TemplateBuilderLiveTest): (..)
  testTemplateBuilderCannotFind(org.jclouds.bluelock.vcloud.zone01.compute.BluelockVCloudZone01TemplateBuilderLiveTest): (..)
  testTemplateBuilderCannotFind(org.jclouds.bluelock.vcloud.zone01.compute.BluelockVCloudZone01TemplateBuilderLiveTest): (..)
  testTemplateBuilderCannotFind(org.jclouds.bluelock.vcloud.zone01.compute.BluelockVCloudZone01TemplateBuilderLiveTest): (..)
  testTemplateBuilderCannotFind(org.jclouds.bluelock.vcloud.zone01.compute.BluelockVCloudZone01TemplateBuilderLiveTest): (..)
  testTemplateBuilderCannotFind(org.jclouds.bluelock.vcloud.zone01.compute.BluelockVCloudZone01TemplateBuilderLiveTest): (..)
  testTemplateBuilderCannotFind(org.jclouds.bluelock.vcloud.zone01.compute.BluelockVCloudZone01TemplateBuilderLiveTest): (..)
  testTemplateBuilderCannotFind(org.jclouds.bluelock.vcloud.zone01.compute.BluelockVCloudZone01TemplateBuilderLiveTest): (..)
  testTemplateBuilderCannotFind(org.jclouds.bluelock.vcloud.zone01.compute.BluelockVCloudZone01TemplateBuilderLiveTest): (..)
  testTemplateBuilderWithImageIdSpecified(org.jclouds.bluelock.vcloud.zone01.compute.BluelockVCloudZone01TemplateBuilderLiveTest): error images in [[href=https://zone01.bluelock.com/api/v1.0/org/d7b75404-aef4-4977-a007-03d0a21c1bc0, name=Jclouds, type=application/vnd.vmware.vcloud.org+xml, fullName=Jclouds, description=null, catalogs={public01=[href=https://zone01.bluelock.com/api/v1.0/catalog/17b2cb9b-1893-43d2-a0b0-cc0e3ae20251, name=public01, type=application/vnd.vmware.vcloud.catalog+xml], private01-Jclouds=[href=https://zone01.bluelock.com/api/v1.0/catalog/e9316391-51f3-4662-98a9-55b168022a80, name=private01-Jclouds, type=application/vnd.vmware.vcloud.catalog+xml]}, networks={internet01-Jclouds=[href=https://zone01.bluelock.com/api/v1.0/network/7161b44e-c1ae-457d-9804-8d3d689f1d32, name=internet01-Jclouds, type=application/vnd.vmware.vcloud.network+xml], isolation01-Jclouds=[href=https://zone01.bluelock.com/api/v1.0/network/f4c08477-a0b9-455e-800f-612a13a3448c, name=isolation01-Jclouds, type=application/vnd.vmware.vcloud.network+xml]}, tasksList=[href=https://zone01.bluelock.com/api/v1.0/tasksList/d7b75404-aef4-4977-a007-03d0a21c1bc0, name=null, type=application/vnd.vmware.vcloud.tasksList+xml], vdcs={Cluster01-Jclouds=[href=https://zone01.bluelock.com/api/v1.0/vdc/9db4ee77-33e7-4b83-96be-eee9925eaa9b, name=Cluster01-Jclouds, type=application/vnd.vmware.vcloud.vdc+xml]}, tasks=[]]]: {[href=https://zone01.bluelock.com/api/v1.0/org/d7b75404-aef4-4977-a007-03d0a21c1bc0, name=Jclouds, type=application/vnd.vmware.vcloud.org+xml, fullName=Jclouds, description=null, catalogs={public01=[href=https://zone01.bluelock.com/api/v1.0/catalog/17b2cb9b-1893-43d2-a0b0-cc0e3ae20251, name=public01, type=application/vnd.vmware.vcloud.catalog+xml], private01-Jclouds=[href=https://zone01.bluelock.com/api/v1.0/catalog/e9316391-51f3-4662-98a9-55b168022a80, name=private01-Jclouds, type=application/vnd.vmware.vcloud.catalog+xml]}, networks={internet01-Jclouds=[href=https://zone01.bluelock.com/api/v1.0/network/7161b44e-c1ae-457d-9804-8d3d689f1d32, name=internet01-Jclouds, type=application/vnd.vmware.vcloud.network+xml], isolation01-Jclouds=[href=https://zone01.bluelock.com/api/v1.0/network/f4c08477-a0b9-455e-800f-612a13a3448c, name=isolation01-Jclouds, type=application/vnd.vmware.vcloud.network+xml]}, tasksList=[href=https://zone01.bluelock.com/api/v1.0/tasksList/d7b75404-aef4-4977-a007-03d0a21c1bc0, name=null, type=application/vnd.vmware.vcloud.tasksList+xml], vdcs={Cluster01-Jclouds=[href=https://zone01.bluelock.com/api/v1.0/vdc/9db4ee77-33e7-4b83-96be-eee9925eaa9b, name=Cluster01-Jclouds, type=application/vnd.vmware.vcloud.vdc+xml]}, tasks=[]]=java.util.concurrent.ExecutionException: java.lang.NullPointerException}
  testTemplateBuilderWithLoginUserSpecified(org.jclouds.bluelock.vcloud.zone01.compute.BluelockVCloudZone01TemplateBuilderLiveTest): error images in [[href=https://zone01.bluelock.com/api/v1.0/org/d7b75404-aef4-4977-a007-03d0a21c1bc0, name=Jclouds, type=application/vnd.vmware.vcloud.org+xml, fullName=Jclouds, description=null, catalogs={public01=[href=https://zone01.bluelock.com/api/v1.0/catalog/17b2cb9b-1893-43d2-a0b0-cc0e3ae20251, name=public01, type=application/vnd.vmware.vcloud.catalog+xml], private01-Jclouds=[href=https://zone01.bluelock.com/api/v1.0/catalog/e9316391-51f3-4662-98a9-55b168022a80, name=private01-Jclouds, type=application/vnd.vmware.vcloud.catalog+xml]}, networks={internet01-Jclouds=[href=https://zone01.bluelock.com/api/v1.0/network/7161b44e-c1ae-457d-9804-8d3d689f1d32, name=internet01-Jclouds, type=application/vnd.vmware.vcloud.network+xml], isolation01-Jclouds=[href=https://zone01.bluelock.com/api/v1.0/network/f4c08477-a0b9-455e-800f-612a13a3448c, name=isolation01-Jclouds, type=application/vnd.vmware.vcloud.network+xml]}, tasksList=[href=https://zone01.bluelock.com/api/v1.0/tasksList/d7b75404-aef4-4977-a007-03d0a21c1bc0, name=null, type=application/vnd.vmware.vcloud.tasksList+xml], vdcs={Cluster01-Jclouds=[href=https://zone01.bluelock.com/api/v1.0/vdc/9db4ee77-33e7-4b83-96be-eee9925eaa9b, name=Cluster01-Jclouds, type=application/vnd.vmware.vcloud.vdc+xml]}, tasks=[]]]: {[href=https://zone01.bluelock.com/api/v1.0/org/d7b75404-aef4-4977-a007-03d0a21c1bc0, name=Jclouds, type=application/vnd.vmware.vcloud.org+xml, fullName=Jclouds, description=null, catalogs={public01=[href=https://zone01.bluelock.com/api/v1.0/catalog/17b2cb9b-1893-43d2-a0b0-cc0e3ae20251, name=public01, type=application/vnd.vmware.vcloud.catalog+xml], private01-Jclouds=[href=https://zone01.bluelock.com/api/v1.0/catalog/e9316391-51f3-4662-98a9-55b168022a80, name=private01-Jclouds, type=application/vnd.vmware.vcloud.catalog+xml]}, networks={internet01-Jclouds=[href=https://zone01.bluelock.com/api/v1.0/network/7161b44e-c1ae-457d-9804-8d3d689f1d32, name=internet01-Jclouds, type=application/vnd.vmware.vcloud.network+xml], isolation01-Jclouds=[href=https://zone01.bluelock.com/api/v1.0/network/f4c08477-a0b9-455e-800f-612a13a3448c, name=isolation01-Jclouds, type=application/vnd.vmware.vcloud.network+xml]}, tasksList=[href=https://zone01.bluelock.com/api/v1.0/tasksList/d7b75404-aef4-4977-a007-03d0a21c1bc0, name=null, type=application/vnd.vmware.vcloud.tasksList+xml], vdcs={Cluster01-Jclouds=[href=https://zone01.bluelock.com/api/v1.0/vdc/9db4ee77-33e7-4b83-96be-eee9925eaa9b, name=Cluster01-Jclouds, type=application/vnd.vmware.vcloud.vdc+xml]}, tasks=[]]=java.util.concurrent.ExecutionException: java.lang.NullPointerException}
  testDefaultTemplateBuilder(org.jclouds.bluelock.vcloud.zone01.compute.BluelockVCloudZone01TemplateBuilderLiveTest): error images in [[href=https://zone01.bluelock.com/api/v1.0/org/d7b75404-aef4-4977-a007-03d0a21c1bc0, name=Jclouds, type=application/vnd.vmware.vcloud.org+xml, fullName=Jclouds, description=null, catalogs={public01=[href=https://zone01.bluelock.com/api/v1.0/catalog/17b2cb9b-1893-43d2-a0b0-cc0e3ae20251, name=public01, type=application/vnd.vmware.vcloud.catalog+xml], private01-Jclouds=[href=https://zone01.bluelock.com/api/v1.0/catalog/e9316391-51f3-4662-98a9-55b168022a80, name=private01-Jclouds, type=application/vnd.vmware.vcloud.catalog+xml]}, networks={internet01-Jclouds=[href=https://zone01.bluelock.com/api/v1.0/network/7161b44e-c1ae-457d-9804-8d3d689f1d32, name=internet01-Jclouds, type=application/vnd.vmware.vcloud.network+xml], isolation01-Jclouds=[href=https://zone01.bluelock.com/api/v1.0/network/f4c08477-a0b9-455e-800f-612a13a3448c, name=isolation01-Jclouds, type=application/vnd.vmware.vcloud.network+xml]}, tasksList=[href=https://zone01.bluelock.com/api/v1.0/tasksList/d7b75404-aef4-4977-a007-03d0a21c1bc0, name=null, type=application/vnd.vmware.vcloud.tasksList+xml], vdcs={Cluster01-Jclouds=[href=https://zone01.bluelock.com/api/v1.0/vdc/9db4ee77-33e7-4b83-96be-eee9925eaa9b, name=Cluster01-Jclouds, type=application/vnd.vmware.vcloud.vdc+xml]}, tasks=[]]]: {[href=https://zone01.bluelock.com/api/v1.0/org/d7b75404-aef4-4977-a007-03d0a21c1bc0, name=Jclouds, type=application/vnd.vmware.vcloud.org+xml, fullName=Jclouds, description=null, catalogs={public01=[href=https://zone01.bluelock.com/api/v1.0/catalog/17b2cb9b-1893-43d2-a0b0-cc0e3ae20251, name=public01, type=application/vnd.vmware.vcloud.catalog+xml], private01-Jclouds=[href=https://zone01.bluelock.com/api/v1.0/catalog/e9316391-51f3-4662-98a9-55b168022a80, name=private01-Jclouds, type=application/vnd.vmware.vcloud.catalog+xml]}, networks={internet01-Jclouds=[href=https://zone01.bluelock.com/api/v1.0/network/7161b44e-c1ae-457d-9804-8d3d689f1d32, name=internet01-Jclouds, type=application/vnd.vmware.vcloud.network+xml], isolation01-Jclouds=[href=https://zone01.bluelock.com/api/v1.0/network/f4c08477-a0b9-455e-800f-612a13a3448c, name=isolation01-Jclouds, type=application/vnd.vmware.vcloud.network+xml]}, tasksList=[href=https://zone01.bluelock.com/api/v1.0/tasksList/d7b75404-aef4-4977-a007-03d0a21c1bc0, name=null, type=application/vnd.vmware.vcloud.tasksList+xml], vdcs={Cluster01-Jclouds=[href=https://zone01.bluelock.com/api/v1.0/vdc/9db4ee77-33e7-4b83-96be-eee9925eaa9b, name=Cluster01-Jclouds, type=application/vnd.vmware.vcloud.vdc+xml]}, tasks=[]]=java.util.concurrent.ExecutionException: java.lang.NullPointerException}

Tests run: 123, Failures: 100, Errors: 0, Skipped: 11

[INFO] ------------------------------------------------------------------------
[INFO] BUILD FAILURE
[INFO] ------------------------------------------------------------------------
[INFO] Total time: 38:07.943s
[INFO] Finished at: Mon Apr 23 21:14:41 PDT 2012
[INFO] Final Memory: 20M/265M
[INFO] ------------------------------------------------------------------------
[ERROR] Failed to execute goal org.apache.maven.plugins:maven-surefire-plugin:2.12:test (integration) on project bluelock-vcloud-zone01: There are test failures.
[ERROR] 
[ERROR] Please refer to /Users/adriancole/workspace/git/jclouds/providers/bluelock-vcloud-zone01/target/surefire-reports for the individual test results.
[ERROR] -> [Help 1]
[ERROR] 
[ERROR] To see the full stack trace of the errors, re-run Maven with the -e switch.
[ERROR] Re-run Maven using the -X switch to enable full debug logging.
[ERROR] 
[ERROR] For more information about the errors and possible solutions, please read the following articles:
[ERROR] [Help 1] http://cwiki.apache.org/confluence/display/MAVEN/MojoFailureException
