[INFO] Scanning for projects...
[WARNING] 
[WARNING] Some problems were encountered while building the effective model for org.jclouds.provider:cloudloadbalancers-uk:bundle:1.5.0-SNAPSHOT
[WARNING] 'parent.relativePath' of POM org.jclouds:jclouds-project:1.5.0-SNAPSHOT (/Users/adriancole/workspace/git/jclouds/project/pom.xml) points at org.jclouds:jclouds-multi instead of org.sonatype.oss:oss-parent, please verify your project structure @ org.jclouds:jclouds-project:1.5.0-SNAPSHOT, /Users/adriancole/workspace/git/jclouds/project/pom.xml, line 24, column 13
[WARNING] 
[WARNING] It is highly recommended to fix these problems because they threaten the stability of your build.
[WARNING] 
[WARNING] For this reason, future Maven versions might no longer support building such malformed projects.
[WARNING] 
[INFO]                                                                         
[INFO] ------------------------------------------------------------------------
[INFO] Building jclouds CloudLoadBalancers UK provider 1.5.0-SNAPSHOT
[INFO] ------------------------------------------------------------------------
[INFO] 
[INFO] --- maven-clean-plugin:2.4.1:clean (default-clean) @ cloudloadbalancers-uk ---
[INFO] Deleting /Users/adriancole/workspace/git/jclouds/providers/cloudloadbalancers-uk/target
[INFO] 
[INFO] --- maven-enforcer-plugin:1.0.1:enforce (enforce-maven) @ cloudloadbalancers-uk ---
[INFO] 
[INFO] --- maven-enforcer-plugin:1.0.1:enforce (enforce-banned-dependencies) @ cloudloadbalancers-uk ---
[INFO] 
[INFO] --- maven-enforcer-plugin:1.0.1:enforce (enforce-java) @ cloudloadbalancers-uk ---
[INFO] 
[INFO] --- maven-remote-resources-plugin:1.2.1:process (process-remote-resources) @ cloudloadbalancers-uk ---
[INFO] 
[INFO] --- maven-resources-plugin:2.5:resources (default-resources) @ cloudloadbalancers-uk ---
[debug] execute contextualize
[INFO] Using 'UTF-8' encoding to copy filtered resources.
[INFO] skip non existing resourceDirectory /Users/adriancole/workspace/git/jclouds/providers/cloudloadbalancers-uk/src/main/clojure
[INFO] Copying 1 resource
[INFO] Copying 2 resources
[INFO] 
[INFO] --- maven-compiler-plugin:2.3.2:compile (default-compile) @ cloudloadbalancers-uk ---
[INFO] Compiling 1 source file to /Users/adriancole/workspace/git/jclouds/providers/cloudloadbalancers-uk/target/classes
[INFO] 
[INFO] --- maven-resources-plugin:2.5:testResources (default-testResources) @ cloudloadbalancers-uk ---
[debug] execute contextualize
[INFO] Using 'UTF-8' encoding to copy filtered resources.
[INFO] skip non existing resourceDirectory /Users/adriancole/workspace/git/jclouds/providers/cloudloadbalancers-uk/src/test/clojure
[INFO] skip non existing resourceDirectory /Users/adriancole/workspace/git/jclouds/providers/cloudloadbalancers-uk/src/test/resources
[INFO] Copying 2 resources
[INFO] 
[INFO] --- maven-compiler-plugin:2.3.2:testCompile (default-testCompile) @ cloudloadbalancers-uk ---
[INFO] Compiling 3 source files to /Users/adriancole/workspace/git/jclouds/providers/cloudloadbalancers-uk/target/test-classes
[INFO] 
[INFO] --- maven-surefire-plugin:2.12:test (default-test) @ cloudloadbalancers-uk ---
[INFO] Surefire report directory: /Users/adriancole/workspace/git/jclouds/providers/cloudloadbalancers-uk/target/surefire-reports
[INFO] Using configured provider org.apache.maven.surefire.testng.TestNGProvider

-------------------------------------------------------
 T E S T S
-------------------------------------------------------
Running org.jclouds.rackspace.cloudloadbalancers.CloudLoadBalancersUKProviderTest
Configuring TestNG with: org.apache.maven.surefire.testng.conf.TestNGMapConfigurator@375212bc
Starting test testAllContains(org.jclouds.rackspace.cloudloadbalancers.CloudLoadBalancersUKProviderTest)
Starting test testWithId(org.jclouds.rackspace.cloudloadbalancers.CloudLoadBalancersUKProviderTest)
[pool-2-thread-1] Test testAllContains(org.jclouds.rackspace.cloudloadbalancers.CloudLoadBalancersUKProviderTest) succeeded: 11ms
Test suite progress: tests succeeded: 1, failed: 0, skipped: 0.
Starting test testOfApiContains(org.jclouds.rackspace.cloudloadbalancers.CloudLoadBalancersUKProviderTest)
[pool-2-thread-2] Test testOfApiContains(org.jclouds.rackspace.cloudloadbalancers.CloudLoadBalancersUKProviderTest) succeeded: 4ms
Test suite progress: tests succeeded: 2, failed: 0, skipped: 0.
[pool-2-thread-4] Test testWithId(org.jclouds.rackspace.cloudloadbalancers.CloudLoadBalancersUKProviderTest) succeeded: 22ms
Test suite progress: tests succeeded: 3, failed: 0, skipped: 0.
Starting test testTransformableToContains(org.jclouds.rackspace.cloudloadbalancers.CloudLoadBalancersUKProviderTest)
[pool-2-thread-3] Test testTransformableToContains(org.jclouds.rackspace.cloudloadbalancers.CloudLoadBalancersUKProviderTest) succeeded: 6ms
Test suite progress: tests succeeded: 4, failed: 0, skipped: 0.
Tests run: 4, Failures: 0, Errors: 0, Skipped: 0, Time elapsed: 0.826 sec

Results :

Tests run: 4, Failures: 0, Errors: 0, Skipped: 0

[INFO] 
[INFO] --- clojure-maven-plugin:1.3.9:test (test-clojure) @ cloudloadbalancers-uk ---

Testing com.theoryinpractise.clojure.testrunner

Ran 0 tests containing 0 assertions.
0 failures, 0 errors.
[INFO] 
[INFO] --- maven-bundle-plugin:2.3.7:bundle (default-bundle) @ cloudloadbalancers-uk ---
[INFO] 
[INFO] --- maven-source-plugin:2.1.2:jar-no-fork (attach-sources) @ cloudloadbalancers-uk ---
[INFO] META-INF already added, skipping
[INFO] META-INF already added, skipping
[INFO] META-INF/LICENSE.txt already added, skipping
[INFO] META-INF/NOTICE.txt already added, skipping
[INFO] Building jar: /Users/adriancole/workspace/git/jclouds/providers/cloudloadbalancers-uk/target/cloudloadbalancers-uk-1.5.0-SNAPSHOT-sources.jar
[INFO] META-INF already added, skipping
[INFO] META-INF already added, skipping
[INFO] META-INF/LICENSE.txt already added, skipping
[INFO] META-INF/NOTICE.txt already added, skipping
[INFO] 
[INFO] --- maven-javadoc-plugin:2.8.1:jar (javadoc) @ cloudloadbalancers-uk ---
[INFO] Skipping javadoc generation
[INFO] 
[INFO] --- maven-jar-plugin:2.4:test-jar (default) @ cloudloadbalancers-uk ---
[INFO] Building jar: /Users/adriancole/workspace/git/jclouds/providers/cloudloadbalancers-uk/target/cloudloadbalancers-uk-1.5.0-SNAPSHOT-tests.jar
[INFO] 
[INFO] --- maven-surefire-plugin:2.12:test (integration) @ cloudloadbalancers-uk ---
[INFO] Surefire report directory: /Users/adriancole/workspace/git/jclouds/providers/cloudloadbalancers-uk/target/surefire-reports
[INFO] Using configured provider org.apache.maven.surefire.testng.TestNGProvider

-------------------------------------------------------
 T E S T S
-------------------------------------------------------
Running TestSuite
Configuring TestNG with: org.apache.maven.surefire.testng.conf.TestNGMapConfigurator@4139eeda
Starting test setupContext(org.jclouds.rackspace.cloudloadbalancers.CloudLoadBalancersUKLoadBalancerClientLiveTest)
[TestNG] Test setupContext(org.jclouds.rackspace.cloudloadbalancers.CloudLoadBalancersUKLoadBalancerClientLiveTest) failed.
Test suite progress: tests succeeded: 0, failed: 1, skipped: 0.
Starting test testCreateLoadBalancer(org.jclouds.rackspace.cloudloadbalancers.CloudLoadBalancersUKLoadBalancerClientLiveTest)
[TestNG] Test testCreateLoadBalancer(org.jclouds.rackspace.cloudloadbalancers.CloudLoadBalancersUKLoadBalancerClientLiveTest) succeeded: 1ms
Test suite progress: tests succeeded: 1, failed: 1, skipped: 0.
Starting test testCreateLoadBalancers(org.jclouds.rackspace.cloudloadbalancers.CloudLoadBalancersUKNodeClientLiveTest)
[TestNG] Test testCreateLoadBalancers(org.jclouds.rackspace.cloudloadbalancers.CloudLoadBalancersUKNodeClientLiveTest) failed.
Test suite progress: tests succeeded: 1, failed: 2, skipped: 0.
Starting test testUpdateLoadBalancer(org.jclouds.rackspace.cloudloadbalancers.CloudLoadBalancersUKLoadBalancerClientLiveTest)
[TestNG] Test testUpdateLoadBalancer(org.jclouds.rackspace.cloudloadbalancers.CloudLoadBalancersUKLoadBalancerClientLiveTest) succeeded: 0ms
Test suite progress: tests succeeded: 2, failed: 2, skipped: 0.
[TestNG] Test testAddNodes(org.jclouds.rackspace.cloudloadbalancers.CloudLoadBalancersUKNodeClientLiveTest) skipped.
Test suite progress: tests succeeded: 2, failed: 2, skipped: 1.
Starting test testListLoadBalancers(org.jclouds.rackspace.cloudloadbalancers.CloudLoadBalancersUKLoadBalancerClientLiveTest)
[TestNG] Test testListLoadBalancers(org.jclouds.rackspace.cloudloadbalancers.CloudLoadBalancersUKLoadBalancerClientLiveTest) succeeded: 1ms
Test suite progress: tests succeeded: 3, failed: 2, skipped: 1.
[TestNG] Test testModifyNode(org.jclouds.rackspace.cloudloadbalancers.CloudLoadBalancersUKNodeClientLiveTest) skipped.
Test suite progress: tests succeeded: 3, failed: 2, skipped: 2.
[TestNG] Test testListNodes(org.jclouds.rackspace.cloudloadbalancers.CloudLoadBalancersUKNodeClientLiveTest) skipped.
Test suite progress: tests succeeded: 3, failed: 2, skipped: 3.
Tests run: 8, Failures: 2, Errors: 0, Skipped: 3, Time elapsed: 1.839 sec <<< FAILURE!

Results :

Failed tests:   setupContext(org.jclouds.rackspace.cloudloadbalancers.CloudLoadBalancersUKLoadBalancerClientLiveTest): null: lists don't have the same size expected:<1> but was:<0>
  testCreateLoadBalancers(org.jclouds.rackspace.cloudloadbalancers.CloudLoadBalancersUKNodeClientLiveTest): Need to have some regions! expected:<true> but was:<false>

Tests run: 8, Failures: 2, Errors: 0, Skipped: 3

[INFO] ------------------------------------------------------------------------
[INFO] BUILD FAILURE
[INFO] ------------------------------------------------------------------------
[INFO] Total time: 14.398s
[INFO] Finished at: Mon Apr 23 21:59:15 PDT 2012
[INFO] Final Memory: 21M/265M
[INFO] ------------------------------------------------------------------------
[ERROR] Failed to execute goal org.apache.maven.plugins:maven-surefire-plugin:2.12:test (integration) on project cloudloadbalancers-uk: There are test failures.
[ERROR] 
[ERROR] Please refer to /Users/adriancole/workspace/git/jclouds/providers/cloudloadbalancers-uk/target/surefire-reports for the individual test results.
[ERROR] -> [Help 1]
[ERROR] 
[ERROR] To see the full stack trace of the errors, re-run Maven with the -e switch.
[ERROR] Re-run Maven using the -X switch to enable full debug logging.
[ERROR] 
[ERROR] For more information about the errors and possible solutions, please read the following articles:
[ERROR] [Help 1] http://cwiki.apache.org/confluence/display/MAVEN/MojoFailureException
