[INFO] Scanning for projects...
[WARNING] 
[WARNING] Some problems were encountered while building the effective model for org.jclouds.provider:cloudservers-us:bundle:1.5.0-SNAPSHOT
[WARNING] 'parent.relativePath' of POM org.jclouds:jclouds-project:1.5.0-SNAPSHOT (/Users/adriancole/workspace/git/jclouds/project/pom.xml) points at org.jclouds:jclouds-multi instead of org.sonatype.oss:oss-parent, please verify your project structure @ org.jclouds:jclouds-project:1.5.0-SNAPSHOT, /Users/adriancole/workspace/git/jclouds/project/pom.xml, line 24, column 13
[WARNING] 
[WARNING] It is highly recommended to fix these problems because they threaten the stability of your build.
[WARNING] 
[WARNING] For this reason, future Maven versions might no longer support building such malformed projects.
[WARNING] 
[INFO]                                                                         
[INFO] ------------------------------------------------------------------------
[INFO] Building jclouds CloudServers US provider 1.5.0-SNAPSHOT
[INFO] ------------------------------------------------------------------------
[INFO] 
[INFO] --- maven-clean-plugin:2.4.1:clean (default-clean) @ cloudservers-us ---
[INFO] Deleting /Users/adriancole/workspace/git/jclouds/providers/cloudservers-us/target
[INFO] 
[INFO] --- maven-enforcer-plugin:1.0.1:enforce (enforce-maven) @ cloudservers-us ---
[INFO] 
[INFO] --- maven-enforcer-plugin:1.0.1:enforce (enforce-banned-dependencies) @ cloudservers-us ---
[INFO] 
[INFO] --- maven-enforcer-plugin:1.0.1:enforce (enforce-java) @ cloudservers-us ---
[INFO] 
[INFO] --- maven-remote-resources-plugin:1.2.1:process (process-remote-resources) @ cloudservers-us ---
[INFO] 
[INFO] --- maven-resources-plugin:2.5:resources (default-resources) @ cloudservers-us ---
[debug] execute contextualize
[INFO] Using 'UTF-8' encoding to copy filtered resources.
[INFO] skip non existing resourceDirectory /Users/adriancole/workspace/git/jclouds/providers/cloudservers-us/src/main/clojure
[INFO] Copying 1 resource
[INFO] Copying 2 resources
[INFO] 
[INFO] --- maven-compiler-plugin:2.3.2:compile (default-compile) @ cloudservers-us ---
[INFO] Compiling 1 source file to /Users/adriancole/workspace/git/jclouds/providers/cloudservers-us/target/classes
[INFO] 
[INFO] --- maven-resources-plugin:2.5:testResources (default-testResources) @ cloudservers-us ---
[debug] execute contextualize
[INFO] Using 'UTF-8' encoding to copy filtered resources.
[INFO] skip non existing resourceDirectory /Users/adriancole/workspace/git/jclouds/providers/cloudservers-us/src/test/clojure
[INFO] skip non existing resourceDirectory /Users/adriancole/workspace/git/jclouds/providers/cloudservers-us/src/test/resources
[INFO] Copying 2 resources
[INFO] 
[INFO] --- maven-compiler-plugin:2.3.2:testCompile (default-testCompile) @ cloudservers-us ---
[INFO] Compiling 4 source files to /Users/adriancole/workspace/git/jclouds/providers/cloudservers-us/target/test-classes
[INFO] 
[INFO] --- maven-surefire-plugin:2.12:test (default-test) @ cloudservers-us ---
[INFO] Surefire report directory: /Users/adriancole/workspace/git/jclouds/providers/cloudservers-us/target/surefire-reports
[INFO] Using configured provider org.apache.maven.surefire.testng.TestNGProvider

-------------------------------------------------------
 T E S T S
-------------------------------------------------------
Running org.jclouds.rackspace.cloudservers.CloudServersUSProviderTest
Configuring TestNG with: org.apache.maven.surefire.testng.conf.TestNGMapConfigurator@1cf11404
Starting test testOfApiContains(org.jclouds.rackspace.cloudservers.CloudServersUSProviderTest)
Starting test testAllContains(org.jclouds.rackspace.cloudservers.CloudServersUSProviderTest)
[pool-2-thread-1] Test testAllContains(org.jclouds.rackspace.cloudservers.CloudServersUSProviderTest) succeeded: 12ms
Test suite progress: tests succeeded: 1, failed: 0, skipped: 0.
[pool-2-thread-2] Test testOfApiContains(org.jclouds.rackspace.cloudservers.CloudServersUSProviderTest) succeeded: 23ms
Test suite progress: tests succeeded: 2, failed: 0, skipped: 0.
Starting test testTransformableToContains(org.jclouds.rackspace.cloudservers.CloudServersUSProviderTest)
[pool-2-thread-3] Test testTransformableToContains(org.jclouds.rackspace.cloudservers.CloudServersUSProviderTest) succeeded: 3ms
Test suite progress: tests succeeded: 3, failed: 0, skipped: 0.
Starting test testWithId(org.jclouds.rackspace.cloudservers.CloudServersUSProviderTest)
[pool-2-thread-4] Test testWithId(org.jclouds.rackspace.cloudservers.CloudServersUSProviderTest) succeeded: 3ms
Test suite progress: tests succeeded: 4, failed: 0, skipped: 0.
Tests run: 4, Failures: 0, Errors: 0, Skipped: 0, Time elapsed: 0.848 sec

Results :

Tests run: 4, Failures: 0, Errors: 0, Skipped: 0

[INFO] 
[INFO] --- clojure-maven-plugin:1.3.9:test (test-clojure) @ cloudservers-us ---

Testing com.theoryinpractise.clojure.testrunner

Ran 0 tests containing 0 assertions.
0 failures, 0 errors.
[INFO] 
[INFO] --- maven-bundle-plugin:2.3.7:bundle (default-bundle) @ cloudservers-us ---
[INFO] 
[INFO] --- maven-source-plugin:2.1.2:jar-no-fork (attach-sources) @ cloudservers-us ---
[INFO] META-INF already added, skipping
[INFO] META-INF already added, skipping
[INFO] META-INF/LICENSE.txt already added, skipping
[INFO] META-INF/NOTICE.txt already added, skipping
[INFO] Building jar: /Users/adriancole/workspace/git/jclouds/providers/cloudservers-us/target/cloudservers-us-1.5.0-SNAPSHOT-sources.jar
[INFO] META-INF already added, skipping
[INFO] META-INF already added, skipping
[INFO] META-INF/LICENSE.txt already added, skipping
[INFO] META-INF/NOTICE.txt already added, skipping
[INFO] 
[INFO] --- maven-javadoc-plugin:2.8.1:jar (javadoc) @ cloudservers-us ---
[INFO] Skipping javadoc generation
[INFO] 
[INFO] --- maven-jar-plugin:2.4:test-jar (default) @ cloudservers-us ---
[INFO] Building jar: /Users/adriancole/workspace/git/jclouds/providers/cloudservers-us/target/cloudservers-us-1.5.0-SNAPSHOT-tests.jar
[INFO] 
[INFO] --- maven-surefire-plugin:2.12:test (integration) @ cloudservers-us ---
[INFO] Surefire report directory: /Users/adriancole/workspace/git/jclouds/providers/cloudservers-us/target/surefire-reports
[INFO] Using configured provider org.apache.maven.surefire.testng.TestNGProvider

-------------------------------------------------------
 T E S T S
-------------------------------------------------------
Running TestSuite
Configuring TestNG with: org.apache.maven.surefire.testng.conf.TestNGMapConfigurator@522a4983
Starting test testCompareSizes(org.jclouds.rackspace.cloudservers.compute.CloudServersUSTemplateBuilderLiveTest)
smallest [id=1, providerId=1, name=256 server, processors=[[cores=1.0, speed=1.0]], ram=256, volumes=[[id=null, type=LOCAL, size=10.0, device=null, durable=true, isBootDevice=true]], hypervisor=xen, supportsImage=ALWAYS_TRUE, tags=[]]
fastest [id=8, providerId=8, name=30GB server, processors=[[cores=120.0, speed=1.0]], ram=30720, volumes=[[id=null, type=LOCAL, size=1200.0, device=null, durable=true, isBootDevice=true]], hypervisor=xen, supportsImage=ALWAYS_TRUE, tags=[]]
biggest [id=8, providerId=8, name=30GB server, processors=[[cores=120.0, speed=1.0]], ram=30720, volumes=[[id=null, type=LOCAL, size=1200.0, device=null, durable=true, isBootDevice=true]], hypervisor=xen, supportsImage=ALWAYS_TRUE, tags=[]]
[TestNG] Test testCompareSizes(org.jclouds.rackspace.cloudservers.compute.CloudServersUSTemplateBuilderLiveTest) succeeded: 2370ms
Test suite progress: tests succeeded: 1, failed: 0, skipped: 0.
Starting test testDefaultTemplateBuilder(org.jclouds.rackspace.cloudservers.compute.CloudServersUSTemplateBuilderLiveTest)
[TestNG] Test testDefaultTemplateBuilder(org.jclouds.rackspace.cloudservers.compute.CloudServersUSTemplateBuilderLiveTest) succeeded: 2ms
Test suite progress: tests succeeded: 2, failed: 0, skipped: 0.
Starting test testFromTemplate(org.jclouds.rackspace.cloudservers.compute.CloudServersUSTemplateBuilderLiveTest)
[TestNG] Test testFromTemplate(org.jclouds.rackspace.cloudservers.compute.CloudServersUSTemplateBuilderLiveTest) succeeded: 5ms
Test suite progress: tests succeeded: 3, failed: 0, skipped: 0.
Starting test testGetAssignableLocations(org.jclouds.rackspace.cloudservers.compute.CloudServersUSTemplateBuilderLiveTest)
[TestNG] Test testGetAssignableLocations(org.jclouds.rackspace.cloudservers.compute.CloudServersUSTemplateBuilderLiveTest) skipped.
Test suite progress: tests succeeded: 3, failed: 0, skipped: 1.
Starting test testTemplateBuilderCanFind(org.jclouds.rackspace.cloudservers.compute.CloudServersUSTemplateBuilderLiveTest)
[TestNG] Test testTemplateBuilderCanFind(org.jclouds.rackspace.cloudservers.compute.CloudServersUSTemplateBuilderLiveTest) succeeded: 1ms
Test suite progress: tests succeeded: 4, failed: 0, skipped: 1.
Starting test testTemplateBuilderCanFind(org.jclouds.rackspace.cloudservers.compute.CloudServersUSTemplateBuilderLiveTest)
[TestNG] Test testTemplateBuilderCanFind(org.jclouds.rackspace.cloudservers.compute.CloudServersUSTemplateBuilderLiveTest) succeeded: 1ms
Test suite progress: tests succeeded: 5, failed: 0, skipped: 1.
Starting test testTemplateBuilderCanFind(org.jclouds.rackspace.cloudservers.compute.CloudServersUSTemplateBuilderLiveTest)
[TestNG] Test testTemplateBuilderCanFind(org.jclouds.rackspace.cloudservers.compute.CloudServersUSTemplateBuilderLiveTest) succeeded: 3ms
Test suite progress: tests succeeded: 6, failed: 0, skipped: 1.
Starting test testTemplateBuilderCanFind(org.jclouds.rackspace.cloudservers.compute.CloudServersUSTemplateBuilderLiveTest)
[TestNG] Test testTemplateBuilderCanFind(org.jclouds.rackspace.cloudservers.compute.CloudServersUSTemplateBuilderLiveTest) succeeded: 2ms
Test suite progress: tests succeeded: 7, failed: 0, skipped: 1.
Starting test testTemplateBuilderCanFind(org.jclouds.rackspace.cloudservers.compute.CloudServersUSTemplateBuilderLiveTest)
[TestNG] Test testTemplateBuilderCanFind(org.jclouds.rackspace.cloudservers.compute.CloudServersUSTemplateBuilderLiveTest) succeeded: 2ms
Test suite progress: tests succeeded: 8, failed: 0, skipped: 1.
Starting test testTemplateBuilderCanFind(org.jclouds.rackspace.cloudservers.compute.CloudServersUSTemplateBuilderLiveTest)
[TestNG] Test testTemplateBuilderCanFind(org.jclouds.rackspace.cloudservers.compute.CloudServersUSTemplateBuilderLiveTest) succeeded: 2ms
Test suite progress: tests succeeded: 9, failed: 0, skipped: 1.
Starting test testTemplateBuilderCanFind(org.jclouds.rackspace.cloudservers.compute.CloudServersUSTemplateBuilderLiveTest)
[TestNG] Test testTemplateBuilderCanFind(org.jclouds.rackspace.cloudservers.compute.CloudServersUSTemplateBuilderLiveTest) succeeded: 1ms
Test suite progress: tests succeeded: 10, failed: 0, skipped: 1.
Starting test testTemplateBuilderCanFind(org.jclouds.rackspace.cloudservers.compute.CloudServersUSTemplateBuilderLiveTest)
[TestNG] Test testTemplateBuilderCanFind(org.jclouds.rackspace.cloudservers.compute.CloudServersUSTemplateBuilderLiveTest) succeeded: 2ms
Test suite progress: tests succeeded: 11, failed: 0, skipped: 1.
Starting test testTemplateBuilderCanFind(org.jclouds.rackspace.cloudservers.compute.CloudServersUSTemplateBuilderLiveTest)
[TestNG] Test testTemplateBuilderCanFind(org.jclouds.rackspace.cloudservers.compute.CloudServersUSTemplateBuilderLiveTest) succeeded: 5ms
Test suite progress: tests succeeded: 12, failed: 0, skipped: 1.
Starting test testTemplateBuilderCanFind(org.jclouds.rackspace.cloudservers.compute.CloudServersUSTemplateBuilderLiveTest)
[TestNG] Test testTemplateBuilderCanFind(org.jclouds.rackspace.cloudservers.compute.CloudServersUSTemplateBuilderLiveTest) succeeded: 3ms
Test suite progress: tests succeeded: 13, failed: 0, skipped: 1.
Starting test testTemplateBuilderCanFind(org.jclouds.rackspace.cloudservers.compute.CloudServersUSTemplateBuilderLiveTest)
[TestNG] Test testTemplateBuilderCanFind(org.jclouds.rackspace.cloudservers.compute.CloudServersUSTemplateBuilderLiveTest) succeeded: 1ms
Test suite progress: tests succeeded: 14, failed: 0, skipped: 1.
Starting test testTemplateBuilderCanFind(org.jclouds.rackspace.cloudservers.compute.CloudServersUSTemplateBuilderLiveTest)
[TestNG] Test testTemplateBuilderCanFind(org.jclouds.rackspace.cloudservers.compute.CloudServersUSTemplateBuilderLiveTest) succeeded: 1ms
Test suite progress: tests succeeded: 15, failed: 0, skipped: 1.
Starting test testTemplateBuilderCanFind(org.jclouds.rackspace.cloudservers.compute.CloudServersUSTemplateBuilderLiveTest)
[TestNG] Test testTemplateBuilderCanFind(org.jclouds.rackspace.cloudservers.compute.CloudServersUSTemplateBuilderLiveTest) succeeded: 1ms
Test suite progress: tests succeeded: 16, failed: 0, skipped: 1.
Starting test testTemplateBuilderCanFind(org.jclouds.rackspace.cloudservers.compute.CloudServersUSTemplateBuilderLiveTest)
[TestNG] Test testTemplateBuilderCanFind(org.jclouds.rackspace.cloudservers.compute.CloudServersUSTemplateBuilderLiveTest) succeeded: 1ms
Test suite progress: tests succeeded: 17, failed: 0, skipped: 1.
Starting test testTemplateBuilderCanUseImageId(org.jclouds.rackspace.cloudservers.compute.CloudServersUSTemplateBuilderLiveTest)
[TestNG] Test testTemplateBuilderCanUseImageId(org.jclouds.rackspace.cloudservers.compute.CloudServersUSTemplateBuilderLiveTest) succeeded: 1639ms
Test suite progress: tests succeeded: 18, failed: 0, skipped: 1.
Starting test testTemplateBuilderCannotFind(org.jclouds.rackspace.cloudservers.compute.CloudServersUSTemplateBuilderLiveTest)
[TestNG] Test testTemplateBuilderCannotFind(org.jclouds.rackspace.cloudservers.compute.CloudServersUSTemplateBuilderLiveTest) succeeded: 5ms
Test suite progress: tests succeeded: 19, failed: 0, skipped: 1.
Starting test testTemplateBuilderCannotFind(org.jclouds.rackspace.cloudservers.compute.CloudServersUSTemplateBuilderLiveTest)
[TestNG] Test testTemplateBuilderCannotFind(org.jclouds.rackspace.cloudservers.compute.CloudServersUSTemplateBuilderLiveTest) succeeded: 1ms
Test suite progress: tests succeeded: 20, failed: 0, skipped: 1.
Starting test testTemplateBuilderCannotFind(org.jclouds.rackspace.cloudservers.compute.CloudServersUSTemplateBuilderLiveTest)
[TestNG] Test testTemplateBuilderCannotFind(org.jclouds.rackspace.cloudservers.compute.CloudServersUSTemplateBuilderLiveTest) succeeded: 11ms
Test suite progress: tests succeeded: 21, failed: 0, skipped: 1.
Starting test testTemplateBuilderCannotFind(org.jclouds.rackspace.cloudservers.compute.CloudServersUSTemplateBuilderLiveTest)
[TestNG] Test testTemplateBuilderCannotFind(org.jclouds.rackspace.cloudservers.compute.CloudServersUSTemplateBuilderLiveTest) succeeded: 1ms
Test suite progress: tests succeeded: 22, failed: 0, skipped: 1.
Starting test testTemplateBuilderCannotFind(org.jclouds.rackspace.cloudservers.compute.CloudServersUSTemplateBuilderLiveTest)
[TestNG] Test testTemplateBuilderCannotFind(org.jclouds.rackspace.cloudservers.compute.CloudServersUSTemplateBuilderLiveTest) succeeded: 1ms
Test suite progress: tests succeeded: 23, failed: 0, skipped: 1.
Starting test testTemplateBuilderCannotFind(org.jclouds.rackspace.cloudservers.compute.CloudServersUSTemplateBuilderLiveTest)
[TestNG] Test testTemplateBuilderCannotFind(org.jclouds.rackspace.cloudservers.compute.CloudServersUSTemplateBuilderLiveTest) succeeded: 2ms
Test suite progress: tests succeeded: 24, failed: 0, skipped: 1.
Starting test testTemplateBuilderCannotFind(org.jclouds.rackspace.cloudservers.compute.CloudServersUSTemplateBuilderLiveTest)
[TestNG] Test testTemplateBuilderCannotFind(org.jclouds.rackspace.cloudservers.compute.CloudServersUSTemplateBuilderLiveTest) succeeded: 1ms
Test suite progress: tests succeeded: 25, failed: 0, skipped: 1.
Starting test testTemplateBuilderCannotFind(org.jclouds.rackspace.cloudservers.compute.CloudServersUSTemplateBuilderLiveTest)
[TestNG] Test testTemplateBuilderCannotFind(org.jclouds.rackspace.cloudservers.compute.CloudServersUSTemplateBuilderLiveTest) succeeded: 0ms
Test suite progress: tests succeeded: 26, failed: 0, skipped: 1.
Starting test testTemplateBuilderCannotFind(org.jclouds.rackspace.cloudservers.compute.CloudServersUSTemplateBuilderLiveTest)
[TestNG] Test testTemplateBuilderCannotFind(org.jclouds.rackspace.cloudservers.compute.CloudServersUSTemplateBuilderLiveTest) succeeded: 0ms
Test suite progress: tests succeeded: 27, failed: 0, skipped: 1.
Starting test testTemplateBuilderCannotFind(org.jclouds.rackspace.cloudservers.compute.CloudServersUSTemplateBuilderLiveTest)
[TestNG] Test testTemplateBuilderCannotFind(org.jclouds.rackspace.cloudservers.compute.CloudServersUSTemplateBuilderLiveTest) succeeded: 0ms
Test suite progress: tests succeeded: 28, failed: 0, skipped: 1.
Starting test testTemplateBuilderCannotFind(org.jclouds.rackspace.cloudservers.compute.CloudServersUSTemplateBuilderLiveTest)
[TestNG] Test testTemplateBuilderCannotFind(org.jclouds.rackspace.cloudservers.compute.CloudServersUSTemplateBuilderLiveTest) succeeded: 1ms
Test suite progress: tests succeeded: 29, failed: 0, skipped: 1.
Starting test testTemplateBuilderCannotFind(org.jclouds.rackspace.cloudservers.compute.CloudServersUSTemplateBuilderLiveTest)
[TestNG] Test testTemplateBuilderCannotFind(org.jclouds.rackspace.cloudservers.compute.CloudServersUSTemplateBuilderLiveTest) succeeded: 18ms
Test suite progress: tests succeeded: 30, failed: 0, skipped: 1.
Starting test testTemplateBuilderCannotFind(org.jclouds.rackspace.cloudservers.compute.CloudServersUSTemplateBuilderLiveTest)
[TestNG] Test testTemplateBuilderCannotFind(org.jclouds.rackspace.cloudservers.compute.CloudServersUSTemplateBuilderLiveTest) succeeded: 6ms
Test suite progress: tests succeeded: 31, failed: 0, skipped: 1.
Starting test testTemplateBuilderCannotFind(org.jclouds.rackspace.cloudservers.compute.CloudServersUSTemplateBuilderLiveTest)
[TestNG] Test testTemplateBuilderCannotFind(org.jclouds.rackspace.cloudservers.compute.CloudServersUSTemplateBuilderLiveTest) succeeded: 4ms
Test suite progress: tests succeeded: 32, failed: 0, skipped: 1.
Starting test testTemplateBuilderCannotFind(org.jclouds.rackspace.cloudservers.compute.CloudServersUSTemplateBuilderLiveTest)
[TestNG] Test testTemplateBuilderCannotFind(org.jclouds.rackspace.cloudservers.compute.CloudServersUSTemplateBuilderLiveTest) succeeded: 1ms
Test suite progress: tests succeeded: 33, failed: 0, skipped: 1.
Starting test testTemplateBuilderCannotFind(org.jclouds.rackspace.cloudservers.compute.CloudServersUSTemplateBuilderLiveTest)
[TestNG] Test testTemplateBuilderCannotFind(org.jclouds.rackspace.cloudservers.compute.CloudServersUSTemplateBuilderLiveTest) succeeded: 4ms
Test suite progress: tests succeeded: 34, failed: 0, skipped: 1.
Starting test testTemplateBuilderCannotFind(org.jclouds.rackspace.cloudservers.compute.CloudServersUSTemplateBuilderLiveTest)
[TestNG] Test testTemplateBuilderCannotFind(org.jclouds.rackspace.cloudservers.compute.CloudServersUSTemplateBuilderLiveTest) succeeded: 2ms
Test suite progress: tests succeeded: 35, failed: 0, skipped: 1.
Starting test testTemplateBuilderCannotFind(org.jclouds.rackspace.cloudservers.compute.CloudServersUSTemplateBuilderLiveTest)
[TestNG] Test testTemplateBuilderCannotFind(org.jclouds.rackspace.cloudservers.compute.CloudServersUSTemplateBuilderLiveTest) succeeded: 1ms
Test suite progress: tests succeeded: 36, failed: 0, skipped: 1.
Starting test testTemplateBuilderCannotFind(org.jclouds.rackspace.cloudservers.compute.CloudServersUSTemplateBuilderLiveTest)
[TestNG] Test testTemplateBuilderCannotFind(org.jclouds.rackspace.cloudservers.compute.CloudServersUSTemplateBuilderLiveTest) succeeded: 1ms
Test suite progress: tests succeeded: 37, failed: 0, skipped: 1.
Starting test testTemplateBuilderCannotFind(org.jclouds.rackspace.cloudservers.compute.CloudServersUSTemplateBuilderLiveTest)
[TestNG] Test testTemplateBuilderCannotFind(org.jclouds.rackspace.cloudservers.compute.CloudServersUSTemplateBuilderLiveTest) succeeded: 1ms
Test suite progress: tests succeeded: 38, failed: 0, skipped: 1.
Starting test testTemplateBuilderCannotFind(org.jclouds.rackspace.cloudservers.compute.CloudServersUSTemplateBuilderLiveTest)
[TestNG] Test testTemplateBuilderCannotFind(org.jclouds.rackspace.cloudservers.compute.CloudServersUSTemplateBuilderLiveTest) succeeded: 3ms
Test suite progress: tests succeeded: 39, failed: 0, skipped: 1.
Starting test testTemplateBuilderCannotFind(org.jclouds.rackspace.cloudservers.compute.CloudServersUSTemplateBuilderLiveTest)
[TestNG] Test testTemplateBuilderCannotFind(org.jclouds.rackspace.cloudservers.compute.CloudServersUSTemplateBuilderLiveTest) succeeded: 2ms
Test suite progress: tests succeeded: 40, failed: 0, skipped: 1.
Starting test testTemplateBuilderCannotFind(org.jclouds.rackspace.cloudservers.compute.CloudServersUSTemplateBuilderLiveTest)
[TestNG] Test testTemplateBuilderCannotFind(org.jclouds.rackspace.cloudservers.compute.CloudServersUSTemplateBuilderLiveTest) succeeded: 1ms
Test suite progress: tests succeeded: 41, failed: 0, skipped: 1.
Starting test testTemplateBuilderCannotFind(org.jclouds.rackspace.cloudservers.compute.CloudServersUSTemplateBuilderLiveTest)
[TestNG] Test testTemplateBuilderCannotFind(org.jclouds.rackspace.cloudservers.compute.CloudServersUSTemplateBuilderLiveTest) succeeded: 2ms
Test suite progress: tests succeeded: 42, failed: 0, skipped: 1.
Starting test testTemplateBuilderCannotFind(org.jclouds.rackspace.cloudservers.compute.CloudServersUSTemplateBuilderLiveTest)
[TestNG] Test testTemplateBuilderCannotFind(org.jclouds.rackspace.cloudservers.compute.CloudServersUSTemplateBuilderLiveTest) succeeded: 1ms
Test suite progress: tests succeeded: 43, failed: 0, skipped: 1.
Starting test testTemplateBuilderCannotFind(org.jclouds.rackspace.cloudservers.compute.CloudServersUSTemplateBuilderLiveTest)
[TestNG] Test testTemplateBuilderCannotFind(org.jclouds.rackspace.cloudservers.compute.CloudServersUSTemplateBuilderLiveTest) succeeded: 2ms
Test suite progress: tests succeeded: 44, failed: 0, skipped: 1.
Starting test testTemplateBuilderCannotFind(org.jclouds.rackspace.cloudservers.compute.CloudServersUSTemplateBuilderLiveTest)
[TestNG] Test testTemplateBuilderCannotFind(org.jclouds.rackspace.cloudservers.compute.CloudServersUSTemplateBuilderLiveTest) succeeded: 2ms
Test suite progress: tests succeeded: 45, failed: 0, skipped: 1.
Starting test testTemplateBuilderCannotFind(org.jclouds.rackspace.cloudservers.compute.CloudServersUSTemplateBuilderLiveTest)
[TestNG] Test testTemplateBuilderCannotFind(org.jclouds.rackspace.cloudservers.compute.CloudServersUSTemplateBuilderLiveTest) succeeded: 2ms
Test suite progress: tests succeeded: 46, failed: 0, skipped: 1.
Starting test testTemplateBuilderCannotFind(org.jclouds.rackspace.cloudservers.compute.CloudServersUSTemplateBuilderLiveTest)
[TestNG] Test testTemplateBuilderCannotFind(org.jclouds.rackspace.cloudservers.compute.CloudServersUSTemplateBuilderLiveTest) succeeded: 1ms
Test suite progress: tests succeeded: 47, failed: 0, skipped: 1.
Starting test testTemplateBuilderCannotFind(org.jclouds.rackspace.cloudservers.compute.CloudServersUSTemplateBuilderLiveTest)
[TestNG] Test testTemplateBuilderCannotFind(org.jclouds.rackspace.cloudservers.compute.CloudServersUSTemplateBuilderLiveTest) succeeded: 1ms
Test suite progress: tests succeeded: 48, failed: 0, skipped: 1.
Starting test testTemplateBuilderCannotFind(org.jclouds.rackspace.cloudservers.compute.CloudServersUSTemplateBuilderLiveTest)
[TestNG] Test testTemplateBuilderCannotFind(org.jclouds.rackspace.cloudservers.compute.CloudServersUSTemplateBuilderLiveTest) succeeded: 0ms
Test suite progress: tests succeeded: 49, failed: 0, skipped: 1.
Starting test testTemplateBuilderCannotFind(org.jclouds.rackspace.cloudservers.compute.CloudServersUSTemplateBuilderLiveTest)
[TestNG] Test testTemplateBuilderCannotFind(org.jclouds.rackspace.cloudservers.compute.CloudServersUSTemplateBuilderLiveTest) succeeded: 2ms
Test suite progress: tests succeeded: 50, failed: 0, skipped: 1.
Starting test testTemplateBuilderCannotFind(org.jclouds.rackspace.cloudservers.compute.CloudServersUSTemplateBuilderLiveTest)
[TestNG] Test testTemplateBuilderCannotFind(org.jclouds.rackspace.cloudservers.compute.CloudServersUSTemplateBuilderLiveTest) succeeded: 2ms
Test suite progress: tests succeeded: 51, failed: 0, skipped: 1.
Starting test testTemplateBuilderCannotFind(org.jclouds.rackspace.cloudservers.compute.CloudServersUSTemplateBuilderLiveTest)
[TestNG] Test testTemplateBuilderCannotFind(org.jclouds.rackspace.cloudservers.compute.CloudServersUSTemplateBuilderLiveTest) succeeded: 2ms
Test suite progress: tests succeeded: 52, failed: 0, skipped: 1.
Starting test testTemplateBuilderCannotFind(org.jclouds.rackspace.cloudservers.compute.CloudServersUSTemplateBuilderLiveTest)
[TestNG] Test testTemplateBuilderCannotFind(org.jclouds.rackspace.cloudservers.compute.CloudServersUSTemplateBuilderLiveTest) succeeded: 2ms
Test suite progress: tests succeeded: 53, failed: 0, skipped: 1.
Starting test testTemplateBuilderCannotFind(org.jclouds.rackspace.cloudservers.compute.CloudServersUSTemplateBuilderLiveTest)
[TestNG] Test testTemplateBuilderCannotFind(org.jclouds.rackspace.cloudservers.compute.CloudServersUSTemplateBuilderLiveTest) succeeded: 1ms
Test suite progress: tests succeeded: 54, failed: 0, skipped: 1.
Starting test testTemplateBuilderCannotFind(org.jclouds.rackspace.cloudservers.compute.CloudServersUSTemplateBuilderLiveTest)
[TestNG] Test testTemplateBuilderCannotFind(org.jclouds.rackspace.cloudservers.compute.CloudServersUSTemplateBuilderLiveTest) succeeded: 1ms
Test suite progress: tests succeeded: 55, failed: 0, skipped: 1.
Starting test testTemplateBuilderCannotFind(org.jclouds.rackspace.cloudservers.compute.CloudServersUSTemplateBuilderLiveTest)
[TestNG] Test testTemplateBuilderCannotFind(org.jclouds.rackspace.cloudservers.compute.CloudServersUSTemplateBuilderLiveTest) succeeded: 2ms
Test suite progress: tests succeeded: 56, failed: 0, skipped: 1.
Starting test testTemplateBuilderCannotFind(org.jclouds.rackspace.cloudservers.compute.CloudServersUSTemplateBuilderLiveTest)
[TestNG] Test testTemplateBuilderCannotFind(org.jclouds.rackspace.cloudservers.compute.CloudServersUSTemplateBuilderLiveTest) succeeded: 2ms
Test suite progress: tests succeeded: 57, failed: 0, skipped: 1.
Starting test testTemplateBuilderCannotFind(org.jclouds.rackspace.cloudservers.compute.CloudServersUSTemplateBuilderLiveTest)
[TestNG] Test testTemplateBuilderCannotFind(org.jclouds.rackspace.cloudservers.compute.CloudServersUSTemplateBuilderLiveTest) succeeded: 1ms
Test suite progress: tests succeeded: 58, failed: 0, skipped: 1.
Starting test testTemplateBuilderCannotFind(org.jclouds.rackspace.cloudservers.compute.CloudServersUSTemplateBuilderLiveTest)
[TestNG] Test testTemplateBuilderCannotFind(org.jclouds.rackspace.cloudservers.compute.CloudServersUSTemplateBuilderLiveTest) succeeded: 1ms
Test suite progress: tests succeeded: 59, failed: 0, skipped: 1.
Starting test testTemplateBuilderCannotFind(org.jclouds.rackspace.cloudservers.compute.CloudServersUSTemplateBuilderLiveTest)
[TestNG] Test testTemplateBuilderCannotFind(org.jclouds.rackspace.cloudservers.compute.CloudServersUSTemplateBuilderLiveTest) succeeded: 1ms
Test suite progress: tests succeeded: 60, failed: 0, skipped: 1.
Starting test testTemplateBuilderCannotFind(org.jclouds.rackspace.cloudservers.compute.CloudServersUSTemplateBuilderLiveTest)
[TestNG] Test testTemplateBuilderCannotFind(org.jclouds.rackspace.cloudservers.compute.CloudServersUSTemplateBuilderLiveTest) succeeded: 1ms
Test suite progress: tests succeeded: 61, failed: 0, skipped: 1.
Starting test testTemplateBuilderCannotFind(org.jclouds.rackspace.cloudservers.compute.CloudServersUSTemplateBuilderLiveTest)
[TestNG] Test testTemplateBuilderCannotFind(org.jclouds.rackspace.cloudservers.compute.CloudServersUSTemplateBuilderLiveTest) succeeded: 0ms
Test suite progress: tests succeeded: 62, failed: 0, skipped: 1.
Starting test testTemplateBuilderCannotFind(org.jclouds.rackspace.cloudservers.compute.CloudServersUSTemplateBuilderLiveTest)
[TestNG] Test testTemplateBuilderCannotFind(org.jclouds.rackspace.cloudservers.compute.CloudServersUSTemplateBuilderLiveTest) succeeded: 1ms
Test suite progress: tests succeeded: 63, failed: 0, skipped: 1.
Starting test testTemplateBuilderCannotFind(org.jclouds.rackspace.cloudservers.compute.CloudServersUSTemplateBuilderLiveTest)
[TestNG] Test testTemplateBuilderCannotFind(org.jclouds.rackspace.cloudservers.compute.CloudServersUSTemplateBuilderLiveTest) succeeded: 0ms
Test suite progress: tests succeeded: 64, failed: 0, skipped: 1.
Starting test testTemplateBuilderCannotFind(org.jclouds.rackspace.cloudservers.compute.CloudServersUSTemplateBuilderLiveTest)
[TestNG] Test testTemplateBuilderCannotFind(org.jclouds.rackspace.cloudservers.compute.CloudServersUSTemplateBuilderLiveTest) succeeded: 1ms
Test suite progress: tests succeeded: 65, failed: 0, skipped: 1.
Starting test testTemplateBuilderCannotFind(org.jclouds.rackspace.cloudservers.compute.CloudServersUSTemplateBuilderLiveTest)
[TestNG] Test testTemplateBuilderCannotFind(org.jclouds.rackspace.cloudservers.compute.CloudServersUSTemplateBuilderLiveTest) succeeded: 0ms
Test suite progress: tests succeeded: 66, failed: 0, skipped: 1.
Starting test testTemplateBuilderCannotFind(org.jclouds.rackspace.cloudservers.compute.CloudServersUSTemplateBuilderLiveTest)
[TestNG] Test testTemplateBuilderCannotFind(org.jclouds.rackspace.cloudservers.compute.CloudServersUSTemplateBuilderLiveTest) succeeded: 1ms
Test suite progress: tests succeeded: 67, failed: 0, skipped: 1.
Starting test testTemplateBuilderCannotFind(org.jclouds.rackspace.cloudservers.compute.CloudServersUSTemplateBuilderLiveTest)
[TestNG] Test testTemplateBuilderCannotFind(org.jclouds.rackspace.cloudservers.compute.CloudServersUSTemplateBuilderLiveTest) succeeded: 1ms
Test suite progress: tests succeeded: 68, failed: 0, skipped: 1.
Starting test testTemplateBuilderCannotFind(org.jclouds.rackspace.cloudservers.compute.CloudServersUSTemplateBuilderLiveTest)
[TestNG] Test testTemplateBuilderCannotFind(org.jclouds.rackspace.cloudservers.compute.CloudServersUSTemplateBuilderLiveTest) succeeded: 0ms
Test suite progress: tests succeeded: 69, failed: 0, skipped: 1.
Starting test testTemplateBuilderCannotFind(org.jclouds.rackspace.cloudservers.compute.CloudServersUSTemplateBuilderLiveTest)
[TestNG] Test testTemplateBuilderCannotFind(org.jclouds.rackspace.cloudservers.compute.CloudServersUSTemplateBuilderLiveTest) succeeded: 1ms
Test suite progress: tests succeeded: 70, failed: 0, skipped: 1.
Starting test testTemplateBuilderCannotFind(org.jclouds.rackspace.cloudservers.compute.CloudServersUSTemplateBuilderLiveTest)
[TestNG] Test testTemplateBuilderCannotFind(org.jclouds.rackspace.cloudservers.compute.CloudServersUSTemplateBuilderLiveTest) succeeded: 1ms
Test suite progress: tests succeeded: 71, failed: 0, skipped: 1.
Starting test testTemplateBuilderCannotFind(org.jclouds.rackspace.cloudservers.compute.CloudServersUSTemplateBuilderLiveTest)
[TestNG] Test testTemplateBuilderCannotFind(org.jclouds.rackspace.cloudservers.compute.CloudServersUSTemplateBuilderLiveTest) succeeded: 0ms
Test suite progress: tests succeeded: 72, failed: 0, skipped: 1.
Starting test testTemplateBuilderCannotFind(org.jclouds.rackspace.cloudservers.compute.CloudServersUSTemplateBuilderLiveTest)
[TestNG] Test testTemplateBuilderCannotFind(org.jclouds.rackspace.cloudservers.compute.CloudServersUSTemplateBuilderLiveTest) succeeded: 1ms
Test suite progress: tests succeeded: 73, failed: 0, skipped: 1.
Starting test testTemplateBuilderCannotFind(org.jclouds.rackspace.cloudservers.compute.CloudServersUSTemplateBuilderLiveTest)
[TestNG] Test testTemplateBuilderCannotFind(org.jclouds.rackspace.cloudservers.compute.CloudServersUSTemplateBuilderLiveTest) succeeded: 1ms
Test suite progress: tests succeeded: 74, failed: 0, skipped: 1.
Starting test testTemplateBuilderCannotFind(org.jclouds.rackspace.cloudservers.compute.CloudServersUSTemplateBuilderLiveTest)
[TestNG] Test testTemplateBuilderCannotFind(org.jclouds.rackspace.cloudservers.compute.CloudServersUSTemplateBuilderLiveTest) succeeded: 1ms
Test suite progress: tests succeeded: 75, failed: 0, skipped: 1.
Starting test testTemplateBuilderCannotFind(org.jclouds.rackspace.cloudservers.compute.CloudServersUSTemplateBuilderLiveTest)
[TestNG] Test testTemplateBuilderCannotFind(org.jclouds.rackspace.cloudservers.compute.CloudServersUSTemplateBuilderLiveTest) succeeded: 1ms
Test suite progress: tests succeeded: 76, failed: 0, skipped: 1.
Starting test testTemplateBuilderCannotFind(org.jclouds.rackspace.cloudservers.compute.CloudServersUSTemplateBuilderLiveTest)
[TestNG] Test testTemplateBuilderCannotFind(org.jclouds.rackspace.cloudservers.compute.CloudServersUSTemplateBuilderLiveTest) succeeded: 1ms
Test suite progress: tests succeeded: 77, failed: 0, skipped: 1.
Starting test testTemplateBuilderCannotFind(org.jclouds.rackspace.cloudservers.compute.CloudServersUSTemplateBuilderLiveTest)
[TestNG] Test testTemplateBuilderCannotFind(org.jclouds.rackspace.cloudservers.compute.CloudServersUSTemplateBuilderLiveTest) succeeded: 0ms
Test suite progress: tests succeeded: 78, failed: 0, skipped: 1.
Starting test testTemplateBuilderCannotFind(org.jclouds.rackspace.cloudservers.compute.CloudServersUSTemplateBuilderLiveTest)
[TestNG] Test testTemplateBuilderCannotFind(org.jclouds.rackspace.cloudservers.compute.CloudServersUSTemplateBuilderLiveTest) succeeded: 1ms
Test suite progress: tests succeeded: 79, failed: 0, skipped: 1.
Starting test testTemplateBuilderCannotFind(org.jclouds.rackspace.cloudservers.compute.CloudServersUSTemplateBuilderLiveTest)
[TestNG] Test testTemplateBuilderCannotFind(org.jclouds.rackspace.cloudservers.compute.CloudServersUSTemplateBuilderLiveTest) succeeded: 1ms
Test suite progress: tests succeeded: 80, failed: 0, skipped: 1.
Starting test testTemplateBuilderCannotFind(org.jclouds.rackspace.cloudservers.compute.CloudServersUSTemplateBuilderLiveTest)
[TestNG] Test testTemplateBuilderCannotFind(org.jclouds.rackspace.cloudservers.compute.CloudServersUSTemplateBuilderLiveTest) succeeded: 0ms
Test suite progress: tests succeeded: 81, failed: 0, skipped: 1.
Starting test testTemplateBuilderCannotFind(org.jclouds.rackspace.cloudservers.compute.CloudServersUSTemplateBuilderLiveTest)
[TestNG] Test testTemplateBuilderCannotFind(org.jclouds.rackspace.cloudservers.compute.CloudServersUSTemplateBuilderLiveTest) succeeded: 1ms
Test suite progress: tests succeeded: 82, failed: 0, skipped: 1.
Starting test testTemplateBuilderCannotFind(org.jclouds.rackspace.cloudservers.compute.CloudServersUSTemplateBuilderLiveTest)
[TestNG] Test testTemplateBuilderCannotFind(org.jclouds.rackspace.cloudservers.compute.CloudServersUSTemplateBuilderLiveTest) succeeded: 0ms
Test suite progress: tests succeeded: 83, failed: 0, skipped: 1.
Starting test testTemplateBuilderCannotFind(org.jclouds.rackspace.cloudservers.compute.CloudServersUSTemplateBuilderLiveTest)
[TestNG] Test testTemplateBuilderCannotFind(org.jclouds.rackspace.cloudservers.compute.CloudServersUSTemplateBuilderLiveTest) succeeded: 7ms
Test suite progress: tests succeeded: 84, failed: 0, skipped: 1.
Starting test testTemplateBuilderCannotFind(org.jclouds.rackspace.cloudservers.compute.CloudServersUSTemplateBuilderLiveTest)
[TestNG] Test testTemplateBuilderCannotFind(org.jclouds.rackspace.cloudservers.compute.CloudServersUSTemplateBuilderLiveTest) succeeded: 1ms
Test suite progress: tests succeeded: 85, failed: 0, skipped: 1.
Starting test testTemplateBuilderCannotFind(org.jclouds.rackspace.cloudservers.compute.CloudServersUSTemplateBuilderLiveTest)
[TestNG] Test testTemplateBuilderCannotFind(org.jclouds.rackspace.cloudservers.compute.CloudServersUSTemplateBuilderLiveTest) succeeded: 1ms
Test suite progress: tests succeeded: 86, failed: 0, skipped: 1.
Starting test testTemplateBuilderCannotFind(org.jclouds.rackspace.cloudservers.compute.CloudServersUSTemplateBuilderLiveTest)
[TestNG] Test testTemplateBuilderCannotFind(org.jclouds.rackspace.cloudservers.compute.CloudServersUSTemplateBuilderLiveTest) succeeded: 3ms
Test suite progress: tests succeeded: 87, failed: 0, skipped: 1.
Starting test testTemplateBuilderCannotFind(org.jclouds.rackspace.cloudservers.compute.CloudServersUSTemplateBuilderLiveTest)
[TestNG] Test testTemplateBuilderCannotFind(org.jclouds.rackspace.cloudservers.compute.CloudServersUSTemplateBuilderLiveTest) succeeded: 1ms
Test suite progress: tests succeeded: 88, failed: 0, skipped: 1.
Starting test testTemplateBuilderWithImageIdSpecified(org.jclouds.rackspace.cloudservers.compute.CloudServersUSTemplateBuilderLiveTest)
[TestNG] Test testTemplateBuilderWithImageIdSpecified(org.jclouds.rackspace.cloudservers.compute.CloudServersUSTemplateBuilderLiveTest) succeeded: 3384ms
Test suite progress: tests succeeded: 89, failed: 0, skipped: 1.
Starting test testTemplateBuilderWithLoginUserSpecified(org.jclouds.rackspace.cloudservers.compute.CloudServersUSTemplateBuilderLiveTest)
[TestNG] Test testTemplateBuilderWithLoginUserSpecified(org.jclouds.rackspace.cloudservers.compute.CloudServersUSTemplateBuilderLiveTest) succeeded: 3091ms
Test suite progress: tests succeeded: 90, failed: 0, skipped: 1.
Starting test testTemplateBuilder(org.jclouds.rackspace.cloudservers.compute.CloudServersUSTemplateBuilderLiveTest)
[TestNG] Test testTemplateBuilder(org.jclouds.rackspace.cloudservers.compute.CloudServersUSTemplateBuilderLiveTest) skipped.
Test suite progress: tests succeeded: 90, failed: 0, skipped: 2.
Starting test testCreateServer(org.jclouds.rackspace.cloudservers.CloudServersUSClientLiveTest)
[TestNG] Test testCreateServer(org.jclouds.rackspace.cloudservers.CloudServersUSClientLiveTest) skipped.
Test suite progress: tests succeeded: 90, failed: 0, skipped: 3.
Starting test testGetFlavorDetailsNotFound(org.jclouds.rackspace.cloudservers.CloudServersUSClientLiveTest)
[TestNG] Test testGetFlavorDetailsNotFound(org.jclouds.rackspace.cloudservers.CloudServersUSClientLiveTest) skipped.
Test suite progress: tests succeeded: 90, failed: 0, skipped: 4.
Starting test testGetFlavorsDetail(org.jclouds.rackspace.cloudservers.CloudServersUSClientLiveTest)
[TestNG] Test testGetFlavorsDetail(org.jclouds.rackspace.cloudservers.CloudServersUSClientLiveTest) skipped.
Test suite progress: tests succeeded: 90, failed: 0, skipped: 5.
Starting test testGetImageDetailsNotFound(org.jclouds.rackspace.cloudservers.CloudServersUSClientLiveTest)
[TestNG] Test testGetImageDetailsNotFound(org.jclouds.rackspace.cloudservers.CloudServersUSClientLiveTest) skipped.
Test suite progress: tests succeeded: 90, failed: 0, skipped: 6.
Starting test testGetImagesDetail(org.jclouds.rackspace.cloudservers.CloudServersUSClientLiveTest)
[TestNG] Test testGetImagesDetail(org.jclouds.rackspace.cloudservers.CloudServersUSClientLiveTest) skipped.
Test suite progress: tests succeeded: 90, failed: 0, skipped: 7.
Starting test testGetServerDetailsNotFound(org.jclouds.rackspace.cloudservers.CloudServersUSClientLiveTest)
[TestNG] Test testGetServerDetailsNotFound(org.jclouds.rackspace.cloudservers.CloudServersUSClientLiveTest) skipped.
Test suite progress: tests succeeded: 90, failed: 0, skipped: 8.
Starting test testGetServersDetail(org.jclouds.rackspace.cloudservers.CloudServersUSClientLiveTest)
[TestNG] Test testGetServersDetail(org.jclouds.rackspace.cloudservers.CloudServersUSClientLiveTest) skipped.
Test suite progress: tests succeeded: 90, failed: 0, skipped: 9.
Starting test testGetSharedIpGroupDetailsNotFound(org.jclouds.rackspace.cloudservers.CloudServersUSClientLiveTest)
[TestNG] Test testGetSharedIpGroupDetailsNotFound(org.jclouds.rackspace.cloudservers.CloudServersUSClientLiveTest) skipped.
Test suite progress: tests succeeded: 90, failed: 0, skipped: 10.
Starting test testGetSharedIpGroupsDetail(org.jclouds.rackspace.cloudservers.CloudServersUSClientLiveTest)
[TestNG] Test testGetSharedIpGroupsDetail(org.jclouds.rackspace.cloudservers.CloudServersUSClientLiveTest) skipped.
Test suite progress: tests succeeded: 90, failed: 0, skipped: 11.
Starting test testLimits(org.jclouds.rackspace.cloudservers.CloudServersUSClientLiveTest)
[TestNG] Test testLimits(org.jclouds.rackspace.cloudservers.CloudServersUSClientLiveTest) skipped.
Test suite progress: tests succeeded: 90, failed: 0, skipped: 12.
Starting test testListFlavors(org.jclouds.rackspace.cloudservers.CloudServersUSClientLiveTest)
[TestNG] Test testListFlavors(org.jclouds.rackspace.cloudservers.CloudServersUSClientLiveTest) skipped.
Test suite progress: tests succeeded: 90, failed: 0, skipped: 13.
Starting test testListFlavorsDetail(org.jclouds.rackspace.cloudservers.CloudServersUSClientLiveTest)
[TestNG] Test testListFlavorsDetail(org.jclouds.rackspace.cloudservers.CloudServersUSClientLiveTest) skipped.
Test suite progress: tests succeeded: 90, failed: 0, skipped: 14.
Starting test testListImages(org.jclouds.rackspace.cloudservers.CloudServersUSClientLiveTest)
[TestNG] Test testListImages(org.jclouds.rackspace.cloudservers.CloudServersUSClientLiveTest) skipped.
Test suite progress: tests succeeded: 90, failed: 0, skipped: 15.
Starting test testListImagesDetail(org.jclouds.rackspace.cloudservers.CloudServersUSClientLiveTest)
[TestNG] Test testListImagesDetail(org.jclouds.rackspace.cloudservers.CloudServersUSClientLiveTest) skipped.
Test suite progress: tests succeeded: 90, failed: 0, skipped: 16.
Starting test testListServers(org.jclouds.rackspace.cloudservers.CloudServersUSClientLiveTest)
[TestNG] Test testListServers(org.jclouds.rackspace.cloudservers.CloudServersUSClientLiveTest) skipped.
Test suite progress: tests succeeded: 90, failed: 0, skipped: 17.
Starting test testListServersDetail(org.jclouds.rackspace.cloudservers.CloudServersUSClientLiveTest)
[TestNG] Test testListServersDetail(org.jclouds.rackspace.cloudservers.CloudServersUSClientLiveTest) skipped.
Test suite progress: tests succeeded: 90, failed: 0, skipped: 18.
Starting test testListSharedIpGroups(org.jclouds.rackspace.cloudservers.CloudServersUSClientLiveTest)
[TestNG] Test testListSharedIpGroups(org.jclouds.rackspace.cloudservers.CloudServersUSClientLiveTest) skipped.
Test suite progress: tests succeeded: 90, failed: 0, skipped: 19.
Starting test testListSharedIpGroupsDetail(org.jclouds.rackspace.cloudservers.CloudServersUSClientLiveTest)
[TestNG] Test testListSharedIpGroupsDetail(org.jclouds.rackspace.cloudservers.CloudServersUSClientLiveTest) skipped.
Test suite progress: tests succeeded: 90, failed: 0, skipped: 20.
[TestNG] Test testChangePassword(org.jclouds.rackspace.cloudservers.CloudServersUSClientLiveTest) skipped.
Test suite progress: tests succeeded: 90, failed: 0, skipped: 21.
[TestNG] Test testCreateSharedIpGroup(org.jclouds.rackspace.cloudservers.CloudServersUSClientLiveTest) skipped.
Test suite progress: tests succeeded: 90, failed: 0, skipped: 22.
[TestNG] Test testRenameServer(org.jclouds.rackspace.cloudservers.CloudServersUSClientLiveTest) skipped.
Test suite progress: tests succeeded: 90, failed: 0, skipped: 23.
[TestNG] Test testServerDetails(org.jclouds.rackspace.cloudservers.CloudServersUSClientLiveTest) skipped.
Test suite progress: tests succeeded: 90, failed: 0, skipped: 24.
[TestNG] Test testCreateServerIp(org.jclouds.rackspace.cloudservers.CloudServersUSClientLiveTest) skipped.
Test suite progress: tests succeeded: 90, failed: 0, skipped: 25.
[TestNG] Test testUnshare(org.jclouds.rackspace.cloudservers.CloudServersUSClientLiveTest) skipped.
Test suite progress: tests succeeded: 90, failed: 0, skipped: 26.
[TestNG] Test testShareConfig(org.jclouds.rackspace.cloudservers.CloudServersUSClientLiveTest) skipped.
Test suite progress: tests succeeded: 90, failed: 0, skipped: 27.
[TestNG] Test testShareNoConfig(org.jclouds.rackspace.cloudservers.CloudServersUSClientLiveTest) skipped.
Test suite progress: tests succeeded: 90, failed: 0, skipped: 28.
[TestNG] Test testBackup(org.jclouds.rackspace.cloudservers.CloudServersUSClientLiveTest) skipped.
Test suite progress: tests succeeded: 90, failed: 0, skipped: 29.
[TestNG] Test testCreateImage(org.jclouds.rackspace.cloudservers.CloudServersUSClientLiveTest) skipped.
Test suite progress: tests succeeded: 90, failed: 0, skipped: 30.
[TestNG] Test testRebuildServer(org.jclouds.rackspace.cloudservers.CloudServersUSClientLiveTest) skipped.
Test suite progress: tests succeeded: 90, failed: 0, skipped: 31.
[TestNG] Test testRebootHard(org.jclouds.rackspace.cloudservers.CloudServersUSClientLiveTest) skipped.
Test suite progress: tests succeeded: 90, failed: 0, skipped: 32.
[TestNG] Test testRebootSoft(org.jclouds.rackspace.cloudservers.CloudServersUSClientLiveTest) skipped.
Test suite progress: tests succeeded: 90, failed: 0, skipped: 33.
[TestNG] Test testConfirmResize(org.jclouds.rackspace.cloudservers.CloudServersUSClientLiveTest) skipped.
Test suite progress: tests succeeded: 90, failed: 0, skipped: 34.
[TestNG] Test testRevertResize(org.jclouds.rackspace.cloudservers.CloudServersUSClientLiveTest) skipped.
Test suite progress: tests succeeded: 90, failed: 0, skipped: 35.
[TestNG] Test deleteServer2(org.jclouds.rackspace.cloudservers.CloudServersUSClientLiveTest) skipped.
Test suite progress: tests succeeded: 90, failed: 0, skipped: 36.
[TestNG] Test testDeleteImage(org.jclouds.rackspace.cloudservers.CloudServersUSClientLiveTest) skipped.
Test suite progress: tests succeeded: 90, failed: 0, skipped: 37.
[TestNG] Test deleteServer1(org.jclouds.rackspace.cloudservers.CloudServersUSClientLiveTest) skipped.
Test suite progress: tests succeeded: 90, failed: 0, skipped: 38.
[TestNG] Test testDeleteSharedIpGroup(org.jclouds.rackspace.cloudservers.CloudServersUSClientLiveTest) skipped.
Test suite progress: tests succeeded: 90, failed: 0, skipped: 39.
Starting test setServiceDefaults(org.jclouds.rackspace.cloudservers.compute.CloudServersUSComputeServiceLiveTest)
[TestNG] Test setServiceDefaults(org.jclouds.rackspace.cloudservers.compute.CloudServersUSComputeServiceLiveTest) succeeded: 1ms
Test suite progress: tests succeeded: 91, failed: 0, skipped: 39.
Starting test testCompareSizes(org.jclouds.rackspace.cloudservers.compute.CloudServersUSComputeServiceLiveTest)
Apr 23, 2012 10:31:49 PM org.jclouds.compute.internal.BaseComputeServiceLiveTest testCompareSizes
INFO: smallest [id=1, providerId=1, name=256 server, processors=[[cores=1.0, speed=1.0]], ram=256, volumes=[[id=null, type=LOCAL, size=10.0, device=null, durable=true, isBootDevice=true]], hypervisor=xen, supportsImage=ALWAYS_TRUE, tags=[]]
Apr 23, 2012 10:31:49 PM org.jclouds.compute.internal.BaseComputeServiceLiveTest testCompareSizes
INFO: fastest [id=8, providerId=8, name=30GB server, processors=[[cores=120.0, speed=1.0]], ram=30720, volumes=[[id=null, type=LOCAL, size=1200.0, device=null, durable=true, isBootDevice=true]], hypervisor=xen, supportsImage=ALWAYS_TRUE, tags=[]]
Apr 23, 2012 10:31:49 PM org.jclouds.compute.internal.BaseComputeServiceLiveTest testCompareSizes
INFO: biggest [id=8, providerId=8, name=30GB server, processors=[[cores=120.0, speed=1.0]], ram=30720, volumes=[[id=null, type=LOCAL, size=1200.0, device=null, durable=true, isBootDevice=true]], hypervisor=xen, supportsImage=ALWAYS_TRUE, tags=[]]
[TestNG] Test testCompareSizes(org.jclouds.rackspace.cloudservers.compute.CloudServersUSComputeServiceLiveTest) succeeded: 1561ms
Test suite progress: tests succeeded: 92, failed: 0, skipped: 39.
Starting test testCorrectAuthException(org.jclouds.rackspace.cloudservers.compute.CloudServersUSComputeServiceLiveTest)
[TestNG] Test testCorrectAuthException(org.jclouds.rackspace.cloudservers.compute.CloudServersUSComputeServiceLiveTest) failed.
Test suite progress: tests succeeded: 92, failed: 1, skipped: 39.
Starting test testCreateAndRunAService(org.jclouds.rackspace.cloudservers.compute.CloudServersUSComputeServiceLiveTest)
Apr 23, 2012 10:35:11 PM org.jclouds.compute.internal.BaseComputeServiceLiveTest testCreateAndRunAService
INFO: << available node(20785442) os([name=null, family=ubuntu, version=11.10, arch=null, is64Bit=true, description=Ubuntu 11.10]) in 200s
SLF4J: Failed to load class "org.slf4j.impl.StaticLoggerBinder".
SLF4J: Defaulting to no-operation (NOP) logger implementation
SLF4J: See http://www.slf4j.org/codes.html#StaticLoggerBinder for further details.
Apr 23, 2012 10:37:57 PM org.jclouds.compute.internal.BaseComputeServiceLiveTest testCreateAndRunAService
INFO: << configured node(20785442) with java full version "1.6.0_23-b23" and JBoss 7.0.2.Final in 156s
Apr 23, 2012 10:38:11 PM org.jclouds.compute.internal.BaseComputeServiceLiveTest trackAvailabilityOfProcessOnNode
INFO: << initial start of jboss on node(20785442) [backgroundProcessMilliseconds=6591, socketOpenMilliseconds=3989, reportedStartupTimeMilliseconds=4852]
Apr 23, 2012 10:38:21 PM org.jclouds.compute.internal.BaseComputeServiceLiveTest trackAvailabilityOfProcessOnNode
INFO: << warm start of jboss on node(20785442) [backgroundProcessMilliseconds=3775, socketOpenMilliseconds=851, reportedStartupTimeMilliseconds=1719]
[TestNG] Test testCreateAndRunAService(org.jclouds.rackspace.cloudservers.compute.CloudServersUSComputeServiceLiveTest) succeeded: 395087ms
Test suite progress: tests succeeded: 93, failed: 1, skipped: 39.
Starting test testGetAssignableLocations(org.jclouds.rackspace.cloudservers.compute.CloudServersUSComputeServiceLiveTest)
Apr 23, 2012 10:38:25 PM org.jclouds.compute.internal.BaseComputeServiceLiveTest testGetAssignableLocations
WARNING: location [id=cloudservers-us, scope=PROVIDER, description=https://auth.api.rackspacecloud.com, parent=null, iso3166Codes=[US-IL, US-TX], metadata={}]
[TestNG] Test testGetAssignableLocations(org.jclouds.rackspace.cloudservers.compute.CloudServersUSComputeServiceLiveTest) succeeded: 0ms
Test suite progress: tests succeeded: 94, failed: 1, skipped: 39.
Starting test testImagesCache(org.jclouds.rackspace.cloudservers.compute.CloudServersUSComputeServiceLiveTest)
[TestNG] Test testImagesCache(org.jclouds.rackspace.cloudservers.compute.CloudServersUSComputeServiceLiveTest) succeeded: 0ms
Test suite progress: tests succeeded: 95, failed: 1, skipped: 39.
Starting test testListImages(org.jclouds.rackspace.cloudservers.compute.CloudServersUSComputeServiceLiveTest)
[TestNG] Test testListImages(org.jclouds.rackspace.cloudservers.compute.CloudServersUSComputeServiceLiveTest) succeeded: 0ms
Test suite progress: tests succeeded: 96, failed: 1, skipped: 39.
Starting test testListSizes(org.jclouds.rackspace.cloudservers.compute.CloudServersUSComputeServiceLiveTest)
[TestNG] Test testListSizes(org.jclouds.rackspace.cloudservers.compute.CloudServersUSComputeServiceLiveTest) succeeded: 0ms
Test suite progress: tests succeeded: 97, failed: 1, skipped: 39.
Starting test testOptionToNotBlock(org.jclouds.rackspace.cloudservers.compute.CloudServersUSComputeServiceLiveTest)
[TestNG] Test testOptionToNotBlock(org.jclouds.rackspace.cloudservers.compute.CloudServersUSComputeServiceLiveTest) succeeded: 5997ms
Test suite progress: tests succeeded: 98, failed: 1, skipped: 39.
Starting test testCorrectExceptionRunningNodesNotFound(org.jclouds.rackspace.cloudservers.compute.CloudServersUSComputeServiceLiveTest)
[TestNG] Test testCorrectExceptionRunningNodesNotFound(org.jclouds.rackspace.cloudservers.compute.CloudServersUSComputeServiceLiveTest) succeeded: 248ms
Test suite progress: tests succeeded: 99, failed: 1, skipped: 39.
Starting test testAScriptExecutionAfterBootWithBasicTemplate(org.jclouds.rackspace.cloudservers.compute.CloudServersUSComputeServiceLiveTest)
<< problem applying options to node(20785476): 
org.jclouds.rest.AuthorizationException: (root:pw[5d907853a9617cfd55fb62eae803595b]@50.57.140.115:22) (root:pw[5d907853a9617cfd55fb62eae803595b]@50.57.140.115:22) error acquiring {hostAndPort=50.57.140.115:22, loginUser=root, ssh=null, connectTimeout=60000, sessionTimeout=60000} (not retryable): Exhausted available authentication methods
	at org.jclouds.sshj.SshjSshClient.propagate(SshjSshClient.java:381)
	at org.jclouds.sshj.SshjSshClient.acquire(SshjSshClient.java:212)
	at org.jclouds.sshj.SshjSshClient.connect(SshjSshClient.java:222)
	at org.jclouds.compute.callables.RunScriptOnNodeUsingSsh.call(RunScriptOnNodeUsingSsh.java:80)
	at org.jclouds.compute.strategy.RunScriptOnNodeAndAddToGoodMapOrPutExceptionIntoBadMap.call(RunScriptOnNodeAndAddToGoodMapOrPutExceptionIntoBadMap.java:69)
	at org.jclouds.compute.strategy.RunScriptOnNodeAndAddToGoodMapOrPutExceptionIntoBadMap.call(RunScriptOnNodeAndAddToGoodMapOrPutExceptionIntoBadMap.java:44)
	at java.util.concurrent.FutureTask$Sync.innerRun(FutureTask.java:303)
	at java.util.concurrent.FutureTask.run(FutureTask.java:138)
	at java.util.concurrent.ThreadPoolExecutor$Worker.runTask(ThreadPoolExecutor.java:886)
	at java.util.concurrent.ThreadPoolExecutor$Worker.run(ThreadPoolExecutor.java:908)
	at java.lang.Thread.run(Thread.java:680)
Caused by: net.schmizz.sshj.userauth.UserAuthException: Exhausted available authentication methods
	at net.schmizz.sshj.userauth.UserAuthImpl.authenticate(UserAuthImpl.java:114)
	at net.schmizz.sshj.SSHClient.auth(SSHClient.java:204)
	at net.schmizz.sshj.SSHClient.auth(SSHClient.java:189)
	at net.schmizz.sshj.SSHClient.authPassword(SSHClient.java:265)
	at net.schmizz.sshj.SSHClient.authPassword(SSHClient.java:235)
	at net.schmizz.sshj.SSHClient.authPassword(SSHClient.java:219)
	at org.jclouds.sshj.SSHClientConnection.create(SSHClientConnection.java:138)
	at org.jclouds.sshj.SSHClientConnection.create(SSHClientConnection.java:40)
	at org.jclouds.sshj.SshjSshClient.acquire(SshjSshClient.java:192)
	... 9 more
Caused by: net.schmizz.sshj.userauth.UserAuthException: keyboard-interactive auth not allowed by server
	at net.schmizz.sshj.userauth.UserAuthImpl.authenticate(UserAuthImpl.java:81)
	... 17 more
[TestNG] Test testAScriptExecutionAfterBootWithBasicTemplate(org.jclouds.rackspace.cloudservers.compute.CloudServersUSComputeServiceLiveTest) succeeded: 280494ms
Test suite progress: tests succeeded: 100, failed: 1, skipped: 39.
Starting test testCreateTwoNodesWithRunScript(org.jclouds.rackspace.cloudservers.compute.CloudServersUSComputeServiceLiveTest)
[TestNG] Test testCreateTwoNodesWithRunScript(org.jclouds.rackspace.cloudservers.compute.CloudServersUSComputeServiceLiveTest) succeeded: 299000ms
Test suite progress: tests succeeded: 101, failed: 1, skipped: 39.
Starting test testTemplateMatch(org.jclouds.rackspace.cloudservers.compute.CloudServersUSComputeServiceLiveTest)
[TestNG] Test testTemplateMatch(org.jclouds.rackspace.cloudservers.compute.CloudServersUSComputeServiceLiveTest) succeeded: 1271ms
Test suite progress: tests succeeded: 102, failed: 1, skipped: 39.
Starting test testCreateAnotherNodeWithANewContextToEnsureSharedMemIsntRequired(org.jclouds.rackspace.cloudservers.compute.CloudServersUSComputeServiceLiveTest)
Apr 23, 2012 10:48:14 PM org.jclouds.compute.internal.BaseComputeServiceLiveTest testCreateAnotherNodeWithANewContextToEnsureSharedMemIsntRequired
INFO: [id=ae30f3683f0f17ea3cafde471893a0f0, scope=HOST, description=ae30f3683f0f17ea3cafde471893a0f0, parent=cloudservers-us, iso3166Codes=[], metadata={}] is not assignable; using template's location [id=cloudservers-us, scope=PROVIDER, description=https://auth.api.rackspacecloud.com, parent=null, iso3166Codes=[US-IL, US-TX], metadata={}] as  
[TestNG] Test testCreateAnotherNodeWithANewContextToEnsureSharedMemIsntRequired(org.jclouds.rackspace.cloudservers.compute.CloudServersUSComputeServiceLiveTest) succeeded: 274645ms
Test suite progress: tests succeeded: 103, failed: 1, skipped: 39.
Starting test testCredentialsCache(org.jclouds.rackspace.cloudservers.compute.CloudServersUSComputeServiceLiveTest)
[TestNG] Test testCredentialsCache(org.jclouds.rackspace.cloudservers.compute.CloudServersUSComputeServiceLiveTest) succeeded: 85ms
Test suite progress: tests succeeded: 104, failed: 1, skipped: 39.
Starting test testGet(org.jclouds.rackspace.cloudservers.compute.CloudServersUSComputeServiceLiveTest)
[TestNG] Test testGet(org.jclouds.rackspace.cloudservers.compute.CloudServersUSComputeServiceLiveTest) succeeded: 6766ms
Test suite progress: tests succeeded: 105, failed: 1, skipped: 39.
Starting test testReboot(org.jclouds.rackspace.cloudservers.compute.CloudServersUSComputeServiceLiveTest)
[TestNG] Test testReboot(org.jclouds.rackspace.cloudservers.compute.CloudServersUSComputeServiceLiveTest) succeeded: 116327ms
Test suite progress: tests succeeded: 106, failed: 1, skipped: 39.
Starting test testSuspendResume(org.jclouds.rackspace.cloudservers.compute.CloudServersUSComputeServiceLiveTest)
[TestNG] Test testSuspendResume(org.jclouds.rackspace.cloudservers.compute.CloudServersUSComputeServiceLiveTest) succeeded: 3152ms
Test suite progress: tests succeeded: 107, failed: 1, skipped: 39.
Starting test testGetNodesWithDetails(org.jclouds.rackspace.cloudservers.compute.CloudServersUSComputeServiceLiveTest)
[TestNG] Test testGetNodesWithDetails(org.jclouds.rackspace.cloudservers.compute.CloudServersUSComputeServiceLiveTest) succeeded: 998ms
Test suite progress: tests succeeded: 108, failed: 1, skipped: 39.
Starting test testListNodes(org.jclouds.rackspace.cloudservers.compute.CloudServersUSComputeServiceLiveTest)
[TestNG] Test testListNodes(org.jclouds.rackspace.cloudservers.compute.CloudServersUSComputeServiceLiveTest) succeeded: 244ms
Test suite progress: tests succeeded: 109, failed: 1, skipped: 39.
Starting test testDestroyNodes(org.jclouds.rackspace.cloudservers.compute.CloudServersUSComputeServiceLiveTest)
[TestNG] Test testDestroyNodes(org.jclouds.rackspace.cloudservers.compute.CloudServersUSComputeServiceLiveTest) succeeded: 7274ms
Test suite progress: tests succeeded: 110, failed: 1, skipped: 39.
Tests run: 154, Failures: 2, Errors: 0, Skipped: 42, Time elapsed: 1,410.17 sec <<< FAILURE!

Results :

Failed tests:   setupContext(org.jclouds.rackspace.cloudservers.CloudServersUSClientLiveTest): Guice configuration errors:(..)
  testCorrectAuthException(org.jclouds.rackspace.cloudservers.compute.CloudServersUSComputeServiceLiveTest): (..)

Tests run: 154, Failures: 2, Errors: 0, Skipped: 42

[INFO] ------------------------------------------------------------------------
[INFO] BUILD FAILURE
[INFO] ------------------------------------------------------------------------
[INFO] Total time: 23:43.933s
[INFO] Finished at: Mon Apr 23 22:55:05 PDT 2012
[INFO] Final Memory: 21M/265M
[INFO] ------------------------------------------------------------------------
[ERROR] Failed to execute goal org.apache.maven.plugins:maven-surefire-plugin:2.12:test (integration) on project cloudservers-us: There are test failures.
[ERROR] 
[ERROR] Please refer to /Users/adriancole/workspace/git/jclouds/providers/cloudservers-us/target/surefire-reports for the individual test results.
[ERROR] -> [Help 1]
[ERROR] 
[ERROR] To see the full stack trace of the errors, re-run Maven with the -e switch.
[ERROR] Re-run Maven using the -X switch to enable full debug logging.
[ERROR] 
[ERROR] For more information about the errors and possible solutions, please read the following articles:
[ERROR] [Help 1] http://cwiki.apache.org/confluence/display/MAVEN/MojoFailureException
