[INFO] Scanning for projects...
[WARNING] 
[WARNING] Some problems were encountered while building the effective model for org.jclouds.provider:cloudfiles-us:bundle:1.5.0-SNAPSHOT
[WARNING] 'parent.relativePath' of POM org.jclouds:jclouds-project:1.5.0-SNAPSHOT (/Users/adriancole/git/jclouds/project/pom.xml) points at org.jclouds:jclouds-multi instead of org.sonatype.oss:oss-parent, please verify your project structure @ org.jclouds:jclouds-project:1.5.0-SNAPSHOT, /Users/adriancole/git/jclouds/project/pom.xml, line 24, column 13
[WARNING] 
[WARNING] It is highly recommended to fix these problems because they threaten the stability of your build.
[WARNING] 
[WARNING] For this reason, future Maven versions might no longer support building such malformed projects.
[WARNING] 
[INFO]                                                                         
[INFO] ------------------------------------------------------------------------
[INFO] Building jclouds CloudFiles US provider 1.5.0-SNAPSHOT
[INFO] ------------------------------------------------------------------------
[INFO] 
[INFO] --- maven-clean-plugin:2.4.1:clean (default-clean) @ cloudfiles-us ---
[INFO] Deleting /Users/adriancole/git/jclouds/providers/cloudfiles-us/target
[INFO] 
[INFO] --- maven-enforcer-plugin:1.1:enforce (enforce-maven) @ cloudfiles-us ---
[INFO] 
[INFO] --- maven-enforcer-plugin:1.1:enforce (enforce-banned-dependencies) @ cloudfiles-us ---
[INFO] 
[INFO] --- maven-enforcer-plugin:1.1:enforce (enforce-java) @ cloudfiles-us ---
[INFO] 
[INFO] --- maven-remote-resources-plugin:1.3:process (process-remote-resources) @ cloudfiles-us ---
[INFO] 
[INFO] --- maven-resources-plugin:2.5:resources (default-resources) @ cloudfiles-us ---
[debug] execute contextualize
[INFO] Using 'UTF-8' encoding to copy filtered resources.
[INFO] skip non existing resourceDirectory /Users/adriancole/git/jclouds/providers/cloudfiles-us/src/main/clojure
[INFO] Copying 1 resource
[INFO] Copying 2 resources
[INFO] 
[INFO] --- maven-compiler-plugin:2.5:compile (default-compile) @ cloudfiles-us ---
[INFO] Compiling 1 source file to /Users/adriancole/git/jclouds/providers/cloudfiles-us/target/classes
[INFO] 
[INFO] --- maven-resources-plugin:2.5:testResources (default-testResources) @ cloudfiles-us ---
[debug] execute contextualize
[INFO] Using 'UTF-8' encoding to copy filtered resources.
[INFO] skip non existing resourceDirectory /Users/adriancole/git/jclouds/providers/cloudfiles-us/src/test/clojure
[INFO] skip non existing resourceDirectory /Users/adriancole/git/jclouds/providers/cloudfiles-us/src/test/resources
[INFO] Copying 2 resources
[INFO] 
[INFO] --- maven-compiler-plugin:2.5:testCompile (default-testCompile) @ cloudfiles-us ---
[INFO] Compiling 10 source files to /Users/adriancole/git/jclouds/providers/cloudfiles-us/target/test-classes
[INFO] 
[INFO] --- maven-surefire-plugin:2.12:test (default-test) @ cloudfiles-us ---
[INFO] Surefire report directory: /Users/adriancole/git/jclouds/providers/cloudfiles-us/target/surefire-reports

-------------------------------------------------------
 T E S T S
-------------------------------------------------------
Running org.jclouds.rackspace.cloudfiles.CloudFilesUSProviderTest
Configuring TestNG with: org.apache.maven.surefire.testng.conf.TestNGMapConfigurator@1cc7b00c
Starting test testWithId(org.jclouds.rackspace.cloudfiles.CloudFilesUSProviderTest)
Starting test testOfApiContains(org.jclouds.rackspace.cloudfiles.CloudFilesUSProviderTest)
Starting test testTransformableToContains(org.jclouds.rackspace.cloudfiles.CloudFilesUSProviderTest)
Starting test testAllContains(org.jclouds.rackspace.cloudfiles.CloudFilesUSProviderTest)
[pool-2-thread-1] Test testAllContains(org.jclouds.rackspace.cloudfiles.CloudFilesUSProviderTest) succeeded: 13ms
Test suite progress: tests succeeded: 1, failed: 0, skipped: 0.
[pool-2-thread-2] Test testOfApiContains(org.jclouds.rackspace.cloudfiles.CloudFilesUSProviderTest) succeeded: 14ms
Test suite progress: tests succeeded: 2, failed: 0, skipped: 0.
[pool-2-thread-4] Test testWithId(org.jclouds.rackspace.cloudfiles.CloudFilesUSProviderTest) succeeded: 16ms
Test suite progress: tests succeeded: 3, failed: 0, skipped: 0.
[pool-2-thread-3] Test testTransformableToContains(org.jclouds.rackspace.cloudfiles.CloudFilesUSProviderTest) succeeded: 38ms
Test suite progress: tests succeeded: 4, failed: 0, skipped: 0.
Tests run: 4, Failures: 0, Errors: 0, Skipped: 0, Time elapsed: 0.537 sec

Results :

Tests run: 4, Failures: 0, Errors: 0, Skipped: 0

[INFO] 
[INFO] --- maven-bundle-plugin:2.3.7:bundle (default-bundle) @ cloudfiles-us ---
[INFO] 
[INFO] --- maven-jar-plugin:2.4:test-jar (default) @ cloudfiles-us ---
[INFO] Building jar: /Users/adriancole/git/jclouds/providers/cloudfiles-us/target/cloudfiles-us-1.5.0-SNAPSHOT-tests.jar
[INFO] 
[INFO] --- maven-surefire-plugin:2.12:test (integration) @ cloudfiles-us ---
[INFO] Surefire report directory: /Users/adriancole/git/jclouds/providers/cloudfiles-us/target/surefire-reports

-------------------------------------------------------
 T E S T S
-------------------------------------------------------
Running TestSuite
Configuring TestNG with: org.apache.maven.surefire.testng.conf.TestNGMapConfigurator@584fce71
*** containers to test: [adriancole-blobstore0, adriancole-blobstore1, adriancole-blobstore2, adriancole-blobstore3, adriancole-blobstore4, adriancole-blobstore5, adriancole-blobstore6, adriancole-blobstore7, adriancole-blobstore8, adriancole-blobstore9, adriancole-blobstore10, adriancole-blobstore11, adriancole-blobstore12, adriancole-blobstore13, adriancole-blobstore14]
Starting test blobNotFound(org.jclouds.rackspace.cloudfiles.blobstore.integration.CloudFilesUSBlobIntegrationLiveTest)
[TestNG] Test blobNotFound(org.jclouds.rackspace.cloudfiles.blobstore.integration.CloudFilesUSBlobIntegrationLiveTest) succeeded: 1329ms
Test suite progress: tests succeeded: 1, failed: 0, skipped: 0.
Starting test deleteObject(org.jclouds.rackspace.cloudfiles.blobstore.integration.CloudFilesUSBlobIntegrationLiveTest)
[TestNG] Test deleteObject(org.jclouds.rackspace.cloudfiles.blobstore.integration.CloudFilesUSBlobIntegrationLiveTest) succeeded: 1641ms
Test suite progress: tests succeeded: 2, failed: 0, skipped: 0.
Starting test deleteObject(org.jclouds.rackspace.cloudfiles.blobstore.integration.CloudFilesUSBlobIntegrationLiveTest)
[TestNG] Test deleteObject(org.jclouds.rackspace.cloudfiles.blobstore.integration.CloudFilesUSBlobIntegrationLiveTest) succeeded: 1937ms
Test suite progress: tests succeeded: 3, failed: 0, skipped: 0.
Starting test deleteObject(org.jclouds.rackspace.cloudfiles.blobstore.integration.CloudFilesUSBlobIntegrationLiveTest)
[TestNG] Test deleteObject(org.jclouds.rackspace.cloudfiles.blobstore.integration.CloudFilesUSBlobIntegrationLiveTest) succeeded: 1537ms
Test suite progress: tests succeeded: 4, failed: 0, skipped: 0.
Starting test deleteObject(org.jclouds.rackspace.cloudfiles.blobstore.integration.CloudFilesUSBlobIntegrationLiveTest)
[TestNG] Test deleteObject(org.jclouds.rackspace.cloudfiles.blobstore.integration.CloudFilesUSBlobIntegrationLiveTest) succeeded: 1773ms
Test suite progress: tests succeeded: 5, failed: 0, skipped: 0.
Starting test deleteObject(org.jclouds.rackspace.cloudfiles.blobstore.integration.CloudFilesUSBlobIntegrationLiveTest)
[TestNG] Test deleteObject(org.jclouds.rackspace.cloudfiles.blobstore.integration.CloudFilesUSBlobIntegrationLiveTest) succeeded: 2996ms
Test suite progress: tests succeeded: 6, failed: 0, skipped: 0.
Starting test deleteObject(org.jclouds.rackspace.cloudfiles.blobstore.integration.CloudFilesUSBlobIntegrationLiveTest)
[TestNG] Test deleteObject(org.jclouds.rackspace.cloudfiles.blobstore.integration.CloudFilesUSBlobIntegrationLiveTest) succeeded: 1672ms
Test suite progress: tests succeeded: 7, failed: 0, skipped: 0.
Starting test deleteObject(org.jclouds.rackspace.cloudfiles.blobstore.integration.CloudFilesUSBlobIntegrationLiveTest)
[TestNG] Test deleteObject(org.jclouds.rackspace.cloudfiles.blobstore.integration.CloudFilesUSBlobIntegrationLiveTest) succeeded: 1693ms
Test suite progress: tests succeeded: 8, failed: 0, skipped: 0.
Starting test deleteObject(org.jclouds.rackspace.cloudfiles.blobstore.integration.CloudFilesUSBlobIntegrationLiveTest)
[TestNG] Test deleteObject(org.jclouds.rackspace.cloudfiles.blobstore.integration.CloudFilesUSBlobIntegrationLiveTest) succeeded: 2034ms
Test suite progress: tests succeeded: 9, failed: 0, skipped: 0.
Starting test deleteObject(org.jclouds.rackspace.cloudfiles.blobstore.integration.CloudFilesUSBlobIntegrationLiveTest)
[TestNG] Test deleteObject(org.jclouds.rackspace.cloudfiles.blobstore.integration.CloudFilesUSBlobIntegrationLiveTest) succeeded: 1638ms
Test suite progress: tests succeeded: 10, failed: 0, skipped: 0.
Starting test deleteObject(org.jclouds.rackspace.cloudfiles.blobstore.integration.CloudFilesUSBlobIntegrationLiveTest)
[TestNG] Test deleteObject(org.jclouds.rackspace.cloudfiles.blobstore.integration.CloudFilesUSBlobIntegrationLiveTest) succeeded: 1731ms
Test suite progress: tests succeeded: 11, failed: 0, skipped: 0.
Starting test deleteObjectNoContainer(org.jclouds.rackspace.cloudfiles.blobstore.integration.CloudFilesUSBlobIntegrationLiveTest)
[TestNG] Test deleteObjectNoContainer(org.jclouds.rackspace.cloudfiles.blobstore.integration.CloudFilesUSBlobIntegrationLiveTest) succeeded: 314ms
Test suite progress: tests succeeded: 12, failed: 0, skipped: 0.
Starting test deleteObjectNotFound(org.jclouds.rackspace.cloudfiles.blobstore.integration.CloudFilesUSBlobIntegrationLiveTest)
[TestNG] Test deleteObjectNotFound(org.jclouds.rackspace.cloudfiles.blobstore.integration.CloudFilesUSBlobIntegrationLiveTest) succeeded: 968ms
Test suite progress: tests succeeded: 13, failed: 0, skipped: 0.
Starting test testBigFileGets(org.jclouds.rackspace.cloudfiles.blobstore.integration.CloudFilesUSBlobIntegrationLiveTest)
[TestNG] Test testBigFileGets(org.jclouds.rackspace.cloudfiles.blobstore.integration.CloudFilesUSBlobIntegrationLiveTest) succeeded: 25370ms
Test suite progress: tests succeeded: 14, failed: 0, skipped: 0.
Starting test testCreateBlobWithExpiry(org.jclouds.rackspace.cloudfiles.blobstore.integration.CloudFilesUSBlobIntegrationLiveTest)
[TestNG] Test testCreateBlobWithExpiry(org.jclouds.rackspace.cloudfiles.blobstore.integration.CloudFilesUSBlobIntegrationLiveTest) failed.
Test suite progress: tests succeeded: 14, failed: 1, skipped: 0.
Starting test testGetIfMatch(org.jclouds.rackspace.cloudfiles.blobstore.integration.CloudFilesUSBlobIntegrationLiveTest)
[TestNG] Test testGetIfMatch(org.jclouds.rackspace.cloudfiles.blobstore.integration.CloudFilesUSBlobIntegrationLiveTest) succeeded: 4151ms
Test suite progress: tests succeeded: 15, failed: 1, skipped: 0.
Starting test testGetIfModifiedSince(org.jclouds.rackspace.cloudfiles.blobstore.integration.CloudFilesUSBlobIntegrationLiveTest)
[TestNG] Test testGetIfModifiedSince(org.jclouds.rackspace.cloudfiles.blobstore.integration.CloudFilesUSBlobIntegrationLiveTest) succeeded: 4098ms
Test suite progress: tests succeeded: 16, failed: 1, skipped: 0.
Starting test testGetIfNoneMatch(org.jclouds.rackspace.cloudfiles.blobstore.integration.CloudFilesUSBlobIntegrationLiveTest)
[TestNG] Test testGetIfNoneMatch(org.jclouds.rackspace.cloudfiles.blobstore.integration.CloudFilesUSBlobIntegrationLiveTest) succeeded: 3107ms
Test suite progress: tests succeeded: 17, failed: 1, skipped: 0.
Starting test testGetIfUnmodifiedSince(org.jclouds.rackspace.cloudfiles.blobstore.integration.CloudFilesUSBlobIntegrationLiveTest)
[TestNG] Test testGetIfUnmodifiedSince(org.jclouds.rackspace.cloudfiles.blobstore.integration.CloudFilesUSBlobIntegrationLiveTest) succeeded: 2949ms
Test suite progress: tests succeeded: 18, failed: 1, skipped: 0.
Starting test testGetRange(org.jclouds.rackspace.cloudfiles.blobstore.integration.CloudFilesUSBlobIntegrationLiveTest)
[TestNG] Test testGetRange(org.jclouds.rackspace.cloudfiles.blobstore.integration.CloudFilesUSBlobIntegrationLiveTest) succeeded: 3325ms
Test suite progress: tests succeeded: 19, failed: 1, skipped: 0.
Starting test testMetadata(org.jclouds.rackspace.cloudfiles.blobstore.integration.CloudFilesUSBlobIntegrationLiveTest)
[TestNG] Test testMetadata(org.jclouds.rackspace.cloudfiles.blobstore.integration.CloudFilesUSBlobIntegrationLiveTest) succeeded: 3201ms
Test suite progress: tests succeeded: 20, failed: 1, skipped: 0.
Starting test testPutFileParallel(org.jclouds.rackspace.cloudfiles.blobstore.integration.CloudFilesUSBlobIntegrationLiveTest)
[TestNG] Test testPutFileParallel(org.jclouds.rackspace.cloudfiles.blobstore.integration.CloudFilesUSBlobIntegrationLiveTest) succeeded: 31389ms
Test suite progress: tests succeeded: 21, failed: 1, skipped: 0.
Starting test testPutObject(org.jclouds.rackspace.cloudfiles.blobstore.integration.CloudFilesUSBlobIntegrationLiveTest)
[TestNG] Test testPutObject(org.jclouds.rackspace.cloudfiles.blobstore.integration.CloudFilesUSBlobIntegrationLiveTest) succeeded: 2064ms
Test suite progress: tests succeeded: 22, failed: 1, skipped: 0.
Starting test testPutObject(org.jclouds.rackspace.cloudfiles.blobstore.integration.CloudFilesUSBlobIntegrationLiveTest)
[TestNG] Test testPutObject(org.jclouds.rackspace.cloudfiles.blobstore.integration.CloudFilesUSBlobIntegrationLiveTest) succeeded: 2155ms
Test suite progress: tests succeeded: 23, failed: 1, skipped: 0.
Starting test testPutObject(org.jclouds.rackspace.cloudfiles.blobstore.integration.CloudFilesUSBlobIntegrationLiveTest)
[TestNG] Test testPutObject(org.jclouds.rackspace.cloudfiles.blobstore.integration.CloudFilesUSBlobIntegrationLiveTest) succeeded: 1959ms
Test suite progress: tests succeeded: 24, failed: 1, skipped: 0.
Starting test testPutObjectStream(org.jclouds.rackspace.cloudfiles.blobstore.integration.CloudFilesUSBlobIntegrationLiveTest)
[TestNG] Test testPutObjectStream(org.jclouds.rackspace.cloudfiles.blobstore.integration.CloudFilesUSBlobIntegrationLiveTest) succeeded: 2247ms
Test suite progress: tests succeeded: 25, failed: 1, skipped: 0.
Starting test testMultipartChunkedFileStream(org.jclouds.rackspace.cloudfiles.blobstore.integration.CloudFilesUSBlobIntegrationLiveTest)
[TestNG] Test testMultipartChunkedFileStream(org.jclouds.rackspace.cloudfiles.blobstore.integration.CloudFilesUSBlobIntegrationLiveTest) succeeded: 10843ms
Test suite progress: tests succeeded: 26, failed: 1, skipped: 0.
Starting test testCopyUrl(org.jclouds.rackspace.cloudfiles.blobstore.integration.CloudFilesUSBlobLiveTest)
[TestNG] Test testCopyUrl(org.jclouds.rackspace.cloudfiles.blobstore.integration.CloudFilesUSBlobLiveTest) succeeded: 4994ms
Test suite progress: tests succeeded: 27, failed: 1, skipped: 0.
Starting test testContains(org.jclouds.rackspace.cloudfiles.blobstore.integration.CloudFilesUSBlobMapIntegrationLiveTest)
[TestNG] Test testContains(org.jclouds.rackspace.cloudfiles.blobstore.integration.CloudFilesUSBlobMapIntegrationLiveTest) succeeded: 3196ms
Test suite progress: tests succeeded: 28, failed: 1, skipped: 0.
Starting test testEntrySet(org.jclouds.rackspace.cloudfiles.blobstore.integration.CloudFilesUSBlobMapIntegrationLiveTest)
[TestNG] Test testEntrySet(org.jclouds.rackspace.cloudfiles.blobstore.integration.CloudFilesUSBlobMapIntegrationLiveTest) succeeded: 17777ms
Test suite progress: tests succeeded: 29, failed: 1, skipped: 0.
Starting test testPut(org.jclouds.rackspace.cloudfiles.blobstore.integration.CloudFilesUSBlobMapIntegrationLiveTest)
[TestNG] Test testPut(org.jclouds.rackspace.cloudfiles.blobstore.integration.CloudFilesUSBlobMapIntegrationLiveTest) succeeded: 4750ms
Test suite progress: tests succeeded: 30, failed: 1, skipped: 0.
Starting test testPutAll(org.jclouds.rackspace.cloudfiles.blobstore.integration.CloudFilesUSBlobMapIntegrationLiveTest)
[TestNG] Test testPutAll(org.jclouds.rackspace.cloudfiles.blobstore.integration.CloudFilesUSBlobMapIntegrationLiveTest) succeeded: 3278ms
Test suite progress: tests succeeded: 31, failed: 1, skipped: 0.
Starting test testPutMoreThanSingleListing(org.jclouds.rackspace.cloudfiles.blobstore.integration.CloudFilesUSBlobMapIntegrationLiveTest)
[TestNG] Test testPutMoreThanSingleListing(org.jclouds.rackspace.cloudfiles.blobstore.integration.CloudFilesUSBlobMapIntegrationLiveTest) succeeded: 9337ms
Test suite progress: tests succeeded: 32, failed: 1, skipped: 0.
Starting test testRemove(org.jclouds.rackspace.cloudfiles.blobstore.integration.CloudFilesUSBlobMapIntegrationLiveTest)
[TestNG] Test testRemove(org.jclouds.rackspace.cloudfiles.blobstore.integration.CloudFilesUSBlobMapIntegrationLiveTest) succeeded: 3803ms
Test suite progress: tests succeeded: 33, failed: 1, skipped: 0.
Starting test testValues(org.jclouds.rackspace.cloudfiles.blobstore.integration.CloudFilesUSBlobMapIntegrationLiveTest)
[TestNG] Test testValues(org.jclouds.rackspace.cloudfiles.blobstore.integration.CloudFilesUSBlobMapIntegrationLiveTest) succeeded: 5819ms
Test suite progress: tests succeeded: 34, failed: 1, skipped: 0.
Starting test testClear(org.jclouds.rackspace.cloudfiles.blobstore.integration.CloudFilesUSBlobMapIntegrationLiveTest)
[TestNG] Test testClear(org.jclouds.rackspace.cloudfiles.blobstore.integration.CloudFilesUSBlobMapIntegrationLiveTest) succeeded: 3269ms
Test suite progress: tests succeeded: 35, failed: 1, skipped: 0.
Starting test testContainsKey(org.jclouds.rackspace.cloudfiles.blobstore.integration.CloudFilesUSBlobMapIntegrationLiveTest)
[TestNG] Test testContainsKey(org.jclouds.rackspace.cloudfiles.blobstore.integration.CloudFilesUSBlobMapIntegrationLiveTest) succeeded: 1847ms
Test suite progress: tests succeeded: 36, failed: 1, skipped: 0.
Starting test testDirectory(org.jclouds.rackspace.cloudfiles.blobstore.integration.CloudFilesUSBlobMapIntegrationLiveTest)
[TestNG] Test testDirectory(org.jclouds.rackspace.cloudfiles.blobstore.integration.CloudFilesUSBlobMapIntegrationLiveTest) succeeded: 35720ms
Test suite progress: tests succeeded: 37, failed: 1, skipped: 0.
Starting test testIsEmpty(org.jclouds.rackspace.cloudfiles.blobstore.integration.CloudFilesUSBlobMapIntegrationLiveTest)
[TestNG] Test testIsEmpty(org.jclouds.rackspace.cloudfiles.blobstore.integration.CloudFilesUSBlobMapIntegrationLiveTest) succeeded: 2620ms
Test suite progress: tests succeeded: 38, failed: 1, skipped: 0.
Starting test testKeySet(org.jclouds.rackspace.cloudfiles.blobstore.integration.CloudFilesUSBlobMapIntegrationLiveTest)
[TestNG] Test testKeySet(org.jclouds.rackspace.cloudfiles.blobstore.integration.CloudFilesUSBlobMapIntegrationLiveTest) succeeded: 3079ms
Test suite progress: tests succeeded: 39, failed: 1, skipped: 0.
Starting test testListContainer(org.jclouds.rackspace.cloudfiles.blobstore.integration.CloudFilesUSBlobMapIntegrationLiveTest)
[TestNG] Test testListContainer(org.jclouds.rackspace.cloudfiles.blobstore.integration.CloudFilesUSBlobMapIntegrationLiveTest) succeeded: 1729ms
Test suite progress: tests succeeded: 40, failed: 1, skipped: 0.
Starting test testSignGetUrl(org.jclouds.rackspace.cloudfiles.blobstore.integration.CloudFilesUSBlobSignerLiveTest)
[TestNG] Test testSignGetUrl(org.jclouds.rackspace.cloudfiles.blobstore.integration.CloudFilesUSBlobSignerLiveTest) succeeded: 2991ms
Test suite progress: tests succeeded: 41, failed: 1, skipped: 0.
Starting test testSignGetUrlOptions(org.jclouds.rackspace.cloudfiles.blobstore.integration.CloudFilesUSBlobSignerLiveTest)
[TestNG] Test testSignGetUrlOptions(org.jclouds.rackspace.cloudfiles.blobstore.integration.CloudFilesUSBlobSignerLiveTest) succeeded: 2368ms
Test suite progress: tests succeeded: 42, failed: 1, skipped: 0.
Starting test testSignPutUrl(org.jclouds.rackspace.cloudfiles.blobstore.integration.CloudFilesUSBlobSignerLiveTest)
[TestNG] Test testSignPutUrl(org.jclouds.rackspace.cloudfiles.blobstore.integration.CloudFilesUSBlobSignerLiveTest) succeeded: 2261ms
Test suite progress: tests succeeded: 43, failed: 1, skipped: 0.
Starting test testSignRemoveUrl(org.jclouds.rackspace.cloudfiles.blobstore.integration.CloudFilesUSBlobSignerLiveTest)
[TestNG] Test testSignRemoveUrl(org.jclouds.rackspace.cloudfiles.blobstore.integration.CloudFilesUSBlobSignerLiveTest) succeeded: 3640ms
Test suite progress: tests succeeded: 44, failed: 1, skipped: 0.
Starting test containerDoesntExist(org.jclouds.rackspace.cloudfiles.blobstore.integration.CloudFilesUSContainerIntegrationLiveTest)
[TestNG] Test containerDoesntExist(org.jclouds.rackspace.cloudfiles.blobstore.integration.CloudFilesUSContainerIntegrationLiveTest) succeeded: 807ms
Test suite progress: tests succeeded: 45, failed: 1, skipped: 0.
Starting test containerExists(org.jclouds.rackspace.cloudfiles.blobstore.integration.CloudFilesUSContainerIntegrationLiveTest)
[TestNG] Test containerExists(org.jclouds.rackspace.cloudfiles.blobstore.integration.CloudFilesUSContainerIntegrationLiveTest) succeeded: 1494ms
Test suite progress: tests succeeded: 46, failed: 1, skipped: 0.
Starting test deleteContainerIfEmpty(org.jclouds.rackspace.cloudfiles.blobstore.integration.CloudFilesUSContainerIntegrationLiveTest)
*** allocated new container adriancole-blobstore0...
[TestNG] Test deleteContainerIfEmpty(org.jclouds.rackspace.cloudfiles.blobstore.integration.CloudFilesUSContainerIntegrationLiveTest) succeeded: 3111ms
Test suite progress: tests succeeded: 47, failed: 1, skipped: 0.
Starting test deleteContainerWithContents(org.jclouds.rackspace.cloudfiles.blobstore.integration.CloudFilesUSContainerIntegrationLiveTest)
*** allocated new container adriancole-blobstore1...
[TestNG] Test deleteContainerWithContents(org.jclouds.rackspace.cloudfiles.blobstore.integration.CloudFilesUSContainerIntegrationLiveTest) succeeded: 3550ms
Test suite progress: tests succeeded: 48, failed: 1, skipped: 0.
Starting test testClearWhenContentsUnderPath(org.jclouds.rackspace.cloudfiles.blobstore.integration.CloudFilesUSContainerIntegrationLiveTest)
[TestNG] Test testClearWhenContentsUnderPath(org.jclouds.rackspace.cloudfiles.blobstore.integration.CloudFilesUSContainerIntegrationLiveTest) succeeded: 11680ms
Test suite progress: tests succeeded: 49, failed: 1, skipped: 0.
Starting test testDirectory(org.jclouds.rackspace.cloudfiles.blobstore.integration.CloudFilesUSContainerIntegrationLiveTest)
[TestNG] Test testDirectory(org.jclouds.rackspace.cloudfiles.blobstore.integration.CloudFilesUSContainerIntegrationLiveTest) succeeded: 22976ms
Test suite progress: tests succeeded: 50, failed: 1, skipped: 0.
Starting test testListContainer(org.jclouds.rackspace.cloudfiles.blobstore.integration.CloudFilesUSContainerIntegrationLiveTest)
[TestNG] Test testListContainer(org.jclouds.rackspace.cloudfiles.blobstore.integration.CloudFilesUSContainerIntegrationLiveTest) succeeded: 10170ms
Test suite progress: tests succeeded: 51, failed: 1, skipped: 0.
Starting test testListContainerMarker(org.jclouds.rackspace.cloudfiles.blobstore.integration.CloudFilesUSContainerIntegrationLiveTest)
[TestNG] Test testListContainerMarker(org.jclouds.rackspace.cloudfiles.blobstore.integration.CloudFilesUSContainerIntegrationLiveTest) succeeded: 30642ms
Test suite progress: tests succeeded: 52, failed: 1, skipped: 0.
Starting test testListContainerMaxResults(org.jclouds.rackspace.cloudfiles.blobstore.integration.CloudFilesUSContainerIntegrationLiveTest)
[TestNG] Test testListContainerMaxResults(org.jclouds.rackspace.cloudfiles.blobstore.integration.CloudFilesUSContainerIntegrationLiveTest) succeeded: 22964ms
Test suite progress: tests succeeded: 53, failed: 1, skipped: 0.
Starting test testListContainerPrefix(org.jclouds.rackspace.cloudfiles.blobstore.integration.CloudFilesUSContainerIntegrationLiveTest)
[TestNG] Test testListContainerPrefix(org.jclouds.rackspace.cloudfiles.blobstore.integration.CloudFilesUSContainerIntegrationLiveTest) succeeded: 19004ms
Test suite progress: tests succeeded: 54, failed: 1, skipped: 0.
Starting test testListRootUsesDelimiter(org.jclouds.rackspace.cloudfiles.blobstore.integration.CloudFilesUSContainerIntegrationLiveTest)
[TestNG] Test testListRootUsesDelimiter(org.jclouds.rackspace.cloudfiles.blobstore.integration.CloudFilesUSContainerIntegrationLiveTest) succeeded: 21305ms
Test suite progress: tests succeeded: 55, failed: 1, skipped: 0.
Starting test testPutTwiceIsOkAndDoesntOverwrite(org.jclouds.rackspace.cloudfiles.blobstore.integration.CloudFilesUSContainerIntegrationLiveTest)
[TestNG] Test testPutTwiceIsOkAndDoesntOverwrite(org.jclouds.rackspace.cloudfiles.blobstore.integration.CloudFilesUSContainerIntegrationLiveTest) succeeded: 2123ms
Test suite progress: tests succeeded: 56, failed: 1, skipped: 0.
Starting test testWithDetails(org.jclouds.rackspace.cloudfiles.blobstore.integration.CloudFilesUSContainerIntegrationLiveTest)
[TestNG] Test testWithDetails(org.jclouds.rackspace.cloudfiles.blobstore.integration.CloudFilesUSContainerIntegrationLiveTest) succeeded: 3622ms
Test suite progress: tests succeeded: 57, failed: 1, skipped: 0.
Starting test testCreateDeleteContainerMetadata(org.jclouds.rackspace.cloudfiles.blobstore.integration.CloudFilesUSContainerIntegrationLiveTest)
[TestNG] Test testCreateDeleteContainerMetadata(org.jclouds.rackspace.cloudfiles.blobstore.integration.CloudFilesUSContainerIntegrationLiveTest) succeeded: 2423ms
Test suite progress: tests succeeded: 58, failed: 1, skipped: 0.
Starting test testSetGetContainerMetadata(org.jclouds.rackspace.cloudfiles.blobstore.integration.CloudFilesUSContainerIntegrationLiveTest)
[TestNG] Test testSetGetContainerMetadata(org.jclouds.rackspace.cloudfiles.blobstore.integration.CloudFilesUSContainerIntegrationLiveTest) succeeded: 2038ms
Test suite progress: tests succeeded: 59, failed: 1, skipped: 0.
Starting test testPublicAccess(org.jclouds.rackspace.cloudfiles.blobstore.integration.CloudFilesUSContainerLiveTest)
*** allocated new container adriancole-blobstore13...
*** allocated new container adriancole-blobstore135793993534428940633...
[TestNG] Test testPublicAccess(org.jclouds.rackspace.cloudfiles.blobstore.integration.CloudFilesUSContainerLiveTest) succeeded: 6709ms
Test suite progress: tests succeeded: 60, failed: 1, skipped: 0.
Starting test testPublicAccessInNonDefaultLocation(org.jclouds.rackspace.cloudfiles.blobstore.integration.CloudFilesUSContainerLiveTest)
[TestNG] Test testPublicAccessInNonDefaultLocation(org.jclouds.rackspace.cloudfiles.blobstore.integration.CloudFilesUSContainerLiveTest) skipped.
Test suite progress: tests succeeded: 60, failed: 1, skipped: 1.
Starting test testPublicAccessInNonDefaultLocationWithBigBlob(org.jclouds.rackspace.cloudfiles.blobstore.integration.CloudFilesUSContainerLiveTest)
[TestNG] Test testPublicAccessInNonDefaultLocationWithBigBlob(org.jclouds.rackspace.cloudfiles.blobstore.integration.CloudFilesUSContainerLiveTest) skipped.
Test suite progress: tests succeeded: 60, failed: 1, skipped: 2.
unable to delete container adriancole-blobstore135793993534428940633, ignoring...
java.lang.reflect.UndeclaredThrowableException
	at $Proxy77.deleteContainerIfEmpty(Unknown Source)
	at org.jclouds.openstack.swift.blobstore.SwiftBlobStore.deleteAndVerifyContainerGone(SwiftBlobStore.java:235)
	at org.jclouds.blobstore.internal.BaseBlobStore$1.get(BaseBlobStore.java:203)
	at org.jclouds.blobstore.internal.BaseBlobStore$1.get(BaseBlobStore.java:199)
	at org.jclouds.util.Assertions.eventuallyTrue(Assertions.java:33)
	at org.jclouds.blobstore.internal.BaseBlobStore.clearAndDeleteContainer(BaseBlobStore.java:199)
	at org.jclouds.blobstore.internal.BaseBlobStore.deleteContainer(BaseBlobStore.java:194)
	at sun.reflect.GeneratedMethodAccessor32.invoke(Unknown Source)
	at sun.reflect.DelegatingMethodAccessorImpl.invoke(DelegatingMethodAccessorImpl.java:25)
	at java.lang.reflect.Method.invoke(Method.java:597)
	at com.google.inject.internal.DelegatingInvocationHandler.invoke(DelegatingInvocationHandler.java:37)
	at $Proxy81.deleteContainer(Unknown Source)
	at org.jclouds.blobstore.integration.internal.BaseBlobStoreIntegrationTest.deleteContainerOrWarnIfUnable(BaseBlobStoreIntegrationTest.java:171)
	at org.jclouds.blobstore.integration.internal.BaseBlobStoreIntegrationTest.access$1100(BaseBlobStoreIntegrationTest.java:66)
	at org.jclouds.blobstore.integration.internal.BaseBlobStoreIntegrationTest$11.run(BaseBlobStoreIntegrationTest.java:496)
	at java.util.concurrent.Executors$RunnableAdapter.call(Executors.java:441)
	at java.util.concurrent.FutureTask$Sync.innerRun(FutureTask.java:303)
	at java.util.concurrent.FutureTask.run(FutureTask.java:138)
	at java.util.concurrent.ThreadPoolExecutor$Worker.runTask(ThreadPoolExecutor.java:886)
	at java.util.concurrent.ThreadPoolExecutor$Worker.run(ThreadPoolExecutor.java:908)
	at java.lang.Thread.run(Thread.java:680)
Caused by: java.lang.InterruptedException
	at java.util.concurrent.locks.AbstractQueuedSynchronizer.doAcquireSharedNanos(AbstractQueuedSynchronizer.java:1024)
	at java.util.concurrent.locks.AbstractQueuedSynchronizer.tryAcquireSharedNanos(AbstractQueuedSynchronizer.java:1303)
	at com.google.common.util.concurrent.AbstractFuture$Sync.get(AbstractFuture.java:263)
	at com.google.common.util.concurrent.AbstractFuture.get(AbstractFuture.java:96)
	at org.jclouds.concurrent.ExceptionParsingListenableFuture.get(ExceptionParsingListenableFuture.java:76)
	at org.jclouds.concurrent.internal.SyncProxy.invoke(SyncProxy.java:164)
	... 21 more
Exception in thread "user thread 3" java.lang.IllegalStateException: interrupted calling get() on [[method=CloudFilesAsyncClient.deleteContainerIfEmpty, request=DELETE https://storage101.dfw1.clouddrive.com/v1/MossoCloudFS_dc1f419c-5059-4c87-a389-3f2e33a77b22/adriancole-blobstore135793993534428940633 HTTP/1.1]], so could not run listeners
	at org.jclouds.concurrent.Futures$CallGetAndRunExecutionList.run(Futures.java:66)
	at java.util.concurrent.ThreadPoolExecutor$Worker.runTask(ThreadPoolExecutor.java:886)
	at java.util.concurrent.ThreadPoolExecutor$Worker.run(ThreadPoolExecutor.java:908)
	at java.lang.Thread.run(Thread.java:680)
Caused by: java.lang.InterruptedException
	at java.util.concurrent.locks.AbstractQueuedSynchronizer.doAcquireSharedInterruptibly(AbstractQueuedSynchronizer.java:979)
	at java.util.concurrent.locks.AbstractQueuedSynchronizer.acquireSharedInterruptibly(AbstractQueuedSynchronizer.java:1281)
	at java.util.concurrent.FutureTask$Sync.innerGet(FutureTask.java:218)
	at java.util.concurrent.FutureTask.get(FutureTask.java:83)
	at org.jclouds.concurrent.config.DescribedFuture.get(DescribedFuture.java:45)
	at org.jclouds.concurrent.Futures$CallGetAndRunExecutionList.run(Futures.java:59)
	... 3 more
Caused by: java.util.concurrent.ExecutionException: task submitted from the following trace
	at org.jclouds.concurrent.config.DescribedFuture.ensureCauseHasSubmissionTrace(DescribedFuture.java:78)
	at org.jclouds.concurrent.config.DescribedFuture.get(DescribedFuture.java:49)
	... 4 more
Starting test testContainsBytesValue(org.jclouds.rackspace.cloudfiles.blobstore.integration.CloudFilesUSInputStreamMapIntegrationLiveTest)
[TestNG] Test testContainsBytesValue(org.jclouds.rackspace.cloudfiles.blobstore.integration.CloudFilesUSInputStreamMapIntegrationLiveTest) succeeded: 2018ms
Test suite progress: tests succeeded: 61, failed: 1, skipped: 2.
Starting test testContainsFileValue(org.jclouds.rackspace.cloudfiles.blobstore.integration.CloudFilesUSInputStreamMapIntegrationLiveTest)
[TestNG] Test testContainsFileValue(org.jclouds.rackspace.cloudfiles.blobstore.integration.CloudFilesUSInputStreamMapIntegrationLiveTest) succeeded: 1788ms
Test suite progress: tests succeeded: 62, failed: 1, skipped: 2.
Starting test testContainsInputStreamValue(org.jclouds.rackspace.cloudfiles.blobstore.integration.CloudFilesUSInputStreamMapIntegrationLiveTest)
[TestNG] Test testContainsInputStreamValue(org.jclouds.rackspace.cloudfiles.blobstore.integration.CloudFilesUSInputStreamMapIntegrationLiveTest) succeeded: 1896ms
Test suite progress: tests succeeded: 63, failed: 1, skipped: 2.
Starting test testContainsStringValue(org.jclouds.rackspace.cloudfiles.blobstore.integration.CloudFilesUSInputStreamMapIntegrationLiveTest)
[TestNG] Test testContainsStringValue(org.jclouds.rackspace.cloudfiles.blobstore.integration.CloudFilesUSInputStreamMapIntegrationLiveTest) succeeded: 2582ms
Test suite progress: tests succeeded: 64, failed: 1, skipped: 2.
Starting test testEntrySet(org.jclouds.rackspace.cloudfiles.blobstore.integration.CloudFilesUSInputStreamMapIntegrationLiveTest)
[TestNG] Test testEntrySet(org.jclouds.rackspace.cloudfiles.blobstore.integration.CloudFilesUSInputStreamMapIntegrationLiveTest) succeeded: 10445ms
Test suite progress: tests succeeded: 65, failed: 1, skipped: 2.
Starting test testPut(org.jclouds.rackspace.cloudfiles.blobstore.integration.CloudFilesUSInputStreamMapIntegrationLiveTest)
[TestNG] Test testPut(org.jclouds.rackspace.cloudfiles.blobstore.integration.CloudFilesUSInputStreamMapIntegrationLiveTest) succeeded: 4743ms
Test suite progress: tests succeeded: 66, failed: 1, skipped: 2.
Starting test testPutAll(org.jclouds.rackspace.cloudfiles.blobstore.integration.CloudFilesUSInputStreamMapIntegrationLiveTest)
[TestNG] Test testPutAll(org.jclouds.rackspace.cloudfiles.blobstore.integration.CloudFilesUSInputStreamMapIntegrationLiveTest) succeeded: 5651ms
Test suite progress: tests succeeded: 67, failed: 1, skipped: 2.
Starting test testPutAllBytes(org.jclouds.rackspace.cloudfiles.blobstore.integration.CloudFilesUSInputStreamMapIntegrationLiveTest)
[TestNG] Test testPutAllBytes(org.jclouds.rackspace.cloudfiles.blobstore.integration.CloudFilesUSInputStreamMapIntegrationLiveTest) succeeded: 7051ms
Test suite progress: tests succeeded: 68, failed: 1, skipped: 2.
Starting test testPutAllFiles(org.jclouds.rackspace.cloudfiles.blobstore.integration.CloudFilesUSInputStreamMapIntegrationLiveTest)
[TestNG] Test testPutAllFiles(org.jclouds.rackspace.cloudfiles.blobstore.integration.CloudFilesUSInputStreamMapIntegrationLiveTest) succeeded: 3381ms
Test suite progress: tests succeeded: 69, failed: 1, skipped: 2.
Starting test testPutAllStrings(org.jclouds.rackspace.cloudfiles.blobstore.integration.CloudFilesUSInputStreamMapIntegrationLiveTest)
[TestNG] Test testPutAllStrings(org.jclouds.rackspace.cloudfiles.blobstore.integration.CloudFilesUSInputStreamMapIntegrationLiveTest) succeeded: 8795ms
Test suite progress: tests succeeded: 70, failed: 1, skipped: 2.
Starting test testPutBytes(org.jclouds.rackspace.cloudfiles.blobstore.integration.CloudFilesUSInputStreamMapIntegrationLiveTest)
[TestNG] Test testPutBytes(org.jclouds.rackspace.cloudfiles.blobstore.integration.CloudFilesUSInputStreamMapIntegrationLiveTest) succeeded: 5104ms
Test suite progress: tests succeeded: 71, failed: 1, skipped: 2.
Starting test testPutFile(org.jclouds.rackspace.cloudfiles.blobstore.integration.CloudFilesUSInputStreamMapIntegrationLiveTest)
[TestNG] Test testPutFile(org.jclouds.rackspace.cloudfiles.blobstore.integration.CloudFilesUSInputStreamMapIntegrationLiveTest) succeeded: 3777ms
Test suite progress: tests succeeded: 72, failed: 1, skipped: 2.
Starting test testPutMoreThanSingleListing(org.jclouds.rackspace.cloudfiles.blobstore.integration.CloudFilesUSInputStreamMapIntegrationLiveTest)
[TestNG] Test testPutMoreThanSingleListing(org.jclouds.rackspace.cloudfiles.blobstore.integration.CloudFilesUSInputStreamMapIntegrationLiveTest) failed.
Test suite progress: tests succeeded: 72, failed: 2, skipped: 2.
Starting test testPutString(org.jclouds.rackspace.cloudfiles.blobstore.integration.CloudFilesUSInputStreamMapIntegrationLiveTest)
[TestNG] Test testPutString(org.jclouds.rackspace.cloudfiles.blobstore.integration.CloudFilesUSInputStreamMapIntegrationLiveTest) succeeded: 3917ms
Test suite progress: tests succeeded: 73, failed: 2, skipped: 2.
Starting test testRemove(org.jclouds.rackspace.cloudfiles.blobstore.integration.CloudFilesUSInputStreamMapIntegrationLiveTest)
[TestNG] Test testRemove(org.jclouds.rackspace.cloudfiles.blobstore.integration.CloudFilesUSInputStreamMapIntegrationLiveTest) succeeded: 4126ms
Test suite progress: tests succeeded: 74, failed: 2, skipped: 2.
Starting test testValues(org.jclouds.rackspace.cloudfiles.blobstore.integration.CloudFilesUSInputStreamMapIntegrationLiveTest)
[TestNG] Test testValues(org.jclouds.rackspace.cloudfiles.blobstore.integration.CloudFilesUSInputStreamMapIntegrationLiveTest) succeeded: 2824ms
Test suite progress: tests succeeded: 75, failed: 2, skipped: 2.
Starting test testClear(org.jclouds.rackspace.cloudfiles.blobstore.integration.CloudFilesUSInputStreamMapIntegrationLiveTest)
[TestNG] Test testClear(org.jclouds.rackspace.cloudfiles.blobstore.integration.CloudFilesUSInputStreamMapIntegrationLiveTest) succeeded: 3359ms
Test suite progress: tests succeeded: 76, failed: 2, skipped: 2.
Starting test testContainsKey(org.jclouds.rackspace.cloudfiles.blobstore.integration.CloudFilesUSInputStreamMapIntegrationLiveTest)
[TestNG] Test testContainsKey(org.jclouds.rackspace.cloudfiles.blobstore.integration.CloudFilesUSInputStreamMapIntegrationLiveTest) succeeded: 2463ms
Test suite progress: tests succeeded: 77, failed: 2, skipped: 2.
Starting test testDirectory(org.jclouds.rackspace.cloudfiles.blobstore.integration.CloudFilesUSInputStreamMapIntegrationLiveTest)
[TestNG] Test testDirectory(org.jclouds.rackspace.cloudfiles.blobstore.integration.CloudFilesUSInputStreamMapIntegrationLiveTest) succeeded: 28098ms
Test suite progress: tests succeeded: 78, failed: 2, skipped: 2.
Starting test testIsEmpty(org.jclouds.rackspace.cloudfiles.blobstore.integration.CloudFilesUSInputStreamMapIntegrationLiveTest)
[TestNG] Test testIsEmpty(org.jclouds.rackspace.cloudfiles.blobstore.integration.CloudFilesUSInputStreamMapIntegrationLiveTest) succeeded: 3395ms
Test suite progress: tests succeeded: 79, failed: 2, skipped: 2.
Starting test testKeySet(org.jclouds.rackspace.cloudfiles.blobstore.integration.CloudFilesUSInputStreamMapIntegrationLiveTest)
[TestNG] Test testKeySet(org.jclouds.rackspace.cloudfiles.blobstore.integration.CloudFilesUSInputStreamMapIntegrationLiveTest) failed.
Test suite progress: tests succeeded: 79, failed: 3, skipped: 2.
Starting test testListContainer(org.jclouds.rackspace.cloudfiles.blobstore.integration.CloudFilesUSInputStreamMapIntegrationLiveTest)
[TestNG] Test testListContainer(org.jclouds.rackspace.cloudfiles.blobstore.integration.CloudFilesUSInputStreamMapIntegrationLiveTest) succeeded: 1360ms
Test suite progress: tests succeeded: 80, failed: 3, skipped: 2.
Starting test containerDoesntExist(org.jclouds.rackspace.cloudfiles.blobstore.integration.CloudFilesUSServiceIntegrationLiveTest)
[TestNG] Test containerDoesntExist(org.jclouds.rackspace.cloudfiles.blobstore.integration.CloudFilesUSServiceIntegrationLiveTest) succeeded: 964ms
Test suite progress: tests succeeded: 81, failed: 3, skipped: 2.
Starting test testAllLocations(org.jclouds.rackspace.cloudfiles.blobstore.integration.CloudFilesUSServiceIntegrationLiveTest)
*** allocated new container adriancole-blobstore3...
 >> creating container in location {scope=REGION, id=DEFAULT, description=DEFAULT, parent=cloudfiles-us}
 << call complete.. checking
*** allocated new container adriancole-blobstore3-2720110492722045677...
[TestNG] Test testAllLocations(org.jclouds.rackspace.cloudfiles.blobstore.integration.CloudFilesUSServiceIntegrationLiveTest) succeeded: 7306ms
Test suite progress: tests succeeded: 82, failed: 3, skipped: 2.
Starting test testGetAssignableLocations(org.jclouds.rackspace.cloudfiles.blobstore.integration.CloudFilesUSServiceIntegrationLiveTest)
location {scope=REGION, id=DEFAULT, description=DEFAULT, parent=cloudfiles-us}
[TestNG] Test testGetAssignableLocations(org.jclouds.rackspace.cloudfiles.blobstore.integration.CloudFilesUSServiceIntegrationLiveTest) succeeded: 1ms
Test suite progress: tests succeeded: 83, failed: 3, skipped: 2.
unable to delete container adriancole-blobstore3-2720110492722045677, ignoring...
java.lang.reflect.UndeclaredThrowableException
	at $Proxy77.containerExists(Unknown Source)
	at org.jclouds.openstack.swift.blobstore.SwiftBlobStore.deleteAndVerifyContainerGone(SwiftBlobStore.java:236)
	at org.jclouds.blobstore.internal.BaseBlobStore$1.get(BaseBlobStore.java:203)
	at org.jclouds.blobstore.internal.BaseBlobStore$1.get(BaseBlobStore.java:199)
	at org.jclouds.util.Assertions.eventuallyTrue(Assertions.java:33)
	at org.jclouds.blobstore.internal.BaseBlobStore.clearAndDeleteContainer(BaseBlobStore.java:199)
	at org.jclouds.blobstore.internal.BaseBlobStore.deleteContainer(BaseBlobStore.java:194)
	at sun.reflect.GeneratedMethodAccessor32.invoke(Unknown Source)
	at sun.reflect.DelegatingMethodAccessorImpl.invoke(DelegatingMethodAccessorImpl.java:25)
	at java.lang.reflect.Method.invoke(Method.java:597)
	at com.google.inject.internal.DelegatingInvocationHandler.invoke(DelegatingInvocationHandler.java:37)
	at $Proxy81.deleteContainer(Unknown Source)
	at org.jclouds.blobstore.integration.internal.BaseBlobStoreIntegrationTest.deleteContainerOrWarnIfUnable(BaseBlobStoreIntegrationTest.java:171)
	at org.jclouds.blobstore.integration.internal.BaseBlobStoreIntegrationTest.access$1100(BaseBlobStoreIntegrationTest.java:66)
	at org.jclouds.blobstore.integration.internal.BaseBlobStoreIntegrationTest$11.run(BaseBlobStoreIntegrationTest.java:496)
	at java.util.concurrent.Executors$RunnableAdapter.call(Executors.java:441)
	at java.util.concurrent.FutureTask$Sync.innerRun(FutureTask.java:303)
	at java.util.concurrent.FutureTask.run(FutureTask.java:138)
	at java.util.concurrent.ThreadPoolExecutor$Worker.runTask(ThreadPoolExecutor.java:886)
	at java.util.concurrent.ThreadPoolExecutor$Worker.run(ThreadPoolExecutor.java:908)
	at java.lang.Thread.run(Thread.java:680)
Caused by: java.lang.InterruptedException
	at java.util.concurrent.locks.AbstractQueuedSynchronizer.doAcquireSharedNanos(AbstractQueuedSynchronizer.java:1024)
	at java.util.concurrent.locks.AbstractQueuedSynchronizer.tryAcquireSharedNanos(AbstractQueuedSynchronizer.java:1303)
	at com.google.common.util.concurrent.AbstractFuture$Sync.get(AbstractFuture.java:263)
	at com.google.common.util.concurrent.AbstractFuture.get(AbstractFuture.java:96)
	at org.jclouds.concurrent.ExceptionParsingListenableFuture.get(ExceptionParsingListenableFuture.java:76)
	at org.jclouds.concurrent.internal.SyncProxy.invoke(SyncProxy.java:164)
	... 21 more
Exception in thread "user thread 20" java.lang.IllegalStateException: interrupted calling get() on [[method=CloudFilesAsyncClient.removeObject, request=DELETE https://storage101.dfw1.clouddrive.com/v1/MossoCloudFS_dc1f419c-5059-4c87-a389-3f2e33a77b22/adriancole-blobstore3/81 HTTP/1.1]], so could not run listeners
	at org.jclouds.concurrent.Futures$CallGetAndRunExecutionList.run(Futures.java:66)
	at java.util.concurrent.ThreadPoolExecutor$Worker.runTask(ThreadPoolExecutor.java:886)
	at java.util.concurrent.ThreadPoolExecutor$Worker.run(ThreadPoolExecutor.java:908)
	at java.lang.Thread.run(Thread.java:680)
Caused by: java.lang.InterruptedException
	at java.util.concurrent.locks.AbstractQueuedSynchronizer.doAcquireSharedInterruptibly(AbstractQueuedSynchronizer.java:979)
	at java.util.concurrent.locks.AbstractQueuedSynchronizer.acquireSharedInterruptibly(AbstractQueuedSynchronizer.java:1281)
	at java.util.concurrent.FutureTask$Sync.innerGet(FutureTask.java:218)
	at java.util.concurrent.FutureTask.get(FutureTask.java:83)
	at org.jclouds.concurrent.config.DescribedFuture.get(DescribedFuture.java:45)
	at org.jclouds.concurrent.Futures$CallGetAndRunExecutionList.run(Futures.java:59)
	... 3 more
Caused by: java.util.concurrent.ExecutionException: task submitted from the following trace
	at org.jclouds.concurrent.config.DescribedFuture.ensureCauseHasSubmissionTrace(DescribedFuture.java:78)
	at org.jclouds.concurrent.config.DescribedFuture.get(DescribedFuture.java:49)
	... 4 more
unable to delete container adriancole-blobstore3, ignoring...
java.lang.RuntimeException: java.util.concurrent.TimeoutException: clearing container adriancole-blobstore3 recursively, completed: 0/1, errors: 0, rate: 1133ms/op
	at com.google.common.base.Throwables.propagate(Throwables.java:160)
	at org.jclouds.concurrent.FutureIterables.awaitCompletion(FutureIterables.java:170)
	at org.jclouds.blobstore.strategy.internal.DeleteAllKeysInList.execute(DeleteAllKeysInList.java:152)
	at org.jclouds.blobstore.util.internal.BlobUtilsImpl.clearContainer(BlobUtilsImpl.java:81)
	at org.jclouds.blobstore.internal.BaseBlobStore.clearContainer(BaseBlobStore.java:158)
	at org.jclouds.blobstore.internal.BaseBlobStore$1.get(BaseBlobStore.java:202)
	at org.jclouds.blobstore.internal.BaseBlobStore$1.get(BaseBlobStore.java:199)
	at org.jclouds.util.Assertions.eventuallyTrue(Assertions.java:33)
	at org.jclouds.blobstore.internal.BaseBlobStore.clearAndDeleteContainer(BaseBlobStore.java:199)
	at org.jclouds.blobstore.internal.BaseBlobStore.deleteContainer(BaseBlobStore.java:194)
	at sun.reflect.GeneratedMethodAccessor32.invoke(Unknown Source)
	at sun.reflect.DelegatingMethodAccessorImpl.invoke(DelegatingMethodAccessorImpl.java:25)
	at java.lang.reflect.Method.invoke(Method.java:597)
	at com.google.inject.internal.DelegatingInvocationHandler.invoke(DelegatingInvocationHandler.java:37)
	at $Proxy81.deleteContainer(Unknown Source)
	at org.jclouds.blobstore.integration.internal.BaseBlobStoreIntegrationTest.deleteContainerOrWarnIfUnable(BaseBlobStoreIntegrationTest.java:171)
	at org.jclouds.blobstore.integration.internal.BaseBlobStoreIntegrationTest.access$1100(BaseBlobStoreIntegrationTest.java:66)
	at org.jclouds.blobstore.integration.internal.BaseBlobStoreIntegrationTest$11.run(BaseBlobStoreIntegrationTest.java:496)
	at java.util.concurrent.Executors$RunnableAdapter.call(Executors.java:441)
	at java.util.concurrent.FutureTask$Sync.innerRun(FutureTask.java:303)
	at java.util.concurrent.FutureTask.run(FutureTask.java:138)
	at java.util.concurrent.ThreadPoolExecutor$Worker.runTask(ThreadPoolExecutor.java:886)
	at java.util.concurrent.ThreadPoolExecutor$Worker.run(ThreadPoolExecutor.java:908)
	at java.lang.Thread.run(Thread.java:680)
Caused by: java.util.concurrent.TimeoutException: clearing container adriancole-blobstore3 recursively, completed: 0/1, errors: 0, rate: 1133ms/op
	at org.jclouds.concurrent.FutureIterables.awaitCompletion(FutureIterables.java:168)
	... 22 more
Exception in thread "user thread 66" java.lang.IllegalStateException: interrupted calling get() on [[method=CloudFilesAsyncClient.containerExists, request=HEAD https://storage101.dfw1.clouddrive.com/v1/MossoCloudFS_dc1f419c-5059-4c87-a389-3f2e33a77b22/adriancole-blobstore3-2720110492722045677 HTTP/1.1]], so could not run listeners
	at org.jclouds.concurrent.Futures$CallGetAndRunExecutionList.run(Futures.java:66)
	at java.util.concurrent.ThreadPoolExecutor$Worker.runTask(ThreadPoolExecutor.java:886)
	at java.util.concurrent.ThreadPoolExecutor$Worker.run(ThreadPoolExecutor.java:908)
	at java.lang.Thread.run(Thread.java:680)
Caused by: java.lang.InterruptedException
	at java.util.concurrent.locks.AbstractQueuedSynchronizer.doAcquireSharedInterruptibly(AbstractQueuedSynchronizer.java:979)
	at java.util.concurrent.locks.AbstractQueuedSynchronizer.acquireSharedInterruptibly(AbstractQueuedSynchronizer.java:1281)
	at java.util.concurrent.FutureTask$Sync.innerGet(FutureTask.java:218)
	at java.util.concurrent.FutureTask.get(FutureTask.java:83)
	at org.jclouds.concurrent.config.DescribedFuture.get(DescribedFuture.java:45)
	at org.jclouds.concurrent.Futures$CallGetAndRunExecutionList.run(Futures.java:59)
	... 3 more
Caused by: java.util.concurrent.ExecutionException: task submitted from the following trace
	at org.jclouds.concurrent.config.DescribedFuture.ensureCauseHasSubmissionTrace(DescribedFuture.java:78)
	at org.jclouds.concurrent.config.DescribedFuture.get(DescribedFuture.java:49)
	... 4 more
Starting test testCDNOperations(org.jclouds.rackspace.cloudfiles.CloudFilesUSClientLiveTest)
*** allocated new container adriancole-blobstore4...
*** allocated new container adriancole-blobstore5...
[TestNG] Test testCDNOperations(org.jclouds.rackspace.cloudfiles.CloudFilesUSClientLiveTest) succeeded: 8960ms
Test suite progress: tests succeeded: 84, failed: 3, skipped: 2.
Starting test deleteContainerIfEmptyNotFound(org.jclouds.rackspace.cloudfiles.CloudFilesUSClientLiveTest)
[TestNG] Test deleteContainerIfEmptyNotFound(org.jclouds.rackspace.cloudfiles.CloudFilesUSClientLiveTest) succeeded: 282ms
Test suite progress: tests succeeded: 85, failed: 3, skipped: 2.
Starting test testCopyObjectOperations(org.jclouds.rackspace.cloudfiles.CloudFilesUSClientLiveTest)
[TestNG] Test testCopyObjectOperations(org.jclouds.rackspace.cloudfiles.CloudFilesUSClientLiveTest) succeeded: 6272ms
Test suite progress: tests succeeded: 86, failed: 3, skipped: 2.
Starting test testHeadAccountMetadata(org.jclouds.rackspace.cloudfiles.CloudFilesUSClientLiveTest)
[TestNG] Test testHeadAccountMetadata(org.jclouds.rackspace.cloudfiles.CloudFilesUSClientLiveTest) succeeded: 2356ms
Test suite progress: tests succeeded: 87, failed: 3, skipped: 2.
Starting test testListContainerPath(org.jclouds.rackspace.cloudfiles.CloudFilesUSClientLiveTest)
[TestNG] Test testListContainerPath(org.jclouds.rackspace.cloudfiles.CloudFilesUSClientLiveTest) succeeded: 6300ms
Test suite progress: tests succeeded: 88, failed: 3, skipped: 2.
Starting test testListOwnedContainers(org.jclouds.rackspace.cloudfiles.CloudFilesUSClientLiveTest)
[TestNG] Test testListOwnedContainers(org.jclouds.rackspace.cloudfiles.CloudFilesUSClientLiveTest) succeeded: 4407ms
Test suite progress: tests succeeded: 89, failed: 3, skipped: 2.
Starting test testObjectOperations(org.jclouds.rackspace.cloudfiles.CloudFilesUSClientLiveTest)
[TestNG] Test testObjectOperations(org.jclouds.rackspace.cloudfiles.CloudFilesUSClientLiveTest) succeeded: 16976ms
Test suite progress: tests succeeded: 90, failed: 3, skipped: 2.
Starting test testPutContainers(org.jclouds.rackspace.cloudfiles.CloudFilesUSClientLiveTest)
[TestNG] Test testPutContainers(org.jclouds.rackspace.cloudfiles.CloudFilesUSClientLiveTest) succeeded: 2818ms
Test suite progress: tests succeeded: 91, failed: 3, skipped: 2.
Tests run: 96, Failures: 3, Errors: 0, Skipped: 2, Time elapsed: 627.732 sec <<< FAILURE!

Results :

Failed tests:   testCreateBlobWithExpiry(org.jclouds.rackspace.cloudfiles.blobstore.integration.CloudFilesUSBlobIntegrationLiveTest): expires=null; expected=Sun Sep 09 15:27:48 PDT 2012
  testPutMoreThanSingleListing(org.jclouds.rackspace.cloudfiles.blobstore.integration.CloudFilesUSInputStreamMapIntegrationLiveTest): expected:<101> but was:<100>
  testKeySet(org.jclouds.rackspace.cloudfiles.blobstore.integration.CloudFilesUSInputStreamMapIntegrationLiveTest): toMatch has less keys than expected. missing: [one]

Tests run: 96, Failures: 3, Errors: 0, Skipped: 2

[INFO] ------------------------------------------------------------------------
[INFO] BUILD FAILURE
[INFO] ------------------------------------------------------------------------
[INFO] Total time: 10:37.369s
[INFO] Finished at: Sun Sep 09 15:36:00 PDT 2012
[INFO] Final Memory: 17M/125M
[INFO] ------------------------------------------------------------------------
[ERROR] Failed to execute goal org.apache.maven.plugins:maven-surefire-plugin:2.12:test (integration) on project cloudfiles-us: There are test failures.
[ERROR] 
[ERROR] Please refer to /Users/adriancole/git/jclouds/providers/cloudfiles-us/target/surefire-reports for the individual test results.
[ERROR] -> [Help 1]
[ERROR] 
[ERROR] To see the full stack trace of the errors, re-run Maven with the -e switch.
[ERROR] Re-run Maven using the -X switch to enable full debug logging.
[ERROR] 
[ERROR] For more information about the errors and possible solutions, please read the following articles:
[ERROR] [Help 1] http://cwiki.apache.org/confluence/display/MAVEN/MojoFailureException
