[INFO] Scanning for projects...
[WARNING] 
[WARNING] Some problems were encountered while building the effective model for org.jclouds.provider:elastichosts-lon-b:bundle:1.5.0-SNAPSHOT
[WARNING] 'parent.relativePath' of POM org.jclouds:jclouds-project:1.5.0-SNAPSHOT (/Users/adriancole/workspace/git/jclouds/project/pom.xml) points at org.jclouds:jclouds-multi instead of org.sonatype.oss:oss-parent, please verify your project structure @ org.jclouds:jclouds-project:1.5.0-SNAPSHOT, /Users/adriancole/workspace/git/jclouds/project/pom.xml, line 24, column 13
[WARNING] 
[WARNING] It is highly recommended to fix these problems because they threaten the stability of your build.
[WARNING] 
[WARNING] For this reason, future Maven versions might no longer support building such malformed projects.
[WARNING] 
[INFO]                                                                         
[INFO] ------------------------------------------------------------------------
[INFO] Building jclouds ElasticHosts BlueSquare London provider 1.5.0-SNAPSHOT
[INFO] ------------------------------------------------------------------------
[INFO] 
[INFO] --- maven-clean-plugin:2.4.1:clean (default-clean) @ elastichosts-lon-b ---
[INFO] Deleting /Users/adriancole/workspace/git/jclouds/providers/elastichosts-lon-b/target
[INFO] 
[INFO] --- maven-enforcer-plugin:1.0.1:enforce (enforce-maven) @ elastichosts-lon-b ---
[INFO] 
[INFO] --- maven-enforcer-plugin:1.0.1:enforce (enforce-banned-dependencies) @ elastichosts-lon-b ---
[INFO] 
[INFO] --- maven-enforcer-plugin:1.0.1:enforce (enforce-java) @ elastichosts-lon-b ---
[INFO] 
[INFO] --- maven-remote-resources-plugin:1.2.1:process (process-remote-resources) @ elastichosts-lon-b ---
[INFO] 
[INFO] --- maven-resources-plugin:2.5:resources (default-resources) @ elastichosts-lon-b ---
[debug] execute contextualize
[INFO] Using 'UTF-8' encoding to copy filtered resources.
[INFO] skip non existing resourceDirectory /Users/adriancole/workspace/git/jclouds/providers/elastichosts-lon-b/src/main/clojure
[INFO] Copying 2 resources
[INFO] Copying 2 resources
[INFO] 
[INFO] --- maven-compiler-plugin:2.3.2:compile (default-compile) @ elastichosts-lon-b ---
[INFO] Compiling 1 source file to /Users/adriancole/workspace/git/jclouds/providers/elastichosts-lon-b/target/classes
[INFO] 
[INFO] --- maven-resources-plugin:2.5:testResources (default-testResources) @ elastichosts-lon-b ---
[debug] execute contextualize
[INFO] Using 'UTF-8' encoding to copy filtered resources.
[INFO] skip non existing resourceDirectory /Users/adriancole/workspace/git/jclouds/providers/elastichosts-lon-b/src/test/clojure
[INFO] skip non existing resourceDirectory /Users/adriancole/workspace/git/jclouds/providers/elastichosts-lon-b/src/test/resources
[INFO] Copying 2 resources
[INFO] 
[INFO] --- maven-compiler-plugin:2.3.2:testCompile (default-testCompile) @ elastichosts-lon-b ---
[INFO] Compiling 4 source files to /Users/adriancole/workspace/git/jclouds/providers/elastichosts-lon-b/target/test-classes
[INFO] 
[INFO] --- maven-surefire-plugin:2.12:test (default-test) @ elastichosts-lon-b ---
[INFO] Surefire report directory: /Users/adriancole/workspace/git/jclouds/providers/elastichosts-lon-b/target/surefire-reports
[INFO] Using configured provider org.apache.maven.surefire.testng.TestNGProvider

-------------------------------------------------------
 T E S T S
-------------------------------------------------------
Running org.jclouds.elastichosts.ElasticHostsBlueSquareLondonProviderTest
Configuring TestNG with: org.apache.maven.surefire.testng.conf.TestNGMapConfigurator@5ca352a5
Starting test testAllContains(org.jclouds.elastichosts.ElasticHostsBlueSquareLondonProviderTest)
[pool-2-thread-1] Test testAllContains(org.jclouds.elastichosts.ElasticHostsBlueSquareLondonProviderTest) succeeded: 11ms
Test suite progress: tests succeeded: 1, failed: 0, skipped: 0.
Starting test testOfApiContains(org.jclouds.elastichosts.ElasticHostsBlueSquareLondonProviderTest)
[pool-2-thread-2] Test testOfApiContains(org.jclouds.elastichosts.ElasticHostsBlueSquareLondonProviderTest) succeeded: 4ms
Test suite progress: tests succeeded: 2, failed: 0, skipped: 0.
Starting test testTransformableToContains(org.jclouds.elastichosts.ElasticHostsBlueSquareLondonProviderTest)
Starting test testWithId(org.jclouds.elastichosts.ElasticHostsBlueSquareLondonProviderTest)
[pool-2-thread-3] Test testTransformableToContains(org.jclouds.elastichosts.ElasticHostsBlueSquareLondonProviderTest) succeeded: 5ms
Test suite progress: tests succeeded: 3, failed: 0, skipped: 0.
[pool-2-thread-4] Test testWithId(org.jclouds.elastichosts.ElasticHostsBlueSquareLondonProviderTest) succeeded: 9ms
Test suite progress: tests succeeded: 4, failed: 0, skipped: 0.
Tests run: 4, Failures: 0, Errors: 0, Skipped: 0, Time elapsed: 0.99 sec

Results :

Tests run: 4, Failures: 0, Errors: 0, Skipped: 0

[INFO] 
[INFO] --- clojure-maven-plugin:1.3.9:test (test-clojure) @ elastichosts-lon-b ---

Testing com.theoryinpractise.clojure.testrunner

Ran 0 tests containing 0 assertions.
0 failures, 0 errors.
[INFO] 
[INFO] --- maven-bundle-plugin:2.3.7:bundle (default-bundle) @ elastichosts-lon-b ---
[INFO] 
[INFO] --- maven-source-plugin:2.1.2:jar-no-fork (attach-sources) @ elastichosts-lon-b ---
[INFO] META-INF already added, skipping
[INFO] META-INF already added, skipping
[INFO] META-INF/LICENSE.txt already added, skipping
[INFO] META-INF/NOTICE.txt already added, skipping
[INFO] Building jar: /Users/adriancole/workspace/git/jclouds/providers/elastichosts-lon-b/target/elastichosts-lon-b-1.5.0-SNAPSHOT-sources.jar
[INFO] META-INF already added, skipping
[INFO] META-INF already added, skipping
[INFO] META-INF/LICENSE.txt already added, skipping
[INFO] META-INF/NOTICE.txt already added, skipping
[INFO] 
[INFO] --- maven-javadoc-plugin:2.8.1:jar (javadoc) @ elastichosts-lon-b ---
[INFO] Skipping javadoc generation
[INFO] 
[INFO] --- maven-jar-plugin:2.4:test-jar (default) @ elastichosts-lon-b ---
[INFO] Building jar: /Users/adriancole/workspace/git/jclouds/providers/elastichosts-lon-b/target/elastichosts-lon-b-1.5.0-SNAPSHOT-tests.jar
[INFO] 
[INFO] --- maven-surefire-plugin:2.12:test (integration) @ elastichosts-lon-b ---
[INFO] Surefire report directory: /Users/adriancole/workspace/git/jclouds/providers/elastichosts-lon-b/target/surefire-reports
[INFO] Using configured provider org.apache.maven.surefire.testng.TestNGProvider

-------------------------------------------------------
 T E S T S
-------------------------------------------------------
Running TestSuite
Configuring TestNG with: org.apache.maven.surefire.testng.conf.TestNGMapConfigurator@74b2002f
Starting test testCompareSizes(org.jclouds.elastichosts.compute.ElasticHostsBlueSquareLondonTemplateBuilderLiveTest)
Starting test setServiceDefaults(org.jclouds.elastichosts.compute.ElasticHostsBlueSquareLondonComputeServiceLiveTest)
[TestNG] Test setServiceDefaults(org.jclouds.elastichosts.compute.ElasticHostsBlueSquareLondonComputeServiceLiveTest) succeeded: 0ms
Test suite progress: tests succeeded: 1, failed: 0, skipped: 0.
Starting test testCompareSizes(org.jclouds.elastichosts.compute.ElasticHostsBlueSquareLondonComputeServiceLiveTest)
[TestNG] Test testCompareSizes(org.jclouds.elastichosts.compute.ElasticHostsBlueSquareLondonTemplateBuilderLiveTest) failed.
Test suite progress: tests succeeded: 1, failed: 1, skipped: 0.
Starting test testDefaultTemplateBuilder(org.jclouds.elastichosts.compute.ElasticHostsBlueSquareLondonTemplateBuilderLiveTest)
[TestNG] Test testDefaultTemplateBuilder(org.jclouds.elastichosts.compute.ElasticHostsBlueSquareLondonTemplateBuilderLiveTest) failed.
Test suite progress: tests succeeded: 1, failed: 2, skipped: 0.
Starting test testFromTemplate(org.jclouds.elastichosts.compute.ElasticHostsBlueSquareLondonTemplateBuilderLiveTest)
[TestNG] Test testFromTemplate(org.jclouds.elastichosts.compute.ElasticHostsBlueSquareLondonTemplateBuilderLiveTest) failed.
Test suite progress: tests succeeded: 1, failed: 3, skipped: 0.
Starting test testGetAssignableLocations(org.jclouds.elastichosts.compute.ElasticHostsBlueSquareLondonTemplateBuilderLiveTest)
location [id=elastichosts-lon-b, scope=PROVIDER, description=https://api.lon-b.elastichosts.com, parent=null, iso3166Codes=[GB-LND], metadata={}]
[TestNG] Test testGetAssignableLocations(org.jclouds.elastichosts.compute.ElasticHostsBlueSquareLondonTemplateBuilderLiveTest) succeeded: 4ms
Test suite progress: tests succeeded: 2, failed: 3, skipped: 0.
Starting test testTemplateBuilderCanFind(org.jclouds.elastichosts.compute.ElasticHostsBlueSquareLondonTemplateBuilderLiveTest)
[TestNG] Test testTemplateBuilderCanFind(org.jclouds.elastichosts.compute.ElasticHostsBlueSquareLondonTemplateBuilderLiveTest) failed.
Test suite progress: tests succeeded: 2, failed: 4, skipped: 0.
Starting test testTemplateBuilderCanFind(org.jclouds.elastichosts.compute.ElasticHostsBlueSquareLondonTemplateBuilderLiveTest)
[TestNG] Test testTemplateBuilderCanFind(org.jclouds.elastichosts.compute.ElasticHostsBlueSquareLondonTemplateBuilderLiveTest) failed.
Test suite progress: tests succeeded: 2, failed: 5, skipped: 0.
Starting test testTemplateBuilderCanFind(org.jclouds.elastichosts.compute.ElasticHostsBlueSquareLondonTemplateBuilderLiveTest)
[TestNG] Test testTemplateBuilderCanFind(org.jclouds.elastichosts.compute.ElasticHostsBlueSquareLondonTemplateBuilderLiveTest) failed.
Test suite progress: tests succeeded: 2, failed: 6, skipped: 0.
Starting test testTemplateBuilderCanFind(org.jclouds.elastichosts.compute.ElasticHostsBlueSquareLondonTemplateBuilderLiveTest)
[TestNG] Test testTemplateBuilderCanFind(org.jclouds.elastichosts.compute.ElasticHostsBlueSquareLondonTemplateBuilderLiveTest) failed.
Test suite progress: tests succeeded: 2, failed: 7, skipped: 0.
Starting test testTemplateBuilderCanFind(org.jclouds.elastichosts.compute.ElasticHostsBlueSquareLondonTemplateBuilderLiveTest)
[TestNG] Test testTemplateBuilderCanFind(org.jclouds.elastichosts.compute.ElasticHostsBlueSquareLondonTemplateBuilderLiveTest) failed.
Test suite progress: tests succeeded: 2, failed: 8, skipped: 0.
Starting test testTemplateBuilderCanFind(org.jclouds.elastichosts.compute.ElasticHostsBlueSquareLondonTemplateBuilderLiveTest)
[TestNG] Test testTemplateBuilderCanFind(org.jclouds.elastichosts.compute.ElasticHostsBlueSquareLondonTemplateBuilderLiveTest) failed.
Test suite progress: tests succeeded: 2, failed: 9, skipped: 0.
Starting test testTemplateBuilderCanFind(org.jclouds.elastichosts.compute.ElasticHostsBlueSquareLondonTemplateBuilderLiveTest)
[TestNG] Test testTemplateBuilderCanFind(org.jclouds.elastichosts.compute.ElasticHostsBlueSquareLondonTemplateBuilderLiveTest) failed.
Test suite progress: tests succeeded: 2, failed: 10, skipped: 0.
Starting test testTemplateBuilderCanFind(org.jclouds.elastichosts.compute.ElasticHostsBlueSquareLondonTemplateBuilderLiveTest)
[TestNG] Test testTemplateBuilderCanFind(org.jclouds.elastichosts.compute.ElasticHostsBlueSquareLondonTemplateBuilderLiveTest) failed.
Test suite progress: tests succeeded: 2, failed: 11, skipped: 0.
Starting test testTemplateBuilderCanFind(org.jclouds.elastichosts.compute.ElasticHostsBlueSquareLondonTemplateBuilderLiveTest)
Starting test testCreateDrive(org.jclouds.elastichosts.ElasticHostsBlueSquareLondonClientLiveTest)
[TestNG] Test testCreateDrive(org.jclouds.elastichosts.ElasticHostsBlueSquareLondonClientLiveTest) skipped.
Test suite progress: tests succeeded: 2, failed: 11, skipped: 1.
Starting test testGetDrive(org.jclouds.elastichosts.ElasticHostsBlueSquareLondonClientLiveTest)
[TestNG] Test testGetDrive(org.jclouds.elastichosts.ElasticHostsBlueSquareLondonClientLiveTest) skipped.
Test suite progress: tests succeeded: 2, failed: 11, skipped: 2.
[TestNG] Test testTemplateBuilderCanFind(org.jclouds.elastichosts.compute.ElasticHostsBlueSquareLondonTemplateBuilderLiveTest) failed.
Test suite progress: tests succeeded: 2, failed: 12, skipped: 2.
Starting test testGetServer(org.jclouds.elastichosts.ElasticHostsBlueSquareLondonClientLiveTest)
[TestNG] Test testGetServer(org.jclouds.elastichosts.ElasticHostsBlueSquareLondonClientLiveTest) skipped.
Starting test testTemplateBuilderCanFind(org.jclouds.elastichosts.compute.ElasticHostsBlueSquareLondonTemplateBuilderLiveTest)
Test suite progress: tests succeeded: 2, failed: 12, skipped: 3.
Starting test testListDriveInfo(org.jclouds.elastichosts.ElasticHostsBlueSquareLondonClientLiveTest)
[TestNG] Test testListDriveInfo(org.jclouds.elastichosts.ElasticHostsBlueSquareLondonClientLiveTest) skipped.
Test suite progress: tests succeeded: 2, failed: 12, skipped: 4.
Starting test testListDrives(org.jclouds.elastichosts.ElasticHostsBlueSquareLondonClientLiveTest)
[TestNG] Test testListDrives(org.jclouds.elastichosts.ElasticHostsBlueSquareLondonClientLiveTest) skipped.
Test suite progress: tests succeeded: 2, failed: 12, skipped: 5.
Starting test testListServers(org.jclouds.elastichosts.ElasticHostsBlueSquareLondonClientLiveTest)
[TestNG] Test testListServers(org.jclouds.elastichosts.ElasticHostsBlueSquareLondonClientLiveTest) skipped.
Test suite progress: tests succeeded: 2, failed: 12, skipped: 6.
Starting test testWeCanReadAndWriteToDrive(org.jclouds.elastichosts.ElasticHostsBlueSquareLondonClientLiveTest)
[TestNG] Test testWeCanReadAndWriteToDrive(org.jclouds.elastichosts.ElasticHostsBlueSquareLondonClientLiveTest) skipped.
Test suite progress: tests succeeded: 2, failed: 12, skipped: 7.
Starting test testListServerInfo(org.jclouds.elastichosts.ElasticHostsBlueSquareLondonClientLiveTest)
[TestNG] Test testListServerInfo(org.jclouds.elastichosts.ElasticHostsBlueSquareLondonClientLiveTest) skipped.
Test suite progress: tests succeeded: 2, failed: 12, skipped: 8.
[TestNG] Test testCompareSizes(org.jclouds.elastichosts.compute.ElasticHostsBlueSquareLondonComputeServiceLiveTest) failed.
Test suite progress: tests succeeded: 2, failed: 13, skipped: 8.
[TestNG] Test testSetDriveData(org.jclouds.elastichosts.ElasticHostsBlueSquareLondonClientLiveTest) skipped.
Test suite progress: tests succeeded: 2, failed: 13, skipped: 9.
[TestNG] Test testWeCopyADriveContentsViaGzip(org.jclouds.elastichosts.ElasticHostsBlueSquareLondonClientLiveTest) skipped.
Test suite progress: tests succeeded: 2, failed: 13, skipped: 10.
[TestNG] Test testCreateAndStartServer(org.jclouds.elastichosts.ElasticHostsBlueSquareLondonClientLiveTest) skipped.
Test suite progress: tests succeeded: 2, failed: 13, skipped: 11.
[TestNG] Test testConnectivity(org.jclouds.elastichosts.ElasticHostsBlueSquareLondonClientLiveTest) skipped.
Test suite progress: tests succeeded: 2, failed: 13, skipped: 12.
[TestNG] Test testLifeCycle(org.jclouds.elastichosts.ElasticHostsBlueSquareLondonClientLiveTest) skipped.
Test suite progress: tests succeeded: 2, failed: 13, skipped: 13.
[TestNG] Test testSetServerConfiguration(org.jclouds.elastichosts.ElasticHostsBlueSquareLondonClientLiveTest) skipped.
Test suite progress: tests succeeded: 2, failed: 13, skipped: 14.
[TestNG] Test testDestroyServer(org.jclouds.elastichosts.ElasticHostsBlueSquareLondonClientLiveTest) skipped.
Test suite progress: tests succeeded: 2, failed: 13, skipped: 15.
[TestNG] Test testDestroyDrive(org.jclouds.elastichosts.ElasticHostsBlueSquareLondonClientLiveTest) skipped.
Test suite progress: tests succeeded: 2, failed: 13, skipped: 16.
[TestNG] Test testTemplateBuilderCanFind(org.jclouds.elastichosts.compute.ElasticHostsBlueSquareLondonTemplateBuilderLiveTest) failed.
Test suite progress: tests succeeded: 2, failed: 14, skipped: 16.
Starting test testCorrectAuthException(org.jclouds.elastichosts.compute.ElasticHostsBlueSquareLondonComputeServiceLiveTest)
Starting test testTemplateBuilderCanUseImageId(org.jclouds.elastichosts.compute.ElasticHostsBlueSquareLondonTemplateBuilderLiveTest)
[TestNG] Test testTemplateBuilderCanUseImageId(org.jclouds.elastichosts.compute.ElasticHostsBlueSquareLondonTemplateBuilderLiveTest) failed.
Test suite progress: tests succeeded: 2, failed: 15, skipped: 16.
Starting test testTemplateBuilderCannotFind(org.jclouds.elastichosts.compute.ElasticHostsBlueSquareLondonTemplateBuilderLiveTest)
[TestNG] Test testTemplateBuilderCannotFind(org.jclouds.elastichosts.compute.ElasticHostsBlueSquareLondonTemplateBuilderLiveTest) failed.
Test suite progress: tests succeeded: 2, failed: 16, skipped: 16.
Starting test testTemplateBuilderCannotFind(org.jclouds.elastichosts.compute.ElasticHostsBlueSquareLondonTemplateBuilderLiveTest)
[TestNG] Test testTemplateBuilderCannotFind(org.jclouds.elastichosts.compute.ElasticHostsBlueSquareLondonTemplateBuilderLiveTest) failed.
Test suite progress: tests succeeded: 2, failed: 17, skipped: 16.
Starting test testTemplateBuilderCannotFind(org.jclouds.elastichosts.compute.ElasticHostsBlueSquareLondonTemplateBuilderLiveTest)
[TestNG] Test testTemplateBuilderCannotFind(org.jclouds.elastichosts.compute.ElasticHostsBlueSquareLondonTemplateBuilderLiveTest) failed.
Test suite progress: tests succeeded: 2, failed: 18, skipped: 16.
Starting test testTemplateBuilderCannotFind(org.jclouds.elastichosts.compute.ElasticHostsBlueSquareLondonTemplateBuilderLiveTest)
[TestNG] Test testTemplateBuilderCannotFind(org.jclouds.elastichosts.compute.ElasticHostsBlueSquareLondonTemplateBuilderLiveTest) failed.
Test suite progress: tests succeeded: 2, failed: 19, skipped: 16.
Starting test testTemplateBuilderCannotFind(org.jclouds.elastichosts.compute.ElasticHostsBlueSquareLondonTemplateBuilderLiveTest)
[TestNG] Test testTemplateBuilderCannotFind(org.jclouds.elastichosts.compute.ElasticHostsBlueSquareLondonTemplateBuilderLiveTest) failed.
Test suite progress: tests succeeded: 2, failed: 20, skipped: 16.
Starting test testTemplateBuilderCannotFind(org.jclouds.elastichosts.compute.ElasticHostsBlueSquareLondonTemplateBuilderLiveTest)
[TestNG] Test testTemplateBuilderCannotFind(org.jclouds.elastichosts.compute.ElasticHostsBlueSquareLondonTemplateBuilderLiveTest) failed.
Test suite progress: tests succeeded: 2, failed: 21, skipped: 16.
Starting test testTemplateBuilderCannotFind(org.jclouds.elastichosts.compute.ElasticHostsBlueSquareLondonTemplateBuilderLiveTest)
[TestNG] Test testTemplateBuilderCannotFind(org.jclouds.elastichosts.compute.ElasticHostsBlueSquareLondonTemplateBuilderLiveTest) failed.
Test suite progress: tests succeeded: 2, failed: 22, skipped: 16.
Starting test testTemplateBuilderCannotFind(org.jclouds.elastichosts.compute.ElasticHostsBlueSquareLondonTemplateBuilderLiveTest)
[TestNG] Test testTemplateBuilderCannotFind(org.jclouds.elastichosts.compute.ElasticHostsBlueSquareLondonTemplateBuilderLiveTest) failed.
Test suite progress: tests succeeded: 2, failed: 23, skipped: 16.
Starting test testTemplateBuilderCannotFind(org.jclouds.elastichosts.compute.ElasticHostsBlueSquareLondonTemplateBuilderLiveTest)
[TestNG] Test testTemplateBuilderCannotFind(org.jclouds.elastichosts.compute.ElasticHostsBlueSquareLondonTemplateBuilderLiveTest) failed.
Test suite progress: tests succeeded: 2, failed: 24, skipped: 16.
Starting test testTemplateBuilderCannotFind(org.jclouds.elastichosts.compute.ElasticHostsBlueSquareLondonTemplateBuilderLiveTest)
[TestNG] Test testTemplateBuilderCannotFind(org.jclouds.elastichosts.compute.ElasticHostsBlueSquareLondonTemplateBuilderLiveTest) failed.
Test suite progress: tests succeeded: 2, failed: 25, skipped: 16.
Starting test testTemplateBuilderCannotFind(org.jclouds.elastichosts.compute.ElasticHostsBlueSquareLondonTemplateBuilderLiveTest)
[TestNG] Test testTemplateBuilderCannotFind(org.jclouds.elastichosts.compute.ElasticHostsBlueSquareLondonTemplateBuilderLiveTest) failed.
Test suite progress: tests succeeded: 2, failed: 26, skipped: 16.
Starting test testTemplateBuilderCannotFind(org.jclouds.elastichosts.compute.ElasticHostsBlueSquareLondonTemplateBuilderLiveTest)
[TestNG] Test testTemplateBuilderCannotFind(org.jclouds.elastichosts.compute.ElasticHostsBlueSquareLondonTemplateBuilderLiveTest) failed.
Test suite progress: tests succeeded: 2, failed: 27, skipped: 16.
Starting test testTemplateBuilderCannotFind(org.jclouds.elastichosts.compute.ElasticHostsBlueSquareLondonTemplateBuilderLiveTest)
[TestNG] Test testTemplateBuilderCannotFind(org.jclouds.elastichosts.compute.ElasticHostsBlueSquareLondonTemplateBuilderLiveTest) failed.
Test suite progress: tests succeeded: 2, failed: 28, skipped: 16.
Starting test testTemplateBuilderCannotFind(org.jclouds.elastichosts.compute.ElasticHostsBlueSquareLondonTemplateBuilderLiveTest)
[TestNG] Test testTemplateBuilderCannotFind(org.jclouds.elastichosts.compute.ElasticHostsBlueSquareLondonTemplateBuilderLiveTest) failed.
Test suite progress: tests succeeded: 2, failed: 29, skipped: 16.
Starting test testTemplateBuilderCannotFind(org.jclouds.elastichosts.compute.ElasticHostsBlueSquareLondonTemplateBuilderLiveTest)
[TestNG] Test testTemplateBuilderCannotFind(org.jclouds.elastichosts.compute.ElasticHostsBlueSquareLondonTemplateBuilderLiveTest) failed.
Test suite progress: tests succeeded: 2, failed: 30, skipped: 16.
Starting test testTemplateBuilderCannotFind(org.jclouds.elastichosts.compute.ElasticHostsBlueSquareLondonTemplateBuilderLiveTest)
[TestNG] Test testTemplateBuilderCannotFind(org.jclouds.elastichosts.compute.ElasticHostsBlueSquareLondonTemplateBuilderLiveTest) failed.
Test suite progress: tests succeeded: 2, failed: 31, skipped: 16.
Starting test testTemplateBuilderCannotFind(org.jclouds.elastichosts.compute.ElasticHostsBlueSquareLondonTemplateBuilderLiveTest)
[TestNG] Test testTemplateBuilderCannotFind(org.jclouds.elastichosts.compute.ElasticHostsBlueSquareLondonTemplateBuilderLiveTest) failed.
Test suite progress: tests succeeded: 2, failed: 32, skipped: 16.
Starting test testTemplateBuilderCannotFind(org.jclouds.elastichosts.compute.ElasticHostsBlueSquareLondonTemplateBuilderLiveTest)
[TestNG] Test testTemplateBuilderCannotFind(org.jclouds.elastichosts.compute.ElasticHostsBlueSquareLondonTemplateBuilderLiveTest) failed.
Test suite progress: tests succeeded: 2, failed: 33, skipped: 16.
Starting test testTemplateBuilderCannotFind(org.jclouds.elastichosts.compute.ElasticHostsBlueSquareLondonTemplateBuilderLiveTest)
[TestNG] Test testTemplateBuilderCannotFind(org.jclouds.elastichosts.compute.ElasticHostsBlueSquareLondonTemplateBuilderLiveTest) failed.
Test suite progress: tests succeeded: 2, failed: 34, skipped: 16.
Starting test testTemplateBuilderCannotFind(org.jclouds.elastichosts.compute.ElasticHostsBlueSquareLondonTemplateBuilderLiveTest)
[TestNG] Test testTemplateBuilderCannotFind(org.jclouds.elastichosts.compute.ElasticHostsBlueSquareLondonTemplateBuilderLiveTest) failed.
Test suite progress: tests succeeded: 2, failed: 35, skipped: 16.
Starting test testTemplateBuilderCannotFind(org.jclouds.elastichosts.compute.ElasticHostsBlueSquareLondonTemplateBuilderLiveTest)
[TestNG] Test testTemplateBuilderCannotFind(org.jclouds.elastichosts.compute.ElasticHostsBlueSquareLondonTemplateBuilderLiveTest) failed.
Test suite progress: tests succeeded: 2, failed: 36, skipped: 16.
Starting test testTemplateBuilderCannotFind(org.jclouds.elastichosts.compute.ElasticHostsBlueSquareLondonTemplateBuilderLiveTest)
[TestNG] Test testTemplateBuilderCannotFind(org.jclouds.elastichosts.compute.ElasticHostsBlueSquareLondonTemplateBuilderLiveTest) failed.
Test suite progress: tests succeeded: 2, failed: 37, skipped: 16.
Starting test testTemplateBuilderCannotFind(org.jclouds.elastichosts.compute.ElasticHostsBlueSquareLondonTemplateBuilderLiveTest)
[TestNG] Test testTemplateBuilderCannotFind(org.jclouds.elastichosts.compute.ElasticHostsBlueSquareLondonTemplateBuilderLiveTest) failed.
Test suite progress: tests succeeded: 2, failed: 38, skipped: 16.
Starting test testTemplateBuilderCannotFind(org.jclouds.elastichosts.compute.ElasticHostsBlueSquareLondonTemplateBuilderLiveTest)
[TestNG] Test testTemplateBuilderCannotFind(org.jclouds.elastichosts.compute.ElasticHostsBlueSquareLondonTemplateBuilderLiveTest) failed.
Test suite progress: tests succeeded: 2, failed: 39, skipped: 16.
Starting test testTemplateBuilderCannotFind(org.jclouds.elastichosts.compute.ElasticHostsBlueSquareLondonTemplateBuilderLiveTest)
[TestNG] Test testTemplateBuilderCannotFind(org.jclouds.elastichosts.compute.ElasticHostsBlueSquareLondonTemplateBuilderLiveTest) failed.
Test suite progress: tests succeeded: 2, failed: 40, skipped: 16.
Starting test testTemplateBuilderCannotFind(org.jclouds.elastichosts.compute.ElasticHostsBlueSquareLondonTemplateBuilderLiveTest)
[TestNG] Test testTemplateBuilderCannotFind(org.jclouds.elastichosts.compute.ElasticHostsBlueSquareLondonTemplateBuilderLiveTest) failed.
Test suite progress: tests succeeded: 2, failed: 41, skipped: 16.
Starting test testTemplateBuilderCannotFind(org.jclouds.elastichosts.compute.ElasticHostsBlueSquareLondonTemplateBuilderLiveTest)
[TestNG] Test testTemplateBuilderCannotFind(org.jclouds.elastichosts.compute.ElasticHostsBlueSquareLondonTemplateBuilderLiveTest) failed.
Test suite progress: tests succeeded: 2, failed: 42, skipped: 16.
Starting test testTemplateBuilderCannotFind(org.jclouds.elastichosts.compute.ElasticHostsBlueSquareLondonTemplateBuilderLiveTest)
[TestNG] Test testTemplateBuilderCannotFind(org.jclouds.elastichosts.compute.ElasticHostsBlueSquareLondonTemplateBuilderLiveTest) failed.
Test suite progress: tests succeeded: 2, failed: 43, skipped: 16.
Starting test testTemplateBuilderCannotFind(org.jclouds.elastichosts.compute.ElasticHostsBlueSquareLondonTemplateBuilderLiveTest)
[TestNG] Test testTemplateBuilderCannotFind(org.jclouds.elastichosts.compute.ElasticHostsBlueSquareLondonTemplateBuilderLiveTest) failed.
Test suite progress: tests succeeded: 2, failed: 44, skipped: 16.
Starting test testTemplateBuilderCannotFind(org.jclouds.elastichosts.compute.ElasticHostsBlueSquareLondonTemplateBuilderLiveTest)
[TestNG] Test testTemplateBuilderCannotFind(org.jclouds.elastichosts.compute.ElasticHostsBlueSquareLondonTemplateBuilderLiveTest) failed.
Test suite progress: tests succeeded: 2, failed: 45, skipped: 16.
Starting test testTemplateBuilderCannotFind(org.jclouds.elastichosts.compute.ElasticHostsBlueSquareLondonTemplateBuilderLiveTest)
[TestNG] Test testTemplateBuilderCannotFind(org.jclouds.elastichosts.compute.ElasticHostsBlueSquareLondonTemplateBuilderLiveTest) failed.
Test suite progress: tests succeeded: 2, failed: 46, skipped: 16.
Starting test testTemplateBuilderCannotFind(org.jclouds.elastichosts.compute.ElasticHostsBlueSquareLondonTemplateBuilderLiveTest)
[TestNG] Test testTemplateBuilderCannotFind(org.jclouds.elastichosts.compute.ElasticHostsBlueSquareLondonTemplateBuilderLiveTest) failed.
Test suite progress: tests succeeded: 2, failed: 47, skipped: 16.
Starting test testTemplateBuilderCannotFind(org.jclouds.elastichosts.compute.ElasticHostsBlueSquareLondonTemplateBuilderLiveTest)
[TestNG] Test testTemplateBuilderCannotFind(org.jclouds.elastichosts.compute.ElasticHostsBlueSquareLondonTemplateBuilderLiveTest) failed.
Test suite progress: tests succeeded: 2, failed: 48, skipped: 16.
Starting test testTemplateBuilderCannotFind(org.jclouds.elastichosts.compute.ElasticHostsBlueSquareLondonTemplateBuilderLiveTest)
[TestNG] Test testTemplateBuilderCannotFind(org.jclouds.elastichosts.compute.ElasticHostsBlueSquareLondonTemplateBuilderLiveTest) failed.
Test suite progress: tests succeeded: 2, failed: 49, skipped: 16.
Starting test testTemplateBuilderCannotFind(org.jclouds.elastichosts.compute.ElasticHostsBlueSquareLondonTemplateBuilderLiveTest)
[TestNG] Test testTemplateBuilderCannotFind(org.jclouds.elastichosts.compute.ElasticHostsBlueSquareLondonTemplateBuilderLiveTest) failed.
Test suite progress: tests succeeded: 2, failed: 50, skipped: 16.
Starting test testTemplateBuilderCannotFind(org.jclouds.elastichosts.compute.ElasticHostsBlueSquareLondonTemplateBuilderLiveTest)
[TestNG] Test testTemplateBuilderCannotFind(org.jclouds.elastichosts.compute.ElasticHostsBlueSquareLondonTemplateBuilderLiveTest) failed.
Test suite progress: tests succeeded: 2, failed: 51, skipped: 16.
Starting test testTemplateBuilderCannotFind(org.jclouds.elastichosts.compute.ElasticHostsBlueSquareLondonTemplateBuilderLiveTest)
[TestNG] Test testTemplateBuilderCannotFind(org.jclouds.elastichosts.compute.ElasticHostsBlueSquareLondonTemplateBuilderLiveTest) failed.
Test suite progress: tests succeeded: 2, failed: 52, skipped: 16.
Starting test testTemplateBuilderCannotFind(org.jclouds.elastichosts.compute.ElasticHostsBlueSquareLondonTemplateBuilderLiveTest)
[TestNG] Test testTemplateBuilderCannotFind(org.jclouds.elastichosts.compute.ElasticHostsBlueSquareLondonTemplateBuilderLiveTest) failed.
Test suite progress: tests succeeded: 2, failed: 53, skipped: 16.
Starting test testTemplateBuilderCannotFind(org.jclouds.elastichosts.compute.ElasticHostsBlueSquareLondonTemplateBuilderLiveTest)
[TestNG] Test testTemplateBuilderCannotFind(org.jclouds.elastichosts.compute.ElasticHostsBlueSquareLondonTemplateBuilderLiveTest) failed.
Test suite progress: tests succeeded: 2, failed: 54, skipped: 16.
Starting test testTemplateBuilderCannotFind(org.jclouds.elastichosts.compute.ElasticHostsBlueSquareLondonTemplateBuilderLiveTest)
[TestNG] Test testTemplateBuilderCannotFind(org.jclouds.elastichosts.compute.ElasticHostsBlueSquareLondonTemplateBuilderLiveTest) failed.
Test suite progress: tests succeeded: 2, failed: 55, skipped: 16.
Starting test testTemplateBuilderCannotFind(org.jclouds.elastichosts.compute.ElasticHostsBlueSquareLondonTemplateBuilderLiveTest)
[TestNG] Test testTemplateBuilderCannotFind(org.jclouds.elastichosts.compute.ElasticHostsBlueSquareLondonTemplateBuilderLiveTest) failed.
Test suite progress: tests succeeded: 2, failed: 56, skipped: 16.
Starting test testTemplateBuilderCannotFind(org.jclouds.elastichosts.compute.ElasticHostsBlueSquareLondonTemplateBuilderLiveTest)
[TestNG] Test testTemplateBuilderCannotFind(org.jclouds.elastichosts.compute.ElasticHostsBlueSquareLondonTemplateBuilderLiveTest) failed.
Test suite progress: tests succeeded: 2, failed: 57, skipped: 16.
Starting test testTemplateBuilderCannotFind(org.jclouds.elastichosts.compute.ElasticHostsBlueSquareLondonTemplateBuilderLiveTest)
[TestNG] Test testTemplateBuilderCannotFind(org.jclouds.elastichosts.compute.ElasticHostsBlueSquareLondonTemplateBuilderLiveTest) failed.
Test suite progress: tests succeeded: 2, failed: 58, skipped: 16.
Starting test testTemplateBuilderCannotFind(org.jclouds.elastichosts.compute.ElasticHostsBlueSquareLondonTemplateBuilderLiveTest)
[TestNG] Test testTemplateBuilderCannotFind(org.jclouds.elastichosts.compute.ElasticHostsBlueSquareLondonTemplateBuilderLiveTest) failed.
Test suite progress: tests succeeded: 2, failed: 59, skipped: 16.
Starting test testTemplateBuilderCannotFind(org.jclouds.elastichosts.compute.ElasticHostsBlueSquareLondonTemplateBuilderLiveTest)
[TestNG] Test testTemplateBuilderCannotFind(org.jclouds.elastichosts.compute.ElasticHostsBlueSquareLondonTemplateBuilderLiveTest) failed.
Test suite progress: tests succeeded: 2, failed: 60, skipped: 16.
Starting test testTemplateBuilderCannotFind(org.jclouds.elastichosts.compute.ElasticHostsBlueSquareLondonTemplateBuilderLiveTest)
[TestNG] Test testTemplateBuilderCannotFind(org.jclouds.elastichosts.compute.ElasticHostsBlueSquareLondonTemplateBuilderLiveTest) failed.
Test suite progress: tests succeeded: 2, failed: 61, skipped: 16.
Starting test testTemplateBuilderCannotFind(org.jclouds.elastichosts.compute.ElasticHostsBlueSquareLondonTemplateBuilderLiveTest)
[TestNG] Test testTemplateBuilderCannotFind(org.jclouds.elastichosts.compute.ElasticHostsBlueSquareLondonTemplateBuilderLiveTest) failed.
Test suite progress: tests succeeded: 2, failed: 62, skipped: 16.
Starting test testTemplateBuilderCannotFind(org.jclouds.elastichosts.compute.ElasticHostsBlueSquareLondonTemplateBuilderLiveTest)
[TestNG] Test testTemplateBuilderCannotFind(org.jclouds.elastichosts.compute.ElasticHostsBlueSquareLondonTemplateBuilderLiveTest) failed.
Test suite progress: tests succeeded: 2, failed: 63, skipped: 16.
Starting test testTemplateBuilderCannotFind(org.jclouds.elastichosts.compute.ElasticHostsBlueSquareLondonTemplateBuilderLiveTest)
[TestNG] Test testTemplateBuilderCannotFind(org.jclouds.elastichosts.compute.ElasticHostsBlueSquareLondonTemplateBuilderLiveTest) failed.
Test suite progress: tests succeeded: 2, failed: 64, skipped: 16.
Starting test testTemplateBuilderCannotFind(org.jclouds.elastichosts.compute.ElasticHostsBlueSquareLondonTemplateBuilderLiveTest)
[TestNG] Test testTemplateBuilderCannotFind(org.jclouds.elastichosts.compute.ElasticHostsBlueSquareLondonTemplateBuilderLiveTest) failed.
Test suite progress: tests succeeded: 2, failed: 65, skipped: 16.
Starting test testTemplateBuilderCannotFind(org.jclouds.elastichosts.compute.ElasticHostsBlueSquareLondonTemplateBuilderLiveTest)
[TestNG] Test testTemplateBuilderCannotFind(org.jclouds.elastichosts.compute.ElasticHostsBlueSquareLondonTemplateBuilderLiveTest) failed.
Test suite progress: tests succeeded: 2, failed: 66, skipped: 16.
Starting test testTemplateBuilderCannotFind(org.jclouds.elastichosts.compute.ElasticHostsBlueSquareLondonTemplateBuilderLiveTest)
[TestNG] Test testTemplateBuilderCannotFind(org.jclouds.elastichosts.compute.ElasticHostsBlueSquareLondonTemplateBuilderLiveTest) failed.
Test suite progress: tests succeeded: 2, failed: 67, skipped: 16.
Starting test testTemplateBuilderCannotFind(org.jclouds.elastichosts.compute.ElasticHostsBlueSquareLondonTemplateBuilderLiveTest)
[TestNG] Test testTemplateBuilderCannotFind(org.jclouds.elastichosts.compute.ElasticHostsBlueSquareLondonTemplateBuilderLiveTest) failed.
Test suite progress: tests succeeded: 2, failed: 68, skipped: 16.
Starting test testTemplateBuilderCannotFind(org.jclouds.elastichosts.compute.ElasticHostsBlueSquareLondonTemplateBuilderLiveTest)
[TestNG] Test testTemplateBuilderCannotFind(org.jclouds.elastichosts.compute.ElasticHostsBlueSquareLondonTemplateBuilderLiveTest) failed.
Test suite progress: tests succeeded: 2, failed: 69, skipped: 16.
Starting test testTemplateBuilderCannotFind(org.jclouds.elastichosts.compute.ElasticHostsBlueSquareLondonTemplateBuilderLiveTest)
[TestNG] Test testTemplateBuilderCannotFind(org.jclouds.elastichosts.compute.ElasticHostsBlueSquareLondonTemplateBuilderLiveTest) failed.
Test suite progress: tests succeeded: 2, failed: 70, skipped: 16.
Starting test testTemplateBuilderCannotFind(org.jclouds.elastichosts.compute.ElasticHostsBlueSquareLondonTemplateBuilderLiveTest)
[TestNG] Test testTemplateBuilderCannotFind(org.jclouds.elastichosts.compute.ElasticHostsBlueSquareLondonTemplateBuilderLiveTest) failed.
Test suite progress: tests succeeded: 2, failed: 71, skipped: 16.
Starting test testTemplateBuilderCannotFind(org.jclouds.elastichosts.compute.ElasticHostsBlueSquareLondonTemplateBuilderLiveTest)
[TestNG] Test testTemplateBuilderCannotFind(org.jclouds.elastichosts.compute.ElasticHostsBlueSquareLondonTemplateBuilderLiveTest) failed.
Test suite progress: tests succeeded: 2, failed: 72, skipped: 16.
Starting test testTemplateBuilderCannotFind(org.jclouds.elastichosts.compute.ElasticHostsBlueSquareLondonTemplateBuilderLiveTest)
[TestNG] Test testTemplateBuilderCannotFind(org.jclouds.elastichosts.compute.ElasticHostsBlueSquareLondonTemplateBuilderLiveTest) failed.
Test suite progress: tests succeeded: 2, failed: 73, skipped: 16.
Starting test testTemplateBuilderCannotFind(org.jclouds.elastichosts.compute.ElasticHostsBlueSquareLondonTemplateBuilderLiveTest)
[TestNG] Test testTemplateBuilderCannotFind(org.jclouds.elastichosts.compute.ElasticHostsBlueSquareLondonTemplateBuilderLiveTest) failed.
Test suite progress: tests succeeded: 2, failed: 74, skipped: 16.
Starting test testTemplateBuilderCannotFind(org.jclouds.elastichosts.compute.ElasticHostsBlueSquareLondonTemplateBuilderLiveTest)
[TestNG] Test testTemplateBuilderCannotFind(org.jclouds.elastichosts.compute.ElasticHostsBlueSquareLondonTemplateBuilderLiveTest) failed.
Test suite progress: tests succeeded: 2, failed: 75, skipped: 16.
Starting test testTemplateBuilderCannotFind(org.jclouds.elastichosts.compute.ElasticHostsBlueSquareLondonTemplateBuilderLiveTest)
[TestNG] Test testTemplateBuilderCannotFind(org.jclouds.elastichosts.compute.ElasticHostsBlueSquareLondonTemplateBuilderLiveTest) failed.
Test suite progress: tests succeeded: 2, failed: 76, skipped: 16.
Starting test testTemplateBuilderCannotFind(org.jclouds.elastichosts.compute.ElasticHostsBlueSquareLondonTemplateBuilderLiveTest)
[TestNG] Test testTemplateBuilderCannotFind(org.jclouds.elastichosts.compute.ElasticHostsBlueSquareLondonTemplateBuilderLiveTest) failed.
Test suite progress: tests succeeded: 2, failed: 77, skipped: 16.
Starting test testTemplateBuilderCannotFind(org.jclouds.elastichosts.compute.ElasticHostsBlueSquareLondonTemplateBuilderLiveTest)
[TestNG] Test testTemplateBuilderCannotFind(org.jclouds.elastichosts.compute.ElasticHostsBlueSquareLondonTemplateBuilderLiveTest) failed.
Test suite progress: tests succeeded: 2, failed: 78, skipped: 16.
Starting test testTemplateBuilderCannotFind(org.jclouds.elastichosts.compute.ElasticHostsBlueSquareLondonTemplateBuilderLiveTest)
[TestNG] Test testTemplateBuilderCannotFind(org.jclouds.elastichosts.compute.ElasticHostsBlueSquareLondonTemplateBuilderLiveTest) failed.
Test suite progress: tests succeeded: 2, failed: 79, skipped: 16.
Starting test testTemplateBuilderCannotFind(org.jclouds.elastichosts.compute.ElasticHostsBlueSquareLondonTemplateBuilderLiveTest)
[TestNG] Test testTemplateBuilderCannotFind(org.jclouds.elastichosts.compute.ElasticHostsBlueSquareLondonTemplateBuilderLiveTest) failed.
Test suite progress: tests succeeded: 2, failed: 80, skipped: 16.
Starting test testTemplateBuilderCannotFind(org.jclouds.elastichosts.compute.ElasticHostsBlueSquareLondonTemplateBuilderLiveTest)
[TestNG] Test testTemplateBuilderCannotFind(org.jclouds.elastichosts.compute.ElasticHostsBlueSquareLondonTemplateBuilderLiveTest) failed.
Test suite progress: tests succeeded: 2, failed: 81, skipped: 16.
Starting test testTemplateBuilderCannotFind(org.jclouds.elastichosts.compute.ElasticHostsBlueSquareLondonTemplateBuilderLiveTest)
[TestNG] Test testTemplateBuilderCannotFind(org.jclouds.elastichosts.compute.ElasticHostsBlueSquareLondonTemplateBuilderLiveTest) failed.
Test suite progress: tests succeeded: 2, failed: 82, skipped: 16.
Starting test testTemplateBuilderCannotFind(org.jclouds.elastichosts.compute.ElasticHostsBlueSquareLondonTemplateBuilderLiveTest)
[TestNG] Test testTemplateBuilderCannotFind(org.jclouds.elastichosts.compute.ElasticHostsBlueSquareLondonTemplateBuilderLiveTest) failed.
Test suite progress: tests succeeded: 2, failed: 83, skipped: 16.
Starting test testTemplateBuilderCannotFind(org.jclouds.elastichosts.compute.ElasticHostsBlueSquareLondonTemplateBuilderLiveTest)
[TestNG] Test testTemplateBuilderCannotFind(org.jclouds.elastichosts.compute.ElasticHostsBlueSquareLondonTemplateBuilderLiveTest) failed.
Test suite progress: tests succeeded: 2, failed: 84, skipped: 16.
Starting test testTemplateBuilderCannotFind(org.jclouds.elastichosts.compute.ElasticHostsBlueSquareLondonTemplateBuilderLiveTest)
[TestNG] Test testTemplateBuilderCannotFind(org.jclouds.elastichosts.compute.ElasticHostsBlueSquareLondonTemplateBuilderLiveTest) failed.
Test suite progress: tests succeeded: 2, failed: 85, skipped: 16.
Starting test testTemplateBuilderCannotFind(org.jclouds.elastichosts.compute.ElasticHostsBlueSquareLondonTemplateBuilderLiveTest)
[TestNG] Test testTemplateBuilderCannotFind(org.jclouds.elastichosts.compute.ElasticHostsBlueSquareLondonTemplateBuilderLiveTest) failed.
Test suite progress: tests succeeded: 2, failed: 86, skipped: 16.
Starting test testTemplateBuilderCannotFind(org.jclouds.elastichosts.compute.ElasticHostsBlueSquareLondonTemplateBuilderLiveTest)
[TestNG] Test testTemplateBuilderCannotFind(org.jclouds.elastichosts.compute.ElasticHostsBlueSquareLondonTemplateBuilderLiveTest) failed.
Test suite progress: tests succeeded: 2, failed: 87, skipped: 16.
Starting test testTemplateBuilderCannotFind(org.jclouds.elastichosts.compute.ElasticHostsBlueSquareLondonTemplateBuilderLiveTest)
[TestNG] Test testTemplateBuilderCannotFind(org.jclouds.elastichosts.compute.ElasticHostsBlueSquareLondonTemplateBuilderLiveTest) failed.
Test suite progress: tests succeeded: 2, failed: 88, skipped: 16.
Starting test testTemplateBuilderCannotFind(org.jclouds.elastichosts.compute.ElasticHostsBlueSquareLondonTemplateBuilderLiveTest)
[TestNG] Test testTemplateBuilderCannotFind(org.jclouds.elastichosts.compute.ElasticHostsBlueSquareLondonTemplateBuilderLiveTest) failed.
Test suite progress: tests succeeded: 2, failed: 89, skipped: 16.
Starting test testTemplateBuilderWithImageIdSpecified(org.jclouds.elastichosts.compute.ElasticHostsBlueSquareLondonTemplateBuilderLiveTest)
[TestNG] Test testTemplateBuilderWithImageIdSpecified(org.jclouds.elastichosts.compute.ElasticHostsBlueSquareLondonTemplateBuilderLiveTest) failed.
Test suite progress: tests succeeded: 2, failed: 90, skipped: 16.
Starting test testTemplateBuilderWithLoginUserSpecified(org.jclouds.elastichosts.compute.ElasticHostsBlueSquareLondonTemplateBuilderLiveTest)
Apr 23, 2012 11:45:55 PM org.jclouds.logging.jdk.JDKLogger logWarn
WARNING: hostname was api.lon-b.elastichosts.com while session was api.lon-b.elastichosts.com
[TestNG] Test testCorrectAuthException(org.jclouds.elastichosts.compute.ElasticHostsBlueSquareLondonComputeServiceLiveTest) failed.
Test suite progress: tests succeeded: 2, failed: 91, skipped: 16.
Starting test testCreateAndRunAService(org.jclouds.elastichosts.compute.ElasticHostsBlueSquareLondonComputeServiceLiveTest)
Apr 23, 2012 11:45:56 PM org.jclouds.logging.jdk.JDKLogger logWarn
WARNING: hostname was api.lon-b.elastichosts.com while session was api.lon-b.elastichosts.com
Apr 23, 2012 11:45:57 PM org.jclouds.logging.jdk.JDKLogger logWarn
WARNING: hostname was api.lon-b.elastichosts.com while session was api.lon-b.elastichosts.com
[TestNG] Test testCreateAndRunAService(org.jclouds.elastichosts.compute.ElasticHostsBlueSquareLondonComputeServiceLiveTest) failed.
Test suite progress: tests succeeded: 2, failed: 92, skipped: 16.
Starting test testGetAssignableLocations(org.jclouds.elastichosts.compute.ElasticHostsBlueSquareLondonComputeServiceLiveTest)
Apr 23, 2012 11:45:57 PM org.jclouds.compute.internal.BaseComputeServiceLiveTest testGetAssignableLocations
WARNING: location [id=elastichosts-lon-b, scope=PROVIDER, description=https://api.lon-b.elastichosts.com, parent=null, iso3166Codes=[GB-LND], metadata={}]
[TestNG] Test testGetAssignableLocations(org.jclouds.elastichosts.compute.ElasticHostsBlueSquareLondonComputeServiceLiveTest) succeeded: 2ms
Test suite progress: tests succeeded: 3, failed: 92, skipped: 16.
Starting test testImagesCache(org.jclouds.elastichosts.compute.ElasticHostsBlueSquareLondonComputeServiceLiveTest)
[TestNG] Test testImagesCache(org.jclouds.elastichosts.compute.ElasticHostsBlueSquareLondonComputeServiceLiveTest) failed.
Test suite progress: tests succeeded: 3, failed: 93, skipped: 16.
Starting test testListImages(org.jclouds.elastichosts.compute.ElasticHostsBlueSquareLondonComputeServiceLiveTest)
[TestNG] Test testListImages(org.jclouds.elastichosts.compute.ElasticHostsBlueSquareLondonComputeServiceLiveTest) failed.
Test suite progress: tests succeeded: 3, failed: 94, skipped: 16.
Starting test testListSizes(org.jclouds.elastichosts.compute.ElasticHostsBlueSquareLondonComputeServiceLiveTest)
[TestNG] Test testListSizes(org.jclouds.elastichosts.compute.ElasticHostsBlueSquareLondonComputeServiceLiveTest) succeeded: 14ms
Test suite progress: tests succeeded: 4, failed: 94, skipped: 16.
Starting test testOptionToNotBlock(org.jclouds.elastichosts.compute.ElasticHostsBlueSquareLondonComputeServiceLiveTest)
[TestNG] Test testOptionToNotBlock(org.jclouds.elastichosts.compute.ElasticHostsBlueSquareLondonComputeServiceLiveTest) succeeded: 1ms
Test suite progress: tests succeeded: 5, failed: 94, skipped: 16.
Starting test testCorrectExceptionRunningNodesNotFound(org.jclouds.elastichosts.compute.ElasticHostsBlueSquareLondonComputeServiceLiveTest)
Apr 23, 2012 11:45:57 PM org.jclouds.logging.jdk.JDKLogger logWarn
WARNING: hostname was api.lon-b.elastichosts.com while session was api.lon-b.elastichosts.com
[TestNG] Test testCorrectExceptionRunningNodesNotFound(org.jclouds.elastichosts.compute.ElasticHostsBlueSquareLondonComputeServiceLiveTest) succeeded: 847ms
Test suite progress: tests succeeded: 6, failed: 94, skipped: 16.
[TestNG] Test testAScriptExecutionAfterBootWithBasicTemplate(org.jclouds.elastichosts.compute.ElasticHostsBlueSquareLondonComputeServiceLiveTest) skipped.
Test suite progress: tests succeeded: 6, failed: 94, skipped: 17.
[TestNG] Test testCreateTwoNodesWithRunScript(org.jclouds.elastichosts.compute.ElasticHostsBlueSquareLondonComputeServiceLiveTest) skipped.
Test suite progress: tests succeeded: 6, failed: 94, skipped: 18.
[TestNG] Test testTemplateMatch(org.jclouds.elastichosts.compute.ElasticHostsBlueSquareLondonComputeServiceLiveTest) skipped.
Test suite progress: tests succeeded: 6, failed: 94, skipped: 19.
[TestNG] Test testCreateAnotherNodeWithANewContextToEnsureSharedMemIsntRequired(org.jclouds.elastichosts.compute.ElasticHostsBlueSquareLondonComputeServiceLiveTest) skipped.
Test suite progress: tests succeeded: 6, failed: 94, skipped: 20.
[TestNG] Test testCredentialsCache(org.jclouds.elastichosts.compute.ElasticHostsBlueSquareLondonComputeServiceLiveTest) skipped.
Test suite progress: tests succeeded: 6, failed: 94, skipped: 21.
[TestNG] Test testGet(org.jclouds.elastichosts.compute.ElasticHostsBlueSquareLondonComputeServiceLiveTest) skipped.
Test suite progress: tests succeeded: 6, failed: 94, skipped: 22.
[TestNG] Test testReboot(org.jclouds.elastichosts.compute.ElasticHostsBlueSquareLondonComputeServiceLiveTest) skipped.
Test suite progress: tests succeeded: 6, failed: 94, skipped: 23.
[TestNG] Test testSuspendResume(org.jclouds.elastichosts.compute.ElasticHostsBlueSquareLondonComputeServiceLiveTest) skipped.
Test suite progress: tests succeeded: 6, failed: 94, skipped: 24.
[TestNG] Test testGetNodesWithDetails(org.jclouds.elastichosts.compute.ElasticHostsBlueSquareLondonComputeServiceLiveTest) skipped.
Test suite progress: tests succeeded: 6, failed: 94, skipped: 25.
[TestNG] Test testListNodes(org.jclouds.elastichosts.compute.ElasticHostsBlueSquareLondonComputeServiceLiveTest) skipped.
Test suite progress: tests succeeded: 6, failed: 94, skipped: 26.
[TestNG] Test testDestroyNodes(org.jclouds.elastichosts.compute.ElasticHostsBlueSquareLondonComputeServiceLiveTest) skipped.
Test suite progress: tests succeeded: 6, failed: 94, skipped: 27.
Apr 23, 2012 11:45:58 PM org.jclouds.logging.jdk.JDKLogger logWarn
WARNING: hostname was api.lon-b.elastichosts.com while session was api.lon-b.elastichosts.com
Apr 23, 2012 11:45:59 PM org.jclouds.logging.jdk.JDKLogger logWarn
WARNING: hostname was api.lon-b.elastichosts.com while session was api.lon-b.elastichosts.com
Apr 23, 2012 11:46:00 PM org.jclouds.logging.jdk.JDKLogger logWarn
WARNING: hostname was api.lon-b.elastichosts.com while session was api.lon-b.elastichosts.com
Apr 23, 2012 11:46:02 PM org.jclouds.logging.jdk.JDKLogger logWarn
WARNING: hostname was api.lon-b.elastichosts.com while session was api.lon-b.elastichosts.com
Apr 23, 2012 11:46:05 PM org.jclouds.logging.jdk.JDKLogger logWarn
WARNING: hostname was api.lon-b.elastichosts.com while session was api.lon-b.elastichosts.com
[TestNG] Test testTemplateBuilderWithLoginUserSpecified(org.jclouds.elastichosts.compute.ElasticHostsBlueSquareLondonTemplateBuilderLiveTest) failed.
Test suite progress: tests succeeded: 6, failed: 95, skipped: 27.
Starting test testTemplateBuilder(org.jclouds.elastichosts.compute.ElasticHostsBlueSquareLondonTemplateBuilderLiveTest)
[TestNG] Test testTemplateBuilder(org.jclouds.elastichosts.compute.ElasticHostsBlueSquareLondonTemplateBuilderLiveTest) failed.
Test suite progress: tests succeeded: 6, failed: 96, skipped: 27.
Tests run: 131, Failures: 97, Errors: 0, Skipped: 28, Time elapsed: 23.543 sec <<< FAILURE!

Results :

Failed tests:   testCompareSizes(org.jclouds.elastichosts.compute.ElasticHostsBlueSquareLondonTemplateBuilderLiveTest): org.jclouds.elasticstack.domain.DriveInfo cannot be cast to java.lang.Comparable
  testDefaultTemplateBuilder(org.jclouds.elastichosts.compute.ElasticHostsBlueSquareLondonTemplateBuilderLiveTest): org.jclouds.elasticstack.domain.DriveInfo cannot be cast to java.lang.Comparable
  testFromTemplate(org.jclouds.elastichosts.compute.ElasticHostsBlueSquareLondonTemplateBuilderLiveTest): org.jclouds.elasticstack.domain.DriveInfo cannot be cast to java.lang.Comparable
  testTemplateBuilderCanFind(org.jclouds.elastichosts.compute.ElasticHostsBlueSquareLondonTemplateBuilderLiveTest): org.jclouds.elasticstack.domain.DriveInfo cannot be cast to java.lang.Comparable
  testTemplateBuilderCanFind(org.jclouds.elastichosts.compute.ElasticHostsBlueSquareLondonTemplateBuilderLiveTest): org.jclouds.elasticstack.domain.DriveInfo cannot be cast to java.lang.Comparable
  testTemplateBuilderCanFind(org.jclouds.elastichosts.compute.ElasticHostsBlueSquareLondonTemplateBuilderLiveTest): org.jclouds.elasticstack.domain.DriveInfo cannot be cast to java.lang.Comparable
  testTemplateBuilderCanFind(org.jclouds.elastichosts.compute.ElasticHostsBlueSquareLondonTemplateBuilderLiveTest): org.jclouds.elasticstack.domain.DriveInfo cannot be cast to java.lang.Comparable
  testTemplateBuilderCanFind(org.jclouds.elastichosts.compute.ElasticHostsBlueSquareLondonTemplateBuilderLiveTest): org.jclouds.elasticstack.domain.DriveInfo cannot be cast to java.lang.Comparable
  testTemplateBuilderCanFind(org.jclouds.elastichosts.compute.ElasticHostsBlueSquareLondonTemplateBuilderLiveTest): org.jclouds.elasticstack.domain.DriveInfo cannot be cast to java.lang.Comparable
  testTemplateBuilderCanFind(org.jclouds.elastichosts.compute.ElasticHostsBlueSquareLondonTemplateBuilderLiveTest): org.jclouds.elasticstack.domain.DriveInfo cannot be cast to java.lang.Comparable
  testTemplateBuilderCanFind(org.jclouds.elastichosts.compute.ElasticHostsBlueSquareLondonTemplateBuilderLiveTest): org.jclouds.elasticstack.domain.DriveInfo cannot be cast to java.lang.Comparable
  setupContext(org.jclouds.elastichosts.ElasticHostsBlueSquareLondonClientLiveTest): org.jclouds.elasticstack.domain.DriveInfo cannot be cast to java.lang.Comparable
  testTemplateBuilderCanFind(org.jclouds.elastichosts.compute.ElasticHostsBlueSquareLondonTemplateBuilderLiveTest): org.jclouds.elasticstack.domain.DriveInfo cannot be cast to java.lang.Comparable
  testCompareSizes(org.jclouds.elastichosts.compute.ElasticHostsBlueSquareLondonComputeServiceLiveTest): org.jclouds.elasticstack.domain.DriveInfo cannot be cast to java.lang.Comparable
  testTemplateBuilderCanFind(org.jclouds.elastichosts.compute.ElasticHostsBlueSquareLondonTemplateBuilderLiveTest): org.jclouds.elasticstack.domain.DriveInfo cannot be cast to java.lang.Comparable
  testTemplateBuilderCanUseImageId(org.jclouds.elastichosts.compute.ElasticHostsBlueSquareLondonTemplateBuilderLiveTest): org.jclouds.elasticstack.domain.DriveInfo cannot be cast to java.lang.Comparable
  testTemplateBuilderCannotFind(org.jclouds.elastichosts.compute.ElasticHostsBlueSquareLondonTemplateBuilderLiveTest): (..)
  testTemplateBuilderCannotFind(org.jclouds.elastichosts.compute.ElasticHostsBlueSquareLondonTemplateBuilderLiveTest): (..)
  testTemplateBuilderCannotFind(org.jclouds.elastichosts.compute.ElasticHostsBlueSquareLondonTemplateBuilderLiveTest): (..)
  testTemplateBuilderCannotFind(org.jclouds.elastichosts.compute.ElasticHostsBlueSquareLondonTemplateBuilderLiveTest): (..)
  testTemplateBuilderCannotFind(org.jclouds.elastichosts.compute.ElasticHostsBlueSquareLondonTemplateBuilderLiveTest): (..)
  testTemplateBuilderCannotFind(org.jclouds.elastichosts.compute.ElasticHostsBlueSquareLondonTemplateBuilderLiveTest): (..)
  testTemplateBuilderCannotFind(org.jclouds.elastichosts.compute.ElasticHostsBlueSquareLondonTemplateBuilderLiveTest): (..)
  testTemplateBuilderCannotFind(org.jclouds.elastichosts.compute.ElasticHostsBlueSquareLondonTemplateBuilderLiveTest): (..)
  testTemplateBuilderCannotFind(org.jclouds.elastichosts.compute.ElasticHostsBlueSquareLondonTemplateBuilderLiveTest): (..)
  testTemplateBuilderCannotFind(org.jclouds.elastichosts.compute.ElasticHostsBlueSquareLondonTemplateBuilderLiveTest): (..)
  testTemplateBuilderCannotFind(org.jclouds.elastichosts.compute.ElasticHostsBlueSquareLondonTemplateBuilderLiveTest): (..)
  testTemplateBuilderCannotFind(org.jclouds.elastichosts.compute.ElasticHostsBlueSquareLondonTemplateBuilderLiveTest): (..)
  testTemplateBuilderCannotFind(org.jclouds.elastichosts.compute.ElasticHostsBlueSquareLondonTemplateBuilderLiveTest): (..)
  testTemplateBuilderCannotFind(org.jclouds.elastichosts.compute.ElasticHostsBlueSquareLondonTemplateBuilderLiveTest): (..)
  testTemplateBuilderCannotFind(org.jclouds.elastichosts.compute.ElasticHostsBlueSquareLondonTemplateBuilderLiveTest): (..)
  testTemplateBuilderCannotFind(org.jclouds.elastichosts.compute.ElasticHostsBlueSquareLondonTemplateBuilderLiveTest): (..)
  testTemplateBuilderCannotFind(org.jclouds.elastichosts.compute.ElasticHostsBlueSquareLondonTemplateBuilderLiveTest): (..)
  testTemplateBuilderCannotFind(org.jclouds.elastichosts.compute.ElasticHostsBlueSquareLondonTemplateBuilderLiveTest): (..)
  testTemplateBuilderCannotFind(org.jclouds.elastichosts.compute.ElasticHostsBlueSquareLondonTemplateBuilderLiveTest): (..)
  testTemplateBuilderCannotFind(org.jclouds.elastichosts.compute.ElasticHostsBlueSquareLondonTemplateBuilderLiveTest): (..)
  testTemplateBuilderCannotFind(org.jclouds.elastichosts.compute.ElasticHostsBlueSquareLondonTemplateBuilderLiveTest): (..)
  testTemplateBuilderCannotFind(org.jclouds.elastichosts.compute.ElasticHostsBlueSquareLondonTemplateBuilderLiveTest): (..)
  testTemplateBuilderCannotFind(org.jclouds.elastichosts.compute.ElasticHostsBlueSquareLondonTemplateBuilderLiveTest): (..)
  testTemplateBuilderCannotFind(org.jclouds.elastichosts.compute.ElasticHostsBlueSquareLondonTemplateBuilderLiveTest): (..)
  testTemplateBuilderCannotFind(org.jclouds.elastichosts.compute.ElasticHostsBlueSquareLondonTemplateBuilderLiveTest): (..)
  testTemplateBuilderCannotFind(org.jclouds.elastichosts.compute.ElasticHostsBlueSquareLondonTemplateBuilderLiveTest): (..)
  testTemplateBuilderCannotFind(org.jclouds.elastichosts.compute.ElasticHostsBlueSquareLondonTemplateBuilderLiveTest): (..)
  testTemplateBuilderCannotFind(org.jclouds.elastichosts.compute.ElasticHostsBlueSquareLondonTemplateBuilderLiveTest): (..)
  testTemplateBuilderCannotFind(org.jclouds.elastichosts.compute.ElasticHostsBlueSquareLondonTemplateBuilderLiveTest): (..)
  testTemplateBuilderCannotFind(org.jclouds.elastichosts.compute.ElasticHostsBlueSquareLondonTemplateBuilderLiveTest): (..)
  testTemplateBuilderCannotFind(org.jclouds.elastichosts.compute.ElasticHostsBlueSquareLondonTemplateBuilderLiveTest): (..)
  testTemplateBuilderCannotFind(org.jclouds.elastichosts.compute.ElasticHostsBlueSquareLondonTemplateBuilderLiveTest): (..)
  testTemplateBuilderCannotFind(org.jclouds.elastichosts.compute.ElasticHostsBlueSquareLondonTemplateBuilderLiveTest): (..)
  testTemplateBuilderCannotFind(org.jclouds.elastichosts.compute.ElasticHostsBlueSquareLondonTemplateBuilderLiveTest): (..)
  testTemplateBuilderCannotFind(org.jclouds.elastichosts.compute.ElasticHostsBlueSquareLondonTemplateBuilderLiveTest): (..)
  testTemplateBuilderCannotFind(org.jclouds.elastichosts.compute.ElasticHostsBlueSquareLondonTemplateBuilderLiveTest): (..)
  testTemplateBuilderCannotFind(org.jclouds.elastichosts.compute.ElasticHostsBlueSquareLondonTemplateBuilderLiveTest): (..)
  testTemplateBuilderCannotFind(org.jclouds.elastichosts.compute.ElasticHostsBlueSquareLondonTemplateBuilderLiveTest): (..)
  testTemplateBuilderCannotFind(org.jclouds.elastichosts.compute.ElasticHostsBlueSquareLondonTemplateBuilderLiveTest): (..)
  testTemplateBuilderCannotFind(org.jclouds.elastichosts.compute.ElasticHostsBlueSquareLondonTemplateBuilderLiveTest): (..)
  testTemplateBuilderCannotFind(org.jclouds.elastichosts.compute.ElasticHostsBlueSquareLondonTemplateBuilderLiveTest): (..)
  testTemplateBuilderCannotFind(org.jclouds.elastichosts.compute.ElasticHostsBlueSquareLondonTemplateBuilderLiveTest): (..)
  testTemplateBuilderCannotFind(org.jclouds.elastichosts.compute.ElasticHostsBlueSquareLondonTemplateBuilderLiveTest): (..)
  testTemplateBuilderCannotFind(org.jclouds.elastichosts.compute.ElasticHostsBlueSquareLondonTemplateBuilderLiveTest): (..)
  testTemplateBuilderCannotFind(org.jclouds.elastichosts.compute.ElasticHostsBlueSquareLondonTemplateBuilderLiveTest): (..)
  testTemplateBuilderCannotFind(org.jclouds.elastichosts.compute.ElasticHostsBlueSquareLondonTemplateBuilderLiveTest): (..)
  testTemplateBuilderCannotFind(org.jclouds.elastichosts.compute.ElasticHostsBlueSquareLondonTemplateBuilderLiveTest): (..)
  testTemplateBuilderCannotFind(org.jclouds.elastichosts.compute.ElasticHostsBlueSquareLondonTemplateBuilderLiveTest): (..)
  testTemplateBuilderCannotFind(org.jclouds.elastichosts.compute.ElasticHostsBlueSquareLondonTemplateBuilderLiveTest): (..)
  testTemplateBuilderCannotFind(org.jclouds.elastichosts.compute.ElasticHostsBlueSquareLondonTemplateBuilderLiveTest): (..)
  testTemplateBuilderCannotFind(org.jclouds.elastichosts.compute.ElasticHostsBlueSquareLondonTemplateBuilderLiveTest): (..)
  testTemplateBuilderCannotFind(org.jclouds.elastichosts.compute.ElasticHostsBlueSquareLondonTemplateBuilderLiveTest): (..)
  testTemplateBuilderCannotFind(org.jclouds.elastichosts.compute.ElasticHostsBlueSquareLondonTemplateBuilderLiveTest): (..)
  testTemplateBuilderCannotFind(org.jclouds.elastichosts.compute.ElasticHostsBlueSquareLondonTemplateBuilderLiveTest): (..)
  testTemplateBuilderCannotFind(org.jclouds.elastichosts.compute.ElasticHostsBlueSquareLondonTemplateBuilderLiveTest): (..)
  testTemplateBuilderCannotFind(org.jclouds.elastichosts.compute.ElasticHostsBlueSquareLondonTemplateBuilderLiveTest): (..)
  testTemplateBuilderCannotFind(org.jclouds.elastichosts.compute.ElasticHostsBlueSquareLondonTemplateBuilderLiveTest): (..)
  testTemplateBuilderCannotFind(org.jclouds.elastichosts.compute.ElasticHostsBlueSquareLondonTemplateBuilderLiveTest): (..)
  testTemplateBuilderCannotFind(org.jclouds.elastichosts.compute.ElasticHostsBlueSquareLondonTemplateBuilderLiveTest): (..)
  testTemplateBuilderCannotFind(org.jclouds.elastichosts.compute.ElasticHostsBlueSquareLondonTemplateBuilderLiveTest): (..)
  testTemplateBuilderCannotFind(org.jclouds.elastichosts.compute.ElasticHostsBlueSquareLondonTemplateBuilderLiveTest): (..)
  testTemplateBuilderCannotFind(org.jclouds.elastichosts.compute.ElasticHostsBlueSquareLondonTemplateBuilderLiveTest): (..)
  testTemplateBuilderCannotFind(org.jclouds.elastichosts.compute.ElasticHostsBlueSquareLondonTemplateBuilderLiveTest): (..)
  testTemplateBuilderCannotFind(org.jclouds.elastichosts.compute.ElasticHostsBlueSquareLondonTemplateBuilderLiveTest): (..)
  testTemplateBuilderCannotFind(org.jclouds.elastichosts.compute.ElasticHostsBlueSquareLondonTemplateBuilderLiveTest): (..)
  testTemplateBuilderCannotFind(org.jclouds.elastichosts.compute.ElasticHostsBlueSquareLondonTemplateBuilderLiveTest): (..)
  testTemplateBuilderCannotFind(org.jclouds.elastichosts.compute.ElasticHostsBlueSquareLondonTemplateBuilderLiveTest): (..)
  testTemplateBuilderCannotFind(org.jclouds.elastichosts.compute.ElasticHostsBlueSquareLondonTemplateBuilderLiveTest): (..)
  testTemplateBuilderCannotFind(org.jclouds.elastichosts.compute.ElasticHostsBlueSquareLondonTemplateBuilderLiveTest): (..)
  testTemplateBuilderCannotFind(org.jclouds.elastichosts.compute.ElasticHostsBlueSquareLondonTemplateBuilderLiveTest): (..)
  testTemplateBuilderCannotFind(org.jclouds.elastichosts.compute.ElasticHostsBlueSquareLondonTemplateBuilderLiveTest): (..)
  testTemplateBuilderCannotFind(org.jclouds.elastichosts.compute.ElasticHostsBlueSquareLondonTemplateBuilderLiveTest): (..)
  testTemplateBuilderCannotFind(org.jclouds.elastichosts.compute.ElasticHostsBlueSquareLondonTemplateBuilderLiveTest): (..)
  testTemplateBuilderCannotFind(org.jclouds.elastichosts.compute.ElasticHostsBlueSquareLondonTemplateBuilderLiveTest): (..)
  testTemplateBuilderWithImageIdSpecified(org.jclouds.elastichosts.compute.ElasticHostsBlueSquareLondonTemplateBuilderLiveTest): org.jclouds.elasticstack.domain.DriveInfo cannot be cast to java.lang.Comparable
  testCorrectAuthException(org.jclouds.elastichosts.compute.ElasticHostsBlueSquareLondonComputeServiceLiveTest): (..)
  testCreateAndRunAService(org.jclouds.elastichosts.compute.ElasticHostsBlueSquareLondonComputeServiceLiveTest): org.jclouds.elasticstack.domain.DriveInfo cannot be cast to java.lang.Comparable
  testImagesCache(org.jclouds.elastichosts.compute.ElasticHostsBlueSquareLondonComputeServiceLiveTest): org.jclouds.elasticstack.domain.DriveInfo cannot be cast to java.lang.Comparable
  testListImages(org.jclouds.elastichosts.compute.ElasticHostsBlueSquareLondonComputeServiceLiveTest): org.jclouds.elasticstack.domain.DriveInfo cannot be cast to java.lang.Comparable
  testTemplateBuilderWithLoginUserSpecified(org.jclouds.elastichosts.compute.ElasticHostsBlueSquareLondonTemplateBuilderLiveTest): org.jclouds.elasticstack.domain.DriveInfo cannot be cast to java.lang.Comparable
  testTemplateBuilder(org.jclouds.elastichosts.compute.ElasticHostsBlueSquareLondonTemplateBuilderLiveTest): org.jclouds.elasticstack.domain.DriveInfo cannot be cast to java.lang.Comparable

Tests run: 131, Failures: 97, Errors: 0, Skipped: 28

[INFO] ------------------------------------------------------------------------
[INFO] BUILD FAILURE
[INFO] ------------------------------------------------------------------------
[INFO] Total time: 36.563s
[INFO] Finished at: Mon Apr 23 23:46:06 PDT 2012
[INFO] Final Memory: 22M/265M
[INFO] ------------------------------------------------------------------------
[ERROR] Failed to execute goal org.apache.maven.plugins:maven-surefire-plugin:2.12:test (integration) on project elastichosts-lon-b: There are test failures.
[ERROR] 
[ERROR] Please refer to /Users/adriancole/workspace/git/jclouds/providers/elastichosts-lon-b/target/surefire-reports for the individual test results.
[ERROR] -> [Help 1]
[ERROR] 
[ERROR] To see the full stack trace of the errors, re-run Maven with the -e switch.
[ERROR] Re-run Maven using the -X switch to enable full debug logging.
[ERROR] 
[ERROR] For more information about the errors and possible solutions, please read the following articles:
[ERROR] [Help 1] http://cwiki.apache.org/confluence/display/MAVEN/MojoFailureException
