[INFO] Scanning for projects...
[WARNING] 
[WARNING] Some problems were encountered while building the effective model for org.jclouds.provider:eucalyptus-partnercloud-ec2:bundle:1.5.0-SNAPSHOT
[WARNING] 'parent.relativePath' of POM org.jclouds:jclouds-project:1.5.0-SNAPSHOT (/Users/adriancole/workspace/git/jclouds/project/pom.xml) points at org.jclouds:jclouds-multi instead of org.sonatype.oss:oss-parent, please verify your project structure @ org.jclouds:jclouds-project:1.5.0-SNAPSHOT, /Users/adriancole/workspace/git/jclouds/project/pom.xml, line 24, column 13
[WARNING] 
[WARNING] It is highly recommended to fix these problems because they threaten the stability of your build.
[WARNING] 
[WARNING] For this reason, future Maven versions might no longer support building such malformed projects.
[WARNING] 
[INFO]                                                                         
[INFO] ------------------------------------------------------------------------
[INFO] Building jclouds Eucalyptus Partner Cloud EC2 provider 1.5.0-SNAPSHOT
[INFO] ------------------------------------------------------------------------
[INFO] 
[INFO] --- maven-clean-plugin:2.4.1:clean (default-clean) @ eucalyptus-partnercloud-ec2 ---
[INFO] Deleting /Users/adriancole/workspace/git/jclouds/providers/eucalyptus-partnercloud-ec2/target
[INFO] 
[INFO] --- maven-enforcer-plugin:1.0.1:enforce (enforce-maven) @ eucalyptus-partnercloud-ec2 ---
[INFO] 
[INFO] --- maven-enforcer-plugin:1.0.1:enforce (enforce-banned-dependencies) @ eucalyptus-partnercloud-ec2 ---
[INFO] 
[INFO] --- maven-enforcer-plugin:1.0.1:enforce (enforce-java) @ eucalyptus-partnercloud-ec2 ---
[INFO] 
[INFO] --- maven-remote-resources-plugin:1.2.1:process (process-remote-resources) @ eucalyptus-partnercloud-ec2 ---
[INFO] 
[INFO] --- maven-resources-plugin:2.5:resources (default-resources) @ eucalyptus-partnercloud-ec2 ---
[debug] execute contextualize
[INFO] Using 'UTF-8' encoding to copy filtered resources.
[INFO] skip non existing resourceDirectory /Users/adriancole/workspace/git/jclouds/providers/eucalyptus-partnercloud-ec2/src/main/clojure
[INFO] Copying 1 resource
[INFO] Copying 2 resources
[INFO] 
[INFO] --- maven-compiler-plugin:2.3.2:compile (default-compile) @ eucalyptus-partnercloud-ec2 ---
[INFO] Compiling 3 source files to /Users/adriancole/workspace/git/jclouds/providers/eucalyptus-partnercloud-ec2/target/classes
[INFO] 
[INFO] --- maven-resources-plugin:2.5:testResources (default-testResources) @ eucalyptus-partnercloud-ec2 ---
[debug] execute contextualize
[INFO] Using 'UTF-8' encoding to copy filtered resources.
[INFO] skip non existing resourceDirectory /Users/adriancole/workspace/git/jclouds/providers/eucalyptus-partnercloud-ec2/src/test/clojure
[INFO] Copying 1 resource
[INFO] Copying 2 resources
[INFO] 
[INFO] --- maven-compiler-plugin:2.3.2:testCompile (default-testCompile) @ eucalyptus-partnercloud-ec2 ---
[INFO] Compiling 4 source files to /Users/adriancole/workspace/git/jclouds/providers/eucalyptus-partnercloud-ec2/target/test-classes
[INFO] 
[INFO] --- maven-surefire-plugin:2.12:test (default-test) @ eucalyptus-partnercloud-ec2 ---
[INFO] Surefire report directory: /Users/adriancole/workspace/git/jclouds/providers/eucalyptus-partnercloud-ec2/target/surefire-reports
[INFO] Using configured provider org.apache.maven.surefire.testng.TestNGProvider

-------------------------------------------------------
 T E S T S
-------------------------------------------------------
Running TestSuite
Configuring TestNG with: org.apache.maven.surefire.testng.conf.TestNGMapConfigurator@41fc2fb
Starting test testParseEucalyptusImage(org.jclouds.epc.compute.strategy.EucalyptusPartnerCloudReviseParsedImageTest)
[pool-2-thread-1] Test testParseEucalyptusImage(org.jclouds.epc.compute.strategy.EucalyptusPartnerCloudReviseParsedImageTest) succeeded: 666ms
Test suite progress: tests succeeded: 1, failed: 0, skipped: 0.
Starting test testAllContains(org.jclouds.epc.EucalyptusPartnerCloudEC2ProviderTest)
[pool-3-thread-1] Test testAllContains(org.jclouds.epc.EucalyptusPartnerCloudEC2ProviderTest) succeeded: 4ms
Test suite progress: tests succeeded: 2, failed: 0, skipped: 0.
Starting test testOfApiContains(org.jclouds.epc.EucalyptusPartnerCloudEC2ProviderTest)
[pool-3-thread-2] Test testOfApiContains(org.jclouds.epc.EucalyptusPartnerCloudEC2ProviderTest) succeeded: 3ms
Test suite progress: tests succeeded: 3, failed: 0, skipped: 0.
Starting test testTransformableToContains(org.jclouds.epc.EucalyptusPartnerCloudEC2ProviderTest)
[pool-3-thread-3] Test testTransformableToContains(org.jclouds.epc.EucalyptusPartnerCloudEC2ProviderTest) succeeded: 3ms
Test suite progress: tests succeeded: 4, failed: 0, skipped: 0.
Starting test testWithId(org.jclouds.epc.EucalyptusPartnerCloudEC2ProviderTest)
[pool-3-thread-4] Test testWithId(org.jclouds.epc.EucalyptusPartnerCloudEC2ProviderTest) succeeded: 2ms
Test suite progress: tests succeeded: 5, failed: 0, skipped: 0.
Tests run: 5, Failures: 0, Errors: 0, Skipped: 0, Time elapsed: 1.495 sec

Results :

Tests run: 5, Failures: 0, Errors: 0, Skipped: 0

[INFO] 
[INFO] --- clojure-maven-plugin:1.3.9:test (test-clojure) @ eucalyptus-partnercloud-ec2 ---

Testing com.theoryinpractise.clojure.testrunner

Ran 0 tests containing 0 assertions.
0 failures, 0 errors.
[INFO] 
[INFO] --- maven-bundle-plugin:2.3.7:bundle (default-bundle) @ eucalyptus-partnercloud-ec2 ---
[INFO] 
[INFO] --- maven-source-plugin:2.1.2:jar-no-fork (attach-sources) @ eucalyptus-partnercloud-ec2 ---
[INFO] META-INF already added, skipping
[INFO] META-INF already added, skipping
[INFO] META-INF/LICENSE.txt already added, skipping
[INFO] META-INF/NOTICE.txt already added, skipping
[INFO] Building jar: /Users/adriancole/workspace/git/jclouds/providers/eucalyptus-partnercloud-ec2/target/eucalyptus-partnercloud-ec2-1.5.0-SNAPSHOT-sources.jar
[INFO] META-INF already added, skipping
[INFO] META-INF already added, skipping
[INFO] META-INF/LICENSE.txt already added, skipping
[INFO] META-INF/NOTICE.txt already added, skipping
[INFO] 
[INFO] --- maven-javadoc-plugin:2.8.1:jar (javadoc) @ eucalyptus-partnercloud-ec2 ---
[INFO] Skipping javadoc generation
[INFO] 
[INFO] --- maven-jar-plugin:2.4:test-jar (default) @ eucalyptus-partnercloud-ec2 ---
[INFO] Building jar: /Users/adriancole/workspace/git/jclouds/providers/eucalyptus-partnercloud-ec2/target/eucalyptus-partnercloud-ec2-1.5.0-SNAPSHOT-tests.jar
[INFO] 
[INFO] --- maven-surefire-plugin:2.12:test (integration) @ eucalyptus-partnercloud-ec2 ---
[INFO] Surefire report directory: /Users/adriancole/workspace/git/jclouds/providers/eucalyptus-partnercloud-ec2/target/surefire-reports
[INFO] Using configured provider org.apache.maven.surefire.testng.TestNGProvider

-------------------------------------------------------
 T E S T S
-------------------------------------------------------
Running TestSuite
Configuring TestNG with: org.apache.maven.surefire.testng.conf.TestNGMapConfigurator@4a0c68c3
Starting test setServiceDefaults(org.jclouds.epc.compute.EucalyptusPartnerCloudEucalyptusComputeServiceLiveTest)
[TestNG] Test setServiceDefaults(org.jclouds.epc.compute.EucalyptusPartnerCloudEucalyptusComputeServiceLiveTest) succeeded: 1ms
Test suite progress: tests succeeded: 1, failed: 0, skipped: 0.
Starting test testCompareSizes(org.jclouds.epc.compute.EucalyptusPartnerCloudEucalyptusComputeServiceLiveTest)
Apr 23, 2012 11:48:43 PM org.jclouds.compute.internal.BaseComputeServiceLiveTest testCompareSizes
INFO: smallest [id=m1.small, providerId=m1.small, name=null, processors=[[cores=1.0, speed=1.0]], ram=1740, volumes=[[id=null, type=LOCAL, size=10.0, device=/dev/sda1, durable=false, isBootDevice=true], [id=null, type=LOCAL, size=150.0, device=/dev/sda2, durable=false, isBootDevice=false]], hypervisor=null, supportsImage=And(ALWAYS_TRUE,Or(isWindows(),requiresVirtualizationType(paravirtual)),ALWAYS_TRUE,ALWAYS_TRUE), tags=[]]
Apr 23, 2012 11:48:43 PM org.jclouds.compute.internal.BaseComputeServiceLiveTest testCompareSizes
INFO: fastest [id=c1.xlarge, providerId=c1.xlarge, name=null, processors=[[cores=8.0, speed=2.5]], ram=7168, volumes=[[id=null, type=LOCAL, size=10.0, device=/dev/sda1, durable=false, isBootDevice=true], [id=null, type=LOCAL, size=420.0, device=/dev/sdb, durable=false, isBootDevice=false], [id=null, type=LOCAL, size=420.0, device=/dev/sdc, durable=false, isBootDevice=false], [id=null, type=LOCAL, size=420.0, device=/dev/sdd, durable=false, isBootDevice=false], [id=null, type=LOCAL, size=420.0, device=/dev/sde, durable=false, isBootDevice=false]], hypervisor=null, supportsImage=And(ALWAYS_TRUE,Or(isWindows(),requiresVirtualizationType(paravirtual)),ALWAYS_TRUE,is64Bit()), tags=[]]
Apr 23, 2012 11:48:43 PM org.jclouds.compute.internal.BaseComputeServiceLiveTest testCompareSizes
INFO: biggest [id=c1.xlarge, providerId=c1.xlarge, name=null, processors=[[cores=8.0, speed=2.5]], ram=7168, volumes=[[id=null, type=LOCAL, size=10.0, device=/dev/sda1, durable=false, isBootDevice=true], [id=null, type=LOCAL, size=420.0, device=/dev/sdb, durable=false, isBootDevice=false], [id=null, type=LOCAL, size=420.0, device=/dev/sdc, durable=false, isBootDevice=false], [id=null, type=LOCAL, size=420.0, device=/dev/sdd, durable=false, isBootDevice=false], [id=null, type=LOCAL, size=420.0, device=/dev/sde, durable=false, isBootDevice=false]], hypervisor=null, supportsImage=And(ALWAYS_TRUE,Or(isWindows(),requiresVirtualizationType(paravirtual)),ALWAYS_TRUE,is64Bit()), tags=[]]
[TestNG] Test testCompareSizes(org.jclouds.epc.compute.EucalyptusPartnerCloudEucalyptusComputeServiceLiveTest) succeeded: 1262ms
Test suite progress: tests succeeded: 2, failed: 0, skipped: 0.
Starting test testCorrectAuthException(org.jclouds.epc.compute.EucalyptusPartnerCloudEucalyptusComputeServiceLiveTest)
[TestNG] Test testCorrectAuthException(org.jclouds.epc.compute.EucalyptusPartnerCloudEucalyptusComputeServiceLiveTest) failed.
Test suite progress: tests succeeded: 2, failed: 1, skipped: 0.
Starting test testCorrectExceptionRunningNodesNotFound(org.jclouds.epc.compute.EucalyptusPartnerCloudEucalyptusComputeServiceLiveTest)
[TestNG] Test testCorrectExceptionRunningNodesNotFound(org.jclouds.epc.compute.EucalyptusPartnerCloudEucalyptusComputeServiceLiveTest) succeeded: 82ms
Test suite progress: tests succeeded: 3, failed: 1, skipped: 0.
Starting test testGetAssignableLocations(org.jclouds.epc.compute.EucalyptusPartnerCloudEucalyptusComputeServiceLiveTest)
Apr 23, 2012 11:48:43 PM org.jclouds.compute.internal.BaseComputeServiceLiveTest testGetAssignableLocations
WARNING: location [id=Eucalyptus, scope=REGION, description=Eucalyptus, parent=eucalyptus-partnercloud-ec2, iso3166Codes=[US-CA], metadata={}]
Apr 23, 2012 11:48:43 PM org.jclouds.compute.internal.BaseComputeServiceLiveTest testGetAssignableLocations
WARNING: location [id=kvm-cluster, scope=ZONE, description=kvm-cluster, parent=Eucalyptus, iso3166Codes=[US-CA], metadata={}]
Apr 23, 2012 11:48:43 PM org.jclouds.compute.internal.BaseComputeServiceLiveTest testGetAssignableLocations
WARNING: location [id=xen-cluster, scope=ZONE, description=xen-cluster, parent=Eucalyptus, iso3166Codes=[US-CA], metadata={}]
[TestNG] Test testGetAssignableLocations(org.jclouds.epc.compute.EucalyptusPartnerCloudEucalyptusComputeServiceLiveTest) succeeded: 1ms
Test suite progress: tests succeeded: 4, failed: 1, skipped: 0.
Starting test testImagesCache(org.jclouds.epc.compute.EucalyptusPartnerCloudEucalyptusComputeServiceLiveTest)
[TestNG] Test testImagesCache(org.jclouds.epc.compute.EucalyptusPartnerCloudEucalyptusComputeServiceLiveTest) succeeded: 0ms
Test suite progress: tests succeeded: 5, failed: 1, skipped: 0.
Starting test testListImages(org.jclouds.epc.compute.EucalyptusPartnerCloudEucalyptusComputeServiceLiveTest)
[TestNG] Test testListImages(org.jclouds.epc.compute.EucalyptusPartnerCloudEucalyptusComputeServiceLiveTest) succeeded: 0ms
Test suite progress: tests succeeded: 6, failed: 1, skipped: 0.
Starting test testListSizes(org.jclouds.epc.compute.EucalyptusPartnerCloudEucalyptusComputeServiceLiveTest)
[TestNG] Test testListSizes(org.jclouds.epc.compute.EucalyptusPartnerCloudEucalyptusComputeServiceLiveTest) succeeded: 0ms
Test suite progress: tests succeeded: 7, failed: 1, skipped: 0.
Starting test testOptionToNotBlock(org.jclouds.epc.compute.EucalyptusPartnerCloudEucalyptusComputeServiceLiveTest)
[TestNG] Test testOptionToNotBlock(org.jclouds.epc.compute.EucalyptusPartnerCloudEucalyptusComputeServiceLiveTest) succeeded: 34059ms
Test suite progress: tests succeeded: 8, failed: 1, skipped: 0.
Starting test testAutoIpAllocation(org.jclouds.epc.compute.EucalyptusPartnerCloudEucalyptusComputeServiceLiveTest)
[TestNG] Test testAutoIpAllocation(org.jclouds.epc.compute.EucalyptusPartnerCloudEucalyptusComputeServiceLiveTest) failed.
Test suite progress: tests succeeded: 8, failed: 2, skipped: 0.
Starting test testMapEBS(org.jclouds.epc.compute.EucalyptusPartnerCloudEucalyptusComputeServiceLiveTest)
[TestNG] Test testMapEBS(org.jclouds.epc.compute.EucalyptusPartnerCloudEucalyptusComputeServiceLiveTest) succeeded: 0ms
Test suite progress: tests succeeded: 9, failed: 2, skipped: 0.
Starting test testCreateAndRunAService(org.jclouds.epc.compute.EucalyptusPartnerCloudEucalyptusComputeServiceLiveTest)
Apr 23, 2012 11:51:07 PM org.jclouds.compute.internal.BaseComputeServiceLiveTest testCreateAndRunAService
INFO: << available node(Eucalyptus/i-3ADB0729) os([name=null, family=ubuntu, version=10.04, arch=paravirtual, is64Bit=true, description=ubuntu-10.04-x86_64/ubuntu.10-04.x86-64.img.manifest.xml]) in 45s
SLF4J: Failed to load class "org.slf4j.impl.StaticLoggerBinder".
SLF4J: Defaulting to no-operation (NOP) logger implementation
SLF4J: See http://www.slf4j.org/codes.html#StaticLoggerBinder for further details.
Apr 23, 2012 11:58:03 PM org.jclouds.compute.internal.BaseComputeServiceLiveTest testCreateAndRunAService
INFO: << configured node(Eucalyptus/i-3ADB0729) with java full version "1.6.0_20-b20" and JBoss 7.0.2.Final in 413s
Apr 23, 2012 11:58:07 PM org.jclouds.compute.internal.BaseComputeServiceLiveTest trackAvailabilityOfProcessOnNode
INFO: << initial start of jboss on node(Eucalyptus/i-3ADB0729) [backgroundProcessMilliseconds=2298, socketOpenMilliseconds=1368, reportedStartupTimeMilliseconds=0]
Apr 23, 2012 11:58:11 PM org.jclouds.compute.internal.BaseComputeServiceLiveTest trackAvailabilityOfProcessOnNode
INFO: << warm start of jboss on node(Eucalyptus/i-3ADB0729) [backgroundProcessMilliseconds=1621, socketOpenMilliseconds=1135, reportedStartupTimeMilliseconds=0]
[TestNG] Test testCreateAndRunAService(org.jclouds.epc.compute.EucalyptusPartnerCloudEucalyptusComputeServiceLiveTest) succeeded: 479330ms
Test suite progress: tests succeeded: 10, failed: 2, skipped: 0.
Starting test testAScriptExecutionAfterBootWithBasicTemplate(org.jclouds.epc.compute.EucalyptusPartnerCloudEucalyptusComputeServiceLiveTest)
<< problem applying options to node(Eucalyptus/i-49C107F2): 
org.jclouds.rest.AuthorizationException: (root:pw[5d907853a9617cfd55fb62eae803595b]@173.205.188.182:22) (root:pw[5d907853a9617cfd55fb62eae803595b]@173.205.188.182:22) error acquiring {hostAndPort=173.205.188.182:22, loginUser=root, ssh=null, connectTimeout=60000, sessionTimeout=60000} (not retryable): Exhausted available authentication methods
	at org.jclouds.sshj.SshjSshClient.propagate(SshjSshClient.java:381)
	at org.jclouds.sshj.SshjSshClient.acquire(SshjSshClient.java:212)
	at org.jclouds.sshj.SshjSshClient.connect(SshjSshClient.java:222)
	at org.jclouds.compute.callables.RunScriptOnNodeUsingSsh.call(RunScriptOnNodeUsingSsh.java:80)
	at org.jclouds.compute.strategy.RunScriptOnNodeAndAddToGoodMapOrPutExceptionIntoBadMap.call(RunScriptOnNodeAndAddToGoodMapOrPutExceptionIntoBadMap.java:69)
	at org.jclouds.compute.strategy.RunScriptOnNodeAndAddToGoodMapOrPutExceptionIntoBadMap.call(RunScriptOnNodeAndAddToGoodMapOrPutExceptionIntoBadMap.java:44)
	at java.util.concurrent.FutureTask$Sync.innerRun(FutureTask.java:303)
	at java.util.concurrent.FutureTask.run(FutureTask.java:138)
	at java.util.concurrent.ThreadPoolExecutor$Worker.runTask(ThreadPoolExecutor.java:886)
	at java.util.concurrent.ThreadPoolExecutor$Worker.run(ThreadPoolExecutor.java:908)
	at java.lang.Thread.run(Thread.java:680)
Caused by: net.schmizz.sshj.userauth.UserAuthException: Exhausted available authentication methods
	at net.schmizz.sshj.userauth.UserAuthImpl.authenticate(UserAuthImpl.java:114)
	at net.schmizz.sshj.SSHClient.auth(SSHClient.java:204)
	at net.schmizz.sshj.SSHClient.auth(SSHClient.java:189)
	at net.schmizz.sshj.SSHClient.authPassword(SSHClient.java:265)
	at net.schmizz.sshj.SSHClient.authPassword(SSHClient.java:235)
	at net.schmizz.sshj.SSHClient.authPassword(SSHClient.java:219)
	at org.jclouds.sshj.SSHClientConnection.create(SSHClientConnection.java:138)
	at org.jclouds.sshj.SSHClientConnection.create(SSHClientConnection.java:40)
	at org.jclouds.sshj.SshjSshClient.acquire(SshjSshClient.java:192)
	... 9 more
Caused by: net.schmizz.sshj.userauth.UserAuthException: keyboard-interactive auth not allowed by server
	at net.schmizz.sshj.userauth.UserAuthImpl.authenticate(UserAuthImpl.java:81)
	... 17 more
<< problem applying options to node(Eucalyptus/i-49C107F2): 
java.lang.RuntimeException: org.jclouds.compute.callables.ScriptStillRunningException: time up waiting 600s for BlockUntilInitScriptStatusIsZeroThenReturnOutput{commandRunner=RunScriptOnNodeAsInitScriptUsingSshAndBlockUntilComplete{node=Eucalyptus/i-49C107F2, name=runScriptWithCreds, runAsRoot=true}} to complete. call get() on this exception to get access to the task in progress
	at com.google.common.base.Throwables.propagate(Throwables.java:160)
	at org.jclouds.compute.callables.RunScriptOnNodeAsInitScriptUsingSshAndBlockUntilComplete.doCall(RunScriptOnNodeAsInitScriptUsingSshAndBlockUntilComplete.java:65)
	at org.jclouds.compute.callables.RunScriptOnNodeAsInitScriptUsingSsh.call(RunScriptOnNodeAsInitScriptUsingSsh.java:79)
	at org.jclouds.compute.strategy.RunScriptOnNodeAndAddToGoodMapOrPutExceptionIntoBadMap.call(RunScriptOnNodeAndAddToGoodMapOrPutExceptionIntoBadMap.java:69)
	at org.jclouds.compute.strategy.RunScriptOnNodeAndAddToGoodMapOrPutExceptionIntoBadMap.call(RunScriptOnNodeAndAddToGoodMapOrPutExceptionIntoBadMap.java:44)
	at java.util.concurrent.FutureTask$Sync.innerRun(FutureTask.java:303)
	at java.util.concurrent.FutureTask.run(FutureTask.java:138)
	at java.util.concurrent.ThreadPoolExecutor$Worker.runTask(ThreadPoolExecutor.java:886)
	at java.util.concurrent.ThreadPoolExecutor$Worker.run(ThreadPoolExecutor.java:908)
	at java.lang.Thread.run(Thread.java:680)
Caused by: org.jclouds.compute.callables.ScriptStillRunningException: time up waiting 600s for BlockUntilInitScriptStatusIsZeroThenReturnOutput{commandRunner=RunScriptOnNodeAsInitScriptUsingSshAndBlockUntilComplete{node=Eucalyptus/i-49C107F2, name=runScriptWithCreds, runAsRoot=true}} to complete. call get() on this exception to get access to the task in progress
	at org.jclouds.compute.callables.BlockUntilInitScriptStatusIsZeroThenReturnOutput.get(BlockUntilInitScriptStatusIsZeroThenReturnOutput.java:198)
	at org.jclouds.compute.callables.RunScriptOnNodeAsInitScriptUsingSshAndBlockUntilComplete.doCall(RunScriptOnNodeAsInitScriptUsingSshAndBlockUntilComplete.java:62)
	... 8 more
Caused by: java.util.concurrent.TimeoutException: Timeout waiting for task.
	at com.google.common.util.concurrent.AbstractFuture$Sync.get(AbstractFuture.java:259)
	at com.google.common.util.concurrent.AbstractFuture.get(AbstractFuture.java:91)
	at org.jclouds.compute.callables.BlockUntilInitScriptStatusIsZeroThenReturnOutput.get(BlockUntilInitScriptStatusIsZeroThenReturnOutput.java:196)
	... 9 more
[TestNG] Test testAScriptExecutionAfterBootWithBasicTemplate(org.jclouds.epc.compute.EucalyptusPartnerCloudEucalyptusComputeServiceLiveTest) failed.
Test suite progress: tests succeeded: 10, failed: 3, skipped: 0.
Starting test testCreateTwoNodesWithRunScript(org.jclouds.epc.compute.EucalyptusPartnerCloudEucalyptusComputeServiceLiveTest)
[TestNG] Test testCreateTwoNodesWithRunScript(org.jclouds.epc.compute.EucalyptusPartnerCloudEucalyptusComputeServiceLiveTest) succeeded: 480540ms
Test suite progress: tests succeeded: 11, failed: 3, skipped: 0.
Starting test testTemplateMatch(org.jclouds.epc.compute.EucalyptusPartnerCloudEucalyptusComputeServiceLiveTest)
[TestNG] Test testTemplateMatch(org.jclouds.epc.compute.EucalyptusPartnerCloudEucalyptusComputeServiceLiveTest) succeeded: 356ms
Test suite progress: tests succeeded: 12, failed: 3, skipped: 0.
Starting test testExtendedOptionsAndLogin(org.jclouds.epc.compute.EucalyptusPartnerCloudEucalyptusComputeServiceLiveTest)
[TestNG] Test testExtendedOptionsAndLogin(org.jclouds.epc.compute.EucalyptusPartnerCloudEucalyptusComputeServiceLiveTest) succeeded: 661271ms
Test suite progress: tests succeeded: 13, failed: 3, skipped: 0.
[TestNG] Test testImagesResolveCorrectly(org.jclouds.epc.compute.EucalyptusPartnerCloudEucalyptusComputeServiceLiveTest) skipped.
Test suite progress: tests succeeded: 13, failed: 3, skipped: 1.
Starting test testCreateAnotherNodeWithANewContextToEnsureSharedMemIsntRequired(org.jclouds.epc.compute.EucalyptusPartnerCloudEucalyptusComputeServiceLiveTest)
Apr 24, 2012 12:28:44 AM org.jclouds.compute.internal.BaseComputeServiceLiveTest testCreateAnotherNodeWithANewContextToEnsureSharedMemIsntRequired
INFO: creating another node based on existing nodes' location: [id=kvm-cluster, scope=ZONE, description=kvm-cluster, parent=Eucalyptus, iso3166Codes=[US-CA], metadata={}]
[TestNG] Test testCreateAnotherNodeWithANewContextToEnsureSharedMemIsntRequired(org.jclouds.epc.compute.EucalyptusPartnerCloudEucalyptusComputeServiceLiveTest) succeeded: 486761ms
Test suite progress: tests succeeded: 14, failed: 3, skipped: 1.
Starting test testCredentialsCache(org.jclouds.epc.compute.EucalyptusPartnerCloudEucalyptusComputeServiceLiveTest)
[TestNG] Test testCredentialsCache(org.jclouds.epc.compute.EucalyptusPartnerCloudEucalyptusComputeServiceLiveTest) succeeded: 110ms
Test suite progress: tests succeeded: 15, failed: 3, skipped: 1.
Starting test testGet(org.jclouds.epc.compute.EucalyptusPartnerCloudEucalyptusComputeServiceLiveTest)
[TestNG] Test testGet(org.jclouds.epc.compute.EucalyptusPartnerCloudEucalyptusComputeServiceLiveTest) succeeded: 792ms
Test suite progress: tests succeeded: 16, failed: 3, skipped: 1.
Starting test testReboot(org.jclouds.epc.compute.EucalyptusPartnerCloudEucalyptusComputeServiceLiveTest)
[TestNG] Test testReboot(org.jclouds.epc.compute.EucalyptusPartnerCloudEucalyptusComputeServiceLiveTest) succeeded: 933ms
Test suite progress: tests succeeded: 17, failed: 3, skipped: 1.
Starting test testSuspendResume(org.jclouds.epc.compute.EucalyptusPartnerCloudEucalyptusComputeServiceLiveTest)
[TestNG] Test testSuspendResume(org.jclouds.epc.compute.EucalyptusPartnerCloudEucalyptusComputeServiceLiveTest) succeeded: 120ms
Test suite progress: tests succeeded: 18, failed: 3, skipped: 1.
Starting test testGetNodesWithDetails(org.jclouds.epc.compute.EucalyptusPartnerCloudEucalyptusComputeServiceLiveTest)
[TestNG] Test testGetNodesWithDetails(org.jclouds.epc.compute.EucalyptusPartnerCloudEucalyptusComputeServiceLiveTest) succeeded: 124ms
Test suite progress: tests succeeded: 19, failed: 3, skipped: 1.
Starting test testListNodes(org.jclouds.epc.compute.EucalyptusPartnerCloudEucalyptusComputeServiceLiveTest)
[TestNG] Test testListNodes(org.jclouds.epc.compute.EucalyptusPartnerCloudEucalyptusComputeServiceLiveTest) succeeded: 74ms
Test suite progress: tests succeeded: 20, failed: 3, skipped: 1.
Starting test testDestroyNodes(org.jclouds.epc.compute.EucalyptusPartnerCloudEucalyptusComputeServiceLiveTest)
[TestNG] Test testDestroyNodes(org.jclouds.epc.compute.EucalyptusPartnerCloudEucalyptusComputeServiceLiveTest) succeeded: 9173ms
Test suite progress: tests succeeded: 21, failed: 3, skipped: 1.
Starting test testCompareSizes(org.jclouds.epc.compute.EucalyptusPartnerCloudEucalyptusTemplateBuilderLiveTest)
smallest [id=m1.small, providerId=m1.small, name=null, processors=[[cores=1.0, speed=1.0]], ram=1740, volumes=[[id=null, type=LOCAL, size=10.0, device=/dev/sda1, durable=false, isBootDevice=true], [id=null, type=LOCAL, size=150.0, device=/dev/sda2, durable=false, isBootDevice=false]], hypervisor=null, supportsImage=And(ALWAYS_TRUE,Or(isWindows(),requiresVirtualizationType(paravirtual)),ALWAYS_TRUE,ALWAYS_TRUE), tags=[]]
fastest [id=c1.xlarge, providerId=c1.xlarge, name=null, processors=[[cores=8.0, speed=2.5]], ram=7168, volumes=[[id=null, type=LOCAL, size=10.0, device=/dev/sda1, durable=false, isBootDevice=true], [id=null, type=LOCAL, size=420.0, device=/dev/sdb, durable=false, isBootDevice=false], [id=null, type=LOCAL, size=420.0, device=/dev/sdc, durable=false, isBootDevice=false], [id=null, type=LOCAL, size=420.0, device=/dev/sdd, durable=false, isBootDevice=false], [id=null, type=LOCAL, size=420.0, device=/dev/sde, durable=false, isBootDevice=false]], hypervisor=null, supportsImage=And(ALWAYS_TRUE,Or(isWindows(),requiresVirtualizationType(paravirtual)),ALWAYS_TRUE,is64Bit()), tags=[]]
biggest [id=c1.xlarge, providerId=c1.xlarge, name=null, processors=[[cores=8.0, speed=2.5]], ram=7168, volumes=[[id=null, type=LOCAL, size=10.0, device=/dev/sda1, durable=false, isBootDevice=true], [id=null, type=LOCAL, size=420.0, device=/dev/sdb, durable=false, isBootDevice=false], [id=null, type=LOCAL, size=420.0, device=/dev/sdc, durable=false, isBootDevice=false], [id=null, type=LOCAL, size=420.0, device=/dev/sdd, durable=false, isBootDevice=false], [id=null, type=LOCAL, size=420.0, device=/dev/sde, durable=false, isBootDevice=false]], hypervisor=null, supportsImage=And(ALWAYS_TRUE,Or(isWindows(),requiresVirtualizationType(paravirtual)),ALWAYS_TRUE,is64Bit()), tags=[]]
[TestNG] Test testCompareSizes(org.jclouds.epc.compute.EucalyptusPartnerCloudEucalyptusTemplateBuilderLiveTest) succeeded: 249ms
Test suite progress: tests succeeded: 22, failed: 3, skipped: 1.
Starting test testFromTemplate(org.jclouds.epc.compute.EucalyptusPartnerCloudEucalyptusTemplateBuilderLiveTest)
[TestNG] Test testFromTemplate(org.jclouds.epc.compute.EucalyptusPartnerCloudEucalyptusTemplateBuilderLiveTest) succeeded: 3ms
Test suite progress: tests succeeded: 23, failed: 3, skipped: 1.
Starting test testGetAssignableLocations(org.jclouds.epc.compute.EucalyptusPartnerCloudEucalyptusTemplateBuilderLiveTest)
location [id=Eucalyptus, scope=REGION, description=Eucalyptus, parent=eucalyptus-partnercloud-ec2, iso3166Codes=[US-CA], metadata={}]
location [id=kvm-cluster, scope=ZONE, description=kvm-cluster, parent=Eucalyptus, iso3166Codes=[US-CA], metadata={}]
location [id=xen-cluster, scope=ZONE, description=xen-cluster, parent=Eucalyptus, iso3166Codes=[US-CA], metadata={}]
[TestNG] Test testGetAssignableLocations(org.jclouds.epc.compute.EucalyptusPartnerCloudEucalyptusTemplateBuilderLiveTest) succeeded: 1ms
Test suite progress: tests succeeded: 24, failed: 3, skipped: 1.
Starting test testTemplateBuilderCanFind(org.jclouds.epc.compute.EucalyptusPartnerCloudEucalyptusTemplateBuilderLiveTest)
[TestNG] Test testTemplateBuilderCanFind(org.jclouds.epc.compute.EucalyptusPartnerCloudEucalyptusTemplateBuilderLiveTest) succeeded: 2ms
Test suite progress: tests succeeded: 25, failed: 3, skipped: 1.
Starting test testTemplateBuilderCanFind(org.jclouds.epc.compute.EucalyptusPartnerCloudEucalyptusTemplateBuilderLiveTest)
[TestNG] Test testTemplateBuilderCanFind(org.jclouds.epc.compute.EucalyptusPartnerCloudEucalyptusTemplateBuilderLiveTest) succeeded: 1ms
Test suite progress: tests succeeded: 26, failed: 3, skipped: 1.
Starting test testTemplateBuilderCanFind(org.jclouds.epc.compute.EucalyptusPartnerCloudEucalyptusTemplateBuilderLiveTest)
[TestNG] Test testTemplateBuilderCanFind(org.jclouds.epc.compute.EucalyptusPartnerCloudEucalyptusTemplateBuilderLiveTest) succeeded: 1ms
Test suite progress: tests succeeded: 27, failed: 3, skipped: 1.
Starting test testTemplateBuilderCanFind(org.jclouds.epc.compute.EucalyptusPartnerCloudEucalyptusTemplateBuilderLiveTest)
[TestNG] Test testTemplateBuilderCanFind(org.jclouds.epc.compute.EucalyptusPartnerCloudEucalyptusTemplateBuilderLiveTest) succeeded: 1ms
Test suite progress: tests succeeded: 28, failed: 3, skipped: 1.
Starting test testTemplateBuilderCanFind(org.jclouds.epc.compute.EucalyptusPartnerCloudEucalyptusTemplateBuilderLiveTest)
[TestNG] Test testTemplateBuilderCanFind(org.jclouds.epc.compute.EucalyptusPartnerCloudEucalyptusTemplateBuilderLiveTest) succeeded: 18ms
Test suite progress: tests succeeded: 29, failed: 3, skipped: 1.
Starting test testTemplateBuilderCanFind(org.jclouds.epc.compute.EucalyptusPartnerCloudEucalyptusTemplateBuilderLiveTest)
[TestNG] Test testTemplateBuilderCanFind(org.jclouds.epc.compute.EucalyptusPartnerCloudEucalyptusTemplateBuilderLiveTest) succeeded: 1ms
Test suite progress: tests succeeded: 30, failed: 3, skipped: 1.
Starting test testTemplateBuilderCanFind(org.jclouds.epc.compute.EucalyptusPartnerCloudEucalyptusTemplateBuilderLiveTest)
[TestNG] Test testTemplateBuilderCanFind(org.jclouds.epc.compute.EucalyptusPartnerCloudEucalyptusTemplateBuilderLiveTest) succeeded: 0ms
Test suite progress: tests succeeded: 31, failed: 3, skipped: 1.
Starting test testTemplateBuilderCanUseImageId(org.jclouds.epc.compute.EucalyptusPartnerCloudEucalyptusTemplateBuilderLiveTest)
[TestNG] Test testTemplateBuilderCanUseImageId(org.jclouds.epc.compute.EucalyptusPartnerCloudEucalyptusTemplateBuilderLiveTest) succeeded: 536ms
Test suite progress: tests succeeded: 32, failed: 3, skipped: 1.
Starting test testTemplateBuilderCannotFind(org.jclouds.epc.compute.EucalyptusPartnerCloudEucalyptusTemplateBuilderLiveTest)
[TestNG] Test testTemplateBuilderCannotFind(org.jclouds.epc.compute.EucalyptusPartnerCloudEucalyptusTemplateBuilderLiveTest) succeeded: 84ms
Test suite progress: tests succeeded: 33, failed: 3, skipped: 1.
Starting test testTemplateBuilderCannotFind(org.jclouds.epc.compute.EucalyptusPartnerCloudEucalyptusTemplateBuilderLiveTest)
[TestNG] Test testTemplateBuilderCannotFind(org.jclouds.epc.compute.EucalyptusPartnerCloudEucalyptusTemplateBuilderLiveTest) succeeded: 1ms
Test suite progress: tests succeeded: 34, failed: 3, skipped: 1.
Starting test testTemplateBuilderCannotFind(org.jclouds.epc.compute.EucalyptusPartnerCloudEucalyptusTemplateBuilderLiveTest)
[TestNG] Test testTemplateBuilderCannotFind(org.jclouds.epc.compute.EucalyptusPartnerCloudEucalyptusTemplateBuilderLiveTest) succeeded: 1ms
Test suite progress: tests succeeded: 35, failed: 3, skipped: 1.
Starting test testTemplateBuilderCannotFind(org.jclouds.epc.compute.EucalyptusPartnerCloudEucalyptusTemplateBuilderLiveTest)
[TestNG] Test testTemplateBuilderCannotFind(org.jclouds.epc.compute.EucalyptusPartnerCloudEucalyptusTemplateBuilderLiveTest) succeeded: 1ms
Test suite progress: tests succeeded: 36, failed: 3, skipped: 1.
Starting test testTemplateBuilderCannotFind(org.jclouds.epc.compute.EucalyptusPartnerCloudEucalyptusTemplateBuilderLiveTest)
[TestNG] Test testTemplateBuilderCannotFind(org.jclouds.epc.compute.EucalyptusPartnerCloudEucalyptusTemplateBuilderLiveTest) succeeded: 1ms
Test suite progress: tests succeeded: 37, failed: 3, skipped: 1.
Starting test testTemplateBuilderCannotFind(org.jclouds.epc.compute.EucalyptusPartnerCloudEucalyptusTemplateBuilderLiveTest)
[TestNG] Test testTemplateBuilderCannotFind(org.jclouds.epc.compute.EucalyptusPartnerCloudEucalyptusTemplateBuilderLiveTest) succeeded: 0ms
Test suite progress: tests succeeded: 38, failed: 3, skipped: 1.
Starting test testTemplateBuilderCannotFind(org.jclouds.epc.compute.EucalyptusPartnerCloudEucalyptusTemplateBuilderLiveTest)
[TestNG] Test testTemplateBuilderCannotFind(org.jclouds.epc.compute.EucalyptusPartnerCloudEucalyptusTemplateBuilderLiveTest) succeeded: 0ms
Test suite progress: tests succeeded: 39, failed: 3, skipped: 1.
Starting test testTemplateBuilderCannotFind(org.jclouds.epc.compute.EucalyptusPartnerCloudEucalyptusTemplateBuilderLiveTest)
[TestNG] Test testTemplateBuilderCannotFind(org.jclouds.epc.compute.EucalyptusPartnerCloudEucalyptusTemplateBuilderLiveTest) succeeded: 0ms
Test suite progress: tests succeeded: 40, failed: 3, skipped: 1.
Starting test testTemplateBuilderCannotFind(org.jclouds.epc.compute.EucalyptusPartnerCloudEucalyptusTemplateBuilderLiveTest)
[TestNG] Test testTemplateBuilderCannotFind(org.jclouds.epc.compute.EucalyptusPartnerCloudEucalyptusTemplateBuilderLiveTest) succeeded: 1ms
Test suite progress: tests succeeded: 41, failed: 3, skipped: 1.
Starting test testTemplateBuilderCannotFind(org.jclouds.epc.compute.EucalyptusPartnerCloudEucalyptusTemplateBuilderLiveTest)
[TestNG] Test testTemplateBuilderCannotFind(org.jclouds.epc.compute.EucalyptusPartnerCloudEucalyptusTemplateBuilderLiveTest) succeeded: 3ms
Test suite progress: tests succeeded: 42, failed: 3, skipped: 1.
Starting test testTemplateBuilderCannotFind(org.jclouds.epc.compute.EucalyptusPartnerCloudEucalyptusTemplateBuilderLiveTest)
[TestNG] Test testTemplateBuilderCannotFind(org.jclouds.epc.compute.EucalyptusPartnerCloudEucalyptusTemplateBuilderLiveTest) succeeded: 0ms
Test suite progress: tests succeeded: 43, failed: 3, skipped: 1.
Starting test testTemplateBuilderCannotFind(org.jclouds.epc.compute.EucalyptusPartnerCloudEucalyptusTemplateBuilderLiveTest)
[TestNG] Test testTemplateBuilderCannotFind(org.jclouds.epc.compute.EucalyptusPartnerCloudEucalyptusTemplateBuilderLiveTest) succeeded: 0ms
Test suite progress: tests succeeded: 44, failed: 3, skipped: 1.
Starting test testTemplateBuilderCannotFind(org.jclouds.epc.compute.EucalyptusPartnerCloudEucalyptusTemplateBuilderLiveTest)
[TestNG] Test testTemplateBuilderCannotFind(org.jclouds.epc.compute.EucalyptusPartnerCloudEucalyptusTemplateBuilderLiveTest) succeeded: 7ms
Test suite progress: tests succeeded: 45, failed: 3, skipped: 1.
Starting test testTemplateBuilderCannotFind(org.jclouds.epc.compute.EucalyptusPartnerCloudEucalyptusTemplateBuilderLiveTest)
[TestNG] Test testTemplateBuilderCannotFind(org.jclouds.epc.compute.EucalyptusPartnerCloudEucalyptusTemplateBuilderLiveTest) succeeded: 1ms
Test suite progress: tests succeeded: 46, failed: 3, skipped: 1.
Starting test testTemplateBuilderCannotFind(org.jclouds.epc.compute.EucalyptusPartnerCloudEucalyptusTemplateBuilderLiveTest)
[TestNG] Test testTemplateBuilderCannotFind(org.jclouds.epc.compute.EucalyptusPartnerCloudEucalyptusTemplateBuilderLiveTest) succeeded: 1ms
Test suite progress: tests succeeded: 47, failed: 3, skipped: 1.
Starting test testTemplateBuilderCannotFind(org.jclouds.epc.compute.EucalyptusPartnerCloudEucalyptusTemplateBuilderLiveTest)
[TestNG] Test testTemplateBuilderCannotFind(org.jclouds.epc.compute.EucalyptusPartnerCloudEucalyptusTemplateBuilderLiveTest) succeeded: 1ms
Test suite progress: tests succeeded: 48, failed: 3, skipped: 1.
Starting test testTemplateBuilderCannotFind(org.jclouds.epc.compute.EucalyptusPartnerCloudEucalyptusTemplateBuilderLiveTest)
[TestNG] Test testTemplateBuilderCannotFind(org.jclouds.epc.compute.EucalyptusPartnerCloudEucalyptusTemplateBuilderLiveTest) succeeded: 3ms
Test suite progress: tests succeeded: 49, failed: 3, skipped: 1.
Starting test testTemplateBuilderCannotFind(org.jclouds.epc.compute.EucalyptusPartnerCloudEucalyptusTemplateBuilderLiveTest)
[TestNG] Test testTemplateBuilderCannotFind(org.jclouds.epc.compute.EucalyptusPartnerCloudEucalyptusTemplateBuilderLiveTest) succeeded: 1ms
Test suite progress: tests succeeded: 50, failed: 3, skipped: 1.
Starting test testTemplateBuilderCannotFind(org.jclouds.epc.compute.EucalyptusPartnerCloudEucalyptusTemplateBuilderLiveTest)
[TestNG] Test testTemplateBuilderCannotFind(org.jclouds.epc.compute.EucalyptusPartnerCloudEucalyptusTemplateBuilderLiveTest) succeeded: 0ms
Test suite progress: tests succeeded: 51, failed: 3, skipped: 1.
Starting test testTemplateBuilderCannotFind(org.jclouds.epc.compute.EucalyptusPartnerCloudEucalyptusTemplateBuilderLiveTest)
[TestNG] Test testTemplateBuilderCannotFind(org.jclouds.epc.compute.EucalyptusPartnerCloudEucalyptusTemplateBuilderLiveTest) succeeded: 0ms
Test suite progress: tests succeeded: 52, failed: 3, skipped: 1.
Starting test testTemplateBuilderCannotFind(org.jclouds.epc.compute.EucalyptusPartnerCloudEucalyptusTemplateBuilderLiveTest)
[TestNG] Test testTemplateBuilderCannotFind(org.jclouds.epc.compute.EucalyptusPartnerCloudEucalyptusTemplateBuilderLiveTest) succeeded: 1ms
Test suite progress: tests succeeded: 53, failed: 3, skipped: 1.
Starting test testTemplateBuilderCannotFind(org.jclouds.epc.compute.EucalyptusPartnerCloudEucalyptusTemplateBuilderLiveTest)
[TestNG] Test testTemplateBuilderCannotFind(org.jclouds.epc.compute.EucalyptusPartnerCloudEucalyptusTemplateBuilderLiveTest) succeeded: 1ms
Test suite progress: tests succeeded: 54, failed: 3, skipped: 1.
Starting test testTemplateBuilderCannotFind(org.jclouds.epc.compute.EucalyptusPartnerCloudEucalyptusTemplateBuilderLiveTest)
[TestNG] Test testTemplateBuilderCannotFind(org.jclouds.epc.compute.EucalyptusPartnerCloudEucalyptusTemplateBuilderLiveTest) succeeded: 1ms
Test suite progress: tests succeeded: 55, failed: 3, skipped: 1.
Starting test testTemplateBuilderCannotFind(org.jclouds.epc.compute.EucalyptusPartnerCloudEucalyptusTemplateBuilderLiveTest)
[TestNG] Test testTemplateBuilderCannotFind(org.jclouds.epc.compute.EucalyptusPartnerCloudEucalyptusTemplateBuilderLiveTest) succeeded: 1ms
Test suite progress: tests succeeded: 56, failed: 3, skipped: 1.
Starting test testTemplateBuilderCannotFind(org.jclouds.epc.compute.EucalyptusPartnerCloudEucalyptusTemplateBuilderLiveTest)
[TestNG] Test testTemplateBuilderCannotFind(org.jclouds.epc.compute.EucalyptusPartnerCloudEucalyptusTemplateBuilderLiveTest) succeeded: 0ms
Test suite progress: tests succeeded: 57, failed: 3, skipped: 1.
Starting test testTemplateBuilderCannotFind(org.jclouds.epc.compute.EucalyptusPartnerCloudEucalyptusTemplateBuilderLiveTest)
[TestNG] Test testTemplateBuilderCannotFind(org.jclouds.epc.compute.EucalyptusPartnerCloudEucalyptusTemplateBuilderLiveTest) succeeded: 1ms
Test suite progress: tests succeeded: 58, failed: 3, skipped: 1.
Starting test testTemplateBuilderCannotFind(org.jclouds.epc.compute.EucalyptusPartnerCloudEucalyptusTemplateBuilderLiveTest)
[TestNG] Test testTemplateBuilderCannotFind(org.jclouds.epc.compute.EucalyptusPartnerCloudEucalyptusTemplateBuilderLiveTest) succeeded: 1ms
Test suite progress: tests succeeded: 59, failed: 3, skipped: 1.
Starting test testTemplateBuilderCannotFind(org.jclouds.epc.compute.EucalyptusPartnerCloudEucalyptusTemplateBuilderLiveTest)
[TestNG] Test testTemplateBuilderCannotFind(org.jclouds.epc.compute.EucalyptusPartnerCloudEucalyptusTemplateBuilderLiveTest) succeeded: 2ms
Test suite progress: tests succeeded: 60, failed: 3, skipped: 1.
Starting test testTemplateBuilderCannotFind(org.jclouds.epc.compute.EucalyptusPartnerCloudEucalyptusTemplateBuilderLiveTest)
[TestNG] Test testTemplateBuilderCannotFind(org.jclouds.epc.compute.EucalyptusPartnerCloudEucalyptusTemplateBuilderLiveTest) succeeded: 1ms
Test suite progress: tests succeeded: 61, failed: 3, skipped: 1.
Starting test testTemplateBuilderCannotFind(org.jclouds.epc.compute.EucalyptusPartnerCloudEucalyptusTemplateBuilderLiveTest)
[TestNG] Test testTemplateBuilderCannotFind(org.jclouds.epc.compute.EucalyptusPartnerCloudEucalyptusTemplateBuilderLiveTest) succeeded: 1ms
Test suite progress: tests succeeded: 62, failed: 3, skipped: 1.
Starting test testTemplateBuilderCannotFind(org.jclouds.epc.compute.EucalyptusPartnerCloudEucalyptusTemplateBuilderLiveTest)
[TestNG] Test testTemplateBuilderCannotFind(org.jclouds.epc.compute.EucalyptusPartnerCloudEucalyptusTemplateBuilderLiveTest) succeeded: 0ms
Test suite progress: tests succeeded: 63, failed: 3, skipped: 1.
Starting test testTemplateBuilderCannotFind(org.jclouds.epc.compute.EucalyptusPartnerCloudEucalyptusTemplateBuilderLiveTest)
[TestNG] Test testTemplateBuilderCannotFind(org.jclouds.epc.compute.EucalyptusPartnerCloudEucalyptusTemplateBuilderLiveTest) succeeded: 1ms
Test suite progress: tests succeeded: 64, failed: 3, skipped: 1.
Starting test testTemplateBuilderCannotFind(org.jclouds.epc.compute.EucalyptusPartnerCloudEucalyptusTemplateBuilderLiveTest)
[TestNG] Test testTemplateBuilderCannotFind(org.jclouds.epc.compute.EucalyptusPartnerCloudEucalyptusTemplateBuilderLiveTest) succeeded: 0ms
Test suite progress: tests succeeded: 65, failed: 3, skipped: 1.
Starting test testTemplateBuilderCannotFind(org.jclouds.epc.compute.EucalyptusPartnerCloudEucalyptusTemplateBuilderLiveTest)
[TestNG] Test testTemplateBuilderCannotFind(org.jclouds.epc.compute.EucalyptusPartnerCloudEucalyptusTemplateBuilderLiveTest) succeeded: 1ms
Test suite progress: tests succeeded: 66, failed: 3, skipped: 1.
Starting test testTemplateBuilderCannotFind(org.jclouds.epc.compute.EucalyptusPartnerCloudEucalyptusTemplateBuilderLiveTest)
[TestNG] Test testTemplateBuilderCannotFind(org.jclouds.epc.compute.EucalyptusPartnerCloudEucalyptusTemplateBuilderLiveTest) succeeded: 1ms
Test suite progress: tests succeeded: 67, failed: 3, skipped: 1.
Starting test testTemplateBuilderCannotFind(org.jclouds.epc.compute.EucalyptusPartnerCloudEucalyptusTemplateBuilderLiveTest)
[TestNG] Test testTemplateBuilderCannotFind(org.jclouds.epc.compute.EucalyptusPartnerCloudEucalyptusTemplateBuilderLiveTest) succeeded: 0ms
Test suite progress: tests succeeded: 68, failed: 3, skipped: 1.
Starting test testTemplateBuilderCannotFind(org.jclouds.epc.compute.EucalyptusPartnerCloudEucalyptusTemplateBuilderLiveTest)
[TestNG] Test testTemplateBuilderCannotFind(org.jclouds.epc.compute.EucalyptusPartnerCloudEucalyptusTemplateBuilderLiveTest) succeeded: 1ms
Test suite progress: tests succeeded: 69, failed: 3, skipped: 1.
Starting test testTemplateBuilderCannotFind(org.jclouds.epc.compute.EucalyptusPartnerCloudEucalyptusTemplateBuilderLiveTest)
[TestNG] Test testTemplateBuilderCannotFind(org.jclouds.epc.compute.EucalyptusPartnerCloudEucalyptusTemplateBuilderLiveTest) succeeded: 0ms
Test suite progress: tests succeeded: 70, failed: 3, skipped: 1.
Starting test testTemplateBuilderCannotFind(org.jclouds.epc.compute.EucalyptusPartnerCloudEucalyptusTemplateBuilderLiveTest)
[TestNG] Test testTemplateBuilderCannotFind(org.jclouds.epc.compute.EucalyptusPartnerCloudEucalyptusTemplateBuilderLiveTest) succeeded: 1ms
Test suite progress: tests succeeded: 71, failed: 3, skipped: 1.
Starting test testTemplateBuilderCannotFind(org.jclouds.epc.compute.EucalyptusPartnerCloudEucalyptusTemplateBuilderLiveTest)
[TestNG] Test testTemplateBuilderCannotFind(org.jclouds.epc.compute.EucalyptusPartnerCloudEucalyptusTemplateBuilderLiveTest) succeeded: 0ms
Test suite progress: tests succeeded: 72, failed: 3, skipped: 1.
Starting test testTemplateBuilderCannotFind(org.jclouds.epc.compute.EucalyptusPartnerCloudEucalyptusTemplateBuilderLiveTest)
[TestNG] Test testTemplateBuilderCannotFind(org.jclouds.epc.compute.EucalyptusPartnerCloudEucalyptusTemplateBuilderLiveTest) succeeded: 2ms
Test suite progress: tests succeeded: 73, failed: 3, skipped: 1.
Starting test testTemplateBuilderCannotFind(org.jclouds.epc.compute.EucalyptusPartnerCloudEucalyptusTemplateBuilderLiveTest)
[TestNG] Test testTemplateBuilderCannotFind(org.jclouds.epc.compute.EucalyptusPartnerCloudEucalyptusTemplateBuilderLiveTest) succeeded: 1ms
Test suite progress: tests succeeded: 74, failed: 3, skipped: 1.
Starting test testTemplateBuilderCannotFind(org.jclouds.epc.compute.EucalyptusPartnerCloudEucalyptusTemplateBuilderLiveTest)
[TestNG] Test testTemplateBuilderCannotFind(org.jclouds.epc.compute.EucalyptusPartnerCloudEucalyptusTemplateBuilderLiveTest) succeeded: 1ms
Test suite progress: tests succeeded: 75, failed: 3, skipped: 1.
Starting test testTemplateBuilderCannotFind(org.jclouds.epc.compute.EucalyptusPartnerCloudEucalyptusTemplateBuilderLiveTest)
[TestNG] Test testTemplateBuilderCannotFind(org.jclouds.epc.compute.EucalyptusPartnerCloudEucalyptusTemplateBuilderLiveTest) succeeded: 3ms
Test suite progress: tests succeeded: 76, failed: 3, skipped: 1.
Starting test testTemplateBuilderCannotFind(org.jclouds.epc.compute.EucalyptusPartnerCloudEucalyptusTemplateBuilderLiveTest)
[TestNG] Test testTemplateBuilderCannotFind(org.jclouds.epc.compute.EucalyptusPartnerCloudEucalyptusTemplateBuilderLiveTest) succeeded: 1ms
Test suite progress: tests succeeded: 77, failed: 3, skipped: 1.
Starting test testTemplateBuilderCannotFind(org.jclouds.epc.compute.EucalyptusPartnerCloudEucalyptusTemplateBuilderLiveTest)
[TestNG] Test testTemplateBuilderCannotFind(org.jclouds.epc.compute.EucalyptusPartnerCloudEucalyptusTemplateBuilderLiveTest) succeeded: 0ms
Test suite progress: tests succeeded: 78, failed: 3, skipped: 1.
Starting test testTemplateBuilderCannotFind(org.jclouds.epc.compute.EucalyptusPartnerCloudEucalyptusTemplateBuilderLiveTest)
[TestNG] Test testTemplateBuilderCannotFind(org.jclouds.epc.compute.EucalyptusPartnerCloudEucalyptusTemplateBuilderLiveTest) succeeded: 1ms
Test suite progress: tests succeeded: 79, failed: 3, skipped: 1.
Starting test testTemplateBuilderCannotFind(org.jclouds.epc.compute.EucalyptusPartnerCloudEucalyptusTemplateBuilderLiveTest)
[TestNG] Test testTemplateBuilderCannotFind(org.jclouds.epc.compute.EucalyptusPartnerCloudEucalyptusTemplateBuilderLiveTest) succeeded: 1ms
Test suite progress: tests succeeded: 80, failed: 3, skipped: 1.
Starting test testTemplateBuilderCannotFind(org.jclouds.epc.compute.EucalyptusPartnerCloudEucalyptusTemplateBuilderLiveTest)
[TestNG] Test testTemplateBuilderCannotFind(org.jclouds.epc.compute.EucalyptusPartnerCloudEucalyptusTemplateBuilderLiveTest) succeeded: 0ms
Test suite progress: tests succeeded: 81, failed: 3, skipped: 1.
Starting test testTemplateBuilderCannotFind(org.jclouds.epc.compute.EucalyptusPartnerCloudEucalyptusTemplateBuilderLiveTest)
[TestNG] Test testTemplateBuilderCannotFind(org.jclouds.epc.compute.EucalyptusPartnerCloudEucalyptusTemplateBuilderLiveTest) succeeded: 0ms
Test suite progress: tests succeeded: 82, failed: 3, skipped: 1.
Starting test testTemplateBuilderCannotFind(org.jclouds.epc.compute.EucalyptusPartnerCloudEucalyptusTemplateBuilderLiveTest)
[TestNG] Test testTemplateBuilderCannotFind(org.jclouds.epc.compute.EucalyptusPartnerCloudEucalyptusTemplateBuilderLiveTest) succeeded: 1ms
Test suite progress: tests succeeded: 83, failed: 3, skipped: 1.
Starting test testTemplateBuilderCannotFind(org.jclouds.epc.compute.EucalyptusPartnerCloudEucalyptusTemplateBuilderLiveTest)
[TestNG] Test testTemplateBuilderCannotFind(org.jclouds.epc.compute.EucalyptusPartnerCloudEucalyptusTemplateBuilderLiveTest) succeeded: 4ms
Test suite progress: tests succeeded: 84, failed: 3, skipped: 1.
Starting test testTemplateBuilderCannotFind(org.jclouds.epc.compute.EucalyptusPartnerCloudEucalyptusTemplateBuilderLiveTest)
[TestNG] Test testTemplateBuilderCannotFind(org.jclouds.epc.compute.EucalyptusPartnerCloudEucalyptusTemplateBuilderLiveTest) succeeded: 0ms
Test suite progress: tests succeeded: 85, failed: 3, skipped: 1.
Starting test testTemplateBuilderCannotFind(org.jclouds.epc.compute.EucalyptusPartnerCloudEucalyptusTemplateBuilderLiveTest)
[TestNG] Test testTemplateBuilderCannotFind(org.jclouds.epc.compute.EucalyptusPartnerCloudEucalyptusTemplateBuilderLiveTest) succeeded: 1ms
Test suite progress: tests succeeded: 86, failed: 3, skipped: 1.
Starting test testTemplateBuilderCannotFind(org.jclouds.epc.compute.EucalyptusPartnerCloudEucalyptusTemplateBuilderLiveTest)
[TestNG] Test testTemplateBuilderCannotFind(org.jclouds.epc.compute.EucalyptusPartnerCloudEucalyptusTemplateBuilderLiveTest) succeeded: 0ms
Test suite progress: tests succeeded: 87, failed: 3, skipped: 1.
Starting test testTemplateBuilderCannotFind(org.jclouds.epc.compute.EucalyptusPartnerCloudEucalyptusTemplateBuilderLiveTest)
[TestNG] Test testTemplateBuilderCannotFind(org.jclouds.epc.compute.EucalyptusPartnerCloudEucalyptusTemplateBuilderLiveTest) succeeded: 0ms
Test suite progress: tests succeeded: 88, failed: 3, skipped: 1.
Starting test testTemplateBuilderCannotFind(org.jclouds.epc.compute.EucalyptusPartnerCloudEucalyptusTemplateBuilderLiveTest)
[TestNG] Test testTemplateBuilderCannotFind(org.jclouds.epc.compute.EucalyptusPartnerCloudEucalyptusTemplateBuilderLiveTest) succeeded: 1ms
Test suite progress: tests succeeded: 89, failed: 3, skipped: 1.
Starting test testTemplateBuilderCannotFind(org.jclouds.epc.compute.EucalyptusPartnerCloudEucalyptusTemplateBuilderLiveTest)
[TestNG] Test testTemplateBuilderCannotFind(org.jclouds.epc.compute.EucalyptusPartnerCloudEucalyptusTemplateBuilderLiveTest) succeeded: 0ms
Test suite progress: tests succeeded: 90, failed: 3, skipped: 1.
Starting test testTemplateBuilderCannotFind(org.jclouds.epc.compute.EucalyptusPartnerCloudEucalyptusTemplateBuilderLiveTest)
[TestNG] Test testTemplateBuilderCannotFind(org.jclouds.epc.compute.EucalyptusPartnerCloudEucalyptusTemplateBuilderLiveTest) succeeded: 1ms
Test suite progress: tests succeeded: 91, failed: 3, skipped: 1.
Starting test testTemplateBuilderCannotFind(org.jclouds.epc.compute.EucalyptusPartnerCloudEucalyptusTemplateBuilderLiveTest)
[TestNG] Test testTemplateBuilderCannotFind(org.jclouds.epc.compute.EucalyptusPartnerCloudEucalyptusTemplateBuilderLiveTest) succeeded: 0ms
Test suite progress: tests succeeded: 92, failed: 3, skipped: 1.
Starting test testTemplateBuilderCannotFind(org.jclouds.epc.compute.EucalyptusPartnerCloudEucalyptusTemplateBuilderLiveTest)
[TestNG] Test testTemplateBuilderCannotFind(org.jclouds.epc.compute.EucalyptusPartnerCloudEucalyptusTemplateBuilderLiveTest) succeeded: 2ms
Test suite progress: tests succeeded: 93, failed: 3, skipped: 1.
Starting test testTemplateBuilderCannotFind(org.jclouds.epc.compute.EucalyptusPartnerCloudEucalyptusTemplateBuilderLiveTest)
[TestNG] Test testTemplateBuilderCannotFind(org.jclouds.epc.compute.EucalyptusPartnerCloudEucalyptusTemplateBuilderLiveTest) succeeded: 0ms
Test suite progress: tests succeeded: 94, failed: 3, skipped: 1.
Starting test testTemplateBuilderCannotFind(org.jclouds.epc.compute.EucalyptusPartnerCloudEucalyptusTemplateBuilderLiveTest)
[TestNG] Test testTemplateBuilderCannotFind(org.jclouds.epc.compute.EucalyptusPartnerCloudEucalyptusTemplateBuilderLiveTest) succeeded: 0ms
Test suite progress: tests succeeded: 95, failed: 3, skipped: 1.
Starting test testTemplateBuilderCannotFind(org.jclouds.epc.compute.EucalyptusPartnerCloudEucalyptusTemplateBuilderLiveTest)
[TestNG] Test testTemplateBuilderCannotFind(org.jclouds.epc.compute.EucalyptusPartnerCloudEucalyptusTemplateBuilderLiveTest) succeeded: 1ms
Test suite progress: tests succeeded: 96, failed: 3, skipped: 1.
Starting test testTemplateBuilderCannotFind(org.jclouds.epc.compute.EucalyptusPartnerCloudEucalyptusTemplateBuilderLiveTest)
[TestNG] Test testTemplateBuilderCannotFind(org.jclouds.epc.compute.EucalyptusPartnerCloudEucalyptusTemplateBuilderLiveTest) succeeded: 0ms
Test suite progress: tests succeeded: 97, failed: 3, skipped: 1.
Starting test testTemplateBuilderCannotFind(org.jclouds.epc.compute.EucalyptusPartnerCloudEucalyptusTemplateBuilderLiveTest)
[TestNG] Test testTemplateBuilderCannotFind(org.jclouds.epc.compute.EucalyptusPartnerCloudEucalyptusTemplateBuilderLiveTest) succeeded: 0ms
Test suite progress: tests succeeded: 98, failed: 3, skipped: 1.
Starting test testTemplateBuilderCannotFind(org.jclouds.epc.compute.EucalyptusPartnerCloudEucalyptusTemplateBuilderLiveTest)
[TestNG] Test testTemplateBuilderCannotFind(org.jclouds.epc.compute.EucalyptusPartnerCloudEucalyptusTemplateBuilderLiveTest) succeeded: 1ms
Test suite progress: tests succeeded: 99, failed: 3, skipped: 1.
Starting test testTemplateBuilderCannotFind(org.jclouds.epc.compute.EucalyptusPartnerCloudEucalyptusTemplateBuilderLiveTest)
[TestNG] Test testTemplateBuilderCannotFind(org.jclouds.epc.compute.EucalyptusPartnerCloudEucalyptusTemplateBuilderLiveTest) succeeded: 2ms
Test suite progress: tests succeeded: 100, failed: 3, skipped: 1.
Starting test testTemplateBuilderCannotFind(org.jclouds.epc.compute.EucalyptusPartnerCloudEucalyptusTemplateBuilderLiveTest)
[TestNG] Test testTemplateBuilderCannotFind(org.jclouds.epc.compute.EucalyptusPartnerCloudEucalyptusTemplateBuilderLiveTest) succeeded: 0ms
Test suite progress: tests succeeded: 101, failed: 3, skipped: 1.
Starting test testTemplateBuilderCannotFind(org.jclouds.epc.compute.EucalyptusPartnerCloudEucalyptusTemplateBuilderLiveTest)
[TestNG] Test testTemplateBuilderCannotFind(org.jclouds.epc.compute.EucalyptusPartnerCloudEucalyptusTemplateBuilderLiveTest) succeeded: 1ms
Test suite progress: tests succeeded: 102, failed: 3, skipped: 1.
Starting test testTemplateBuilderCannotFind(org.jclouds.epc.compute.EucalyptusPartnerCloudEucalyptusTemplateBuilderLiveTest)
[TestNG] Test testTemplateBuilderCannotFind(org.jclouds.epc.compute.EucalyptusPartnerCloudEucalyptusTemplateBuilderLiveTest) succeeded: 0ms
Test suite progress: tests succeeded: 103, failed: 3, skipped: 1.
Starting test testTemplateBuilderCannotFind(org.jclouds.epc.compute.EucalyptusPartnerCloudEucalyptusTemplateBuilderLiveTest)
[TestNG] Test testTemplateBuilderCannotFind(org.jclouds.epc.compute.EucalyptusPartnerCloudEucalyptusTemplateBuilderLiveTest) succeeded: 0ms
Test suite progress: tests succeeded: 104, failed: 3, skipped: 1.
Starting test testTemplateBuilderCannotFind(org.jclouds.epc.compute.EucalyptusPartnerCloudEucalyptusTemplateBuilderLiveTest)
[TestNG] Test testTemplateBuilderCannotFind(org.jclouds.epc.compute.EucalyptusPartnerCloudEucalyptusTemplateBuilderLiveTest) succeeded: 2ms
Test suite progress: tests succeeded: 105, failed: 3, skipped: 1.
Starting test testTemplateBuilderCannotFind(org.jclouds.epc.compute.EucalyptusPartnerCloudEucalyptusTemplateBuilderLiveTest)
[TestNG] Test testTemplateBuilderCannotFind(org.jclouds.epc.compute.EucalyptusPartnerCloudEucalyptusTemplateBuilderLiveTest) succeeded: 1ms
Test suite progress: tests succeeded: 106, failed: 3, skipped: 1.
Starting test testTemplateBuilderCannotFind(org.jclouds.epc.compute.EucalyptusPartnerCloudEucalyptusTemplateBuilderLiveTest)
[TestNG] Test testTemplateBuilderCannotFind(org.jclouds.epc.compute.EucalyptusPartnerCloudEucalyptusTemplateBuilderLiveTest) succeeded: 1ms
Test suite progress: tests succeeded: 107, failed: 3, skipped: 1.
Starting test testTemplateBuilderCannotFind(org.jclouds.epc.compute.EucalyptusPartnerCloudEucalyptusTemplateBuilderLiveTest)
[TestNG] Test testTemplateBuilderCannotFind(org.jclouds.epc.compute.EucalyptusPartnerCloudEucalyptusTemplateBuilderLiveTest) succeeded: 1ms
Test suite progress: tests succeeded: 108, failed: 3, skipped: 1.
Starting test testTemplateBuilderCannotFind(org.jclouds.epc.compute.EucalyptusPartnerCloudEucalyptusTemplateBuilderLiveTest)
[TestNG] Test testTemplateBuilderCannotFind(org.jclouds.epc.compute.EucalyptusPartnerCloudEucalyptusTemplateBuilderLiveTest) succeeded: 1ms
Test suite progress: tests succeeded: 109, failed: 3, skipped: 1.
Starting test testTemplateBuilderWithImageIdSpecified(org.jclouds.epc.compute.EucalyptusPartnerCloudEucalyptusTemplateBuilderLiveTest)
[TestNG] Test testTemplateBuilderWithImageIdSpecified(org.jclouds.epc.compute.EucalyptusPartnerCloudEucalyptusTemplateBuilderLiveTest) succeeded: 998ms
Test suite progress: tests succeeded: 110, failed: 3, skipped: 1.
Starting test testTemplateBuilderWithLoginUserSpecified(org.jclouds.epc.compute.EucalyptusPartnerCloudEucalyptusTemplateBuilderLiveTest)
Apr 24, 2012 12:37:05 AM org.jclouds.logging.jdk.JDKLogger logWarn
WARNING: failed to find key for value http://partnercloud.eucalyptus.com:8773/services/Eucalyptus in {Eucalyptus=http://173.205.188.180:8773/services/Eucalyptus}; choosing first: null
Apr 24, 2012 12:37:05 AM org.jclouds.logging.jdk.JDKLogger logWarn
WARNING: failed to find key for value http://partnercloud.eucalyptus.com:8773/services/Eucalyptus in {Eucalyptus=http://173.205.188.180:8773/services/Eucalyptus}; choosing first: null
[TestNG] Test testTemplateBuilderWithLoginUserSpecified(org.jclouds.epc.compute.EucalyptusPartnerCloudEucalyptusTemplateBuilderLiveTest) succeeded: 662ms
Test suite progress: tests succeeded: 111, failed: 3, skipped: 1.
Starting test testDefaultTemplateBuilder(org.jclouds.epc.compute.EucalyptusPartnerCloudEucalyptusTemplateBuilderLiveTest)
[TestNG] Test testDefaultTemplateBuilder(org.jclouds.epc.compute.EucalyptusPartnerCloudEucalyptusTemplateBuilderLiveTest) succeeded: 1ms
Test suite progress: tests succeeded: 112, failed: 3, skipped: 1.
Tests run: 116, Failures: 3, Errors: 0, Skipped: 1, Time elapsed: 2,906.743 sec <<< FAILURE!

Results :

Failed tests:   testCorrectAuthException(org.jclouds.epc.compute.EucalyptusPartnerCloudEucalyptusComputeServiceLiveTest): (..)
  testAutoIpAllocation(org.jclouds.epc.compute.EucalyptusPartnerCloudEucalyptusComputeServiceLiveTest): there should only be one address pair ([org.jclouds.ec2.domain.PublicIpInstanceIdPair@ace836c7, org.jclouds.ec2.domain.PublicIpInstanceIdPair@610fc0e5]) expected:<1> but was:<2>
  testAScriptExecutionAfterBootWithBasicTemplate(org.jclouds.epc.compute.EucalyptusPartnerCloudEucalyptusComputeServiceLiveTest): error runScript on filtered nodes options({loginUser=root, loginPasswordPresent=true, loginPrivateKeyPresent=true, authenticateSudo=null, port:seconds=-1:-1, taskName=runScriptWithCreds, runAsRoot=true, blockOnComplete=true, wrapInInitScript=true, inboundPorts=[22], scriptPresent=false, publicKeyPresent=false, privateKeyPresent=false, tags=[], blockUntilRunning=true, tags=[], userMetadata={}})(..)

Tests run: 116, Failures: 3, Errors: 0, Skipped: 1

[INFO] ------------------------------------------------------------------------
[INFO] BUILD FAILURE
[INFO] ------------------------------------------------------------------------
[INFO] Total time: 48:40.983s
[INFO] Finished at: Tue Apr 24 00:37:05 PDT 2012
[INFO] Final Memory: 22M/265M
[INFO] ------------------------------------------------------------------------
[ERROR] Failed to execute goal org.apache.maven.plugins:maven-surefire-plugin:2.12:test (integration) on project eucalyptus-partnercloud-ec2: There are test failures.
[ERROR] 
[ERROR] Please refer to /Users/adriancole/workspace/git/jclouds/providers/eucalyptus-partnercloud-ec2/target/surefire-reports for the individual test results.
[ERROR] -> [Help 1]
[ERROR] 
[ERROR] To see the full stack trace of the errors, re-run Maven with the -e switch.
[ERROR] Re-run Maven using the -X switch to enable full debug logging.
[ERROR] 
[ERROR] For more information about the errors and possible solutions, please read the following articles:
[ERROR] [Help 1] http://cwiki.apache.org/confluence/display/MAVEN/MojoFailureException
