-------------------------------------------------------------------------------
Test set: TestSuite
-------------------------------------------------------------------------------
Tests run: 165, Failures: 1, Errors: 0, Skipped: 164, Time elapsed: 1.639 sec <<< FAILURE!
setUpResourcesForAllThreads(org.jclouds.epc.EucalyptusPartnerCloudWalrusClientLiveTest)  Time elapsed: 0.868 sec  <<< FAILURE!
java.util.NoSuchElementException
	at com.google.common.collect.AbstractIterator.next(AbstractIterator.java:154)
	at com.google.common.collect.Iterators.find(Iterators.java:761)
	at com.google.common.collect.Iterables.find(Iterables.java:646)
	at org.jclouds.ContextBuilder.searchPropertiesForProviderScopedProperty(ContextBuilder.java:232)
	at org.jclouds.ContextBuilder.resolveProperties(ContextBuilder.java:328)
	at org.jclouds.ContextBuilder.buildInjector(ContextBuilder.java:250)
	at org.jclouds.ContextBuilder.buildView(ContextBuilder.java:519)
	at org.jclouds.apis.BaseViewLiveTest.createView(BaseViewLiveTest.java:53)
	at org.jclouds.apis.BaseViewLiveTest.initializeContext(BaseViewLiveTest.java:41)
	at org.jclouds.apis.BaseContextLiveTest.setupContext(BaseContextLiveTest.java:79)
	at org.jclouds.blobstore.integration.internal.BaseBlobStoreIntegrationTest.setUpResourcesForAllThreads(BaseBlobStoreIntegrationTest.java:92)
	at sun.reflect.NativeMethodAccessorImpl.invoke0(Native Method)
	at sun.reflect.NativeMethodAccessorImpl.invoke(NativeMethodAccessorImpl.java:39)
	at sun.reflect.DelegatingMethodAccessorImpl.invoke(DelegatingMethodAccessorImpl.java:25)
	at java.lang.reflect.Method.invoke(Method.java:597)
	at org.testng.internal.MethodInvocationHelper.invokeMethod(MethodInvocationHelper.java:80)
	at org.testng.internal.Invoker.invokeConfigurationMethod(Invoker.java:551)
	at org.testng.internal.Invoker.invokeConfigurations(Invoker.java:213)
	at org.testng.internal.Invoker.invokeConfigurations(Invoker.java:138)
	at org.testng.SuiteRunner.privateRun(SuiteRunner.java:277)
	at org.testng.SuiteRunner.run(SuiteRunner.java:240)
	at org.testng.SuiteRunnerWorker.runSuite(SuiteRunnerWorker.java:53)
	at org.testng.SuiteRunnerWorker.run(SuiteRunnerWorker.java:87)
	at org.testng.TestNG.runSuitesSequentially(TestNG.java:1170)
	at org.testng.TestNG.runSuitesLocally(TestNG.java:1095)
	at org.testng.TestNG.run(TestNG.java:1007)
	at org.apache.maven.surefire.testng.TestNGExecutor.run(TestNGExecutor.java:76)
	at org.apache.maven.surefire.testng.TestNGDirectoryTestSuite.executeMulti(TestNGDirectoryTestSuite.java:161)
	at org.apache.maven.surefire.testng.TestNGDirectoryTestSuite.execute(TestNGDirectoryTestSuite.java:101)
	at org.apache.maven.surefire.testng.TestNGProvider.invoke(TestNGProvider.java:115)
	at sun.reflect.NativeMethodAccessorImpl.invoke0(Native Method)
	at sun.reflect.NativeMethodAccessorImpl.invoke(NativeMethodAccessorImpl.java:39)
	at sun.reflect.DelegatingMethodAccessorImpl.invoke(DelegatingMethodAccessorImpl.java:25)
	at java.lang.reflect.Method.invoke(Method.java:597)
	at org.apache.maven.surefire.util.ReflectionUtils.invokeMethodWithArray(ReflectionUtils.java:189)
	at org.apache.maven.surefire.booter.ProviderFactory$ProviderProxy.invoke(ProviderFactory.java:165)
	at org.apache.maven.surefire.booter.ProviderFactory.invokeProvider(ProviderFactory.java:85)
	at org.apache.maven.surefire.booter.ForkedBooter.runSuitesInProcess(ForkedBooter.java:103)
	at org.apache.maven.surefire.booter.ForkedBooter.main(ForkedBooter.java:74)
