[INFO] Scanning for projects...
[WARNING] 
[WARNING] Some problems were encountered while building the effective model for org.jclouds.provider:eucalyptus-partnercloud-s3:bundle:1.5.0-SNAPSHOT
[WARNING] 'parent.relativePath' of POM org.jclouds:jclouds-project:1.5.0-SNAPSHOT (/Users/adriancole/workspace/git/jclouds/project/pom.xml) points at org.jclouds:jclouds-multi instead of org.sonatype.oss:oss-parent, please verify your project structure @ org.jclouds:jclouds-project:1.5.0-SNAPSHOT, /Users/adriancole/workspace/git/jclouds/project/pom.xml, line 24, column 13
[WARNING] 
[WARNING] It is highly recommended to fix these problems because they threaten the stability of your build.
[WARNING] 
[WARNING] For this reason, future Maven versions might no longer support building such malformed projects.
[WARNING] 
[INFO]                                                                         
[INFO] ------------------------------------------------------------------------
[INFO] Building jclouds Eucalyptus Partner Cloud provider 1.5.0-SNAPSHOT
[INFO] ------------------------------------------------------------------------
[INFO] 
[INFO] --- maven-clean-plugin:2.4.1:clean (default-clean) @ eucalyptus-partnercloud-s3 ---
[INFO] Deleting /Users/adriancole/workspace/git/jclouds/providers/eucalyptus-partnercloud-s3/target
[INFO] 
[INFO] --- maven-enforcer-plugin:1.0.1:enforce (enforce-maven) @ eucalyptus-partnercloud-s3 ---
[INFO] 
[INFO] --- maven-enforcer-plugin:1.0.1:enforce (enforce-banned-dependencies) @ eucalyptus-partnercloud-s3 ---
[INFO] 
[INFO] --- maven-enforcer-plugin:1.0.1:enforce (enforce-java) @ eucalyptus-partnercloud-s3 ---
[INFO] 
[INFO] --- maven-remote-resources-plugin:1.2.1:process (process-remote-resources) @ eucalyptus-partnercloud-s3 ---
[INFO] 
[INFO] --- maven-resources-plugin:2.5:resources (default-resources) @ eucalyptus-partnercloud-s3 ---
[debug] execute contextualize
[INFO] Using 'UTF-8' encoding to copy filtered resources.
[INFO] skip non existing resourceDirectory /Users/adriancole/workspace/git/jclouds/providers/eucalyptus-partnercloud-s3/src/main/clojure
[INFO] Copying 1 resource
[INFO] Copying 2 resources
[INFO] 
[INFO] --- maven-compiler-plugin:2.3.2:compile (default-compile) @ eucalyptus-partnercloud-s3 ---
[INFO] Compiling 1 source file to /Users/adriancole/workspace/git/jclouds/providers/eucalyptus-partnercloud-s3/target/classes
[INFO] 
[INFO] --- maven-resources-plugin:2.5:testResources (default-testResources) @ eucalyptus-partnercloud-s3 ---
[debug] execute contextualize
[INFO] Using 'UTF-8' encoding to copy filtered resources.
[INFO] skip non existing resourceDirectory /Users/adriancole/workspace/git/jclouds/providers/eucalyptus-partnercloud-s3/src/test/clojure
[INFO] skip non existing resourceDirectory /Users/adriancole/workspace/git/jclouds/providers/eucalyptus-partnercloud-s3/src/test/resources
[INFO] Copying 2 resources
[INFO] 
[INFO] --- maven-compiler-plugin:2.3.2:testCompile (default-testCompile) @ eucalyptus-partnercloud-s3 ---
[INFO] Compiling 10 source files to /Users/adriancole/workspace/git/jclouds/providers/eucalyptus-partnercloud-s3/target/test-classes
[INFO] 
[INFO] --- maven-surefire-plugin:2.12:test (default-test) @ eucalyptus-partnercloud-s3 ---
[INFO] Surefire report directory: /Users/adriancole/workspace/git/jclouds/providers/eucalyptus-partnercloud-s3/target/surefire-reports
[INFO] Using configured provider org.apache.maven.surefire.testng.TestNGProvider

-------------------------------------------------------
 T E S T S
-------------------------------------------------------
Running org.jclouds.epc.EucalyptusPartnerCloudS3ProviderTest
Configuring TestNG with: org.apache.maven.surefire.testng.conf.TestNGMapConfigurator@6d4c1103
Starting test testWithId(org.jclouds.epc.EucalyptusPartnerCloudS3ProviderTest)
Starting test testOfApiContains(org.jclouds.epc.EucalyptusPartnerCloudS3ProviderTest)
Starting test testAllContains(org.jclouds.epc.EucalyptusPartnerCloudS3ProviderTest)
Starting test testTransformableToContains(org.jclouds.epc.EucalyptusPartnerCloudS3ProviderTest)
[pool-2-thread-3] Test testTransformableToContains(org.jclouds.epc.EucalyptusPartnerCloudS3ProviderTest) succeeded: 14ms
Test suite progress: tests succeeded: 1, failed: 0, skipped: 0.
[pool-2-thread-1] Test testAllContains(org.jclouds.epc.EucalyptusPartnerCloudS3ProviderTest) succeeded: 17ms
Test suite progress: tests succeeded: 2, failed: 0, skipped: 0.
[pool-2-thread-4] Test testWithId(org.jclouds.epc.EucalyptusPartnerCloudS3ProviderTest) succeeded: 21ms
Test suite progress: tests succeeded: 3, failed: 0, skipped: 0.
[pool-2-thread-2] Test testOfApiContains(org.jclouds.epc.EucalyptusPartnerCloudS3ProviderTest) succeeded: 22ms
Test suite progress: tests succeeded: 4, failed: 0, skipped: 0.
Tests run: 4, Failures: 0, Errors: 0, Skipped: 0, Time elapsed: 0.848 sec

Results :

Tests run: 4, Failures: 0, Errors: 0, Skipped: 0

[INFO] 
[INFO] --- clojure-maven-plugin:1.3.9:test (test-clojure) @ eucalyptus-partnercloud-s3 ---

Testing com.theoryinpractise.clojure.testrunner

Ran 0 tests containing 0 assertions.
0 failures, 0 errors.
[INFO] 
[INFO] --- maven-bundle-plugin:2.3.7:bundle (default-bundle) @ eucalyptus-partnercloud-s3 ---
[INFO] 
[INFO] --- maven-source-plugin:2.1.2:jar-no-fork (attach-sources) @ eucalyptus-partnercloud-s3 ---
[INFO] META-INF already added, skipping
[INFO] META-INF already added, skipping
[INFO] META-INF/LICENSE.txt already added, skipping
[INFO] META-INF/NOTICE.txt already added, skipping
[INFO] Building jar: /Users/adriancole/workspace/git/jclouds/providers/eucalyptus-partnercloud-s3/target/eucalyptus-partnercloud-s3-1.5.0-SNAPSHOT-sources.jar
[INFO] META-INF already added, skipping
[INFO] META-INF already added, skipping
[INFO] META-INF/LICENSE.txt already added, skipping
[INFO] META-INF/NOTICE.txt already added, skipping
[INFO] 
[INFO] --- maven-javadoc-plugin:2.8.1:jar (javadoc) @ eucalyptus-partnercloud-s3 ---
[INFO] Skipping javadoc generation
[INFO] 
[INFO] --- maven-jar-plugin:2.4:test-jar (default) @ eucalyptus-partnercloud-s3 ---
[INFO] Building jar: /Users/adriancole/workspace/git/jclouds/providers/eucalyptus-partnercloud-s3/target/eucalyptus-partnercloud-s3-1.5.0-SNAPSHOT-tests.jar
[INFO] 
[INFO] --- maven-surefire-plugin:2.12:test (integration) @ eucalyptus-partnercloud-s3 ---
[INFO] Surefire report directory: /Users/adriancole/workspace/git/jclouds/providers/eucalyptus-partnercloud-s3/target/surefire-reports
[INFO] Using configured provider org.apache.maven.surefire.testng.TestNGProvider

-------------------------------------------------------
 T E S T S
-------------------------------------------------------
Running TestSuite
Configuring TestNG with: org.apache.maven.surefire.testng.conf.TestNGMapConfigurator@77d80e6d
Starting test blobNotFound(org.jclouds.epc.blobstore.EucalyptusPartnerCloudWalrusBlobIntegrationLiveTest)
[TestNG] Test blobNotFound(org.jclouds.epc.blobstore.EucalyptusPartnerCloudWalrusBlobIntegrationLiveTest) skipped.
Test suite progress: tests succeeded: 0, failed: 0, skipped: 1.
Starting test deleteObject(org.jclouds.epc.blobstore.EucalyptusPartnerCloudWalrusBlobIntegrationLiveTest)
[TestNG] Test deleteObject(org.jclouds.epc.blobstore.EucalyptusPartnerCloudWalrusBlobIntegrationLiveTest) skipped.
Test suite progress: tests succeeded: 0, failed: 0, skipped: 2.
Starting test deleteObject(org.jclouds.epc.blobstore.EucalyptusPartnerCloudWalrusBlobIntegrationLiveTest)
[TestNG] Test deleteObject(org.jclouds.epc.blobstore.EucalyptusPartnerCloudWalrusBlobIntegrationLiveTest) skipped.
Test suite progress: tests succeeded: 0, failed: 0, skipped: 3.
Starting test deleteObject(org.jclouds.epc.blobstore.EucalyptusPartnerCloudWalrusBlobIntegrationLiveTest)
[TestNG] Test deleteObject(org.jclouds.epc.blobstore.EucalyptusPartnerCloudWalrusBlobIntegrationLiveTest) skipped.
Test suite progress: tests succeeded: 0, failed: 0, skipped: 4.
Starting test deleteObject(org.jclouds.epc.blobstore.EucalyptusPartnerCloudWalrusBlobIntegrationLiveTest)
[TestNG] Test deleteObject(org.jclouds.epc.blobstore.EucalyptusPartnerCloudWalrusBlobIntegrationLiveTest) skipped.
Test suite progress: tests succeeded: 0, failed: 0, skipped: 5.
Starting test deleteObject(org.jclouds.epc.blobstore.EucalyptusPartnerCloudWalrusBlobIntegrationLiveTest)
[TestNG] Test deleteObject(org.jclouds.epc.blobstore.EucalyptusPartnerCloudWalrusBlobIntegrationLiveTest) skipped.
Test suite progress: tests succeeded: 0, failed: 0, skipped: 6.
Starting test deleteObject(org.jclouds.epc.blobstore.EucalyptusPartnerCloudWalrusBlobIntegrationLiveTest)
[TestNG] Test deleteObject(org.jclouds.epc.blobstore.EucalyptusPartnerCloudWalrusBlobIntegrationLiveTest) skipped.
Test suite progress: tests succeeded: 0, failed: 0, skipped: 7.
Starting test deleteObject(org.jclouds.epc.blobstore.EucalyptusPartnerCloudWalrusBlobIntegrationLiveTest)
[TestNG] Test deleteObject(org.jclouds.epc.blobstore.EucalyptusPartnerCloudWalrusBlobIntegrationLiveTest) skipped.
Test suite progress: tests succeeded: 0, failed: 0, skipped: 8.
Starting test deleteObject(org.jclouds.epc.blobstore.EucalyptusPartnerCloudWalrusBlobIntegrationLiveTest)
[TestNG] Test deleteObject(org.jclouds.epc.blobstore.EucalyptusPartnerCloudWalrusBlobIntegrationLiveTest) skipped.
Test suite progress: tests succeeded: 0, failed: 0, skipped: 9.
Starting test deleteObject(org.jclouds.epc.blobstore.EucalyptusPartnerCloudWalrusBlobIntegrationLiveTest)
[TestNG] Test deleteObject(org.jclouds.epc.blobstore.EucalyptusPartnerCloudWalrusBlobIntegrationLiveTest) skipped.
Test suite progress: tests succeeded: 0, failed: 0, skipped: 10.
Starting test deleteObject(org.jclouds.epc.blobstore.EucalyptusPartnerCloudWalrusBlobIntegrationLiveTest)
[TestNG] Test deleteObject(org.jclouds.epc.blobstore.EucalyptusPartnerCloudWalrusBlobIntegrationLiveTest) skipped.
Test suite progress: tests succeeded: 0, failed: 0, skipped: 11.
Starting test deleteObject(org.jclouds.epc.blobstore.EucalyptusPartnerCloudWalrusBlobIntegrationLiveTest)
[TestNG] Test deleteObject(org.jclouds.epc.blobstore.EucalyptusPartnerCloudWalrusBlobIntegrationLiveTest) skipped.
Test suite progress: tests succeeded: 0, failed: 0, skipped: 12.
Starting test deleteObjectNoContainer(org.jclouds.epc.blobstore.EucalyptusPartnerCloudWalrusBlobIntegrationLiveTest)
[TestNG] Test deleteObjectNoContainer(org.jclouds.epc.blobstore.EucalyptusPartnerCloudWalrusBlobIntegrationLiveTest) skipped.
Test suite progress: tests succeeded: 0, failed: 0, skipped: 13.
Starting test deleteObjectNotFound(org.jclouds.epc.blobstore.EucalyptusPartnerCloudWalrusBlobIntegrationLiveTest)
[TestNG] Test deleteObjectNotFound(org.jclouds.epc.blobstore.EucalyptusPartnerCloudWalrusBlobIntegrationLiveTest) skipped.
Test suite progress: tests succeeded: 0, failed: 0, skipped: 14.
Starting test testBigFileGets(org.jclouds.epc.blobstore.EucalyptusPartnerCloudWalrusBlobIntegrationLiveTest)
[TestNG] Test testBigFileGets(org.jclouds.epc.blobstore.EucalyptusPartnerCloudWalrusBlobIntegrationLiveTest) skipped.
Test suite progress: tests succeeded: 0, failed: 0, skipped: 15.
Starting test testGetIfMatch(org.jclouds.epc.blobstore.EucalyptusPartnerCloudWalrusBlobIntegrationLiveTest)
[TestNG] Test testGetIfMatch(org.jclouds.epc.blobstore.EucalyptusPartnerCloudWalrusBlobIntegrationLiveTest) skipped.
Test suite progress: tests succeeded: 0, failed: 0, skipped: 16.
Starting test testGetIfModifiedSince(org.jclouds.epc.blobstore.EucalyptusPartnerCloudWalrusBlobIntegrationLiveTest)
[TestNG] Test testGetIfModifiedSince(org.jclouds.epc.blobstore.EucalyptusPartnerCloudWalrusBlobIntegrationLiveTest) skipped.
Test suite progress: tests succeeded: 0, failed: 0, skipped: 17.
Starting test testGetIfNoneMatch(org.jclouds.epc.blobstore.EucalyptusPartnerCloudWalrusBlobIntegrationLiveTest)
[TestNG] Test testGetIfNoneMatch(org.jclouds.epc.blobstore.EucalyptusPartnerCloudWalrusBlobIntegrationLiveTest) skipped.
Test suite progress: tests succeeded: 0, failed: 0, skipped: 18.
Starting test testGetIfUnmodifiedSince(org.jclouds.epc.blobstore.EucalyptusPartnerCloudWalrusBlobIntegrationLiveTest)
[TestNG] Test testGetIfUnmodifiedSince(org.jclouds.epc.blobstore.EucalyptusPartnerCloudWalrusBlobIntegrationLiveTest) skipped.
Test suite progress: tests succeeded: 0, failed: 0, skipped: 19.
Starting test testMetadata(org.jclouds.epc.blobstore.EucalyptusPartnerCloudWalrusBlobIntegrationLiveTest)
[TestNG] Test testMetadata(org.jclouds.epc.blobstore.EucalyptusPartnerCloudWalrusBlobIntegrationLiveTest) skipped.
Test suite progress: tests succeeded: 0, failed: 0, skipped: 20.
Starting test testPutFileParallel(org.jclouds.epc.blobstore.EucalyptusPartnerCloudWalrusBlobIntegrationLiveTest)
[TestNG] Test testPutFileParallel(org.jclouds.epc.blobstore.EucalyptusPartnerCloudWalrusBlobIntegrationLiveTest) skipped.
Test suite progress: tests succeeded: 0, failed: 0, skipped: 21.
Starting test testPutObject(org.jclouds.epc.blobstore.EucalyptusPartnerCloudWalrusBlobIntegrationLiveTest)
[TestNG] Test testPutObject(org.jclouds.epc.blobstore.EucalyptusPartnerCloudWalrusBlobIntegrationLiveTest) skipped.
Test suite progress: tests succeeded: 0, failed: 0, skipped: 22.
Starting test testPutObject(org.jclouds.epc.blobstore.EucalyptusPartnerCloudWalrusBlobIntegrationLiveTest)
[TestNG] Test testPutObject(org.jclouds.epc.blobstore.EucalyptusPartnerCloudWalrusBlobIntegrationLiveTest) skipped.
Test suite progress: tests succeeded: 0, failed: 0, skipped: 23.
Starting test testPutObject(org.jclouds.epc.blobstore.EucalyptusPartnerCloudWalrusBlobIntegrationLiveTest)
[TestNG] Test testPutObject(org.jclouds.epc.blobstore.EucalyptusPartnerCloudWalrusBlobIntegrationLiveTest) skipped.
Test suite progress: tests succeeded: 0, failed: 0, skipped: 24.
Starting test testPutObjectStream(org.jclouds.epc.blobstore.EucalyptusPartnerCloudWalrusBlobIntegrationLiveTest)
[TestNG] Test testPutObjectStream(org.jclouds.epc.blobstore.EucalyptusPartnerCloudWalrusBlobIntegrationLiveTest) skipped.
Test suite progress: tests succeeded: 0, failed: 0, skipped: 25.
Starting test testGetRange(org.jclouds.epc.blobstore.EucalyptusPartnerCloudWalrusBlobIntegrationLiveTest)
[TestNG] Test testGetRange(org.jclouds.epc.blobstore.EucalyptusPartnerCloudWalrusBlobIntegrationLiveTest) skipped.
Test suite progress: tests succeeded: 0, failed: 0, skipped: 26.
Starting test testGetTwoRanges(org.jclouds.epc.blobstore.EucalyptusPartnerCloudWalrusBlobIntegrationLiveTest)
[TestNG] Test testGetTwoRanges(org.jclouds.epc.blobstore.EucalyptusPartnerCloudWalrusBlobIntegrationLiveTest) skipped.
Test suite progress: tests succeeded: 0, failed: 0, skipped: 27.
Starting test testCopyUrl(org.jclouds.epc.blobstore.EucalyptusPartnerCloudWalrusBlobLiveTest)
[TestNG] Test testCopyUrl(org.jclouds.epc.blobstore.EucalyptusPartnerCloudWalrusBlobLiveTest) skipped.
Test suite progress: tests succeeded: 0, failed: 0, skipped: 28.
Starting test testContains(org.jclouds.epc.blobstore.EucalyptusPartnerCloudWalrusBlobMapIntegrationLiveTest)
[TestNG] Test testContains(org.jclouds.epc.blobstore.EucalyptusPartnerCloudWalrusBlobMapIntegrationLiveTest) skipped.
Test suite progress: tests succeeded: 0, failed: 0, skipped: 29.
Starting test testEntrySet(org.jclouds.epc.blobstore.EucalyptusPartnerCloudWalrusBlobMapIntegrationLiveTest)
[TestNG] Test testEntrySet(org.jclouds.epc.blobstore.EucalyptusPartnerCloudWalrusBlobMapIntegrationLiveTest) skipped.
Test suite progress: tests succeeded: 0, failed: 0, skipped: 30.
Starting test testPut(org.jclouds.epc.blobstore.EucalyptusPartnerCloudWalrusBlobMapIntegrationLiveTest)
[TestNG] Test testPut(org.jclouds.epc.blobstore.EucalyptusPartnerCloudWalrusBlobMapIntegrationLiveTest) skipped.
Test suite progress: tests succeeded: 0, failed: 0, skipped: 31.
Starting test testPutAll(org.jclouds.epc.blobstore.EucalyptusPartnerCloudWalrusBlobMapIntegrationLiveTest)
[TestNG] Test testPutAll(org.jclouds.epc.blobstore.EucalyptusPartnerCloudWalrusBlobMapIntegrationLiveTest) skipped.
Test suite progress: tests succeeded: 0, failed: 0, skipped: 32.
Starting test testPutMoreThanSingleListing(org.jclouds.epc.blobstore.EucalyptusPartnerCloudWalrusBlobMapIntegrationLiveTest)
[TestNG] Test testPutMoreThanSingleListing(org.jclouds.epc.blobstore.EucalyptusPartnerCloudWalrusBlobMapIntegrationLiveTest) skipped.
Test suite progress: tests succeeded: 0, failed: 0, skipped: 33.
Starting test testRemove(org.jclouds.epc.blobstore.EucalyptusPartnerCloudWalrusBlobMapIntegrationLiveTest)
[TestNG] Test testRemove(org.jclouds.epc.blobstore.EucalyptusPartnerCloudWalrusBlobMapIntegrationLiveTest) skipped.
Test suite progress: tests succeeded: 0, failed: 0, skipped: 34.
Starting test testValues(org.jclouds.epc.blobstore.EucalyptusPartnerCloudWalrusBlobMapIntegrationLiveTest)
[TestNG] Test testValues(org.jclouds.epc.blobstore.EucalyptusPartnerCloudWalrusBlobMapIntegrationLiveTest) skipped.
Test suite progress: tests succeeded: 0, failed: 0, skipped: 35.
Starting test testClear(org.jclouds.epc.blobstore.EucalyptusPartnerCloudWalrusBlobMapIntegrationLiveTest)
[TestNG] Test testClear(org.jclouds.epc.blobstore.EucalyptusPartnerCloudWalrusBlobMapIntegrationLiveTest) skipped.
Test suite progress: tests succeeded: 0, failed: 0, skipped: 36.
Starting test testContainsKey(org.jclouds.epc.blobstore.EucalyptusPartnerCloudWalrusBlobMapIntegrationLiveTest)
[TestNG] Test testContainsKey(org.jclouds.epc.blobstore.EucalyptusPartnerCloudWalrusBlobMapIntegrationLiveTest) skipped.
Test suite progress: tests succeeded: 0, failed: 0, skipped: 37.
Starting test testDirectory(org.jclouds.epc.blobstore.EucalyptusPartnerCloudWalrusBlobMapIntegrationLiveTest)
[TestNG] Test testDirectory(org.jclouds.epc.blobstore.EucalyptusPartnerCloudWalrusBlobMapIntegrationLiveTest) skipped.
Test suite progress: tests succeeded: 0, failed: 0, skipped: 38.
Starting test testIsEmpty(org.jclouds.epc.blobstore.EucalyptusPartnerCloudWalrusBlobMapIntegrationLiveTest)
[TestNG] Test testIsEmpty(org.jclouds.epc.blobstore.EucalyptusPartnerCloudWalrusBlobMapIntegrationLiveTest) skipped.
Test suite progress: tests succeeded: 0, failed: 0, skipped: 39.
Starting test testKeySet(org.jclouds.epc.blobstore.EucalyptusPartnerCloudWalrusBlobMapIntegrationLiveTest)
[TestNG] Test testKeySet(org.jclouds.epc.blobstore.EucalyptusPartnerCloudWalrusBlobMapIntegrationLiveTest) skipped.
Test suite progress: tests succeeded: 0, failed: 0, skipped: 40.
Starting test testListContainer(org.jclouds.epc.blobstore.EucalyptusPartnerCloudWalrusBlobMapIntegrationLiveTest)
[TestNG] Test testListContainer(org.jclouds.epc.blobstore.EucalyptusPartnerCloudWalrusBlobMapIntegrationLiveTest) skipped.
Test suite progress: tests succeeded: 0, failed: 0, skipped: 41.
Starting test testSignGetUrl(org.jclouds.epc.blobstore.EucalyptusPartnerCloudWalrusBlobSignerLiveTest)
[TestNG] Test testSignGetUrl(org.jclouds.epc.blobstore.EucalyptusPartnerCloudWalrusBlobSignerLiveTest) skipped.
Test suite progress: tests succeeded: 0, failed: 0, skipped: 42.
Starting test testSignGetUrlOptions(org.jclouds.epc.blobstore.EucalyptusPartnerCloudWalrusBlobSignerLiveTest)
[TestNG] Test testSignGetUrlOptions(org.jclouds.epc.blobstore.EucalyptusPartnerCloudWalrusBlobSignerLiveTest) skipped.
Test suite progress: tests succeeded: 0, failed: 0, skipped: 43.
Starting test testSignPutUrl(org.jclouds.epc.blobstore.EucalyptusPartnerCloudWalrusBlobSignerLiveTest)
[TestNG] Test testSignPutUrl(org.jclouds.epc.blobstore.EucalyptusPartnerCloudWalrusBlobSignerLiveTest) skipped.
Test suite progress: tests succeeded: 0, failed: 0, skipped: 44.
Starting test testSignRemoveUrl(org.jclouds.epc.blobstore.EucalyptusPartnerCloudWalrusBlobSignerLiveTest)
[TestNG] Test testSignRemoveUrl(org.jclouds.epc.blobstore.EucalyptusPartnerCloudWalrusBlobSignerLiveTest) skipped.
Test suite progress: tests succeeded: 0, failed: 0, skipped: 45.
Starting test containerDoesntExist(org.jclouds.epc.blobstore.EucalyptusPartnerCloudWalrusContainerIntegrationLiveTest)
[TestNG] Test containerDoesntExist(org.jclouds.epc.blobstore.EucalyptusPartnerCloudWalrusContainerIntegrationLiveTest) skipped.
Test suite progress: tests succeeded: 0, failed: 0, skipped: 46.
Starting test containerExists(org.jclouds.epc.blobstore.EucalyptusPartnerCloudWalrusContainerIntegrationLiveTest)
[TestNG] Test containerExists(org.jclouds.epc.blobstore.EucalyptusPartnerCloudWalrusContainerIntegrationLiveTest) skipped.
Test suite progress: tests succeeded: 0, failed: 0, skipped: 47.
Starting test deleteContainerIfEmpty(org.jclouds.epc.blobstore.EucalyptusPartnerCloudWalrusContainerIntegrationLiveTest)
[TestNG] Test deleteContainerIfEmpty(org.jclouds.epc.blobstore.EucalyptusPartnerCloudWalrusContainerIntegrationLiveTest) skipped.
Test suite progress: tests succeeded: 0, failed: 0, skipped: 48.
Starting test deleteContainerWithContents(org.jclouds.epc.blobstore.EucalyptusPartnerCloudWalrusContainerIntegrationLiveTest)
[TestNG] Test deleteContainerWithContents(org.jclouds.epc.blobstore.EucalyptusPartnerCloudWalrusContainerIntegrationLiveTest) skipped.
Test suite progress: tests succeeded: 0, failed: 0, skipped: 49.
Starting test testClearWhenContentsUnderPath(org.jclouds.epc.blobstore.EucalyptusPartnerCloudWalrusContainerIntegrationLiveTest)
[TestNG] Test testClearWhenContentsUnderPath(org.jclouds.epc.blobstore.EucalyptusPartnerCloudWalrusContainerIntegrationLiveTest) skipped.
Test suite progress: tests succeeded: 0, failed: 0, skipped: 50.
Starting test testDirectory(org.jclouds.epc.blobstore.EucalyptusPartnerCloudWalrusContainerIntegrationLiveTest)
[TestNG] Test testDirectory(org.jclouds.epc.blobstore.EucalyptusPartnerCloudWalrusContainerIntegrationLiveTest) skipped.
Test suite progress: tests succeeded: 0, failed: 0, skipped: 51.
Starting test testListContainer(org.jclouds.epc.blobstore.EucalyptusPartnerCloudWalrusContainerIntegrationLiveTest)
[TestNG] Test testListContainer(org.jclouds.epc.blobstore.EucalyptusPartnerCloudWalrusContainerIntegrationLiveTest) skipped.
Test suite progress: tests succeeded: 0, failed: 0, skipped: 52.
Starting test testListContainerMarker(org.jclouds.epc.blobstore.EucalyptusPartnerCloudWalrusContainerIntegrationLiveTest)
[TestNG] Test testListContainerMarker(org.jclouds.epc.blobstore.EucalyptusPartnerCloudWalrusContainerIntegrationLiveTest) skipped.
Test suite progress: tests succeeded: 0, failed: 0, skipped: 53.
Starting test testListContainerMaxResults(org.jclouds.epc.blobstore.EucalyptusPartnerCloudWalrusContainerIntegrationLiveTest)
[TestNG] Test testListContainerMaxResults(org.jclouds.epc.blobstore.EucalyptusPartnerCloudWalrusContainerIntegrationLiveTest) skipped.
Test suite progress: tests succeeded: 0, failed: 0, skipped: 54.
Starting test testListContainerPrefix(org.jclouds.epc.blobstore.EucalyptusPartnerCloudWalrusContainerIntegrationLiveTest)
[TestNG] Test testListContainerPrefix(org.jclouds.epc.blobstore.EucalyptusPartnerCloudWalrusContainerIntegrationLiveTest) skipped.
Test suite progress: tests succeeded: 0, failed: 0, skipped: 55.
Starting test testListRootUsesDelimiter(org.jclouds.epc.blobstore.EucalyptusPartnerCloudWalrusContainerIntegrationLiveTest)
[TestNG] Test testListRootUsesDelimiter(org.jclouds.epc.blobstore.EucalyptusPartnerCloudWalrusContainerIntegrationLiveTest) skipped.
Test suite progress: tests succeeded: 0, failed: 0, skipped: 56.
Starting test testPutTwiceIsOkAndDoesntOverwrite(org.jclouds.epc.blobstore.EucalyptusPartnerCloudWalrusContainerIntegrationLiveTest)
[TestNG] Test testPutTwiceIsOkAndDoesntOverwrite(org.jclouds.epc.blobstore.EucalyptusPartnerCloudWalrusContainerIntegrationLiveTest) skipped.
Test suite progress: tests succeeded: 0, failed: 0, skipped: 57.
Starting test testWithDetails(org.jclouds.epc.blobstore.EucalyptusPartnerCloudWalrusContainerIntegrationLiveTest)
[TestNG] Test testWithDetails(org.jclouds.epc.blobstore.EucalyptusPartnerCloudWalrusContainerIntegrationLiveTest) skipped.
Test suite progress: tests succeeded: 0, failed: 0, skipped: 58.
Starting test testPublicAccess(org.jclouds.epc.blobstore.EucalyptusPartnerCloudWalrusContainerLiveTest)
[TestNG] Test testPublicAccess(org.jclouds.epc.blobstore.EucalyptusPartnerCloudWalrusContainerLiveTest) skipped.
Test suite progress: tests succeeded: 0, failed: 0, skipped: 59.
Starting test testContainsBytesValue(org.jclouds.epc.blobstore.EucalyptusPartnerCloudWalrusInputStreamMapIntegrationLiveTest)
[TestNG] Test testContainsBytesValue(org.jclouds.epc.blobstore.EucalyptusPartnerCloudWalrusInputStreamMapIntegrationLiveTest) skipped.
Test suite progress: tests succeeded: 0, failed: 0, skipped: 60.
Starting test testContainsFileValue(org.jclouds.epc.blobstore.EucalyptusPartnerCloudWalrusInputStreamMapIntegrationLiveTest)
[TestNG] Test testContainsFileValue(org.jclouds.epc.blobstore.EucalyptusPartnerCloudWalrusInputStreamMapIntegrationLiveTest) skipped.
Test suite progress: tests succeeded: 0, failed: 0, skipped: 61.
Starting test testContainsInputStreamValue(org.jclouds.epc.blobstore.EucalyptusPartnerCloudWalrusInputStreamMapIntegrationLiveTest)
[TestNG] Test testContainsInputStreamValue(org.jclouds.epc.blobstore.EucalyptusPartnerCloudWalrusInputStreamMapIntegrationLiveTest) skipped.
Test suite progress: tests succeeded: 0, failed: 0, skipped: 62.
Starting test testContainsStringValue(org.jclouds.epc.blobstore.EucalyptusPartnerCloudWalrusInputStreamMapIntegrationLiveTest)
[TestNG] Test testContainsStringValue(org.jclouds.epc.blobstore.EucalyptusPartnerCloudWalrusInputStreamMapIntegrationLiveTest) skipped.
Test suite progress: tests succeeded: 0, failed: 0, skipped: 63.
Starting test testEntrySet(org.jclouds.epc.blobstore.EucalyptusPartnerCloudWalrusInputStreamMapIntegrationLiveTest)
[TestNG] Test testEntrySet(org.jclouds.epc.blobstore.EucalyptusPartnerCloudWalrusInputStreamMapIntegrationLiveTest) skipped.
Test suite progress: tests succeeded: 0, failed: 0, skipped: 64.
Starting test testPut(org.jclouds.epc.blobstore.EucalyptusPartnerCloudWalrusInputStreamMapIntegrationLiveTest)
[TestNG] Test testPut(org.jclouds.epc.blobstore.EucalyptusPartnerCloudWalrusInputStreamMapIntegrationLiveTest) skipped.
Test suite progress: tests succeeded: 0, failed: 0, skipped: 65.
Starting test testPutAll(org.jclouds.epc.blobstore.EucalyptusPartnerCloudWalrusInputStreamMapIntegrationLiveTest)
[TestNG] Test testPutAll(org.jclouds.epc.blobstore.EucalyptusPartnerCloudWalrusInputStreamMapIntegrationLiveTest) skipped.
Test suite progress: tests succeeded: 0, failed: 0, skipped: 66.
Starting test testPutAllBytes(org.jclouds.epc.blobstore.EucalyptusPartnerCloudWalrusInputStreamMapIntegrationLiveTest)
[TestNG] Test testPutAllBytes(org.jclouds.epc.blobstore.EucalyptusPartnerCloudWalrusInputStreamMapIntegrationLiveTest) skipped.
Test suite progress: tests succeeded: 0, failed: 0, skipped: 67.
Starting test testPutAllFiles(org.jclouds.epc.blobstore.EucalyptusPartnerCloudWalrusInputStreamMapIntegrationLiveTest)
[TestNG] Test testPutAllFiles(org.jclouds.epc.blobstore.EucalyptusPartnerCloudWalrusInputStreamMapIntegrationLiveTest) skipped.
Test suite progress: tests succeeded: 0, failed: 0, skipped: 68.
Starting test testPutAllStrings(org.jclouds.epc.blobstore.EucalyptusPartnerCloudWalrusInputStreamMapIntegrationLiveTest)
[TestNG] Test testPutAllStrings(org.jclouds.epc.blobstore.EucalyptusPartnerCloudWalrusInputStreamMapIntegrationLiveTest) skipped.
Test suite progress: tests succeeded: 0, failed: 0, skipped: 69.
Starting test testPutBytes(org.jclouds.epc.blobstore.EucalyptusPartnerCloudWalrusInputStreamMapIntegrationLiveTest)
[TestNG] Test testPutBytes(org.jclouds.epc.blobstore.EucalyptusPartnerCloudWalrusInputStreamMapIntegrationLiveTest) skipped.
Test suite progress: tests succeeded: 0, failed: 0, skipped: 70.
Starting test testPutFile(org.jclouds.epc.blobstore.EucalyptusPartnerCloudWalrusInputStreamMapIntegrationLiveTest)
[TestNG] Test testPutFile(org.jclouds.epc.blobstore.EucalyptusPartnerCloudWalrusInputStreamMapIntegrationLiveTest) skipped.
Test suite progress: tests succeeded: 0, failed: 0, skipped: 71.
Starting test testPutMoreThanSingleListing(org.jclouds.epc.blobstore.EucalyptusPartnerCloudWalrusInputStreamMapIntegrationLiveTest)
[TestNG] Test testPutMoreThanSingleListing(org.jclouds.epc.blobstore.EucalyptusPartnerCloudWalrusInputStreamMapIntegrationLiveTest) skipped.
Test suite progress: tests succeeded: 0, failed: 0, skipped: 72.
Starting test testPutString(org.jclouds.epc.blobstore.EucalyptusPartnerCloudWalrusInputStreamMapIntegrationLiveTest)
[TestNG] Test testPutString(org.jclouds.epc.blobstore.EucalyptusPartnerCloudWalrusInputStreamMapIntegrationLiveTest) skipped.
Test suite progress: tests succeeded: 0, failed: 0, skipped: 73.
Starting test testRemove(org.jclouds.epc.blobstore.EucalyptusPartnerCloudWalrusInputStreamMapIntegrationLiveTest)
[TestNG] Test testRemove(org.jclouds.epc.blobstore.EucalyptusPartnerCloudWalrusInputStreamMapIntegrationLiveTest) skipped.
Test suite progress: tests succeeded: 0, failed: 0, skipped: 74.
Starting test testValues(org.jclouds.epc.blobstore.EucalyptusPartnerCloudWalrusInputStreamMapIntegrationLiveTest)
[TestNG] Test testValues(org.jclouds.epc.blobstore.EucalyptusPartnerCloudWalrusInputStreamMapIntegrationLiveTest) skipped.
Test suite progress: tests succeeded: 0, failed: 0, skipped: 75.
Starting test testClear(org.jclouds.epc.blobstore.EucalyptusPartnerCloudWalrusInputStreamMapIntegrationLiveTest)
[TestNG] Test testClear(org.jclouds.epc.blobstore.EucalyptusPartnerCloudWalrusInputStreamMapIntegrationLiveTest) skipped.
Test suite progress: tests succeeded: 0, failed: 0, skipped: 76.
Starting test testContainsKey(org.jclouds.epc.blobstore.EucalyptusPartnerCloudWalrusInputStreamMapIntegrationLiveTest)
[TestNG] Test testContainsKey(org.jclouds.epc.blobstore.EucalyptusPartnerCloudWalrusInputStreamMapIntegrationLiveTest) skipped.
Test suite progress: tests succeeded: 0, failed: 0, skipped: 77.
Starting test testDirectory(org.jclouds.epc.blobstore.EucalyptusPartnerCloudWalrusInputStreamMapIntegrationLiveTest)
[TestNG] Test testDirectory(org.jclouds.epc.blobstore.EucalyptusPartnerCloudWalrusInputStreamMapIntegrationLiveTest) skipped.
Test suite progress: tests succeeded: 0, failed: 0, skipped: 78.
Starting test testIsEmpty(org.jclouds.epc.blobstore.EucalyptusPartnerCloudWalrusInputStreamMapIntegrationLiveTest)
[TestNG] Test testIsEmpty(org.jclouds.epc.blobstore.EucalyptusPartnerCloudWalrusInputStreamMapIntegrationLiveTest) skipped.
Test suite progress: tests succeeded: 0, failed: 0, skipped: 79.
Starting test testKeySet(org.jclouds.epc.blobstore.EucalyptusPartnerCloudWalrusInputStreamMapIntegrationLiveTest)
[TestNG] Test testKeySet(org.jclouds.epc.blobstore.EucalyptusPartnerCloudWalrusInputStreamMapIntegrationLiveTest) skipped.
Test suite progress: tests succeeded: 0, failed: 0, skipped: 80.
Starting test testListContainer(org.jclouds.epc.blobstore.EucalyptusPartnerCloudWalrusInputStreamMapIntegrationLiveTest)
[TestNG] Test testListContainer(org.jclouds.epc.blobstore.EucalyptusPartnerCloudWalrusInputStreamMapIntegrationLiveTest) skipped.
Test suite progress: tests succeeded: 0, failed: 0, skipped: 81.
Starting test containerDoesntExist(org.jclouds.epc.blobstore.EucalyptusPartnerCloudWalrusServiceIntegrationLiveTest)
[TestNG] Test containerDoesntExist(org.jclouds.epc.blobstore.EucalyptusPartnerCloudWalrusServiceIntegrationLiveTest) skipped.
Test suite progress: tests succeeded: 0, failed: 0, skipped: 82.
Starting test testAllLocations(org.jclouds.epc.blobstore.EucalyptusPartnerCloudWalrusServiceIntegrationLiveTest)
[TestNG] Test testAllLocations(org.jclouds.epc.blobstore.EucalyptusPartnerCloudWalrusServiceIntegrationLiveTest) skipped.
Test suite progress: tests succeeded: 0, failed: 0, skipped: 83.
Starting test testGetAssignableLocations(org.jclouds.epc.blobstore.EucalyptusPartnerCloudWalrusServiceIntegrationLiveTest)
[TestNG] Test testGetAssignableLocations(org.jclouds.epc.blobstore.EucalyptusPartnerCloudWalrusServiceIntegrationLiveTest) skipped.
Test suite progress: tests succeeded: 0, failed: 0, skipped: 84.
Starting test deleteContainerIfEmptyButHasContents(org.jclouds.epc.EucalyptusPartnerCloudWalrusClientLiveTest)
[TestNG] Test deleteContainerIfEmptyButHasContents(org.jclouds.epc.EucalyptusPartnerCloudWalrusClientLiveTest) skipped.
Test suite progress: tests succeeded: 0, failed: 0, skipped: 85.
Starting test deleteContainerIfEmptyNotFound(org.jclouds.epc.EucalyptusPartnerCloudWalrusClientLiveTest)
[TestNG] Test deleteContainerIfEmptyNotFound(org.jclouds.epc.EucalyptusPartnerCloudWalrusClientLiveTest) skipped.
Test suite progress: tests succeeded: 0, failed: 0, skipped: 86.
Starting test testCopyCannedAccessPolicyPublic(org.jclouds.epc.EucalyptusPartnerCloudWalrusClientLiveTest)
[TestNG] Test testCopyCannedAccessPolicyPublic(org.jclouds.epc.EucalyptusPartnerCloudWalrusClientLiveTest) skipped.
Test suite progress: tests succeeded: 0, failed: 0, skipped: 87.
Starting test testCopyIfMatch(org.jclouds.epc.EucalyptusPartnerCloudWalrusClientLiveTest)
[TestNG] Test testCopyIfMatch(org.jclouds.epc.EucalyptusPartnerCloudWalrusClientLiveTest) skipped.
Test suite progress: tests succeeded: 0, failed: 0, skipped: 88.
Starting test testCopyIfModifiedSince(org.jclouds.epc.EucalyptusPartnerCloudWalrusClientLiveTest)
[TestNG] Test testCopyIfModifiedSince(org.jclouds.epc.EucalyptusPartnerCloudWalrusClientLiveTest) skipped.
Test suite progress: tests succeeded: 0, failed: 0, skipped: 89.
Starting test testCopyIfNoneMatch(org.jclouds.epc.EucalyptusPartnerCloudWalrusClientLiveTest)
[TestNG] Test testCopyIfNoneMatch(org.jclouds.epc.EucalyptusPartnerCloudWalrusClientLiveTest) skipped.
Test suite progress: tests succeeded: 0, failed: 0, skipped: 90.
Starting test testCopyIfUnmodifiedSince(org.jclouds.epc.EucalyptusPartnerCloudWalrusClientLiveTest)
[TestNG] Test testCopyIfUnmodifiedSince(org.jclouds.epc.EucalyptusPartnerCloudWalrusClientLiveTest) skipped.
Test suite progress: tests succeeded: 0, failed: 0, skipped: 91.
Starting test testCopyObject(org.jclouds.epc.EucalyptusPartnerCloudWalrusClientLiveTest)
[TestNG] Test testCopyObject(org.jclouds.epc.EucalyptusPartnerCloudWalrusClientLiveTest) skipped.
Test suite progress: tests succeeded: 0, failed: 0, skipped: 92.
Starting test testCopyWithMetadata(org.jclouds.epc.EucalyptusPartnerCloudWalrusClientLiveTest)
[TestNG] Test testCopyWithMetadata(org.jclouds.epc.EucalyptusPartnerCloudWalrusClientLiveTest) skipped.
Test suite progress: tests succeeded: 0, failed: 0, skipped: 93.
Starting test testMetadataContentEncoding(org.jclouds.epc.EucalyptusPartnerCloudWalrusClientLiveTest)
[TestNG] Test testMetadataContentEncoding(org.jclouds.epc.EucalyptusPartnerCloudWalrusClientLiveTest) skipped.
Test suite progress: tests succeeded: 0, failed: 0, skipped: 94.
Starting test testMetadataWithCacheControlAndContentDisposition(org.jclouds.epc.EucalyptusPartnerCloudWalrusClientLiveTest)
[TestNG] Test testMetadataWithCacheControlAndContentDisposition(org.jclouds.epc.EucalyptusPartnerCloudWalrusClientLiveTest) skipped.
Test suite progress: tests succeeded: 0, failed: 0, skipped: 95.
Starting test testPrivateAclIsDefaultForObject(org.jclouds.epc.EucalyptusPartnerCloudWalrusClientLiveTest)
[TestNG] Test testPrivateAclIsDefaultForObject(org.jclouds.epc.EucalyptusPartnerCloudWalrusClientLiveTest) skipped.
Test suite progress: tests succeeded: 0, failed: 0, skipped: 96.
Starting test testPublicReadOnObject(org.jclouds.epc.EucalyptusPartnerCloudWalrusClientLiveTest)
[TestNG] Test testPublicReadOnObject(org.jclouds.epc.EucalyptusPartnerCloudWalrusClientLiveTest) skipped.
Test suite progress: tests succeeded: 0, failed: 0, skipped: 97.
Starting test testPublicWriteOnObject(org.jclouds.epc.EucalyptusPartnerCloudWalrusClientLiveTest)
[TestNG] Test testPublicWriteOnObject(org.jclouds.epc.EucalyptusPartnerCloudWalrusClientLiveTest) skipped.
Test suite progress: tests succeeded: 0, failed: 0, skipped: 98.
Starting test testPutCannedAccessPolicyPublic(org.jclouds.epc.EucalyptusPartnerCloudWalrusClientLiveTest)
[TestNG] Test testPutCannedAccessPolicyPublic(org.jclouds.epc.EucalyptusPartnerCloudWalrusClientLiveTest) skipped.
Test suite progress: tests succeeded: 0, failed: 0, skipped: 99.
Starting test testUpdateObjectACL(org.jclouds.epc.EucalyptusPartnerCloudWalrusClientLiveTest)
[TestNG] Test testUpdateObjectACL(org.jclouds.epc.EucalyptusPartnerCloudWalrusClientLiveTest) skipped.
Test suite progress: tests succeeded: 0, failed: 0, skipped: 100.
Tests run: 165, Failures: 1, Errors: 0, Skipped: 164, Time elapsed: 1.639 sec <<< FAILURE!

Results :

Failed tests:   setUpResourcesForAllThreads(org.jclouds.epc.EucalyptusPartnerCloudWalrusClientLiveTest)

Tests run: 165, Failures: 1, Errors: 0, Skipped: 164

[INFO] ------------------------------------------------------------------------
[INFO] BUILD FAILURE
[INFO] ------------------------------------------------------------------------
[INFO] Total time: 14.571s
[INFO] Finished at: Tue Apr 24 00:37:22 PDT 2012
[INFO] Final Memory: 21M/265M
[INFO] ------------------------------------------------------------------------
[ERROR] Failed to execute goal org.apache.maven.plugins:maven-surefire-plugin:2.12:test (integration) on project eucalyptus-partnercloud-s3: There are test failures.
[ERROR] 
[ERROR] Please refer to /Users/adriancole/workspace/git/jclouds/providers/eucalyptus-partnercloud-s3/target/surefire-reports for the individual test results.
[ERROR] -> [Help 1]
[ERROR] 
[ERROR] To see the full stack trace of the errors, re-run Maven with the -e switch.
[ERROR] Re-run Maven using the -X switch to enable full debug logging.
[ERROR] 
[ERROR] For more information about the errors and possible solutions, please read the following articles:
[ERROR] [Help 1] http://cwiki.apache.org/confluence/display/MAVEN/MojoFailureException
