[INFO] Scanning for projects...
[WARNING] 
[WARNING] Some problems were encountered while building the effective model for org.jclouds.provider:gogrid:bundle:1.5.0-SNAPSHOT
[WARNING] 'parent.relativePath' of POM org.jclouds:jclouds-project:1.5.0-SNAPSHOT (/Users/abayer/src/github/jclouds/project/pom.xml) points at org.jclouds:jclouds-multi instead of org.sonatype.oss:oss-parent, please verify your project structure @ org.jclouds:jclouds-project:1.5.0-SNAPSHOT, /Users/abayer/src/github/jclouds/project/pom.xml, line 24, column 13
[WARNING] 
[WARNING] It is highly recommended to fix these problems because they threaten the stability of your build.
[WARNING] 
[WARNING] For this reason, future Maven versions might no longer support building such malformed projects.
[WARNING] 
[INFO]                                                                         
[INFO] ------------------------------------------------------------------------
[INFO] Building jclouds GoGrid provider 1.5.0-SNAPSHOT
[INFO] ------------------------------------------------------------------------
[INFO] 
[INFO] --- maven-clean-plugin:2.4.1:clean (default-clean) @ gogrid ---
[INFO] Deleting /Users/abayer/src/github/jclouds/providers/gogrid/target
[INFO] 
[INFO] --- maven-enforcer-plugin:1.1:enforce (enforce-maven) @ gogrid ---
[INFO] 
[INFO] --- maven-enforcer-plugin:1.1:enforce (enforce-banned-dependencies) @ gogrid ---
[INFO] 
[INFO] --- maven-enforcer-plugin:1.1:enforce (enforce-java) @ gogrid ---
[INFO] 
[INFO] --- maven-remote-resources-plugin:1.3:process (process-remote-resources) @ gogrid ---
[INFO] 
[INFO] --- maven-resources-plugin:2.5:resources (default-resources) @ gogrid ---
[debug] execute contextualize
[INFO] Using 'UTF-8' encoding to copy filtered resources.
[INFO] skip non existing resourceDirectory /Users/abayer/src/github/jclouds/providers/gogrid/src/main/clojure
[INFO] Copying 1 resource
[INFO] Copying 2 resources
[INFO] 
[INFO] --- maven-compiler-plugin:2.5:compile (default-compile) @ gogrid ---
[INFO] Compiling 79 source files to /Users/abayer/src/github/jclouds/providers/gogrid/target/classes
[INFO] 
[INFO] --- maven-resources-plugin:2.5:testResources (default-testResources) @ gogrid ---
[debug] execute contextualize
[INFO] Using 'UTF-8' encoding to copy filtered resources.
[INFO] skip non existing resourceDirectory /Users/abayer/src/github/jclouds/providers/gogrid/src/test/clojure
[INFO] Copying 7 resources
[INFO] Copying 2 resources
[INFO] 
[INFO] --- maven-compiler-plugin:2.5:testCompile (default-testCompile) @ gogrid ---
[INFO] Compiling 31 source files to /Users/abayer/src/github/jclouds/providers/gogrid/target/test-classes
[INFO] 
[INFO] --- maven-surefire-plugin:2.12:test (default-test) @ gogrid ---
[INFO] Surefire report directory: /Users/abayer/src/github/jclouds/providers/gogrid/target/surefire-reports

-------------------------------------------------------
 T E S T S
-------------------------------------------------------
Running TestSuite
Configuring TestNG with: org.apache.maven.surefire.testng.conf.TestNGMapConfigurator@5f7a8a02
Starting test testWithView(org.jclouds.gogrid.binders.BindIdsToQueryParamsTest)
Starting test testWithPrimitive(org.jclouds.gogrid.binders.BindIdsToQueryParamsTest)
[pool-2-thread-2] Test testWithView(org.jclouds.gogrid.binders.BindIdsToQueryParamsTest) succeeded: 87ms
Test suite progress: tests succeeded: 1, failed: 0, skipped: 0.
[pool-2-thread-1] Test testWithPrimitive(org.jclouds.gogrid.binders.BindIdsToQueryParamsTest) succeeded: 87ms
Test suite progress: tests succeeded: 2, failed: 0, skipped: 0.
Starting test testBinding(org.jclouds.gogrid.binders.BindNamesToQueryParamsTest)
[pool-3-thread-1] Test testBinding(org.jclouds.gogrid.binders.BindNamesToQueryParamsTest) succeeded: 1ms
Test suite progress: tests succeeded: 3, failed: 0, skipped: 0.
Starting test testAllStatusCovered(org.jclouds.gogrid.compute.config.GoGridComputeServiceContextModuleTest)
[pool-4-thread-1] Test testAllStatusCovered(org.jclouds.gogrid.compute.config.GoGridComputeServiceContextModuleTest) succeeded: 9ms
Test suite progress: tests succeeded: 4, failed: 0, skipped: 0.
Starting test testApplySetsTagFromNameAndCredentialsFromName(org.jclouds.gogrid.compute.functions.ServerToNodeMetadataTest)
[pool-5-thread-1] Test testApplySetsTagFromNameAndCredentialsFromName(org.jclouds.gogrid.compute.functions.ServerToNodeMetadataTest) succeeded: 164ms
Test suite progress: tests succeeded: 5, failed: 0, skipped: 0.
Starting test testAs(org.jclouds.gogrid.compute.options.GoGridTemplateOptionsTest)
[pool-6-thread-1] Test testAs(org.jclouds.gogrid.compute.options.GoGridTemplateOptionsTest) succeeded: 1ms
Test suite progress: tests succeeded: 6, failed: 0, skipped: 0.
Starting test testValid(org.jclouds.gogrid.functions.ParseCredentialsFromJsonResponseTest)
Starting test testFailWhenTooManyPasswords(org.jclouds.gogrid.functions.ParseCredentialsFromJsonResponseTest)
[pool-7-thread-2] Test testValid(org.jclouds.gogrid.functions.ParseCredentialsFromJsonResponseTest) succeeded: 177ms
Test suite progress: tests succeeded: 7, failed: 0, skipped: 0.
[pool-7-thread-1] Test testFailWhenTooManyPasswords(org.jclouds.gogrid.functions.ParseCredentialsFromJsonResponseTest) succeeded: 181ms
Test suite progress: tests succeeded: 8, failed: 0, skipped: 0.
Starting test testApplyInputStreamDetails(org.jclouds.gogrid.functions.ParseJobsFromJsonResponseTest)
[pool-8-thread-1] Test testApplyInputStreamDetails(org.jclouds.gogrid.functions.ParseJobsFromJsonResponseTest) succeeded: 12ms
Test suite progress: tests succeeded: 9, failed: 0, skipped: 0.
Starting test testApplyInputStreamDetails(org.jclouds.gogrid.functions.ParseLoadBalancersFromJsonResponseTest)
[pool-9-thread-1] Test testApplyInputStreamDetails(org.jclouds.gogrid.functions.ParseLoadBalancersFromJsonResponseTest) succeeded: 13ms
Test suite progress: tests succeeded: 10, failed: 0, skipped: 0.
Starting test testApplyInputStreamDetails(org.jclouds.gogrid.functions.ParseServerNameToCredentialsMapFromJsonResponseTest)
[pool-10-thread-1] Test testApplyInputStreamDetails(org.jclouds.gogrid.functions.ParseServerNameToCredentialsMapFromJsonResponseTest) succeeded: 15ms
Test suite progress: tests succeeded: 11, failed: 0, skipped: 0.
Starting test testAsync(org.jclouds.gogrid.GoGridAsyncClientTest)
Starting test testSync(org.jclouds.gogrid.GoGridAsyncClientTest)
[pool-11-thread-1] Test testAsync(org.jclouds.gogrid.GoGridAsyncClientTest) succeeded: 98ms
Test suite progress: tests succeeded: 12, failed: 0, skipped: 0.
[pool-11-thread-2] Test testSync(org.jclouds.gogrid.GoGridAsyncClientTest) succeeded: 101ms
Test suite progress: tests succeeded: 13, failed: 0, skipped: 0.
Starting test testAllContains(org.jclouds.gogrid.GoGridProviderTest)
Starting test testOfApiContains(org.jclouds.gogrid.GoGridProviderTest)
Starting test testTransformableToContains(org.jclouds.gogrid.GoGridProviderTest)
Starting test testWithId(org.jclouds.gogrid.GoGridProviderTest)
[pool-12-thread-2] Test testOfApiContains(org.jclouds.gogrid.GoGridProviderTest) succeeded: 3ms
Test suite progress: tests succeeded: 14, failed: 0, skipped: 0.
[pool-12-thread-1] Test testAllContains(org.jclouds.gogrid.GoGridProviderTest) succeeded: 3ms
Test suite progress: tests succeeded: 15, failed: 0, skipped: 0.
[pool-12-thread-4] Test testWithId(org.jclouds.gogrid.GoGridProviderTest) succeeded: 4ms
Test suite progress: tests succeeded: 16, failed: 0, skipped: 0.
[pool-12-thread-3] Test testTransformableToContains(org.jclouds.gogrid.GoGridProviderTest) succeeded: 5ms
Test suite progress: tests succeeded: 17, failed: 0, skipped: 0.
Starting test testHandler(org.jclouds.gogrid.handlers.GoGridErrorHandlerTest)
[pool-13-thread-1] Test testHandler(org.jclouds.gogrid.handlers.GoGridErrorHandlerTest) succeeded: 15ms
Test suite progress: tests succeeded: 18, failed: 0, skipped: 0.
Starting test testAsSandboxType(org.jclouds.gogrid.options.AddServerOptionsTest)
Starting test testAsSandboxTypeStatic(org.jclouds.gogrid.options.AddServerOptionsTest)
Starting test testAssignability(org.jclouds.gogrid.options.AddServerOptionsTest)
Starting test testNullWithDescription(org.jclouds.gogrid.options.AddServerOptionsTest)
Starting test testWith500LengthDescription(org.jclouds.gogrid.options.AddServerOptionsTest)
[pool-14-thread-3] Test testAssignability(org.jclouds.gogrid.options.AddServerOptionsTest) succeeded: 1ms
Test suite progress: tests succeeded: 19, failed: 0, skipped: 0.
Starting test testWith501LengthDescription(org.jclouds.gogrid.options.AddServerOptionsTest)
[pool-14-thread-3] Test testWith501LengthDescription(org.jclouds.gogrid.options.AddServerOptionsTest) succeeded: 0ms
Test suite progress: tests succeeded: 20, failed: 0, skipped: 0.
Starting test testWithDescription(org.jclouds.gogrid.options.AddServerOptionsTest)
[pool-14-thread-4] Test testNullWithDescription(org.jclouds.gogrid.options.AddServerOptionsTest) succeeded: 4ms
Test suite progress: tests succeeded: 21, failed: 0, skipped: 0.
[pool-14-thread-5] Test testWith500LengthDescription(org.jclouds.gogrid.options.AddServerOptionsTest) succeeded: 4ms
Test suite progress: tests succeeded: 22, failed: 0, skipped: 0.
[pool-14-thread-3] Test testWithDescription(org.jclouds.gogrid.options.AddServerOptionsTest) succeeded: 1ms
Test suite progress: tests succeeded: 23, failed: 0, skipped: 0.
[pool-14-thread-1] Test testAsSandboxType(org.jclouds.gogrid.options.AddServerOptionsTest) succeeded: 5ms
Starting test testWithDescriptionNPE(org.jclouds.gogrid.options.AddServerOptionsTest)
Test suite progress: tests succeeded: 24, failed: 0, skipped: 0.
Starting test testWithDescriptionStatic(org.jclouds.gogrid.options.AddServerOptionsTest)
[pool-14-thread-2] Test testAsSandboxTypeStatic(org.jclouds.gogrid.options.AddServerOptionsTest) succeeded: 5ms
Test suite progress: tests succeeded: 25, failed: 0, skipped: 0.
[pool-14-thread-4] Test testWithDescriptionNPE(org.jclouds.gogrid.options.AddServerOptionsTest) succeeded: 0ms
Test suite progress: tests succeeded: 26, failed: 0, skipped: 0.
[pool-14-thread-5] Test testWithDescriptionStatic(org.jclouds.gogrid.options.AddServerOptionsTest) succeeded: 0ms
Test suite progress: tests succeeded: 27, failed: 0, skipped: 0.
Starting test testAssignability(org.jclouds.gogrid.options.SaveImageOptionsTest)
Starting test testNullWithDescription(org.jclouds.gogrid.options.SaveImageOptionsTest)
[pool-15-thread-1] Test testAssignability(org.jclouds.gogrid.options.SaveImageOptionsTest) succeeded: 0ms
Starting test testWith500LengthDescription(org.jclouds.gogrid.options.SaveImageOptionsTest)
Test suite progress: tests succeeded: 28, failed: 0, skipped: 0.
[pool-15-thread-2] Test testNullWithDescription(org.jclouds.gogrid.options.SaveImageOptionsTest) succeeded: 0ms
Starting test testWith501LengthDescription(org.jclouds.gogrid.options.SaveImageOptionsTest)
Test suite progress: tests succeeded: 29, failed: 0, skipped: 0.
[pool-15-thread-3] Test testWith500LengthDescription(org.jclouds.gogrid.options.SaveImageOptionsTest) succeeded: 0ms
Test suite progress: tests succeeded: 30, failed: 0, skipped: 0.
Starting test testWithDescription(org.jclouds.gogrid.options.SaveImageOptionsTest)
Starting test testWithDescriptionNPE(org.jclouds.gogrid.options.SaveImageOptionsTest)
[pool-15-thread-4] Test testWith501LengthDescription(org.jclouds.gogrid.options.SaveImageOptionsTest) succeeded: 1ms
Starting test testWithDescriptionStatic(org.jclouds.gogrid.options.SaveImageOptionsTest)
Test suite progress: tests succeeded: 31, failed: 0, skipped: 0.
[pool-15-thread-5] Test testWithDescription(org.jclouds.gogrid.options.SaveImageOptionsTest) succeeded: 0ms
Test suite progress: tests succeeded: 32, failed: 0, skipped: 0.
[pool-15-thread-2] Test testWithDescriptionStatic(org.jclouds.gogrid.options.SaveImageOptionsTest) succeeded: 0ms
Test suite progress: tests succeeded: 33, failed: 0, skipped: 0.
[pool-15-thread-1] Test testWithDescriptionNPE(org.jclouds.gogrid.options.SaveImageOptionsTest) succeeded: 0ms
Test suite progress: tests succeeded: 34, failed: 0, skipped: 0.
Starting test test(org.jclouds.gogrid.parse.ParseServerListTest)
[pool-16-thread-1] Test test(org.jclouds.gogrid.parse.ParseServerListTest) succeeded: 18ms
Test suite progress: tests succeeded: 35, failed: 0, skipped: 0.
Starting test test(org.jclouds.gogrid.parse.ParseServerTest)
[pool-17-thread-1] Test test(org.jclouds.gogrid.parse.ParseServerTest) succeeded: 14ms
Test suite progress: tests succeeded: 36, failed: 0, skipped: 0.
Starting test testPredicate(org.jclouds.gogrid.predicates.ServerLatestJobCompletedTest)
[pool-18-thread-1] Test testPredicate(org.jclouds.gogrid.predicates.ServerLatestJobCompletedTest) succeeded: 9ms
Test suite progress: tests succeeded: 37, failed: 0, skipped: 0.
Starting test testGetImageListWithOptions(org.jclouds.gogrid.services.GridImageAsyncClientTest)
Starting test testDeleteById(org.jclouds.gogrid.services.GridImageAsyncClientTest)
Starting test testGetImagesByName(org.jclouds.gogrid.services.GridImageAsyncClientTest)
Starting test testEditImageFriendlyName(org.jclouds.gogrid.services.GridImageAsyncClientTest)
Starting test testEditImageDescription(org.jclouds.gogrid.services.GridImageAsyncClientTest)
[pool-19-thread-1] Test testDeleteById(org.jclouds.gogrid.services.GridImageAsyncClientTest) succeeded: 20ms
Test suite progress: tests succeeded: 38, failed: 0, skipped: 0.
Starting test testSaveImageFromServerNoOptions(org.jclouds.gogrid.services.GridImageAsyncClientTest)
[pool-19-thread-1] Test testSaveImageFromServerNoOptions(org.jclouds.gogrid.services.GridImageAsyncClientTest) succeeded: 3ms
Test suite progress: tests succeeded: 39, failed: 0, skipped: 0.
Starting test testSaveImageOptions(org.jclouds.gogrid.services.GridImageAsyncClientTest)
[pool-19-thread-3] Test testEditImageFriendlyName(org.jclouds.gogrid.services.GridImageAsyncClientTest) succeeded: 23ms
Test suite progress: tests succeeded: 40, failed: 0, skipped: 0.
[pool-19-thread-5] Test testGetImagesByName(org.jclouds.gogrid.services.GridImageAsyncClientTest) succeeded: 24ms
Test suite progress: tests succeeded: 41, failed: 0, skipped: 0.
[pool-19-thread-4] Test testGetImageListWithOptions(org.jclouds.gogrid.services.GridImageAsyncClientTest) succeeded: 25ms
Test suite progress: tests succeeded: 42, failed: 0, skipped: 0.
[pool-19-thread-2] Test testEditImageDescription(org.jclouds.gogrid.services.GridImageAsyncClientTest) succeeded: 24ms
Test suite progress: tests succeeded: 43, failed: 0, skipped: 0.
[pool-19-thread-1] Test testSaveImageOptions(org.jclouds.gogrid.services.GridImageAsyncClientTest) succeeded: 2ms
Test suite progress: tests succeeded: 44, failed: 0, skipped: 0.
Starting test testGetAssignedIpList(org.jclouds.gogrid.services.GridIpAsyncClientTest)
Starting test testGetIpListWithOptions(org.jclouds.gogrid.services.GridIpAsyncClientTest)
[pool-20-thread-1] Test testGetAssignedIpList(org.jclouds.gogrid.services.GridIpAsyncClientTest) succeeded: 4ms
Test suite progress: tests succeeded: 45, failed: 0, skipped: 0.
[pool-20-thread-2] Test testGetIpListWithOptions(org.jclouds.gogrid.services.GridIpAsyncClientTest) succeeded: 4ms
Test suite progress: tests succeeded: 46, failed: 0, skipped: 0.
Starting test testGetJobListNoOptions(org.jclouds.gogrid.services.GridJobAsyncClientTest)
Starting test testGetJobsForServerName(org.jclouds.gogrid.services.GridJobAsyncClientTest)
Starting test testGetJobsById(org.jclouds.gogrid.services.GridJobAsyncClientTest)
Starting test testGetJobListWithOptions(org.jclouds.gogrid.services.GridJobAsyncClientTest)
[pool-21-thread-1] Test testGetJobListNoOptions(org.jclouds.gogrid.services.GridJobAsyncClientTest) succeeded: 2ms
Test suite progress: tests succeeded: 47, failed: 0, skipped: 0.
[pool-21-thread-3] Test testGetJobsById(org.jclouds.gogrid.services.GridJobAsyncClientTest) succeeded: 8ms
Test suite progress: tests succeeded: 48, failed: 0, skipped: 0.
[pool-21-thread-2] Test testGetJobListWithOptions(org.jclouds.gogrid.services.GridJobAsyncClientTest) succeeded: 8ms
Test suite progress: tests succeeded: 49, failed: 0, skipped: 0.
[pool-21-thread-4] Test testGetJobsForServerName(org.jclouds.gogrid.services.GridJobAsyncClientTest) succeeded: 8ms
Test suite progress: tests succeeded: 50, failed: 0, skipped: 0.
Starting test testDeleteLoadBalancerById(org.jclouds.gogrid.services.GridLoadBalancerAsyncClientTest)
Starting test testEditLoadBalancerNamed(org.jclouds.gogrid.services.GridLoadBalancerAsyncClientTest)
Starting test testAddLoadBalancer(org.jclouds.gogrid.services.GridLoadBalancerAsyncClientTest)
Starting test testGetLoadBalancerList(org.jclouds.gogrid.services.GridLoadBalancerAsyncClientTest)
Starting test testEditLoadBalancer(org.jclouds.gogrid.services.GridLoadBalancerAsyncClientTest)
[pool-22-thread-5] Test testGetLoadBalancerList(org.jclouds.gogrid.services.GridLoadBalancerAsyncClientTest) succeeded: 6ms
Test suite progress: tests succeeded: 51, failed: 0, skipped: 0.
[pool-22-thread-2] Test testDeleteLoadBalancerById(org.jclouds.gogrid.services.GridLoadBalancerAsyncClientTest) succeeded: 6ms
Test suite progress: tests succeeded: 52, failed: 0, skipped: 0.
Starting test testGetLoadBalancersByName(org.jclouds.gogrid.services.GridLoadBalancerAsyncClientTest)
[pool-22-thread-3] Test testEditLoadBalancer(org.jclouds.gogrid.services.GridLoadBalancerAsyncClientTest) succeeded: 7ms
Test suite progress: tests succeeded: 53, failed: 0, skipped: 0.
[pool-22-thread-4] Test testEditLoadBalancerNamed(org.jclouds.gogrid.services.GridLoadBalancerAsyncClientTest) succeeded: 10ms
Test suite progress: tests succeeded: 54, failed: 0, skipped: 0.
[pool-22-thread-5] Test testGetLoadBalancersByName(org.jclouds.gogrid.services.GridLoadBalancerAsyncClientTest) succeeded: 4ms
Test suite progress: tests succeeded: 55, failed: 0, skipped: 0.
[pool-22-thread-1] Test testAddLoadBalancer(org.jclouds.gogrid.services.GridLoadBalancerAsyncClientTest) succeeded: 12ms
Test suite progress: tests succeeded: 56, failed: 0, skipped: 0.
Starting test testEditServerType(org.jclouds.gogrid.services.GridServerAsyncClientTest)
Starting test testDeleteByName(org.jclouds.gogrid.services.GridServerAsyncClientTest)
Starting test testEditServerRam(org.jclouds.gogrid.services.GridServerAsyncClientTest)
Starting test testEditServerDescription(org.jclouds.gogrid.services.GridServerAsyncClientTest)
Starting test testGetRamSizes(org.jclouds.gogrid.services.GridServerAsyncClientTest)
[pool-23-thread-1] Test testDeleteByName(org.jclouds.gogrid.services.GridServerAsyncClientTest) succeeded: 3ms
Test suite progress: tests succeeded: 57, failed: 0, skipped: 0.
Starting test testGetServerListWithOptions(org.jclouds.gogrid.services.GridServerAsyncClientTest)
[pool-23-thread-4] Test testEditServerType(org.jclouds.gogrid.services.GridServerAsyncClientTest) succeeded: 4ms
Test suite progress: tests succeeded: 58, failed: 0, skipped: 0.
[pool-23-thread-2] Test testEditServerDescription(org.jclouds.gogrid.services.GridServerAsyncClientTest) succeeded: 4ms
Test suite progress: tests succeeded: 59, failed: 0, skipped: 0.
[pool-23-thread-5] Test testGetRamSizes(org.jclouds.gogrid.services.GridServerAsyncClientTest) succeeded: 4ms
Test suite progress: tests succeeded: 60, failed: 0, skipped: 0.
[pool-23-thread-3] Test testEditServerRam(org.jclouds.gogrid.services.GridServerAsyncClientTest) succeeded: 4ms
Test suite progress: tests succeeded: 61, failed: 0, skipped: 0.
Starting test testGetServersByName(org.jclouds.gogrid.services.GridServerAsyncClientTest)
Starting test testGetServersById(org.jclouds.gogrid.services.GridServerAsyncClientTest)
Starting test testServerCredentials(org.jclouds.gogrid.services.GridServerAsyncClientTest)
Starting test testPowerServer(org.jclouds.gogrid.services.GridServerAsyncClientTest)
[pool-23-thread-1] Test testGetServerListWithOptions(org.jclouds.gogrid.services.GridServerAsyncClientTest) succeeded: 4ms
Test suite progress: tests succeeded: 62, failed: 0, skipped: 0.
Starting test testTypes(org.jclouds.gogrid.services.GridServerAsyncClientTest)
[pool-23-thread-2] Test testGetServersByName(org.jclouds.gogrid.services.GridServerAsyncClientTest) succeeded: 2ms
Test suite progress: tests succeeded: 63, failed: 0, skipped: 0.
[pool-23-thread-3] Test testServerCredentials(org.jclouds.gogrid.services.GridServerAsyncClientTest) succeeded: 3ms
Test suite progress: tests succeeded: 64, failed: 0, skipped: 0.
[pool-23-thread-4] Test testGetServersById(org.jclouds.gogrid.services.GridServerAsyncClientTest) succeeded: 3ms
Test suite progress: tests succeeded: 65, failed: 0, skipped: 0.
[pool-23-thread-5] Test testPowerServer(org.jclouds.gogrid.services.GridServerAsyncClientTest) succeeded: 3ms
Test suite progress: tests succeeded: 66, failed: 0, skipped: 0.
[pool-23-thread-1] Test testTypes(org.jclouds.gogrid.services.GridServerAsyncClientTest) succeeded: 3ms
Test suite progress: tests succeeded: 67, failed: 0, skipped: 0.
Starting test testAddServerWhenResponseIs2xx(org.jclouds.gogrid.services.GridServerClientExpectTest)
Starting test testAddServerWithOptionsWhenResponseIs2xx(org.jclouds.gogrid.services.GridServerClientExpectTest)
Starting test testGetServerListWhenReponseIs404IsEmpty(org.jclouds.gogrid.services.GridServerClientExpectTest)
Starting test testGetServerCredentialsWhenNotFoundThrowsResourceNotFoundExceptionWithNiceMessage(org.jclouds.gogrid.services.GridServerClientExpectTest)
Starting test testGetServerListWhenResponseIs2xx(org.jclouds.gogrid.services.GridServerClientExpectTest)
[pool-24-thread-4] Test testGetServerListWhenReponseIs404IsEmpty(org.jclouds.gogrid.services.GridServerClientExpectTest) succeeded: 216ms
Test suite progress: tests succeeded: 68, failed: 0, skipped: 0.
Starting test testGetServerListWithOptionsWhenResponseIs2xx(org.jclouds.gogrid.services.GridServerClientExpectTest)
[pool-24-thread-3] Test testGetServerCredentialsWhenNotFoundThrowsResourceNotFoundExceptionWithNiceMessage(org.jclouds.gogrid.services.GridServerClientExpectTest) succeeded: 218ms
Test suite progress: tests succeeded: 69, failed: 0, skipped: 0.
[pool-24-thread-1] Test testAddServerWhenResponseIs2xx(org.jclouds.gogrid.services.GridServerClientExpectTest) succeeded: 224ms
Test suite progress: tests succeeded: 70, failed: 0, skipped: 0.
[pool-24-thread-2] Test testAddServerWithOptionsWhenResponseIs2xx(org.jclouds.gogrid.services.GridServerClientExpectTest) succeeded: 226ms
Test suite progress: tests succeeded: 71, failed: 0, skipped: 0.
[pool-24-thread-5] Test testGetServerListWhenResponseIs2xx(org.jclouds.gogrid.services.GridServerClientExpectTest) succeeded: 226ms
Test suite progress: tests succeeded: 72, failed: 0, skipped: 0.
[pool-24-thread-4] Test testGetServerListWithOptionsWhenResponseIs2xx(org.jclouds.gogrid.services.GridServerClientExpectTest) succeeded: 119ms
Test suite progress: tests succeeded: 73, failed: 0, skipped: 0.
Tests run: 73, Failures: 0, Errors: 0, Skipped: 0, Time elapsed: 3.742 sec

Results :

Tests run: 73, Failures: 0, Errors: 0, Skipped: 0

[INFO] 
[INFO] --- maven-bundle-plugin:2.3.7:bundle (default-bundle) @ gogrid ---
[INFO] 
[INFO] --- maven-jar-plugin:2.4:test-jar (default) @ gogrid ---
[INFO] Building jar: /Users/abayer/src/github/jclouds/providers/gogrid/target/gogrid-1.5.0-SNAPSHOT-tests.jar
[INFO] 
[INFO] --- maven-surefire-plugin:2.12:test (integration) @ gogrid ---
[INFO] Surefire report directory: /Users/abayer/src/github/jclouds/providers/gogrid/target/surefire-reports

-------------------------------------------------------
 T E S T S
-------------------------------------------------------
Running TestSuite
Configuring TestNG with: org.apache.maven.surefire.testng.conf.TestNGMapConfigurator@7e80fa6f
Starting test setServiceDefaults(org.jclouds.gogrid.compute.GoGridComputeServiceLiveTest)
[TestNG] Test setServiceDefaults(org.jclouds.gogrid.compute.GoGridComputeServiceLiveTest) succeeded: 1ms
Test suite progress: tests succeeded: 1, failed: 0, skipped: 0.
Starting test testCompareSizes(org.jclouds.gogrid.compute.GoGridComputeServiceLiveTest)
Sep 10, 2012 1:31:25 PM org.jclouds.compute.internal.BaseComputeServiceLiveTest testCompareSizes
INFO: smallest {id=1, providerId=1, processors=[{cores=0.5, speed=1.0}], ram=512, volumes=[{type=LOCAL, size=25.0, bootDevice=true, durable=true}], supportsImage=ALWAYS_TRUE}
Sep 10, 2012 1:31:25 PM org.jclouds.compute.internal.BaseComputeServiceLiveTest testCompareSizes
INFO: fastest {id=6, providerId=6, processors=[{cores=16.0, speed=1.0}], ram=16384, volumes=[{type=LOCAL, size=800.0, bootDevice=true, durable=true}], supportsImage=ALWAYS_TRUE}
Sep 10, 2012 1:31:25 PM org.jclouds.compute.internal.BaseComputeServiceLiveTest testCompareSizes
INFO: biggest {id=6, providerId=6, processors=[{cores=16.0, speed=1.0}], ram=16384, volumes=[{type=LOCAL, size=800.0, bootDevice=true, durable=true}], supportsImage=ALWAYS_TRUE}
[TestNG] Test testCompareSizes(org.jclouds.gogrid.compute.GoGridComputeServiceLiveTest) succeeded: 3285ms
Test suite progress: tests succeeded: 2, failed: 0, skipped: 0.
Starting test testCorrectExceptionRunningNodesNotFound(org.jclouds.gogrid.compute.GoGridComputeServiceLiveTest)
[TestNG] Test testCorrectExceptionRunningNodesNotFound(org.jclouds.gogrid.compute.GoGridComputeServiceLiveTest) succeeded: 643ms
Test suite progress: tests succeeded: 3, failed: 0, skipped: 0.
Starting test testGetAssignableLocations(org.jclouds.gogrid.compute.GoGridComputeServiceLiveTest)
Sep 10, 2012 1:31:26 PM org.jclouds.compute.internal.BaseComputeServiceLiveTest testGetAssignableLocations
WARNING: location {scope=ZONE, id=1, description=US West 1 Datacenter, parent=gogrid, iso3166Codes=[US-CA]}
Sep 10, 2012 1:31:26 PM org.jclouds.compute.internal.BaseComputeServiceLiveTest testGetAssignableLocations
WARNING: location {scope=ZONE, id=2, description=US East 1 Datacenter, parent=gogrid, iso3166Codes=[US-VA]}
Sep 10, 2012 1:31:26 PM org.jclouds.compute.internal.BaseComputeServiceLiveTest testGetAssignableLocations
WARNING: location {scope=ZONE, id=3, description=EU-West-1 Datacenter, parent=gogrid, iso3166Codes=[NL-NH]}
[TestNG] Test testGetAssignableLocations(org.jclouds.gogrid.compute.GoGridComputeServiceLiveTest) succeeded: 1ms
Test suite progress: tests succeeded: 4, failed: 0, skipped: 0.
Starting test testImageById(org.jclouds.gogrid.compute.GoGridComputeServiceLiveTest)
[TestNG] Test testImageById(org.jclouds.gogrid.compute.GoGridComputeServiceLiveTest) succeeded: 249ms
Test suite progress: tests succeeded: 5, failed: 0, skipped: 0.
Starting test testImagesCache(org.jclouds.gogrid.compute.GoGridComputeServiceLiveTest)
[TestNG] Test testImagesCache(org.jclouds.gogrid.compute.GoGridComputeServiceLiveTest) succeeded: 0ms
Test suite progress: tests succeeded: 6, failed: 0, skipped: 0.
Starting test testListImages(org.jclouds.gogrid.compute.GoGridComputeServiceLiveTest)
[TestNG] Test testListImages(org.jclouds.gogrid.compute.GoGridComputeServiceLiveTest) succeeded: 0ms
Test suite progress: tests succeeded: 7, failed: 0, skipped: 0.
Starting test testListSizes(org.jclouds.gogrid.compute.GoGridComputeServiceLiveTest)
[TestNG] Test testListSizes(org.jclouds.gogrid.compute.GoGridComputeServiceLiveTest) succeeded: 0ms
Test suite progress: tests succeeded: 8, failed: 0, skipped: 0.
Starting test testOptionToNotBlock(org.jclouds.gogrid.compute.GoGridComputeServiceLiveTest)
[TestNG] Test testOptionToNotBlock(org.jclouds.gogrid.compute.GoGridComputeServiceLiveTest) succeeded: 35713ms
Test suite progress: tests succeeded: 9, failed: 0, skipped: 0.
Starting test testResizeRam(org.jclouds.gogrid.compute.GoGridComputeServiceLiveTest)
[TestNG] Test testResizeRam(org.jclouds.gogrid.compute.GoGridComputeServiceLiveTest) succeeded: 513155ms
Test suite progress: tests succeeded: 10, failed: 0, skipped: 0.
Starting test testCreateAndRunAService(org.jclouds.gogrid.compute.GoGridComputeServiceLiveTest)
[TestNG] Test testCreateAndRunAService(org.jclouds.gogrid.compute.GoGridComputeServiceLiveTest) failed.
Test suite progress: tests succeeded: 10, failed: 1, skipped: 0.
Starting test testCorrectAuthException(org.jclouds.gogrid.compute.GoGridComputeServiceLiveTest)
[TestNG] Test testCorrectAuthException(org.jclouds.gogrid.compute.GoGridComputeServiceLiveTest) succeeded: 243ms
Test suite progress: tests succeeded: 11, failed: 1, skipped: 0.
Starting test testAScriptExecutionAfterBootWithBasicTemplate(org.jclouds.gogrid.compute.GoGridComputeServiceLiveTest)
[TestNG] Test testAScriptExecutionAfterBootWithBasicTemplate(org.jclouds.gogrid.compute.GoGridComputeServiceLiveTest) failed.
Test suite progress: tests succeeded: 11, failed: 2, skipped: 0.
Starting test testConcurrentUseOfComputeServiceToCreateNodes(org.jclouds.gogrid.compute.GoGridComputeServiceLiveTest)
Sep 10, 2012 2:02:25 PM org.jclouds.compute.internal.BaseComputeServiceLiveTest$1 call
INFO: Started node 392606
Sep 10, 2012 2:02:28 PM org.jclouds.compute.internal.BaseComputeServiceLiveTest$1 call
INFO: Started node 392607
[TestNG] Test testConcurrentUseOfComputeServiceToCreateNodes(org.jclouds.gogrid.compute.GoGridComputeServiceLiveTest) succeeded: 467552ms
Test suite progress: tests succeeded: 12, failed: 2, skipped: 0.
Starting test testTemplateMatch(org.jclouds.gogrid.compute.GoGridComputeServiceLiveTest)
[TestNG] Test testTemplateMatch(org.jclouds.gogrid.compute.GoGridComputeServiceLiveTest) succeeded: 3ms
Test suite progress: tests succeeded: 13, failed: 2, skipped: 0.
Starting test testCreateTwoNodesWithRunScript(org.jclouds.gogrid.compute.GoGridComputeServiceLiveTest)
[TestNG] Test testCreateTwoNodesWithRunScript(org.jclouds.gogrid.compute.GoGridComputeServiceLiveTest) succeeded: 817693ms
Test suite progress: tests succeeded: 14, failed: 2, skipped: 0.
Starting test testCreateAnotherNodeWithANewContextToEnsureSharedMemIsntRequired(org.jclouds.gogrid.compute.GoGridComputeServiceLiveTest)
Sep 10, 2012 2:17:14 PM org.jclouds.compute.internal.BaseComputeServiceLiveTest testCreateAnotherNodeWithANewContextToEnsureSharedMemIsntRequired
INFO: creating another node based on existing nodes' location: {scope=ZONE, id=1, description=US West 1 Datacenter, parent=gogrid, iso3166Codes=[US-CA]}
[TestNG] Test testCreateAnotherNodeWithANewContextToEnsureSharedMemIsntRequired(org.jclouds.gogrid.compute.GoGridComputeServiceLiveTest) succeeded: 815949ms
Test suite progress: tests succeeded: 15, failed: 2, skipped: 0.
Starting test testCredentialsCache(org.jclouds.gogrid.compute.GoGridComputeServiceLiveTest)
[TestNG] Test testCredentialsCache(org.jclouds.gogrid.compute.GoGridComputeServiceLiveTest) succeeded: 120ms
Test suite progress: tests succeeded: 16, failed: 2, skipped: 0.
Starting test testGet(org.jclouds.gogrid.compute.GoGridComputeServiceLiveTest)
[TestNG] Test testGet(org.jclouds.gogrid.compute.GoGridComputeServiceLiveTest) succeeded: 5156ms
Test suite progress: tests succeeded: 17, failed: 2, skipped: 0.
Starting test testReboot(org.jclouds.gogrid.compute.GoGridComputeServiceLiveTest)
[TestNG] Test testReboot(org.jclouds.gogrid.compute.GoGridComputeServiceLiveTest) succeeded: 433237ms
Test suite progress: tests succeeded: 18, failed: 2, skipped: 0.
Starting test testSuspendResume(org.jclouds.gogrid.compute.GoGridComputeServiceLiveTest)
[TestNG] Test testSuspendResume(org.jclouds.gogrid.compute.GoGridComputeServiceLiveTest) failed.
Test suite progress: tests succeeded: 18, failed: 3, skipped: 0.
[TestNG] Test testGetNodesWithDetails(org.jclouds.gogrid.compute.GoGridComputeServiceLiveTest) skipped.
Test suite progress: tests succeeded: 18, failed: 3, skipped: 1.
[TestNG] Test testListNodes(org.jclouds.gogrid.compute.GoGridComputeServiceLiveTest) skipped.
Test suite progress: tests succeeded: 18, failed: 3, skipped: 2.
[TestNG] Test testDestroyNodes(org.jclouds.gogrid.compute.GoGridComputeServiceLiveTest) skipped.
Test suite progress: tests succeeded: 18, failed: 3, skipped: 3.
Starting test testCompareSizes(org.jclouds.gogrid.compute.GoGridTemplateBuilderLiveTest)
smallest {id=1, providerId=1, processors=[{cores=0.5, speed=1.0}], ram=512, volumes=[{type=LOCAL, size=25.0, bootDevice=true, durable=true}], supportsImage=ALWAYS_TRUE}
fastest {id=6, providerId=6, processors=[{cores=16.0, speed=1.0}], ram=16384, volumes=[{type=LOCAL, size=800.0, bootDevice=true, durable=true}], supportsImage=ALWAYS_TRUE}
biggest {id=6, providerId=6, processors=[{cores=16.0, speed=1.0}], ram=16384, volumes=[{type=LOCAL, size=800.0, bootDevice=true, durable=true}], supportsImage=ALWAYS_TRUE}
[TestNG] Test testCompareSizes(org.jclouds.gogrid.compute.GoGridTemplateBuilderLiveTest) succeeded: 2930ms
Test suite progress: tests succeeded: 19, failed: 3, skipped: 3.
Starting test testFromTemplate(org.jclouds.gogrid.compute.GoGridTemplateBuilderLiveTest)
[TestNG] Test testFromTemplate(org.jclouds.gogrid.compute.GoGridTemplateBuilderLiveTest) succeeded: 6ms
Test suite progress: tests succeeded: 20, failed: 3, skipped: 3.
Starting test testGetAssignableLocations(org.jclouds.gogrid.compute.GoGridTemplateBuilderLiveTest)
location {scope=ZONE, id=1, description=US West 1 Datacenter, parent=gogrid, iso3166Codes=[US-CA]}
location {scope=ZONE, id=2, description=US East 1 Datacenter, parent=gogrid, iso3166Codes=[US-VA]}
location {scope=ZONE, id=3, description=EU-West-1 Datacenter, parent=gogrid, iso3166Codes=[NL-NH]}
[TestNG] Test testGetAssignableLocations(org.jclouds.gogrid.compute.GoGridTemplateBuilderLiveTest) succeeded: 1ms
Test suite progress: tests succeeded: 21, failed: 3, skipped: 3.
Starting test testTemplateBuilderCanFind(org.jclouds.gogrid.compute.GoGridTemplateBuilderLiveTest)
[TestNG] Test testTemplateBuilderCanFind(org.jclouds.gogrid.compute.GoGridTemplateBuilderLiveTest) succeeded: 2ms
Test suite progress: tests succeeded: 22, failed: 3, skipped: 3.
Starting test testTemplateBuilderCanFind(org.jclouds.gogrid.compute.GoGridTemplateBuilderLiveTest)
[TestNG] Test testTemplateBuilderCanFind(org.jclouds.gogrid.compute.GoGridTemplateBuilderLiveTest) succeeded: 2ms
Test suite progress: tests succeeded: 23, failed: 3, skipped: 3.
Starting test testTemplateBuilderCanFind(org.jclouds.gogrid.compute.GoGridTemplateBuilderLiveTest)
[TestNG] Test testTemplateBuilderCanFind(org.jclouds.gogrid.compute.GoGridTemplateBuilderLiveTest) succeeded: 1ms
Test suite progress: tests succeeded: 24, failed: 3, skipped: 3.
Starting test testTemplateBuilderCanFind(org.jclouds.gogrid.compute.GoGridTemplateBuilderLiveTest)
[TestNG] Test testTemplateBuilderCanFind(org.jclouds.gogrid.compute.GoGridTemplateBuilderLiveTest) succeeded: 2ms
Test suite progress: tests succeeded: 25, failed: 3, skipped: 3.
Starting test testTemplateBuilderCanFind(org.jclouds.gogrid.compute.GoGridTemplateBuilderLiveTest)
[TestNG] Test testTemplateBuilderCanFind(org.jclouds.gogrid.compute.GoGridTemplateBuilderLiveTest) succeeded: 2ms
Test suite progress: tests succeeded: 26, failed: 3, skipped: 3.
Starting test testTemplateBuilderCanFind(org.jclouds.gogrid.compute.GoGridTemplateBuilderLiveTest)
[TestNG] Test testTemplateBuilderCanFind(org.jclouds.gogrid.compute.GoGridTemplateBuilderLiveTest) succeeded: 1ms
Test suite progress: tests succeeded: 27, failed: 3, skipped: 3.
Starting test testTemplateBuilderCanFind(org.jclouds.gogrid.compute.GoGridTemplateBuilderLiveTest)
[TestNG] Test testTemplateBuilderCanFind(org.jclouds.gogrid.compute.GoGridTemplateBuilderLiveTest) succeeded: 1ms
Test suite progress: tests succeeded: 28, failed: 3, skipped: 3.
Starting test testTemplateBuilderCanFind(org.jclouds.gogrid.compute.GoGridTemplateBuilderLiveTest)
[TestNG] Test testTemplateBuilderCanFind(org.jclouds.gogrid.compute.GoGridTemplateBuilderLiveTest) succeeded: 1ms
Test suite progress: tests succeeded: 29, failed: 3, skipped: 3.
Starting test testTemplateBuilderCanFind(org.jclouds.gogrid.compute.GoGridTemplateBuilderLiveTest)
[TestNG] Test testTemplateBuilderCanFind(org.jclouds.gogrid.compute.GoGridTemplateBuilderLiveTest) succeeded: 1ms
Test suite progress: tests succeeded: 30, failed: 3, skipped: 3.
Starting test testTemplateBuilderCanFind(org.jclouds.gogrid.compute.GoGridTemplateBuilderLiveTest)
[TestNG] Test testTemplateBuilderCanFind(org.jclouds.gogrid.compute.GoGridTemplateBuilderLiveTest) succeeded: 2ms
Test suite progress: tests succeeded: 31, failed: 3, skipped: 3.
Starting test testTemplateBuilderCanFind(org.jclouds.gogrid.compute.GoGridTemplateBuilderLiveTest)
[TestNG] Test testTemplateBuilderCanFind(org.jclouds.gogrid.compute.GoGridTemplateBuilderLiveTest) succeeded: 2ms
Test suite progress: tests succeeded: 32, failed: 3, skipped: 3.
Starting test testTemplateBuilderCanFind(org.jclouds.gogrid.compute.GoGridTemplateBuilderLiveTest)
[TestNG] Test testTemplateBuilderCanFind(org.jclouds.gogrid.compute.GoGridTemplateBuilderLiveTest) succeeded: 1ms
Test suite progress: tests succeeded: 33, failed: 3, skipped: 3.
Starting test testTemplateBuilderCanFind(org.jclouds.gogrid.compute.GoGridTemplateBuilderLiveTest)
[TestNG] Test testTemplateBuilderCanFind(org.jclouds.gogrid.compute.GoGridTemplateBuilderLiveTest) succeeded: 2ms
Test suite progress: tests succeeded: 34, failed: 3, skipped: 3.
Starting test testTemplateBuilderCanFind(org.jclouds.gogrid.compute.GoGridTemplateBuilderLiveTest)
[TestNG] Test testTemplateBuilderCanFind(org.jclouds.gogrid.compute.GoGridTemplateBuilderLiveTest) succeeded: 1ms
Test suite progress: tests succeeded: 35, failed: 3, skipped: 3.
Starting test testTemplateBuilderCanFind(org.jclouds.gogrid.compute.GoGridTemplateBuilderLiveTest)
[TestNG] Test testTemplateBuilderCanFind(org.jclouds.gogrid.compute.GoGridTemplateBuilderLiveTest) succeeded: 1ms
Test suite progress: tests succeeded: 36, failed: 3, skipped: 3.
Starting test testTemplateBuilderCanFind(org.jclouds.gogrid.compute.GoGridTemplateBuilderLiveTest)
[TestNG] Test testTemplateBuilderCanFind(org.jclouds.gogrid.compute.GoGridTemplateBuilderLiveTest) succeeded: 2ms
Test suite progress: tests succeeded: 37, failed: 3, skipped: 3.
Starting test testTemplateBuilderCanFind(org.jclouds.gogrid.compute.GoGridTemplateBuilderLiveTest)
[TestNG] Test testTemplateBuilderCanFind(org.jclouds.gogrid.compute.GoGridTemplateBuilderLiveTest) succeeded: 1ms
Test suite progress: tests succeeded: 38, failed: 3, skipped: 3.
Starting test testTemplateBuilderCanFind(org.jclouds.gogrid.compute.GoGridTemplateBuilderLiveTest)
[TestNG] Test testTemplateBuilderCanFind(org.jclouds.gogrid.compute.GoGridTemplateBuilderLiveTest) succeeded: 1ms
Test suite progress: tests succeeded: 39, failed: 3, skipped: 3.
Starting test testTemplateBuilderCanFind(org.jclouds.gogrid.compute.GoGridTemplateBuilderLiveTest)
[TestNG] Test testTemplateBuilderCanFind(org.jclouds.gogrid.compute.GoGridTemplateBuilderLiveTest) succeeded: 0ms
Test suite progress: tests succeeded: 40, failed: 3, skipped: 3.
Starting test testTemplateBuilderCanFind(org.jclouds.gogrid.compute.GoGridTemplateBuilderLiveTest)
[TestNG] Test testTemplateBuilderCanFind(org.jclouds.gogrid.compute.GoGridTemplateBuilderLiveTest) succeeded: 0ms
Test suite progress: tests succeeded: 41, failed: 3, skipped: 3.
Starting test testTemplateBuilderCanFind(org.jclouds.gogrid.compute.GoGridTemplateBuilderLiveTest)
[TestNG] Test testTemplateBuilderCanFind(org.jclouds.gogrid.compute.GoGridTemplateBuilderLiveTest) succeeded: 1ms
Test suite progress: tests succeeded: 42, failed: 3, skipped: 3.
Starting test testTemplateBuilderCanFind(org.jclouds.gogrid.compute.GoGridTemplateBuilderLiveTest)
[TestNG] Test testTemplateBuilderCanFind(org.jclouds.gogrid.compute.GoGridTemplateBuilderLiveTest) succeeded: 1ms
Test suite progress: tests succeeded: 43, failed: 3, skipped: 3.
Starting test testTemplateBuilderCanFind(org.jclouds.gogrid.compute.GoGridTemplateBuilderLiveTest)
[TestNG] Test testTemplateBuilderCanFind(org.jclouds.gogrid.compute.GoGridTemplateBuilderLiveTest) succeeded: 0ms
Test suite progress: tests succeeded: 44, failed: 3, skipped: 3.
Starting test testTemplateBuilderCanFind(org.jclouds.gogrid.compute.GoGridTemplateBuilderLiveTest)
[TestNG] Test testTemplateBuilderCanFind(org.jclouds.gogrid.compute.GoGridTemplateBuilderLiveTest) succeeded: 1ms
Test suite progress: tests succeeded: 45, failed: 3, skipped: 3.
Starting test testTemplateBuilderCanFind(org.jclouds.gogrid.compute.GoGridTemplateBuilderLiveTest)
[TestNG] Test testTemplateBuilderCanFind(org.jclouds.gogrid.compute.GoGridTemplateBuilderLiveTest) succeeded: 1ms
Test suite progress: tests succeeded: 46, failed: 3, skipped: 3.
Starting test testTemplateBuilderCanFind(org.jclouds.gogrid.compute.GoGridTemplateBuilderLiveTest)
[TestNG] Test testTemplateBuilderCanFind(org.jclouds.gogrid.compute.GoGridTemplateBuilderLiveTest) succeeded: 1ms
Test suite progress: tests succeeded: 47, failed: 3, skipped: 3.
Starting test testTemplateBuilderCanFind(org.jclouds.gogrid.compute.GoGridTemplateBuilderLiveTest)
[TestNG] Test testTemplateBuilderCanFind(org.jclouds.gogrid.compute.GoGridTemplateBuilderLiveTest) succeeded: 1ms
Test suite progress: tests succeeded: 48, failed: 3, skipped: 3.
Starting test testTemplateBuilderCanFind(org.jclouds.gogrid.compute.GoGridTemplateBuilderLiveTest)
[TestNG] Test testTemplateBuilderCanFind(org.jclouds.gogrid.compute.GoGridTemplateBuilderLiveTest) succeeded: 2ms
Test suite progress: tests succeeded: 49, failed: 3, skipped: 3.
Starting test testTemplateBuilderCanFind(org.jclouds.gogrid.compute.GoGridTemplateBuilderLiveTest)
[TestNG] Test testTemplateBuilderCanFind(org.jclouds.gogrid.compute.GoGridTemplateBuilderLiveTest) succeeded: 0ms
Test suite progress: tests succeeded: 50, failed: 3, skipped: 3.
Starting test testTemplateBuilderCanFind(org.jclouds.gogrid.compute.GoGridTemplateBuilderLiveTest)
[TestNG] Test testTemplateBuilderCanFind(org.jclouds.gogrid.compute.GoGridTemplateBuilderLiveTest) succeeded: 1ms
Test suite progress: tests succeeded: 51, failed: 3, skipped: 3.
Starting test testTemplateBuilderCanUseImageId(org.jclouds.gogrid.compute.GoGridTemplateBuilderLiveTest)
[TestNG] Test testTemplateBuilderCanUseImageId(org.jclouds.gogrid.compute.GoGridTemplateBuilderLiveTest) succeeded: 2573ms
Test suite progress: tests succeeded: 52, failed: 3, skipped: 3.
Starting test testTemplateBuilderCannotFind(org.jclouds.gogrid.compute.GoGridTemplateBuilderLiveTest)
[TestNG] Test testTemplateBuilderCannotFind(org.jclouds.gogrid.compute.GoGridTemplateBuilderLiveTest) succeeded: 0ms
Test suite progress: tests succeeded: 53, failed: 3, skipped: 3.
Starting test testTemplateBuilderCannotFind(org.jclouds.gogrid.compute.GoGridTemplateBuilderLiveTest)
[TestNG] Test testTemplateBuilderCannotFind(org.jclouds.gogrid.compute.GoGridTemplateBuilderLiveTest) succeeded: 0ms
Test suite progress: tests succeeded: 54, failed: 3, skipped: 3.
Starting test testTemplateBuilderCannotFind(org.jclouds.gogrid.compute.GoGridTemplateBuilderLiveTest)
[TestNG] Test testTemplateBuilderCannotFind(org.jclouds.gogrid.compute.GoGridTemplateBuilderLiveTest) succeeded: 0ms
Test suite progress: tests succeeded: 55, failed: 3, skipped: 3.
Starting test testTemplateBuilderCannotFind(org.jclouds.gogrid.compute.GoGridTemplateBuilderLiveTest)
[TestNG] Test testTemplateBuilderCannotFind(org.jclouds.gogrid.compute.GoGridTemplateBuilderLiveTest) succeeded: 1ms
Test suite progress: tests succeeded: 56, failed: 3, skipped: 3.
Starting test testTemplateBuilderCannotFind(org.jclouds.gogrid.compute.GoGridTemplateBuilderLiveTest)
[TestNG] Test testTemplateBuilderCannotFind(org.jclouds.gogrid.compute.GoGridTemplateBuilderLiveTest) succeeded: 0ms
Test suite progress: tests succeeded: 57, failed: 3, skipped: 3.
Starting test testTemplateBuilderCannotFind(org.jclouds.gogrid.compute.GoGridTemplateBuilderLiveTest)
[TestNG] Test testTemplateBuilderCannotFind(org.jclouds.gogrid.compute.GoGridTemplateBuilderLiveTest) succeeded: 1ms
Test suite progress: tests succeeded: 58, failed: 3, skipped: 3.
Starting test testTemplateBuilderCannotFind(org.jclouds.gogrid.compute.GoGridTemplateBuilderLiveTest)
[TestNG] Test testTemplateBuilderCannotFind(org.jclouds.gogrid.compute.GoGridTemplateBuilderLiveTest) succeeded: 0ms
Test suite progress: tests succeeded: 59, failed: 3, skipped: 3.
Starting test testTemplateBuilderCannotFind(org.jclouds.gogrid.compute.GoGridTemplateBuilderLiveTest)
[TestNG] Test testTemplateBuilderCannotFind(org.jclouds.gogrid.compute.GoGridTemplateBuilderLiveTest) succeeded: 0ms
Test suite progress: tests succeeded: 60, failed: 3, skipped: 3.
Starting test testTemplateBuilderCannotFind(org.jclouds.gogrid.compute.GoGridTemplateBuilderLiveTest)
[TestNG] Test testTemplateBuilderCannotFind(org.jclouds.gogrid.compute.GoGridTemplateBuilderLiveTest) succeeded: 1ms
Test suite progress: tests succeeded: 61, failed: 3, skipped: 3.
Starting test testTemplateBuilderCannotFind(org.jclouds.gogrid.compute.GoGridTemplateBuilderLiveTest)
[TestNG] Test testTemplateBuilderCannotFind(org.jclouds.gogrid.compute.GoGridTemplateBuilderLiveTest) succeeded: 0ms
Test suite progress: tests succeeded: 62, failed: 3, skipped: 3.
Starting test testTemplateBuilderCannotFind(org.jclouds.gogrid.compute.GoGridTemplateBuilderLiveTest)
[TestNG] Test testTemplateBuilderCannotFind(org.jclouds.gogrid.compute.GoGridTemplateBuilderLiveTest) succeeded: 1ms
Test suite progress: tests succeeded: 63, failed: 3, skipped: 3.
Starting test testTemplateBuilderCannotFind(org.jclouds.gogrid.compute.GoGridTemplateBuilderLiveTest)
[TestNG] Test testTemplateBuilderCannotFind(org.jclouds.gogrid.compute.GoGridTemplateBuilderLiveTest) succeeded: 0ms
Test suite progress: tests succeeded: 64, failed: 3, skipped: 3.
Starting test testTemplateBuilderCannotFind(org.jclouds.gogrid.compute.GoGridTemplateBuilderLiveTest)
[TestNG] Test testTemplateBuilderCannotFind(org.jclouds.gogrid.compute.GoGridTemplateBuilderLiveTest) succeeded: 0ms
Test suite progress: tests succeeded: 65, failed: 3, skipped: 3.
Starting test testTemplateBuilderCannotFind(org.jclouds.gogrid.compute.GoGridTemplateBuilderLiveTest)
[TestNG] Test testTemplateBuilderCannotFind(org.jclouds.gogrid.compute.GoGridTemplateBuilderLiveTest) succeeded: 1ms
Test suite progress: tests succeeded: 66, failed: 3, skipped: 3.
Starting test testTemplateBuilderCannotFind(org.jclouds.gogrid.compute.GoGridTemplateBuilderLiveTest)
[TestNG] Test testTemplateBuilderCannotFind(org.jclouds.gogrid.compute.GoGridTemplateBuilderLiveTest) succeeded: 0ms
Test suite progress: tests succeeded: 67, failed: 3, skipped: 3.
Starting test testTemplateBuilderCannotFind(org.jclouds.gogrid.compute.GoGridTemplateBuilderLiveTest)
[TestNG] Test testTemplateBuilderCannotFind(org.jclouds.gogrid.compute.GoGridTemplateBuilderLiveTest) succeeded: 1ms
Test suite progress: tests succeeded: 68, failed: 3, skipped: 3.
Starting test testTemplateBuilderCannotFind(org.jclouds.gogrid.compute.GoGridTemplateBuilderLiveTest)
[TestNG] Test testTemplateBuilderCannotFind(org.jclouds.gogrid.compute.GoGridTemplateBuilderLiveTest) succeeded: 0ms
Test suite progress: tests succeeded: 69, failed: 3, skipped: 3.
Starting test testTemplateBuilderCannotFind(org.jclouds.gogrid.compute.GoGridTemplateBuilderLiveTest)
[TestNG] Test testTemplateBuilderCannotFind(org.jclouds.gogrid.compute.GoGridTemplateBuilderLiveTest) succeeded: 1ms
Test suite progress: tests succeeded: 70, failed: 3, skipped: 3.
Starting test testTemplateBuilderCannotFind(org.jclouds.gogrid.compute.GoGridTemplateBuilderLiveTest)
[TestNG] Test testTemplateBuilderCannotFind(org.jclouds.gogrid.compute.GoGridTemplateBuilderLiveTest) succeeded: 0ms
Test suite progress: tests succeeded: 71, failed: 3, skipped: 3.
Starting test testTemplateBuilderCannotFind(org.jclouds.gogrid.compute.GoGridTemplateBuilderLiveTest)
[TestNG] Test testTemplateBuilderCannotFind(org.jclouds.gogrid.compute.GoGridTemplateBuilderLiveTest) succeeded: 0ms
Test suite progress: tests succeeded: 72, failed: 3, skipped: 3.
Starting test testTemplateBuilderCannotFind(org.jclouds.gogrid.compute.GoGridTemplateBuilderLiveTest)
[TestNG] Test testTemplateBuilderCannotFind(org.jclouds.gogrid.compute.GoGridTemplateBuilderLiveTest) succeeded: 1ms
Test suite progress: tests succeeded: 73, failed: 3, skipped: 3.
Starting test testTemplateBuilderCannotFind(org.jclouds.gogrid.compute.GoGridTemplateBuilderLiveTest)
[TestNG] Test testTemplateBuilderCannotFind(org.jclouds.gogrid.compute.GoGridTemplateBuilderLiveTest) succeeded: 0ms
Test suite progress: tests succeeded: 74, failed: 3, skipped: 3.
Starting test testTemplateBuilderCannotFind(org.jclouds.gogrid.compute.GoGridTemplateBuilderLiveTest)
[TestNG] Test testTemplateBuilderCannotFind(org.jclouds.gogrid.compute.GoGridTemplateBuilderLiveTest) succeeded: 1ms
Test suite progress: tests succeeded: 75, failed: 3, skipped: 3.
Starting test testTemplateBuilderCannotFind(org.jclouds.gogrid.compute.GoGridTemplateBuilderLiveTest)
[TestNG] Test testTemplateBuilderCannotFind(org.jclouds.gogrid.compute.GoGridTemplateBuilderLiveTest) succeeded: 0ms
Test suite progress: tests succeeded: 76, failed: 3, skipped: 3.
Starting test testTemplateBuilderCannotFind(org.jclouds.gogrid.compute.GoGridTemplateBuilderLiveTest)
[TestNG] Test testTemplateBuilderCannotFind(org.jclouds.gogrid.compute.GoGridTemplateBuilderLiveTest) succeeded: 0ms
Test suite progress: tests succeeded: 77, failed: 3, skipped: 3.
Starting test testTemplateBuilderCannotFind(org.jclouds.gogrid.compute.GoGridTemplateBuilderLiveTest)
[TestNG] Test testTemplateBuilderCannotFind(org.jclouds.gogrid.compute.GoGridTemplateBuilderLiveTest) succeeded: 0ms
Test suite progress: tests succeeded: 78, failed: 3, skipped: 3.
Starting test testTemplateBuilderCannotFind(org.jclouds.gogrid.compute.GoGridTemplateBuilderLiveTest)
[TestNG] Test testTemplateBuilderCannotFind(org.jclouds.gogrid.compute.GoGridTemplateBuilderLiveTest) succeeded: 0ms
Test suite progress: tests succeeded: 79, failed: 3, skipped: 3.
Starting test testTemplateBuilderCannotFind(org.jclouds.gogrid.compute.GoGridTemplateBuilderLiveTest)
[TestNG] Test testTemplateBuilderCannotFind(org.jclouds.gogrid.compute.GoGridTemplateBuilderLiveTest) succeeded: 1ms
Test suite progress: tests succeeded: 80, failed: 3, skipped: 3.
Starting test testTemplateBuilderCannotFind(org.jclouds.gogrid.compute.GoGridTemplateBuilderLiveTest)
[TestNG] Test testTemplateBuilderCannotFind(org.jclouds.gogrid.compute.GoGridTemplateBuilderLiveTest) succeeded: 0ms
Test suite progress: tests succeeded: 81, failed: 3, skipped: 3.
Starting test testTemplateBuilderCannotFind(org.jclouds.gogrid.compute.GoGridTemplateBuilderLiveTest)
[TestNG] Test testTemplateBuilderCannotFind(org.jclouds.gogrid.compute.GoGridTemplateBuilderLiveTest) succeeded: 0ms
Test suite progress: tests succeeded: 82, failed: 3, skipped: 3.
Starting test testTemplateBuilderCannotFind(org.jclouds.gogrid.compute.GoGridTemplateBuilderLiveTest)
[TestNG] Test testTemplateBuilderCannotFind(org.jclouds.gogrid.compute.GoGridTemplateBuilderLiveTest) succeeded: 1ms
Test suite progress: tests succeeded: 83, failed: 3, skipped: 3.
Starting test testTemplateBuilderCannotFind(org.jclouds.gogrid.compute.GoGridTemplateBuilderLiveTest)
[TestNG] Test testTemplateBuilderCannotFind(org.jclouds.gogrid.compute.GoGridTemplateBuilderLiveTest) succeeded: 0ms
Test suite progress: tests succeeded: 84, failed: 3, skipped: 3.
Starting test testTemplateBuilderCannotFind(org.jclouds.gogrid.compute.GoGridTemplateBuilderLiveTest)
[TestNG] Test testTemplateBuilderCannotFind(org.jclouds.gogrid.compute.GoGridTemplateBuilderLiveTest) succeeded: 0ms
Test suite progress: tests succeeded: 85, failed: 3, skipped: 3.
Starting test testTemplateBuilderCannotFind(org.jclouds.gogrid.compute.GoGridTemplateBuilderLiveTest)
[TestNG] Test testTemplateBuilderCannotFind(org.jclouds.gogrid.compute.GoGridTemplateBuilderLiveTest) succeeded: 0ms
Test suite progress: tests succeeded: 86, failed: 3, skipped: 3.
Starting test testTemplateBuilderCannotFind(org.jclouds.gogrid.compute.GoGridTemplateBuilderLiveTest)
[TestNG] Test testTemplateBuilderCannotFind(org.jclouds.gogrid.compute.GoGridTemplateBuilderLiveTest) succeeded: 0ms
Test suite progress: tests succeeded: 87, failed: 3, skipped: 3.
Starting test testTemplateBuilderCannotFind(org.jclouds.gogrid.compute.GoGridTemplateBuilderLiveTest)
[TestNG] Test testTemplateBuilderCannotFind(org.jclouds.gogrid.compute.GoGridTemplateBuilderLiveTest) succeeded: 1ms
Test suite progress: tests succeeded: 88, failed: 3, skipped: 3.
Starting test testTemplateBuilderCannotFind(org.jclouds.gogrid.compute.GoGridTemplateBuilderLiveTest)
[TestNG] Test testTemplateBuilderCannotFind(org.jclouds.gogrid.compute.GoGridTemplateBuilderLiveTest) succeeded: 0ms
Test suite progress: tests succeeded: 89, failed: 3, skipped: 3.
Starting test testTemplateBuilderCannotFind(org.jclouds.gogrid.compute.GoGridTemplateBuilderLiveTest)
[TestNG] Test testTemplateBuilderCannotFind(org.jclouds.gogrid.compute.GoGridTemplateBuilderLiveTest) succeeded: 0ms
Test suite progress: tests succeeded: 90, failed: 3, skipped: 3.
Starting test testTemplateBuilderCannotFind(org.jclouds.gogrid.compute.GoGridTemplateBuilderLiveTest)
[TestNG] Test testTemplateBuilderCannotFind(org.jclouds.gogrid.compute.GoGridTemplateBuilderLiveTest) succeeded: 0ms
Test suite progress: tests succeeded: 91, failed: 3, skipped: 3.
Starting test testTemplateBuilderCannotFind(org.jclouds.gogrid.compute.GoGridTemplateBuilderLiveTest)
[TestNG] Test testTemplateBuilderCannotFind(org.jclouds.gogrid.compute.GoGridTemplateBuilderLiveTest) succeeded: 0ms
Test suite progress: tests succeeded: 92, failed: 3, skipped: 3.
Starting test testTemplateBuilderCannotFind(org.jclouds.gogrid.compute.GoGridTemplateBuilderLiveTest)
[TestNG] Test testTemplateBuilderCannotFind(org.jclouds.gogrid.compute.GoGridTemplateBuilderLiveTest) succeeded: 0ms
Test suite progress: tests succeeded: 93, failed: 3, skipped: 3.
Starting test testTemplateBuilderCannotFind(org.jclouds.gogrid.compute.GoGridTemplateBuilderLiveTest)
[TestNG] Test testTemplateBuilderCannotFind(org.jclouds.gogrid.compute.GoGridTemplateBuilderLiveTest) succeeded: 0ms
Test suite progress: tests succeeded: 94, failed: 3, skipped: 3.
Starting test testTemplateBuilderCannotFind(org.jclouds.gogrid.compute.GoGridTemplateBuilderLiveTest)
[TestNG] Test testTemplateBuilderCannotFind(org.jclouds.gogrid.compute.GoGridTemplateBuilderLiveTest) succeeded: 0ms
Test suite progress: tests succeeded: 95, failed: 3, skipped: 3.
Starting test testTemplateBuilderCannotFind(org.jclouds.gogrid.compute.GoGridTemplateBuilderLiveTest)
[TestNG] Test testTemplateBuilderCannotFind(org.jclouds.gogrid.compute.GoGridTemplateBuilderLiveTest) succeeded: 1ms
Test suite progress: tests succeeded: 96, failed: 3, skipped: 3.
Starting test testTemplateBuilderCannotFind(org.jclouds.gogrid.compute.GoGridTemplateBuilderLiveTest)
[TestNG] Test testTemplateBuilderCannotFind(org.jclouds.gogrid.compute.GoGridTemplateBuilderLiveTest) succeeded: 0ms
Test suite progress: tests succeeded: 97, failed: 3, skipped: 3.
Starting test testTemplateBuilderCannotFind(org.jclouds.gogrid.compute.GoGridTemplateBuilderLiveTest)
[TestNG] Test testTemplateBuilderCannotFind(org.jclouds.gogrid.compute.GoGridTemplateBuilderLiveTest) succeeded: 0ms
Test suite progress: tests succeeded: 98, failed: 3, skipped: 3.
Starting test testTemplateBuilderCannotFind(org.jclouds.gogrid.compute.GoGridTemplateBuilderLiveTest)
[TestNG] Test testTemplateBuilderCannotFind(org.jclouds.gogrid.compute.GoGridTemplateBuilderLiveTest) succeeded: 0ms
Test suite progress: tests succeeded: 99, failed: 3, skipped: 3.
Starting test testTemplateBuilderCannotFind(org.jclouds.gogrid.compute.GoGridTemplateBuilderLiveTest)
[TestNG] Test testTemplateBuilderCannotFind(org.jclouds.gogrid.compute.GoGridTemplateBuilderLiveTest) succeeded: 0ms
Test suite progress: tests succeeded: 100, failed: 3, skipped: 3.
Starting test testTemplateBuilderCannotFind(org.jclouds.gogrid.compute.GoGridTemplateBuilderLiveTest)
[TestNG] Test testTemplateBuilderCannotFind(org.jclouds.gogrid.compute.GoGridTemplateBuilderLiveTest) succeeded: 1ms
Test suite progress: tests succeeded: 101, failed: 3, skipped: 3.
Starting test testTemplateBuilderCannotFind(org.jclouds.gogrid.compute.GoGridTemplateBuilderLiveTest)
[TestNG] Test testTemplateBuilderCannotFind(org.jclouds.gogrid.compute.GoGridTemplateBuilderLiveTest) succeeded: 0ms
Test suite progress: tests succeeded: 102, failed: 3, skipped: 3.
Starting test testTemplateBuilderCannotFind(org.jclouds.gogrid.compute.GoGridTemplateBuilderLiveTest)
[TestNG] Test testTemplateBuilderCannotFind(org.jclouds.gogrid.compute.GoGridTemplateBuilderLiveTest) succeeded: 0ms
Test suite progress: tests succeeded: 103, failed: 3, skipped: 3.
Starting test testTemplateBuilderCannotFind(org.jclouds.gogrid.compute.GoGridTemplateBuilderLiveTest)
[TestNG] Test testTemplateBuilderCannotFind(org.jclouds.gogrid.compute.GoGridTemplateBuilderLiveTest) succeeded: 0ms
Test suite progress: tests succeeded: 104, failed: 3, skipped: 3.
Starting test testTemplateBuilderCannotFind(org.jclouds.gogrid.compute.GoGridTemplateBuilderLiveTest)
[TestNG] Test testTemplateBuilderCannotFind(org.jclouds.gogrid.compute.GoGridTemplateBuilderLiveTest) succeeded: 0ms
Test suite progress: tests succeeded: 105, failed: 3, skipped: 3.
Starting test testTemplateBuilderCannotFind(org.jclouds.gogrid.compute.GoGridTemplateBuilderLiveTest)
[TestNG] Test testTemplateBuilderCannotFind(org.jclouds.gogrid.compute.GoGridTemplateBuilderLiveTest) succeeded: 1ms
Test suite progress: tests succeeded: 106, failed: 3, skipped: 3.
Starting test testTemplateBuilderWithImageIdSpecified(org.jclouds.gogrid.compute.GoGridTemplateBuilderLiveTest)
[TestNG] Test testTemplateBuilderWithImageIdSpecified(org.jclouds.gogrid.compute.GoGridTemplateBuilderLiveTest) succeeded: 4806ms
Test suite progress: tests succeeded: 107, failed: 3, skipped: 3.
Starting test testTemplateBuilderWithLoginUserSpecified(org.jclouds.gogrid.compute.GoGridTemplateBuilderLiveTest)
[TestNG] Test testTemplateBuilderWithLoginUserSpecified(org.jclouds.gogrid.compute.GoGridTemplateBuilderLiveTest) succeeded: 5270ms
Test suite progress: tests succeeded: 108, failed: 3, skipped: 3.
Starting test testDefaultTemplateBuilder(org.jclouds.gogrid.compute.GoGridTemplateBuilderLiveTest)
[TestNG] Test testDefaultTemplateBuilder(org.jclouds.gogrid.compute.GoGridTemplateBuilderLiveTest) succeeded: 1ms
Test suite progress: tests succeeded: 109, failed: 3, skipped: 3.
Starting test testListImages(org.jclouds.gogrid.services.GridImageClientLiveTest)
Sep 10, 2012 3:17:54 PM org.jclouds.gogrid.services.GridImageClientLiveTest checkImage
WARNING: image 1057 is missing the createdTime field
Sep 10, 2012 3:17:55 PM org.jclouds.gogrid.services.GridImageClientLiveTest checkImage
WARNING: image 1057 is missing the createdTime field
Sep 10, 2012 3:17:55 PM org.jclouds.gogrid.services.GridImageClientLiveTest checkImage
WARNING: image 1058 is missing the createdTime field
Sep 10, 2012 3:17:55 PM org.jclouds.gogrid.services.GridImageClientLiveTest checkImage
WARNING: image 1058 is missing the updatedTime field
Sep 10, 2012 3:17:55 PM org.jclouds.gogrid.services.GridImageClientLiveTest checkImage
WARNING: image 1058 is missing the createdTime field
Sep 10, 2012 3:17:55 PM org.jclouds.gogrid.services.GridImageClientLiveTest checkImage
WARNING: image 1058 is missing the updatedTime field
Sep 10, 2012 3:17:55 PM org.jclouds.gogrid.services.GridImageClientLiveTest checkImage
WARNING: image 1059 is missing the createdTime field
Sep 10, 2012 3:17:55 PM org.jclouds.gogrid.services.GridImageClientLiveTest checkImage
WARNING: image 1059 is missing the createdTime field
Sep 10, 2012 3:18:05 PM org.jclouds.gogrid.services.GridImageClientLiveTest checkImage
WARNING: image 5489 is missing the createdTime field
Sep 10, 2012 3:18:05 PM org.jclouds.gogrid.services.GridImageClientLiveTest checkImage
WARNING: image 5489 is missing the createdTime field
Sep 10, 2012 3:18:06 PM org.jclouds.gogrid.services.GridImageClientLiveTest checkImage
WARNING: image 5823 is missing the createdTime field
Sep 10, 2012 3:18:06 PM org.jclouds.gogrid.services.GridImageClientLiveTest checkImage
WARNING: image 5823 is missing the createdTime field
Sep 10, 2012 3:18:06 PM org.jclouds.gogrid.services.GridImageClientLiveTest checkImage
WARNING: image 5824 is missing the createdTime field
Sep 10, 2012 3:18:06 PM org.jclouds.gogrid.services.GridImageClientLiveTest checkImage
WARNING: image 5824 is missing the createdTime field
Sep 10, 2012 3:18:06 PM org.jclouds.gogrid.services.GridImageClientLiveTest checkImage
WARNING: image 5825 is missing the createdTime field
Sep 10, 2012 3:18:07 PM org.jclouds.gogrid.services.GridImageClientLiveTest checkImage
WARNING: image 5825 is missing the createdTime field
Sep 10, 2012 3:18:10 PM org.jclouds.gogrid.services.GridImageClientLiveTest checkImage
WARNING: image 6675 is missing the createdTime field
Sep 10, 2012 3:18:10 PM org.jclouds.gogrid.services.GridImageClientLiveTest checkImage
WARNING: image 6675 is missing the createdTime field
Sep 10, 2012 3:18:10 PM org.jclouds.gogrid.services.GridImageClientLiveTest checkImage
WARNING: image 6676 is missing the createdTime field
Sep 10, 2012 3:18:10 PM org.jclouds.gogrid.services.GridImageClientLiveTest checkImage
WARNING: image 6676 is missing the createdTime field
Sep 10, 2012 3:18:12 PM org.jclouds.gogrid.services.GridImageClientLiveTest checkImage
WARNING: image 9928 is missing the createdTime field
Sep 10, 2012 3:18:13 PM org.jclouds.gogrid.services.GridImageClientLiveTest checkImage
WARNING: image 9928 is missing the createdTime field
Sep 10, 2012 3:18:13 PM org.jclouds.gogrid.services.GridImageClientLiveTest checkImage
WARNING: image 9929 is missing the createdTime field
Sep 10, 2012 3:18:13 PM org.jclouds.gogrid.services.GridImageClientLiveTest checkImage
WARNING: image 9929 is missing the createdTime field
Sep 10, 2012 3:18:13 PM org.jclouds.gogrid.services.GridImageClientLiveTest checkImage
WARNING: image 9930 is missing the createdTime field
Sep 10, 2012 3:18:13 PM org.jclouds.gogrid.services.GridImageClientLiveTest checkImage
WARNING: image 9930 is missing the createdTime field
Sep 10, 2012 3:18:13 PM org.jclouds.gogrid.services.GridImageClientLiveTest checkImage
WARNING: image 9931 is missing the createdTime field
Sep 10, 2012 3:18:13 PM org.jclouds.gogrid.services.GridImageClientLiveTest checkImage
WARNING: image 9931 is missing the createdTime field
Sep 10, 2012 3:18:13 PM org.jclouds.gogrid.services.GridImageClientLiveTest checkImage
WARNING: image 9932 is missing the createdTime field
Sep 10, 2012 3:18:14 PM org.jclouds.gogrid.services.GridImageClientLiveTest checkImage
WARNING: image 9932 is missing the createdTime field
Sep 10, 2012 3:18:14 PM org.jclouds.gogrid.services.GridImageClientLiveTest checkImage
WARNING: image 9933 is missing the createdTime field
Sep 10, 2012 3:18:14 PM org.jclouds.gogrid.services.GridImageClientLiveTest checkImage
WARNING: image 9933 is missing the createdTime field
Sep 10, 2012 3:18:14 PM org.jclouds.gogrid.services.GridImageClientLiveTest checkImage
WARNING: image 9934 is missing the createdTime field
Sep 10, 2012 3:18:14 PM org.jclouds.gogrid.services.GridImageClientLiveTest checkImage
WARNING: image 9934 is missing the createdTime field
Sep 10, 2012 3:18:14 PM org.jclouds.gogrid.services.GridImageClientLiveTest checkImage
WARNING: image 9935 is missing the createdTime field
Sep 10, 2012 3:18:14 PM org.jclouds.gogrid.services.GridImageClientLiveTest checkImage
WARNING: image 9935 is missing the createdTime field
Sep 10, 2012 3:18:20 PM org.jclouds.gogrid.services.GridImageClientLiveTest checkImage
WARNING: image 12831 is missing the createdTime field
Sep 10, 2012 3:18:21 PM org.jclouds.gogrid.services.GridImageClientLiveTest checkImage
WARNING: image 12831 is missing the createdTime field
Sep 10, 2012 3:18:21 PM org.jclouds.gogrid.services.GridImageClientLiveTest checkImage
WARNING: image 12832 is missing the createdTime field
Sep 10, 2012 3:18:21 PM org.jclouds.gogrid.services.GridImageClientLiveTest checkImage
WARNING: image 12832 is missing the createdTime field
Sep 10, 2012 3:18:21 PM org.jclouds.gogrid.services.GridImageClientLiveTest checkImage
WARNING: image 12833 is missing the createdTime field
Sep 10, 2012 3:18:21 PM org.jclouds.gogrid.services.GridImageClientLiveTest checkImage
WARNING: image 12833 is missing the createdTime field
Sep 10, 2012 3:18:21 PM org.jclouds.gogrid.services.GridImageClientLiveTest checkImage
WARNING: image 12834 is missing the createdTime field
Sep 10, 2012 3:18:22 PM org.jclouds.gogrid.services.GridImageClientLiveTest checkImage
WARNING: image 12834 is missing the createdTime field
[TestNG] Test testListImages(org.jclouds.gogrid.services.GridImageClientLiveTest) succeeded: 36621ms
Test suite progress: tests succeeded: 110, failed: 3, skipped: 3.
Starting test testSaveServerToImage(org.jclouds.gogrid.services.GridImageClientLiveTest)
[TestNG] Test testSaveServerToImage(org.jclouds.gogrid.services.GridImageClientLiveTest) failed.
Test suite progress: tests succeeded: 110, failed: 4, skipped: 3.
Starting test testListJobs(org.jclouds.gogrid.services.GridJobClientLiveTest)
[TestNG] Test testListJobs(org.jclouds.gogrid.services.GridJobClientLiveTest) failed.
Test suite progress: tests succeeded: 110, failed: 5, skipped: 3.
Tests run: 118, Failures: 5, Errors: 0, Skipped: 3, Time elapsed: 6,431.264 sec <<< FAILURE!

Results :

Failed tests:   testCreateAndRunAService(org.jclouds.gogrid.compute.GoGridComputeServiceLiveTest): node tags did not match [gogrid-s] {id=392601, providerId=392601, name=gogrid-s-cb3, location={scope=ZONE, id=1, description=US West 1 Datacenter, parent=gogrid, iso3166Codes=[US-CA]}, group=gogrid-s, imageId=5489, os={family=ubuntu, name=Ubuntu 10.04 LTS (64-bit), arch=64 bit OS, version=10.04, description=Ubuntu 10.0.4 LTS Server (64-bit), is64Bit=true}, status=RUNNING, loginPort=22, publicAddresses=[216.121.108.178], hardware={id=1, providerId=1, processors=[{cores=0.5, speed=1.0}], ram=512, volumes=[{type=LOCAL, size=25.0, bootDevice=true, durable=true}], supportsImage=ALWAYS_TRUE}, loginUser=root}
  testAScriptExecutionAfterBootWithBasicTemplate(org.jclouds.gogrid.compute.GoGridComputeServiceLiveTest): error running 1 node group(gogrid-r) location(1) image(5489) size(1) options({blockOnPort:seconds=22:120})(..)
  testSuspendResume(org.jclouds.gogrid.compute.GoGridComputeServiceLiveTest): {id=392615, providerId=392615, name=gogrid--e86, location={scope=ZONE, id=1, description=US West 1 Datacenter, parent=gogrid, iso3166Codes=[US-CA]}, group=gogrid-, imageId=5489, os={family=ubuntu, name=Ubuntu 10.04 LTS (64-bit), arch=64 bit OS, version=10.04, description=Ubuntu 10.0.4 LTS Server (64-bit), is64Bit=true}, status=SUSPENDED, loginPort=22, publicAddresses=[216.121.108.187], hardware={id=1, providerId=1, processors=[{cores=0.5, speed=1.0}], ram=512, volumes=[{type=LOCAL, size=25.0, bootDevice=true, durable=true}], supportsImage=ALWAYS_TRUE}, loginUser=abayer}
  testSaveServerToImage(org.jclouds.gogrid.services.GridImageClientLiveTest)
  testListJobs(org.jclouds.gogrid.services.GridJobClientLiveTest): Job{id=1335882, command=Option{id=3, name=StartVirtualServer, description=Start Virtual Server}, objectType=VirtualServer, createdOn=Mon Sep 10 15:05:01 PDT 2012, lastUpdatedOn=null, currentState=Fatal, attempts=1, owner=ed7dc99191eee120-503219@api.gogrid.com, history=[JobProperties{id=6346582, updatedOn=Mon Sep 10 15:05:01 PDT 2012, state=Created, note=null}, JobProperties{id=6346583, updatedOn=Mon Sep 10 15:05:02 PDT 2012, state=Queued, note=null}, JobProperties{id=6346584, updatedOn=Mon Sep 10 15:05:03 PDT 2012, state=Processing, note=null}, JobProperties{id=6346585, updatedOn=Mon Sep 10 15:05:09 PDT 2012, state=Failed, note=null}, JobProperties{id=6346586, updatedOn=Mon Sep 10 15:05:09 PDT 2012, state=Fatal, note=null}], details={ram=1GB, name=hadoop-sep-9d6, image=centos5.6_64_base, type=virtual_server, ip=216.121.108.188}}

Tests run: 118, Failures: 5, Errors: 0, Skipped: 3

[INFO] ------------------------------------------------------------------------
[INFO] BUILD FAILURE
[INFO] ------------------------------------------------------------------------
[INFO] Total time: 1:47:23.901s
[INFO] Finished at: Mon Sep 10 15:18:33 PDT 2012
[INFO] Final Memory: 19M/265M
[INFO] ------------------------------------------------------------------------
[ERROR] Failed to execute goal org.apache.maven.plugins:maven-surefire-plugin:2.12:test (integration) on project gogrid: There are test failures.
[ERROR] 
[ERROR] Please refer to /Users/abayer/src/github/jclouds/providers/gogrid/target/surefire-reports for the individual test results.
[ERROR] -> [Help 1]
[ERROR] 
[ERROR] To see the full stack trace of the errors, re-run Maven with the -e switch.
[ERROR] Re-run Maven using the -X switch to enable full debug logging.
[ERROR] 
[ERROR] For more information about the errors and possible solutions, please read the following articles:
[ERROR] [Help 1] http://cwiki.apache.org/confluence/display/MAVEN/MojoFailureException
