[INFO] Scanning for projects...
[WARNING] 
[WARNING] Some problems were encountered while building the effective model for org.jclouds.provider:hpcloud-compute:bundle:1.5.0-SNAPSHOT
[WARNING] 'parent.relativePath' of POM org.jclouds:jclouds-project:1.5.0-SNAPSHOT (/Users/adriancole/workspace/git/jclouds/project/pom.xml) points at org.jclouds:jclouds-multi instead of org.sonatype.oss:oss-parent, please verify your project structure @ org.jclouds:jclouds-project:1.5.0-SNAPSHOT, /Users/adriancole/workspace/git/jclouds/project/pom.xml, line 24, column 13
[WARNING] 
[WARNING] It is highly recommended to fix these problems because they threaten the stability of your build.
[WARNING] 
[WARNING] For this reason, future Maven versions might no longer support building such malformed projects.
[WARNING] 
[INFO]                                                                         
[INFO] ------------------------------------------------------------------------
[INFO] Building jclouds HP Cloud Compute provider 1.5.0-SNAPSHOT
[INFO] ------------------------------------------------------------------------
[INFO] 
[INFO] --- maven-clean-plugin:2.4.1:clean (default-clean) @ hpcloud-compute ---
[INFO] Deleting /Users/adriancole/workspace/git/jclouds/providers/hpcloud-compute/target
[INFO] 
[INFO] --- maven-enforcer-plugin:1.0.1:enforce (enforce-maven) @ hpcloud-compute ---
[INFO] 
[INFO] --- maven-enforcer-plugin:1.0.1:enforce (enforce-banned-dependencies) @ hpcloud-compute ---
[INFO] 
[INFO] --- maven-enforcer-plugin:1.0.1:enforce (enforce-java) @ hpcloud-compute ---
[INFO] 
[INFO] --- maven-remote-resources-plugin:1.2.1:process (process-remote-resources) @ hpcloud-compute ---
[INFO] 
[INFO] --- maven-resources-plugin:2.5:resources (default-resources) @ hpcloud-compute ---
[debug] execute contextualize
[INFO] Using 'UTF-8' encoding to copy filtered resources.
[INFO] skip non existing resourceDirectory /Users/adriancole/workspace/git/jclouds/providers/hpcloud-compute/src/main/clojure
[INFO] Copying 1 resource
[INFO] Copying 2 resources
[INFO] 
[INFO] --- maven-compiler-plugin:2.3.2:compile (default-compile) @ hpcloud-compute ---
[INFO] Compiling 3 source files to /Users/adriancole/workspace/git/jclouds/providers/hpcloud-compute/target/classes
[INFO] 
[INFO] --- maven-resources-plugin:2.5:testResources (default-testResources) @ hpcloud-compute ---
[debug] execute contextualize
[INFO] Using 'UTF-8' encoding to copy filtered resources.
[INFO] skip non existing resourceDirectory /Users/adriancole/workspace/git/jclouds/providers/hpcloud-compute/src/test/clojure
[INFO] skip non existing resourceDirectory /Users/adriancole/workspace/git/jclouds/providers/hpcloud-compute/src/test/resources
[INFO] Copying 2 resources
[INFO] 
[INFO] --- maven-compiler-plugin:2.3.2:testCompile (default-testCompile) @ hpcloud-compute ---
[INFO] Compiling 10 source files to /Users/adriancole/workspace/git/jclouds/providers/hpcloud-compute/target/test-classes
[INFO] 
[INFO] --- maven-surefire-plugin:2.12:test (default-test) @ hpcloud-compute ---
[INFO] Surefire report directory: /Users/adriancole/workspace/git/jclouds/providers/hpcloud-compute/target/surefire-reports
[INFO] Using configured provider org.apache.maven.surefire.testng.TestNGProvider

-------------------------------------------------------
 T E S T S
-------------------------------------------------------
Running org.jclouds.hpcloud.compute.HPCloudComputeProviderTest
Configuring TestNG with: org.apache.maven.surefire.testng.conf.TestNGMapConfigurator@1cf11404
Starting test testAllContains(org.jclouds.hpcloud.compute.HPCloudComputeProviderTest)
Starting test testWithId(org.jclouds.hpcloud.compute.HPCloudComputeProviderTest)
[pool-2-thread-1] Test testAllContains(org.jclouds.hpcloud.compute.HPCloudComputeProviderTest) succeeded: 11ms
Test suite progress: tests succeeded: 1, failed: 0, skipped: 0.
Starting test testOfApiContains(org.jclouds.hpcloud.compute.HPCloudComputeProviderTest)
[pool-2-thread-2] Test testOfApiContains(org.jclouds.hpcloud.compute.HPCloudComputeProviderTest) succeeded: 10ms
Test suite progress: tests succeeded: 2, failed: 0, skipped: 0.
Starting test testTransformableToContains(org.jclouds.hpcloud.compute.HPCloudComputeProviderTest)
[pool-2-thread-4] Test testWithId(org.jclouds.hpcloud.compute.HPCloudComputeProviderTest) succeeded: 26ms
Test suite progress: tests succeeded: 3, failed: 0, skipped: 0.
[pool-2-thread-3] Test testTransformableToContains(org.jclouds.hpcloud.compute.HPCloudComputeProviderTest) succeeded: 3ms
Test suite progress: tests succeeded: 4, failed: 0, skipped: 0.
Tests run: 4, Failures: 0, Errors: 0, Skipped: 0, Time elapsed: 0.743 sec

Results :

Tests run: 4, Failures: 0, Errors: 0, Skipped: 0

[INFO] 
[INFO] --- clojure-maven-plugin:1.3.9:test (test-clojure) @ hpcloud-compute ---

Testing com.theoryinpractise.clojure.testrunner

Ran 0 tests containing 0 assertions.
0 failures, 0 errors.
[INFO] 
[INFO] --- maven-bundle-plugin:2.3.7:bundle (default-bundle) @ hpcloud-compute ---
[INFO] 
[INFO] --- maven-source-plugin:2.1.2:jar-no-fork (attach-sources) @ hpcloud-compute ---
[INFO] META-INF already added, skipping
[INFO] META-INF already added, skipping
[INFO] META-INF/LICENSE.txt already added, skipping
[INFO] META-INF/NOTICE.txt already added, skipping
[INFO] Building jar: /Users/adriancole/workspace/git/jclouds/providers/hpcloud-compute/target/hpcloud-compute-1.5.0-SNAPSHOT-sources.jar
[INFO] META-INF already added, skipping
[INFO] META-INF already added, skipping
[INFO] META-INF/LICENSE.txt already added, skipping
[INFO] META-INF/NOTICE.txt already added, skipping
[INFO] 
[INFO] --- maven-javadoc-plugin:2.8.1:jar (javadoc) @ hpcloud-compute ---
[INFO] Skipping javadoc generation
[INFO] 
[INFO] --- maven-jar-plugin:2.4:test-jar (default) @ hpcloud-compute ---
[INFO] Building jar: /Users/adriancole/workspace/git/jclouds/providers/hpcloud-compute/target/hpcloud-compute-1.5.0-SNAPSHOT-tests.jar
[INFO] 
[INFO] --- maven-surefire-plugin:2.12:test (integration) @ hpcloud-compute ---
[INFO] Surefire report directory: /Users/adriancole/workspace/git/jclouds/providers/hpcloud-compute/target/surefire-reports
[INFO] Using configured provider org.apache.maven.surefire.testng.TestNGProvider

-------------------------------------------------------
 T E S T S
-------------------------------------------------------
Running TestSuite
Configuring TestNG with: org.apache.maven.surefire.testng.conf.TestNGMapConfigurator@2107ebe1
Starting test setServiceDefaults(org.jclouds.hpcloud.compute.compute.HPCloudComputeComputeServiceLiveTest)
[TestNG] Test setServiceDefaults(org.jclouds.hpcloud.compute.compute.HPCloudComputeComputeServiceLiveTest) succeeded: 1ms
Test suite progress: tests succeeded: 1, failed: 0, skipped: 0.
Starting test testCompareSizes(org.jclouds.hpcloud.compute.compute.HPCloudComputeComputeServiceLiveTest)
Apr 24, 2012 2:01:55 AM org.jclouds.compute.internal.BaseComputeServiceLiveTest testCompareSizes
INFO: smallest [id=az-2.region-a.geo-1/100, providerId=100, name=standard.xsmall, processors=[[cores=1.0, speed=1.0]], ram=1024, volumes=[[id=null, type=LOCAL, size=30.0, device=null, durable=true, isBootDevice=true]], hypervisor=null, supportsImage=ALWAYS_TRUE, tags=[]]
Apr 24, 2012 2:01:55 AM org.jclouds.compute.internal.BaseComputeServiceLiveTest testCompareSizes
INFO: fastest [id=az-1.region-a.geo-1/105, providerId=105, name=standard.2xlarge, processors=[[cores=8.0, speed=1.0]], ram=32768, volumes=[[id=null, type=LOCAL, size=960.0, device=null, durable=true, isBootDevice=true]], hypervisor=null, supportsImage=ALWAYS_TRUE, tags=[]]
Apr 24, 2012 2:01:55 AM org.jclouds.compute.internal.BaseComputeServiceLiveTest testCompareSizes
INFO: biggest [id=az-1.region-a.geo-1/105, providerId=105, name=standard.2xlarge, processors=[[cores=8.0, speed=1.0]], ram=32768, volumes=[[id=null, type=LOCAL, size=960.0, device=null, durable=true, isBootDevice=true]], hypervisor=null, supportsImage=ALWAYS_TRUE, tags=[]]
[TestNG] Test testCompareSizes(org.jclouds.hpcloud.compute.compute.HPCloudComputeComputeServiceLiveTest) succeeded: 27798ms
Test suite progress: tests succeeded: 2, failed: 0, skipped: 0.
Starting test testCorrectAuthException(org.jclouds.hpcloud.compute.compute.HPCloudComputeComputeServiceLiveTest)
[TestNG] Test testCorrectAuthException(org.jclouds.hpcloud.compute.compute.HPCloudComputeComputeServiceLiveTest) failed.
Test suite progress: tests succeeded: 2, failed: 1, skipped: 0.
Starting test testCreateAndRunAService(org.jclouds.hpcloud.compute.compute.HPCloudComputeComputeServiceLiveTest)
Apr 24, 2012 2:04:33 AM org.jclouds.compute.internal.BaseComputeServiceLiveTest testCreateAndRunAService
INFO: << available node(az-2.region-a.geo-1/94812) os([name=Ubuntu Oneiric 11.10 Server 64-bit 20120311, family=ubuntu, version=11.10, arch=null, is64Bit=true, description=Ubuntu Oneiric 11.10 Server 64-bit 20120311]) in 155s
Apr 24, 2012 2:09:35 AM org.jclouds.compute.internal.BaseComputeServiceLiveTest testCreateAndRunAService
INFO: << configured node(az-2.region-a.geo-1/94812) with java full version "1.6.0_23-b23" and JBoss 7.0.2.Final in 272s
Apr 24, 2012 2:09:43 AM org.jclouds.compute.internal.BaseComputeServiceLiveTest trackAvailabilityOfProcessOnNode
INFO: << initial start of jboss on node(az-2.region-a.geo-1/94812) [backgroundProcessMilliseconds=4639, socketOpenMilliseconds=1776, reportedStartupTimeMilliseconds=3793]
Apr 24, 2012 2:09:48 AM org.jclouds.compute.internal.BaseComputeServiceLiveTest trackAvailabilityOfProcessOnNode
INFO: << warm start of jboss on node(az-2.region-a.geo-1/94812) [backgroundProcessMilliseconds=2235, socketOpenMilliseconds=953, reportedStartupTimeMilliseconds=2492]
[TestNG] Test testCreateAndRunAService(org.jclouds.hpcloud.compute.compute.HPCloudComputeComputeServiceLiveTest) succeeded: 510748ms
Test suite progress: tests succeeded: 3, failed: 1, skipped: 0.
Starting test testGetAssignableLocations(org.jclouds.hpcloud.compute.compute.HPCloudComputeComputeServiceLiveTest)
Apr 24, 2012 2:10:27 AM org.jclouds.compute.internal.BaseComputeServiceLiveTest testGetAssignableLocations
WARNING: location [id=az-1.region-a.geo-1, scope=ZONE, description=az-1.region-a.geo-1, parent=hpcloud-compute, iso3166Codes=[], metadata={}]
Apr 24, 2012 2:10:27 AM org.jclouds.compute.internal.BaseComputeServiceLiveTest testGetAssignableLocations
WARNING: location [id=az-2.region-a.geo-1, scope=ZONE, description=az-2.region-a.geo-1, parent=hpcloud-compute, iso3166Codes=[], metadata={}]
[TestNG] Test testGetAssignableLocations(org.jclouds.hpcloud.compute.compute.HPCloudComputeComputeServiceLiveTest) succeeded: 1ms
Test suite progress: tests succeeded: 4, failed: 1, skipped: 0.
Starting test testImagesCache(org.jclouds.hpcloud.compute.compute.HPCloudComputeComputeServiceLiveTest)
[TestNG] Test testImagesCache(org.jclouds.hpcloud.compute.compute.HPCloudComputeComputeServiceLiveTest) succeeded: 0ms
Test suite progress: tests succeeded: 5, failed: 1, skipped: 0.
Starting test testListImages(org.jclouds.hpcloud.compute.compute.HPCloudComputeComputeServiceLiveTest)
[TestNG] Test testListImages(org.jclouds.hpcloud.compute.compute.HPCloudComputeComputeServiceLiveTest) succeeded: 0ms
Test suite progress: tests succeeded: 6, failed: 1, skipped: 0.
Starting test testListSizes(org.jclouds.hpcloud.compute.compute.HPCloudComputeComputeServiceLiveTest)
[TestNG] Test testListSizes(org.jclouds.hpcloud.compute.compute.HPCloudComputeComputeServiceLiveTest) succeeded: 0ms
Test suite progress: tests succeeded: 7, failed: 1, skipped: 0.
Starting test testOptionToNotBlock(org.jclouds.hpcloud.compute.compute.HPCloudComputeComputeServiceLiveTest)
[TestNG] Test testOptionToNotBlock(org.jclouds.hpcloud.compute.compute.HPCloudComputeComputeServiceLiveTest) succeeded: 0ms
Test suite progress: tests succeeded: 8, failed: 1, skipped: 0.
Starting test testCorrectExceptionRunningNodesNotFound(org.jclouds.hpcloud.compute.compute.HPCloudComputeComputeServiceLiveTest)
[TestNG] Test testCorrectExceptionRunningNodesNotFound(org.jclouds.hpcloud.compute.compute.HPCloudComputeComputeServiceLiveTest) succeeded: 818ms
Test suite progress: tests succeeded: 9, failed: 1, skipped: 0.
Starting test testAScriptExecutionAfterBootWithBasicTemplate(org.jclouds.hpcloud.compute.compute.HPCloudComputeComputeServiceLiveTest)
<< problem applying options to node(az-2.region-a.geo-1/94816): 
org.jclouds.rest.AuthorizationException: (ubuntu:pw[9821bcd478ce0d4d6a3f2dfc7d991e60]@15.185.168.181:22) (ubuntu:pw[9821bcd478ce0d4d6a3f2dfc7d991e60]@15.185.168.181:22) error acquiring {hostAndPort=15.185.168.181:22, loginUser=ubuntu, ssh=null, connectTimeout=60000, sessionTimeout=60000} (out of retries - max 7): Exhausted available authentication methods
	at org.jclouds.sshj.SshjSshClient.propagate(SshjSshClient.java:381)
	at org.jclouds.sshj.SshjSshClient.acquire(SshjSshClient.java:202)
	at org.jclouds.sshj.SshjSshClient.connect(SshjSshClient.java:222)
	at org.jclouds.compute.callables.RunScriptOnNodeUsingSsh.call(RunScriptOnNodeUsingSsh.java:80)
	at org.jclouds.compute.strategy.RunScriptOnNodeAndAddToGoodMapOrPutExceptionIntoBadMap.call(RunScriptOnNodeAndAddToGoodMapOrPutExceptionIntoBadMap.java:69)
	at org.jclouds.compute.strategy.RunScriptOnNodeAndAddToGoodMapOrPutExceptionIntoBadMap.call(RunScriptOnNodeAndAddToGoodMapOrPutExceptionIntoBadMap.java:44)
	at java.util.concurrent.FutureTask$Sync.innerRun(FutureTask.java:303)
	at java.util.concurrent.FutureTask.run(FutureTask.java:138)
	at java.util.concurrent.ThreadPoolExecutor$Worker.runTask(ThreadPoolExecutor.java:886)
	at java.util.concurrent.ThreadPoolExecutor$Worker.run(ThreadPoolExecutor.java:908)
	at java.lang.Thread.run(Thread.java:680)
Caused by: net.schmizz.sshj.userauth.UserAuthException: Exhausted available authentication methods
	at net.schmizz.sshj.userauth.UserAuthImpl.authenticate(UserAuthImpl.java:114)
	at net.schmizz.sshj.SSHClient.auth(SSHClient.java:204)
	at net.schmizz.sshj.SSHClient.auth(SSHClient.java:189)
	at net.schmizz.sshj.SSHClient.authPassword(SSHClient.java:265)
	at net.schmizz.sshj.SSHClient.authPassword(SSHClient.java:235)
	at net.schmizz.sshj.SSHClient.authPassword(SSHClient.java:219)
	at org.jclouds.sshj.SSHClientConnection.create(SSHClientConnection.java:138)
	at org.jclouds.sshj.SSHClientConnection.create(SSHClientConnection.java:40)
	at org.jclouds.sshj.SshjSshClient.acquire(SshjSshClient.java:192)
	... 9 more
Caused by: net.schmizz.sshj.userauth.UserAuthException: keyboard-interactive auth not allowed by server
	at net.schmizz.sshj.userauth.UserAuthImpl.authenticate(UserAuthImpl.java:81)
	... 17 more
[TestNG] Test testAScriptExecutionAfterBootWithBasicTemplate(org.jclouds.hpcloud.compute.compute.HPCloudComputeComputeServiceLiveTest) failed.
Test suite progress: tests succeeded: 9, failed: 2, skipped: 0.
Starting test testCreateTwoNodesWithRunScript(org.jclouds.hpcloud.compute.compute.HPCloudComputeComputeServiceLiveTest)
[TestNG] Test testCreateTwoNodesWithRunScript(org.jclouds.hpcloud.compute.compute.HPCloudComputeComputeServiceLiveTest) failed.
Test suite progress: tests succeeded: 9, failed: 3, skipped: 0.
Starting test testTemplateMatch(org.jclouds.hpcloud.compute.compute.HPCloudComputeComputeServiceLiveTest)
[TestNG] Test testTemplateMatch(org.jclouds.hpcloud.compute.compute.HPCloudComputeComputeServiceLiveTest) succeeded: 35750ms
Test suite progress: tests succeeded: 10, failed: 3, skipped: 0.
[TestNG] Test testCreateAnotherNodeWithANewContextToEnsureSharedMemIsntRequired(org.jclouds.hpcloud.compute.compute.HPCloudComputeComputeServiceLiveTest) skipped.
Test suite progress: tests succeeded: 10, failed: 3, skipped: 1.
[TestNG] Test testCredentialsCache(org.jclouds.hpcloud.compute.compute.HPCloudComputeComputeServiceLiveTest) skipped.
Test suite progress: tests succeeded: 10, failed: 3, skipped: 2.
[TestNG] Test testGet(org.jclouds.hpcloud.compute.compute.HPCloudComputeComputeServiceLiveTest) skipped.
Test suite progress: tests succeeded: 10, failed: 3, skipped: 3.
[TestNG] Test testReboot(org.jclouds.hpcloud.compute.compute.HPCloudComputeComputeServiceLiveTest) skipped.
Test suite progress: tests succeeded: 10, failed: 3, skipped: 4.
[TestNG] Test testSuspendResume(org.jclouds.hpcloud.compute.compute.HPCloudComputeComputeServiceLiveTest) skipped.
Test suite progress: tests succeeded: 10, failed: 3, skipped: 5.
[TestNG] Test testGetNodesWithDetails(org.jclouds.hpcloud.compute.compute.HPCloudComputeComputeServiceLiveTest) skipped.
Test suite progress: tests succeeded: 10, failed: 3, skipped: 6.
[TestNG] Test testListNodes(org.jclouds.hpcloud.compute.compute.HPCloudComputeComputeServiceLiveTest) skipped.
Test suite progress: tests succeeded: 10, failed: 3, skipped: 7.
[TestNG] Test testDestroyNodes(org.jclouds.hpcloud.compute.compute.HPCloudComputeComputeServiceLiveTest) skipped.
Test suite progress: tests succeeded: 10, failed: 3, skipped: 8.
Starting test testCompareSizes(org.jclouds.hpcloud.compute.compute.HPCloudComputeTemplateBuilderLiveTest)
smallest [id=az-2.region-a.geo-1/100, providerId=100, name=standard.xsmall, processors=[[cores=1.0, speed=1.0]], ram=1024, volumes=[[id=null, type=LOCAL, size=30.0, device=null, durable=true, isBootDevice=true]], hypervisor=null, supportsImage=ALWAYS_TRUE, tags=[]]
fastest [id=az-1.region-a.geo-1/105, providerId=105, name=standard.2xlarge, processors=[[cores=8.0, speed=1.0]], ram=32768, volumes=[[id=null, type=LOCAL, size=960.0, device=null, durable=true, isBootDevice=true]], hypervisor=null, supportsImage=ALWAYS_TRUE, tags=[]]
biggest [id=az-1.region-a.geo-1/105, providerId=105, name=standard.2xlarge, processors=[[cores=8.0, speed=1.0]], ram=32768, volumes=[[id=null, type=LOCAL, size=960.0, device=null, durable=true, isBootDevice=true]], hypervisor=null, supportsImage=ALWAYS_TRUE, tags=[]]
[TestNG] Test testCompareSizes(org.jclouds.hpcloud.compute.compute.HPCloudComputeTemplateBuilderLiveTest) succeeded: 32854ms
Test suite progress: tests succeeded: 11, failed: 3, skipped: 8.
Starting test testDefaultTemplateBuilder(org.jclouds.hpcloud.compute.compute.HPCloudComputeTemplateBuilderLiveTest)
[TestNG] Test testDefaultTemplateBuilder(org.jclouds.hpcloud.compute.compute.HPCloudComputeTemplateBuilderLiveTest) succeeded: 6ms
Test suite progress: tests succeeded: 12, failed: 3, skipped: 8.
Starting test testFromTemplate(org.jclouds.hpcloud.compute.compute.HPCloudComputeTemplateBuilderLiveTest)
[TestNG] Test testFromTemplate(org.jclouds.hpcloud.compute.compute.HPCloudComputeTemplateBuilderLiveTest) succeeded: 9ms
Test suite progress: tests succeeded: 13, failed: 3, skipped: 8.
Starting test testGetAssignableLocations(org.jclouds.hpcloud.compute.compute.HPCloudComputeTemplateBuilderLiveTest)
location [id=az-1.region-a.geo-1, scope=ZONE, description=az-1.region-a.geo-1, parent=hpcloud-compute, iso3166Codes=[], metadata={}]
location [id=az-2.region-a.geo-1, scope=ZONE, description=az-2.region-a.geo-1, parent=hpcloud-compute, iso3166Codes=[], metadata={}]
[TestNG] Test testGetAssignableLocations(org.jclouds.hpcloud.compute.compute.HPCloudComputeTemplateBuilderLiveTest) succeeded: 0ms
Test suite progress: tests succeeded: 14, failed: 3, skipped: 8.
Starting test testTemplateBuilderCanFind(org.jclouds.hpcloud.compute.compute.HPCloudComputeTemplateBuilderLiveTest)
[TestNG] Test testTemplateBuilderCanFind(org.jclouds.hpcloud.compute.compute.HPCloudComputeTemplateBuilderLiveTest) succeeded: 5ms
Test suite progress: tests succeeded: 15, failed: 3, skipped: 8.
Starting test testTemplateBuilderCanFind(org.jclouds.hpcloud.compute.compute.HPCloudComputeTemplateBuilderLiveTest)
[TestNG] Test testTemplateBuilderCanFind(org.jclouds.hpcloud.compute.compute.HPCloudComputeTemplateBuilderLiveTest) succeeded: 5ms
Test suite progress: tests succeeded: 16, failed: 3, skipped: 8.
Starting test testTemplateBuilderCanFind(org.jclouds.hpcloud.compute.compute.HPCloudComputeTemplateBuilderLiveTest)
[TestNG] Test testTemplateBuilderCanFind(org.jclouds.hpcloud.compute.compute.HPCloudComputeTemplateBuilderLiveTest) succeeded: 1ms
Test suite progress: tests succeeded: 17, failed: 3, skipped: 8.
Starting test testTemplateBuilderCanFind(org.jclouds.hpcloud.compute.compute.HPCloudComputeTemplateBuilderLiveTest)
[TestNG] Test testTemplateBuilderCanFind(org.jclouds.hpcloud.compute.compute.HPCloudComputeTemplateBuilderLiveTest) succeeded: 2ms
Test suite progress: tests succeeded: 18, failed: 3, skipped: 8.
Starting test testTemplateBuilderCanFind(org.jclouds.hpcloud.compute.compute.HPCloudComputeTemplateBuilderLiveTest)
[TestNG] Test testTemplateBuilderCanFind(org.jclouds.hpcloud.compute.compute.HPCloudComputeTemplateBuilderLiveTest) succeeded: 2ms
Test suite progress: tests succeeded: 19, failed: 3, skipped: 8.
Starting test testTemplateBuilderCanFind(org.jclouds.hpcloud.compute.compute.HPCloudComputeTemplateBuilderLiveTest)
[TestNG] Test testTemplateBuilderCanFind(org.jclouds.hpcloud.compute.compute.HPCloudComputeTemplateBuilderLiveTest) succeeded: 5ms
Test suite progress: tests succeeded: 20, failed: 3, skipped: 8.
Starting test testTemplateBuilderCanFind(org.jclouds.hpcloud.compute.compute.HPCloudComputeTemplateBuilderLiveTest)
[TestNG] Test testTemplateBuilderCanFind(org.jclouds.hpcloud.compute.compute.HPCloudComputeTemplateBuilderLiveTest) succeeded: 8ms
Test suite progress: tests succeeded: 21, failed: 3, skipped: 8.
Starting test testTemplateBuilderCanFind(org.jclouds.hpcloud.compute.compute.HPCloudComputeTemplateBuilderLiveTest)
[TestNG] Test testTemplateBuilderCanFind(org.jclouds.hpcloud.compute.compute.HPCloudComputeTemplateBuilderLiveTest) succeeded: 1ms
Test suite progress: tests succeeded: 22, failed: 3, skipped: 8.
Starting test testTemplateBuilderCanFind(org.jclouds.hpcloud.compute.compute.HPCloudComputeTemplateBuilderLiveTest)
[TestNG] Test testTemplateBuilderCanFind(org.jclouds.hpcloud.compute.compute.HPCloudComputeTemplateBuilderLiveTest) succeeded: 2ms
Test suite progress: tests succeeded: 23, failed: 3, skipped: 8.
Starting test testTemplateBuilderCanFind(org.jclouds.hpcloud.compute.compute.HPCloudComputeTemplateBuilderLiveTest)
[TestNG] Test testTemplateBuilderCanFind(org.jclouds.hpcloud.compute.compute.HPCloudComputeTemplateBuilderLiveTest) succeeded: 2ms
Test suite progress: tests succeeded: 24, failed: 3, skipped: 8.
Starting test testTemplateBuilderCanUseImageId(org.jclouds.hpcloud.compute.compute.HPCloudComputeTemplateBuilderLiveTest)
[TestNG] Test testTemplateBuilderCanUseImageId(org.jclouds.hpcloud.compute.compute.HPCloudComputeTemplateBuilderLiveTest) succeeded: 29573ms
Test suite progress: tests succeeded: 25, failed: 3, skipped: 8.
Starting test testTemplateBuilderCannotFind(org.jclouds.hpcloud.compute.compute.HPCloudComputeTemplateBuilderLiveTest)
[TestNG] Test testTemplateBuilderCannotFind(org.jclouds.hpcloud.compute.compute.HPCloudComputeTemplateBuilderLiveTest) succeeded: 1ms
Test suite progress: tests succeeded: 26, failed: 3, skipped: 8.
Starting test testTemplateBuilderCannotFind(org.jclouds.hpcloud.compute.compute.HPCloudComputeTemplateBuilderLiveTest)
[TestNG] Test testTemplateBuilderCannotFind(org.jclouds.hpcloud.compute.compute.HPCloudComputeTemplateBuilderLiveTest) succeeded: 1ms
Test suite progress: tests succeeded: 27, failed: 3, skipped: 8.
Starting test testTemplateBuilderCannotFind(org.jclouds.hpcloud.compute.compute.HPCloudComputeTemplateBuilderLiveTest)
[TestNG] Test testTemplateBuilderCannotFind(org.jclouds.hpcloud.compute.compute.HPCloudComputeTemplateBuilderLiveTest) succeeded: 1ms
Test suite progress: tests succeeded: 28, failed: 3, skipped: 8.
Starting test testTemplateBuilderCannotFind(org.jclouds.hpcloud.compute.compute.HPCloudComputeTemplateBuilderLiveTest)
[TestNG] Test testTemplateBuilderCannotFind(org.jclouds.hpcloud.compute.compute.HPCloudComputeTemplateBuilderLiveTest) succeeded: 0ms
Test suite progress: tests succeeded: 29, failed: 3, skipped: 8.
Starting test testTemplateBuilderCannotFind(org.jclouds.hpcloud.compute.compute.HPCloudComputeTemplateBuilderLiveTest)
[TestNG] Test testTemplateBuilderCannotFind(org.jclouds.hpcloud.compute.compute.HPCloudComputeTemplateBuilderLiveTest) succeeded: 1ms
Test suite progress: tests succeeded: 30, failed: 3, skipped: 8.
Starting test testTemplateBuilderCannotFind(org.jclouds.hpcloud.compute.compute.HPCloudComputeTemplateBuilderLiveTest)
[TestNG] Test testTemplateBuilderCannotFind(org.jclouds.hpcloud.compute.compute.HPCloudComputeTemplateBuilderLiveTest) succeeded: 0ms
Test suite progress: tests succeeded: 31, failed: 3, skipped: 8.
Starting test testTemplateBuilderCannotFind(org.jclouds.hpcloud.compute.compute.HPCloudComputeTemplateBuilderLiveTest)
[TestNG] Test testTemplateBuilderCannotFind(org.jclouds.hpcloud.compute.compute.HPCloudComputeTemplateBuilderLiveTest) succeeded: 1ms
Test suite progress: tests succeeded: 32, failed: 3, skipped: 8.
Starting test testTemplateBuilderCannotFind(org.jclouds.hpcloud.compute.compute.HPCloudComputeTemplateBuilderLiveTest)
[TestNG] Test testTemplateBuilderCannotFind(org.jclouds.hpcloud.compute.compute.HPCloudComputeTemplateBuilderLiveTest) succeeded: 1ms
Test suite progress: tests succeeded: 33, failed: 3, skipped: 8.
Starting test testTemplateBuilderCannotFind(org.jclouds.hpcloud.compute.compute.HPCloudComputeTemplateBuilderLiveTest)
[TestNG] Test testTemplateBuilderCannotFind(org.jclouds.hpcloud.compute.compute.HPCloudComputeTemplateBuilderLiveTest) succeeded: 0ms
Test suite progress: tests succeeded: 34, failed: 3, skipped: 8.
Starting test testTemplateBuilderCannotFind(org.jclouds.hpcloud.compute.compute.HPCloudComputeTemplateBuilderLiveTest)
[TestNG] Test testTemplateBuilderCannotFind(org.jclouds.hpcloud.compute.compute.HPCloudComputeTemplateBuilderLiveTest) succeeded: 1ms
Test suite progress: tests succeeded: 35, failed: 3, skipped: 8.
Starting test testTemplateBuilderCannotFind(org.jclouds.hpcloud.compute.compute.HPCloudComputeTemplateBuilderLiveTest)
[TestNG] Test testTemplateBuilderCannotFind(org.jclouds.hpcloud.compute.compute.HPCloudComputeTemplateBuilderLiveTest) succeeded: 2ms
Test suite progress: tests succeeded: 36, failed: 3, skipped: 8.
Starting test testTemplateBuilderCannotFind(org.jclouds.hpcloud.compute.compute.HPCloudComputeTemplateBuilderLiveTest)
[TestNG] Test testTemplateBuilderCannotFind(org.jclouds.hpcloud.compute.compute.HPCloudComputeTemplateBuilderLiveTest) succeeded: 0ms
Test suite progress: tests succeeded: 37, failed: 3, skipped: 8.
Starting test testTemplateBuilderCannotFind(org.jclouds.hpcloud.compute.compute.HPCloudComputeTemplateBuilderLiveTest)
[TestNG] Test testTemplateBuilderCannotFind(org.jclouds.hpcloud.compute.compute.HPCloudComputeTemplateBuilderLiveTest) succeeded: 1ms
Test suite progress: tests succeeded: 38, failed: 3, skipped: 8.
Starting test testTemplateBuilderCannotFind(org.jclouds.hpcloud.compute.compute.HPCloudComputeTemplateBuilderLiveTest)
[TestNG] Test testTemplateBuilderCannotFind(org.jclouds.hpcloud.compute.compute.HPCloudComputeTemplateBuilderLiveTest) succeeded: 0ms
Test suite progress: tests succeeded: 39, failed: 3, skipped: 8.
Starting test testTemplateBuilderCannotFind(org.jclouds.hpcloud.compute.compute.HPCloudComputeTemplateBuilderLiveTest)
[TestNG] Test testTemplateBuilderCannotFind(org.jclouds.hpcloud.compute.compute.HPCloudComputeTemplateBuilderLiveTest) succeeded: 4ms
Test suite progress: tests succeeded: 40, failed: 3, skipped: 8.
Starting test testTemplateBuilderCannotFind(org.jclouds.hpcloud.compute.compute.HPCloudComputeTemplateBuilderLiveTest)
[TestNG] Test testTemplateBuilderCannotFind(org.jclouds.hpcloud.compute.compute.HPCloudComputeTemplateBuilderLiveTest) succeeded: 1ms
Test suite progress: tests succeeded: 41, failed: 3, skipped: 8.
Starting test testTemplateBuilderCannotFind(org.jclouds.hpcloud.compute.compute.HPCloudComputeTemplateBuilderLiveTest)
[TestNG] Test testTemplateBuilderCannotFind(org.jclouds.hpcloud.compute.compute.HPCloudComputeTemplateBuilderLiveTest) succeeded: 1ms
Test suite progress: tests succeeded: 42, failed: 3, skipped: 8.
Starting test testTemplateBuilderCannotFind(org.jclouds.hpcloud.compute.compute.HPCloudComputeTemplateBuilderLiveTest)
[TestNG] Test testTemplateBuilderCannotFind(org.jclouds.hpcloud.compute.compute.HPCloudComputeTemplateBuilderLiveTest) succeeded: 0ms
Test suite progress: tests succeeded: 43, failed: 3, skipped: 8.
Starting test testTemplateBuilderCannotFind(org.jclouds.hpcloud.compute.compute.HPCloudComputeTemplateBuilderLiveTest)
[TestNG] Test testTemplateBuilderCannotFind(org.jclouds.hpcloud.compute.compute.HPCloudComputeTemplateBuilderLiveTest) succeeded: 1ms
Test suite progress: tests succeeded: 44, failed: 3, skipped: 8.
Starting test testTemplateBuilderCannotFind(org.jclouds.hpcloud.compute.compute.HPCloudComputeTemplateBuilderLiveTest)
[TestNG] Test testTemplateBuilderCannotFind(org.jclouds.hpcloud.compute.compute.HPCloudComputeTemplateBuilderLiveTest) succeeded: 0ms
Test suite progress: tests succeeded: 45, failed: 3, skipped: 8.
Starting test testTemplateBuilderCannotFind(org.jclouds.hpcloud.compute.compute.HPCloudComputeTemplateBuilderLiveTest)
[TestNG] Test testTemplateBuilderCannotFind(org.jclouds.hpcloud.compute.compute.HPCloudComputeTemplateBuilderLiveTest) succeeded: 1ms
Test suite progress: tests succeeded: 46, failed: 3, skipped: 8.
Starting test testTemplateBuilderCannotFind(org.jclouds.hpcloud.compute.compute.HPCloudComputeTemplateBuilderLiveTest)
[TestNG] Test testTemplateBuilderCannotFind(org.jclouds.hpcloud.compute.compute.HPCloudComputeTemplateBuilderLiveTest) succeeded: 0ms
Test suite progress: tests succeeded: 47, failed: 3, skipped: 8.
Starting test testTemplateBuilderCannotFind(org.jclouds.hpcloud.compute.compute.HPCloudComputeTemplateBuilderLiveTest)
[TestNG] Test testTemplateBuilderCannotFind(org.jclouds.hpcloud.compute.compute.HPCloudComputeTemplateBuilderLiveTest) succeeded: 1ms
Test suite progress: tests succeeded: 48, failed: 3, skipped: 8.
Starting test testTemplateBuilderCannotFind(org.jclouds.hpcloud.compute.compute.HPCloudComputeTemplateBuilderLiveTest)
[TestNG] Test testTemplateBuilderCannotFind(org.jclouds.hpcloud.compute.compute.HPCloudComputeTemplateBuilderLiveTest) succeeded: 0ms
Test suite progress: tests succeeded: 49, failed: 3, skipped: 8.
Starting test testTemplateBuilderCannotFind(org.jclouds.hpcloud.compute.compute.HPCloudComputeTemplateBuilderLiveTest)
[TestNG] Test testTemplateBuilderCannotFind(org.jclouds.hpcloud.compute.compute.HPCloudComputeTemplateBuilderLiveTest) succeeded: 0ms
Test suite progress: tests succeeded: 50, failed: 3, skipped: 8.
Starting test testTemplateBuilderCannotFind(org.jclouds.hpcloud.compute.compute.HPCloudComputeTemplateBuilderLiveTest)
[TestNG] Test testTemplateBuilderCannotFind(org.jclouds.hpcloud.compute.compute.HPCloudComputeTemplateBuilderLiveTest) succeeded: 0ms
Test suite progress: tests succeeded: 51, failed: 3, skipped: 8.
Starting test testTemplateBuilderCannotFind(org.jclouds.hpcloud.compute.compute.HPCloudComputeTemplateBuilderLiveTest)
[TestNG] Test testTemplateBuilderCannotFind(org.jclouds.hpcloud.compute.compute.HPCloudComputeTemplateBuilderLiveTest) succeeded: 0ms
Test suite progress: tests succeeded: 52, failed: 3, skipped: 8.
Starting test testTemplateBuilderCannotFind(org.jclouds.hpcloud.compute.compute.HPCloudComputeTemplateBuilderLiveTest)
[TestNG] Test testTemplateBuilderCannotFind(org.jclouds.hpcloud.compute.compute.HPCloudComputeTemplateBuilderLiveTest) succeeded: 1ms
Test suite progress: tests succeeded: 53, failed: 3, skipped: 8.
Starting test testTemplateBuilderCannotFind(org.jclouds.hpcloud.compute.compute.HPCloudComputeTemplateBuilderLiveTest)
[TestNG] Test testTemplateBuilderCannotFind(org.jclouds.hpcloud.compute.compute.HPCloudComputeTemplateBuilderLiveTest) succeeded: 0ms
Test suite progress: tests succeeded: 54, failed: 3, skipped: 8.
Starting test testTemplateBuilderCannotFind(org.jclouds.hpcloud.compute.compute.HPCloudComputeTemplateBuilderLiveTest)
[TestNG] Test testTemplateBuilderCannotFind(org.jclouds.hpcloud.compute.compute.HPCloudComputeTemplateBuilderLiveTest) succeeded: 1ms
Test suite progress: tests succeeded: 55, failed: 3, skipped: 8.
Starting test testTemplateBuilderCannotFind(org.jclouds.hpcloud.compute.compute.HPCloudComputeTemplateBuilderLiveTest)
[TestNG] Test testTemplateBuilderCannotFind(org.jclouds.hpcloud.compute.compute.HPCloudComputeTemplateBuilderLiveTest) succeeded: 1ms
Test suite progress: tests succeeded: 56, failed: 3, skipped: 8.
Starting test testTemplateBuilderCannotFind(org.jclouds.hpcloud.compute.compute.HPCloudComputeTemplateBuilderLiveTest)
[TestNG] Test testTemplateBuilderCannotFind(org.jclouds.hpcloud.compute.compute.HPCloudComputeTemplateBuilderLiveTest) succeeded: 0ms
Test suite progress: tests succeeded: 57, failed: 3, skipped: 8.
Starting test testTemplateBuilderCannotFind(org.jclouds.hpcloud.compute.compute.HPCloudComputeTemplateBuilderLiveTest)
[TestNG] Test testTemplateBuilderCannotFind(org.jclouds.hpcloud.compute.compute.HPCloudComputeTemplateBuilderLiveTest) succeeded: 1ms
Test suite progress: tests succeeded: 58, failed: 3, skipped: 8.
Starting test testTemplateBuilderCannotFind(org.jclouds.hpcloud.compute.compute.HPCloudComputeTemplateBuilderLiveTest)
[TestNG] Test testTemplateBuilderCannotFind(org.jclouds.hpcloud.compute.compute.HPCloudComputeTemplateBuilderLiveTest) succeeded: 0ms
Test suite progress: tests succeeded: 59, failed: 3, skipped: 8.
Starting test testTemplateBuilderCannotFind(org.jclouds.hpcloud.compute.compute.HPCloudComputeTemplateBuilderLiveTest)
[TestNG] Test testTemplateBuilderCannotFind(org.jclouds.hpcloud.compute.compute.HPCloudComputeTemplateBuilderLiveTest) succeeded: 1ms
Test suite progress: tests succeeded: 60, failed: 3, skipped: 8.
Starting test testTemplateBuilderCannotFind(org.jclouds.hpcloud.compute.compute.HPCloudComputeTemplateBuilderLiveTest)
[TestNG] Test testTemplateBuilderCannotFind(org.jclouds.hpcloud.compute.compute.HPCloudComputeTemplateBuilderLiveTest) succeeded: 1ms
Test suite progress: tests succeeded: 61, failed: 3, skipped: 8.
Starting test testTemplateBuilderCannotFind(org.jclouds.hpcloud.compute.compute.HPCloudComputeTemplateBuilderLiveTest)
[TestNG] Test testTemplateBuilderCannotFind(org.jclouds.hpcloud.compute.compute.HPCloudComputeTemplateBuilderLiveTest) succeeded: 0ms
Test suite progress: tests succeeded: 62, failed: 3, skipped: 8.
Starting test testTemplateBuilderCannotFind(org.jclouds.hpcloud.compute.compute.HPCloudComputeTemplateBuilderLiveTest)
[TestNG] Test testTemplateBuilderCannotFind(org.jclouds.hpcloud.compute.compute.HPCloudComputeTemplateBuilderLiveTest) succeeded: 1ms
Test suite progress: tests succeeded: 63, failed: 3, skipped: 8.
Starting test testTemplateBuilderCannotFind(org.jclouds.hpcloud.compute.compute.HPCloudComputeTemplateBuilderLiveTest)
[TestNG] Test testTemplateBuilderCannotFind(org.jclouds.hpcloud.compute.compute.HPCloudComputeTemplateBuilderLiveTest) succeeded: 0ms
Test suite progress: tests succeeded: 64, failed: 3, skipped: 8.
Starting test testTemplateBuilderCannotFind(org.jclouds.hpcloud.compute.compute.HPCloudComputeTemplateBuilderLiveTest)
[TestNG] Test testTemplateBuilderCannotFind(org.jclouds.hpcloud.compute.compute.HPCloudComputeTemplateBuilderLiveTest) succeeded: 1ms
Test suite progress: tests succeeded: 65, failed: 3, skipped: 8.
Starting test testTemplateBuilderCannotFind(org.jclouds.hpcloud.compute.compute.HPCloudComputeTemplateBuilderLiveTest)
[TestNG] Test testTemplateBuilderCannotFind(org.jclouds.hpcloud.compute.compute.HPCloudComputeTemplateBuilderLiveTest) succeeded: 0ms
Test suite progress: tests succeeded: 66, failed: 3, skipped: 8.
Starting test testTemplateBuilderCannotFind(org.jclouds.hpcloud.compute.compute.HPCloudComputeTemplateBuilderLiveTest)
[TestNG] Test testTemplateBuilderCannotFind(org.jclouds.hpcloud.compute.compute.HPCloudComputeTemplateBuilderLiveTest) succeeded: 1ms
Test suite progress: tests succeeded: 67, failed: 3, skipped: 8.
Starting test testTemplateBuilderCannotFind(org.jclouds.hpcloud.compute.compute.HPCloudComputeTemplateBuilderLiveTest)
[TestNG] Test testTemplateBuilderCannotFind(org.jclouds.hpcloud.compute.compute.HPCloudComputeTemplateBuilderLiveTest) succeeded: 1ms
Test suite progress: tests succeeded: 68, failed: 3, skipped: 8.
Starting test testTemplateBuilderCannotFind(org.jclouds.hpcloud.compute.compute.HPCloudComputeTemplateBuilderLiveTest)
[TestNG] Test testTemplateBuilderCannotFind(org.jclouds.hpcloud.compute.compute.HPCloudComputeTemplateBuilderLiveTest) succeeded: 0ms
Test suite progress: tests succeeded: 69, failed: 3, skipped: 8.
Starting test testTemplateBuilderCannotFind(org.jclouds.hpcloud.compute.compute.HPCloudComputeTemplateBuilderLiveTest)
[TestNG] Test testTemplateBuilderCannotFind(org.jclouds.hpcloud.compute.compute.HPCloudComputeTemplateBuilderLiveTest) succeeded: 1ms
Test suite progress: tests succeeded: 70, failed: 3, skipped: 8.
Starting test testTemplateBuilderCannotFind(org.jclouds.hpcloud.compute.compute.HPCloudComputeTemplateBuilderLiveTest)
[TestNG] Test testTemplateBuilderCannotFind(org.jclouds.hpcloud.compute.compute.HPCloudComputeTemplateBuilderLiveTest) succeeded: 1ms
Test suite progress: tests succeeded: 71, failed: 3, skipped: 8.
Starting test testTemplateBuilderCannotFind(org.jclouds.hpcloud.compute.compute.HPCloudComputeTemplateBuilderLiveTest)
[TestNG] Test testTemplateBuilderCannotFind(org.jclouds.hpcloud.compute.compute.HPCloudComputeTemplateBuilderLiveTest) succeeded: 0ms
Test suite progress: tests succeeded: 72, failed: 3, skipped: 8.
Starting test testTemplateBuilderCannotFind(org.jclouds.hpcloud.compute.compute.HPCloudComputeTemplateBuilderLiveTest)
[TestNG] Test testTemplateBuilderCannotFind(org.jclouds.hpcloud.compute.compute.HPCloudComputeTemplateBuilderLiveTest) succeeded: 0ms
Test suite progress: tests succeeded: 73, failed: 3, skipped: 8.
Starting test testTemplateBuilderCannotFind(org.jclouds.hpcloud.compute.compute.HPCloudComputeTemplateBuilderLiveTest)
[TestNG] Test testTemplateBuilderCannotFind(org.jclouds.hpcloud.compute.compute.HPCloudComputeTemplateBuilderLiveTest) succeeded: 1ms
Test suite progress: tests succeeded: 74, failed: 3, skipped: 8.
Starting test testTemplateBuilderCannotFind(org.jclouds.hpcloud.compute.compute.HPCloudComputeTemplateBuilderLiveTest)
[TestNG] Test testTemplateBuilderCannotFind(org.jclouds.hpcloud.compute.compute.HPCloudComputeTemplateBuilderLiveTest) succeeded: 1ms
Test suite progress: tests succeeded: 75, failed: 3, skipped: 8.
Starting test testTemplateBuilderCannotFind(org.jclouds.hpcloud.compute.compute.HPCloudComputeTemplateBuilderLiveTest)
[TestNG] Test testTemplateBuilderCannotFind(org.jclouds.hpcloud.compute.compute.HPCloudComputeTemplateBuilderLiveTest) succeeded: 1ms
Test suite progress: tests succeeded: 76, failed: 3, skipped: 8.
Starting test testTemplateBuilderCannotFind(org.jclouds.hpcloud.compute.compute.HPCloudComputeTemplateBuilderLiveTest)
[TestNG] Test testTemplateBuilderCannotFind(org.jclouds.hpcloud.compute.compute.HPCloudComputeTemplateBuilderLiveTest) succeeded: 0ms
Test suite progress: tests succeeded: 77, failed: 3, skipped: 8.
Starting test testTemplateBuilderCannotFind(org.jclouds.hpcloud.compute.compute.HPCloudComputeTemplateBuilderLiveTest)
[TestNG] Test testTemplateBuilderCannotFind(org.jclouds.hpcloud.compute.compute.HPCloudComputeTemplateBuilderLiveTest) succeeded: 0ms
Test suite progress: tests succeeded: 78, failed: 3, skipped: 8.
Starting test testTemplateBuilderCannotFind(org.jclouds.hpcloud.compute.compute.HPCloudComputeTemplateBuilderLiveTest)
[TestNG] Test testTemplateBuilderCannotFind(org.jclouds.hpcloud.compute.compute.HPCloudComputeTemplateBuilderLiveTest) succeeded: 1ms
Test suite progress: tests succeeded: 79, failed: 3, skipped: 8.
Starting test testTemplateBuilderCannotFind(org.jclouds.hpcloud.compute.compute.HPCloudComputeTemplateBuilderLiveTest)
[TestNG] Test testTemplateBuilderCannotFind(org.jclouds.hpcloud.compute.compute.HPCloudComputeTemplateBuilderLiveTest) succeeded: 0ms
Test suite progress: tests succeeded: 80, failed: 3, skipped: 8.
Starting test testTemplateBuilderCannotFind(org.jclouds.hpcloud.compute.compute.HPCloudComputeTemplateBuilderLiveTest)
[TestNG] Test testTemplateBuilderCannotFind(org.jclouds.hpcloud.compute.compute.HPCloudComputeTemplateBuilderLiveTest) succeeded: 1ms
Test suite progress: tests succeeded: 81, failed: 3, skipped: 8.
Starting test testTemplateBuilderCannotFind(org.jclouds.hpcloud.compute.compute.HPCloudComputeTemplateBuilderLiveTest)
[TestNG] Test testTemplateBuilderCannotFind(org.jclouds.hpcloud.compute.compute.HPCloudComputeTemplateBuilderLiveTest) succeeded: 0ms
Test suite progress: tests succeeded: 82, failed: 3, skipped: 8.
Starting test testTemplateBuilderCannotFind(org.jclouds.hpcloud.compute.compute.HPCloudComputeTemplateBuilderLiveTest)
[TestNG] Test testTemplateBuilderCannotFind(org.jclouds.hpcloud.compute.compute.HPCloudComputeTemplateBuilderLiveTest) succeeded: 0ms
Test suite progress: tests succeeded: 83, failed: 3, skipped: 8.
Starting test testTemplateBuilderCannotFind(org.jclouds.hpcloud.compute.compute.HPCloudComputeTemplateBuilderLiveTest)
[TestNG] Test testTemplateBuilderCannotFind(org.jclouds.hpcloud.compute.compute.HPCloudComputeTemplateBuilderLiveTest) succeeded: 1ms
Test suite progress: tests succeeded: 84, failed: 3, skipped: 8.
Starting test testTemplateBuilderCannotFind(org.jclouds.hpcloud.compute.compute.HPCloudComputeTemplateBuilderLiveTest)
[TestNG] Test testTemplateBuilderCannotFind(org.jclouds.hpcloud.compute.compute.HPCloudComputeTemplateBuilderLiveTest) succeeded: 0ms
Test suite progress: tests succeeded: 85, failed: 3, skipped: 8.
Starting test testTemplateBuilderCannotFind(org.jclouds.hpcloud.compute.compute.HPCloudComputeTemplateBuilderLiveTest)
[TestNG] Test testTemplateBuilderCannotFind(org.jclouds.hpcloud.compute.compute.HPCloudComputeTemplateBuilderLiveTest) succeeded: 1ms
Test suite progress: tests succeeded: 86, failed: 3, skipped: 8.
Starting test testTemplateBuilderCannotFind(org.jclouds.hpcloud.compute.compute.HPCloudComputeTemplateBuilderLiveTest)
[TestNG] Test testTemplateBuilderCannotFind(org.jclouds.hpcloud.compute.compute.HPCloudComputeTemplateBuilderLiveTest) succeeded: 0ms
Test suite progress: tests succeeded: 87, failed: 3, skipped: 8.
Starting test testTemplateBuilderCannotFind(org.jclouds.hpcloud.compute.compute.HPCloudComputeTemplateBuilderLiveTest)
[TestNG] Test testTemplateBuilderCannotFind(org.jclouds.hpcloud.compute.compute.HPCloudComputeTemplateBuilderLiveTest) succeeded: 1ms
Test suite progress: tests succeeded: 88, failed: 3, skipped: 8.
Starting test testTemplateBuilderCannotFind(org.jclouds.hpcloud.compute.compute.HPCloudComputeTemplateBuilderLiveTest)
[TestNG] Test testTemplateBuilderCannotFind(org.jclouds.hpcloud.compute.compute.HPCloudComputeTemplateBuilderLiveTest) succeeded: 0ms
Test suite progress: tests succeeded: 89, failed: 3, skipped: 8.
Starting test testTemplateBuilderCannotFind(org.jclouds.hpcloud.compute.compute.HPCloudComputeTemplateBuilderLiveTest)
[TestNG] Test testTemplateBuilderCannotFind(org.jclouds.hpcloud.compute.compute.HPCloudComputeTemplateBuilderLiveTest) succeeded: 1ms
Test suite progress: tests succeeded: 90, failed: 3, skipped: 8.
Starting test testTemplateBuilderCannotFind(org.jclouds.hpcloud.compute.compute.HPCloudComputeTemplateBuilderLiveTest)
[TestNG] Test testTemplateBuilderCannotFind(org.jclouds.hpcloud.compute.compute.HPCloudComputeTemplateBuilderLiveTest) succeeded: 0ms
Test suite progress: tests succeeded: 91, failed: 3, skipped: 8.
Starting test testTemplateBuilderCannotFind(org.jclouds.hpcloud.compute.compute.HPCloudComputeTemplateBuilderLiveTest)
[TestNG] Test testTemplateBuilderCannotFind(org.jclouds.hpcloud.compute.compute.HPCloudComputeTemplateBuilderLiveTest) succeeded: 1ms
Test suite progress: tests succeeded: 92, failed: 3, skipped: 8.
Starting test testTemplateBuilderCannotFind(org.jclouds.hpcloud.compute.compute.HPCloudComputeTemplateBuilderLiveTest)
[TestNG] Test testTemplateBuilderCannotFind(org.jclouds.hpcloud.compute.compute.HPCloudComputeTemplateBuilderLiveTest) succeeded: 0ms
Test suite progress: tests succeeded: 93, failed: 3, skipped: 8.
Starting test testTemplateBuilderCannotFind(org.jclouds.hpcloud.compute.compute.HPCloudComputeTemplateBuilderLiveTest)
[TestNG] Test testTemplateBuilderCannotFind(org.jclouds.hpcloud.compute.compute.HPCloudComputeTemplateBuilderLiveTest) succeeded: 1ms
Test suite progress: tests succeeded: 94, failed: 3, skipped: 8.
Starting test testTemplateBuilderCannotFind(org.jclouds.hpcloud.compute.compute.HPCloudComputeTemplateBuilderLiveTest)
[TestNG] Test testTemplateBuilderCannotFind(org.jclouds.hpcloud.compute.compute.HPCloudComputeTemplateBuilderLiveTest) succeeded: 0ms
Test suite progress: tests succeeded: 95, failed: 3, skipped: 8.
Starting test testTemplateBuilderCannotFind(org.jclouds.hpcloud.compute.compute.HPCloudComputeTemplateBuilderLiveTest)
[TestNG] Test testTemplateBuilderCannotFind(org.jclouds.hpcloud.compute.compute.HPCloudComputeTemplateBuilderLiveTest) succeeded: 1ms
Test suite progress: tests succeeded: 96, failed: 3, skipped: 8.
Starting test testTemplateBuilderCannotFind(org.jclouds.hpcloud.compute.compute.HPCloudComputeTemplateBuilderLiveTest)
[TestNG] Test testTemplateBuilderCannotFind(org.jclouds.hpcloud.compute.compute.HPCloudComputeTemplateBuilderLiveTest) succeeded: 0ms
Test suite progress: tests succeeded: 97, failed: 3, skipped: 8.
Starting test testTemplateBuilderCannotFind(org.jclouds.hpcloud.compute.compute.HPCloudComputeTemplateBuilderLiveTest)
[TestNG] Test testTemplateBuilderCannotFind(org.jclouds.hpcloud.compute.compute.HPCloudComputeTemplateBuilderLiveTest) succeeded: 1ms
Test suite progress: tests succeeded: 98, failed: 3, skipped: 8.
Starting test testTemplateBuilderCannotFind(org.jclouds.hpcloud.compute.compute.HPCloudComputeTemplateBuilderLiveTest)
[TestNG] Test testTemplateBuilderCannotFind(org.jclouds.hpcloud.compute.compute.HPCloudComputeTemplateBuilderLiveTest) succeeded: 1ms
Test suite progress: tests succeeded: 99, failed: 3, skipped: 8.
Starting test testTemplateBuilderWithImageIdSpecified(org.jclouds.hpcloud.compute.compute.HPCloudComputeTemplateBuilderLiveTest)
[TestNG] Test testTemplateBuilderWithImageIdSpecified(org.jclouds.hpcloud.compute.compute.HPCloudComputeTemplateBuilderLiveTest) succeeded: 56254ms
Test suite progress: tests succeeded: 100, failed: 3, skipped: 8.
Starting test testTemplateBuilderWithLoginUserSpecified(org.jclouds.hpcloud.compute.compute.HPCloudComputeTemplateBuilderLiveTest)
Apr 24, 2012 2:18:32 AM org.jclouds.logging.jdk.JDKLogger logError
SEVERE: Cannot retry after server error, command has exceeded retry limit 5: [method=FlavorAsyncClient.listFlavorsInDetail, request=GET https://az-2.region-a.geo-1.compute.hpcloudsvc.com/v1.1/37936628937291/flavors/detail HTTP/1.1]
[TestNG] Test testTemplateBuilderWithLoginUserSpecified(org.jclouds.hpcloud.compute.compute.HPCloudComputeTemplateBuilderLiveTest) failed.
Test suite progress: tests succeeded: 100, failed: 4, skipped: 8.
Starting test testTemplateBuilder(org.jclouds.hpcloud.compute.compute.HPCloudComputeTemplateBuilderLiveTest)
[TestNG] Test testTemplateBuilder(org.jclouds.hpcloud.compute.compute.HPCloudComputeTemplateBuilderLiveTest) failed.
Test suite progress: tests succeeded: 100, failed: 5, skipped: 8.
Starting test testListFlavors(org.jclouds.hpcloud.compute.features.HPCloudComputeFlavorClientLiveTest)
[TestNG] Test testListFlavors(org.jclouds.hpcloud.compute.features.HPCloudComputeFlavorClientLiveTest) succeeded: 75649ms
Test suite progress: tests succeeded: 101, failed: 5, skipped: 8.
Starting test testListFlavorsInDetail(org.jclouds.hpcloud.compute.features.HPCloudComputeFlavorClientLiveTest)
[TestNG] Test testListFlavorsInDetail(org.jclouds.hpcloud.compute.features.HPCloudComputeFlavorClientLiveTest) failed.
Test suite progress: tests succeeded: 101, failed: 6, skipped: 8.
Starting test testAddAndRemoveFloatingIp(org.jclouds.hpcloud.compute.features.HPCloudComputeFloatingIPClientLiveTest)
blocking on status active
{id=110189, name=test, links=[{relation=SELF, type=null, href=https://az-1.region-a.geo-1.compute.hpcloudsvc.com/v1.1/37936628937291/servers/110189}, {relation=BOOKMARK, type=null, href=https://az-1.region-a.geo-1.compute.hpcloudsvc.com/37936628937291/servers/110189}], uuid=37925f4f-f7a3-4b22-a46a-f51834238ead, tenantId=37936628937291, userId=54297837463082, hostId=3c71d43ae777961171f03297df4895324e37f47752f83492cf0547a5, updated=Tue Apr 24 02:21:27 PDT 2012, created=Tue Apr 24 02:21:26 PDT 2012, accessIPv4=null, accessIPv6=null, status=BUILD, configDrive=null, image={id=1232, name=null, links=[{relation=BOOKMARK, type=null, href=https://az-1.region-a.geo-1.compute.hpcloudsvc.com/37936628937291/images/1232}]}, flavor={id=104, name=null, links=[{relation=BOOKMARK, type=null, href=https://az-1.region-a.geo-1.compute.hpcloudsvc.com/37936628937291/flavors/104}]}, metadata={}, addresses={}, adminPass=null}
blocking on status active
{id=110189, name=test, links=[{relation=SELF, type=null, href=https://az-1.region-a.geo-1.compute.hpcloudsvc.com/v1.1/37936628937291/servers/110189}, {relation=BOOKMARK, type=null, href=https://az-1.region-a.geo-1.compute.hpcloudsvc.com/37936628937291/servers/110189}], uuid=37925f4f-f7a3-4b22-a46a-f51834238ead, tenantId=37936628937291, userId=54297837463082, hostId=3c71d43ae777961171f03297df4895324e37f47752f83492cf0547a5, updated=Tue Apr 24 02:21:32 PDT 2012, created=Tue Apr 24 02:21:26 PDT 2012, accessIPv4=null, accessIPv6=null, status=BUILD, configDrive=null, image={id=1232, name=null, links=[{relation=BOOKMARK, type=null, href=https://az-1.region-a.geo-1.compute.hpcloudsvc.com/37936628937291/images/1232}]}, flavor={id=104, name=null, links=[{relation=BOOKMARK, type=null, href=https://az-1.region-a.geo-1.compute.hpcloudsvc.com/37936628937291/flavors/104}]}, metadata={}, addresses={private=[{addr=10.4.86.197, version=4}, {addr=15.185.98.217, version=4}]}, adminPass=null}
blocking on status active
{id=110189, name=test, links=[{relation=SELF, type=null, href=https://az-1.region-a.geo-1.compute.hpcloudsvc.com/v1.1/37936628937291/servers/110189}, {relation=BOOKMARK, type=null, href=https://az-1.region-a.geo-1.compute.hpcloudsvc.com/37936628937291/servers/110189}], uuid=37925f4f-f7a3-4b22-a46a-f51834238ead, tenantId=37936628937291, userId=54297837463082, hostId=3c71d43ae777961171f03297df4895324e37f47752f83492cf0547a5, updated=Tue Apr 24 02:21:32 PDT 2012, created=Tue Apr 24 02:21:26 PDT 2012, accessIPv4=null, accessIPv6=null, status=BUILD, configDrive=null, image={id=1232, name=null, links=[{relation=BOOKMARK, type=null, href=https://az-1.region-a.geo-1.compute.hpcloudsvc.com/37936628937291/images/1232}]}, flavor={id=104, name=null, links=[{relation=BOOKMARK, type=null, href=https://az-1.region-a.geo-1.compute.hpcloudsvc.com/37936628937291/flavors/104}]}, metadata={}, addresses={private=[{addr=10.4.86.197, version=4}, {addr=15.185.98.217, version=4}]}, adminPass=null}
[TestNG] Test testAddAndRemoveFloatingIp(org.jclouds.hpcloud.compute.features.HPCloudComputeFloatingIPClientLiveTest) failed.
Test suite progress: tests succeeded: 101, failed: 7, skipped: 8.
Starting test testAllocateAndDeallocateFloatingIPs(org.jclouds.hpcloud.compute.features.HPCloudComputeFloatingIPClientLiveTest)
[TestNG] Test testAllocateAndDeallocateFloatingIPs(org.jclouds.hpcloud.compute.features.HPCloudComputeFloatingIPClientLiveTest) failed.
Test suite progress: tests succeeded: 101, failed: 8, skipped: 8.
Starting test testListFloatingIPs(org.jclouds.hpcloud.compute.features.HPCloudComputeFloatingIPClientLiveTest)
[TestNG] Test testListFloatingIPs(org.jclouds.hpcloud.compute.features.HPCloudComputeFloatingIPClientLiveTest) failed.
Test suite progress: tests succeeded: 101, failed: 9, skipped: 8.
Starting test testListImages(org.jclouds.hpcloud.compute.features.HPCloudComputeImageClientLiveTest)
[TestNG] Test testListImages(org.jclouds.hpcloud.compute.features.HPCloudComputeImageClientLiveTest) failed.
Test suite progress: tests succeeded: 101, failed: 10, skipped: 8.
Starting test testListImagesInDetail(org.jclouds.hpcloud.compute.features.HPCloudComputeImageClientLiveTest)
[TestNG] Test testListImagesInDetail(org.jclouds.hpcloud.compute.features.HPCloudComputeImageClientLiveTest) failed.
Test suite progress: tests succeeded: 101, failed: 11, skipped: 8.
Starting test testCreateAndDeleteKeyPair(org.jclouds.hpcloud.compute.features.HPCloudComputeKeyPairClientLiveTest)
[TestNG] Test testCreateAndDeleteKeyPair(org.jclouds.hpcloud.compute.features.HPCloudComputeKeyPairClientLiveTest) succeeded: 13240ms
Test suite progress: tests succeeded: 102, failed: 11, skipped: 8.
Starting test testCreateAndDeleteKeyPairWithPublicKey(org.jclouds.hpcloud.compute.features.HPCloudComputeKeyPairClientLiveTest)
[TestNG] Test testCreateAndDeleteKeyPairWithPublicKey(org.jclouds.hpcloud.compute.features.HPCloudComputeKeyPairClientLiveTest) succeeded: 6514ms
Test suite progress: tests succeeded: 103, failed: 11, skipped: 8.
Starting test testListKeyPairs(org.jclouds.hpcloud.compute.features.HPCloudComputeKeyPairClientLiveTest)
[TestNG] Test testListKeyPairs(org.jclouds.hpcloud.compute.features.HPCloudComputeKeyPairClientLiveTest) succeeded: 2684ms
Test suite progress: tests succeeded: 104, failed: 11, skipped: 8.
Starting test createAndDeleteSecurityGroupRule(org.jclouds.hpcloud.compute.features.HPCloudComputeSecurityGroupClientLiveTest)
[TestNG] Test createAndDeleteSecurityGroupRule(org.jclouds.hpcloud.compute.features.HPCloudComputeSecurityGroupClientLiveTest) succeeded: 17642ms
Test suite progress: tests succeeded: 105, failed: 11, skipped: 8.
Starting test createGetAndDeleteSecurityGroup(org.jclouds.hpcloud.compute.features.HPCloudComputeSecurityGroupClientLiveTest)
[TestNG] Test createGetAndDeleteSecurityGroup(org.jclouds.hpcloud.compute.features.HPCloudComputeSecurityGroupClientLiveTest) succeeded: 13975ms
Test suite progress: tests succeeded: 106, failed: 11, skipped: 8.
Starting test listSecurityGroups(org.jclouds.hpcloud.compute.features.HPCloudComputeSecurityGroupClientLiveTest)
[TestNG] Test listSecurityGroups(org.jclouds.hpcloud.compute.features.HPCloudComputeSecurityGroupClientLiveTest) succeeded: 3532ms
Test suite progress: tests succeeded: 107, failed: 11, skipped: 8.
Starting test testListServersInDetail(org.jclouds.hpcloud.compute.features.HPCloudComputeServerClientLiveTest)
[TestNG] Test testListServersInDetail(org.jclouds.hpcloud.compute.features.HPCloudComputeServerClientLiveTest) succeeded: 1233ms
Test suite progress: tests succeeded: 108, failed: 11, skipped: 8.
Tests run: 127, Failures: 11, Errors: 0, Skipped: 8, Time elapsed: 1,418.191 sec <<< FAILURE!

Results :

Failed tests:   testCorrectAuthException(org.jclouds.hpcloud.compute.compute.HPCloudComputeComputeServiceLiveTest): (..)
  testAScriptExecutionAfterBootWithBasicTemplate(org.jclouds.hpcloud.compute.compute.HPCloudComputeComputeServiceLiveTest): error runScript on filtered nodes options({loginUser=ubuntu, loginPasswordPresent=true, loginPrivateKeyPresent=true, authenticateSudo=null, port:seconds=-1:-1, taskName=null, runAsRoot=false, blockOnComplete=true, wrapInInitScript=false})(..)
  testCreateTwoNodesWithRunScript(org.jclouds.hpcloud.compute.compute.HPCloudComputeComputeServiceLiveTest): error running 2 nodes group(hpcloud-compute) location(az-2.region-a.geo-1) image(6645) size(100) options({loginUser=null, loginPasswordPresent=false, loginPrivateKeyPresent=false, authenticateSudo=null, port:seconds=-1:-1, taskName=null, runAsRoot=true, blockOnComplete=true, wrapInInitScript=true, inboundPorts=[22], scriptPresent=true, publicKeyPresent=false, privateKeyPresent=false, tags=[], blockUntilRunning=true, tags=[], userMetadata={}, autoAssignFloatingIp=true, securityGroupNames=[], generateKeyPair=true, keyPairName=null})(..)
  testTemplateBuilderWithLoginUserSpecified(org.jclouds.hpcloud.compute.compute.HPCloudComputeTemplateBuilderLiveTest): command: GET https://az-2.region-a.geo-1.compute.hpcloudsvc.com/v1.1/37936628937291/flavors/detail HTTP/1.1 failed with response: HTTP/1.1 503 Service Unavailable; content: [<fault>(..)
  testTemplateBuilder(org.jclouds.hpcloud.compute.compute.HPCloudComputeTemplateBuilderLiveTest): expected:<Ubuntu Oneiric 11.10 Server 64-bit 20111212> but was:<Ubuntu Oneiric 11.10 Server 64-bit 20120311>
  testListFlavorsInDetail(org.jclouds.hpcloud.compute.features.HPCloudComputeFlavorClientLiveTest): command: GET https://az-2.region-a.geo-1.compute.hpcloudsvc.com/v1.1/37936628937291/flavors/100 HTTP/1.1 failed with response: HTTP/1.1 500 Internal Server Error; content: [<fault>(..)
  testAddAndRemoveFloatingIp(org.jclouds.hpcloud.compute.features.HPCloudComputeFloatingIPClientLiveTest): command: POST https://az-1.region-a.geo-1.compute.hpcloudsvc.com/v1.1/37936628937291/os-floating-ips HTTP/1.1 failed with response: HTTP/1.1 503 Service Unavailable; content: [<fault>(..)
  testAllocateAndDeallocateFloatingIPs(org.jclouds.hpcloud.compute.features.HPCloudComputeFloatingIPClientLiveTest): {"badRequest": {"message": "AddressLimitExceeded: Address quota exceeded. You cannot allocate any more addresses", "code": 400}}
  testListFloatingIPs(org.jclouds.hpcloud.compute.features.HPCloudComputeFloatingIPClientLiveTest): command: GET https://az-2.region-a.geo-1.compute.hpcloudsvc.com/v1.1/37936628937291/os-floating-ips/5865 HTTP/1.1 failed with response: HTTP/1.1 500 Internal Server Error; content: [<fault>(..)
  testListImages(org.jclouds.hpcloud.compute.features.HPCloudComputeImageClientLiveTest): command: GET https://az-1.region-a.geo-1.compute.hpcloudsvc.com/v1.1/37936628937291/images/1234 HTTP/1.1 failed with response: HTTP/1.1 503 Service Unavailable; content: [<fault>(..)
  testListImagesInDetail(org.jclouds.hpcloud.compute.features.HPCloudComputeImageClientLiveTest): command: GET https://az-1.region-a.geo-1.compute.hpcloudsvc.com/v1.1/37936628937291/images/detail HTTP/1.1 failed with response: HTTP/1.1 503 Service Unavailable; content: [<fault>(..)

Tests run: 127, Failures: 11, Errors: 0, Skipped: 8

[INFO] ------------------------------------------------------------------------
[INFO] BUILD FAILURE
[INFO] ------------------------------------------------------------------------
[INFO] Total time: 23:53.501s
[INFO] Finished at: Tue Apr 24 02:25:03 PDT 2012
[INFO] Final Memory: 22M/265M
[INFO] ------------------------------------------------------------------------
[ERROR] Failed to execute goal org.apache.maven.plugins:maven-surefire-plugin:2.12:test (integration) on project hpcloud-compute: There are test failures.
[ERROR] 
[ERROR] Please refer to /Users/adriancole/workspace/git/jclouds/providers/hpcloud-compute/target/surefire-reports for the individual test results.
[ERROR] -> [Help 1]
[ERROR] 
[ERROR] To see the full stack trace of the errors, re-run Maven with the -e switch.
[ERROR] Re-run Maven using the -X switch to enable full debug logging.
[ERROR] 
[ERROR] For more information about the errors and possible solutions, please read the following articles:
[ERROR] [Help 1] http://cwiki.apache.org/confluence/display/MAVEN/MojoFailureException
