[INFO] Scanning for projects...
[WARNING] 
[WARNING] Some problems were encountered while building the effective model for org.jclouds.provider:ninefold-compute:bundle:1.5.0-SNAPSHOT
[WARNING] 'parent.relativePath' of POM org.jclouds:jclouds-project:1.5.0-SNAPSHOT (/Users/adriancole/git/jclouds/project/pom.xml) points at org.jclouds:jclouds-multi instead of org.sonatype.oss:oss-parent, please verify your project structure @ org.jclouds:jclouds-project:1.5.0-SNAPSHOT, /Users/adriancole/git/jclouds/project/pom.xml, line 24, column 13
[WARNING] 
[WARNING] It is highly recommended to fix these problems because they threaten the stability of your build.
[WARNING] 
[WARNING] For this reason, future Maven versions might no longer support building such malformed projects.
[WARNING] 
[INFO]                                                                         
[INFO] ------------------------------------------------------------------------
[INFO] Building jclouds Ninefold Compute provider 1.5.0-SNAPSHOT
[INFO] ------------------------------------------------------------------------
[INFO] 
[INFO] --- maven-clean-plugin:2.4.1:clean (default-clean) @ ninefold-compute ---
[INFO] Deleting /Users/adriancole/git/jclouds/providers/ninefold-compute/target
[INFO] 
[INFO] --- maven-enforcer-plugin:1.1:enforce (enforce-maven) @ ninefold-compute ---
[INFO] 
[INFO] --- maven-enforcer-plugin:1.1:enforce (enforce-banned-dependencies) @ ninefold-compute ---
[INFO] 
[INFO] --- maven-enforcer-plugin:1.1:enforce (enforce-java) @ ninefold-compute ---
[INFO] 
[INFO] --- maven-remote-resources-plugin:1.3:process (process-remote-resources) @ ninefold-compute ---
[INFO] 
[INFO] --- maven-resources-plugin:2.5:resources (default-resources) @ ninefold-compute ---
[debug] execute contextualize
[INFO] Using 'UTF-8' encoding to copy filtered resources.
[INFO] skip non existing resourceDirectory /Users/adriancole/git/jclouds/providers/ninefold-compute/src/main/clojure
[INFO] Copying 1 resource
[INFO] Copying 2 resources
[INFO] 
[INFO] --- maven-compiler-plugin:2.5:compile (default-compile) @ ninefold-compute ---
[INFO] Compiling 1 source file to /Users/adriancole/git/jclouds/providers/ninefold-compute/target/classes
[INFO] 
[INFO] --- maven-resources-plugin:2.5:testResources (default-testResources) @ ninefold-compute ---
[debug] execute contextualize
[INFO] Using 'UTF-8' encoding to copy filtered resources.
[INFO] skip non existing resourceDirectory /Users/adriancole/git/jclouds/providers/ninefold-compute/src/test/clojure
[INFO] skip non existing resourceDirectory /Users/adriancole/git/jclouds/providers/ninefold-compute/src/test/resources
[INFO] Copying 2 resources
[INFO] 
[INFO] --- maven-compiler-plugin:2.5:testCompile (default-testCompile) @ ninefold-compute ---
[INFO] Compiling 3 source files to /Users/adriancole/git/jclouds/providers/ninefold-compute/target/test-classes
[INFO] 
[INFO] --- maven-surefire-plugin:2.12:test (default-test) @ ninefold-compute ---
[INFO] Surefire report directory: /Users/adriancole/git/jclouds/providers/ninefold-compute/target/surefire-reports

-------------------------------------------------------
 T E S T S
-------------------------------------------------------
Running org.jclouds.ninefold.compute.NinefoldComputeProviderTest
Configuring TestNG with: org.apache.maven.surefire.testng.conf.TestNGMapConfigurator@1cc7b00c
Starting test testWithId(org.jclouds.ninefold.compute.NinefoldComputeProviderTest)
Starting test testOfApiContains(org.jclouds.ninefold.compute.NinefoldComputeProviderTest)
Starting test testTransformableToContains(org.jclouds.ninefold.compute.NinefoldComputeProviderTest)
Starting test testAllContains(org.jclouds.ninefold.compute.NinefoldComputeProviderTest)
[pool-2-thread-1] Test testAllContains(org.jclouds.ninefold.compute.NinefoldComputeProviderTest) succeeded: 11ms
Test suite progress: tests succeeded: 1, failed: 0, skipped: 0.
[pool-2-thread-2] Test testOfApiContains(org.jclouds.ninefold.compute.NinefoldComputeProviderTest) succeeded: 12ms
Test suite progress: tests succeeded: 2, failed: 0, skipped: 0.
[pool-2-thread-3] Test testTransformableToContains(org.jclouds.ninefold.compute.NinefoldComputeProviderTest) succeeded: 13ms
Test suite progress: tests succeeded: 3, failed: 0, skipped: 0.
[pool-2-thread-4] Test testWithId(org.jclouds.ninefold.compute.NinefoldComputeProviderTest) succeeded: 14ms
Test suite progress: tests succeeded: 4, failed: 0, skipped: 0.
Tests run: 4, Failures: 0, Errors: 0, Skipped: 0, Time elapsed: 1.857 sec

Results :

Tests run: 4, Failures: 0, Errors: 0, Skipped: 0

[INFO] 
[INFO] --- maven-bundle-plugin:2.3.7:bundle (default-bundle) @ ninefold-compute ---
[INFO] 
[INFO] --- maven-jar-plugin:2.4:test-jar (default) @ ninefold-compute ---
[INFO] Building jar: /Users/adriancole/git/jclouds/providers/ninefold-compute/target/ninefold-compute-1.5.0-SNAPSHOT-tests.jar
[INFO] 
[INFO] --- maven-surefire-plugin:2.12:test (integration) @ ninefold-compute ---
[INFO] Surefire report directory: /Users/adriancole/git/jclouds/providers/ninefold-compute/target/surefire-reports

-------------------------------------------------------
 T E S T S
-------------------------------------------------------
Running TestSuite
Configuring TestNG with: org.apache.maven.surefire.testng.conf.TestNGMapConfigurator@3d66aa18
Starting test setServiceDefaults(org.jclouds.ninefold.compute.compute.NinefoldComputeServiceLiveTest)
[TestNG] Test setServiceDefaults(org.jclouds.ninefold.compute.compute.NinefoldComputeServiceLiveTest) succeeded: 1ms
Test suite progress: tests succeeded: 1, failed: 0, skipped: 0.
Starting test testCompareSizes(org.jclouds.ninefold.compute.compute.NinefoldComputeServiceLiveTest)
Sep 9, 2012 9:45:42 PM org.jclouds.compute.internal.BaseComputeServiceLiveTest testCompareSizes
INFO: smallest {id=105, providerId=105, name=Compute Micro PRD, processors=[{cores=1.0, speed=1200.0}], ram=384, supportsImage=ALWAYS_TRUE}
Sep 9, 2012 9:45:42 PM org.jclouds.compute.internal.BaseComputeServiceLiveTest testCompareSizes
INFO: fastest {id=70, providerId=70, name=Compute XLarge PRD, processors=[{cores=8.0, speed=1200.0}], ram=13928, supportsImage=ALWAYS_TRUE}
Sep 9, 2012 9:45:42 PM org.jclouds.compute.internal.BaseComputeServiceLiveTest testCompareSizes
INFO: biggest {id=70, providerId=70, name=Compute XLarge PRD, processors=[{cores=8.0, speed=1200.0}], ram=13928, supportsImage=ALWAYS_TRUE}
[TestNG] Test testCompareSizes(org.jclouds.ninefold.compute.compute.NinefoldComputeServiceLiveTest) succeeded: 10366ms
Test suite progress: tests succeeded: 2, failed: 0, skipped: 0.
Starting test testCorrectExceptionRunningNodesNotFound(org.jclouds.ninefold.compute.compute.NinefoldComputeServiceLiveTest)
[TestNG] Test testCorrectExceptionRunningNodesNotFound(org.jclouds.ninefold.compute.compute.NinefoldComputeServiceLiveTest) succeeded: 15849ms
Test suite progress: tests succeeded: 3, failed: 0, skipped: 0.
Starting test testGetAssignableLocations(org.jclouds.ninefold.compute.compute.NinefoldComputeServiceLiveTest)
Sep 9, 2012 9:45:58 PM org.jclouds.compute.internal.BaseComputeServiceLiveTest testGetAssignableLocations
WARNING: location {scope=ZONE, id=1, description=Sydney Zone 1, parent=ninefold-compute}
Sep 9, 2012 9:45:58 PM org.jclouds.compute.internal.BaseComputeServiceLiveTest testGetAssignableLocations
WARNING: location {scope=ZONE, id=2, description=Sydney Zone 2, parent=ninefold-compute}
[TestNG] Test testGetAssignableLocations(org.jclouds.ninefold.compute.compute.NinefoldComputeServiceLiveTest) succeeded: 1ms
Test suite progress: tests succeeded: 4, failed: 0, skipped: 0.
Starting test testImageById(org.jclouds.ninefold.compute.compute.NinefoldComputeServiceLiveTest)
[TestNG] Test testImageById(org.jclouds.ninefold.compute.compute.NinefoldComputeServiceLiveTest) succeeded: 1009ms
Test suite progress: tests succeeded: 5, failed: 0, skipped: 0.
Starting test testImagesCache(org.jclouds.ninefold.compute.compute.NinefoldComputeServiceLiveTest)
[TestNG] Test testImagesCache(org.jclouds.ninefold.compute.compute.NinefoldComputeServiceLiveTest) succeeded: 0ms
Test suite progress: tests succeeded: 6, failed: 0, skipped: 0.
Starting test testListImages(org.jclouds.ninefold.compute.compute.NinefoldComputeServiceLiveTest)
[TestNG] Test testListImages(org.jclouds.ninefold.compute.compute.NinefoldComputeServiceLiveTest) succeeded: 1ms
Test suite progress: tests succeeded: 7, failed: 0, skipped: 0.
Starting test testListSizes(org.jclouds.ninefold.compute.compute.NinefoldComputeServiceLiveTest)
[TestNG] Test testListSizes(org.jclouds.ninefold.compute.compute.NinefoldComputeServiceLiveTest) succeeded: 0ms
Test suite progress: tests succeeded: 8, failed: 0, skipped: 0.
Starting test testOptionToNotBlock(org.jclouds.ninefold.compute.compute.NinefoldComputeServiceLiveTest)
[TestNG] Test testOptionToNotBlock(org.jclouds.ninefold.compute.compute.NinefoldComputeServiceLiveTest) succeeded: 0ms
Test suite progress: tests succeeded: 9, failed: 0, skipped: 0.
Starting test testCreateAndRunAService(org.jclouds.ninefold.compute.compute.NinefoldComputeServiceLiveTest)
[TestNG] Test testCreateAndRunAService(org.jclouds.ninefold.compute.compute.NinefoldComputeServiceLiveTest) failed.
Test suite progress: tests succeeded: 9, failed: 1, skipped: 0.
Starting test testCorrectAuthException(org.jclouds.ninefold.compute.compute.NinefoldComputeServiceLiveTest)
[TestNG] Test testCorrectAuthException(org.jclouds.ninefold.compute.compute.NinefoldComputeServiceLiveTest) succeeded: 11508ms
Test suite progress: tests succeeded: 10, failed: 1, skipped: 0.
Starting test testAScriptExecutionAfterBootWithBasicTemplate(org.jclouds.ninefold.compute.compute.NinefoldComputeServiceLiveTest)
[TestNG] Test testAScriptExecutionAfterBootWithBasicTemplate(org.jclouds.ninefold.compute.compute.NinefoldComputeServiceLiveTest) failed.
Test suite progress: tests succeeded: 10, failed: 2, skipped: 0.
Starting test testConcurrentUseOfComputeServiceToCreateNodes(org.jclouds.ninefold.compute.compute.NinefoldComputeServiceLiveTest)
[TestNG] Test testConcurrentUseOfComputeServiceToCreateNodes(org.jclouds.ninefold.compute.compute.NinefoldComputeServiceLiveTest) failed.
Test suite progress: tests succeeded: 10, failed: 3, skipped: 0.
Starting test testTemplateMatch(org.jclouds.ninefold.compute.compute.NinefoldComputeServiceLiveTest)
[TestNG] Test testTemplateMatch(org.jclouds.ninefold.compute.compute.NinefoldComputeServiceLiveTest) succeeded: 1171ms
Test suite progress: tests succeeded: 11, failed: 3, skipped: 0.
[TestNG] Test testCreateTwoNodesWithRunScript(org.jclouds.ninefold.compute.compute.NinefoldComputeServiceLiveTest) skipped.
Test suite progress: tests succeeded: 11, failed: 3, skipped: 1.
[TestNG] Test testCreateAnotherNodeWithANewContextToEnsureSharedMemIsntRequired(org.jclouds.ninefold.compute.compute.NinefoldComputeServiceLiveTest) skipped.
Test suite progress: tests succeeded: 11, failed: 3, skipped: 2.
[TestNG] Test testCredentialsCache(org.jclouds.ninefold.compute.compute.NinefoldComputeServiceLiveTest) skipped.
Test suite progress: tests succeeded: 11, failed: 3, skipped: 3.
[TestNG] Test testGet(org.jclouds.ninefold.compute.compute.NinefoldComputeServiceLiveTest) skipped.
Test suite progress: tests succeeded: 11, failed: 3, skipped: 4.
[TestNG] Test testReboot(org.jclouds.ninefold.compute.compute.NinefoldComputeServiceLiveTest) skipped.
Test suite progress: tests succeeded: 11, failed: 3, skipped: 5.
[TestNG] Test testSuspendResume(org.jclouds.ninefold.compute.compute.NinefoldComputeServiceLiveTest) skipped.
Test suite progress: tests succeeded: 11, failed: 3, skipped: 6.
[TestNG] Test testGetNodesWithDetails(org.jclouds.ninefold.compute.compute.NinefoldComputeServiceLiveTest) skipped.
Test suite progress: tests succeeded: 11, failed: 3, skipped: 7.
[TestNG] Test testListNodes(org.jclouds.ninefold.compute.compute.NinefoldComputeServiceLiveTest) skipped.
Test suite progress: tests succeeded: 11, failed: 3, skipped: 8.
[TestNG] Test testDestroyNodes(org.jclouds.ninefold.compute.compute.NinefoldComputeServiceLiveTest) skipped.
Test suite progress: tests succeeded: 11, failed: 3, skipped: 9.
Exception in thread "user thread 6" java.lang.IllegalStateException: interrupted calling get() on [AddNode{name=twin0-9a9, group=twin0, template={image={id=2188, providerId=2188, name=Ubuntu 10.04.4 x64 Micro [80GB], location={scope=ZONE, id=1, description=Sydney Zone 1, parent=ninefold-compute}, os={family=ubuntu, name=Ubuntu, version=10.04, description=Ubuntu 10.04 (64-bit), is64Bit=true}, description=Ubuntu 10.04.4 x64 Micro [80GB], status=AVAILABLE, loginUser=root}, hardware={id=105, providerId=105, name=Compute Micro PRD, processors=[{cores=1.0, speed=1200.0}], ram=384, supportsImage=ALWAYS_TRUE}, location={scope=ZONE, id=1, description=Sydney Zone 1, parent=ninefold-compute}, options={blockOnPort:seconds=22:300, inboundPorts=[22, 8080]}}}], so could not run listeners
	at org.jclouds.concurrent.Futures$CallGetAndRunExecutionList.run(Futures.java:66)
	at java.util.concurrent.ThreadPoolExecutor$Worker.runTask(ThreadPoolExecutor.java:886)
	at java.util.concurrent.ThreadPoolExecutor$Worker.run(ThreadPoolExecutor.java:908)
	at java.lang.Thread.run(Thread.java:680)
Caused by: java.lang.InterruptedException
	at java.util.concurrent.locks.AbstractQueuedSynchronizer.doAcquireSharedInterruptibly(AbstractQueuedSynchronizer.java:979)
	at java.util.concurrent.locks.AbstractQueuedSynchronizer.acquireSharedInterruptibly(AbstractQueuedSynchronizer.java:1281)
	at java.util.concurrent.FutureTask$Sync.innerGet(FutureTask.java:218)
	at java.util.concurrent.FutureTask.get(FutureTask.java:83)
	at org.jclouds.concurrent.config.DescribedFuture.get(DescribedFuture.java:45)
	at org.jclouds.concurrent.Futures$CallGetAndRunExecutionList.run(Futures.java:59)
	... 3 more
Caused by: java.util.concurrent.ExecutionException: task submitted from the following trace
	at org.jclouds.concurrent.config.DescribedFuture.ensureCauseHasSubmissionTrace(DescribedFuture.java:78)
	at org.jclouds.concurrent.config.DescribedFuture.get(DescribedFuture.java:49)
	... 4 more
Starting test testCompareSizes(org.jclouds.ninefold.compute.compute.NinefoldComputeTemplateBuilderLiveTest)
smallest {id=105, providerId=105, name=Compute Micro PRD, processors=[{cores=1.0, speed=1200.0}], ram=384, supportsImage=ALWAYS_TRUE}
fastest {id=70, providerId=70, name=Compute XLarge PRD, processors=[{cores=8.0, speed=1200.0}], ram=13928, supportsImage=ALWAYS_TRUE}
biggest {id=70, providerId=70, name=Compute XLarge PRD, processors=[{cores=8.0, speed=1200.0}], ram=13928, supportsImage=ALWAYS_TRUE}
[TestNG] Test testCompareSizes(org.jclouds.ninefold.compute.compute.NinefoldComputeTemplateBuilderLiveTest) succeeded: 7593ms
Test suite progress: tests succeeded: 12, failed: 3, skipped: 9.
Starting test testFromTemplate(org.jclouds.ninefold.compute.compute.NinefoldComputeTemplateBuilderLiveTest)
[TestNG] Test testFromTemplate(org.jclouds.ninefold.compute.compute.NinefoldComputeTemplateBuilderLiveTest) failed.
Test suite progress: tests succeeded: 12, failed: 4, skipped: 9.
Starting test testGetAssignableLocations(org.jclouds.ninefold.compute.compute.NinefoldComputeTemplateBuilderLiveTest)
location {scope=ZONE, id=1, description=Sydney Zone 1, parent=ninefold-compute}
location {scope=ZONE, id=2, description=Sydney Zone 2, parent=ninefold-compute}
[TestNG] Test testGetAssignableLocations(org.jclouds.ninefold.compute.compute.NinefoldComputeTemplateBuilderLiveTest) succeeded: 1ms
Test suite progress: tests succeeded: 13, failed: 4, skipped: 9.
Starting test testTemplateBuilderCanFind(org.jclouds.ninefold.compute.compute.NinefoldComputeTemplateBuilderLiveTest)
[TestNG] Test testTemplateBuilderCanFind(org.jclouds.ninefold.compute.compute.NinefoldComputeTemplateBuilderLiveTest) succeeded: 3ms
Test suite progress: tests succeeded: 14, failed: 4, skipped: 9.
Starting test testTemplateBuilderCanFind(org.jclouds.ninefold.compute.compute.NinefoldComputeTemplateBuilderLiveTest)
[TestNG] Test testTemplateBuilderCanFind(org.jclouds.ninefold.compute.compute.NinefoldComputeTemplateBuilderLiveTest) succeeded: 4ms
Test suite progress: tests succeeded: 15, failed: 4, skipped: 9.
Starting test testTemplateBuilderCanFind(org.jclouds.ninefold.compute.compute.NinefoldComputeTemplateBuilderLiveTest)
[TestNG] Test testTemplateBuilderCanFind(org.jclouds.ninefold.compute.compute.NinefoldComputeTemplateBuilderLiveTest) succeeded: 3ms
Test suite progress: tests succeeded: 16, failed: 4, skipped: 9.
Starting test testTemplateBuilderCanFind(org.jclouds.ninefold.compute.compute.NinefoldComputeTemplateBuilderLiveTest)
[TestNG] Test testTemplateBuilderCanFind(org.jclouds.ninefold.compute.compute.NinefoldComputeTemplateBuilderLiveTest) succeeded: 5ms
Test suite progress: tests succeeded: 17, failed: 4, skipped: 9.
Starting test testTemplateBuilderCanFind(org.jclouds.ninefold.compute.compute.NinefoldComputeTemplateBuilderLiveTest)
[TestNG] Test testTemplateBuilderCanFind(org.jclouds.ninefold.compute.compute.NinefoldComputeTemplateBuilderLiveTest) succeeded: 3ms
Test suite progress: tests succeeded: 18, failed: 4, skipped: 9.
Starting test testTemplateBuilderCanFind(org.jclouds.ninefold.compute.compute.NinefoldComputeTemplateBuilderLiveTest)
[TestNG] Test testTemplateBuilderCanFind(org.jclouds.ninefold.compute.compute.NinefoldComputeTemplateBuilderLiveTest) succeeded: 2ms
Test suite progress: tests succeeded: 19, failed: 4, skipped: 9.
Starting test testTemplateBuilderCanFind(org.jclouds.ninefold.compute.compute.NinefoldComputeTemplateBuilderLiveTest)
[TestNG] Test testTemplateBuilderCanFind(org.jclouds.ninefold.compute.compute.NinefoldComputeTemplateBuilderLiveTest) succeeded: 4ms
Test suite progress: tests succeeded: 20, failed: 4, skipped: 9.
Starting test testTemplateBuilderCanFind(org.jclouds.ninefold.compute.compute.NinefoldComputeTemplateBuilderLiveTest)
[TestNG] Test testTemplateBuilderCanFind(org.jclouds.ninefold.compute.compute.NinefoldComputeTemplateBuilderLiveTest) succeeded: 4ms
Test suite progress: tests succeeded: 21, failed: 4, skipped: 9.
Starting test testTemplateBuilderCanFind(org.jclouds.ninefold.compute.compute.NinefoldComputeTemplateBuilderLiveTest)
[TestNG] Test testTemplateBuilderCanFind(org.jclouds.ninefold.compute.compute.NinefoldComputeTemplateBuilderLiveTest) succeeded: 4ms
Test suite progress: tests succeeded: 22, failed: 4, skipped: 9.
Starting test testTemplateBuilderCanFind(org.jclouds.ninefold.compute.compute.NinefoldComputeTemplateBuilderLiveTest)
[TestNG] Test testTemplateBuilderCanFind(org.jclouds.ninefold.compute.compute.NinefoldComputeTemplateBuilderLiveTest) succeeded: 7ms
Test suite progress: tests succeeded: 23, failed: 4, skipped: 9.
Starting test testTemplateBuilderCanFind(org.jclouds.ninefold.compute.compute.NinefoldComputeTemplateBuilderLiveTest)
[TestNG] Test testTemplateBuilderCanFind(org.jclouds.ninefold.compute.compute.NinefoldComputeTemplateBuilderLiveTest) succeeded: 46ms
Test suite progress: tests succeeded: 24, failed: 4, skipped: 9.
Starting test testTemplateBuilderCanFind(org.jclouds.ninefold.compute.compute.NinefoldComputeTemplateBuilderLiveTest)
[TestNG] Test testTemplateBuilderCanFind(org.jclouds.ninefold.compute.compute.NinefoldComputeTemplateBuilderLiveTest) succeeded: 3ms
Test suite progress: tests succeeded: 25, failed: 4, skipped: 9.
Starting test testTemplateBuilderCanFind(org.jclouds.ninefold.compute.compute.NinefoldComputeTemplateBuilderLiveTest)
[TestNG] Test testTemplateBuilderCanFind(org.jclouds.ninefold.compute.compute.NinefoldComputeTemplateBuilderLiveTest) succeeded: 3ms
Test suite progress: tests succeeded: 26, failed: 4, skipped: 9.
Starting test testTemplateBuilderCanUseImageId(org.jclouds.ninefold.compute.compute.NinefoldComputeTemplateBuilderLiveTest)
[TestNG] Test testTemplateBuilderCanUseImageId(org.jclouds.ninefold.compute.compute.NinefoldComputeTemplateBuilderLiveTest) succeeded: 7412ms
Test suite progress: tests succeeded: 27, failed: 4, skipped: 9.
Starting test testTemplateBuilderCannotFind(org.jclouds.ninefold.compute.compute.NinefoldComputeTemplateBuilderLiveTest)
[TestNG] Test testTemplateBuilderCannotFind(org.jclouds.ninefold.compute.compute.NinefoldComputeTemplateBuilderLiveTest) succeeded: 1ms
Test suite progress: tests succeeded: 28, failed: 4, skipped: 9.
Starting test testTemplateBuilderCannotFind(org.jclouds.ninefold.compute.compute.NinefoldComputeTemplateBuilderLiveTest)
[TestNG] Test testTemplateBuilderCannotFind(org.jclouds.ninefold.compute.compute.NinefoldComputeTemplateBuilderLiveTest) succeeded: 1ms
Test suite progress: tests succeeded: 29, failed: 4, skipped: 9.
Starting test testTemplateBuilderCannotFind(org.jclouds.ninefold.compute.compute.NinefoldComputeTemplateBuilderLiveTest)
[TestNG] Test testTemplateBuilderCannotFind(org.jclouds.ninefold.compute.compute.NinefoldComputeTemplateBuilderLiveTest) succeeded: 1ms
Test suite progress: tests succeeded: 30, failed: 4, skipped: 9.
Starting test testTemplateBuilderCannotFind(org.jclouds.ninefold.compute.compute.NinefoldComputeTemplateBuilderLiveTest)
[TestNG] Test testTemplateBuilderCannotFind(org.jclouds.ninefold.compute.compute.NinefoldComputeTemplateBuilderLiveTest) succeeded: 1ms
Test suite progress: tests succeeded: 31, failed: 4, skipped: 9.
Starting test testTemplateBuilderCannotFind(org.jclouds.ninefold.compute.compute.NinefoldComputeTemplateBuilderLiveTest)
[TestNG] Test testTemplateBuilderCannotFind(org.jclouds.ninefold.compute.compute.NinefoldComputeTemplateBuilderLiveTest) succeeded: 1ms
Test suite progress: tests succeeded: 32, failed: 4, skipped: 9.
Starting test testTemplateBuilderCannotFind(org.jclouds.ninefold.compute.compute.NinefoldComputeTemplateBuilderLiveTest)
[TestNG] Test testTemplateBuilderCannotFind(org.jclouds.ninefold.compute.compute.NinefoldComputeTemplateBuilderLiveTest) succeeded: 1ms
Test suite progress: tests succeeded: 33, failed: 4, skipped: 9.
Starting test testTemplateBuilderCannotFind(org.jclouds.ninefold.compute.compute.NinefoldComputeTemplateBuilderLiveTest)
[TestNG] Test testTemplateBuilderCannotFind(org.jclouds.ninefold.compute.compute.NinefoldComputeTemplateBuilderLiveTest) succeeded: 1ms
Test suite progress: tests succeeded: 34, failed: 4, skipped: 9.
Starting test testTemplateBuilderCannotFind(org.jclouds.ninefold.compute.compute.NinefoldComputeTemplateBuilderLiveTest)
[TestNG] Test testTemplateBuilderCannotFind(org.jclouds.ninefold.compute.compute.NinefoldComputeTemplateBuilderLiveTest) succeeded: 1ms
Test suite progress: tests succeeded: 35, failed: 4, skipped: 9.
Starting test testTemplateBuilderCannotFind(org.jclouds.ninefold.compute.compute.NinefoldComputeTemplateBuilderLiveTest)
[TestNG] Test testTemplateBuilderCannotFind(org.jclouds.ninefold.compute.compute.NinefoldComputeTemplateBuilderLiveTest) succeeded: 1ms
Test suite progress: tests succeeded: 36, failed: 4, skipped: 9.
Starting test testTemplateBuilderCannotFind(org.jclouds.ninefold.compute.compute.NinefoldComputeTemplateBuilderLiveTest)
[TestNG] Test testTemplateBuilderCannotFind(org.jclouds.ninefold.compute.compute.NinefoldComputeTemplateBuilderLiveTest) succeeded: 1ms
Test suite progress: tests succeeded: 37, failed: 4, skipped: 9.
Starting test testTemplateBuilderCannotFind(org.jclouds.ninefold.compute.compute.NinefoldComputeTemplateBuilderLiveTest)
[TestNG] Test testTemplateBuilderCannotFind(org.jclouds.ninefold.compute.compute.NinefoldComputeTemplateBuilderLiveTest) succeeded: 1ms
Test suite progress: tests succeeded: 38, failed: 4, skipped: 9.
Starting test testTemplateBuilderCannotFind(org.jclouds.ninefold.compute.compute.NinefoldComputeTemplateBuilderLiveTest)
[TestNG] Test testTemplateBuilderCannotFind(org.jclouds.ninefold.compute.compute.NinefoldComputeTemplateBuilderLiveTest) succeeded: 1ms
Test suite progress: tests succeeded: 39, failed: 4, skipped: 9.
Starting test testTemplateBuilderCannotFind(org.jclouds.ninefold.compute.compute.NinefoldComputeTemplateBuilderLiveTest)
[TestNG] Test testTemplateBuilderCannotFind(org.jclouds.ninefold.compute.compute.NinefoldComputeTemplateBuilderLiveTest) succeeded: 1ms
Test suite progress: tests succeeded: 40, failed: 4, skipped: 9.
Starting test testTemplateBuilderCannotFind(org.jclouds.ninefold.compute.compute.NinefoldComputeTemplateBuilderLiveTest)
[TestNG] Test testTemplateBuilderCannotFind(org.jclouds.ninefold.compute.compute.NinefoldComputeTemplateBuilderLiveTest) succeeded: 1ms
Test suite progress: tests succeeded: 41, failed: 4, skipped: 9.
Starting test testTemplateBuilderCannotFind(org.jclouds.ninefold.compute.compute.NinefoldComputeTemplateBuilderLiveTest)
[TestNG] Test testTemplateBuilderCannotFind(org.jclouds.ninefold.compute.compute.NinefoldComputeTemplateBuilderLiveTest) succeeded: 1ms
Test suite progress: tests succeeded: 42, failed: 4, skipped: 9.
Starting test testTemplateBuilderCannotFind(org.jclouds.ninefold.compute.compute.NinefoldComputeTemplateBuilderLiveTest)
[TestNG] Test testTemplateBuilderCannotFind(org.jclouds.ninefold.compute.compute.NinefoldComputeTemplateBuilderLiveTest) succeeded: 1ms
Test suite progress: tests succeeded: 43, failed: 4, skipped: 9.
Starting test testTemplateBuilderCannotFind(org.jclouds.ninefold.compute.compute.NinefoldComputeTemplateBuilderLiveTest)
[TestNG] Test testTemplateBuilderCannotFind(org.jclouds.ninefold.compute.compute.NinefoldComputeTemplateBuilderLiveTest) succeeded: 0ms
Test suite progress: tests succeeded: 44, failed: 4, skipped: 9.
Starting test testTemplateBuilderCannotFind(org.jclouds.ninefold.compute.compute.NinefoldComputeTemplateBuilderLiveTest)
[TestNG] Test testTemplateBuilderCannotFind(org.jclouds.ninefold.compute.compute.NinefoldComputeTemplateBuilderLiveTest) succeeded: 1ms
Test suite progress: tests succeeded: 45, failed: 4, skipped: 9.
Starting test testTemplateBuilderCannotFind(org.jclouds.ninefold.compute.compute.NinefoldComputeTemplateBuilderLiveTest)
[TestNG] Test testTemplateBuilderCannotFind(org.jclouds.ninefold.compute.compute.NinefoldComputeTemplateBuilderLiveTest) succeeded: 1ms
Test suite progress: tests succeeded: 46, failed: 4, skipped: 9.
Starting test testTemplateBuilderCannotFind(org.jclouds.ninefold.compute.compute.NinefoldComputeTemplateBuilderLiveTest)
[TestNG] Test testTemplateBuilderCannotFind(org.jclouds.ninefold.compute.compute.NinefoldComputeTemplateBuilderLiveTest) succeeded: 0ms
Test suite progress: tests succeeded: 47, failed: 4, skipped: 9.
Starting test testTemplateBuilderCannotFind(org.jclouds.ninefold.compute.compute.NinefoldComputeTemplateBuilderLiveTest)
[TestNG] Test testTemplateBuilderCannotFind(org.jclouds.ninefold.compute.compute.NinefoldComputeTemplateBuilderLiveTest) succeeded: 0ms
Test suite progress: tests succeeded: 48, failed: 4, skipped: 9.
Starting test testTemplateBuilderCannotFind(org.jclouds.ninefold.compute.compute.NinefoldComputeTemplateBuilderLiveTest)
[TestNG] Test testTemplateBuilderCannotFind(org.jclouds.ninefold.compute.compute.NinefoldComputeTemplateBuilderLiveTest) succeeded: 1ms
Test suite progress: tests succeeded: 49, failed: 4, skipped: 9.
Starting test testTemplateBuilderCannotFind(org.jclouds.ninefold.compute.compute.NinefoldComputeTemplateBuilderLiveTest)
[TestNG] Test testTemplateBuilderCannotFind(org.jclouds.ninefold.compute.compute.NinefoldComputeTemplateBuilderLiveTest) succeeded: 1ms
Test suite progress: tests succeeded: 50, failed: 4, skipped: 9.
Starting test testTemplateBuilderCannotFind(org.jclouds.ninefold.compute.compute.NinefoldComputeTemplateBuilderLiveTest)
[TestNG] Test testTemplateBuilderCannotFind(org.jclouds.ninefold.compute.compute.NinefoldComputeTemplateBuilderLiveTest) succeeded: 1ms
Test suite progress: tests succeeded: 51, failed: 4, skipped: 9.
Starting test testTemplateBuilderCannotFind(org.jclouds.ninefold.compute.compute.NinefoldComputeTemplateBuilderLiveTest)
[TestNG] Test testTemplateBuilderCannotFind(org.jclouds.ninefold.compute.compute.NinefoldComputeTemplateBuilderLiveTest) succeeded: 1ms
Test suite progress: tests succeeded: 52, failed: 4, skipped: 9.
Starting test testTemplateBuilderCannotFind(org.jclouds.ninefold.compute.compute.NinefoldComputeTemplateBuilderLiveTest)
[TestNG] Test testTemplateBuilderCannotFind(org.jclouds.ninefold.compute.compute.NinefoldComputeTemplateBuilderLiveTest) succeeded: 1ms
Test suite progress: tests succeeded: 53, failed: 4, skipped: 9.
Starting test testTemplateBuilderCannotFind(org.jclouds.ninefold.compute.compute.NinefoldComputeTemplateBuilderLiveTest)
[TestNG] Test testTemplateBuilderCannotFind(org.jclouds.ninefold.compute.compute.NinefoldComputeTemplateBuilderLiveTest) succeeded: 1ms
Test suite progress: tests succeeded: 54, failed: 4, skipped: 9.
Starting test testTemplateBuilderCannotFind(org.jclouds.ninefold.compute.compute.NinefoldComputeTemplateBuilderLiveTest)
[TestNG] Test testTemplateBuilderCannotFind(org.jclouds.ninefold.compute.compute.NinefoldComputeTemplateBuilderLiveTest) succeeded: 0ms
Test suite progress: tests succeeded: 55, failed: 4, skipped: 9.
Starting test testTemplateBuilderCannotFind(org.jclouds.ninefold.compute.compute.NinefoldComputeTemplateBuilderLiveTest)
[TestNG] Test testTemplateBuilderCannotFind(org.jclouds.ninefold.compute.compute.NinefoldComputeTemplateBuilderLiveTest) succeeded: 0ms
Test suite progress: tests succeeded: 56, failed: 4, skipped: 9.
Starting test testTemplateBuilderCannotFind(org.jclouds.ninefold.compute.compute.NinefoldComputeTemplateBuilderLiveTest)
[TestNG] Test testTemplateBuilderCannotFind(org.jclouds.ninefold.compute.compute.NinefoldComputeTemplateBuilderLiveTest) succeeded: 0ms
Test suite progress: tests succeeded: 57, failed: 4, skipped: 9.
Starting test testTemplateBuilderCannotFind(org.jclouds.ninefold.compute.compute.NinefoldComputeTemplateBuilderLiveTest)
[TestNG] Test testTemplateBuilderCannotFind(org.jclouds.ninefold.compute.compute.NinefoldComputeTemplateBuilderLiveTest) succeeded: 0ms
Test suite progress: tests succeeded: 58, failed: 4, skipped: 9.
Starting test testTemplateBuilderCannotFind(org.jclouds.ninefold.compute.compute.NinefoldComputeTemplateBuilderLiveTest)
[TestNG] Test testTemplateBuilderCannotFind(org.jclouds.ninefold.compute.compute.NinefoldComputeTemplateBuilderLiveTest) succeeded: 1ms
Test suite progress: tests succeeded: 59, failed: 4, skipped: 9.
Starting test testTemplateBuilderCannotFind(org.jclouds.ninefold.compute.compute.NinefoldComputeTemplateBuilderLiveTest)
[TestNG] Test testTemplateBuilderCannotFind(org.jclouds.ninefold.compute.compute.NinefoldComputeTemplateBuilderLiveTest) succeeded: 1ms
Test suite progress: tests succeeded: 60, failed: 4, skipped: 9.
Starting test testTemplateBuilderCannotFind(org.jclouds.ninefold.compute.compute.NinefoldComputeTemplateBuilderLiveTest)
[TestNG] Test testTemplateBuilderCannotFind(org.jclouds.ninefold.compute.compute.NinefoldComputeTemplateBuilderLiveTest) succeeded: 1ms
Test suite progress: tests succeeded: 61, failed: 4, skipped: 9.
Starting test testTemplateBuilderCannotFind(org.jclouds.ninefold.compute.compute.NinefoldComputeTemplateBuilderLiveTest)
[TestNG] Test testTemplateBuilderCannotFind(org.jclouds.ninefold.compute.compute.NinefoldComputeTemplateBuilderLiveTest) succeeded: 1ms
Test suite progress: tests succeeded: 62, failed: 4, skipped: 9.
Starting test testTemplateBuilderCannotFind(org.jclouds.ninefold.compute.compute.NinefoldComputeTemplateBuilderLiveTest)
[TestNG] Test testTemplateBuilderCannotFind(org.jclouds.ninefold.compute.compute.NinefoldComputeTemplateBuilderLiveTest) succeeded: 1ms
Test suite progress: tests succeeded: 63, failed: 4, skipped: 9.
Starting test testTemplateBuilderCannotFind(org.jclouds.ninefold.compute.compute.NinefoldComputeTemplateBuilderLiveTest)
[TestNG] Test testTemplateBuilderCannotFind(org.jclouds.ninefold.compute.compute.NinefoldComputeTemplateBuilderLiveTest) succeeded: 1ms
Test suite progress: tests succeeded: 64, failed: 4, skipped: 9.
Starting test testTemplateBuilderCannotFind(org.jclouds.ninefold.compute.compute.NinefoldComputeTemplateBuilderLiveTest)
[TestNG] Test testTemplateBuilderCannotFind(org.jclouds.ninefold.compute.compute.NinefoldComputeTemplateBuilderLiveTest) succeeded: 1ms
Test suite progress: tests succeeded: 65, failed: 4, skipped: 9.
Starting test testTemplateBuilderCannotFind(org.jclouds.ninefold.compute.compute.NinefoldComputeTemplateBuilderLiveTest)
[TestNG] Test testTemplateBuilderCannotFind(org.jclouds.ninefold.compute.compute.NinefoldComputeTemplateBuilderLiveTest) succeeded: 1ms
Test suite progress: tests succeeded: 66, failed: 4, skipped: 9.
Starting test testTemplateBuilderCannotFind(org.jclouds.ninefold.compute.compute.NinefoldComputeTemplateBuilderLiveTest)
[TestNG] Test testTemplateBuilderCannotFind(org.jclouds.ninefold.compute.compute.NinefoldComputeTemplateBuilderLiveTest) succeeded: 1ms
Test suite progress: tests succeeded: 67, failed: 4, skipped: 9.
Starting test testTemplateBuilderCannotFind(org.jclouds.ninefold.compute.compute.NinefoldComputeTemplateBuilderLiveTest)
[TestNG] Test testTemplateBuilderCannotFind(org.jclouds.ninefold.compute.compute.NinefoldComputeTemplateBuilderLiveTest) succeeded: 1ms
Test suite progress: tests succeeded: 68, failed: 4, skipped: 9.
Starting test testTemplateBuilderCannotFind(org.jclouds.ninefold.compute.compute.NinefoldComputeTemplateBuilderLiveTest)
[TestNG] Test testTemplateBuilderCannotFind(org.jclouds.ninefold.compute.compute.NinefoldComputeTemplateBuilderLiveTest) succeeded: 1ms
Test suite progress: tests succeeded: 69, failed: 4, skipped: 9.
Starting test testTemplateBuilderCannotFind(org.jclouds.ninefold.compute.compute.NinefoldComputeTemplateBuilderLiveTest)
[TestNG] Test testTemplateBuilderCannotFind(org.jclouds.ninefold.compute.compute.NinefoldComputeTemplateBuilderLiveTest) succeeded: 1ms
Test suite progress: tests succeeded: 70, failed: 4, skipped: 9.
Starting test testTemplateBuilderCannotFind(org.jclouds.ninefold.compute.compute.NinefoldComputeTemplateBuilderLiveTest)
[TestNG] Test testTemplateBuilderCannotFind(org.jclouds.ninefold.compute.compute.NinefoldComputeTemplateBuilderLiveTest) succeeded: 1ms
Test suite progress: tests succeeded: 71, failed: 4, skipped: 9.
Starting test testTemplateBuilderCannotFind(org.jclouds.ninefold.compute.compute.NinefoldComputeTemplateBuilderLiveTest)
[TestNG] Test testTemplateBuilderCannotFind(org.jclouds.ninefold.compute.compute.NinefoldComputeTemplateBuilderLiveTest) succeeded: 1ms
Test suite progress: tests succeeded: 72, failed: 4, skipped: 9.
Starting test testTemplateBuilderCannotFind(org.jclouds.ninefold.compute.compute.NinefoldComputeTemplateBuilderLiveTest)
[TestNG] Test testTemplateBuilderCannotFind(org.jclouds.ninefold.compute.compute.NinefoldComputeTemplateBuilderLiveTest) succeeded: 1ms
Test suite progress: tests succeeded: 73, failed: 4, skipped: 9.
Starting test testTemplateBuilderCannotFind(org.jclouds.ninefold.compute.compute.NinefoldComputeTemplateBuilderLiveTest)
[TestNG] Test testTemplateBuilderCannotFind(org.jclouds.ninefold.compute.compute.NinefoldComputeTemplateBuilderLiveTest) succeeded: 1ms
Test suite progress: tests succeeded: 74, failed: 4, skipped: 9.
Starting test testTemplateBuilderCannotFind(org.jclouds.ninefold.compute.compute.NinefoldComputeTemplateBuilderLiveTest)
[TestNG] Test testTemplateBuilderCannotFind(org.jclouds.ninefold.compute.compute.NinefoldComputeTemplateBuilderLiveTest) succeeded: 1ms
Test suite progress: tests succeeded: 75, failed: 4, skipped: 9.
Starting test testTemplateBuilderCannotFind(org.jclouds.ninefold.compute.compute.NinefoldComputeTemplateBuilderLiveTest)
[TestNG] Test testTemplateBuilderCannotFind(org.jclouds.ninefold.compute.compute.NinefoldComputeTemplateBuilderLiveTest) succeeded: 1ms
Test suite progress: tests succeeded: 76, failed: 4, skipped: 9.
Starting test testTemplateBuilderCannotFind(org.jclouds.ninefold.compute.compute.NinefoldComputeTemplateBuilderLiveTest)
[TestNG] Test testTemplateBuilderCannotFind(org.jclouds.ninefold.compute.compute.NinefoldComputeTemplateBuilderLiveTest) succeeded: 1ms
Test suite progress: tests succeeded: 77, failed: 4, skipped: 9.
Starting test testTemplateBuilderCannotFind(org.jclouds.ninefold.compute.compute.NinefoldComputeTemplateBuilderLiveTest)
[TestNG] Test testTemplateBuilderCannotFind(org.jclouds.ninefold.compute.compute.NinefoldComputeTemplateBuilderLiveTest) succeeded: 0ms
Test suite progress: tests succeeded: 78, failed: 4, skipped: 9.
Starting test testTemplateBuilderCannotFind(org.jclouds.ninefold.compute.compute.NinefoldComputeTemplateBuilderLiveTest)
[TestNG] Test testTemplateBuilderCannotFind(org.jclouds.ninefold.compute.compute.NinefoldComputeTemplateBuilderLiveTest) succeeded: 0ms
Test suite progress: tests succeeded: 79, failed: 4, skipped: 9.
Starting test testTemplateBuilderCannotFind(org.jclouds.ninefold.compute.compute.NinefoldComputeTemplateBuilderLiveTest)
[TestNG] Test testTemplateBuilderCannotFind(org.jclouds.ninefold.compute.compute.NinefoldComputeTemplateBuilderLiveTest) succeeded: 1ms
Test suite progress: tests succeeded: 80, failed: 4, skipped: 9.
Starting test testTemplateBuilderCannotFind(org.jclouds.ninefold.compute.compute.NinefoldComputeTemplateBuilderLiveTest)
[TestNG] Test testTemplateBuilderCannotFind(org.jclouds.ninefold.compute.compute.NinefoldComputeTemplateBuilderLiveTest) succeeded: 1ms
Test suite progress: tests succeeded: 81, failed: 4, skipped: 9.
Starting test testTemplateBuilderCannotFind(org.jclouds.ninefold.compute.compute.NinefoldComputeTemplateBuilderLiveTest)
[TestNG] Test testTemplateBuilderCannotFind(org.jclouds.ninefold.compute.compute.NinefoldComputeTemplateBuilderLiveTest) succeeded: 1ms
Test suite progress: tests succeeded: 82, failed: 4, skipped: 9.
Starting test testTemplateBuilderCannotFind(org.jclouds.ninefold.compute.compute.NinefoldComputeTemplateBuilderLiveTest)
[TestNG] Test testTemplateBuilderCannotFind(org.jclouds.ninefold.compute.compute.NinefoldComputeTemplateBuilderLiveTest) succeeded: 1ms
Test suite progress: tests succeeded: 83, failed: 4, skipped: 9.
Starting test testTemplateBuilderCannotFind(org.jclouds.ninefold.compute.compute.NinefoldComputeTemplateBuilderLiveTest)
[TestNG] Test testTemplateBuilderCannotFind(org.jclouds.ninefold.compute.compute.NinefoldComputeTemplateBuilderLiveTest) succeeded: 27ms
Test suite progress: tests succeeded: 84, failed: 4, skipped: 9.
Starting test testTemplateBuilderCannotFind(org.jclouds.ninefold.compute.compute.NinefoldComputeTemplateBuilderLiveTest)
[TestNG] Test testTemplateBuilderCannotFind(org.jclouds.ninefold.compute.compute.NinefoldComputeTemplateBuilderLiveTest) succeeded: 1ms
Test suite progress: tests succeeded: 85, failed: 4, skipped: 9.
Starting test testTemplateBuilderCannotFind(org.jclouds.ninefold.compute.compute.NinefoldComputeTemplateBuilderLiveTest)
[TestNG] Test testTemplateBuilderCannotFind(org.jclouds.ninefold.compute.compute.NinefoldComputeTemplateBuilderLiveTest) succeeded: 1ms
Test suite progress: tests succeeded: 86, failed: 4, skipped: 9.
Starting test testTemplateBuilderCannotFind(org.jclouds.ninefold.compute.compute.NinefoldComputeTemplateBuilderLiveTest)
[TestNG] Test testTemplateBuilderCannotFind(org.jclouds.ninefold.compute.compute.NinefoldComputeTemplateBuilderLiveTest) succeeded: 0ms
Test suite progress: tests succeeded: 87, failed: 4, skipped: 9.
Starting test testTemplateBuilderCannotFind(org.jclouds.ninefold.compute.compute.NinefoldComputeTemplateBuilderLiveTest)
[TestNG] Test testTemplateBuilderCannotFind(org.jclouds.ninefold.compute.compute.NinefoldComputeTemplateBuilderLiveTest) succeeded: 0ms
Test suite progress: tests succeeded: 88, failed: 4, skipped: 9.
Starting test testTemplateBuilderCannotFind(org.jclouds.ninefold.compute.compute.NinefoldComputeTemplateBuilderLiveTest)
[TestNG] Test testTemplateBuilderCannotFind(org.jclouds.ninefold.compute.compute.NinefoldComputeTemplateBuilderLiveTest) succeeded: 1ms
Test suite progress: tests succeeded: 89, failed: 4, skipped: 9.
Starting test testTemplateBuilderCannotFind(org.jclouds.ninefold.compute.compute.NinefoldComputeTemplateBuilderLiveTest)
[TestNG] Test testTemplateBuilderCannotFind(org.jclouds.ninefold.compute.compute.NinefoldComputeTemplateBuilderLiveTest) succeeded: 1ms
Test suite progress: tests succeeded: 90, failed: 4, skipped: 9.
Starting test testTemplateBuilderCannotFind(org.jclouds.ninefold.compute.compute.NinefoldComputeTemplateBuilderLiveTest)
[TestNG] Test testTemplateBuilderCannotFind(org.jclouds.ninefold.compute.compute.NinefoldComputeTemplateBuilderLiveTest) succeeded: 1ms
Test suite progress: tests succeeded: 91, failed: 4, skipped: 9.
Starting test testTemplateBuilderCannotFind(org.jclouds.ninefold.compute.compute.NinefoldComputeTemplateBuilderLiveTest)
[TestNG] Test testTemplateBuilderCannotFind(org.jclouds.ninefold.compute.compute.NinefoldComputeTemplateBuilderLiveTest) succeeded: 1ms
Test suite progress: tests succeeded: 92, failed: 4, skipped: 9.
Starting test testTemplateBuilderCannotFind(org.jclouds.ninefold.compute.compute.NinefoldComputeTemplateBuilderLiveTest)
[TestNG] Test testTemplateBuilderCannotFind(org.jclouds.ninefold.compute.compute.NinefoldComputeTemplateBuilderLiveTest) succeeded: 1ms
Test suite progress: tests succeeded: 93, failed: 4, skipped: 9.
Starting test testTemplateBuilderCannotFind(org.jclouds.ninefold.compute.compute.NinefoldComputeTemplateBuilderLiveTest)
[TestNG] Test testTemplateBuilderCannotFind(org.jclouds.ninefold.compute.compute.NinefoldComputeTemplateBuilderLiveTest) succeeded: 1ms
Test suite progress: tests succeeded: 94, failed: 4, skipped: 9.
Starting test testTemplateBuilderCannotFind(org.jclouds.ninefold.compute.compute.NinefoldComputeTemplateBuilderLiveTest)
[TestNG] Test testTemplateBuilderCannotFind(org.jclouds.ninefold.compute.compute.NinefoldComputeTemplateBuilderLiveTest) succeeded: 1ms
Test suite progress: tests succeeded: 95, failed: 4, skipped: 9.
Starting test testTemplateBuilderCannotFind(org.jclouds.ninefold.compute.compute.NinefoldComputeTemplateBuilderLiveTest)
[TestNG] Test testTemplateBuilderCannotFind(org.jclouds.ninefold.compute.compute.NinefoldComputeTemplateBuilderLiveTest) succeeded: 1ms
Test suite progress: tests succeeded: 96, failed: 4, skipped: 9.
Starting test testTemplateBuilderCannotFind(org.jclouds.ninefold.compute.compute.NinefoldComputeTemplateBuilderLiveTest)
[TestNG] Test testTemplateBuilderCannotFind(org.jclouds.ninefold.compute.compute.NinefoldComputeTemplateBuilderLiveTest) succeeded: 0ms
Test suite progress: tests succeeded: 97, failed: 4, skipped: 9.
Starting test testTemplateBuilderCannotFind(org.jclouds.ninefold.compute.compute.NinefoldComputeTemplateBuilderLiveTest)
[TestNG] Test testTemplateBuilderCannotFind(org.jclouds.ninefold.compute.compute.NinefoldComputeTemplateBuilderLiveTest) succeeded: 1ms
Test suite progress: tests succeeded: 98, failed: 4, skipped: 9.
Starting test testTemplateBuilderWithImageIdSpecified(org.jclouds.ninefold.compute.compute.NinefoldComputeTemplateBuilderLiveTest)
[TestNG] Test testTemplateBuilderWithImageIdSpecified(org.jclouds.ninefold.compute.compute.NinefoldComputeTemplateBuilderLiveTest) succeeded: 14010ms
Test suite progress: tests succeeded: 99, failed: 4, skipped: 9.
Starting test testTemplateBuilderWithLoginUserSpecified(org.jclouds.ninefold.compute.compute.NinefoldComputeTemplateBuilderLiveTest)
[TestNG] Test testTemplateBuilderWithLoginUserSpecified(org.jclouds.ninefold.compute.compute.NinefoldComputeTemplateBuilderLiveTest) succeeded: 17809ms
Test suite progress: tests succeeded: 100, failed: 4, skipped: 9.
Starting test testDefaultTemplateBuilder(org.jclouds.ninefold.compute.compute.NinefoldComputeTemplateBuilderLiveTest)
[TestNG] Test testDefaultTemplateBuilder(org.jclouds.ninefold.compute.compute.NinefoldComputeTemplateBuilderLiveTest) succeeded: 3ms
Test suite progress: tests succeeded: 101, failed: 4, skipped: 9.
Tests run: 114, Failures: 4, Errors: 0, Skipped: 9, Time elapsed: 637.36 sec <<< FAILURE!

Results :

Failed tests:   testCreateAndRunAService(org.jclouds.ninefold.compute.compute.NinefoldComputeServiceLiveTest): error running 1 node group(ninefold-computes) location(1) image(2188) size(105) options({blockOnPort:seconds=22:300, inboundPorts=[22, 8080], tags=[ninefold-computes], userMetadata={Name=ninefold-computes}})(..)
  testAScriptExecutionAfterBootWithBasicTemplate(org.jclouds.ninefold.compute.compute.NinefoldComputeServiceLiveTest): error running 1 node group(ninefold-computer) location(1) image(2188) size(105) options({blockOnPort:seconds=22:120})(..)
  testConcurrentUseOfComputeServiceToCreateNodes(org.jclouds.ninefold.compute.compute.NinefoldComputeServiceLiveTest): error destroyNodesMatching(inGroup(twin0)): {{id=16880, providerId=16880, name=i-505-16880-VM, location={scope=ZONE, id=1, description=Sydney Zone 1, parent=ninefold-compute}, group=twin0, status=PENDING, loginPort=22, hostname=twin0-9a9, privateAddresses=[10.17.58.9], hardware={id=105, providerId=105, name=Compute Micro PRD, processors=[{cores=1.0, speed=1200.0}], ram=384, hypervisor=XenServer, supportsImage=ALWAYS_TRUE}}=java.util.concurrent.ExecutionException: org.jclouds.cloudstack.AsyncJobException: job AsyncJob{accountId=null, cmd=null, created=null, id=133125, instanceId=null, instanceType=null, progress=0, result=null, resultCode=FAIL, resultType=object, status=FAILED, userId=null, error=AsyncJobError{errorCode=INTERNAL_ERROR, errorText=Internal error executing command, please contact your system administrator}} failed with exception AsyncJobError{errorCode=INTERNAL_ERROR, errorText=Internal error executing command, please contact your system administrator}}
  testFromTemplate(org.jclouds.ninefold.compute.compute.NinefoldComputeTemplateBuilderLiveTest): expected:<{image={id=2188, providerId=2188, name=Ubuntu 10.04.4 x64 Micro [80GB], location={scope=ZONE, id=1, description=Sydney Zone 1, parent=ninefold-compute}, os={family=ubuntu, name=Ubuntu, version=10.04, description=Ubuntu 10.04 (64-bit), is64Bit=true}, description=Ubuntu 10.04.4 x64 Micro [80GB], status=AVAILABLE, loginUser=root}, hardware={id=105, providerId=105, name=Compute Micro PRD, processors=[{cores=1.0, speed=1200.0}], ram=384, supportsImage=ALWAYS_TRUE}, location={scope=ZONE, id=1, description=Sydney Zone 1, parent=ninefold-compute}, options={loginUser=user, loginPasswordPresent=true, loginPrivateKeyPresent=true, authenticateSudo=true}}> but was:<{image={id=2188, providerId=2188, name=Ubuntu 10.04.4 x64 Micro [80GB], location={scope=ZONE, id=1, description=Sydney Zone 1, parent=ninefold-compute}, os={family=ubuntu, name=Ubuntu, version=10.04, description=Ubuntu 10.04 (64-bit), is64Bit=true}, description=Ubuntu 10.04.4 x64 Micro [80GB], status=AVAILABLE, loginUser=root}, hardware={id=105, providerId=105, name=Compute Micro PRD, processors=[{cores=1.0, speed=1200.0}], ram=384, supportsImage=ALWAYS_TRUE}, location={scope=ZONE, id=1, description=Sydney Zone 1, parent=ninefold-compute}, options={loginUser=user, loginPasswordPresent=true, authenticateSudo=true}}>

Tests run: 114, Failures: 4, Errors: 0, Skipped: 9

[INFO] ------------------------------------------------------------------------
[INFO] BUILD FAILURE
[INFO] ------------------------------------------------------------------------
[INFO] Total time: 10:49.395s
[INFO] Finished at: Sun Sep 09 21:56:08 PDT 2012
[INFO] Final Memory: 18M/125M
[INFO] ------------------------------------------------------------------------
[ERROR] Failed to execute goal org.apache.maven.plugins:maven-surefire-plugin:2.12:test (integration) on project ninefold-compute: There are test failures.
[ERROR] 
[ERROR] Please refer to /Users/adriancole/git/jclouds/providers/ninefold-compute/target/surefire-reports for the individual test results.
[ERROR] -> [Help 1]
[ERROR] 
[ERROR] To see the full stack trace of the errors, re-run Maven with the -e switch.
[ERROR] Re-run Maven using the -X switch to enable full debug logging.
[ERROR] 
[ERROR] For more information about the errors and possible solutions, please read the following articles:
[ERROR] [Help 1] http://cwiki.apache.org/confluence/display/MAVEN/MojoFailureException
