-------------------------------------------------------------------------------
Test set: TestSuite
-------------------------------------------------------------------------------
Tests run: 116, Failures: 16, Errors: 0, Skipped: 8, Time elapsed: 442.205 sec <<< FAILURE!
testImages(org.jclouds.rimuhosting.miro.RimuHostingClientLiveTest)  Time elapsed: 0.904 sec  <<< FAILURE!
java.lang.AssertionError: lenny not found expected:<true> but was:<false>
	at org.testng.Assert.fail(Assert.java:89)
	at org.testng.Assert.failNotEquals(Assert.java:489)
	at org.testng.Assert.assertTrue(Assert.java:37)
	at org.jclouds.rimuhosting.miro.RimuHostingClientLiveTest.testImages(RimuHostingClientLiveTest.java:85)
testCorrectAuthException(org.jclouds.rimuhosting.miro.compute.RimuHostingComputeServiceLiveTest)  Time elapsed: 1.801 sec  <<< FAILURE!
org.testng.TestException: 
Method BaseComputeServiceLiveTest.testCorrectAuthException()[pri:0, instance:org.jclouds.rimuhosting.miro.compute.RimuHostingComputeServiceLiveTest@1264ab4d] should have thrown an exception of class org.jclouds.rest.AuthorizationException
	at org.testng.internal.Invoker.handleInvocationResults(Invoker.java:1501)
	at org.testng.internal.Invoker.invokeMethod(Invoker.java:750)
	at org.testng.internal.Invoker.invokeTestMethod(Invoker.java:893)
	at org.testng.internal.Invoker.invokeTestMethods(Invoker.java:1218)
	at org.testng.internal.TestMethodWorker.invokeTestMethods(TestMethodWorker.java:127)
	at org.testng.internal.TestMethodWorker.run(TestMethodWorker.java:111)
	at org.testng.TestRunner.privateRun(TestRunner.java:758)
	at org.testng.TestRunner.run(TestRunner.java:613)
	at org.testng.SuiteRunner.runTest(SuiteRunner.java:334)
	at org.testng.SuiteRunner.access$000(SuiteRunner.java:37)
	at org.testng.SuiteRunner$SuiteWorker.run(SuiteRunner.java:368)
	at org.testng.internal.thread.ThreadUtil$2.call(ThreadUtil.java:64)
	at java.util.concurrent.FutureTask$Sync.innerRun(FutureTask.java:303)
	at java.util.concurrent.FutureTask.run(FutureTask.java:138)
	at java.util.concurrent.ThreadPoolExecutor$Worker.runTask(ThreadPoolExecutor.java:886)
	at java.util.concurrent.ThreadPoolExecutor$Worker.run(ThreadPoolExecutor.java:908)
	at java.lang.Thread.run(Thread.java:680)
testCreateAndRunAService(org.jclouds.rimuhosting.miro.compute.RimuHostingComputeServiceLiveTest)  Time elapsed: 1.119 sec  <<< FAILURE!
java.lang.IllegalArgumentException: Object 'rimuhosting.jcloudss' doesn't match dns naming constraints. Reason: Should have lowercase ASCII letters, numbers, or dashes.
	at org.jclouds.predicates.validators.DnsNameValidator.exception(DnsNameValidator.java:78)
	at org.jclouds.predicates.validators.DnsNameValidator.validate(DnsNameValidator.java:70)
	at org.jclouds.predicates.validators.DnsNameValidator.validate(DnsNameValidator.java:40)
	at org.jclouds.compute.internal.FormatSharedNamesAndAppendUniqueStringToThoseWhichRepeat.checkGroup(FormatSharedNamesAndAppendUniqueStringToThoseWhichRepeat.java:128)
	at org.jclouds.compute.internal.FormatSharedNamesAndAppendUniqueStringToThoseWhichRepeat.uniqueNameForGroup(FormatSharedNamesAndAppendUniqueStringToThoseWhichRepeat.java:134)
	at org.jclouds.compute.strategy.impl.CreateNodesWithGroupEncodedIntoNameThenAddToSet.getNextNames(CreateNodesWithGroupEncodedIntoNameThenAddToSet.java:188)
	at org.jclouds.compute.strategy.impl.CreateNodesWithGroupEncodedIntoNameThenAddToSet.execute(CreateNodesWithGroupEncodedIntoNameThenAddToSet.java:123)
	at org.jclouds.compute.internal.BaseComputeService.createNodesInGroup(BaseComputeService.java:205)
	at org.jclouds.compute.internal.BaseComputeService.createNodesInGroup(BaseComputeService.java:221)
	at org.jclouds.compute.internal.BaseComputeServiceLiveTest.testCreateAndRunAService(BaseComputeServiceLiveTest.java:620)
	at sun.reflect.NativeMethodAccessorImpl.invoke0(Native Method)
	at sun.reflect.NativeMethodAccessorImpl.invoke(NativeMethodAccessorImpl.java:39)
	at sun.reflect.DelegatingMethodAccessorImpl.invoke(DelegatingMethodAccessorImpl.java:25)
	at java.lang.reflect.Method.invoke(Method.java:597)
	at org.testng.internal.MethodInvocationHelper.invokeMethod(MethodInvocationHelper.java:80)
	at org.testng.internal.Invoker.invokeMethod(Invoker.java:701)
	at org.testng.internal.Invoker.invokeTestMethod(Invoker.java:893)
	at org.testng.internal.Invoker.invokeTestMethods(Invoker.java:1218)
	at org.testng.internal.TestMethodWorker.invokeTestMethods(TestMethodWorker.java:127)
	at org.testng.internal.TestMethodWorker.run(TestMethodWorker.java:111)
	at org.testng.TestRunner.privateRun(TestRunner.java:758)
	at org.testng.TestRunner.run(TestRunner.java:613)
	at org.testng.SuiteRunner.runTest(SuiteRunner.java:334)
	at org.testng.SuiteRunner.access$000(SuiteRunner.java:37)
	at org.testng.SuiteRunner$SuiteWorker.run(SuiteRunner.java:368)
	at org.testng.internal.thread.ThreadUtil$2.call(ThreadUtil.java:64)
	at java.util.concurrent.FutureTask$Sync.innerRun(FutureTask.java:303)
	at java.util.concurrent.FutureTask.run(FutureTask.java:138)
	at java.util.concurrent.ThreadPoolExecutor$Worker.runTask(ThreadPoolExecutor.java:886)
	at java.util.concurrent.ThreadPoolExecutor$Worker.run(ThreadPoolExecutor.java:908)
	at java.lang.Thread.run(Thread.java:680)
testTemplateBuilderCannotFind(org.jclouds.rimuhosting.miro.compute.RimuHostingTemplateBuilderLiveTest)  Time elapsed: 0.003 sec  <<< FAILURE!
org.testng.TestException: 
Method BaseTemplateBuilderLiveTest.testTemplateBuilderCannotFind(org.jclouds.compute.domain.OsFamilyVersion64Bit)[pri:0, instance:org.jclouds.rimuhosting.miro.compute.RimuHostingTemplateBuilderLiveTest@162200d5] should have thrown an exception of class java.util.NoSuchElementException
	at org.testng.internal.Invoker.handleInvocationResults(Invoker.java:1501)
	at org.testng.internal.Invoker.invokeMethod(Invoker.java:750)
	at org.testng.internal.Invoker.invokeTestMethod(Invoker.java:893)
	at org.testng.internal.Invoker.invokeTestMethods(Invoker.java:1218)
	at org.testng.internal.TestMethodWorker.invokeTestMethods(TestMethodWorker.java:127)
	at org.testng.internal.TestMethodWorker.run(TestMethodWorker.java:111)
	at org.testng.TestRunner.privateRun(TestRunner.java:758)
	at org.testng.TestRunner.run(TestRunner.java:613)
	at org.testng.SuiteRunner.runTest(SuiteRunner.java:334)
	at org.testng.SuiteRunner.access$000(SuiteRunner.java:37)
	at org.testng.SuiteRunner$SuiteWorker.run(SuiteRunner.java:368)
	at org.testng.internal.thread.ThreadUtil$2.call(ThreadUtil.java:64)
	at java.util.concurrent.FutureTask$Sync.innerRun(FutureTask.java:303)
	at java.util.concurrent.FutureTask.run(FutureTask.java:138)
	at java.util.concurrent.ThreadPoolExecutor$Worker.runTask(ThreadPoolExecutor.java:886)
	at java.util.concurrent.ThreadPoolExecutor$Worker.run(ThreadPoolExecutor.java:908)
	at java.lang.Thread.run(Thread.java:680)
testTemplateBuilderCannotFind(org.jclouds.rimuhosting.miro.compute.RimuHostingTemplateBuilderLiveTest)  Time elapsed: 0.002 sec  <<< FAILURE!
org.testng.TestException: 
Method BaseTemplateBuilderLiveTest.testTemplateBuilderCannotFind(org.jclouds.compute.domain.OsFamilyVersion64Bit)[pri:0, instance:org.jclouds.rimuhosting.miro.compute.RimuHostingTemplateBuilderLiveTest@162200d5] should have thrown an exception of class java.util.NoSuchElementException
	at org.testng.internal.Invoker.handleInvocationResults(Invoker.java:1501)
	at org.testng.internal.Invoker.invokeMethod(Invoker.java:750)
	at org.testng.internal.Invoker.invokeTestMethod(Invoker.java:893)
	at org.testng.internal.Invoker.invokeTestMethods(Invoker.java:1218)
	at org.testng.internal.TestMethodWorker.invokeTestMethods(TestMethodWorker.java:127)
	at org.testng.internal.TestMethodWorker.run(TestMethodWorker.java:111)
	at org.testng.TestRunner.privateRun(TestRunner.java:758)
	at org.testng.TestRunner.run(TestRunner.java:613)
	at org.testng.SuiteRunner.runTest(SuiteRunner.java:334)
	at org.testng.SuiteRunner.access$000(SuiteRunner.java:37)
	at org.testng.SuiteRunner$SuiteWorker.run(SuiteRunner.java:368)
	at org.testng.internal.thread.ThreadUtil$2.call(ThreadUtil.java:64)
	at java.util.concurrent.FutureTask$Sync.innerRun(FutureTask.java:303)
	at java.util.concurrent.FutureTask.run(FutureTask.java:138)
	at java.util.concurrent.ThreadPoolExecutor$Worker.runTask(ThreadPoolExecutor.java:886)
	at java.util.concurrent.ThreadPoolExecutor$Worker.run(ThreadPoolExecutor.java:908)
	at java.lang.Thread.run(Thread.java:680)
testTemplateBuilderCanFind(org.jclouds.rimuhosting.miro.compute.RimuHostingTemplateBuilderLiveTest)  Time elapsed: 0.001 sec  <<< FAILURE!
java.util.NoSuchElementException: no image matched predicate: And(nullEqualToIsParentOrIsGrandparentOfCurrentLocation(),And(osFamily(ubuntu),osVersion(^10.10$),os64Bit(false)))
	at org.jclouds.compute.domain.internal.TemplateBuilderImpl.throwNoSuchElementExceptionAfterLoggingImageIds(TemplateBuilderImpl.java:634)
	at org.jclouds.compute.domain.internal.TemplateBuilderImpl.build(TemplateBuilderImpl.java:622)
	at org.jclouds.compute.internal.BaseTemplateBuilderLiveTest.testTemplateBuilderCanFind(BaseTemplateBuilderLiveTest.java:141)
	at sun.reflect.NativeMethodAccessorImpl.invoke0(Native Method)
	at sun.reflect.NativeMethodAccessorImpl.invoke(NativeMethodAccessorImpl.java:39)
	at sun.reflect.DelegatingMethodAccessorImpl.invoke(DelegatingMethodAccessorImpl.java:25)
	at java.lang.reflect.Method.invoke(Method.java:597)
	at org.testng.internal.MethodInvocationHelper.invokeMethod(MethodInvocationHelper.java:80)
	at org.testng.internal.Invoker.invokeMethod(Invoker.java:701)
	at org.testng.internal.Invoker.invokeTestMethod(Invoker.java:893)
	at org.testng.internal.Invoker.invokeTestMethods(Invoker.java:1218)
	at org.testng.internal.TestMethodWorker.invokeTestMethods(TestMethodWorker.java:127)
	at org.testng.internal.TestMethodWorker.run(TestMethodWorker.java:111)
	at org.testng.TestRunner.privateRun(TestRunner.java:758)
	at org.testng.TestRunner.run(TestRunner.java:613)
	at org.testng.SuiteRunner.runTest(SuiteRunner.java:334)
	at org.testng.SuiteRunner.access$000(SuiteRunner.java:37)
	at org.testng.SuiteRunner$SuiteWorker.run(SuiteRunner.java:368)
	at org.testng.internal.thread.ThreadUtil$2.call(ThreadUtil.java:64)
	at java.util.concurrent.FutureTask$Sync.innerRun(FutureTask.java:303)
	at java.util.concurrent.FutureTask.run(FutureTask.java:138)
	at java.util.concurrent.ThreadPoolExecutor$Worker.runTask(ThreadPoolExecutor.java:886)
	at java.util.concurrent.ThreadPoolExecutor$Worker.run(ThreadPoolExecutor.java:908)
	at java.lang.Thread.run(Thread.java:680)
testTemplateBuilderCanFind(org.jclouds.rimuhosting.miro.compute.RimuHostingTemplateBuilderLiveTest)  Time elapsed: 0.001 sec  <<< FAILURE!
java.util.NoSuchElementException: no image matched predicate: And(nullEqualToIsParentOrIsGrandparentOfCurrentLocation(),And(osFamily(debian),osVersion(^5.0$),os64Bit(false)))
	at org.jclouds.compute.domain.internal.TemplateBuilderImpl.throwNoSuchElementExceptionAfterLoggingImageIds(TemplateBuilderImpl.java:634)
	at org.jclouds.compute.domain.internal.TemplateBuilderImpl.build(TemplateBuilderImpl.java:622)
	at org.jclouds.compute.internal.BaseTemplateBuilderLiveTest.testTemplateBuilderCanFind(BaseTemplateBuilderLiveTest.java:141)
	at sun.reflect.NativeMethodAccessorImpl.invoke0(Native Method)
	at sun.reflect.NativeMethodAccessorImpl.invoke(NativeMethodAccessorImpl.java:39)
	at sun.reflect.DelegatingMethodAccessorImpl.invoke(DelegatingMethodAccessorImpl.java:25)
	at java.lang.reflect.Method.invoke(Method.java:597)
	at org.testng.internal.MethodInvocationHelper.invokeMethod(MethodInvocationHelper.java:80)
	at org.testng.internal.Invoker.invokeMethod(Invoker.java:701)
	at org.testng.internal.Invoker.invokeTestMethod(Invoker.java:893)
	at org.testng.internal.Invoker.invokeTestMethods(Invoker.java:1218)
	at org.testng.internal.TestMethodWorker.invokeTestMethods(TestMethodWorker.java:127)
	at org.testng.internal.TestMethodWorker.run(TestMethodWorker.java:111)
	at org.testng.TestRunner.privateRun(TestRunner.java:758)
	at org.testng.TestRunner.run(TestRunner.java:613)
	at org.testng.SuiteRunner.runTest(SuiteRunner.java:334)
	at org.testng.SuiteRunner.access$000(SuiteRunner.java:37)
	at org.testng.SuiteRunner$SuiteWorker.run(SuiteRunner.java:368)
	at org.testng.internal.thread.ThreadUtil$2.call(ThreadUtil.java:64)
	at java.util.concurrent.FutureTask$Sync.innerRun(FutureTask.java:303)
	at java.util.concurrent.FutureTask.run(FutureTask.java:138)
	at java.util.concurrent.ThreadPoolExecutor$Worker.runTask(ThreadPoolExecutor.java:886)
	at java.util.concurrent.ThreadPoolExecutor$Worker.run(ThreadPoolExecutor.java:908)
	at java.lang.Thread.run(Thread.java:680)
testTemplateBuilderCanFind(org.jclouds.rimuhosting.miro.compute.RimuHostingTemplateBuilderLiveTest)  Time elapsed: 0.001 sec  <<< FAILURE!
java.util.NoSuchElementException: no image matched predicate: And(nullEqualToIsParentOrIsGrandparentOfCurrentLocation(),And(osFamily(ubuntu),osVersion(^11.04$),os64Bit(false)))
	at org.jclouds.compute.domain.internal.TemplateBuilderImpl.throwNoSuchElementExceptionAfterLoggingImageIds(TemplateBuilderImpl.java:634)
	at org.jclouds.compute.domain.internal.TemplateBuilderImpl.build(TemplateBuilderImpl.java:622)
	at org.jclouds.compute.internal.BaseTemplateBuilderLiveTest.testTemplateBuilderCanFind(BaseTemplateBuilderLiveTest.java:141)
	at sun.reflect.NativeMethodAccessorImpl.invoke0(Native Method)
	at sun.reflect.NativeMethodAccessorImpl.invoke(NativeMethodAccessorImpl.java:39)
	at sun.reflect.DelegatingMethodAccessorImpl.invoke(DelegatingMethodAccessorImpl.java:25)
	at java.lang.reflect.Method.invoke(Method.java:597)
	at org.testng.internal.MethodInvocationHelper.invokeMethod(MethodInvocationHelper.java:80)
	at org.testng.internal.Invoker.invokeMethod(Invoker.java:701)
	at org.testng.internal.Invoker.invokeTestMethod(Invoker.java:893)
	at org.testng.internal.Invoker.invokeTestMethods(Invoker.java:1218)
	at org.testng.internal.TestMethodWorker.invokeTestMethods(TestMethodWorker.java:127)
	at org.testng.internal.TestMethodWorker.run(TestMethodWorker.java:111)
	at org.testng.TestRunner.privateRun(TestRunner.java:758)
	at org.testng.TestRunner.run(TestRunner.java:613)
	at org.testng.SuiteRunner.runTest(SuiteRunner.java:334)
	at org.testng.SuiteRunner.access$000(SuiteRunner.java:37)
	at org.testng.SuiteRunner$SuiteWorker.run(SuiteRunner.java:368)
	at org.testng.internal.thread.ThreadUtil$2.call(ThreadUtil.java:64)
	at java.util.concurrent.FutureTask$Sync.innerRun(FutureTask.java:303)
	at java.util.concurrent.FutureTask.run(FutureTask.java:138)
	at java.util.concurrent.ThreadPoolExecutor$Worker.runTask(ThreadPoolExecutor.java:886)
	at java.util.concurrent.ThreadPoolExecutor$Worker.run(ThreadPoolExecutor.java:908)
	at java.lang.Thread.run(Thread.java:680)
testTemplateBuilderCanFind(org.jclouds.rimuhosting.miro.compute.RimuHostingTemplateBuilderLiveTest)  Time elapsed: 0 sec  <<< FAILURE!
java.util.NoSuchElementException: no image matched predicate: And(nullEqualToIsParentOrIsGrandparentOfCurrentLocation(),And(osFamily(ubuntu),osVersion(^10.10$),os64Bit(true)))
	at org.jclouds.compute.domain.internal.TemplateBuilderImpl.throwNoSuchElementExceptionAfterLoggingImageIds(TemplateBuilderImpl.java:634)
	at org.jclouds.compute.domain.internal.TemplateBuilderImpl.build(TemplateBuilderImpl.java:622)
	at org.jclouds.compute.internal.BaseTemplateBuilderLiveTest.testTemplateBuilderCanFind(BaseTemplateBuilderLiveTest.java:141)
	at sun.reflect.NativeMethodAccessorImpl.invoke0(Native Method)
	at sun.reflect.NativeMethodAccessorImpl.invoke(NativeMethodAccessorImpl.java:39)
	at sun.reflect.DelegatingMethodAccessorImpl.invoke(DelegatingMethodAccessorImpl.java:25)
	at java.lang.reflect.Method.invoke(Method.java:597)
	at org.testng.internal.MethodInvocationHelper.invokeMethod(MethodInvocationHelper.java:80)
	at org.testng.internal.Invoker.invokeMethod(Invoker.java:701)
	at org.testng.internal.Invoker.invokeTestMethod(Invoker.java:893)
	at org.testng.internal.Invoker.invokeTestMethods(Invoker.java:1218)
	at org.testng.internal.TestMethodWorker.invokeTestMethods(TestMethodWorker.java:127)
	at org.testng.internal.TestMethodWorker.run(TestMethodWorker.java:111)
	at org.testng.TestRunner.privateRun(TestRunner.java:758)
	at org.testng.TestRunner.run(TestRunner.java:613)
	at org.testng.SuiteRunner.runTest(SuiteRunner.java:334)
	at org.testng.SuiteRunner.access$000(SuiteRunner.java:37)
	at org.testng.SuiteRunner$SuiteWorker.run(SuiteRunner.java:368)
	at org.testng.internal.thread.ThreadUtil$2.call(ThreadUtil.java:64)
	at java.util.concurrent.FutureTask$Sync.innerRun(FutureTask.java:303)
	at java.util.concurrent.FutureTask.run(FutureTask.java:138)
	at java.util.concurrent.ThreadPoolExecutor$Worker.runTask(ThreadPoolExecutor.java:886)
	at java.util.concurrent.ThreadPoolExecutor$Worker.run(ThreadPoolExecutor.java:908)
	at java.lang.Thread.run(Thread.java:680)
testTemplateBuilderCanFind(org.jclouds.rimuhosting.miro.compute.RimuHostingTemplateBuilderLiveTest)  Time elapsed: 0 sec  <<< FAILURE!
java.util.NoSuchElementException: no image matched predicate: And(nullEqualToIsParentOrIsGrandparentOfCurrentLocation(),And(osFamily(ubuntu),osVersion(^11.04$),os64Bit(true)))
	at org.jclouds.compute.domain.internal.TemplateBuilderImpl.throwNoSuchElementExceptionAfterLoggingImageIds(TemplateBuilderImpl.java:634)
	at org.jclouds.compute.domain.internal.TemplateBuilderImpl.build(TemplateBuilderImpl.java:622)
	at org.jclouds.compute.internal.BaseTemplateBuilderLiveTest.testTemplateBuilderCanFind(BaseTemplateBuilderLiveTest.java:141)
	at sun.reflect.NativeMethodAccessorImpl.invoke0(Native Method)
	at sun.reflect.NativeMethodAccessorImpl.invoke(NativeMethodAccessorImpl.java:39)
	at sun.reflect.DelegatingMethodAccessorImpl.invoke(DelegatingMethodAccessorImpl.java:25)
	at java.lang.reflect.Method.invoke(Method.java:597)
	at org.testng.internal.MethodInvocationHelper.invokeMethod(MethodInvocationHelper.java:80)
	at org.testng.internal.Invoker.invokeMethod(Invoker.java:701)
	at org.testng.internal.Invoker.invokeTestMethod(Invoker.java:893)
	at org.testng.internal.Invoker.invokeTestMethods(Invoker.java:1218)
	at org.testng.internal.TestMethodWorker.invokeTestMethods(TestMethodWorker.java:127)
	at org.testng.internal.TestMethodWorker.run(TestMethodWorker.java:111)
	at org.testng.TestRunner.privateRun(TestRunner.java:758)
	at org.testng.TestRunner.run(TestRunner.java:613)
	at org.testng.SuiteRunner.runTest(SuiteRunner.java:334)
	at org.testng.SuiteRunner.access$000(SuiteRunner.java:37)
	at org.testng.SuiteRunner$SuiteWorker.run(SuiteRunner.java:368)
	at org.testng.internal.thread.ThreadUtil$2.call(ThreadUtil.java:64)
	at java.util.concurrent.FutureTask$Sync.innerRun(FutureTask.java:303)
	at java.util.concurrent.FutureTask.run(FutureTask.java:138)
	at java.util.concurrent.ThreadPoolExecutor$Worker.runTask(ThreadPoolExecutor.java:886)
	at java.util.concurrent.ThreadPoolExecutor$Worker.run(ThreadPoolExecutor.java:908)
	at java.lang.Thread.run(Thread.java:680)
testTemplateBuilderCanFind(org.jclouds.rimuhosting.miro.compute.RimuHostingTemplateBuilderLiveTest)  Time elapsed: 0.001 sec  <<< FAILURE!
java.util.NoSuchElementException: no image matched predicate: And(nullEqualToIsParentOrIsGrandparentOfCurrentLocation(),And(osFamily(debian),osVersion(^5.0$),os64Bit(true)))
	at org.jclouds.compute.domain.internal.TemplateBuilderImpl.throwNoSuchElementExceptionAfterLoggingImageIds(TemplateBuilderImpl.java:634)
	at org.jclouds.compute.domain.internal.TemplateBuilderImpl.build(TemplateBuilderImpl.java:622)
	at org.jclouds.compute.internal.BaseTemplateBuilderLiveTest.testTemplateBuilderCanFind(BaseTemplateBuilderLiveTest.java:141)
	at sun.reflect.NativeMethodAccessorImpl.invoke0(Native Method)
	at sun.reflect.NativeMethodAccessorImpl.invoke(NativeMethodAccessorImpl.java:39)
	at sun.reflect.DelegatingMethodAccessorImpl.invoke(DelegatingMethodAccessorImpl.java:25)
	at java.lang.reflect.Method.invoke(Method.java:597)
	at org.testng.internal.MethodInvocationHelper.invokeMethod(MethodInvocationHelper.java:80)
	at org.testng.internal.Invoker.invokeMethod(Invoker.java:701)
	at org.testng.internal.Invoker.invokeTestMethod(Invoker.java:893)
	at org.testng.internal.Invoker.invokeTestMethods(Invoker.java:1218)
	at org.testng.internal.TestMethodWorker.invokeTestMethods(TestMethodWorker.java:127)
	at org.testng.internal.TestMethodWorker.run(TestMethodWorker.java:111)
	at org.testng.TestRunner.privateRun(TestRunner.java:758)
	at org.testng.TestRunner.run(TestRunner.java:613)
	at org.testng.SuiteRunner.runTest(SuiteRunner.java:334)
	at org.testng.SuiteRunner.access$000(SuiteRunner.java:37)
	at org.testng.SuiteRunner$SuiteWorker.run(SuiteRunner.java:368)
	at org.testng.internal.thread.ThreadUtil$2.call(ThreadUtil.java:64)
	at java.util.concurrent.FutureTask$Sync.innerRun(FutureTask.java:303)
	at java.util.concurrent.FutureTask.run(FutureTask.java:138)
	at java.util.concurrent.ThreadPoolExecutor$Worker.runTask(ThreadPoolExecutor.java:886)
	at java.util.concurrent.ThreadPoolExecutor$Worker.run(ThreadPoolExecutor.java:908)
	at java.lang.Thread.run(Thread.java:680)
testTemplateBuilder(org.jclouds.rimuhosting.miro.compute.RimuHostingTemplateBuilderLiveTest)  Time elapsed: 0.003 sec  <<< FAILURE!
java.lang.AssertionError: expected:<11.04> but was:<11.10>
	at org.testng.Assert.fail(Assert.java:89)
	at org.testng.Assert.failNotEquals(Assert.java:489)
	at org.testng.Assert.assertEquals(Assert.java:118)
	at org.testng.Assert.assertEquals(Assert.java:171)
	at org.testng.Assert.assertEquals(Assert.java:181)
	at org.jclouds.rimuhosting.miro.compute.RimuHostingTemplateBuilderLiveTest.testTemplateBuilder(RimuHostingTemplateBuilderLiveTest.java:72)
testTemplateBuilderWithLoginUserSpecified(org.jclouds.rimuhosting.miro.compute.RimuHostingTemplateBuilderLiveTest)  Time elapsed: 1.767 sec  <<< FAILURE!
java.lang.AssertionError: expected:<[user=foo, passwordPresent=true, privateKeyPresent=false, shouldAuthenticateSudo=true]> but was:<null>
	at org.testng.Assert.fail(Assert.java:89)
	at org.testng.Assert.failNotEquals(Assert.java:489)
	at org.testng.Assert.assertEquals(Assert.java:118)
	at org.testng.Assert.assertEquals(Assert.java:160)
	at org.jclouds.compute.internal.BaseTemplateBuilderLiveTest.tryOverrideUsingPropertyKey(BaseTemplateBuilderLiveTest.java:274)
	at org.jclouds.compute.internal.BaseTemplateBuilderLiveTest.testTemplateBuilderWithLoginUserSpecified(BaseTemplateBuilderLiveTest.java:252)
	at sun.reflect.NativeMethodAccessorImpl.invoke0(Native Method)
	at sun.reflect.NativeMethodAccessorImpl.invoke(NativeMethodAccessorImpl.java:39)
	at sun.reflect.DelegatingMethodAccessorImpl.invoke(DelegatingMethodAccessorImpl.java:25)
	at java.lang.reflect.Method.invoke(Method.java:597)
	at org.testng.internal.MethodInvocationHelper.invokeMethod(MethodInvocationHelper.java:80)
	at org.testng.internal.Invoker.invokeMethod(Invoker.java:701)
	at org.testng.internal.Invoker.invokeTestMethod(Invoker.java:893)
	at org.testng.internal.Invoker.invokeTestMethods(Invoker.java:1218)
	at org.testng.internal.TestMethodWorker.invokeTestMethods(TestMethodWorker.java:127)
	at org.testng.internal.TestMethodWorker.run(TestMethodWorker.java:111)
	at org.testng.TestRunner.privateRun(TestRunner.java:758)
	at org.testng.TestRunner.run(TestRunner.java:613)
	at org.testng.SuiteRunner.runTest(SuiteRunner.java:334)
	at org.testng.SuiteRunner.access$000(SuiteRunner.java:37)
	at org.testng.SuiteRunner$SuiteWorker.run(SuiteRunner.java:368)
	at org.testng.internal.thread.ThreadUtil$2.call(ThreadUtil.java:64)
	at java.util.concurrent.FutureTask$Sync.innerRun(FutureTask.java:303)
	at java.util.concurrent.FutureTask.run(FutureTask.java:138)
	at java.util.concurrent.ThreadPoolExecutor$Worker.runTask(ThreadPoolExecutor.java:886)
	at java.util.concurrent.ThreadPoolExecutor$Worker.run(ThreadPoolExecutor.java:908)
	at java.lang.Thread.run(Thread.java:680)
testFromTemplate(org.jclouds.rimuhosting.miro.compute.RimuHostingTemplateBuilderLiveTest)  Time elapsed: 0.002 sec  <<< FAILURE!
java.util.NoSuchElementException: no image matched predicate: And(nullEqualToIsParentOrIsGrandparentOfCurrentLocation(),And(osFamily(ubuntu),osName(ubuntu1110.64),osDescription(Ubuntu 11.10 64-bit (Oneiric Ocelot)),osVersion(11.10),os64Bit(true)),imageName(Ubuntu 11.10 64-bit (Oneiric Ocelot)),imageDescription(^Ubuntu 11.10 64-bit (Oneiric Ocelot)$))
	at org.jclouds.compute.domain.internal.TemplateBuilderImpl.throwNoSuchElementExceptionAfterLoggingImageIds(TemplateBuilderImpl.java:634)
	at org.jclouds.compute.domain.internal.TemplateBuilderImpl.build(TemplateBuilderImpl.java:622)
	at org.jclouds.compute.internal.BaseTemplateBuilderLiveTest.testFromTemplate(BaseTemplateBuilderLiveTest.java:93)
	at sun.reflect.NativeMethodAccessorImpl.invoke0(Native Method)
	at sun.reflect.NativeMethodAccessorImpl.invoke(NativeMethodAccessorImpl.java:39)
	at sun.reflect.DelegatingMethodAccessorImpl.invoke(DelegatingMethodAccessorImpl.java:25)
	at java.lang.reflect.Method.invoke(Method.java:597)
	at org.testng.internal.MethodInvocationHelper.invokeMethod(MethodInvocationHelper.java:80)
	at org.testng.internal.Invoker.invokeMethod(Invoker.java:701)
	at org.testng.internal.Invoker.invokeTestMethod(Invoker.java:893)
	at org.testng.internal.Invoker.invokeTestMethods(Invoker.java:1218)
	at org.testng.internal.TestMethodWorker.invokeTestMethods(TestMethodWorker.java:127)
	at org.testng.internal.TestMethodWorker.run(TestMethodWorker.java:111)
	at org.testng.TestRunner.privateRun(TestRunner.java:758)
	at org.testng.TestRunner.run(TestRunner.java:613)
	at org.testng.SuiteRunner.runTest(SuiteRunner.java:334)
	at org.testng.SuiteRunner.access$000(SuiteRunner.java:37)
	at org.testng.SuiteRunner$SuiteWorker.run(SuiteRunner.java:368)
	at org.testng.internal.thread.ThreadUtil$2.call(ThreadUtil.java:64)
	at java.util.concurrent.FutureTask$Sync.innerRun(FutureTask.java:303)
	at java.util.concurrent.FutureTask.run(FutureTask.java:138)
	at java.util.concurrent.ThreadPoolExecutor$Worker.runTask(ThreadPoolExecutor.java:886)
	at java.util.concurrent.ThreadPoolExecutor$Worker.run(ThreadPoolExecutor.java:908)
	at java.lang.Thread.run(Thread.java:680)
testAScriptExecutionAfterBootWithBasicTemplate(org.jclouds.rimuhosting.miro.compute.RimuHostingComputeServiceLiveTest)  Time elapsed: 1.111 sec  <<< FAILURE!
java.lang.IllegalArgumentException: Object 'rimuhosting.jcloudsr' doesn't match dns naming constraints. Reason: Should have lowercase ASCII letters, numbers, or dashes.
	at org.jclouds.predicates.validators.DnsNameValidator.exception(DnsNameValidator.java:78)
	at org.jclouds.predicates.validators.DnsNameValidator.validate(DnsNameValidator.java:70)
	at org.jclouds.predicates.validators.DnsNameValidator.validate(DnsNameValidator.java:40)
	at org.jclouds.compute.internal.FormatSharedNamesAndAppendUniqueStringToThoseWhichRepeat.checkGroup(FormatSharedNamesAndAppendUniqueStringToThoseWhichRepeat.java:128)
	at org.jclouds.compute.internal.FormatSharedNamesAndAppendUniqueStringToThoseWhichRepeat.uniqueNameForGroup(FormatSharedNamesAndAppendUniqueStringToThoseWhichRepeat.java:134)
	at org.jclouds.compute.strategy.impl.CreateNodesWithGroupEncodedIntoNameThenAddToSet.getNextNames(CreateNodesWithGroupEncodedIntoNameThenAddToSet.java:188)
	at org.jclouds.compute.strategy.impl.CreateNodesWithGroupEncodedIntoNameThenAddToSet.execute(CreateNodesWithGroupEncodedIntoNameThenAddToSet.java:123)
	at org.jclouds.compute.internal.BaseComputeService.createNodesInGroup(BaseComputeService.java:205)
	at org.jclouds.compute.internal.BaseComputeService.createNodesInGroup(BaseComputeService.java:221)
	at org.jclouds.compute.internal.BaseComputeServiceLiveTest.testAScriptExecutionAfterBootWithBasicTemplate(BaseComputeServiceLiveTest.java:216)
	at sun.reflect.NativeMethodAccessorImpl.invoke0(Native Method)
	at sun.reflect.NativeMethodAccessorImpl.invoke(NativeMethodAccessorImpl.java:39)
	at sun.reflect.DelegatingMethodAccessorImpl.invoke(DelegatingMethodAccessorImpl.java:25)
	at java.lang.reflect.Method.invoke(Method.java:597)
	at org.testng.internal.MethodInvocationHelper.invokeMethod(MethodInvocationHelper.java:80)
	at org.testng.internal.Invoker.invokeMethod(Invoker.java:701)
	at org.testng.internal.Invoker.invokeTestMethod(Invoker.java:893)
	at org.testng.internal.Invoker.invokeTestMethods(Invoker.java:1218)
	at org.testng.internal.TestMethodWorker.invokeTestMethods(TestMethodWorker.java:127)
	at org.testng.internal.TestMethodWorker.run(TestMethodWorker.java:111)
	at org.testng.TestRunner.privateRun(TestRunner.java:758)
	at org.testng.TestRunner.run(TestRunner.java:613)
	at org.testng.SuiteRunner.runTest(SuiteRunner.java:334)
	at org.testng.SuiteRunner.access$000(SuiteRunner.java:37)
	at org.testng.SuiteRunner$SuiteWorker.run(SuiteRunner.java:368)
	at org.testng.internal.thread.ThreadUtil$2.call(ThreadUtil.java:64)
	at java.util.concurrent.FutureTask$Sync.innerRun(FutureTask.java:303)
	at java.util.concurrent.FutureTask.run(FutureTask.java:138)
	at java.util.concurrent.ThreadPoolExecutor$Worker.runTask(ThreadPoolExecutor.java:886)
	at java.util.concurrent.ThreadPoolExecutor$Worker.run(ThreadPoolExecutor.java:908)
	at java.lang.Thread.run(Thread.java:680)
testCreateTwoNodesWithRunScript(org.jclouds.rimuhosting.miro.compute.RimuHostingComputeServiceLiveTest)  Time elapsed: 0.629 sec  <<< FAILURE!
java.lang.IllegalArgumentException: Object 'rimuhosting.jclouds' doesn't match dns naming constraints. Reason: Should have lowercase ASCII letters, numbers, or dashes.
	at org.jclouds.predicates.validators.DnsNameValidator.exception(DnsNameValidator.java:78)
	at org.jclouds.predicates.validators.DnsNameValidator.validate(DnsNameValidator.java:70)
	at org.jclouds.predicates.validators.DnsNameValidator.validate(DnsNameValidator.java:40)
	at org.jclouds.compute.internal.FormatSharedNamesAndAppendUniqueStringToThoseWhichRepeat.checkGroup(FormatSharedNamesAndAppendUniqueStringToThoseWhichRepeat.java:128)
	at org.jclouds.compute.internal.FormatSharedNamesAndAppendUniqueStringToThoseWhichRepeat.uniqueNameForGroup(FormatSharedNamesAndAppendUniqueStringToThoseWhichRepeat.java:134)
	at org.jclouds.compute.strategy.impl.CreateNodesWithGroupEncodedIntoNameThenAddToSet.getNextNames(CreateNodesWithGroupEncodedIntoNameThenAddToSet.java:188)
	at org.jclouds.compute.strategy.impl.CreateNodesWithGroupEncodedIntoNameThenAddToSet.execute(CreateNodesWithGroupEncodedIntoNameThenAddToSet.java:123)
	at org.jclouds.compute.internal.BaseComputeService.createNodesInGroup(BaseComputeService.java:205)
	at org.jclouds.compute.internal.BaseComputeServiceLiveTest.testCreateTwoNodesWithRunScript(BaseComputeServiceLiveTest.java:335)
	at sun.reflect.NativeMethodAccessorImpl.invoke0(Native Method)
	at sun.reflect.NativeMethodAccessorImpl.invoke(NativeMethodAccessorImpl.java:39)
	at sun.reflect.DelegatingMethodAccessorImpl.invoke(DelegatingMethodAccessorImpl.java:25)
	at java.lang.reflect.Method.invoke(Method.java:597)
	at org.testng.internal.MethodInvocationHelper.invokeMethod(MethodInvocationHelper.java:80)
	at org.testng.internal.Invoker.invokeMethod(Invoker.java:701)
	at org.testng.internal.Invoker.invokeTestMethod(Invoker.java:893)
	at org.testng.internal.Invoker.invokeTestMethods(Invoker.java:1218)
	at org.testng.internal.TestMethodWorker.invokeTestMethods(TestMethodWorker.java:127)
	at org.testng.internal.TestMethodWorker.run(TestMethodWorker.java:111)
	at org.testng.TestRunner.privateRun(TestRunner.java:758)
	at org.testng.TestRunner.run(TestRunner.java:613)
	at org.testng.SuiteRunner.runTest(SuiteRunner.java:334)
	at org.testng.SuiteRunner.access$000(SuiteRunner.java:37)
	at org.testng.SuiteRunner$SuiteWorker.run(SuiteRunner.java:368)
	at org.testng.internal.thread.ThreadUtil$2.call(ThreadUtil.java:64)
	at java.util.concurrent.FutureTask$Sync.innerRun(FutureTask.java:303)
	at java.util.concurrent.FutureTask.run(FutureTask.java:138)
	at java.util.concurrent.ThreadPoolExecutor$Worker.runTask(ThreadPoolExecutor.java:886)
	at java.util.concurrent.ThreadPoolExecutor$Worker.run(ThreadPoolExecutor.java:908)
	at java.lang.Thread.run(Thread.java:680)
