[INFO] Scanning for projects...
[WARNING] 
[WARNING] Some problems were encountered while building the effective model for org.jclouds.provider:slicehost:bundle:1.5.0-SNAPSHOT
[WARNING] 'parent.relativePath' of POM org.jclouds:jclouds-project:1.5.0-SNAPSHOT (/Users/adriancole/workspace/git/jclouds/project/pom.xml) points at org.jclouds:jclouds-multi instead of org.sonatype.oss:oss-parent, please verify your project structure @ org.jclouds:jclouds-project:1.5.0-SNAPSHOT, /Users/adriancole/workspace/git/jclouds/project/pom.xml, line 24, column 13
[WARNING] 
[WARNING] It is highly recommended to fix these problems because they threaten the stability of your build.
[WARNING] 
[WARNING] For this reason, future Maven versions might no longer support building such malformed projects.
[WARNING] 
[INFO]                                                                         
[INFO] ------------------------------------------------------------------------
[INFO] Building jclouds Slicehost provider 1.5.0-SNAPSHOT
[INFO] ------------------------------------------------------------------------
[INFO] 
[INFO] --- maven-clean-plugin:2.4.1:clean (default-clean) @ slicehost ---
[INFO] Deleting /Users/adriancole/workspace/git/jclouds/providers/slicehost/target
[INFO] 
[INFO] --- maven-enforcer-plugin:1.0.1:enforce (enforce-maven) @ slicehost ---
[INFO] 
[INFO] --- maven-enforcer-plugin:1.0.1:enforce (enforce-banned-dependencies) @ slicehost ---
[INFO] 
[INFO] --- maven-enforcer-plugin:1.0.1:enforce (enforce-java) @ slicehost ---
[INFO] 
[INFO] --- maven-remote-resources-plugin:1.2.1:process (process-remote-resources) @ slicehost ---
[INFO] 
[INFO] --- maven-resources-plugin:2.5:resources (default-resources) @ slicehost ---
[debug] execute contextualize
[INFO] Using 'UTF-8' encoding to copy filtered resources.
[INFO] skip non existing resourceDirectory /Users/adriancole/workspace/git/jclouds/providers/slicehost/src/main/clojure
[INFO] Copying 1 resource
[INFO] Copying 2 resources
[INFO] 
[INFO] --- maven-compiler-plugin:2.3.2:compile (default-compile) @ slicehost ---
[INFO] Compiling 30 source files to /Users/adriancole/workspace/git/jclouds/providers/slicehost/target/classes
[INFO] 
[INFO] --- maven-resources-plugin:2.5:testResources (default-testResources) @ slicehost ---
[debug] execute contextualize
[INFO] Using 'UTF-8' encoding to copy filtered resources.
[INFO] skip non existing resourceDirectory /Users/adriancole/workspace/git/jclouds/providers/slicehost/src/test/clojure
[INFO] Copying 10 resources
[INFO] Copying 2 resources
[INFO] 
[INFO] --- maven-compiler-plugin:2.3.2:testCompile (default-testCompile) @ slicehost ---
[INFO] Compiling 15 source files to /Users/adriancole/workspace/git/jclouds/providers/slicehost/target/test-classes
[INFO] 
[INFO] --- maven-surefire-plugin:2.12:test (default-test) @ slicehost ---
[INFO] Surefire report directory: /Users/adriancole/workspace/git/jclouds/providers/slicehost/target/surefire-reports
[INFO] Using configured provider org.apache.maven.surefire.testng.TestNGProvider

-------------------------------------------------------
 T E S T S
-------------------------------------------------------
Running TestSuite
Configuring TestNG with: org.apache.maven.surefire.testng.conf.TestNGMapConfigurator@1f292d26
Starting test test(org.jclouds.slicehost.xml.FlavorHandlerTest)
Starting test test(org.jclouds.slicehost.xml.ImageHandlerTest)
Starting test test32(org.jclouds.slicehost.xml.ImageHandlerTest)
Starting test test(org.jclouds.slicehost.compute.functions.FlavorToHardwareTest)
Starting test testAllStatusCovered(org.jclouds.slicehost.compute.config.SlicehostComputeServiceContextModuleTest)
[pool-2-thread-5] Test testAllStatusCovered(org.jclouds.slicehost.compute.config.SlicehostComputeServiceContextModuleTest) succeeded: 15ms
Test suite progress: tests succeeded: 1, failed: 0, skipped: 0.
Starting test test(org.jclouds.slicehost.compute.functions.SlicehostImageToImageTest)
[pool-2-thread-4] Test test32(org.jclouds.slicehost.xml.ImageHandlerTest) succeeded: 82ms
Test suite progress: tests succeeded: 2, failed: 0, skipped: 0.
Starting test test32(org.jclouds.slicehost.compute.functions.SlicehostImageToImageTest)
[pool-2-thread-1] Test test(org.jclouds.slicehost.xml.FlavorHandlerTest) succeeded: 93ms
Test suite progress: tests succeeded: 3, failed: 0, skipped: 0.
[pool-2-thread-3] Test test(org.jclouds.slicehost.xml.ImageHandlerTest) succeeded: 94ms
Test suite progress: tests succeeded: 4, failed: 0, skipped: 0.
[pool-2-thread-2] Test test(org.jclouds.slicehost.compute.functions.FlavorToHardwareTest) succeeded: 97ms
Test suite progress: tests succeeded: 5, failed: 0, skipped: 0.
[pool-2-thread-5] Test test(org.jclouds.slicehost.compute.functions.SlicehostImageToImageTest) succeeded: 220ms
Test suite progress: tests succeeded: 6, failed: 0, skipped: 0.
[pool-2-thread-4] Test test32(org.jclouds.slicehost.compute.functions.SlicehostImageToImageTest) succeeded: 157ms
Test suite progress: tests succeeded: 7, failed: 0, skipped: 0.
Starting test testApplyWhereImageAndHardwareFound(org.jclouds.slicehost.compute.functions.SliceToNodeMetadataTest)
Starting test testApplyWhereImageAndHardwareNotFound(org.jclouds.slicehost.compute.functions.SliceToNodeMetadataTest)
Starting test testApplyWhereImageFoundAndHardwareNotFound(org.jclouds.slicehost.compute.functions.SliceToNodeMetadataTest)
[pool-3-thread-2] Test testApplyWhereImageAndHardwareNotFound(org.jclouds.slicehost.compute.functions.SliceToNodeMetadataTest) succeeded: 35ms
Test suite progress: tests succeeded: 8, failed: 0, skipped: 0.
[pool-3-thread-1] Test testApplyWhereImageAndHardwareFound(org.jclouds.slicehost.compute.functions.SliceToNodeMetadataTest) succeeded: 45ms
Test suite progress: tests succeeded: 9, failed: 0, skipped: 0.
[pool-3-thread-3] Test testApplyWhereImageFoundAndHardwareNotFound(org.jclouds.slicehost.compute.functions.SliceToNodeMetadataTest) succeeded: 39ms
Test suite progress: tests succeeded: 10, failed: 0, skipped: 0.
Starting test testDestroySlice(org.jclouds.slicehost.SlicehostAsyncClientTest)
Starting test testGetFlavor(org.jclouds.slicehost.SlicehostAsyncClientTest)
Starting test testGetSlice(org.jclouds.slicehost.SlicehostAsyncClientTest)
Starting test testGetImage(org.jclouds.slicehost.SlicehostAsyncClientTest)
Starting test testCreateSlice(org.jclouds.slicehost.SlicehostAsyncClientTest)
[pool-4-thread-4] Test testGetImage(org.jclouds.slicehost.SlicehostAsyncClientTest) succeeded: 39ms
Test suite progress: tests succeeded: 11, failed: 0, skipped: 0.
[pool-4-thread-3] Test testGetFlavor(org.jclouds.slicehost.SlicehostAsyncClientTest) succeeded: 44ms
Test suite progress: tests succeeded: 12, failed: 0, skipped: 0.
Starting test testListFlavors(org.jclouds.slicehost.SlicehostAsyncClientTest)
Starting test testHardReboot(org.jclouds.slicehost.SlicehostAsyncClientTest)
[pool-4-thread-3] Test testListFlavors(org.jclouds.slicehost.SlicehostAsyncClientTest) succeeded: 8ms
Test suite progress: tests succeeded: 13, failed: 0, skipped: 0.
Starting test testListImages(org.jclouds.slicehost.SlicehostAsyncClientTest)
[pool-4-thread-5] Test testGetSlice(org.jclouds.slicehost.SlicehostAsyncClientTest) succeeded: 53ms
Test suite progress: tests succeeded: 14, failed: 0, skipped: 0.
Starting test testListSlices(org.jclouds.slicehost.SlicehostAsyncClientTest)
[pool-4-thread-1] Test testCreateSlice(org.jclouds.slicehost.SlicehostAsyncClientTest) succeeded: 51ms
Test suite progress: tests succeeded: 15, failed: 0, skipped: 0.
[pool-4-thread-2] Test testDestroySlice(org.jclouds.slicehost.SlicehostAsyncClientTest) succeeded: 70ms
Test suite progress: tests succeeded: 16, failed: 0, skipped: 0.
Starting test testRebuildSliceFromBackup(org.jclouds.slicehost.SlicehostAsyncClientTest)
Starting test testReboot(org.jclouds.slicehost.SlicehostAsyncClientTest)
[pool-4-thread-5] Test testListSlices(org.jclouds.slicehost.SlicehostAsyncClientTest) succeeded: 11ms
Test suite progress: tests succeeded: 17, failed: 0, skipped: 0.
Starting test testRebuildSliceFromImage(org.jclouds.slicehost.SlicehostAsyncClientTest)
[pool-4-thread-3] Test testListImages(org.jclouds.slicehost.SlicehostAsyncClientTest) succeeded: 21ms
Test suite progress: tests succeeded: 18, failed: 0, skipped: 0.
[pool-4-thread-4] Test testHardReboot(org.jclouds.slicehost.SlicehostAsyncClientTest) succeeded: 41ms
Test suite progress: tests succeeded: 19, failed: 0, skipped: 0.
[pool-4-thread-2] Test testRebuildSliceFromBackup(org.jclouds.slicehost.SlicehostAsyncClientTest) succeeded: 35ms
Test suite progress: tests succeeded: 20, failed: 0, skipped: 0.
[pool-4-thread-5] Test testRebuildSliceFromImage(org.jclouds.slicehost.SlicehostAsyncClientTest) succeeded: 34ms
Test suite progress: tests succeeded: 21, failed: 0, skipped: 0.
[pool-4-thread-1] Test testReboot(org.jclouds.slicehost.SlicehostAsyncClientTest) succeeded: 39ms
Test suite progress: tests succeeded: 22, failed: 0, skipped: 0.
Starting test testAllContains(org.jclouds.slicehost.SlicehostProviderTest)
[pool-5-thread-1] Test testAllContains(org.jclouds.slicehost.SlicehostProviderTest) succeeded: 1ms
Test suite progress: tests succeeded: 23, failed: 0, skipped: 0.
Starting test testOfApiContains(org.jclouds.slicehost.SlicehostProviderTest)
[pool-5-thread-2] Test testOfApiContains(org.jclouds.slicehost.SlicehostProviderTest) succeeded: 2ms
Test suite progress: tests succeeded: 24, failed: 0, skipped: 0.
Starting test testTransformableToContains(org.jclouds.slicehost.SlicehostProviderTest)
[pool-5-thread-3] Test testTransformableToContains(org.jclouds.slicehost.SlicehostProviderTest) succeeded: 18ms
Test suite progress: tests succeeded: 25, failed: 0, skipped: 0.
Starting test testWithId(org.jclouds.slicehost.SlicehostProviderTest)
[pool-5-thread-4] Test testWithId(org.jclouds.slicehost.SlicehostProviderTest) succeeded: 2ms
Test suite progress: tests succeeded: 26, failed: 0, skipped: 0.
Starting test test(org.jclouds.slicehost.xml.FlavorsHandlerTest)
[pool-6-thread-1] Test test(org.jclouds.slicehost.xml.FlavorsHandlerTest) succeeded: 2ms
Test suite progress: tests succeeded: 27, failed: 0, skipped: 0.
Starting test test(org.jclouds.slicehost.xml.ImagesHandlerTest)
[pool-7-thread-1] Test test(org.jclouds.slicehost.xml.ImagesHandlerTest) succeeded: 3ms
Test suite progress: tests succeeded: 28, failed: 0, skipped: 0.
Starting test test(org.jclouds.slicehost.xml.SliceHandlerTest)
[pool-8-thread-1] Test test(org.jclouds.slicehost.xml.SliceHandlerTest) succeeded: 4ms
Test suite progress: tests succeeded: 29, failed: 0, skipped: 0.
Starting test testNew(org.jclouds.slicehost.xml.SliceHandlerTest)
[pool-8-thread-2] Test testNew(org.jclouds.slicehost.xml.SliceHandlerTest) succeeded: 3ms
Test suite progress: tests succeeded: 30, failed: 0, skipped: 0.
Starting test test(org.jclouds.slicehost.xml.SlicesHandlerTest)
[pool-9-thread-1] Test test(org.jclouds.slicehost.xml.SlicesHandlerTest) succeeded: 2ms
Test suite progress: tests succeeded: 31, failed: 0, skipped: 0.
Tests run: 31, Failures: 0, Errors: 0, Skipped: 0, Time elapsed: 2.942 sec

Results :

Tests run: 31, Failures: 0, Errors: 0, Skipped: 0

[INFO] 
[INFO] --- clojure-maven-plugin:1.3.9:test (test-clojure) @ slicehost ---

Testing com.theoryinpractise.clojure.testrunner

Ran 0 tests containing 0 assertions.
0 failures, 0 errors.
[INFO] 
[INFO] --- maven-bundle-plugin:2.3.7:bundle (default-bundle) @ slicehost ---
[INFO] 
[INFO] --- maven-source-plugin:2.1.2:jar-no-fork (attach-sources) @ slicehost ---
[INFO] META-INF already added, skipping
[INFO] META-INF already added, skipping
[INFO] META-INF/LICENSE.txt already added, skipping
[INFO] META-INF/NOTICE.txt already added, skipping
[INFO] Building jar: /Users/adriancole/workspace/git/jclouds/providers/slicehost/target/slicehost-1.5.0-SNAPSHOT-sources.jar
[INFO] META-INF already added, skipping
[INFO] META-INF already added, skipping
[INFO] META-INF/LICENSE.txt already added, skipping
[INFO] META-INF/NOTICE.txt already added, skipping
[INFO] 
[INFO] --- maven-javadoc-plugin:2.8.1:jar (javadoc) @ slicehost ---
[INFO] Skipping javadoc generation
[INFO] 
[INFO] --- maven-jar-plugin:2.4:test-jar (default) @ slicehost ---
[INFO] Building jar: /Users/adriancole/workspace/git/jclouds/providers/slicehost/target/slicehost-1.5.0-SNAPSHOT-tests.jar
[INFO] 
[INFO] --- maven-surefire-plugin:2.12:test (integration) @ slicehost ---
[INFO] Surefire report directory: /Users/adriancole/workspace/git/jclouds/providers/slicehost/target/surefire-reports
[INFO] Using configured provider org.apache.maven.surefire.testng.TestNGProvider

-------------------------------------------------------
 T E S T S
-------------------------------------------------------
Running TestSuite
Configuring TestNG with: org.apache.maven.surefire.testng.conf.TestNGMapConfigurator@4ba33d48
Starting test setServiceDefaults(org.jclouds.slicehost.compute.SlicehostComputeServiceLiveTest)
[TestNG] Test setServiceDefaults(org.jclouds.slicehost.compute.SlicehostComputeServiceLiveTest) succeeded: 1ms
Test suite progress: tests succeeded: 1, failed: 0, skipped: 0.
Starting test testCompareSizes(org.jclouds.slicehost.compute.SlicehostComputeServiceLiveTest)
Apr 24, 2012 3:20:41 AM org.jclouds.compute.internal.BaseComputeServiceLiveTest testCompareSizes
INFO: smallest [id=1, providerId=1, name=256 slice, processors=[[cores=0.25, speed=1.0]], ram=256, volumes=[[id=null, type=LOCAL, size=1.0, device=null, durable=true, isBootDevice=true]], hypervisor=xen, supportsImage=ALWAYS_TRUE, tags=[]]
Apr 24, 2012 3:20:41 AM org.jclouds.compute.internal.BaseComputeServiceLiveTest testCompareSizes
INFO: fastest [id=8, providerId=8, name=30GB slice, processors=[[cores=30.0, speed=1.0]], ram=30720, volumes=[[id=null, type=LOCAL, size=120.0, device=null, durable=true, isBootDevice=true]], hypervisor=xen, supportsImage=ALWAYS_TRUE, tags=[]]
Apr 24, 2012 3:20:41 AM org.jclouds.compute.internal.BaseComputeServiceLiveTest testCompareSizes
INFO: biggest [id=8, providerId=8, name=30GB slice, processors=[[cores=30.0, speed=1.0]], ram=30720, volumes=[[id=null, type=LOCAL, size=120.0, device=null, durable=true, isBootDevice=true]], hypervisor=xen, supportsImage=ALWAYS_TRUE, tags=[]]
[TestNG] Test testCompareSizes(org.jclouds.slicehost.compute.SlicehostComputeServiceLiveTest) succeeded: 2623ms
Test suite progress: tests succeeded: 2, failed: 0, skipped: 0.
Starting test testCorrectAuthException(org.jclouds.slicehost.compute.SlicehostComputeServiceLiveTest)
[TestNG] Test testCorrectAuthException(org.jclouds.slicehost.compute.SlicehostComputeServiceLiveTest) failed.
Test suite progress: tests succeeded: 2, failed: 1, skipped: 0.
Starting test testCreateAndRunAService(org.jclouds.slicehost.compute.SlicehostComputeServiceLiveTest)
[TestNG] Test testCreateAndRunAService(org.jclouds.slicehost.compute.SlicehostComputeServiceLiveTest) failed.
Test suite progress: tests succeeded: 2, failed: 2, skipped: 0.
Starting test testGetAssignableLocations(org.jclouds.slicehost.compute.SlicehostComputeServiceLiveTest)
Apr 24, 2012 3:20:54 AM org.jclouds.compute.internal.BaseComputeServiceLiveTest testGetAssignableLocations
WARNING: location [id=slicehost, scope=PROVIDER, description=https://api.slicehost.com, parent=null, iso3166Codes=[US-IL, US-TX, US-MO], metadata={}]
[TestNG] Test testGetAssignableLocations(org.jclouds.slicehost.compute.SlicehostComputeServiceLiveTest) succeeded: 1ms
Test suite progress: tests succeeded: 3, failed: 2, skipped: 0.
Starting test testImagesCache(org.jclouds.slicehost.compute.SlicehostComputeServiceLiveTest)
[TestNG] Test testImagesCache(org.jclouds.slicehost.compute.SlicehostComputeServiceLiveTest) succeeded: 20ms
Test suite progress: tests succeeded: 4, failed: 2, skipped: 0.
Starting test testListImages(org.jclouds.slicehost.compute.SlicehostComputeServiceLiveTest)
[TestNG] Test testListImages(org.jclouds.slicehost.compute.SlicehostComputeServiceLiveTest) succeeded: 1ms
Test suite progress: tests succeeded: 5, failed: 2, skipped: 0.
Starting test testListSizes(org.jclouds.slicehost.compute.SlicehostComputeServiceLiveTest)
[TestNG] Test testListSizes(org.jclouds.slicehost.compute.SlicehostComputeServiceLiveTest) succeeded: 0ms
Test suite progress: tests succeeded: 6, failed: 2, skipped: 0.
Starting test testOptionToNotBlock(org.jclouds.slicehost.compute.SlicehostComputeServiceLiveTest)
[TestNG] Test testOptionToNotBlock(org.jclouds.slicehost.compute.SlicehostComputeServiceLiveTest) failed.
Test suite progress: tests succeeded: 6, failed: 3, skipped: 0.
Starting test testSuspendResume(org.jclouds.slicehost.compute.SlicehostComputeServiceLiveTest)
[TestNG] Test testSuspendResume(org.jclouds.slicehost.compute.SlicehostComputeServiceLiveTest) failed.
Test suite progress: tests succeeded: 6, failed: 4, skipped: 0.
Starting test testCorrectExceptionRunningNodesNotFound(org.jclouds.slicehost.compute.SlicehostComputeServiceLiveTest)
[TestNG] Test testCorrectExceptionRunningNodesNotFound(org.jclouds.slicehost.compute.SlicehostComputeServiceLiveTest) succeeded: 2715ms
Test suite progress: tests succeeded: 7, failed: 4, skipped: 0.
Starting test testCompareSizes(org.jclouds.slicehost.compute.SlicehostTemplateBuilderLiveTest)
smallest [id=1, providerId=1, name=256 slice, processors=[[cores=0.25, speed=1.0]], ram=256, volumes=[[id=null, type=LOCAL, size=1.0, device=null, durable=true, isBootDevice=true]], hypervisor=xen, supportsImage=ALWAYS_TRUE, tags=[]]
fastest [id=8, providerId=8, name=30GB slice, processors=[[cores=30.0, speed=1.0]], ram=30720, volumes=[[id=null, type=LOCAL, size=120.0, device=null, durable=true, isBootDevice=true]], hypervisor=xen, supportsImage=ALWAYS_TRUE, tags=[]]
biggest [id=8, providerId=8, name=30GB slice, processors=[[cores=30.0, speed=1.0]], ram=30720, volumes=[[id=null, type=LOCAL, size=120.0, device=null, durable=true, isBootDevice=true]], hypervisor=xen, supportsImage=ALWAYS_TRUE, tags=[]]
[TestNG] Test testCompareSizes(org.jclouds.slicehost.compute.SlicehostTemplateBuilderLiveTest) succeeded: 1936ms
Test suite progress: tests succeeded: 8, failed: 4, skipped: 0.
Starting test testGetAssignableLocations(org.jclouds.slicehost.compute.SlicehostTemplateBuilderLiveTest)
location [id=slicehost, scope=PROVIDER, description=https://api.slicehost.com, parent=null, iso3166Codes=[US-IL, US-TX, US-MO], metadata={}]
[TestNG] Test testGetAssignableLocations(org.jclouds.slicehost.compute.SlicehostTemplateBuilderLiveTest) succeeded: 0ms
Test suite progress: tests succeeded: 9, failed: 4, skipped: 0.
Starting test testTemplateBuilderCanFind(org.jclouds.slicehost.compute.SlicehostTemplateBuilderLiveTest)
[TestNG] Test testTemplateBuilderCanFind(org.jclouds.slicehost.compute.SlicehostTemplateBuilderLiveTest) succeeded: 4ms
Test suite progress: tests succeeded: 10, failed: 4, skipped: 0.
Starting test testTemplateBuilderCanFind(org.jclouds.slicehost.compute.SlicehostTemplateBuilderLiveTest)
[TestNG] Test testTemplateBuilderCanFind(org.jclouds.slicehost.compute.SlicehostTemplateBuilderLiveTest) succeeded: 1ms
Test suite progress: tests succeeded: 11, failed: 4, skipped: 0.
Starting test testTemplateBuilderCanFind(org.jclouds.slicehost.compute.SlicehostTemplateBuilderLiveTest)
[TestNG] Test testTemplateBuilderCanFind(org.jclouds.slicehost.compute.SlicehostTemplateBuilderLiveTest) succeeded: 2ms
Test suite progress: tests succeeded: 12, failed: 4, skipped: 0.
Starting test testTemplateBuilderCanFind(org.jclouds.slicehost.compute.SlicehostTemplateBuilderLiveTest)
[TestNG] Test testTemplateBuilderCanFind(org.jclouds.slicehost.compute.SlicehostTemplateBuilderLiveTest) succeeded: 1ms
Test suite progress: tests succeeded: 13, failed: 4, skipped: 0.
Starting test testTemplateBuilderCanFind(org.jclouds.slicehost.compute.SlicehostTemplateBuilderLiveTest)
[TestNG] Test testTemplateBuilderCanFind(org.jclouds.slicehost.compute.SlicehostTemplateBuilderLiveTest) succeeded: 1ms
Test suite progress: tests succeeded: 14, failed: 4, skipped: 0.
Starting test testTemplateBuilderCanFind(org.jclouds.slicehost.compute.SlicehostTemplateBuilderLiveTest)
[TestNG] Test testTemplateBuilderCanFind(org.jclouds.slicehost.compute.SlicehostTemplateBuilderLiveTest) succeeded: 2ms
Test suite progress: tests succeeded: 15, failed: 4, skipped: 0.
Starting test testTemplateBuilderCanFind(org.jclouds.slicehost.compute.SlicehostTemplateBuilderLiveTest)
[TestNG] Test testTemplateBuilderCanFind(org.jclouds.slicehost.compute.SlicehostTemplateBuilderLiveTest) succeeded: 2ms
Test suite progress: tests succeeded: 16, failed: 4, skipped: 0.
Starting test testTemplateBuilderCanFind(org.jclouds.slicehost.compute.SlicehostTemplateBuilderLiveTest)
[TestNG] Test testTemplateBuilderCanFind(org.jclouds.slicehost.compute.SlicehostTemplateBuilderLiveTest) succeeded: 2ms
Test suite progress: tests succeeded: 17, failed: 4, skipped: 0.
Starting test testTemplateBuilderCanFind(org.jclouds.slicehost.compute.SlicehostTemplateBuilderLiveTest)
[TestNG] Test testTemplateBuilderCanFind(org.jclouds.slicehost.compute.SlicehostTemplateBuilderLiveTest) succeeded: 14ms
Test suite progress: tests succeeded: 18, failed: 4, skipped: 0.
Starting test testTemplateBuilderCanFind(org.jclouds.slicehost.compute.SlicehostTemplateBuilderLiveTest)
[TestNG] Test testTemplateBuilderCanFind(org.jclouds.slicehost.compute.SlicehostTemplateBuilderLiveTest) succeeded: 1ms
Test suite progress: tests succeeded: 19, failed: 4, skipped: 0.
Starting test testTemplateBuilderCanFind(org.jclouds.slicehost.compute.SlicehostTemplateBuilderLiveTest)
[TestNG] Test testTemplateBuilderCanFind(org.jclouds.slicehost.compute.SlicehostTemplateBuilderLiveTest) succeeded: 2ms
Test suite progress: tests succeeded: 20, failed: 4, skipped: 0.
Starting test testTemplateBuilderCanFind(org.jclouds.slicehost.compute.SlicehostTemplateBuilderLiveTest)
[TestNG] Test testTemplateBuilderCanFind(org.jclouds.slicehost.compute.SlicehostTemplateBuilderLiveTest) succeeded: 3ms
Test suite progress: tests succeeded: 21, failed: 4, skipped: 0.
Starting test testTemplateBuilderCanFind(org.jclouds.slicehost.compute.SlicehostTemplateBuilderLiveTest)
[TestNG] Test testTemplateBuilderCanFind(org.jclouds.slicehost.compute.SlicehostTemplateBuilderLiveTest) failed.
Test suite progress: tests succeeded: 21, failed: 5, skipped: 0.
Starting test testTemplateBuilderCanFind(org.jclouds.slicehost.compute.SlicehostTemplateBuilderLiveTest)
[TestNG] Test testTemplateBuilderCanFind(org.jclouds.slicehost.compute.SlicehostTemplateBuilderLiveTest) succeeded: 13ms
Test suite progress: tests succeeded: 22, failed: 5, skipped: 0.
Starting test testTemplateBuilderCanFind(org.jclouds.slicehost.compute.SlicehostTemplateBuilderLiveTest)
[TestNG] Test testTemplateBuilderCanFind(org.jclouds.slicehost.compute.SlicehostTemplateBuilderLiveTest) succeeded: 2ms
Test suite progress: tests succeeded: 23, failed: 5, skipped: 0.
Starting test testTemplateBuilderCanFind(org.jclouds.slicehost.compute.SlicehostTemplateBuilderLiveTest)
[TestNG] Test testTemplateBuilderCanFind(org.jclouds.slicehost.compute.SlicehostTemplateBuilderLiveTest) succeeded: 5ms
Test suite progress: tests succeeded: 24, failed: 5, skipped: 0.
Starting test testTemplateBuilderCanFind(org.jclouds.slicehost.compute.SlicehostTemplateBuilderLiveTest)
[TestNG] Test testTemplateBuilderCanFind(org.jclouds.slicehost.compute.SlicehostTemplateBuilderLiveTest) succeeded: 0ms
Test suite progress: tests succeeded: 25, failed: 5, skipped: 0.
Starting test testTemplateBuilderCanFind(org.jclouds.slicehost.compute.SlicehostTemplateBuilderLiveTest)
[TestNG] Test testTemplateBuilderCanFind(org.jclouds.slicehost.compute.SlicehostTemplateBuilderLiveTest) succeeded: 12ms
Test suite progress: tests succeeded: 26, failed: 5, skipped: 0.
Starting test testTemplateBuilderCanFind(org.jclouds.slicehost.compute.SlicehostTemplateBuilderLiveTest)
[TestNG] Test testTemplateBuilderCanFind(org.jclouds.slicehost.compute.SlicehostTemplateBuilderLiveTest) succeeded: 1ms
Test suite progress: tests succeeded: 27, failed: 5, skipped: 0.
Starting test testTemplateBuilderCanUseImageId(org.jclouds.slicehost.compute.SlicehostTemplateBuilderLiveTest)
[TestNG] Test testTemplateBuilderCanUseImageId(org.jclouds.slicehost.compute.SlicehostTemplateBuilderLiveTest) succeeded: 2056ms
Test suite progress: tests succeeded: 28, failed: 5, skipped: 0.
Starting test testTemplateBuilderCannotFind(org.jclouds.slicehost.compute.SlicehostTemplateBuilderLiveTest)
[TestNG] Test testTemplateBuilderCannotFind(org.jclouds.slicehost.compute.SlicehostTemplateBuilderLiveTest) succeeded: 0ms
Test suite progress: tests succeeded: 29, failed: 5, skipped: 0.
Starting test testTemplateBuilderCannotFind(org.jclouds.slicehost.compute.SlicehostTemplateBuilderLiveTest)
[TestNG] Test testTemplateBuilderCannotFind(org.jclouds.slicehost.compute.SlicehostTemplateBuilderLiveTest) succeeded: 1ms
Test suite progress: tests succeeded: 30, failed: 5, skipped: 0.
Starting test testTemplateBuilderCannotFind(org.jclouds.slicehost.compute.SlicehostTemplateBuilderLiveTest)
[TestNG] Test testTemplateBuilderCannotFind(org.jclouds.slicehost.compute.SlicehostTemplateBuilderLiveTest) succeeded: 1ms
Test suite progress: tests succeeded: 31, failed: 5, skipped: 0.
Starting test testTemplateBuilderCannotFind(org.jclouds.slicehost.compute.SlicehostTemplateBuilderLiveTest)
[TestNG] Test testTemplateBuilderCannotFind(org.jclouds.slicehost.compute.SlicehostTemplateBuilderLiveTest) succeeded: 1ms
Test suite progress: tests succeeded: 32, failed: 5, skipped: 0.
Starting test testTemplateBuilderCannotFind(org.jclouds.slicehost.compute.SlicehostTemplateBuilderLiveTest)
[TestNG] Test testTemplateBuilderCannotFind(org.jclouds.slicehost.compute.SlicehostTemplateBuilderLiveTest) succeeded: 2ms
Test suite progress: tests succeeded: 33, failed: 5, skipped: 0.
Starting test testTemplateBuilderCannotFind(org.jclouds.slicehost.compute.SlicehostTemplateBuilderLiveTest)
[TestNG] Test testTemplateBuilderCannotFind(org.jclouds.slicehost.compute.SlicehostTemplateBuilderLiveTest) succeeded: 1ms
Test suite progress: tests succeeded: 34, failed: 5, skipped: 0.
Starting test testTemplateBuilderCannotFind(org.jclouds.slicehost.compute.SlicehostTemplateBuilderLiveTest)
[TestNG] Test testTemplateBuilderCannotFind(org.jclouds.slicehost.compute.SlicehostTemplateBuilderLiveTest) succeeded: 2ms
Test suite progress: tests succeeded: 35, failed: 5, skipped: 0.
Starting test testTemplateBuilderCannotFind(org.jclouds.slicehost.compute.SlicehostTemplateBuilderLiveTest)
[TestNG] Test testTemplateBuilderCannotFind(org.jclouds.slicehost.compute.SlicehostTemplateBuilderLiveTest) succeeded: 1ms
Test suite progress: tests succeeded: 36, failed: 5, skipped: 0.
Starting test testTemplateBuilderCannotFind(org.jclouds.slicehost.compute.SlicehostTemplateBuilderLiveTest)
[TestNG] Test testTemplateBuilderCannotFind(org.jclouds.slicehost.compute.SlicehostTemplateBuilderLiveTest) succeeded: 1ms
Test suite progress: tests succeeded: 37, failed: 5, skipped: 0.
Starting test testTemplateBuilderCannotFind(org.jclouds.slicehost.compute.SlicehostTemplateBuilderLiveTest)
[TestNG] Test testTemplateBuilderCannotFind(org.jclouds.slicehost.compute.SlicehostTemplateBuilderLiveTest) succeeded: 0ms
Test suite progress: tests succeeded: 38, failed: 5, skipped: 0.
Starting test testTemplateBuilderCannotFind(org.jclouds.slicehost.compute.SlicehostTemplateBuilderLiveTest)
[TestNG] Test testTemplateBuilderCannotFind(org.jclouds.slicehost.compute.SlicehostTemplateBuilderLiveTest) succeeded: 0ms
Test suite progress: tests succeeded: 39, failed: 5, skipped: 0.
Starting test testTemplateBuilderCannotFind(org.jclouds.slicehost.compute.SlicehostTemplateBuilderLiveTest)
[TestNG] Test testTemplateBuilderCannotFind(org.jclouds.slicehost.compute.SlicehostTemplateBuilderLiveTest) succeeded: 2ms
Test suite progress: tests succeeded: 40, failed: 5, skipped: 0.
Starting test testTemplateBuilderCannotFind(org.jclouds.slicehost.compute.SlicehostTemplateBuilderLiveTest)
[TestNG] Test testTemplateBuilderCannotFind(org.jclouds.slicehost.compute.SlicehostTemplateBuilderLiveTest) succeeded: 2ms
Test suite progress: tests succeeded: 41, failed: 5, skipped: 0.
Starting test testTemplateBuilderCannotFind(org.jclouds.slicehost.compute.SlicehostTemplateBuilderLiveTest)
[TestNG] Test testTemplateBuilderCannotFind(org.jclouds.slicehost.compute.SlicehostTemplateBuilderLiveTest) succeeded: 2ms
Test suite progress: tests succeeded: 42, failed: 5, skipped: 0.
Starting test testTemplateBuilderCannotFind(org.jclouds.slicehost.compute.SlicehostTemplateBuilderLiveTest)
[TestNG] Test testTemplateBuilderCannotFind(org.jclouds.slicehost.compute.SlicehostTemplateBuilderLiveTest) succeeded: 2ms
Test suite progress: tests succeeded: 43, failed: 5, skipped: 0.
Starting test testTemplateBuilderCannotFind(org.jclouds.slicehost.compute.SlicehostTemplateBuilderLiveTest)
[TestNG] Test testTemplateBuilderCannotFind(org.jclouds.slicehost.compute.SlicehostTemplateBuilderLiveTest) succeeded: 1ms
Test suite progress: tests succeeded: 44, failed: 5, skipped: 0.
Starting test testTemplateBuilderCannotFind(org.jclouds.slicehost.compute.SlicehostTemplateBuilderLiveTest)
[TestNG] Test testTemplateBuilderCannotFind(org.jclouds.slicehost.compute.SlicehostTemplateBuilderLiveTest) succeeded: 4ms
Test suite progress: tests succeeded: 45, failed: 5, skipped: 0.
Starting test testTemplateBuilderCannotFind(org.jclouds.slicehost.compute.SlicehostTemplateBuilderLiveTest)
[TestNG] Test testTemplateBuilderCannotFind(org.jclouds.slicehost.compute.SlicehostTemplateBuilderLiveTest) succeeded: 1ms
Test suite progress: tests succeeded: 46, failed: 5, skipped: 0.
Starting test testTemplateBuilderCannotFind(org.jclouds.slicehost.compute.SlicehostTemplateBuilderLiveTest)
[TestNG] Test testTemplateBuilderCannotFind(org.jclouds.slicehost.compute.SlicehostTemplateBuilderLiveTest) succeeded: 1ms
Test suite progress: tests succeeded: 47, failed: 5, skipped: 0.
Starting test testTemplateBuilderCannotFind(org.jclouds.slicehost.compute.SlicehostTemplateBuilderLiveTest)
[TestNG] Test testTemplateBuilderCannotFind(org.jclouds.slicehost.compute.SlicehostTemplateBuilderLiveTest) succeeded: 0ms
Test suite progress: tests succeeded: 48, failed: 5, skipped: 0.
Starting test testTemplateBuilderCannotFind(org.jclouds.slicehost.compute.SlicehostTemplateBuilderLiveTest)
[TestNG] Test testTemplateBuilderCannotFind(org.jclouds.slicehost.compute.SlicehostTemplateBuilderLiveTest) succeeded: 2ms
Test suite progress: tests succeeded: 49, failed: 5, skipped: 0.
Starting test testTemplateBuilderCannotFind(org.jclouds.slicehost.compute.SlicehostTemplateBuilderLiveTest)
[TestNG] Test testTemplateBuilderCannotFind(org.jclouds.slicehost.compute.SlicehostTemplateBuilderLiveTest) succeeded: 2ms
Test suite progress: tests succeeded: 50, failed: 5, skipped: 0.
Starting test testTemplateBuilderCannotFind(org.jclouds.slicehost.compute.SlicehostTemplateBuilderLiveTest)
[TestNG] Test testTemplateBuilderCannotFind(org.jclouds.slicehost.compute.SlicehostTemplateBuilderLiveTest) succeeded: 1ms
Test suite progress: tests succeeded: 51, failed: 5, skipped: 0.
Starting test testTemplateBuilderCannotFind(org.jclouds.slicehost.compute.SlicehostTemplateBuilderLiveTest)
[TestNG] Test testTemplateBuilderCannotFind(org.jclouds.slicehost.compute.SlicehostTemplateBuilderLiveTest) succeeded: 2ms
Test suite progress: tests succeeded: 52, failed: 5, skipped: 0.
Starting test testTemplateBuilderCannotFind(org.jclouds.slicehost.compute.SlicehostTemplateBuilderLiveTest)
[TestNG] Test testTemplateBuilderCannotFind(org.jclouds.slicehost.compute.SlicehostTemplateBuilderLiveTest) succeeded: 2ms
Test suite progress: tests succeeded: 53, failed: 5, skipped: 0.
Starting test testTemplateBuilderCannotFind(org.jclouds.slicehost.compute.SlicehostTemplateBuilderLiveTest)
[TestNG] Test testTemplateBuilderCannotFind(org.jclouds.slicehost.compute.SlicehostTemplateBuilderLiveTest) succeeded: 0ms
Test suite progress: tests succeeded: 54, failed: 5, skipped: 0.
Starting test testTemplateBuilderCannotFind(org.jclouds.slicehost.compute.SlicehostTemplateBuilderLiveTest)
[TestNG] Test testTemplateBuilderCannotFind(org.jclouds.slicehost.compute.SlicehostTemplateBuilderLiveTest) succeeded: 1ms
Test suite progress: tests succeeded: 55, failed: 5, skipped: 0.
Starting test testTemplateBuilderCannotFind(org.jclouds.slicehost.compute.SlicehostTemplateBuilderLiveTest)
[TestNG] Test testTemplateBuilderCannotFind(org.jclouds.slicehost.compute.SlicehostTemplateBuilderLiveTest) succeeded: 1ms
Test suite progress: tests succeeded: 56, failed: 5, skipped: 0.
Starting test testTemplateBuilderCannotFind(org.jclouds.slicehost.compute.SlicehostTemplateBuilderLiveTest)
[TestNG] Test testTemplateBuilderCannotFind(org.jclouds.slicehost.compute.SlicehostTemplateBuilderLiveTest) succeeded: 1ms
Test suite progress: tests succeeded: 57, failed: 5, skipped: 0.
Starting test testTemplateBuilderCannotFind(org.jclouds.slicehost.compute.SlicehostTemplateBuilderLiveTest)
[TestNG] Test testTemplateBuilderCannotFind(org.jclouds.slicehost.compute.SlicehostTemplateBuilderLiveTest) succeeded: 2ms
Test suite progress: tests succeeded: 58, failed: 5, skipped: 0.
Starting test testTemplateBuilderCannotFind(org.jclouds.slicehost.compute.SlicehostTemplateBuilderLiveTest)
[TestNG] Test testTemplateBuilderCannotFind(org.jclouds.slicehost.compute.SlicehostTemplateBuilderLiveTest) succeeded: 0ms
Test suite progress: tests succeeded: 59, failed: 5, skipped: 0.
Starting test testTemplateBuilderCannotFind(org.jclouds.slicehost.compute.SlicehostTemplateBuilderLiveTest)
[TestNG] Test testTemplateBuilderCannotFind(org.jclouds.slicehost.compute.SlicehostTemplateBuilderLiveTest) succeeded: 2ms
Test suite progress: tests succeeded: 60, failed: 5, skipped: 0.
Starting test testTemplateBuilderCannotFind(org.jclouds.slicehost.compute.SlicehostTemplateBuilderLiveTest)
[TestNG] Test testTemplateBuilderCannotFind(org.jclouds.slicehost.compute.SlicehostTemplateBuilderLiveTest) succeeded: 1ms
Test suite progress: tests succeeded: 61, failed: 5, skipped: 0.
Starting test testTemplateBuilderCannotFind(org.jclouds.slicehost.compute.SlicehostTemplateBuilderLiveTest)
[TestNG] Test testTemplateBuilderCannotFind(org.jclouds.slicehost.compute.SlicehostTemplateBuilderLiveTest) succeeded: 1ms
Test suite progress: tests succeeded: 62, failed: 5, skipped: 0.
Starting test testTemplateBuilderCannotFind(org.jclouds.slicehost.compute.SlicehostTemplateBuilderLiveTest)
[TestNG] Test testTemplateBuilderCannotFind(org.jclouds.slicehost.compute.SlicehostTemplateBuilderLiveTest) succeeded: 0ms
Test suite progress: tests succeeded: 63, failed: 5, skipped: 0.
Starting test testTemplateBuilderCannotFind(org.jclouds.slicehost.compute.SlicehostTemplateBuilderLiveTest)
[TestNG] Test testTemplateBuilderCannotFind(org.jclouds.slicehost.compute.SlicehostTemplateBuilderLiveTest) succeeded: 1ms
Test suite progress: tests succeeded: 64, failed: 5, skipped: 0.
Starting test testTemplateBuilderCannotFind(org.jclouds.slicehost.compute.SlicehostTemplateBuilderLiveTest)
[TestNG] Test testTemplateBuilderCannotFind(org.jclouds.slicehost.compute.SlicehostTemplateBuilderLiveTest) succeeded: 0ms
Test suite progress: tests succeeded: 65, failed: 5, skipped: 0.
Starting test testTemplateBuilderCannotFind(org.jclouds.slicehost.compute.SlicehostTemplateBuilderLiveTest)
[TestNG] Test testTemplateBuilderCannotFind(org.jclouds.slicehost.compute.SlicehostTemplateBuilderLiveTest) succeeded: 1ms
Test suite progress: tests succeeded: 66, failed: 5, skipped: 0.
Starting test testTemplateBuilderCannotFind(org.jclouds.slicehost.compute.SlicehostTemplateBuilderLiveTest)
[TestNG] Test testTemplateBuilderCannotFind(org.jclouds.slicehost.compute.SlicehostTemplateBuilderLiveTest) succeeded: 0ms
Test suite progress: tests succeeded: 67, failed: 5, skipped: 0.
Starting test testTemplateBuilderCannotFind(org.jclouds.slicehost.compute.SlicehostTemplateBuilderLiveTest)
[TestNG] Test testTemplateBuilderCannotFind(org.jclouds.slicehost.compute.SlicehostTemplateBuilderLiveTest) succeeded: 1ms
Test suite progress: tests succeeded: 68, failed: 5, skipped: 0.
Starting test testTemplateBuilderCannotFind(org.jclouds.slicehost.compute.SlicehostTemplateBuilderLiveTest)
[TestNG] Test testTemplateBuilderCannotFind(org.jclouds.slicehost.compute.SlicehostTemplateBuilderLiveTest) succeeded: 0ms
Test suite progress: tests succeeded: 69, failed: 5, skipped: 0.
Starting test testTemplateBuilderCannotFind(org.jclouds.slicehost.compute.SlicehostTemplateBuilderLiveTest)
[TestNG] Test testTemplateBuilderCannotFind(org.jclouds.slicehost.compute.SlicehostTemplateBuilderLiveTest) succeeded: 0ms
Test suite progress: tests succeeded: 70, failed: 5, skipped: 0.
Starting test testTemplateBuilderCannotFind(org.jclouds.slicehost.compute.SlicehostTemplateBuilderLiveTest)
[TestNG] Test testTemplateBuilderCannotFind(org.jclouds.slicehost.compute.SlicehostTemplateBuilderLiveTest) succeeded: 1ms
Test suite progress: tests succeeded: 71, failed: 5, skipped: 0.
Starting test testTemplateBuilderCannotFind(org.jclouds.slicehost.compute.SlicehostTemplateBuilderLiveTest)
[TestNG] Test testTemplateBuilderCannotFind(org.jclouds.slicehost.compute.SlicehostTemplateBuilderLiveTest) succeeded: 0ms
Test suite progress: tests succeeded: 72, failed: 5, skipped: 0.
Starting test testTemplateBuilderCannotFind(org.jclouds.slicehost.compute.SlicehostTemplateBuilderLiveTest)
[TestNG] Test testTemplateBuilderCannotFind(org.jclouds.slicehost.compute.SlicehostTemplateBuilderLiveTest) succeeded: 1ms
Test suite progress: tests succeeded: 73, failed: 5, skipped: 0.
Starting test testTemplateBuilderCannotFind(org.jclouds.slicehost.compute.SlicehostTemplateBuilderLiveTest)
[TestNG] Test testTemplateBuilderCannotFind(org.jclouds.slicehost.compute.SlicehostTemplateBuilderLiveTest) succeeded: 0ms
Test suite progress: tests succeeded: 74, failed: 5, skipped: 0.
Starting test testTemplateBuilderCannotFind(org.jclouds.slicehost.compute.SlicehostTemplateBuilderLiveTest)
[TestNG] Test testTemplateBuilderCannotFind(org.jclouds.slicehost.compute.SlicehostTemplateBuilderLiveTest) succeeded: 0ms
Test suite progress: tests succeeded: 75, failed: 5, skipped: 0.
Starting test testTemplateBuilderCannotFind(org.jclouds.slicehost.compute.SlicehostTemplateBuilderLiveTest)
[TestNG] Test testTemplateBuilderCannotFind(org.jclouds.slicehost.compute.SlicehostTemplateBuilderLiveTest) succeeded: 1ms
Test suite progress: tests succeeded: 76, failed: 5, skipped: 0.
Starting test testTemplateBuilderCannotFind(org.jclouds.slicehost.compute.SlicehostTemplateBuilderLiveTest)
[TestNG] Test testTemplateBuilderCannotFind(org.jclouds.slicehost.compute.SlicehostTemplateBuilderLiveTest) succeeded: 0ms
Test suite progress: tests succeeded: 77, failed: 5, skipped: 0.
Starting test testTemplateBuilderCannotFind(org.jclouds.slicehost.compute.SlicehostTemplateBuilderLiveTest)
[TestNG] Test testTemplateBuilderCannotFind(org.jclouds.slicehost.compute.SlicehostTemplateBuilderLiveTest) succeeded: 1ms
Test suite progress: tests succeeded: 78, failed: 5, skipped: 0.
Starting test testTemplateBuilderCannotFind(org.jclouds.slicehost.compute.SlicehostTemplateBuilderLiveTest)
[TestNG] Test testTemplateBuilderCannotFind(org.jclouds.slicehost.compute.SlicehostTemplateBuilderLiveTest) succeeded: 1ms
Test suite progress: tests succeeded: 79, failed: 5, skipped: 0.
Starting test testTemplateBuilderCannotFind(org.jclouds.slicehost.compute.SlicehostTemplateBuilderLiveTest)
[TestNG] Test testTemplateBuilderCannotFind(org.jclouds.slicehost.compute.SlicehostTemplateBuilderLiveTest) succeeded: 0ms
Test suite progress: tests succeeded: 80, failed: 5, skipped: 0.
Starting test testTemplateBuilderCannotFind(org.jclouds.slicehost.compute.SlicehostTemplateBuilderLiveTest)
[TestNG] Test testTemplateBuilderCannotFind(org.jclouds.slicehost.compute.SlicehostTemplateBuilderLiveTest) succeeded: 1ms
Test suite progress: tests succeeded: 81, failed: 5, skipped: 0.
Starting test testTemplateBuilderCannotFind(org.jclouds.slicehost.compute.SlicehostTemplateBuilderLiveTest)
[TestNG] Test testTemplateBuilderCannotFind(org.jclouds.slicehost.compute.SlicehostTemplateBuilderLiveTest) succeeded: 0ms
Test suite progress: tests succeeded: 82, failed: 5, skipped: 0.
Starting test testTemplateBuilderCannotFind(org.jclouds.slicehost.compute.SlicehostTemplateBuilderLiveTest)
[TestNG] Test testTemplateBuilderCannotFind(org.jclouds.slicehost.compute.SlicehostTemplateBuilderLiveTest) succeeded: 1ms
Test suite progress: tests succeeded: 83, failed: 5, skipped: 0.
Starting test testTemplateBuilderCannotFind(org.jclouds.slicehost.compute.SlicehostTemplateBuilderLiveTest)
[TestNG] Test testTemplateBuilderCannotFind(org.jclouds.slicehost.compute.SlicehostTemplateBuilderLiveTest) succeeded: 1ms
Test suite progress: tests succeeded: 84, failed: 5, skipped: 0.
Starting test testTemplateBuilderCannotFind(org.jclouds.slicehost.compute.SlicehostTemplateBuilderLiveTest)
[TestNG] Test testTemplateBuilderCannotFind(org.jclouds.slicehost.compute.SlicehostTemplateBuilderLiveTest) succeeded: 0ms
Test suite progress: tests succeeded: 85, failed: 5, skipped: 0.
Starting test testTemplateBuilderCannotFind(org.jclouds.slicehost.compute.SlicehostTemplateBuilderLiveTest)
[TestNG] Test testTemplateBuilderCannotFind(org.jclouds.slicehost.compute.SlicehostTemplateBuilderLiveTest) succeeded: 1ms
Test suite progress: tests succeeded: 86, failed: 5, skipped: 0.
Starting test testTemplateBuilderCannotFind(org.jclouds.slicehost.compute.SlicehostTemplateBuilderLiveTest)
[TestNG] Test testTemplateBuilderCannotFind(org.jclouds.slicehost.compute.SlicehostTemplateBuilderLiveTest) succeeded: 0ms
Test suite progress: tests succeeded: 87, failed: 5, skipped: 0.
Starting test testTemplateBuilderCannotFind(org.jclouds.slicehost.compute.SlicehostTemplateBuilderLiveTest)
[TestNG] Test testTemplateBuilderCannotFind(org.jclouds.slicehost.compute.SlicehostTemplateBuilderLiveTest) succeeded: 0ms
Test suite progress: tests succeeded: 88, failed: 5, skipped: 0.
Starting test testTemplateBuilderCannotFind(org.jclouds.slicehost.compute.SlicehostTemplateBuilderLiveTest)
[TestNG] Test testTemplateBuilderCannotFind(org.jclouds.slicehost.compute.SlicehostTemplateBuilderLiveTest) succeeded: 1ms
Test suite progress: tests succeeded: 89, failed: 5, skipped: 0.
Starting test testTemplateBuilderCannotFind(org.jclouds.slicehost.compute.SlicehostTemplateBuilderLiveTest)
[TestNG] Test testTemplateBuilderCannotFind(org.jclouds.slicehost.compute.SlicehostTemplateBuilderLiveTest) succeeded: 1ms
Test suite progress: tests succeeded: 90, failed: 5, skipped: 0.
Starting test testTemplateBuilderCannotFind(org.jclouds.slicehost.compute.SlicehostTemplateBuilderLiveTest)
[TestNG] Test testTemplateBuilderCannotFind(org.jclouds.slicehost.compute.SlicehostTemplateBuilderLiveTest) succeeded: 1ms
Test suite progress: tests succeeded: 91, failed: 5, skipped: 0.
Starting test testTemplateBuilderCannotFind(org.jclouds.slicehost.compute.SlicehostTemplateBuilderLiveTest)
[TestNG] Test testTemplateBuilderCannotFind(org.jclouds.slicehost.compute.SlicehostTemplateBuilderLiveTest) succeeded: 0ms
Test suite progress: tests succeeded: 92, failed: 5, skipped: 0.
Starting test testTemplateBuilderCannotFind(org.jclouds.slicehost.compute.SlicehostTemplateBuilderLiveTest)
[TestNG] Test testTemplateBuilderCannotFind(org.jclouds.slicehost.compute.SlicehostTemplateBuilderLiveTest) succeeded: 0ms
Test suite progress: tests succeeded: 93, failed: 5, skipped: 0.
Starting test testTemplateBuilderWithImageIdSpecified(org.jclouds.slicehost.compute.SlicehostTemplateBuilderLiveTest)
[TestNG] Test testTemplateBuilderWithImageIdSpecified(org.jclouds.slicehost.compute.SlicehostTemplateBuilderLiveTest) succeeded: 3979ms
Test suite progress: tests succeeded: 94, failed: 5, skipped: 0.
Starting test testTemplateBuilderWithLoginUserSpecified(org.jclouds.slicehost.compute.SlicehostTemplateBuilderLiveTest)
[TestNG] Test testTemplateBuilderWithLoginUserSpecified(org.jclouds.slicehost.compute.SlicehostTemplateBuilderLiveTest) succeeded: 3981ms
Test suite progress: tests succeeded: 95, failed: 5, skipped: 0.
Starting test testDefaultTemplateBuilder(org.jclouds.slicehost.compute.SlicehostTemplateBuilderLiveTest)
[TestNG] Test testDefaultTemplateBuilder(org.jclouds.slicehost.compute.SlicehostTemplateBuilderLiveTest) succeeded: 2ms
Test suite progress: tests succeeded: 96, failed: 5, skipped: 0.
Starting test testFromTemplate(org.jclouds.slicehost.compute.SlicehostTemplateBuilderLiveTest)
[TestNG] Test testFromTemplate(org.jclouds.slicehost.compute.SlicehostTemplateBuilderLiveTest) succeeded: 0ms
Test suite progress: tests succeeded: 97, failed: 5, skipped: 0.
Starting test testAScriptExecutionAfterBootWithBasicTemplate(org.jclouds.slicehost.compute.SlicehostComputeServiceLiveTest)
[TestNG] Test testAScriptExecutionAfterBootWithBasicTemplate(org.jclouds.slicehost.compute.SlicehostComputeServiceLiveTest) failed.
Test suite progress: tests succeeded: 97, failed: 6, skipped: 0.
Starting test testCreateTwoNodesWithRunScript(org.jclouds.slicehost.compute.SlicehostComputeServiceLiveTest)
[TestNG] Test testCreateTwoNodesWithRunScript(org.jclouds.slicehost.compute.SlicehostComputeServiceLiveTest) failed.
Test suite progress: tests succeeded: 97, failed: 7, skipped: 0.
Starting test testTemplateMatch(org.jclouds.slicehost.compute.SlicehostComputeServiceLiveTest)
[TestNG] Test testTemplateMatch(org.jclouds.slicehost.compute.SlicehostComputeServiceLiveTest) succeeded: 2ms
Test suite progress: tests succeeded: 98, failed: 7, skipped: 0.
[TestNG] Test testGetNodesWithDetails(org.jclouds.slicehost.compute.SlicehostComputeServiceLiveTest) skipped.
Test suite progress: tests succeeded: 98, failed: 7, skipped: 1.
[TestNG] Test testListNodes(org.jclouds.slicehost.compute.SlicehostComputeServiceLiveTest) skipped.
Test suite progress: tests succeeded: 98, failed: 7, skipped: 2.
[TestNG] Test testCreateAnotherNodeWithANewContextToEnsureSharedMemIsntRequired(org.jclouds.slicehost.compute.SlicehostComputeServiceLiveTest) skipped.
Test suite progress: tests succeeded: 98, failed: 7, skipped: 3.
[TestNG] Test testDestroyNodes(org.jclouds.slicehost.compute.SlicehostComputeServiceLiveTest) skipped.
Test suite progress: tests succeeded: 98, failed: 7, skipped: 4.
[TestNG] Test testCredentialsCache(org.jclouds.slicehost.compute.SlicehostComputeServiceLiveTest) skipped.
Test suite progress: tests succeeded: 98, failed: 7, skipped: 5.
[TestNG] Test testGet(org.jclouds.slicehost.compute.SlicehostComputeServiceLiveTest) skipped.
Test suite progress: tests succeeded: 98, failed: 7, skipped: 6.
[TestNG] Test testReboot(org.jclouds.slicehost.compute.SlicehostComputeServiceLiveTest) skipped.
Test suite progress: tests succeeded: 98, failed: 7, skipped: 7.
Starting test testCreateSlice(org.jclouds.slicehost.SlicehostClientLiveTest)
[TestNG] Test testCreateSlice(org.jclouds.slicehost.SlicehostClientLiveTest) skipped.
Test suite progress: tests succeeded: 98, failed: 7, skipped: 8.
Starting test testGetImageDetailsNotFound(org.jclouds.slicehost.SlicehostClientLiveTest)
[TestNG] Test testGetImageDetailsNotFound(org.jclouds.slicehost.SlicehostClientLiveTest) skipped.
Test suite progress: tests succeeded: 98, failed: 7, skipped: 9.
Starting test testGetImagesDetail(org.jclouds.slicehost.SlicehostClientLiveTest)
[TestNG] Test testGetImagesDetail(org.jclouds.slicehost.SlicehostClientLiveTest) skipped.
Test suite progress: tests succeeded: 98, failed: 7, skipped: 10.
Starting test testGetSlicesDetail(org.jclouds.slicehost.SlicehostClientLiveTest)
[TestNG] Test testGetSlicesDetail(org.jclouds.slicehost.SlicehostClientLiveTest) skipped.
Test suite progress: tests succeeded: 98, failed: 7, skipped: 11.
Starting test testListFlavorsDetail(org.jclouds.slicehost.SlicehostClientLiveTest)
[TestNG] Test testListFlavorsDetail(org.jclouds.slicehost.SlicehostClientLiveTest) skipped.
Test suite progress: tests succeeded: 98, failed: 7, skipped: 12.
Starting test testListImages(org.jclouds.slicehost.SlicehostClientLiveTest)
[TestNG] Test testListImages(org.jclouds.slicehost.SlicehostClientLiveTest) skipped.
Test suite progress: tests succeeded: 98, failed: 7, skipped: 13.
Starting test testListImagesDetail(org.jclouds.slicehost.SlicehostClientLiveTest)
[TestNG] Test testListImagesDetail(org.jclouds.slicehost.SlicehostClientLiveTest) skipped.
Test suite progress: tests succeeded: 98, failed: 7, skipped: 14.
Starting test testListSlices(org.jclouds.slicehost.SlicehostClientLiveTest)
[TestNG] Test testListSlices(org.jclouds.slicehost.SlicehostClientLiveTest) skipped.
Test suite progress: tests succeeded: 98, failed: 7, skipped: 15.
Starting test testListSlicesDetail(org.jclouds.slicehost.SlicehostClientLiveTest)
[TestNG] Test testListSlicesDetail(org.jclouds.slicehost.SlicehostClientLiveTest) skipped.
Test suite progress: tests succeeded: 98, failed: 7, skipped: 16.
Starting test testGetFlavorDetailsNotFound(org.jclouds.slicehost.SlicehostClientLiveTest)
[TestNG] Test testGetFlavorDetailsNotFound(org.jclouds.slicehost.SlicehostClientLiveTest) skipped.
Test suite progress: tests succeeded: 98, failed: 7, skipped: 17.
Starting test testGetFlavorsDetail(org.jclouds.slicehost.SlicehostClientLiveTest)
[TestNG] Test testGetFlavorsDetail(org.jclouds.slicehost.SlicehostClientLiveTest) skipped.
Test suite progress: tests succeeded: 98, failed: 7, skipped: 18.
Starting test testListFlavors(org.jclouds.slicehost.SlicehostClientLiveTest)
[TestNG] Test testListFlavors(org.jclouds.slicehost.SlicehostClientLiveTest) skipped.
Test suite progress: tests succeeded: 98, failed: 7, skipped: 19.
Starting test testGetSliceDetailsNotFound(org.jclouds.slicehost.SlicehostClientLiveTest)
[TestNG] Test testGetSliceDetailsNotFound(org.jclouds.slicehost.SlicehostClientLiveTest) skipped.
Test suite progress: tests succeeded: 98, failed: 7, skipped: 20.
[TestNG] Test testSliceDetails(org.jclouds.slicehost.SlicehostClientLiveTest) skipped.
Test suite progress: tests succeeded: 98, failed: 7, skipped: 21.
[TestNG] Test testRebootHard(org.jclouds.slicehost.SlicehostClientLiveTest) skipped.
Test suite progress: tests succeeded: 98, failed: 7, skipped: 22.
[TestNG] Test testRebootSoft(org.jclouds.slicehost.SlicehostClientLiveTest) skipped.
Test suite progress: tests succeeded: 98, failed: 7, skipped: 23.
[TestNG] Test destroySlice1(org.jclouds.slicehost.SlicehostClientLiveTest) skipped.
Test suite progress: tests succeeded: 98, failed: 7, skipped: 24.
Tests run: 132, Failures: 8, Errors: 0, Skipped: 26, Time elapsed: 68.987 sec <<< FAILURE!

Results :

Failed tests:   testCorrectAuthException(org.jclouds.slicehost.compute.SlicehostComputeServiceLiveTest): (..)
  testCreateAndRunAService(org.jclouds.slicehost.compute.SlicehostComputeServiceLiveTest): error running 1 node group(slicehost-s) location(slicehost) image(119) size(1) options({loginUser=null, loginPasswordPresent=false, loginPrivateKeyPresent=false, authenticateSudo=null, port:seconds=22:300, taskName=null, runAsRoot=true, blockOnComplete=true, wrapInInitScript=true, inboundPorts=[22, 8080], scriptPresent=false, publicKeyPresent=false, privateKeyPresent=false, tags=[], blockUntilRunning=true, tags=[], userMetadata={Name=slicehost-s}})(..)
  testOptionToNotBlock(org.jclouds.slicehost.compute.SlicehostComputeServiceLiveTest): error running 1 node group(slicehost-block) location(slicehost) image(119) size(1) options({loginUser=null, loginPasswordPresent=false, loginPrivateKeyPresent=false, authenticateSudo=null, port:seconds=-1:-1, taskName=null, runAsRoot=true, blockOnComplete=true, wrapInInitScript=true, inboundPorts=[], scriptPresent=false, publicKeyPresent=false, privateKeyPresent=false, tags=[], blockUntilRunning=false, tags=[], userMetadata={}})(..)
  testSuspendResume(org.jclouds.slicehost.compute.SlicehostComputeServiceLiveTest): (..)
  testTemplateBuilderCanFind(org.jclouds.slicehost.compute.SlicehostTemplateBuilderLiveTest): no image matched predicate: And(nullEqualToIsParentOrIsGrandparentOfCurrentLocation(),And(osFamily(centos),osVersion(^5.4$),os64Bit(true)))
  testAScriptExecutionAfterBootWithBasicTemplate(org.jclouds.slicehost.compute.SlicehostComputeServiceLiveTest): error running 1 node group(slicehost-r) location(slicehost) image(119) size(1) options({loginUser=null, loginPasswordPresent=false, loginPrivateKeyPresent=false, authenticateSudo=null, port:seconds=22:120, taskName=null, runAsRoot=true, blockOnComplete=true, wrapInInitScript=true, inboundPorts=[22], scriptPresent=false, publicKeyPresent=false, privateKeyPresent=false, tags=[], blockUntilRunning=true, tags=[], userMetadata={}})(..)
  testCreateTwoNodesWithRunScript(org.jclouds.slicehost.compute.SlicehostComputeServiceLiveTest): error running 2 nodes group(slicehost-) location(slicehost) image(119) size(1) options({loginUser=null, loginPasswordPresent=false, loginPrivateKeyPresent=false, authenticateSudo=null, port:seconds=-1:-1, taskName=bootstrap, runAsRoot=true, blockOnComplete=true, wrapInInitScript=true, inboundPorts=[22], scriptPresent=true, publicKeyPresent=false, privateKeyPresent=false, tags=[], blockUntilRunning=true, tags=[], userMetadata={}})(..)
  setupContext(org.jclouds.slicehost.SlicehostClientLiveTest): Guice configuration errors:(..)

Tests run: 132, Failures: 8, Errors: 0, Skipped: 26

[INFO] ------------------------------------------------------------------------
[INFO] BUILD FAILURE
[INFO] ------------------------------------------------------------------------
[INFO] Total time: 1:26.887s
[INFO] Finished at: Tue Apr 24 03:21:45 PDT 2012
[INFO] Final Memory: 22M/265M
[INFO] ------------------------------------------------------------------------
[ERROR] Failed to execute goal org.apache.maven.plugins:maven-surefire-plugin:2.12:test (integration) on project slicehost: There are test failures.
[ERROR] 
[ERROR] Please refer to /Users/adriancole/workspace/git/jclouds/providers/slicehost/target/surefire-reports for the individual test results.
[ERROR] -> [Help 1]
[ERROR] 
[ERROR] To see the full stack trace of the errors, re-run Maven with the -e switch.
[ERROR] Re-run Maven using the -X switch to enable full debug logging.
[ERROR] 
[ERROR] For more information about the errors and possible solutions, please read the following articles:
[ERROR] [Help 1] http://cwiki.apache.org/confluence/display/MAVEN/MojoFailureException
