[INFO] Scanning for projects...
[WARNING] 
[WARNING] Some problems were encountered while building the effective model for org.jclouds.provider:softlayer:bundle:1.5.0-SNAPSHOT
[WARNING] 'parent.relativePath' of POM org.jclouds:jclouds-project:1.5.0-SNAPSHOT (/Users/adriancole/git/jclouds/project/pom.xml) points at org.jclouds:jclouds-multi instead of org.sonatype.oss:oss-parent, please verify your project structure @ org.jclouds:jclouds-project:1.5.0-SNAPSHOT, /Users/adriancole/git/jclouds/project/pom.xml, line 24, column 13
[WARNING] 
[WARNING] It is highly recommended to fix these problems because they threaten the stability of your build.
[WARNING] 
[WARNING] For this reason, future Maven versions might no longer support building such malformed projects.
[WARNING] 
[INFO]                                                                         
[INFO] ------------------------------------------------------------------------
[INFO] Building jclouds SoftLayer core 1.5.0-SNAPSHOT
[INFO] ------------------------------------------------------------------------
[INFO] 
[INFO] --- maven-clean-plugin:2.4.1:clean (default-clean) @ softlayer ---
[INFO] Deleting /Users/adriancole/git/jclouds/providers/softlayer/target
[INFO] 
[INFO] --- maven-enforcer-plugin:1.1:enforce (enforce-maven) @ softlayer ---
[INFO] 
[INFO] --- maven-enforcer-plugin:1.1:enforce (enforce-banned-dependencies) @ softlayer ---
[INFO] 
[INFO] --- maven-enforcer-plugin:1.1:enforce (enforce-java) @ softlayer ---
[INFO] 
[INFO] --- maven-remote-resources-plugin:1.3:process (process-remote-resources) @ softlayer ---
[INFO] 
[INFO] --- maven-resources-plugin:2.5:resources (default-resources) @ softlayer ---
[debug] execute contextualize
[INFO] Using 'UTF-8' encoding to copy filtered resources.
[INFO] skip non existing resourceDirectory /Users/adriancole/git/jclouds/providers/softlayer/src/main/clojure
[INFO] Copying 1 resource
[INFO] Copying 2 resources
[INFO] 
[INFO] --- maven-compiler-plugin:2.5:compile (default-compile) @ softlayer ---
[INFO] Compiling 40 source files to /Users/adriancole/git/jclouds/providers/softlayer/target/classes
[INFO] 
[INFO] --- maven-resources-plugin:2.5:testResources (default-testResources) @ softlayer ---
[debug] execute contextualize
[INFO] Using 'UTF-8' encoding to copy filtered resources.
[INFO] skip non existing resourceDirectory /Users/adriancole/git/jclouds/providers/softlayer/src/test/clojure
[INFO] Copying 7 resources
[INFO] Copying 2 resources
[INFO] 
[INFO] --- maven-compiler-plugin:2.5:testCompile (default-testCompile) @ softlayer ---
[INFO] Compiling 34 source files to /Users/adriancole/git/jclouds/providers/softlayer/target/test-classes
[INFO] 
[INFO] --- maven-surefire-plugin:2.12:test (default-test) @ softlayer ---
[INFO] Surefire report directory: /Users/adriancole/git/jclouds/providers/softlayer/target/surefire-reports

-------------------------------------------------------
 T E S T S
-------------------------------------------------------
Running TestSuite
Configuring TestNG with: org.apache.maven.surefire.testng.conf.TestNGMapConfigurator@1bc74f37
Starting test testDatacenterToLocation(org.jclouds.softlayer.compute.functions.DatacenterToLocationTest)
Starting test testConstructionWithEmpty(org.jclouds.softlayer.domain.AddressTest)
[pool-2-thread-2] Test testConstructionWithEmpty(org.jclouds.softlayer.domain.AddressTest) succeeded: 3ms
Test suite progress: tests succeeded: 1, failed: 0, skipped: 0.
Starting test testConstructionWithNoCountry(org.jclouds.softlayer.domain.AddressTest)
[pool-2-thread-2] Test testConstructionWithNoCountry(org.jclouds.softlayer.domain.AddressTest) succeeded: 0ms
Test suite progress: tests succeeded: 2, failed: 0, skipped: 0.
Starting test testCapacityMissing(org.jclouds.softlayer.predicates.ProductItemPredicatesTest)
[pool-2-thread-2] Test testCapacityMissing(org.jclouds.softlayer.predicates.ProductItemPredicatesTest) succeeded: 4ms
Test suite progress: tests succeeded: 3, failed: 0, skipped: 0.
Starting test testCapacityPresent(org.jclouds.softlayer.predicates.ProductItemPredicatesTest)
[pool-2-thread-2] Test testCapacityPresent(org.jclouds.softlayer.predicates.ProductItemPredicatesTest) succeeded: 0ms
Test suite progress: tests succeeded: 4, failed: 0, skipped: 0.
[pool-2-thread-5] Test testDatacenterToLocation(org.jclouds.softlayer.compute.functions.DatacenterToLocationTest) succeeded: 14ms
Starting test testCategoryCodeMatches(org.jclouds.softlayer.predicates.ProductItemPredicatesTest)
Test suite progress: tests succeeded: 5, failed: 0, skipped: 0.
Starting test testGetIso3166CodeCountryOnly(org.jclouds.softlayer.compute.functions.DatacenterToLocationTest)
[pool-2-thread-5] Test testGetIso3166CodeCountryOnly(org.jclouds.softlayer.compute.functions.DatacenterToLocationTest) succeeded: 0ms
Test suite progress: tests succeeded: 6, failed: 0, skipped: 0.
[pool-2-thread-2] Test testCategoryCodeMatches(org.jclouds.softlayer.predicates.ProductItemPredicatesTest) succeeded: 1ms
Test suite progress: tests succeeded: 7, failed: 0, skipped: 0.
Starting test testGetIso3166CodeNoCountryAndState(org.jclouds.softlayer.compute.functions.DatacenterToLocationTest)
[pool-2-thread-5] Test testGetIso3166CodeNoCountryAndState(org.jclouds.softlayer.compute.functions.DatacenterToLocationTest) succeeded: 0ms
Starting test testCategoryCodeMissing(org.jclouds.softlayer.predicates.ProductItemPredicatesTest)
Test suite progress: tests succeeded: 8, failed: 0, skipped: 0.
Starting test testGetIso3166CodeWhitespaceTrimmer(org.jclouds.softlayer.compute.functions.DatacenterToLocationTest)
[pool-2-thread-5] Test testGetIso3166CodeWhitespaceTrimmer(org.jclouds.softlayer.compute.functions.DatacenterToLocationTest) succeeded: 0ms
Test suite progress: tests succeeded: 9, failed: 0, skipped: 0.
[pool-2-thread-2] Test testCategoryCodeMissing(org.jclouds.softlayer.predicates.ProductItemPredicatesTest) succeeded: 1ms
Test suite progress: tests succeeded: 10, failed: 0, skipped: 0.
Starting test testCategoryCodePresent(org.jclouds.softlayer.predicates.ProductItemPredicatesTest)
[pool-2-thread-2] Test testCategoryCodePresent(org.jclouds.softlayer.predicates.ProductItemPredicatesTest) succeeded: 0ms
Test suite progress: tests succeeded: 11, failed: 0, skipped: 0.
Starting test testCategoryCodePresentTwoCategories(org.jclouds.softlayer.predicates.ProductItemPredicatesTest)
[pool-2-thread-2] Test testCategoryCodePresentTwoCategories(org.jclouds.softlayer.predicates.ProductItemPredicatesTest) succeeded: 0ms
Test suite progress: tests succeeded: 12, failed: 0, skipped: 0.
Starting test testMatchesRegex(org.jclouds.softlayer.predicates.ProductItemPredicatesTest)
[pool-2-thread-2] Test testMatchesRegex(org.jclouds.softlayer.predicates.ProductItemPredicatesTest) succeeded: 1ms
Starting test testCapacity(org.jclouds.softlayer.compute.functions.ProductItemsTest)
Test suite progress: tests succeeded: 13, failed: 0, skipped: 0.
Starting test testNoMatchRegex(org.jclouds.softlayer.predicates.ProductItemPredicatesTest)
[pool-2-thread-2] Test testNoMatchRegex(org.jclouds.softlayer.predicates.ProductItemPredicatesTest) succeeded: 0ms
Test suite progress: tests succeeded: 14, failed: 0, skipped: 0.
Starting test testUnitsMissing(org.jclouds.softlayer.predicates.ProductItemPredicatesTest)
[pool-2-thread-2] Test testUnitsMissing(org.jclouds.softlayer.predicates.ProductItemPredicatesTest) succeeded: 1ms
Test suite progress: tests succeeded: 15, failed: 0, skipped: 0.
[pool-2-thread-5] Test testCapacity(org.jclouds.softlayer.compute.functions.ProductItemsTest) succeeded: 3ms
Test suite progress: tests succeeded: 16, failed: 0, skipped: 0.
Starting test testUnitsPresent(org.jclouds.softlayer.predicates.ProductItemPredicatesTest)
[pool-2-thread-2] Test testUnitsPresent(org.jclouds.softlayer.predicates.ProductItemPredicatesTest) succeeded: 0ms
Test suite progress: tests succeeded: 17, failed: 0, skipped: 0.
Starting test testCapacityMissing(org.jclouds.softlayer.compute.functions.ProductItemsTest)
[pool-2-thread-5] Test testCapacityMissing(org.jclouds.softlayer.compute.functions.ProductItemsTest) succeeded: 0ms
Test suite progress: tests succeeded: 18, failed: 0, skipped: 0.
Starting test testDescription(org.jclouds.softlayer.compute.functions.ProductItemsTest)
Starting test testDescriptionMissing(org.jclouds.softlayer.compute.functions.ProductItemsTest)
[pool-2-thread-5] Test testDescriptionMissing(org.jclouds.softlayer.compute.functions.ProductItemsTest) succeeded: 0ms
Test suite progress: tests succeeded: 19, failed: 0, skipped: 0.
[pool-2-thread-2] Test testDescription(org.jclouds.softlayer.compute.functions.ProductItemsTest) succeeded: 0ms
Test suite progress: tests succeeded: 20, failed: 0, skipped: 0.
Starting test testItemCallCategoryExists(org.jclouds.softlayer.compute.functions.ProductItemsTest)
Starting test testItemCallGetsCategory(org.jclouds.softlayer.compute.functions.ProductItemsTest)
[pool-2-thread-5] Test testItemCallCategoryExists(org.jclouds.softlayer.compute.functions.ProductItemsTest) succeeded: 1ms
Test suite progress: tests succeeded: 21, failed: 0, skipped: 0.
[pool-2-thread-2] Test testItemCallGetsCategory(org.jclouds.softlayer.compute.functions.ProductItemsTest) succeeded: 0ms
Test suite progress: tests succeeded: 22, failed: 0, skipped: 0.
Starting test testItemCallNoCategoryOnPrice(org.jclouds.softlayer.compute.functions.ProductItemsTest)
Starting test testPrice(org.jclouds.softlayer.compute.functions.ProductItemsTest)
[pool-2-thread-5] Test testItemCallNoCategoryOnPrice(org.jclouds.softlayer.compute.functions.ProductItemsTest) succeeded: 0ms
Test suite progress: tests succeeded: 23, failed: 0, skipped: 0.
Starting test testPriceMissing(org.jclouds.softlayer.compute.functions.ProductItemsTest)
[pool-2-thread-2] Test testPrice(org.jclouds.softlayer.compute.functions.ProductItemsTest) succeeded: 1ms
Test suite progress: tests succeeded: 24, failed: 0, skipped: 0.
Starting test testPriceMultiplePrices(org.jclouds.softlayer.compute.functions.ProductItemsTest)
[pool-2-thread-2] Test testPriceMultiplePrices(org.jclouds.softlayer.compute.functions.ProductItemsTest) succeeded: 0ms
Test suite progress: tests succeeded: 25, failed: 0, skipped: 0.
[pool-2-thread-5] Test testPriceMissing(org.jclouds.softlayer.compute.functions.ProductItemsTest) succeeded: 0ms
Test suite progress: tests succeeded: 26, failed: 0, skipped: 0.
Starting test testHardwareId(org.jclouds.softlayer.compute.functions.ProductItemsToHardwareTest)
Starting test testHardware(org.jclouds.softlayer.compute.functions.ProductItemsToHardwareTest)
[pool-2-thread-5] Test testHardwareId(org.jclouds.softlayer.compute.functions.ProductItemsToHardwareTest) succeeded: 30ms
Test suite progress: tests succeeded: 27, failed: 0, skipped: 0.
Starting test testHardwareWithPrivateCore(org.jclouds.softlayer.compute.functions.ProductItemsToHardwareTest)
[pool-2-thread-5] Test testHardwareWithPrivateCore(org.jclouds.softlayer.compute.functions.ProductItemsToHardwareTest) succeeded: 218ms
Test suite progress: tests succeeded: 28, failed: 0, skipped: 0.
[pool-2-thread-2] Test testHardware(org.jclouds.softlayer.compute.functions.ProductItemsToHardwareTest) succeeded: 251ms
Test suite progress: tests succeeded: 29, failed: 0, skipped: 0.
Starting test testCorrect(org.jclouds.softlayer.binders.ProductOrderToJsonTest)
Starting test testHardwareWithTwoDisks(org.jclouds.softlayer.compute.functions.ProductItemsToHardwareTest)
[pool-2-thread-5] Test testHardwareWithTwoDisks(org.jclouds.softlayer.compute.functions.ProductItemsToHardwareTest) succeeded: 1ms
Test suite progress: tests succeeded: 30, failed: 0, skipped: 0.
Starting test testNullOrder(org.jclouds.softlayer.binders.ProductOrderToJsonTest)
[pool-2-thread-5] Test testNullOrder(org.jclouds.softlayer.binders.ProductOrderToJsonTest) succeeded: 0ms
Test suite progress: tests succeeded: 31, failed: 0, skipped: 0.
[pool-2-thread-2] Test testCorrect(org.jclouds.softlayer.binders.ProductOrderToJsonTest) succeeded: 101ms
Test suite progress: tests succeeded: 32, failed: 0, skipped: 0.
Starting test testDoesNotMatch(org.jclouds.softlayer.predicates.ProductPackagePredicatesTest)
[pool-2-thread-2] Test testDoesNotMatch(org.jclouds.softlayer.predicates.ProductPackagePredicatesTest) succeeded: 493ms
Test suite progress: tests succeeded: 33, failed: 0, skipped: 0.
Starting test testMatches(org.jclouds.softlayer.predicates.ProductPackagePredicatesTest)
[pool-2-thread-2] Test testMatches(org.jclouds.softlayer.predicates.ProductPackagePredicatesTest) succeeded: 1ms
Test suite progress: tests succeeded: 34, failed: 0, skipped: 0.
Starting test test401MakesAuthorizationException(org.jclouds.softlayer.handlers.SoftLayerErrorHandlerTest)
[pool-2-thread-2] Test test401MakesAuthorizationException(org.jclouds.softlayer.handlers.SoftLayerErrorHandlerTest) succeeded: 787ms
Test suite progress: tests succeeded: 35, failed: 0, skipped: 0.
Starting test test404MakesResourceNotFoundException(org.jclouds.softlayer.handlers.SoftLayerErrorHandlerTest)
[pool-2-thread-2] Test test404MakesResourceNotFoundException(org.jclouds.softlayer.handlers.SoftLayerErrorHandlerTest) succeeded: 2ms
Test suite progress: tests succeeded: 36, failed: 0, skipped: 0.
Starting test test500MakesIllegalStateExceptionOnActiveTransaction(org.jclouds.softlayer.handlers.SoftLayerErrorHandlerTest)
[pool-2-thread-2] Test test500MakesIllegalStateExceptionOnActiveTransaction(org.jclouds.softlayer.handlers.SoftLayerErrorHandlerTest) succeeded: 2ms
Test suite progress: tests succeeded: 37, failed: 0, skipped: 0.
Starting test test500MakesResourceNotFoundExceptionOnUnableToDeterminePackage(org.jclouds.softlayer.handlers.SoftLayerErrorHandlerTest)
[pool-2-thread-2] Test test500MakesResourceNotFoundExceptionOnUnableToDeterminePackage(org.jclouds.softlayer.handlers.SoftLayerErrorHandlerTest) succeeded: 1ms
Test suite progress: tests succeeded: 38, failed: 0, skipped: 0.
Starting test testGetActivePackages(org.jclouds.softlayer.features.AccountAsyncClientTest)
Starting test testGetDatacenter(org.jclouds.softlayer.features.DatacenterAsyncClientTest)
Starting test testListDatacenters(org.jclouds.softlayer.features.DatacenterAsyncClientTest)
Starting test testGetProductPackage(org.jclouds.softlayer.features.ProductPackageAsyncClientTest)
Starting test testGetVirtualGuest(org.jclouds.softlayer.features.VirtualGuestAsyncClientTest)
[pool-2-thread-2] Test testGetVirtualGuest(org.jclouds.softlayer.features.VirtualGuestAsyncClientTest) succeeded: 478ms
Test suite progress: tests succeeded: 39, failed: 0, skipped: 0.
[pool-2-thread-1] Test testGetActivePackages(org.jclouds.softlayer.features.AccountAsyncClientTest) succeeded: 1322ms
Test suite progress: tests succeeded: 40, failed: 0, skipped: 0.
[pool-2-thread-3] Test testGetDatacenter(org.jclouds.softlayer.features.DatacenterAsyncClientTest) succeeded: 1316ms
Test suite progress: tests succeeded: 41, failed: 0, skipped: 0.
[pool-2-thread-5] Test testGetProductPackage(org.jclouds.softlayer.features.ProductPackageAsyncClientTest) succeeded: 1315ms
Test suite progress: tests succeeded: 42, failed: 0, skipped: 0.
[pool-2-thread-4] Test testListDatacenters(org.jclouds.softlayer.features.DatacenterAsyncClientTest) succeeded: 1316ms
Test suite progress: tests succeeded: 43, failed: 0, skipped: 0.
Starting test testListVirtualGuests(org.jclouds.softlayer.features.VirtualGuestAsyncClientTest)
Starting test testPauseVirtualGuest(org.jclouds.softlayer.features.VirtualGuestAsyncClientTest)
Starting test testPowerOffVirtualGuest(org.jclouds.softlayer.features.VirtualGuestAsyncClientTest)
Starting test testPowerOnVirtualGuest(org.jclouds.softlayer.features.VirtualGuestAsyncClientTest)
Starting test testRebootHardVirtualGuest(org.jclouds.softlayer.features.VirtualGuestAsyncClientTest)
[pool-2-thread-1] Test testPauseVirtualGuest(org.jclouds.softlayer.features.VirtualGuestAsyncClientTest) succeeded: 4ms
Test suite progress: tests succeeded: 44, failed: 0, skipped: 0.
[pool-2-thread-2] Test testListVirtualGuests(org.jclouds.softlayer.features.VirtualGuestAsyncClientTest) succeeded: 4ms
Test suite progress: tests succeeded: 45, failed: 0, skipped: 0.
[pool-2-thread-3] Test testPowerOffVirtualGuest(org.jclouds.softlayer.features.VirtualGuestAsyncClientTest) succeeded: 5ms
Test suite progress: tests succeeded: 46, failed: 0, skipped: 0.
Starting test testResumeVirtualGuest(org.jclouds.softlayer.features.VirtualGuestAsyncClientTest)
[pool-2-thread-5] Test testPowerOnVirtualGuest(org.jclouds.softlayer.features.VirtualGuestAsyncClientTest) succeeded: 5ms
Test suite progress: tests succeeded: 47, failed: 0, skipped: 0.
[pool-2-thread-4] Test testRebootHardVirtualGuest(org.jclouds.softlayer.features.VirtualGuestAsyncClientTest) succeeded: 5ms
Test suite progress: tests succeeded: 48, failed: 0, skipped: 0.
[pool-2-thread-1] Test testResumeVirtualGuest(org.jclouds.softlayer.features.VirtualGuestAsyncClientTest) succeeded: 1ms
Test suite progress: tests succeeded: 49, failed: 0, skipped: 0.
Starting test test64BitUnknown(org.jclouds.softlayer.compute.functions.ProductItemToImageTest)
Starting test testConversion(org.jclouds.softlayer.compute.functions.ProductItemToImageTest)
Starting test testId(org.jclouds.softlayer.compute.functions.ProductItemToImageTest)
Starting test testCompletelyUnknown(org.jclouds.softlayer.compute.functions.ProductItemToImageTest)
Starting test testIdManyPrices(org.jclouds.softlayer.compute.functions.ProductItemToImageTest)
[pool-3-thread-5] Test testIdManyPrices(org.jclouds.softlayer.compute.functions.ProductItemToImageTest) succeeded: 0ms
Test suite progress: tests succeeded: 50, failed: 0, skipped: 0.
[pool-3-thread-4] Test testId(org.jclouds.softlayer.compute.functions.ProductItemToImageTest) succeeded: 8ms
Test suite progress: tests succeeded: 51, failed: 0, skipped: 0.
Starting test testIdMissingPrices(org.jclouds.softlayer.compute.functions.ProductItemToImageTest)
Starting test testIdNull(org.jclouds.softlayer.compute.functions.ProductItemToImageTest)
[pool-3-thread-4] Test testIdNull(org.jclouds.softlayer.compute.functions.ProductItemToImageTest) succeeded: 1ms
Test suite progress: tests succeeded: 52, failed: 0, skipped: 0.
[pool-3-thread-5] Test testIdMissingPrices(org.jclouds.softlayer.compute.functions.ProductItemToImageTest) succeeded: 1ms
Test suite progress: tests succeeded: 53, failed: 0, skipped: 0.
Starting test testNoDescription(org.jclouds.softlayer.compute.functions.ProductItemToImageTest)
[pool-3-thread-4] Test testNoDescription(org.jclouds.softlayer.compute.functions.ProductItemToImageTest) succeeded: 0ms
Test suite progress: tests succeeded: 54, failed: 0, skipped: 0.
Starting test testNull(org.jclouds.softlayer.compute.functions.ProductItemToImageTest)
[pool-3-thread-5] Test testNull(org.jclouds.softlayer.compute.functions.ProductItemToImageTest) succeeded: 1ms
Test suite progress: tests succeeded: 55, failed: 0, skipped: 0.
Starting test testOsBitsMissing(org.jclouds.softlayer.compute.functions.ProductItemToImageTest)
[pool-3-thread-4] Test testOsBitsMissing(org.jclouds.softlayer.compute.functions.ProductItemToImageTest) succeeded: 0ms
Test suite progress: tests succeeded: 56, failed: 0, skipped: 0.
[pool-3-thread-2] Test testCompletelyUnknown(org.jclouds.softlayer.compute.functions.ProductItemToImageTest) succeeded: 9ms
Test suite progress: tests succeeded: 57, failed: 0, skipped: 0.
[pool-3-thread-1] Test test64BitUnknown(org.jclouds.softlayer.compute.functions.ProductItemToImageTest) succeeded: 14ms
Test suite progress: tests succeeded: 58, failed: 0, skipped: 0.
Starting test testOsBitsNoSpace(org.jclouds.softlayer.compute.functions.ProductItemToImageTest)
[pool-3-thread-5] Test testOsBitsNoSpace(org.jclouds.softlayer.compute.functions.ProductItemToImageTest) succeeded: 1ms
Test suite progress: tests succeeded: 59, failed: 0, skipped: 0.
Starting test testOsBitsWithSpace(org.jclouds.softlayer.compute.functions.ProductItemToImageTest)
[pool-3-thread-2] Test testOsBitsWithSpace(org.jclouds.softlayer.compute.functions.ProductItemToImageTest) succeeded: 1ms
Test suite progress: tests succeeded: 60, failed: 0, skipped: 0.
Starting test testOsFamily(org.jclouds.softlayer.compute.functions.ProductItemToImageTest)
Starting test testOsBitsNull(org.jclouds.softlayer.compute.functions.ProductItemToImageTest)
[pool-3-thread-1] Test testOsFamily(org.jclouds.softlayer.compute.functions.ProductItemToImageTest) succeeded: 0ms
Test suite progress: tests succeeded: 61, failed: 0, skipped: 0.
[pool-3-thread-4] Test testOsBitsNull(org.jclouds.softlayer.compute.functions.ProductItemToImageTest) succeeded: 1ms
Test suite progress: tests succeeded: 62, failed: 0, skipped: 0.
Starting test testOsFamilyUnrecognized(org.jclouds.softlayer.compute.functions.ProductItemToImageTest)
Starting test testOsFamilyNull(org.jclouds.softlayer.compute.functions.ProductItemToImageTest)
[pool-3-thread-2] Test testOsFamilyUnrecognized(org.jclouds.softlayer.compute.functions.ProductItemToImageTest) succeeded: 0ms
Test suite progress: tests succeeded: 63, failed: 0, skipped: 0.
Starting test testOsVersion(org.jclouds.softlayer.compute.functions.ProductItemToImageTest)
[pool-3-thread-5] Test testOsFamilyNull(org.jclouds.softlayer.compute.functions.ProductItemToImageTest) succeeded: 1ms
Test suite progress: tests succeeded: 64, failed: 0, skipped: 0.
[pool-3-thread-1] Test testOsVersion(org.jclouds.softlayer.compute.functions.ProductItemToImageTest) succeeded: 0ms
Test suite progress: tests succeeded: 65, failed: 0, skipped: 0.
Starting test testOsVersionMissing(org.jclouds.softlayer.compute.functions.ProductItemToImageTest)
Starting test testOsVersionNull(org.jclouds.softlayer.compute.functions.ProductItemToImageTest)
[pool-3-thread-4] Test testOsVersionMissing(org.jclouds.softlayer.compute.functions.ProductItemToImageTest) succeeded: 0ms
Test suite progress: tests succeeded: 66, failed: 0, skipped: 0.
Starting test testUbuntu(org.jclouds.softlayer.compute.functions.ProductItemToImageTest)
[pool-3-thread-2] Test testOsVersionNull(org.jclouds.softlayer.compute.functions.ProductItemToImageTest) succeeded: 1ms
Test suite progress: tests succeeded: 67, failed: 0, skipped: 0.
Starting test testUbuntuNoBitCount(org.jclouds.softlayer.compute.functions.ProductItemToImageTest)
[pool-3-thread-5] Test testUbuntu(org.jclouds.softlayer.compute.functions.ProductItemToImageTest) succeeded: 0ms
Test suite progress: tests succeeded: 68, failed: 0, skipped: 0.
[pool-3-thread-1] Test testUbuntuNoBitCount(org.jclouds.softlayer.compute.functions.ProductItemToImageTest) succeeded: 0ms
Test suite progress: tests succeeded: 69, failed: 0, skipped: 0.
[pool-3-thread-3] Test testConversion(org.jclouds.softlayer.compute.functions.ProductItemToImageTest) succeeded: 18ms
Test suite progress: tests succeeded: 70, failed: 0, skipped: 0.
Starting test testApplyWhereVirtualGuestIsHalted(org.jclouds.softlayer.compute.functions.VirtualGuestToNodeMetadataTest)
Starting test testApplyWhereVirtualGuestIsPaused(org.jclouds.softlayer.compute.functions.VirtualGuestToNodeMetadataTest)
Starting test testApplyWhereVirtualGuestIsRunning(org.jclouds.softlayer.compute.functions.VirtualGuestToNodeMetadataTest)
Starting test testApplyWhereVirtualGuestWithNoPassword(org.jclouds.softlayer.compute.functions.VirtualGuestToNodeMetadataTest)
Starting test testApplyWhereVirtualIsBad(org.jclouds.softlayer.compute.functions.VirtualGuestToNodeMetadataTest)
[pool-4-thread-5] Test testApplyWhereVirtualIsBad(org.jclouds.softlayer.compute.functions.VirtualGuestToNodeMetadataTest) succeeded: 391ms
Test suite progress: tests succeeded: 71, failed: 0, skipped: 0.
[pool-4-thread-1] Test testApplyWhereVirtualGuestIsHalted(org.jclouds.softlayer.compute.functions.VirtualGuestToNodeMetadataTest) succeeded: 400ms
Test suite progress: tests succeeded: 72, failed: 0, skipped: 0.
[pool-4-thread-2] Test testApplyWhereVirtualGuestIsPaused(org.jclouds.softlayer.compute.functions.VirtualGuestToNodeMetadataTest) succeeded: 399ms
Test suite progress: tests succeeded: 73, failed: 0, skipped: 0.
[pool-4-thread-4] Test testApplyWhereVirtualGuestWithNoPassword(org.jclouds.softlayer.compute.functions.VirtualGuestToNodeMetadataTest) succeeded: 396ms
Test suite progress: tests succeeded: 74, failed: 0, skipped: 0.
[pool-4-thread-3] Test testApplyWhereVirtualGuestIsRunning(org.jclouds.softlayer.compute.functions.VirtualGuestToNodeMetadataTest) succeeded: 397ms
Test suite progress: tests succeeded: 75, failed: 0, skipped: 0.
Starting test testDefaultDomainName(org.jclouds.softlayer.compute.options.SoftLayerTemplateOptionsTest)
Starting test testAs(org.jclouds.softlayer.compute.options.SoftLayerTemplateOptionsTest)
Starting test testDomainName(org.jclouds.softlayer.compute.options.SoftLayerTemplateOptionsTest)
[pool-5-thread-1] Test testAs(org.jclouds.softlayer.compute.options.SoftLayerTemplateOptionsTest) succeeded: 6ms
Test suite progress: tests succeeded: 76, failed: 0, skipped: 0.
Starting test testDomainNameIsInvalidThrowsIllegalArgument(org.jclouds.softlayer.compute.options.SoftLayerTemplateOptionsTest)
Starting test testDomainNameNullHasDecentMessage(org.jclouds.softlayer.compute.options.SoftLayerTemplateOptionsTest)
[pool-5-thread-2] Test testDefaultDomainName(org.jclouds.softlayer.compute.options.SoftLayerTemplateOptionsTest) succeeded: 13ms
Starting test testDomainNameStatic(org.jclouds.softlayer.compute.options.SoftLayerTemplateOptionsTest)
Test suite progress: tests succeeded: 77, failed: 0, skipped: 0.
[pool-5-thread-5] Test testDomainNameNullHasDecentMessage(org.jclouds.softlayer.compute.options.SoftLayerTemplateOptionsTest) succeeded: 1ms
Test suite progress: tests succeeded: 78, failed: 0, skipped: 0.
[pool-5-thread-3] Test testDomainName(org.jclouds.softlayer.compute.options.SoftLayerTemplateOptionsTest) succeeded: 661ms
Test suite progress: tests succeeded: 79, failed: 0, skipped: 0.
[pool-5-thread-1] Test testDomainNameStatic(org.jclouds.softlayer.compute.options.SoftLayerTemplateOptionsTest) succeeded: 651ms
Test suite progress: tests succeeded: 80, failed: 0, skipped: 0.
[pool-5-thread-4] Test testDomainNameIsInvalidThrowsIllegalArgument(org.jclouds.softlayer.compute.options.SoftLayerTemplateOptionsTest) succeeded: 653ms
Test suite progress: tests succeeded: 81, failed: 0, skipped: 0.
Starting test testCancelGuestReturnsTrueOn200AndFalseOn404(org.jclouds.softlayer.features.VirtualGuestClientExpectTest)
Cannot retry after server error, command has exceeded retry limit 1: [method=VirtualGuestAsyncClient.cancelService, request=GET https://api.softlayer.com/rest/v3/SoftLayer_Billing_Item/11/cancelService.json HTTP/1.1]
[pool-6-thread-1] Test testCancelGuestReturnsTrueOn200AndFalseOn404(org.jclouds.softlayer.features.VirtualGuestClientExpectTest) succeeded: 661ms
Test suite progress: tests succeeded: 82, failed: 0, skipped: 0.
Starting test test(org.jclouds.softlayer.parse.ParseProductOrderTest)
[pool-7-thread-1] Test test(org.jclouds.softlayer.parse.ParseProductOrderTest) succeeded: 92ms
Test suite progress: tests succeeded: 83, failed: 0, skipped: 0.
Starting test test(org.jclouds.softlayer.parse.ParseVirtualGuestHaltedTest)
Starting test test(org.jclouds.softlayer.parse.ParseVirtualGuestPausedTest)
Starting test test(org.jclouds.softlayer.parse.ParseVirtualGuestRunningTest)
Starting test test(org.jclouds.softlayer.parse.ParseVirtualGuestWithNoPasswordTest)
[pool-8-thread-4] Test test(org.jclouds.softlayer.parse.ParseVirtualGuestWithNoPasswordTest) succeeded: 29ms
Test suite progress: tests succeeded: 84, failed: 0, skipped: 0.
[pool-8-thread-1] Test test(org.jclouds.softlayer.parse.ParseVirtualGuestHaltedTest) succeeded: 35ms
Test suite progress: tests succeeded: 85, failed: 0, skipped: 0.
[pool-8-thread-3] Test test(org.jclouds.softlayer.parse.ParseVirtualGuestRunningTest) succeeded: 37ms
Test suite progress: tests succeeded: 86, failed: 0, skipped: 0.
[pool-8-thread-2] Test test(org.jclouds.softlayer.parse.ParseVirtualGuestPausedTest) succeeded: 42ms
Test suite progress: tests succeeded: 87, failed: 0, skipped: 0.
Starting test testAsync(org.jclouds.softlayer.SoftLayerAsyncClientTest)
Starting test testSync(org.jclouds.softlayer.SoftLayerAsyncClientTest)
[pool-9-thread-1] Test testAsync(org.jclouds.softlayer.SoftLayerAsyncClientTest) succeeded: 10ms
Test suite progress: tests succeeded: 88, failed: 0, skipped: 0.
[pool-9-thread-2] Test testSync(org.jclouds.softlayer.SoftLayerAsyncClientTest) succeeded: 10ms
Test suite progress: tests succeeded: 89, failed: 0, skipped: 0.
Starting test testAllContains(org.jclouds.softlayer.SoftLayerProviderTest)
Starting test testOfApiContains(org.jclouds.softlayer.SoftLayerProviderTest)
Starting test testTransformableToContains(org.jclouds.softlayer.SoftLayerProviderTest)
Starting test testWithId(org.jclouds.softlayer.SoftLayerProviderTest)
[pool-10-thread-1] Test testAllContains(org.jclouds.softlayer.SoftLayerProviderTest) succeeded: 7ms
Test suite progress: tests succeeded: 90, failed: 0, skipped: 0.
[pool-10-thread-4] Test testWithId(org.jclouds.softlayer.SoftLayerProviderTest) succeeded: 3ms
Test suite progress: tests succeeded: 91, failed: 0, skipped: 0.
[pool-10-thread-2] Test testOfApiContains(org.jclouds.softlayer.SoftLayerProviderTest) succeeded: 10ms
Test suite progress: tests succeeded: 92, failed: 0, skipped: 0.
[pool-10-thread-3] Test testTransformableToContains(org.jclouds.softlayer.SoftLayerProviderTest) succeeded: 7ms
Test suite progress: tests succeeded: 93, failed: 0, skipped: 0.
Tests run: 93, Failures: 0, Errors: 0, Skipped: 0, Time elapsed: 25.932 sec

Results :

Tests run: 93, Failures: 0, Errors: 0, Skipped: 0

[INFO] 
[INFO] --- maven-bundle-plugin:2.3.7:bundle (default-bundle) @ softlayer ---
[INFO] 
[INFO] --- maven-jar-plugin:2.4:test-jar (default) @ softlayer ---
[INFO] Building jar: /Users/adriancole/git/jclouds/providers/softlayer/target/softlayer-1.5.0-SNAPSHOT-tests.jar
[INFO] 
[INFO] --- maven-surefire-plugin:2.12:test (integration) @ softlayer ---
[INFO] Surefire report directory: /Users/adriancole/git/jclouds/providers/softlayer/target/surefire-reports

-------------------------------------------------------
 T E S T S
-------------------------------------------------------
Running TestSuite
Configuring TestNG with: org.apache.maven.surefire.testng.conf.TestNGMapConfigurator@2678a212
Starting test testAndExperiment(org.jclouds.softlayer.compute.SoftLayerExperimentLiveTest)
Starting test testCreateNodeWithGroupEncodedIntoNameThenStoreCredentials(org.jclouds.softlayer.compute.SoftLayerComputeServiceAdapterLiveTest)
Starting test setServiceDefaults(org.jclouds.softlayer.compute.SoftLayerComputeServiceLiveTest)
[TestNG] Test setServiceDefaults(org.jclouds.softlayer.compute.SoftLayerComputeServiceLiveTest) succeeded: 0ms
Test suite progress: tests succeeded: 1, failed: 0, skipped: 0.
Starting test testCompareSizes(org.jclouds.softlayer.compute.SoftLayerComputeServiceLiveTest)
Starting test testDatacentersForCloudLayer(org.jclouds.softlayer.features.ProductPackageClientLiveTest)
[TestNG] Test testDatacentersForCloudLayer(org.jclouds.softlayer.features.ProductPackageClientLiveTest) failed.
Test suite progress: tests succeeded: 1, failed: 1, skipped: 0.
Starting test testGetOneGBRamPrice(org.jclouds.softlayer.features.ProductPackageClientLiveTest)
[TestNG] Test testGetOneGBRamPrice(org.jclouds.softlayer.features.ProductPackageClientLiveTest) succeeded: 4ms
Test suite progress: tests succeeded: 2, failed: 1, skipped: 0.
Starting test testGetProductPackage(org.jclouds.softlayer.features.ProductPackageClientLiveTest)
[TestNG] Test testAndExperiment(org.jclouds.softlayer.compute.SoftLayerExperimentLiveTest) failed.
Test suite progress: tests succeeded: 2, failed: 2, skipped: 0.
Sep 9, 2012 11:45:47 PM org.jclouds.compute.internal.BaseComputeServiceLiveTest testCompareSizes
INFO: smallest {id=1640,1644,13899, providerId=1640,1644,13899, processors=[{cores=1.0, speed=2.0}], ram=1, volumes=[{id=3891, type=LOCAL, size=25.0, bootDevice=true, durable=false}], hypervisor=XenServer, supportsImage=ALWAYS_TRUE}
Sep 9, 2012 11:45:47 PM org.jclouds.compute.internal.BaseComputeServiceLiveTest testCompareSizes
INFO: fastest {id=2235,1644,13899, providerId=2235,1644,13899, processors=[{cores=16.0, speed=2.0}], ram=1, volumes=[{id=3891, type=LOCAL, size=25.0, bootDevice=true, durable=false}], hypervisor=XenServer, supportsImage=ALWAYS_TRUE}
Sep 9, 2012 11:45:47 PM org.jclouds.compute.internal.BaseComputeServiceLiveTest testCompareSizes
INFO: biggest {id=2235,1927,13887, providerId=2235,1927,13887, processors=[{cores=16.0, speed=2.0}], ram=16, volumes=[{id=3876, type=LOCAL, size=100.0, bootDevice=true, durable=false}], hypervisor=XenServer, supportsImage=ALWAYS_TRUE}
[TestNG] Test testCompareSizes(org.jclouds.softlayer.compute.SoftLayerComputeServiceLiveTest) succeeded: 46775ms
Test suite progress: tests succeeded: 3, failed: 2, skipped: 0.
Starting test testCorrectExceptionRunningNodesNotFound(org.jclouds.softlayer.compute.SoftLayerComputeServiceLiveTest)
[TestNG] Test testCreateNodeWithGroupEncodedIntoNameThenStoreCredentials(org.jclouds.softlayer.compute.SoftLayerComputeServiceAdapterLiveTest) failed.
Test suite progress: tests succeeded: 3, failed: 3, skipped: 0.
Starting test testListHardwareProfiles(org.jclouds.softlayer.compute.SoftLayerComputeServiceAdapterLiveTest)
[TestNG] Test testListHardwareProfiles(org.jclouds.softlayer.compute.SoftLayerComputeServiceAdapterLiveTest) succeeded: 39ms
Test suite progress: tests succeeded: 4, failed: 3, skipped: 0.
Starting test testListLocations(org.jclouds.softlayer.compute.SoftLayerComputeServiceAdapterLiveTest)
[TestNG] Test testListLocations(org.jclouds.softlayer.compute.SoftLayerComputeServiceAdapterLiveTest) succeeded: 0ms
Test suite progress: tests succeeded: 5, failed: 3, skipped: 0.
[TestNG] Test testCorrectExceptionRunningNodesNotFound(org.jclouds.softlayer.compute.SoftLayerComputeServiceLiveTest) succeeded: 17437ms
Test suite progress: tests succeeded: 6, failed: 3, skipped: 0.
Starting test testGetAssignableLocations(org.jclouds.softlayer.compute.SoftLayerComputeServiceLiveTest)
Sep 9, 2012 11:46:05 PM org.jclouds.compute.internal.BaseComputeServiceLiveTest testGetAssignableLocations
WARNING: location {scope=ZONE, id=3, description=Dallas 1, parent=softlayer, iso3166Codes=[US-TX]}
Sep 9, 2012 11:46:05 PM org.jclouds.compute.internal.BaseComputeServiceLiveTest testGetAssignableLocations
WARNING: location {scope=ZONE, id=18171, description=Seattle, parent=softlayer, iso3166Codes=[US-WA]}
Sep 9, 2012 11:46:05 PM org.jclouds.compute.internal.BaseComputeServiceLiveTest testGetAssignableLocations
WARNING: location {scope=ZONE, id=37473, description=Washington, DC, parent=softlayer, iso3166Codes=[US-VA]}
Sep 9, 2012 11:46:05 PM org.jclouds.compute.internal.BaseComputeServiceLiveTest testGetAssignableLocations
WARNING: location {scope=ZONE, id=138124, description=Dallas 5, parent=softlayer, iso3166Codes=[US-TX]}
Sep 9, 2012 11:46:05 PM org.jclouds.compute.internal.BaseComputeServiceLiveTest testGetAssignableLocations
WARNING: location {scope=ZONE, id=168642, description=San Jose 1, parent=softlayer, iso3166Codes=[US-CA]}
Sep 9, 2012 11:46:05 PM org.jclouds.compute.internal.BaseComputeServiceLiveTest testGetAssignableLocations
WARNING: location {scope=ZONE, id=224092, description=Singapore 1, parent=softlayer, iso3166Codes=[SG]}
Sep 9, 2012 11:46:05 PM org.jclouds.compute.internal.BaseComputeServiceLiveTest testGetAssignableLocations
WARNING: location {scope=ZONE, id=265592, description=Amsterdam 1, parent=softlayer, iso3166Codes=[NL]}
[TestNG] Test testGetAssignableLocations(org.jclouds.softlayer.compute.SoftLayerComputeServiceLiveTest) succeeded: 2ms
Test suite progress: tests succeeded: 7, failed: 3, skipped: 0.
Starting test testImageById(org.jclouds.softlayer.compute.SoftLayerComputeServiceLiveTest)
[TestNG] Test testImageById(org.jclouds.softlayer.compute.SoftLayerComputeServiceLiveTest) succeeded: 13ms
Test suite progress: tests succeeded: 8, failed: 3, skipped: 0.
Starting test testImagesCache(org.jclouds.softlayer.compute.SoftLayerComputeServiceLiveTest)
[TestNG] Test testImagesCache(org.jclouds.softlayer.compute.SoftLayerComputeServiceLiveTest) succeeded: 0ms
Test suite progress: tests succeeded: 9, failed: 3, skipped: 0.
Starting test testListImages(org.jclouds.softlayer.compute.SoftLayerComputeServiceLiveTest)
[TestNG] Test testListImages(org.jclouds.softlayer.compute.SoftLayerComputeServiceLiveTest) succeeded: 0ms
Test suite progress: tests succeeded: 10, failed: 3, skipped: 0.
Starting test testListSizes(org.jclouds.softlayer.compute.SoftLayerComputeServiceLiveTest)
[TestNG] Test testListSizes(org.jclouds.softlayer.compute.SoftLayerComputeServiceLiveTest) succeeded: 1ms
Test suite progress: tests succeeded: 11, failed: 3, skipped: 0.
Starting test testOptionToNotBlock(org.jclouds.softlayer.compute.SoftLayerComputeServiceLiveTest)
[TestNG] Test testOptionToNotBlock(org.jclouds.softlayer.compute.SoftLayerComputeServiceLiveTest) succeeded: 0ms
Test suite progress: tests succeeded: 12, failed: 3, skipped: 0.
Starting test testCorrectAuthException(org.jclouds.softlayer.compute.SoftLayerComputeServiceLiveTest)
[TestNG] Test testCorrectAuthException(org.jclouds.softlayer.compute.SoftLayerComputeServiceLiveTest) succeeded: 4019ms
Test suite progress: tests succeeded: 13, failed: 3, skipped: 0.
Starting test testCreateAndRunAService(org.jclouds.softlayer.compute.SoftLayerComputeServiceLiveTest)
[TestNG] Test testCreateAndRunAService(org.jclouds.softlayer.compute.SoftLayerComputeServiceLiveTest) failed.
Test suite progress: tests succeeded: 13, failed: 4, skipped: 0.
Starting test testFastestTemplateBuilder(org.jclouds.softlayer.compute.SoftLayerTemplateBuilderLiveTest)
[TestNG] Test testFastestTemplateBuilder(org.jclouds.softlayer.compute.SoftLayerTemplateBuilderLiveTest) succeeded: 40448ms
Test suite progress: tests succeeded: 14, failed: 4, skipped: 0.
Starting test testTemplateBuilderFindsMegabitUplink(org.jclouds.softlayer.compute.SoftLayerTemplateBuilderLiveTest)
[TestNG] Test testTemplateBuilderFindsMegabitUplink(org.jclouds.softlayer.compute.SoftLayerTemplateBuilderLiveTest) succeeded: 40315ms
Test suite progress: tests succeeded: 15, failed: 4, skipped: 0.
Starting test testTemplateBuilderFindsGigabitUplink(org.jclouds.softlayer.compute.SoftLayerTemplateBuilderLiveTest)
[TestNG] Test testTemplateBuilderFindsGigabitUplink(org.jclouds.softlayer.compute.SoftLayerTemplateBuilderLiveTest) succeeded: 39961ms
Test suite progress: tests succeeded: 16, failed: 4, skipped: 0.
Starting test testDefaultTemplateBuilder(org.jclouds.softlayer.compute.SoftLayerTemplateBuilderLiveTest)
[TestNG] Test testDefaultTemplateBuilder(org.jclouds.softlayer.compute.SoftLayerTemplateBuilderLiveTest) succeeded: 40114ms
Test suite progress: tests succeeded: 17, failed: 4, skipped: 0.
Starting test testTemplateBuilderCanFind(org.jclouds.softlayer.compute.SoftLayerTemplateBuilderLiveTest)
[TestNG] Test testTemplateBuilderCanFind(org.jclouds.softlayer.compute.SoftLayerTemplateBuilderLiveTest) succeeded: 4ms
Test suite progress: tests succeeded: 18, failed: 4, skipped: 0.
Starting test testTemplateBuilderCanFind(org.jclouds.softlayer.compute.SoftLayerTemplateBuilderLiveTest)
[TestNG] Test testTemplateBuilderCanFind(org.jclouds.softlayer.compute.SoftLayerTemplateBuilderLiveTest) succeeded: 9ms
Test suite progress: tests succeeded: 19, failed: 4, skipped: 0.
Starting test testTemplateBuilderCanFind(org.jclouds.softlayer.compute.SoftLayerTemplateBuilderLiveTest)
[TestNG] Test testTemplateBuilderCanFind(org.jclouds.softlayer.compute.SoftLayerTemplateBuilderLiveTest) succeeded: 10ms
Test suite progress: tests succeeded: 20, failed: 4, skipped: 0.
Starting test testTemplateBuilderCanFind(org.jclouds.softlayer.compute.SoftLayerTemplateBuilderLiveTest)
[TestNG] Test testTemplateBuilderCanFind(org.jclouds.softlayer.compute.SoftLayerTemplateBuilderLiveTest) succeeded: 4ms
Test suite progress: tests succeeded: 21, failed: 4, skipped: 0.
Starting test testTemplateBuilderCanFind(org.jclouds.softlayer.compute.SoftLayerTemplateBuilderLiveTest)
[TestNG] Test testTemplateBuilderCanFind(org.jclouds.softlayer.compute.SoftLayerTemplateBuilderLiveTest) succeeded: 4ms
Test suite progress: tests succeeded: 22, failed: 4, skipped: 0.
Starting test testTemplateBuilderCanFind(org.jclouds.softlayer.compute.SoftLayerTemplateBuilderLiveTest)
[TestNG] Test testTemplateBuilderCanFind(org.jclouds.softlayer.compute.SoftLayerTemplateBuilderLiveTest) succeeded: 3ms
Test suite progress: tests succeeded: 23, failed: 4, skipped: 0.
Starting test testTemplateBuilderCanFind(org.jclouds.softlayer.compute.SoftLayerTemplateBuilderLiveTest)
[TestNG] Test testTemplateBuilderCanFind(org.jclouds.softlayer.compute.SoftLayerTemplateBuilderLiveTest) succeeded: 3ms
Test suite progress: tests succeeded: 24, failed: 4, skipped: 0.
Starting test testTemplateBuilderCanFind(org.jclouds.softlayer.compute.SoftLayerTemplateBuilderLiveTest)
[TestNG] Test testTemplateBuilderCanFind(org.jclouds.softlayer.compute.SoftLayerTemplateBuilderLiveTest) succeeded: 4ms
Test suite progress: tests succeeded: 25, failed: 4, skipped: 0.
Starting test testTemplateBuilderCanFind(org.jclouds.softlayer.compute.SoftLayerTemplateBuilderLiveTest)
[TestNG] Test testTemplateBuilderCanFind(org.jclouds.softlayer.compute.SoftLayerTemplateBuilderLiveTest) succeeded: 6ms
Test suite progress: tests succeeded: 26, failed: 4, skipped: 0.
Starting test testTemplateBuilderCanFind(org.jclouds.softlayer.compute.SoftLayerTemplateBuilderLiveTest)
[TestNG] Test testTemplateBuilderCanFind(org.jclouds.softlayer.compute.SoftLayerTemplateBuilderLiveTest) succeeded: 6ms
Test suite progress: tests succeeded: 27, failed: 4, skipped: 0.
Starting test testTemplateBuilderCanFind(org.jclouds.softlayer.compute.SoftLayerTemplateBuilderLiveTest)
[TestNG] Test testTemplateBuilderCanFind(org.jclouds.softlayer.compute.SoftLayerTemplateBuilderLiveTest) succeeded: 9ms
Test suite progress: tests succeeded: 28, failed: 4, skipped: 0.
Starting test testTemplateBuilderCanFind(org.jclouds.softlayer.compute.SoftLayerTemplateBuilderLiveTest)
[TestNG] Test testTemplateBuilderCanFind(org.jclouds.softlayer.compute.SoftLayerTemplateBuilderLiveTest) succeeded: 8ms
Test suite progress: tests succeeded: 29, failed: 4, skipped: 0.
Starting test testTemplateBuilderCanFind(org.jclouds.softlayer.compute.SoftLayerTemplateBuilderLiveTest)
[TestNG] Test testTemplateBuilderCanFind(org.jclouds.softlayer.compute.SoftLayerTemplateBuilderLiveTest) succeeded: 4ms
Test suite progress: tests succeeded: 30, failed: 4, skipped: 0.
Starting test testTemplateBuilderCanFind(org.jclouds.softlayer.compute.SoftLayerTemplateBuilderLiveTest)
[TestNG] Test testTemplateBuilderCanFind(org.jclouds.softlayer.compute.SoftLayerTemplateBuilderLiveTest) succeeded: 2ms
Test suite progress: tests succeeded: 31, failed: 4, skipped: 0.
Starting test testTemplateBuilderCanFind(org.jclouds.softlayer.compute.SoftLayerTemplateBuilderLiveTest)
[TestNG] Test testTemplateBuilderCanFind(org.jclouds.softlayer.compute.SoftLayerTemplateBuilderLiveTest) succeeded: 4ms
Test suite progress: tests succeeded: 32, failed: 4, skipped: 0.
Starting test testTemplateBuilderCanFind(org.jclouds.softlayer.compute.SoftLayerTemplateBuilderLiveTest)
[TestNG] Test testTemplateBuilderCanFind(org.jclouds.softlayer.compute.SoftLayerTemplateBuilderLiveTest) succeeded: 9ms
Test suite progress: tests succeeded: 33, failed: 4, skipped: 0.
Starting test testTemplateBuilderCanFind(org.jclouds.softlayer.compute.SoftLayerTemplateBuilderLiveTest)
[TestNG] Test testTemplateBuilderCanFind(org.jclouds.softlayer.compute.SoftLayerTemplateBuilderLiveTest) succeeded: 6ms
Test suite progress: tests succeeded: 34, failed: 4, skipped: 0.
Starting test testTemplateBuilderCanFind(org.jclouds.softlayer.compute.SoftLayerTemplateBuilderLiveTest)
[TestNG] Test testTemplateBuilderCanFind(org.jclouds.softlayer.compute.SoftLayerTemplateBuilderLiveTest) succeeded: 4ms
Test suite progress: tests succeeded: 35, failed: 4, skipped: 0.
Starting test testTemplateBuilderCanFind(org.jclouds.softlayer.compute.SoftLayerTemplateBuilderLiveTest)
[TestNG] Test testTemplateBuilderCanFind(org.jclouds.softlayer.compute.SoftLayerTemplateBuilderLiveTest) succeeded: 1ms
Test suite progress: tests succeeded: 36, failed: 4, skipped: 0.
Starting test testTemplateBuilderCanFind(org.jclouds.softlayer.compute.SoftLayerTemplateBuilderLiveTest)
[TestNG] Test testTemplateBuilderCanFind(org.jclouds.softlayer.compute.SoftLayerTemplateBuilderLiveTest) succeeded: 2ms
Test suite progress: tests succeeded: 37, failed: 4, skipped: 0.
Starting test testTemplateBuilderCanFind(org.jclouds.softlayer.compute.SoftLayerTemplateBuilderLiveTest)
[TestNG] Test testTemplateBuilderCanFind(org.jclouds.softlayer.compute.SoftLayerTemplateBuilderLiveTest) succeeded: 1ms
Test suite progress: tests succeeded: 38, failed: 4, skipped: 0.
Starting test testTemplateBuilderCanFind(org.jclouds.softlayer.compute.SoftLayerTemplateBuilderLiveTest)
[TestNG] Test testTemplateBuilderCanFind(org.jclouds.softlayer.compute.SoftLayerTemplateBuilderLiveTest) succeeded: 1ms
Test suite progress: tests succeeded: 39, failed: 4, skipped: 0.
Starting test testTemplateBuilderCanFind(org.jclouds.softlayer.compute.SoftLayerTemplateBuilderLiveTest)
[TestNG] Test testTemplateBuilderCanFind(org.jclouds.softlayer.compute.SoftLayerTemplateBuilderLiveTest) succeeded: 5ms
Test suite progress: tests succeeded: 40, failed: 4, skipped: 0.
Starting test testTemplateBuilderCanFind(org.jclouds.softlayer.compute.SoftLayerTemplateBuilderLiveTest)
[TestNG] Test testTemplateBuilderCanFind(org.jclouds.softlayer.compute.SoftLayerTemplateBuilderLiveTest) succeeded: 2ms
Test suite progress: tests succeeded: 41, failed: 4, skipped: 0.
Starting test testTemplateBuilderWithLoginUserSpecified(org.jclouds.softlayer.compute.SoftLayerTemplateBuilderLiveTest)
[TestNG] Test testTemplateBuilderWithLoginUserSpecified(org.jclouds.softlayer.compute.SoftLayerTemplateBuilderLiveTest) succeeded: 65452ms
Test suite progress: tests succeeded: 42, failed: 4, skipped: 0.
Starting test testCompareSizes(org.jclouds.softlayer.compute.SoftLayerTemplateBuilderLiveTest)
smallest {id=1640,1644,13899, providerId=1640,1644,13899, processors=[{cores=1.0, speed=2.0}], ram=1, volumes=[{id=3891, type=LOCAL, size=25.0, bootDevice=true, durable=false}], hypervisor=XenServer, supportsImage=ALWAYS_TRUE}
fastest {id=2235,1644,13899, providerId=2235,1644,13899, processors=[{cores=16.0, speed=2.0}], ram=1, volumes=[{id=3891, type=LOCAL, size=25.0, bootDevice=true, durable=false}], hypervisor=XenServer, supportsImage=ALWAYS_TRUE}
biggest {id=2235,1927,13887, providerId=2235,1927,13887, processors=[{cores=16.0, speed=2.0}], ram=16, volumes=[{id=3876, type=LOCAL, size=100.0, bootDevice=true, durable=false}], hypervisor=XenServer, supportsImage=ALWAYS_TRUE}
[TestNG] Test testCompareSizes(org.jclouds.softlayer.compute.SoftLayerTemplateBuilderLiveTest) succeeded: 40254ms
Test suite progress: tests succeeded: 43, failed: 4, skipped: 0.
Starting test testTemplateBuilderCanUseImageId(org.jclouds.softlayer.compute.SoftLayerTemplateBuilderLiveTest)
[TestNG] Test testTemplateBuilderCanUseImageId(org.jclouds.softlayer.compute.SoftLayerTemplateBuilderLiveTest) succeeded: 40205ms
Test suite progress: tests succeeded: 44, failed: 4, skipped: 0.
Starting test testTemplateBuilderCannotFind(org.jclouds.softlayer.compute.SoftLayerTemplateBuilderLiveTest)
[TestNG] Test testTemplateBuilderCannotFind(org.jclouds.softlayer.compute.SoftLayerTemplateBuilderLiveTest) succeeded: 1ms
Test suite progress: tests succeeded: 45, failed: 4, skipped: 0.
Starting test testTemplateBuilderCannotFind(org.jclouds.softlayer.compute.SoftLayerTemplateBuilderLiveTest)
[TestNG] Test testTemplateBuilderCannotFind(org.jclouds.softlayer.compute.SoftLayerTemplateBuilderLiveTest) succeeded: 1ms
Test suite progress: tests succeeded: 46, failed: 4, skipped: 0.
Starting test testTemplateBuilderCannotFind(org.jclouds.softlayer.compute.SoftLayerTemplateBuilderLiveTest)
[TestNG] Test testTemplateBuilderCannotFind(org.jclouds.softlayer.compute.SoftLayerTemplateBuilderLiveTest) succeeded: 1ms
Test suite progress: tests succeeded: 47, failed: 4, skipped: 0.
Starting test testTemplateBuilderCannotFind(org.jclouds.softlayer.compute.SoftLayerTemplateBuilderLiveTest)
[TestNG] Test testTemplateBuilderCannotFind(org.jclouds.softlayer.compute.SoftLayerTemplateBuilderLiveTest) succeeded: 0ms
Test suite progress: tests succeeded: 48, failed: 4, skipped: 0.
Starting test testTemplateBuilderCannotFind(org.jclouds.softlayer.compute.SoftLayerTemplateBuilderLiveTest)
[TestNG] Test testTemplateBuilderCannotFind(org.jclouds.softlayer.compute.SoftLayerTemplateBuilderLiveTest) succeeded: 1ms
Test suite progress: tests succeeded: 49, failed: 4, skipped: 0.
Starting test testTemplateBuilderCannotFind(org.jclouds.softlayer.compute.SoftLayerTemplateBuilderLiveTest)
[TestNG] Test testTemplateBuilderCannotFind(org.jclouds.softlayer.compute.SoftLayerTemplateBuilderLiveTest) succeeded: 1ms
Test suite progress: tests succeeded: 50, failed: 4, skipped: 0.
Starting test testTemplateBuilderCannotFind(org.jclouds.softlayer.compute.SoftLayerTemplateBuilderLiveTest)
[TestNG] Test testTemplateBuilderCannotFind(org.jclouds.softlayer.compute.SoftLayerTemplateBuilderLiveTest) succeeded: 1ms
Test suite progress: tests succeeded: 51, failed: 4, skipped: 0.
Starting test testTemplateBuilderCannotFind(org.jclouds.softlayer.compute.SoftLayerTemplateBuilderLiveTest)
[TestNG] Test testTemplateBuilderCannotFind(org.jclouds.softlayer.compute.SoftLayerTemplateBuilderLiveTest) succeeded: 0ms
Test suite progress: tests succeeded: 52, failed: 4, skipped: 0.
Starting test testTemplateBuilderCannotFind(org.jclouds.softlayer.compute.SoftLayerTemplateBuilderLiveTest)
[TestNG] Test testTemplateBuilderCannotFind(org.jclouds.softlayer.compute.SoftLayerTemplateBuilderLiveTest) succeeded: 1ms
Test suite progress: tests succeeded: 53, failed: 4, skipped: 0.
Starting test testTemplateBuilderCannotFind(org.jclouds.softlayer.compute.SoftLayerTemplateBuilderLiveTest)
[TestNG] Test testTemplateBuilderCannotFind(org.jclouds.softlayer.compute.SoftLayerTemplateBuilderLiveTest) succeeded: 1ms
Test suite progress: tests succeeded: 54, failed: 4, skipped: 0.
Starting test testTemplateBuilderCannotFind(org.jclouds.softlayer.compute.SoftLayerTemplateBuilderLiveTest)
[TestNG] Test testTemplateBuilderCannotFind(org.jclouds.softlayer.compute.SoftLayerTemplateBuilderLiveTest) succeeded: 0ms
Test suite progress: tests succeeded: 55, failed: 4, skipped: 0.
Starting test testTemplateBuilderCannotFind(org.jclouds.softlayer.compute.SoftLayerTemplateBuilderLiveTest)
[TestNG] Test testTemplateBuilderCannotFind(org.jclouds.softlayer.compute.SoftLayerTemplateBuilderLiveTest) succeeded: 0ms
Test suite progress: tests succeeded: 56, failed: 4, skipped: 0.
Starting test testTemplateBuilderCannotFind(org.jclouds.softlayer.compute.SoftLayerTemplateBuilderLiveTest)
[TestNG] Test testTemplateBuilderCannotFind(org.jclouds.softlayer.compute.SoftLayerTemplateBuilderLiveTest) succeeded: 1ms
Test suite progress: tests succeeded: 57, failed: 4, skipped: 0.
Starting test testTemplateBuilderCannotFind(org.jclouds.softlayer.compute.SoftLayerTemplateBuilderLiveTest)
[TestNG] Test testTemplateBuilderCannotFind(org.jclouds.softlayer.compute.SoftLayerTemplateBuilderLiveTest) succeeded: 1ms
Test suite progress: tests succeeded: 58, failed: 4, skipped: 0.
Starting test testTemplateBuilderCannotFind(org.jclouds.softlayer.compute.SoftLayerTemplateBuilderLiveTest)
[TestNG] Test testTemplateBuilderCannotFind(org.jclouds.softlayer.compute.SoftLayerTemplateBuilderLiveTest) succeeded: 1ms
Test suite progress: tests succeeded: 59, failed: 4, skipped: 0.
Starting test testTemplateBuilderCannotFind(org.jclouds.softlayer.compute.SoftLayerTemplateBuilderLiveTest)
[TestNG] Test testTemplateBuilderCannotFind(org.jclouds.softlayer.compute.SoftLayerTemplateBuilderLiveTest) succeeded: 1ms
Test suite progress: tests succeeded: 60, failed: 4, skipped: 0.
Starting test testTemplateBuilderCannotFind(org.jclouds.softlayer.compute.SoftLayerTemplateBuilderLiveTest)
[TestNG] Test testTemplateBuilderCannotFind(org.jclouds.softlayer.compute.SoftLayerTemplateBuilderLiveTest) succeeded: 0ms
Test suite progress: tests succeeded: 61, failed: 4, skipped: 0.
Starting test testTemplateBuilderCannotFind(org.jclouds.softlayer.compute.SoftLayerTemplateBuilderLiveTest)
[TestNG] Test testTemplateBuilderCannotFind(org.jclouds.softlayer.compute.SoftLayerTemplateBuilderLiveTest) succeeded: 0ms
Test suite progress: tests succeeded: 62, failed: 4, skipped: 0.
Starting test testTemplateBuilderCannotFind(org.jclouds.softlayer.compute.SoftLayerTemplateBuilderLiveTest)
[TestNG] Test testTemplateBuilderCannotFind(org.jclouds.softlayer.compute.SoftLayerTemplateBuilderLiveTest) succeeded: 1ms
Test suite progress: tests succeeded: 63, failed: 4, skipped: 0.
Starting test testTemplateBuilderCannotFind(org.jclouds.softlayer.compute.SoftLayerTemplateBuilderLiveTest)
[TestNG] Test testTemplateBuilderCannotFind(org.jclouds.softlayer.compute.SoftLayerTemplateBuilderLiveTest) succeeded: 1ms
Test suite progress: tests succeeded: 64, failed: 4, skipped: 0.
Starting test testTemplateBuilderCannotFind(org.jclouds.softlayer.compute.SoftLayerTemplateBuilderLiveTest)
[TestNG] Test testTemplateBuilderCannotFind(org.jclouds.softlayer.compute.SoftLayerTemplateBuilderLiveTest) succeeded: 0ms
Test suite progress: tests succeeded: 65, failed: 4, skipped: 0.
Starting test testTemplateBuilderCannotFind(org.jclouds.softlayer.compute.SoftLayerTemplateBuilderLiveTest)
[TestNG] Test testTemplateBuilderCannotFind(org.jclouds.softlayer.compute.SoftLayerTemplateBuilderLiveTest) succeeded: 1ms
Test suite progress: tests succeeded: 66, failed: 4, skipped: 0.
Starting test testTemplateBuilderCannotFind(org.jclouds.softlayer.compute.SoftLayerTemplateBuilderLiveTest)
[TestNG] Test testTemplateBuilderCannotFind(org.jclouds.softlayer.compute.SoftLayerTemplateBuilderLiveTest) succeeded: 0ms
Test suite progress: tests succeeded: 67, failed: 4, skipped: 0.
Starting test testTemplateBuilderCannotFind(org.jclouds.softlayer.compute.SoftLayerTemplateBuilderLiveTest)
[TestNG] Test testTemplateBuilderCannotFind(org.jclouds.softlayer.compute.SoftLayerTemplateBuilderLiveTest) succeeded: 0ms
Test suite progress: tests succeeded: 68, failed: 4, skipped: 0.
Starting test testTemplateBuilderCannotFind(org.jclouds.softlayer.compute.SoftLayerTemplateBuilderLiveTest)
[TestNG] Test testTemplateBuilderCannotFind(org.jclouds.softlayer.compute.SoftLayerTemplateBuilderLiveTest) succeeded: 1ms
Test suite progress: tests succeeded: 69, failed: 4, skipped: 0.
Starting test testTemplateBuilderCannotFind(org.jclouds.softlayer.compute.SoftLayerTemplateBuilderLiveTest)
[TestNG] Test testTemplateBuilderCannotFind(org.jclouds.softlayer.compute.SoftLayerTemplateBuilderLiveTest) succeeded: 0ms
Test suite progress: tests succeeded: 70, failed: 4, skipped: 0.
Starting test testTemplateBuilderCannotFind(org.jclouds.softlayer.compute.SoftLayerTemplateBuilderLiveTest)
[TestNG] Test testTemplateBuilderCannotFind(org.jclouds.softlayer.compute.SoftLayerTemplateBuilderLiveTest) succeeded: 1ms
Test suite progress: tests succeeded: 71, failed: 4, skipped: 0.
Starting test testTemplateBuilderCannotFind(org.jclouds.softlayer.compute.SoftLayerTemplateBuilderLiveTest)
[TestNG] Test testTemplateBuilderCannotFind(org.jclouds.softlayer.compute.SoftLayerTemplateBuilderLiveTest) succeeded: 1ms
Test suite progress: tests succeeded: 72, failed: 4, skipped: 0.
Starting test testTemplateBuilderCannotFind(org.jclouds.softlayer.compute.SoftLayerTemplateBuilderLiveTest)
[TestNG] Test testTemplateBuilderCannotFind(org.jclouds.softlayer.compute.SoftLayerTemplateBuilderLiveTest) succeeded: 0ms
Test suite progress: tests succeeded: 73, failed: 4, skipped: 0.
Starting test testTemplateBuilderCannotFind(org.jclouds.softlayer.compute.SoftLayerTemplateBuilderLiveTest)
[TestNG] Test testTemplateBuilderCannotFind(org.jclouds.softlayer.compute.SoftLayerTemplateBuilderLiveTest) succeeded: 1ms
Test suite progress: tests succeeded: 74, failed: 4, skipped: 0.
Starting test testTemplateBuilderCannotFind(org.jclouds.softlayer.compute.SoftLayerTemplateBuilderLiveTest)
[TestNG] Test testTemplateBuilderCannotFind(org.jclouds.softlayer.compute.SoftLayerTemplateBuilderLiveTest) succeeded: 1ms
Test suite progress: tests succeeded: 75, failed: 4, skipped: 0.
Starting test testTemplateBuilderCannotFind(org.jclouds.softlayer.compute.SoftLayerTemplateBuilderLiveTest)
[TestNG] Test testTemplateBuilderCannotFind(org.jclouds.softlayer.compute.SoftLayerTemplateBuilderLiveTest) succeeded: 0ms
Test suite progress: tests succeeded: 76, failed: 4, skipped: 0.
Starting test testTemplateBuilderCannotFind(org.jclouds.softlayer.compute.SoftLayerTemplateBuilderLiveTest)
[TestNG] Test testTemplateBuilderCannotFind(org.jclouds.softlayer.compute.SoftLayerTemplateBuilderLiveTest) succeeded: 1ms
Test suite progress: tests succeeded: 77, failed: 4, skipped: 0.
Starting test testTemplateBuilderCannotFind(org.jclouds.softlayer.compute.SoftLayerTemplateBuilderLiveTest)
[TestNG] Test testTemplateBuilderCannotFind(org.jclouds.softlayer.compute.SoftLayerTemplateBuilderLiveTest) succeeded: 1ms
Test suite progress: tests succeeded: 78, failed: 4, skipped: 0.
Starting test testTemplateBuilderCannotFind(org.jclouds.softlayer.compute.SoftLayerTemplateBuilderLiveTest)
[TestNG] Test testTemplateBuilderCannotFind(org.jclouds.softlayer.compute.SoftLayerTemplateBuilderLiveTest) succeeded: 0ms
Test suite progress: tests succeeded: 79, failed: 4, skipped: 0.
Starting test testTemplateBuilderCannotFind(org.jclouds.softlayer.compute.SoftLayerTemplateBuilderLiveTest)
[TestNG] Test testTemplateBuilderCannotFind(org.jclouds.softlayer.compute.SoftLayerTemplateBuilderLiveTest) succeeded: 1ms
Test suite progress: tests succeeded: 80, failed: 4, skipped: 0.
Starting test testTemplateBuilderCannotFind(org.jclouds.softlayer.compute.SoftLayerTemplateBuilderLiveTest)
[TestNG] Test testTemplateBuilderCannotFind(org.jclouds.softlayer.compute.SoftLayerTemplateBuilderLiveTest) succeeded: 1ms
Test suite progress: tests succeeded: 81, failed: 4, skipped: 0.
Starting test testTemplateBuilderCannotFind(org.jclouds.softlayer.compute.SoftLayerTemplateBuilderLiveTest)
[TestNG] Test testTemplateBuilderCannotFind(org.jclouds.softlayer.compute.SoftLayerTemplateBuilderLiveTest) succeeded: 1ms
Test suite progress: tests succeeded: 82, failed: 4, skipped: 0.
Starting test testTemplateBuilderCannotFind(org.jclouds.softlayer.compute.SoftLayerTemplateBuilderLiveTest)
[TestNG] Test testTemplateBuilderCannotFind(org.jclouds.softlayer.compute.SoftLayerTemplateBuilderLiveTest) succeeded: 0ms
Test suite progress: tests succeeded: 83, failed: 4, skipped: 0.
Starting test testTemplateBuilderCannotFind(org.jclouds.softlayer.compute.SoftLayerTemplateBuilderLiveTest)
[TestNG] Test testTemplateBuilderCannotFind(org.jclouds.softlayer.compute.SoftLayerTemplateBuilderLiveTest) succeeded: 1ms
Test suite progress: tests succeeded: 84, failed: 4, skipped: 0.
Starting test testTemplateBuilderCannotFind(org.jclouds.softlayer.compute.SoftLayerTemplateBuilderLiveTest)
[TestNG] Test testTemplateBuilderCannotFind(org.jclouds.softlayer.compute.SoftLayerTemplateBuilderLiveTest) succeeded: 0ms
Test suite progress: tests succeeded: 85, failed: 4, skipped: 0.
Starting test testTemplateBuilderCannotFind(org.jclouds.softlayer.compute.SoftLayerTemplateBuilderLiveTest)
[TestNG] Test testTemplateBuilderCannotFind(org.jclouds.softlayer.compute.SoftLayerTemplateBuilderLiveTest) succeeded: 0ms
Test suite progress: tests succeeded: 86, failed: 4, skipped: 0.
Starting test testTemplateBuilderCannotFind(org.jclouds.softlayer.compute.SoftLayerTemplateBuilderLiveTest)
[TestNG] Test testTemplateBuilderCannotFind(org.jclouds.softlayer.compute.SoftLayerTemplateBuilderLiveTest) succeeded: 1ms
Test suite progress: tests succeeded: 87, failed: 4, skipped: 0.
Starting test testTemplateBuilderCannotFind(org.jclouds.softlayer.compute.SoftLayerTemplateBuilderLiveTest)
[TestNG] Test testTemplateBuilderCannotFind(org.jclouds.softlayer.compute.SoftLayerTemplateBuilderLiveTest) succeeded: 0ms
Test suite progress: tests succeeded: 88, failed: 4, skipped: 0.
Starting test testTemplateBuilderCannotFind(org.jclouds.softlayer.compute.SoftLayerTemplateBuilderLiveTest)
[TestNG] Test testTemplateBuilderCannotFind(org.jclouds.softlayer.compute.SoftLayerTemplateBuilderLiveTest) succeeded: 1ms
Test suite progress: tests succeeded: 89, failed: 4, skipped: 0.
Starting test testTemplateBuilderCannotFind(org.jclouds.softlayer.compute.SoftLayerTemplateBuilderLiveTest)
[TestNG] Test testTemplateBuilderCannotFind(org.jclouds.softlayer.compute.SoftLayerTemplateBuilderLiveTest) succeeded: 0ms
Test suite progress: tests succeeded: 90, failed: 4, skipped: 0.
Starting test testTemplateBuilderCannotFind(org.jclouds.softlayer.compute.SoftLayerTemplateBuilderLiveTest)
[TestNG] Test testTemplateBuilderCannotFind(org.jclouds.softlayer.compute.SoftLayerTemplateBuilderLiveTest) succeeded: 1ms
Test suite progress: tests succeeded: 91, failed: 4, skipped: 0.
Starting test testTemplateBuilderCannotFind(org.jclouds.softlayer.compute.SoftLayerTemplateBuilderLiveTest)
[TestNG] Test testTemplateBuilderCannotFind(org.jclouds.softlayer.compute.SoftLayerTemplateBuilderLiveTest) succeeded: 0ms
Test suite progress: tests succeeded: 92, failed: 4, skipped: 0.
Starting test testTemplateBuilderCannotFind(org.jclouds.softlayer.compute.SoftLayerTemplateBuilderLiveTest)
[TestNG] Test testTemplateBuilderCannotFind(org.jclouds.softlayer.compute.SoftLayerTemplateBuilderLiveTest) succeeded: 1ms
Test suite progress: tests succeeded: 93, failed: 4, skipped: 0.
Starting test testTemplateBuilderCannotFind(org.jclouds.softlayer.compute.SoftLayerTemplateBuilderLiveTest)
[TestNG] Test testTemplateBuilderCannotFind(org.jclouds.softlayer.compute.SoftLayerTemplateBuilderLiveTest) succeeded: 0ms
Test suite progress: tests succeeded: 94, failed: 4, skipped: 0.
Starting test testTemplateBuilderCannotFind(org.jclouds.softlayer.compute.SoftLayerTemplateBuilderLiveTest)
[TestNG] Test testTemplateBuilderCannotFind(org.jclouds.softlayer.compute.SoftLayerTemplateBuilderLiveTest) succeeded: 1ms
Test suite progress: tests succeeded: 95, failed: 4, skipped: 0.
Starting test testTemplateBuilderCannotFind(org.jclouds.softlayer.compute.SoftLayerTemplateBuilderLiveTest)
[TestNG] Test testTemplateBuilderCannotFind(org.jclouds.softlayer.compute.SoftLayerTemplateBuilderLiveTest) succeeded: 0ms
Test suite progress: tests succeeded: 96, failed: 4, skipped: 0.
Starting test testTemplateBuilderCannotFind(org.jclouds.softlayer.compute.SoftLayerTemplateBuilderLiveTest)
[TestNG] Test testTemplateBuilderCannotFind(org.jclouds.softlayer.compute.SoftLayerTemplateBuilderLiveTest) succeeded: 0ms
Test suite progress: tests succeeded: 97, failed: 4, skipped: 0.
Starting test testTemplateBuilderCannotFind(org.jclouds.softlayer.compute.SoftLayerTemplateBuilderLiveTest)
[TestNG] Test testTemplateBuilderCannotFind(org.jclouds.softlayer.compute.SoftLayerTemplateBuilderLiveTest) succeeded: 1ms
Test suite progress: tests succeeded: 98, failed: 4, skipped: 0.
Starting test testTemplateBuilderCannotFind(org.jclouds.softlayer.compute.SoftLayerTemplateBuilderLiveTest)
[TestNG] Test testTemplateBuilderCannotFind(org.jclouds.softlayer.compute.SoftLayerTemplateBuilderLiveTest) succeeded: 0ms
Test suite progress: tests succeeded: 99, failed: 4, skipped: 0.
Starting test testTemplateBuilderCannotFind(org.jclouds.softlayer.compute.SoftLayerTemplateBuilderLiveTest)
[TestNG] Test testTemplateBuilderCannotFind(org.jclouds.softlayer.compute.SoftLayerTemplateBuilderLiveTest) succeeded: 1ms
Test suite progress: tests succeeded: 100, failed: 4, skipped: 0.
Starting test testTemplateBuilderCannotFind(org.jclouds.softlayer.compute.SoftLayerTemplateBuilderLiveTest)
[TestNG] Test testTemplateBuilderCannotFind(org.jclouds.softlayer.compute.SoftLayerTemplateBuilderLiveTest) succeeded: 0ms
Test suite progress: tests succeeded: 101, failed: 4, skipped: 0.
Starting test testTemplateBuilderCannotFind(org.jclouds.softlayer.compute.SoftLayerTemplateBuilderLiveTest)
[TestNG] Test testTemplateBuilderCannotFind(org.jclouds.softlayer.compute.SoftLayerTemplateBuilderLiveTest) succeeded: 1ms
Test suite progress: tests succeeded: 102, failed: 4, skipped: 0.
Starting test testTemplateBuilderCannotFind(org.jclouds.softlayer.compute.SoftLayerTemplateBuilderLiveTest)
[TestNG] Test testTemplateBuilderCannotFind(org.jclouds.softlayer.compute.SoftLayerTemplateBuilderLiveTest) succeeded: 0ms
Test suite progress: tests succeeded: 103, failed: 4, skipped: 0.
Starting test testTemplateBuilderCannotFind(org.jclouds.softlayer.compute.SoftLayerTemplateBuilderLiveTest)
[TestNG] Test testTemplateBuilderCannotFind(org.jclouds.softlayer.compute.SoftLayerTemplateBuilderLiveTest) succeeded: 1ms
Test suite progress: tests succeeded: 104, failed: 4, skipped: 0.
Starting test testBiggestTemplateBuilder(org.jclouds.softlayer.compute.SoftLayerTemplateBuilderLiveTest)
[TestNG] Test testBiggestTemplateBuilder(org.jclouds.softlayer.compute.SoftLayerTemplateBuilderLiveTest) succeeded: 1ms
Test suite progress: tests succeeded: 105, failed: 4, skipped: 0.
Starting test testDefaultTemplateBuilderWhenPrivateNetwork(org.jclouds.softlayer.compute.SoftLayerTemplateBuilderLiveTest)
[TestNG] Test testDefaultTemplateBuilderWhenPrivateNetwork(org.jclouds.softlayer.compute.SoftLayerTemplateBuilderLiveTest) succeeded: 39238ms
Test suite progress: tests succeeded: 106, failed: 4, skipped: 0.
Starting test testBiggestTemplateBuilderWhenBootIsSAN(org.jclouds.softlayer.compute.SoftLayerTemplateBuilderLiveTest)
[TestNG] Test testGetProductPackage(org.jclouds.softlayer.features.ProductPackageClientLiveTest) succeeded: 530361ms
Test suite progress: tests succeeded: 107, failed: 4, skipped: 0.
Starting test testGetTwoCPUCoresPrice(org.jclouds.softlayer.features.ProductPackageClientLiveTest)
[TestNG] Test testGetTwoCPUCoresPrice(org.jclouds.softlayer.features.ProductPackageClientLiveTest) succeeded: 1ms
Test suite progress: tests succeeded: 108, failed: 4, skipped: 0.
Starting test testGetUbuntuPrice(org.jclouds.softlayer.features.ProductPackageClientLiveTest)
[TestNG] Test testGetUbuntuPrice(org.jclouds.softlayer.features.ProductPackageClientLiveTest) succeeded: 0ms
Test suite progress: tests succeeded: 109, failed: 4, skipped: 0.
[TestNG] Test testBiggestTemplateBuilderWhenBootIsSAN(org.jclouds.softlayer.compute.SoftLayerTemplateBuilderLiveTest) succeeded: 40528ms
Test suite progress: tests succeeded: 110, failed: 4, skipped: 0.
Starting test testFromTemplate(org.jclouds.softlayer.compute.SoftLayerTemplateBuilderLiveTest)
[TestNG] Test testFromTemplate(org.jclouds.softlayer.compute.SoftLayerTemplateBuilderLiveTest) succeeded: 40237ms
Test suite progress: tests succeeded: 111, failed: 4, skipped: 0.
Starting test testBiggestTemplateBuilderWhenPrivateNetwork(org.jclouds.softlayer.compute.SoftLayerTemplateBuilderLiveTest)
[TestNG] Test testBiggestTemplateBuilderWhenPrivateNetwork(org.jclouds.softlayer.compute.SoftLayerTemplateBuilderLiveTest) succeeded: 39765ms
Test suite progress: tests succeeded: 112, failed: 4, skipped: 0.
Starting test testTemplateBuilderWithImageIdSpecified(org.jclouds.softlayer.compute.SoftLayerTemplateBuilderLiveTest)
[TestNG] Test testTemplateBuilderWithImageIdSpecified(org.jclouds.softlayer.compute.SoftLayerTemplateBuilderLiveTest) succeeded: 79282ms
Test suite progress: tests succeeded: 113, failed: 4, skipped: 0.
Starting test testGetAssignableLocations(org.jclouds.softlayer.compute.SoftLayerTemplateBuilderLiveTest)
location {scope=ZONE, id=3, description=Dallas 1, parent=softlayer, iso3166Codes=[US-TX]}
location {scope=ZONE, id=18171, description=Seattle, parent=softlayer, iso3166Codes=[US-WA]}
location {scope=ZONE, id=37473, description=Washington, DC, parent=softlayer, iso3166Codes=[US-VA]}
location {scope=ZONE, id=138124, description=Dallas 5, parent=softlayer, iso3166Codes=[US-TX]}
location {scope=ZONE, id=168642, description=San Jose 1, parent=softlayer, iso3166Codes=[US-CA]}
location {scope=ZONE, id=224092, description=Singapore 1, parent=softlayer, iso3166Codes=[SG]}
location {scope=ZONE, id=265592, description=Amsterdam 1, parent=softlayer, iso3166Codes=[NL]}
[TestNG] Test testGetAssignableLocations(org.jclouds.softlayer.compute.SoftLayerTemplateBuilderLiveTest) failed.
Test suite progress: tests succeeded: 113, failed: 5, skipped: 0.
Starting test testListDatacenters(org.jclouds.softlayer.features.DatacenterClientLiveTest)
[TestNG] Test testListDatacenters(org.jclouds.softlayer.features.DatacenterClientLiveTest) succeeded: 5325ms
Test suite progress: tests succeeded: 114, failed: 5, skipped: 0.
Starting test testListDatacentersContent(org.jclouds.softlayer.features.DatacenterClientLiveTest)
[TestNG] Test testListDatacentersContent(org.jclouds.softlayer.features.DatacenterClientLiveTest) failed.
Test suite progress: tests succeeded: 114, failed: 6, skipped: 0.
Starting test testGetActivePackages(org.jclouds.softlayer.features.AccountClientLiveTest)
[TestNG] Test testGetActivePackages(org.jclouds.softlayer.features.AccountClientLiveTest) succeeded: 32846ms
Test suite progress: tests succeeded: 115, failed: 6, skipped: 0.
Starting test testListVirtualGuests(org.jclouds.softlayer.features.VirtualGuestClientLiveTest)
[TestNG] Test testListVirtualGuests(org.jclouds.softlayer.features.VirtualGuestClientLiveTest) failed.
Test suite progress: tests succeeded: 115, failed: 7, skipped: 0.
Starting test testAScriptExecutionAfterBootWithBasicTemplate(org.jclouds.softlayer.compute.SoftLayerComputeServiceLiveTest)
[TestNG] Test testAScriptExecutionAfterBootWithBasicTemplate(org.jclouds.softlayer.compute.SoftLayerComputeServiceLiveTest) failed.
Test suite progress: tests succeeded: 115, failed: 8, skipped: 0.
Starting test testConcurrentUseOfComputeServiceToCreateNodes(org.jclouds.softlayer.compute.SoftLayerComputeServiceLiveTest)
[TestNG] Test testConcurrentUseOfComputeServiceToCreateNodes(org.jclouds.softlayer.compute.SoftLayerComputeServiceLiveTest) failed.
Test suite progress: tests succeeded: 115, failed: 9, skipped: 0.
Starting test testTemplateMatch(org.jclouds.softlayer.compute.SoftLayerComputeServiceLiveTest)
[TestNG] Test testTemplateMatch(org.jclouds.softlayer.compute.SoftLayerComputeServiceLiveTest) succeeded: 61ms
Test suite progress: tests succeeded: 116, failed: 9, skipped: 0.
[TestNG] Test testCreateTwoNodesWithRunScript(org.jclouds.softlayer.compute.SoftLayerComputeServiceLiveTest) skipped.
Test suite progress: tests succeeded: 116, failed: 9, skipped: 1.
[TestNG] Test testCreateAnotherNodeWithANewContextToEnsureSharedMemIsntRequired(org.jclouds.softlayer.compute.SoftLayerComputeServiceLiveTest) skipped.
Test suite progress: tests succeeded: 116, failed: 9, skipped: 2.
[TestNG] Test testCredentialsCache(org.jclouds.softlayer.compute.SoftLayerComputeServiceLiveTest) skipped.
Test suite progress: tests succeeded: 116, failed: 9, skipped: 3.
[TestNG] Test testGet(org.jclouds.softlayer.compute.SoftLayerComputeServiceLiveTest) skipped.
Test suite progress: tests succeeded: 116, failed: 9, skipped: 4.
[TestNG] Test testReboot(org.jclouds.softlayer.compute.SoftLayerComputeServiceLiveTest) skipped.
Test suite progress: tests succeeded: 116, failed: 9, skipped: 5.
[TestNG] Test testSuspendResume(org.jclouds.softlayer.compute.SoftLayerComputeServiceLiveTest) skipped.
Test suite progress: tests succeeded: 116, failed: 9, skipped: 6.
[TestNG] Test testGetNodesWithDetails(org.jclouds.softlayer.compute.SoftLayerComputeServiceLiveTest) skipped.
Test suite progress: tests succeeded: 116, failed: 9, skipped: 7.
[TestNG] Test testListNodes(org.jclouds.softlayer.compute.SoftLayerComputeServiceLiveTest) skipped.
Test suite progress: tests succeeded: 116, failed: 9, skipped: 8.
[TestNG] Test testDestroyNodes(org.jclouds.softlayer.compute.SoftLayerComputeServiceLiveTest) skipped.
Test suite progress: tests succeeded: 116, failed: 9, skipped: 9.
Tests run: 134, Failures: 9, Errors: 0, Skipped: 9, Time elapsed: 1,235.257 sec <<< FAILURE!

Results :

Failed tests:   testDatacentersForCloudLayer(org.jclouds.softlayer.features.ProductPackageClientLiveTest): [Datacenter{id=3, name=dal01, longName=Dallas 1, locationAddress=Address{id=2, country=US, state=TX, description=Dallas - DAL01 - Infomart}, regions=[[keyname=FIRST_AVAILABLE, description=First Available], [keyname=DALLAS, description=DAL01 - Dallas - Central U.S.]]}, Datacenter{id=18171, name=sea01, longName=Seattle, locationAddress=Address{id=3, country=US, state=WA, description=Seattle - SEA01 - Tukwila}, regions=[[keyname=FIRST_AVAILABLE, description=First Available], [keyname=SEATTLE, description=SEA01 - Seattle - West Coast U.S.]]}, Datacenter{id=37473, name=wdc01, longName=Washington, DC, locationAddress=Address{id=4, country=US, state=VA, description=Washington DC - WDC01 - Chantilly}, regions=[[keyname=WASHINGTON_DC, description=WDC01 - Washington, DC - East Coast U.S.], [keyname=FIRST_AVAILABLE, description=First Available]]}, Datacenter{id=138124, name=dal05, longName=Dallas 5, locationAddress=Address{id=722, country=US, state=TX, description=Dallas - DAL05 - Corporate HQ}, regions=[[keyname=DALLAS05, description=DAL05 - Dallas - Central U.S.]]}, Datacenter{id=168642, name=sjc01, longName=San Jose 1, locationAddress=Address{id=1822, country=US, state=CA, description=San Jose - SJC01}, regions=[[keyname=FIRST_AVAILABLE, description=First Available], [keyname=SANJOSE, description=SJC01 - San Jose - West Coast U.S.]]}, Datacenter{id=224092, name=sng01, longName=Singapore 1, locationAddress=Address{id=2982, country=SG, state=null, description=Singapore - SNG01}, regions=[[keyname=SINGAPORE, description=SNG01 - Singapore - Southeast Asia]]}, Datacenter{id=265592, name=ams01, longName=Amsterdam 1, locationAddress=Address{id=3322, country=NL, state=null, description=Amsterdam - AMS01}, regions=[[keyname=AMSTERDAM, description=AMS01 - Amsterdam - Western Europe]]}]
  testAndExperiment(org.jclouds.softlayer.compute.SoftLayerExperimentLiveTest): expected:<6> but was:<7>
  testCreateNodeWithGroupEncodedIntoNameThenStoreCredentials(org.jclouds.softlayer.compute.SoftLayerComputeServiceAdapterLiveTest): index (0) must be less than size (0)
  testCreateAndRunAService(org.jclouds.softlayer.compute.SoftLayerComputeServiceLiveTest): error running 1 node group(soft-layers) location(3) image(17446) size(1640,1644,13899) options({blockOnPort:seconds=22:300, inboundPorts=[22, 8080], tags=[soft-layers], userMetadata={Name=soft-layers}})(..)
  testGetAssignableLocations(org.jclouds.softlayer.compute.SoftLayerTemplateBuilderLiveTest): {scope=ZONE, id=265592, description=Amsterdam 1, parent=softlayer, iso3166Codes=[NL]} ||{scope=PROVIDER, id=softlayer, description=https://api.softlayer.com/rest, iso3166Codes=[SG, US-CA, US-TX, US-VA, US-WA]}
  testListDatacentersContent(org.jclouds.softlayer.features.DatacenterClientLiveTest): expected:<15> but was:<12>
  testListVirtualGuests(org.jclouds.softlayer.features.VirtualGuestClientLiveTest): VirtualGuest{accountId=93750, createDate=Thu Mar 15 16:15:35 PDT 2012, dedicatedAccountHostOnly=false, domain=me.org, fullyQualifiedDomainName=node-652208763.me.org, hostname=node-652208763, id=707928, lastVerifiedDate=null, maxCpu=1, maxCpuUnits=CORE, maxMemory=1024, metricPollDate=null, modifyDate=Thu Mar 15 16:19:59 PDT 2012, notes=null, privateNetworkOnly=false, startCpus=1, statusId=1001, uuid=6d243fa8-8e12-8b59-836e-11fe74b4b955, primaryBackendIpAddress=10.29.0.66, primaryIpAddress=50.23.154.26, billingItemId=9722084, operatingSystem=OperatingSystem{id=1271359, passwords=[Password{id=995397, username=root, password=AP6a9vnu}]}, datacenter=Datacenter{id=18171, name=sea01, longName=Seattle, locationAddress=null, regions=[]}, powerState=PowerState{keyName=Running}}
  testAScriptExecutionAfterBootWithBasicTemplate(org.jclouds.softlayer.compute.SoftLayerComputeServiceLiveTest): error running 1 node group(soft-layerr) location(3) image(17446) size(1640,1644,13899) options({blockOnPort:seconds=22:120})(..)
  testConcurrentUseOfComputeServiceToCreateNodes(org.jclouds.softlayer.compute.SoftLayerComputeServiceLiveTest): org.jclouds.compute.RunNodesException: error running 1 node group(twin0) location(3) image(17446) size(1640,1644,13899) options({blockOnPort:seconds=22:300, inboundPorts=[22, 8080]})(..)

Tests run: 134, Failures: 9, Errors: 0, Skipped: 9

[INFO] ------------------------------------------------------------------------
[INFO] BUILD FAILURE
[INFO] ------------------------------------------------------------------------
[INFO] Total time: 24:11.907s
[INFO] Finished at: Mon Sep 10 00:05:32 PDT 2012
[INFO] Final Memory: 17M/125M
[INFO] ------------------------------------------------------------------------
[ERROR] Failed to execute goal org.apache.maven.plugins:maven-surefire-plugin:2.12:test (integration) on project softlayer: There are test failures.
[ERROR] 
[ERROR] Please refer to /Users/adriancole/git/jclouds/providers/softlayer/target/surefire-reports for the individual test results.
[ERROR] -> [Help 1]
[ERROR] 
[ERROR] To see the full stack trace of the errors, re-run Maven with the -e switch.
[ERROR] Re-run Maven using the -X switch to enable full debug logging.
[ERROR] 
[ERROR] For more information about the errors and possible solutions, please read the following articles:
[ERROR] [Help 1] http://cwiki.apache.org/confluence/display/MAVEN/MojoFailureException
