-------------------------------------------------------------------------------
Test set: TestSuite
-------------------------------------------------------------------------------
Tests run: 123, Failures: 10, Errors: 0, Skipped: 7, Time elapsed: 1,587.189 sec <<< FAILURE!
testFindCatalogIsWriteableIfNotVersion1_5(org.jclouds.stratogen.vcloud.mycloud.features.StratoGenVCloudMyCloudCatalogClientLiveTest)  Time elapsed: 0.831 sec  <<< FAILURE!
java.lang.AssertionError: expected:<true> but was:<false>
	at org.testng.Assert.fail(Assert.java:89)
	at org.testng.Assert.failNotEquals(Assert.java:489)
	at org.testng.Assert.assertTrue(Assert.java:37)
	at org.testng.Assert.assertTrue(Assert.java:47)
	at org.jclouds.vcloud.features.CatalogClientLiveTest.testFindCatalogIsWriteableIfNotVersion1_5(CatalogClientLiveTest.java:53)
	at sun.reflect.NativeMethodAccessorImpl.invoke0(Native Method)
	at sun.reflect.NativeMethodAccessorImpl.invoke(NativeMethodAccessorImpl.java:39)
	at sun.reflect.DelegatingMethodAccessorImpl.invoke(DelegatingMethodAccessorImpl.java:25)
	at java.lang.reflect.Method.invoke(Method.java:597)
	at org.testng.internal.MethodInvocationHelper.invokeMethod(MethodInvocationHelper.java:80)
	at org.testng.internal.Invoker.invokeMethod(Invoker.java:701)
	at org.testng.internal.Invoker.invokeTestMethod(Invoker.java:893)
	at org.testng.internal.Invoker.invokeTestMethods(Invoker.java:1218)
	at org.testng.internal.TestMethodWorker.invokeTestMethods(TestMethodWorker.java:127)
	at org.testng.internal.TestMethodWorker.run(TestMethodWorker.java:111)
	at org.testng.TestRunner.privateRun(TestRunner.java:758)
	at org.testng.TestRunner.run(TestRunner.java:613)
	at org.testng.SuiteRunner.runTest(SuiteRunner.java:334)
	at org.testng.SuiteRunner.access$000(SuiteRunner.java:37)
	at org.testng.SuiteRunner$SuiteWorker.run(SuiteRunner.java:368)
	at org.testng.internal.thread.ThreadUtil$2.call(ThreadUtil.java:64)
	at java.util.concurrent.FutureTask$Sync.innerRun(FutureTask.java:303)
	at java.util.concurrent.FutureTask.run(FutureTask.java:138)
	at java.util.concurrent.ThreadPoolExecutor$Worker.runTask(ThreadPoolExecutor.java:886)
	at java.util.concurrent.ThreadPoolExecutor$Worker.run(ThreadPoolExecutor.java:908)
	at java.lang.Thread.run(Thread.java:680)
testFromTemplate(org.jclouds.stratogen.vcloud.mycloud.compute.StratoGenVCloudMyCloudTemplateBuilderLiveTest)  Time elapsed: 0.015 sec  <<< FAILURE!
java.util.NoSuchElementException: no image matched predicate: And(nullEqualToIsParentOrIsGrandparentOfCurrentLocation(),And(osFamily(ubuntu),osName(Ubuntu 64-Bit),osDescription(Ubuntu Linux (64-bit)),osVersion(),os64Bit(true)),imageName(Ubuntu server 11.04 64bit no GUI (base)),imageDescription(^Ubuntu server 11.04 64bit no GUI (base)$))
	at org.jclouds.compute.domain.internal.TemplateBuilderImpl.throwNoSuchElementExceptionAfterLoggingImageIds(TemplateBuilderImpl.java:634)
	at org.jclouds.compute.domain.internal.TemplateBuilderImpl.build(TemplateBuilderImpl.java:622)
	at org.jclouds.compute.internal.BaseTemplateBuilderLiveTest.testFromTemplate(BaseTemplateBuilderLiveTest.java:93)
	at sun.reflect.NativeMethodAccessorImpl.invoke0(Native Method)
	at sun.reflect.NativeMethodAccessorImpl.invoke(NativeMethodAccessorImpl.java:39)
	at sun.reflect.DelegatingMethodAccessorImpl.invoke(DelegatingMethodAccessorImpl.java:25)
	at java.lang.reflect.Method.invoke(Method.java:597)
	at org.testng.internal.MethodInvocationHelper.invokeMethod(MethodInvocationHelper.java:80)
	at org.testng.internal.Invoker.invokeMethod(Invoker.java:701)
	at org.testng.internal.Invoker.invokeTestMethod(Invoker.java:893)
	at org.testng.internal.Invoker.invokeTestMethods(Invoker.java:1218)
	at org.testng.internal.TestMethodWorker.invokeTestMethods(TestMethodWorker.java:127)
	at org.testng.internal.TestMethodWorker.run(TestMethodWorker.java:111)
	at org.testng.TestRunner.privateRun(TestRunner.java:758)
	at org.testng.TestRunner.run(TestRunner.java:613)
	at org.testng.SuiteRunner.runTest(SuiteRunner.java:334)
	at org.testng.SuiteRunner.access$000(SuiteRunner.java:37)
	at org.testng.SuiteRunner$SuiteWorker.run(SuiteRunner.java:368)
	at org.testng.internal.thread.ThreadUtil$2.call(ThreadUtil.java:64)
	at java.util.concurrent.FutureTask$Sync.innerRun(FutureTask.java:303)
	at java.util.concurrent.FutureTask.run(FutureTask.java:138)
	at java.util.concurrent.ThreadPoolExecutor$Worker.runTask(ThreadPoolExecutor.java:886)
	at java.util.concurrent.ThreadPoolExecutor$Worker.run(ThreadPoolExecutor.java:908)
	at java.lang.Thread.run(Thread.java:680)
testCorrectAuthException(org.jclouds.stratogen.vcloud.mycloud.compute.StratoGenVCloudMyCloudComputeServiceLiveTest)  Time elapsed: 5.988 sec  <<< FAILURE!
org.testng.TestException: 
Method BaseComputeServiceLiveTest.testCorrectAuthException()[pri:0, instance:org.jclouds.stratogen.vcloud.mycloud.compute.StratoGenVCloudMyCloudComputeServiceLiveTest@6076ab2f] should have thrown an exception of class org.jclouds.rest.AuthorizationException
	at org.testng.internal.Invoker.handleInvocationResults(Invoker.java:1501)
	at org.testng.internal.Invoker.invokeMethod(Invoker.java:750)
	at org.testng.internal.Invoker.invokeTestMethod(Invoker.java:893)
	at org.testng.internal.Invoker.invokeTestMethods(Invoker.java:1218)
	at org.testng.internal.TestMethodWorker.invokeTestMethods(TestMethodWorker.java:127)
	at org.testng.internal.TestMethodWorker.run(TestMethodWorker.java:111)
	at org.testng.TestRunner.privateRun(TestRunner.java:758)
	at org.testng.TestRunner.run(TestRunner.java:613)
	at org.testng.SuiteRunner.runTest(SuiteRunner.java:334)
	at org.testng.SuiteRunner.access$000(SuiteRunner.java:37)
	at org.testng.SuiteRunner$SuiteWorker.run(SuiteRunner.java:368)
	at org.testng.internal.thread.ThreadUtil$2.call(ThreadUtil.java:64)
	at java.util.concurrent.FutureTask$Sync.innerRun(FutureTask.java:303)
	at java.util.concurrent.FutureTask.run(FutureTask.java:138)
	at java.util.concurrent.ThreadPoolExecutor$Worker.runTask(ThreadPoolExecutor.java:886)
	at java.util.concurrent.ThreadPoolExecutor$Worker.run(ThreadPoolExecutor.java:908)
	at java.lang.Thread.run(Thread.java:680)
testTemplateBuilderCanUseImageId(org.jclouds.stratogen.vcloud.mycloud.compute.StratoGenVCloudMyCloudTemplateBuilderLiveTest)  Time elapsed: 26.578 sec  <<< FAILURE!
java.util.NoSuchElementException: imageId(https://mycloud.stratogen.net/api/v1.0/vAppTemplate/vappTemplate-134af01d-5684-4c26-85e0-3945c1df94d4) not found
	at org.jclouds.compute.domain.internal.TemplateBuilderImpl.throwNoSuchElementExceptionAfterLoggingImageIds(TemplateBuilderImpl.java:634)
	at org.jclouds.compute.domain.internal.TemplateBuilderImpl.build(TemplateBuilderImpl.java:620)
	at org.jclouds.compute.internal.BaseTemplateBuilderLiveTest.testTemplateBuilderCanUseImageId(BaseTemplateBuilderLiveTest.java:163)
	at sun.reflect.NativeMethodAccessorImpl.invoke0(Native Method)
	at sun.reflect.NativeMethodAccessorImpl.invoke(NativeMethodAccessorImpl.java:39)
	at sun.reflect.DelegatingMethodAccessorImpl.invoke(DelegatingMethodAccessorImpl.java:25)
	at java.lang.reflect.Method.invoke(Method.java:597)
	at org.testng.internal.MethodInvocationHelper.invokeMethod(MethodInvocationHelper.java:80)
	at org.testng.internal.Invoker.invokeMethod(Invoker.java:701)
	at org.testng.internal.Invoker.invokeTestMethod(Invoker.java:893)
	at org.testng.internal.Invoker.invokeTestMethods(Invoker.java:1218)
	at org.testng.internal.TestMethodWorker.invokeTestMethods(TestMethodWorker.java:127)
	at org.testng.internal.TestMethodWorker.run(TestMethodWorker.java:111)
	at org.testng.TestRunner.privateRun(TestRunner.java:758)
	at org.testng.TestRunner.run(TestRunner.java:613)
	at org.testng.SuiteRunner.runTest(SuiteRunner.java:334)
	at org.testng.SuiteRunner.access$000(SuiteRunner.java:37)
	at org.testng.SuiteRunner$SuiteWorker.run(SuiteRunner.java:368)
	at org.testng.internal.thread.ThreadUtil$2.call(ThreadUtil.java:64)
	at java.util.concurrent.FutureTask$Sync.innerRun(FutureTask.java:303)
	at java.util.concurrent.FutureTask.run(FutureTask.java:138)
	at java.util.concurrent.ThreadPoolExecutor$Worker.runTask(ThreadPoolExecutor.java:886)
	at java.util.concurrent.ThreadPoolExecutor$Worker.run(ThreadPoolExecutor.java:908)
	at java.lang.Thread.run(Thread.java:680)
testTemplateBuilderWithImageIdSpecified(org.jclouds.stratogen.vcloud.mycloud.compute.StratoGenVCloudMyCloudTemplateBuilderLiveTest)  Time elapsed: 0.001 sec  <<< FAILURE!
java.util.NoSuchElementException: no image matched predicate: And(nullEqualToIsParentOrIsGrandparentOfCurrentLocation(),imageName(Ubuntu server 11.04 64bit no GUI (base)))
	at org.jclouds.compute.domain.internal.TemplateBuilderImpl.throwNoSuchElementExceptionAfterLoggingImageIds(TemplateBuilderImpl.java:634)
	at org.jclouds.compute.domain.internal.TemplateBuilderImpl.build(TemplateBuilderImpl.java:622)
	at org.jclouds.compute.domain.internal.TemplateBuilderImpl.build(TemplateBuilderImpl.java:606)
	at org.jclouds.compute.internal.BaseTemplateBuilderLiveTest.testTemplateBuilderWithImageIdSpecified(BaseTemplateBuilderLiveTest.java:221)
	at sun.reflect.NativeMethodAccessorImpl.invoke0(Native Method)
	at sun.reflect.NativeMethodAccessorImpl.invoke(NativeMethodAccessorImpl.java:39)
	at sun.reflect.DelegatingMethodAccessorImpl.invoke(DelegatingMethodAccessorImpl.java:25)
	at java.lang.reflect.Method.invoke(Method.java:597)
	at org.testng.internal.MethodInvocationHelper.invokeMethod(MethodInvocationHelper.java:80)
	at org.testng.internal.Invoker.invokeMethod(Invoker.java:701)
	at org.testng.internal.Invoker.invokeTestMethod(Invoker.java:893)
	at org.testng.internal.Invoker.invokeTestMethods(Invoker.java:1218)
	at org.testng.internal.TestMethodWorker.invokeTestMethods(TestMethodWorker.java:127)
	at org.testng.internal.TestMethodWorker.run(TestMethodWorker.java:111)
	at org.testng.TestRunner.privateRun(TestRunner.java:758)
	at org.testng.TestRunner.run(TestRunner.java:613)
	at org.testng.SuiteRunner.runTest(SuiteRunner.java:334)
	at org.testng.SuiteRunner.access$000(SuiteRunner.java:37)
	at org.testng.SuiteRunner$SuiteWorker.run(SuiteRunner.java:368)
	at org.testng.internal.thread.ThreadUtil$2.call(ThreadUtil.java:64)
	at java.util.concurrent.FutureTask$Sync.innerRun(FutureTask.java:303)
	at java.util.concurrent.FutureTask.run(FutureTask.java:138)
	at java.util.concurrent.ThreadPoolExecutor$Worker.runTask(ThreadPoolExecutor.java:886)
	at java.util.concurrent.ThreadPoolExecutor$Worker.run(ThreadPoolExecutor.java:908)
	at java.lang.Thread.run(Thread.java:680)
testExtendedOptionsWithCustomizationScript(org.jclouds.stratogen.vcloud.mycloud.features.StratoGenVCloudMyCloudVmClientLiveTest)  Time elapsed: 40.043 sec  <<< FAILURE!
org.jclouds.compute.RunNodesException: error running 1 node group(vcdcus) location(https://mycloud.stratogen.net/api/v1.0/vdc/712149e0-a241-4dbc-8d06-d4a9d6f5af75) image(https://mycloud.stratogen.net/api/v1.0/vAppTemplate/vappTemplate-134af01d-5684-4c26-85e0-3945c1df94d4) size(https://mycloud.stratogen.net/api/v1.0/vAppTemplate/vappTemplate-134af01d-5684-4c26-85e0-3945c1df94d4) options([customizationScript=true, description=vcdcus, ipAddressAllocationMode=POOL, inboundPorts=[22], privateKey=false, publicKey=false, runScript=false, port:seconds=22:180, userMetadata: {}])
Execution failures:
1) ExecutionException on vcdcus-444:
java.util.concurrent.ExecutionException: org.jclouds.vcloud.TaskInErrorStateException: error on task: {href=https://mycloud.stratogen.net/api/v1.0/task/1492312e-7cd3-4315-a8bb-8a47e73ea227, name=null, owner=[href=https://mycloud.stratogen.net/api/v1.0/vApp/vapp-5c040b6d-b338-48a8-a277-82d91885d215, name=vcdcus-444, type=application/vnd.vmware.vcloud.vApp+xml], operation=Created Virtual Application vcdcus-444(5c040b6d-b338-48a8-a277-82d91885d215), startTime=Tue Apr 24 03:23:23 PDT 2012, endTime=Tue Apr 24 03:24:25 PDT 2012, expiryTime=Mon Jul 23 03:23:23 PDT 2012, error=[majorErrorCode=500, message=Unable to perform this action. Contact your cloud administrator., minorErrorCode=INTERNAL_SERVER_ERROR, stackTrace=null, vendorSpecificErrorCode=null]} error: [majorErrorCode=500, message=Unable to perform this action. Contact your cloud administrator., minorErrorCode=INTERNAL_SERVER_ERROR, stackTrace=null, vendorSpecificErrorCode=null]
	at com.google.common.util.concurrent.AbstractFuture$Sync.getValue(AbstractFuture.java:289)
	at com.google.common.util.concurrent.AbstractFuture$Sync.get(AbstractFuture.java:276)
	at com.google.common.util.concurrent.AbstractFuture.get(AbstractFuture.java:111)
	at org.jclouds.concurrent.FutureIterables$1.run(FutureIterables.java:134)
	at java.util.concurrent.ThreadPoolExecutor$Worker.runTask(ThreadPoolExecutor.java:886)
	at java.util.concurrent.ThreadPoolExecutor$Worker.run(ThreadPoolExecutor.java:908)
	at java.lang.Thread.run(Thread.java:680)
Caused by: org.jclouds.vcloud.TaskInErrorStateException: error on task: {href=https://mycloud.stratogen.net/api/v1.0/task/1492312e-7cd3-4315-a8bb-8a47e73ea227, name=null, owner=[href=https://mycloud.stratogen.net/api/v1.0/vApp/vapp-5c040b6d-b338-48a8-a277-82d91885d215, name=vcdcus-444, type=application/vnd.vmware.vcloud.vApp+xml], operation=Created Virtual Application vcdcus-444(5c040b6d-b338-48a8-a277-82d91885d215), startTime=Tue Apr 24 03:23:23 PDT 2012, endTime=Tue Apr 24 03:24:25 PDT 2012, expiryTime=Mon Jul 23 03:23:23 PDT 2012, error=[majorErrorCode=500, message=Unable to perform this action. Contact your cloud administrator., minorErrorCode=INTERNAL_SERVER_ERROR, stackTrace=null, vendorSpecificErrorCode=null]} error: [majorErrorCode=500, message=Unable to perform this action. Contact your cloud administrator., minorErrorCode=INTERNAL_SERVER_ERROR, stackTrace=null, vendorSpecificErrorCode=null]
	at org.jclouds.vcloud.predicates.TaskSuccess.apply(TaskSuccess.java:63)
	at org.jclouds.vcloud.predicates.TaskSuccess.apply(TaskSuccess.java:41)
	at org.jclouds.predicates.RetryablePredicate.apply(RetryablePredicate.java:76)
	at org.jclouds.vcloud.compute.strategy.InstantiateVAppTemplateWithGroupEncodedIntoNameThenCustomizeDeployAndPowerOn.waitForTask(InstantiateVAppTemplateWithGroupEncodedIntoNameThenCustomizeDeployAndPowerOn.java:218)
	at org.jclouds.vcloud.compute.strategy.InstantiateVAppTemplateWithGroupEncodedIntoNameThenCustomizeDeployAndPowerOn.createNodeWithGroupEncodedIntoName(InstantiateVAppTemplateWithGroupEncodedIntoNameThenCustomizeDeployAndPowerOn.java:175)
	at org.jclouds.vcloud.compute.strategy.VCloudComputeServiceAdapter.createNodeWithGroupEncodedIntoName(VCloudComputeServiceAdapter.java:94)
	at org.jclouds.compute.strategy.impl.AdaptingComputeServiceStrategies.createNodeWithGroupEncodedIntoName(AdaptingComputeServiceStrategies.java:170)
	at org.jclouds.compute.strategy.impl.CreateNodesWithGroupEncodedIntoNameThenAddToSet$AddNode.call(CreateNodesWithGroupEncodedIntoNameThenAddToSet.java:81)
	at org.jclouds.compute.strategy.impl.CreateNodesWithGroupEncodedIntoNameThenAddToSet$AddNode.call(CreateNodesWithGroupEncodedIntoNameThenAddToSet.java:65)
	at java.util.concurrent.FutureTask$Sync.innerRun(FutureTask.java:303)
	at java.util.concurrent.FutureTask.run(FutureTask.java:138)
	at java.util.concurrent.ThreadPoolExecutor$Worker.runTask(ThreadPoolExecutor.java:886)
	at java.util.concurrent.ThreadPoolExecutor$Worker.run(ThreadPoolExecutor.java:908)
	at java.lang.Thread.run(Thread.java:680)
	at org.jclouds.concurrent.config.ExecutorServiceModule$DescribingExecutorService.submit(ExecutorServiceModule.java:182)
	at org.jclouds.compute.strategy.impl.CreateNodesWithGroupEncodedIntoNameThenAddToSet.createNodeInGroupWithNameAndTemplate(CreateNodesWithGroupEncodedIntoNameThenAddToSet.java:169)
	at org.jclouds.compute.strategy.impl.CreateNodesWithGroupEncodedIntoNameThenAddToSet.execute(CreateNodesWithGroupEncodedIntoNameThenAddToSet.java:124)
	at org.jclouds.compute.internal.BaseComputeService.createNodesInGroup(BaseComputeService.java:205)
	at org.jclouds.compute.internal.BaseComputeService.createNodesInGroup(BaseComputeService.java:221)
	at org.jclouds.vcloud.features.VmClientLiveTest.testExtendedOptionsWithCustomizationScript(VmClientLiveTest.java:110)
	at sun.reflect.NativeMethodAccessorImpl.invoke0(Native Method)
	at sun.reflect.NativeMethodAccessorImpl.invoke(NativeMethodAccessorImpl.java:39)
	at sun.reflect.DelegatingMethodAccessorImpl.invoke(DelegatingMethodAccessorImpl.java:25)
	at java.lang.reflect.Method.invoke(Method.java:597)
	at org.testng.internal.MethodInvocationHelper.invokeMethod(MethodInvocationHelper.java:80)
	at org.testng.internal.Invoker.invokeMethod(Invoker.java:701)
	at org.testng.internal.Invoker.invokeTestMethod(Invoker.java:893)
	at org.testng.internal.Invoker.invokeTestMethods(Invoker.java:1218)
	at org.testng.internal.TestMethodWorker.invokeTestMethods(TestMethodWorker.java:127)
	at org.testng.internal.TestMethodWorker.run(TestMethodWorker.java:111)
	at org.testng.TestRunner.privateRun(TestRunner.java:758)
	at org.testng.TestRunner.run(TestRunner.java:613)
	at org.testng.SuiteRunner.runTest(SuiteRunner.java:334)
	at org.testng.SuiteRunner.access$000(SuiteRunner.java:37)
	at org.testng.SuiteRunner$SuiteWorker.run(SuiteRunner.java:368)
	at org.testng.internal.thread.ThreadUtil$2.call(ThreadUtil.java:64)
	at java.util.concurrent.FutureTask$Sync.innerRun(FutureTask.java:303)
	at java.util.concurrent.FutureTask.run(FutureTask.java:138)
	at java.util.concurrent.ThreadPoolExecutor$Worker.runTask(ThreadPoolExecutor.java:886)
	at java.util.concurrent.ThreadPoolExecutor$Worker.run(ThreadPoolExecutor.java:908)
	at java.lang.Thread.run(Thread.java:680)
	at org.jclouds.concurrent.config.ExecutorServiceModule$DescribingExecutorService.submit(ExecutorServiceModule.java:182)
	at org.jclouds.compute.strategy.impl.CreateNodesWithGroupEncodedIntoNameThenAddToSet.createNodeInGroupWithNameAndTemplate(CreateNodesWithGroupEncodedIntoNameThenAddToSet.java:169)
	at org.jclouds.compute.strategy.impl.CreateNodesWithGroupEncodedIntoNameThenAddToSet.execute(CreateNodesWithGroupEncodedIntoNameThenAddToSet.java:124)
	at org.jclouds.compute.internal.BaseComputeService.createNodesInGroup(BaseComputeService.java:205)
	at org.jclouds.compute.internal.BaseComputeService.createNodesInGroup(BaseComputeService.java:221)
	at org.jclouds.vcloud.features.VmClientLiveTest.testExtendedOptionsWithCustomizationScript(VmClientLiveTest.java:110)
	at sun.reflect.NativeMethodAccessorImpl.invoke0(Native Method)
	at sun.reflect.NativeMethodAccessorImpl.invoke(NativeMethodAccessorImpl.java:39)
	at sun.reflect.DelegatingMethodAccessorImpl.invoke(DelegatingMethodAccessorImpl.java:25)
	at java.lang.reflect.Method.invoke(Method.java:597)
	at org.testng.internal.MethodInvocationHelper.invokeMethod(MethodInvocationHelper.java:80)
	at org.testng.internal.Invoker.invokeMethod(Invoker.java:701)
	at org.testng.internal.Invoker.invokeTestMethod(Invoker.java:893)
	at org.testng.internal.Invoker.invokeTestMethods(Invoker.java:1218)
	at org.testng.internal.TestMethodWorker.invokeTestMethods(TestMethodWorker.java:127)
	at org.testng.internal.TestMethodWorker.run(TestMethodWorker.java:111)
	at org.testng.TestRunner.privateRun(TestRunner.java:758)
	at org.testng.TestRunner.run(TestRunner.java:613)
	at org.testng.SuiteRunner.runTest(SuiteRunner.java:334)
	at org.testng.SuiteRunner.access$000(SuiteRunner.java:37)
	at org.testng.SuiteRunner$SuiteWorker.run(SuiteRunner.java:368)
	at org.testng.internal.thread.ThreadUtil$2.call(ThreadUtil.java:64)
	at java.util.concurrent.FutureTask$Sync.innerRun(FutureTask.java:303)
	at java.util.concurrent.FutureTask.run(FutureTask.java:138)
	... 3 more
1 error[s]
Node failures:
0 error[s]
	at org.jclouds.compute.internal.BaseComputeService.createNodesInGroup(BaseComputeService.java:213)
	at org.jclouds.compute.internal.BaseComputeService.createNodesInGroup(BaseComputeService.java:221)
	at org.jclouds.vcloud.features.VmClientLiveTest.testExtendedOptionsWithCustomizationScript(VmClientLiveTest.java:110)
	at sun.reflect.NativeMethodAccessorImpl.invoke0(Native Method)
	at sun.reflect.NativeMethodAccessorImpl.invoke(NativeMethodAccessorImpl.java:39)
	at sun.reflect.DelegatingMethodAccessorImpl.invoke(DelegatingMethodAccessorImpl.java:25)
	at java.lang.reflect.Method.invoke(Method.java:597)
	at org.testng.internal.MethodInvocationHelper.invokeMethod(MethodInvocationHelper.java:80)
	at org.testng.internal.Invoker.invokeMethod(Invoker.java:701)
	at org.testng.internal.Invoker.invokeTestMethod(Invoker.java:893)
	at org.testng.internal.Invoker.invokeTestMethods(Invoker.java:1218)
	at org.testng.internal.TestMethodWorker.invokeTestMethods(TestMethodWorker.java:127)
	at org.testng.internal.TestMethodWorker.run(TestMethodWorker.java:111)
	at org.testng.TestRunner.privateRun(TestRunner.java:758)
	at org.testng.TestRunner.run(TestRunner.java:613)
	at org.testng.SuiteRunner.runTest(SuiteRunner.java:334)
	at org.testng.SuiteRunner.access$000(SuiteRunner.java:37)
	at org.testng.SuiteRunner$SuiteWorker.run(SuiteRunner.java:368)
	at org.testng.internal.thread.ThreadUtil$2.call(ThreadUtil.java:64)
	at java.util.concurrent.FutureTask$Sync.innerRun(FutureTask.java:303)
	at java.util.concurrent.FutureTask.run(FutureTask.java:138)
	at java.util.concurrent.ThreadPoolExecutor$Worker.runTask(ThreadPoolExecutor.java:886)
	at java.util.concurrent.ThreadPoolExecutor$Worker.run(ThreadPoolExecutor.java:908)
	at java.lang.Thread.run(Thread.java:680)
Caused by: org.jclouds.vcloud.TaskInErrorStateException: error on task: {href=https://mycloud.stratogen.net/api/v1.0/task/1492312e-7cd3-4315-a8bb-8a47e73ea227, name=null, owner=[href=https://mycloud.stratogen.net/api/v1.0/vApp/vapp-5c040b6d-b338-48a8-a277-82d91885d215, name=vcdcus-444, type=application/vnd.vmware.vcloud.vApp+xml], operation=Created Virtual Application vcdcus-444(5c040b6d-b338-48a8-a277-82d91885d215), startTime=Tue Apr 24 03:23:23 PDT 2012, endTime=Tue Apr 24 03:24:25 PDT 2012, expiryTime=Mon Jul 23 03:23:23 PDT 2012, error=[majorErrorCode=500, message=Unable to perform this action. Contact your cloud administrator., minorErrorCode=INTERNAL_SERVER_ERROR, stackTrace=null, vendorSpecificErrorCode=null]} error: [majorErrorCode=500, message=Unable to perform this action. Contact your cloud administrator., minorErrorCode=INTERNAL_SERVER_ERROR, stackTrace=null, vendorSpecificErrorCode=null]
	at org.jclouds.vcloud.predicates.TaskSuccess.apply(TaskSuccess.java:63)
	at org.jclouds.vcloud.predicates.TaskSuccess.apply(TaskSuccess.java:41)
	at org.jclouds.predicates.RetryablePredicate.apply(RetryablePredicate.java:76)
	at org.jclouds.vcloud.compute.strategy.InstantiateVAppTemplateWithGroupEncodedIntoNameThenCustomizeDeployAndPowerOn.waitForTask(InstantiateVAppTemplateWithGroupEncodedIntoNameThenCustomizeDeployAndPowerOn.java:218)
	at org.jclouds.vcloud.compute.strategy.InstantiateVAppTemplateWithGroupEncodedIntoNameThenCustomizeDeployAndPowerOn.createNodeWithGroupEncodedIntoName(InstantiateVAppTemplateWithGroupEncodedIntoNameThenCustomizeDeployAndPowerOn.java:175)
	at org.jclouds.vcloud.compute.strategy.VCloudComputeServiceAdapter.createNodeWithGroupEncodedIntoName(VCloudComputeServiceAdapter.java:94)
	at org.jclouds.compute.strategy.impl.AdaptingComputeServiceStrategies.createNodeWithGroupEncodedIntoName(AdaptingComputeServiceStrategies.java:170)
	at org.jclouds.compute.strategy.impl.CreateNodesWithGroupEncodedIntoNameThenAddToSet$AddNode.call(CreateNodesWithGroupEncodedIntoNameThenAddToSet.java:81)
	at org.jclouds.compute.strategy.impl.CreateNodesWithGroupEncodedIntoNameThenAddToSet$AddNode.call(CreateNodesWithGroupEncodedIntoNameThenAddToSet.java:65)
	at java.util.concurrent.FutureTask$Sync.innerRun(FutureTask.java:303)
	at java.util.concurrent.FutureTask.run(FutureTask.java:138)
	at java.util.concurrent.ThreadPoolExecutor$Worker.runTask(ThreadPoolExecutor.java:886)
	at java.util.concurrent.ThreadPoolExecutor$Worker.run(ThreadPoolExecutor.java:908)
	at java.lang.Thread.run(Thread.java:680)
	at org.jclouds.concurrent.config.ExecutorServiceModule$DescribingExecutorService.submit(ExecutorServiceModule.java:182)
	at org.jclouds.compute.strategy.impl.CreateNodesWithGroupEncodedIntoNameThenAddToSet.createNodeInGroupWithNameAndTemplate(CreateNodesWithGroupEncodedIntoNameThenAddToSet.java:169)
	at org.jclouds.compute.strategy.impl.CreateNodesWithGroupEncodedIntoNameThenAddToSet.execute(CreateNodesWithGroupEncodedIntoNameThenAddToSet.java:124)
	at org.jclouds.compute.internal.BaseComputeService.createNodesInGroup(BaseComputeService.java:205)
	at org.jclouds.compute.internal.BaseComputeService.createNodesInGroup(BaseComputeService.java:221)
	at org.jclouds.vcloud.features.VmClientLiveTest.testExtendedOptionsWithCustomizationScript(VmClientLiveTest.java:110)
	at sun.reflect.NativeMethodAccessorImpl.invoke0(Native Method)
	at sun.reflect.NativeMethodAccessorImpl.invoke(NativeMethodAccessorImpl.java:39)
	at sun.reflect.DelegatingMethodAccessorImpl.invoke(DelegatingMethodAccessorImpl.java:25)
	at java.lang.reflect.Method.invoke(Method.java:597)
	at org.testng.internal.MethodInvocationHelper.invokeMethod(MethodInvocationHelper.java:80)
	at org.testng.internal.Invoker.invokeMethod(Invoker.java:701)
	at org.testng.internal.Invoker.invokeTestMethod(Invoker.java:893)
	at org.testng.internal.Invoker.invokeTestMethods(Invoker.java:1218)
	at org.testng.internal.TestMethodWorker.invokeTestMethods(TestMethodWorker.java:127)
	at org.testng.internal.TestMethodWorker.run(TestMethodWorker.java:111)
	at org.testng.TestRunner.privateRun(TestRunner.java:758)
	at org.testng.TestRunner.run(TestRunner.java:613)
	at org.testng.SuiteRunner.runTest(SuiteRunner.java:334)
	at org.testng.SuiteRunner.access$000(SuiteRunner.java:37)
	at org.testng.SuiteRunner$SuiteWorker.run(SuiteRunner.java:368)
	at org.testng.internal.thread.ThreadUtil$2.call(ThreadUtil.java:64)
	at java.util.concurrent.FutureTask$Sync.innerRun(FutureTask.java:303)
	at java.util.concurrent.FutureTask.run(FutureTask.java:138)
	at java.util.concurrent.ThreadPoolExecutor$Worker.runTask(ThreadPoolExecutor.java:886)
	at java.util.concurrent.ThreadPoolExecutor$Worker.run(ThreadPoolExecutor.java:908)
	at java.lang.Thread.run(Thread.java:680)
	at org.jclouds.concurrent.config.ExecutorServiceModule$DescribingExecutorService.submit(ExecutorServiceModule.java:182)
	at org.jclouds.compute.strategy.impl.CreateNodesWithGroupEncodedIntoNameThenAddToSet.createNodeInGroupWithNameAndTemplate(CreateNodesWithGroupEncodedIntoNameThenAddToSet.java:169)
	at org.jclouds.compute.strategy.impl.CreateNodesWithGroupEncodedIntoNameThenAddToSet.execute(CreateNodesWithGroupEncodedIntoNameThenAddToSet.java:124)
	at org.jclouds.compute.internal.BaseComputeService.createNodesInGroup(BaseComputeService.java:205)
	at org.jclouds.compute.internal.BaseComputeService.createNodesInGroup(BaseComputeService.java:221)
	at org.jclouds.vcloud.features.VmClientLiveTest.testExtendedOptionsWithCustomizationScript(VmClientLiveTest.java:110)
	at sun.reflect.NativeMethodAccessorImpl.invoke0(Native Method)
	at sun.reflect.NativeMethodAccessorImpl.invoke(NativeMethodAccessorImpl.java:39)
	at sun.reflect.DelegatingMethodAccessorImpl.invoke(DelegatingMethodAccessorImpl.java:25)
	at java.lang.reflect.Method.invoke(Method.java:597)
	at org.testng.internal.MethodInvocationHelper.invokeMethod(MethodInvocationHelper.java:80)
	at org.testng.internal.Invoker.invokeMethod(Invoker.java:701)
	at org.testng.internal.Invoker.invokeTestMethod(Invoker.java:893)
	at org.testng.internal.Invoker.invokeTestMethods(Invoker.java:1218)
	at org.testng.internal.TestMethodWorker.invokeTestMethods(TestMethodWorker.java:127)
	at org.testng.internal.TestMethodWorker.run(TestMethodWorker.java:111)
	at org.testng.TestRunner.privateRun(TestRunner.java:758)
	at org.testng.TestRunner.run(TestRunner.java:613)
	at org.testng.SuiteRunner.runTest(SuiteRunner.java:334)
	at org.testng.SuiteRunner.access$000(SuiteRunner.java:37)
	at org.testng.SuiteRunner$SuiteWorker.run(SuiteRunner.java:368)
	at org.testng.internal.thread.ThreadUtil$2.call(ThreadUtil.java:64)
	at java.util.concurrent.FutureTask$Sync.innerRun(FutureTask.java:303)
	at java.util.concurrent.FutureTask.run(FutureTask.java:138)
	... 3 more
1 error[s]
Node failures:
0 error[s]
	at org.jclouds.compute.internal.BaseComputeService.createNodesInGroup(BaseComputeService.java:213)
	at org.jclouds.compute.internal.BaseComputeService.createNodesInGroup(BaseComputeService.java:221)
	at org.jclouds.vcloud.features.VmClientLiveTest.testExtendedOptionsWithCustomizationScript(VmClientLiveTest.java:110)
	at sun.reflect.NativeMethodAccessorImpl.invoke0(Native Method)
	at sun.reflect.NativeMethodAccessorImpl.invoke(NativeMethodAccessorImpl.java:39)
	at sun.reflect.DelegatingMethodAccessorImpl.invoke(DelegatingMethodAccessorImpl.java:25)
	at java.lang.reflect.Method.invoke(Method.java:597)
	at org.testng.internal.MethodInvocationHelper.invokeMethod(MethodInvocationHelper.java:80)
	at org.testng.internal.Invoker.invokeMethod(Invoker.java:701)
	at org.testng.internal.Invoker.invokeTestMethod(Invoker.java:893)
	at org.testng.internal.Invoker.invokeTestMethods(Invoker.java:1218)
	at org.testng.internal.TestMethodWorker.invokeTestMethods(TestMethodWorker.java:127)
	at org.testng.internal.TestMethodWorker.run(TestMethodWorker.java:111)
	at org.testng.TestRunner.privateRun(TestRunner.java:758)
	at org.testng.TestRunner.run(TestRunner.java:613)
	at org.testng.SuiteRunner.runTest(SuiteRunner.java:334)
	at org.testng.SuiteRunner.access$000(SuiteRunner.java:37)
	at org.testng.SuiteRunner$SuiteWorker.run(SuiteRunner.java:368)
	at org.testng.internal.thread.ThreadUtil$2.call(ThreadUtil.java:64)
	at java.util.concurrent.FutureTask$Sync.innerRun(FutureTask.java:303)
	at java.util.concurrent.FutureTask.run(FutureTask.java:138)
	at java.util.concurrent.ThreadPoolExecutor$Worker.runTask(ThreadPoolExecutor.java:886)
	at java.util.concurrent.ThreadPoolExecutor$Worker.run(ThreadPoolExecutor.java:908)
	at java.lang.Thread.run(Thread.java:680)
testDefaultTemplateBuilder(org.jclouds.stratogen.vcloud.mycloud.compute.StratoGenVCloudMyCloudTemplateBuilderLiveTest)  Time elapsed: 0 sec  <<< FAILURE!
java.util.NoSuchElementException: no image matched predicate: And(nullEqualToIsParentOrIsGrandparentOfCurrentLocation(),imageName(Ubuntu server 11.04 64bit no GUI (base)))
	at org.jclouds.compute.domain.internal.TemplateBuilderImpl.throwNoSuchElementExceptionAfterLoggingImageIds(TemplateBuilderImpl.java:634)
	at org.jclouds.compute.domain.internal.TemplateBuilderImpl.build(TemplateBuilderImpl.java:622)
	at org.jclouds.compute.domain.internal.TemplateBuilderImpl.build(TemplateBuilderImpl.java:606)
	at org.jclouds.stratogen.vcloud.mycloud.compute.StratoGenVCloudMyCloudTemplateBuilderLiveTest.testDefaultTemplateBuilder(StratoGenVCloudMyCloudTemplateBuilderLiveTest.java:73)
testGetOvfEnvelopeForVAppTemplate(org.jclouds.stratogen.vcloud.mycloud.features.StratoGenVCloudMyCloudVAppTemplateClientLiveTest)  Time elapsed: 33.433 sec  <<< FAILURE!
java.lang.IllegalArgumentException: this handler cannot currently create envelopes with multiple virtual systems
	at org.jclouds.ovf.xml.internal.BaseEnvelopeHandler.endElement(BaseEnvelopeHandler.java:136)
	at com.sun.org.apache.xerces.internal.parsers.AbstractSAXParser.endElement(AbstractSAXParser.java:601)
	at com.sun.org.apache.xerces.internal.impl.XMLDocumentFragmentScannerImpl.scanEndElement(XMLDocumentFragmentScannerImpl.java:1782)
	at com.sun.org.apache.xerces.internal.impl.XMLDocumentFragmentScannerImpl$FragmentContentDriver.next(XMLDocumentFragmentScannerImpl.java:2939)
	at com.sun.org.apache.xerces.internal.impl.XMLDocumentScannerImpl.next(XMLDocumentScannerImpl.java:648)
	at com.sun.org.apache.xerces.internal.impl.XMLDocumentFragmentScannerImpl.scanDocument(XMLDocumentFragmentScannerImpl.java:511)
	at com.sun.org.apache.xerces.internal.parsers.XML11Configuration.parse(XML11Configuration.java:808)
	at com.sun.org.apache.xerces.internal.parsers.XML11Configuration.parse(XML11Configuration.java:737)
	at com.sun.org.apache.xerces.internal.parsers.XMLParser.parse(XMLParser.java:119)
	at com.sun.org.apache.xerces.internal.parsers.AbstractSAXParser.parse(AbstractSAXParser.java:1205)
	at com.sun.org.apache.xerces.internal.jaxp.SAXParserImpl$JAXPSAXParser.parse(SAXParserImpl.java:522)
	at org.jclouds.http.functions.ParseSax.doParse(ParseSax.java:141)
	at org.jclouds.http.functions.ParseSax.convertStreamToStringAndParse(ParseSax.java:100)
	at org.jclouds.http.functions.ParseSax.apply(ParseSax.java:84)
	at org.jclouds.http.functions.ParseSax.apply(ParseSax.java:54)
	at com.google.common.util.concurrent.Futures$3.apply(Futures.java:380)
	at com.google.common.util.concurrent.Futures$ChainingListenableFuture.run(Futures.java:522)
	at java.util.concurrent.ThreadPoolExecutor$Worker.runTask(ThreadPoolExecutor.java:886)
	at java.util.concurrent.ThreadPoolExecutor$Worker.run(ThreadPoolExecutor.java:908)
	at java.lang.Thread.run(Thread.java:680)
testAScriptExecutionAfterBootWithBasicTemplate(org.jclouds.stratogen.vcloud.mycloud.compute.StratoGenVCloudMyCloudComputeServiceLiveTest)  Time elapsed: 294.393 sec  <<< FAILURE!
java.lang.AssertionError
	at org.jclouds.stratogen.vcloud.mycloud.compute.StratoGenVCloudMyCloudComputeServiceLiveTest.checkResponseEqualsHostname(StratoGenVCloudMyCloudComputeServiceLiveTest.java:39)
	at org.jclouds.compute.internal.BaseComputeServiceLiveTest.testAScriptExecutionAfterBootWithBasicTemplate(BaseComputeServiceLiveTest.java:225)
	at sun.reflect.NativeMethodAccessorImpl.invoke0(Native Method)
	at sun.reflect.NativeMethodAccessorImpl.invoke(NativeMethodAccessorImpl.java:39)
	at sun.reflect.DelegatingMethodAccessorImpl.invoke(DelegatingMethodAccessorImpl.java:25)
	at java.lang.reflect.Method.invoke(Method.java:597)
	at org.testng.internal.MethodInvocationHelper.invokeMethod(MethodInvocationHelper.java:80)
	at org.testng.internal.Invoker.invokeMethod(Invoker.java:701)
	at org.testng.internal.Invoker.invokeTestMethod(Invoker.java:893)
	at org.testng.internal.Invoker.invokeTestMethods(Invoker.java:1218)
	at org.testng.internal.TestMethodWorker.invokeTestMethods(TestMethodWorker.java:127)
	at org.testng.internal.TestMethodWorker.run(TestMethodWorker.java:111)
	at org.testng.TestRunner.privateRun(TestRunner.java:758)
	at org.testng.TestRunner.run(TestRunner.java:613)
	at org.testng.SuiteRunner.runTest(SuiteRunner.java:334)
	at org.testng.SuiteRunner.access$000(SuiteRunner.java:37)
	at org.testng.SuiteRunner$SuiteWorker.run(SuiteRunner.java:368)
	at org.testng.internal.thread.ThreadUtil$2.call(ThreadUtil.java:64)
	at java.util.concurrent.FutureTask$Sync.innerRun(FutureTask.java:303)
	at java.util.concurrent.FutureTask.run(FutureTask.java:138)
	at java.util.concurrent.ThreadPoolExecutor$Worker.runTask(ThreadPoolExecutor.java:886)
	at java.util.concurrent.ThreadPoolExecutor$Worker.run(ThreadPoolExecutor.java:908)
	at java.lang.Thread.run(Thread.java:680)
testCreateAnotherNodeWithANewContextToEnsureSharedMemIsntRequired(org.jclouds.stratogen.vcloud.mycloud.compute.StratoGenVCloudMyCloudComputeServiceLiveTest)  Time elapsed: 29.987 sec  <<< FAILURE!
java.util.NoSuchElementException: no image matched predicate: And(nullEqualToIsParentOrIsGrandparentOfCurrentLocation(),And(osFamily(ubuntu),osName(Ubuntu 64-Bit),osDescription(Ubuntu Linux (64-bit)),osVersion(),os64Bit(true)),imageName(Ubuntu server 11.04 64bit no GUI (base)),imageDescription(^Ubuntu server 11.04 64bit no GUI (base)$))
	at org.jclouds.compute.domain.internal.TemplateBuilderImpl.throwNoSuchElementExceptionAfterLoggingImageIds(TemplateBuilderImpl.java:634)
	at org.jclouds.compute.domain.internal.TemplateBuilderImpl.build(TemplateBuilderImpl.java:622)
	at org.jclouds.compute.internal.BaseComputeServiceLiveTest.testCreateAnotherNodeWithANewContextToEnsureSharedMemIsntRequired(BaseComputeServiceLiveTest.java:394)
	at sun.reflect.NativeMethodAccessorImpl.invoke0(Native Method)
	at sun.reflect.NativeMethodAccessorImpl.invoke(NativeMethodAccessorImpl.java:39)
	at sun.reflect.DelegatingMethodAccessorImpl.invoke(DelegatingMethodAccessorImpl.java:25)
	at java.lang.reflect.Method.invoke(Method.java:597)
	at org.testng.internal.MethodInvocationHelper.invokeMethod(MethodInvocationHelper.java:80)
	at org.testng.internal.Invoker.invokeMethod(Invoker.java:701)
	at org.testng.internal.Invoker.invokeTestMethod(Invoker.java:893)
	at org.testng.internal.Invoker.invokeTestMethods(Invoker.java:1218)
	at org.testng.internal.TestMethodWorker.invokeTestMethods(TestMethodWorker.java:127)
	at org.testng.internal.TestMethodWorker.run(TestMethodWorker.java:111)
	at org.testng.TestRunner.privateRun(TestRunner.java:758)
	at org.testng.TestRunner.run(TestRunner.java:613)
	at org.testng.SuiteRunner.runTest(SuiteRunner.java:334)
	at org.testng.SuiteRunner.access$000(SuiteRunner.java:37)
	at org.testng.SuiteRunner$SuiteWorker.run(SuiteRunner.java:368)
	at org.testng.internal.thread.ThreadUtil$2.call(ThreadUtil.java:64)
	at java.util.concurrent.FutureTask$Sync.innerRun(FutureTask.java:303)
	at java.util.concurrent.FutureTask.run(FutureTask.java:138)
	at java.util.concurrent.ThreadPoolExecutor$Worker.runTask(ThreadPoolExecutor.java:886)
	at java.util.concurrent.ThreadPoolExecutor$Worker.run(ThreadPoolExecutor.java:908)
	at java.lang.Thread.run(Thread.java:680)
