[INFO] Scanning for projects...
[WARNING] 
[WARNING] Some problems were encountered while building the effective model for org.jclouds.provider:trystack-nova:bundle:1.5.0-SNAPSHOT
[WARNING] 'parent.relativePath' of POM org.jclouds:jclouds-project:1.5.0-SNAPSHOT (/Users/adriancole/workspace/git/jclouds/project/pom.xml) points at org.jclouds:jclouds-multi instead of org.sonatype.oss:oss-parent, please verify your project structure @ org.jclouds:jclouds-project:1.5.0-SNAPSHOT, /Users/adriancole/workspace/git/jclouds/project/pom.xml, line 24, column 13
[WARNING] 
[WARNING] It is highly recommended to fix these problems because they threaten the stability of your build.
[WARNING] 
[WARNING] For this reason, future Maven versions might no longer support building such malformed projects.
[WARNING] 
[INFO]                                                                         
[INFO] ------------------------------------------------------------------------
[INFO] Building jclouds TryStack.org Compute provider 1.5.0-SNAPSHOT
[INFO] ------------------------------------------------------------------------
[INFO] 
[INFO] --- maven-clean-plugin:2.4.1:clean (default-clean) @ trystack-nova ---
[INFO] Deleting /Users/adriancole/workspace/git/jclouds/providers/trystack-nova/target
[INFO] 
[INFO] --- maven-enforcer-plugin:1.0.1:enforce (enforce-maven) @ trystack-nova ---
[INFO] 
[INFO] --- maven-enforcer-plugin:1.0.1:enforce (enforce-banned-dependencies) @ trystack-nova ---
[INFO] 
[INFO] --- maven-enforcer-plugin:1.0.1:enforce (enforce-java) @ trystack-nova ---
[INFO] 
[INFO] --- maven-remote-resources-plugin:1.2.1:process (process-remote-resources) @ trystack-nova ---
[INFO] 
[INFO] --- maven-resources-plugin:2.5:resources (default-resources) @ trystack-nova ---
[debug] execute contextualize
[INFO] Using 'UTF-8' encoding to copy filtered resources.
[INFO] skip non existing resourceDirectory /Users/adriancole/workspace/git/jclouds/providers/trystack-nova/src/main/clojure
[INFO] Copying 1 resource
[INFO] Copying 2 resources
[INFO] 
[INFO] --- maven-compiler-plugin:2.3.2:compile (default-compile) @ trystack-nova ---
[INFO] Compiling 3 source files to /Users/adriancole/workspace/git/jclouds/providers/trystack-nova/target/classes
[INFO] 
[INFO] --- maven-resources-plugin:2.5:testResources (default-testResources) @ trystack-nova ---
[debug] execute contextualize
[INFO] Using 'UTF-8' encoding to copy filtered resources.
[INFO] skip non existing resourceDirectory /Users/adriancole/workspace/git/jclouds/providers/trystack-nova/src/test/clojure
[INFO] skip non existing resourceDirectory /Users/adriancole/workspace/git/jclouds/providers/trystack-nova/src/test/resources
[INFO] Copying 2 resources
[INFO] 
[INFO] --- maven-compiler-plugin:2.3.2:testCompile (default-testCompile) @ trystack-nova ---
[INFO] Compiling 8 source files to /Users/adriancole/workspace/git/jclouds/providers/trystack-nova/target/test-classes
[INFO] 
[INFO] --- maven-surefire-plugin:2.12:test (default-test) @ trystack-nova ---
[INFO] Surefire report directory: /Users/adriancole/workspace/git/jclouds/providers/trystack-nova/target/surefire-reports
[INFO] Using configured provider org.apache.maven.surefire.testng.TestNGProvider

-------------------------------------------------------
 T E S T S
-------------------------------------------------------
Running org.jclouds.trystack.nova.TryStackNovaProviderTest
Configuring TestNG with: org.apache.maven.surefire.testng.conf.TestNGMapConfigurator@5ca352a5
Starting test testAllContains(org.jclouds.trystack.nova.TryStackNovaProviderTest)
Starting test testOfApiContains(org.jclouds.trystack.nova.TryStackNovaProviderTest)
Starting test testTransformableToContains(org.jclouds.trystack.nova.TryStackNovaProviderTest)
Starting test testWithId(org.jclouds.trystack.nova.TryStackNovaProviderTest)
[pool-2-thread-1] Test testAllContains(org.jclouds.trystack.nova.TryStackNovaProviderTest) succeeded: 11ms
Test suite progress: tests succeeded: 1, failed: 0, skipped: 0.
[pool-2-thread-4] Test testWithId(org.jclouds.trystack.nova.TryStackNovaProviderTest) succeeded: 15ms
Test suite progress: tests succeeded: 2, failed: 0, skipped: 0.
[pool-2-thread-3] Test testTransformableToContains(org.jclouds.trystack.nova.TryStackNovaProviderTest) succeeded: 18ms
Test suite progress: tests succeeded: 3, failed: 0, skipped: 0.
[pool-2-thread-2] Test testOfApiContains(org.jclouds.trystack.nova.TryStackNovaProviderTest) succeeded: 21ms
Test suite progress: tests succeeded: 4, failed: 0, skipped: 0.
Tests run: 4, Failures: 0, Errors: 0, Skipped: 0, Time elapsed: 0.679 sec

Results :

Tests run: 4, Failures: 0, Errors: 0, Skipped: 0

[INFO] 
[INFO] --- clojure-maven-plugin:1.3.9:test (test-clojure) @ trystack-nova ---

Testing com.theoryinpractise.clojure.testrunner

Ran 0 tests containing 0 assertions.
0 failures, 0 errors.
[INFO] 
[INFO] --- maven-bundle-plugin:2.3.7:bundle (default-bundle) @ trystack-nova ---
[INFO] 
[INFO] --- maven-source-plugin:2.1.2:jar-no-fork (attach-sources) @ trystack-nova ---
[INFO] META-INF already added, skipping
[INFO] META-INF already added, skipping
[INFO] META-INF/LICENSE.txt already added, skipping
[INFO] META-INF/NOTICE.txt already added, skipping
[INFO] Building jar: /Users/adriancole/workspace/git/jclouds/providers/trystack-nova/target/trystack-nova-1.5.0-SNAPSHOT-sources.jar
[INFO] META-INF already added, skipping
[INFO] META-INF already added, skipping
[INFO] META-INF/LICENSE.txt already added, skipping
[INFO] META-INF/NOTICE.txt already added, skipping
[INFO] 
[INFO] --- maven-javadoc-plugin:2.8.1:jar (javadoc) @ trystack-nova ---
[INFO] Skipping javadoc generation
[INFO] 
[INFO] --- maven-jar-plugin:2.4:test-jar (default) @ trystack-nova ---
[INFO] Building jar: /Users/adriancole/workspace/git/jclouds/providers/trystack-nova/target/trystack-nova-1.5.0-SNAPSHOT-tests.jar
[INFO] 
[INFO] --- maven-surefire-plugin:2.12:test (integration) @ trystack-nova ---
[INFO] Surefire report directory: /Users/adriancole/workspace/git/jclouds/providers/trystack-nova/target/surefire-reports
[INFO] Using configured provider org.apache.maven.surefire.testng.TestNGProvider

-------------------------------------------------------
 T E S T S
-------------------------------------------------------
Running TestSuite
Configuring TestNG with: org.apache.maven.surefire.testng.conf.TestNGMapConfigurator@1f292d26
Starting test setServiceDefaults(org.jclouds.trystack.nova.compute.TryStackNovaComputeServiceLiveTest)
[TestNG] Test setServiceDefaults(org.jclouds.trystack.nova.compute.TryStackNovaComputeServiceLiveTest) succeeded: 1ms
Test suite progress: tests succeeded: 1, failed: 0, skipped: 0.
Starting test testCompareSizes(org.jclouds.trystack.nova.compute.TryStackNovaComputeServiceLiveTest)
Apr 24, 2012 4:10:22 AM org.jclouds.compute.internal.BaseComputeServiceLiveTest testCompareSizes
INFO: smallest [id=RegionOne/1, providerId=1, name=m1.tiny, processors=[[cores=1.0, speed=1.0]], ram=512, volumes=[[id=null, type=LOCAL, size=0.0, device=null, durable=true, isBootDevice=true]], hypervisor=null, supportsImage=ALWAYS_TRUE, tags=[]]
Apr 24, 2012 4:10:22 AM org.jclouds.compute.internal.BaseComputeServiceLiveTest testCompareSizes
INFO: fastest [id=RegionOne/5, providerId=5, name=m1.xlarge, processors=[[cores=8.0, speed=1.0]], ram=16384, volumes=[[id=null, type=LOCAL, size=160.0, device=null, durable=true, isBootDevice=true]], hypervisor=null, supportsImage=ALWAYS_TRUE, tags=[]]
Apr 24, 2012 4:10:22 AM org.jclouds.compute.internal.BaseComputeServiceLiveTest testCompareSizes
INFO: biggest [id=RegionOne/5, providerId=5, name=m1.xlarge, processors=[[cores=8.0, speed=1.0]], ram=16384, volumes=[[id=null, type=LOCAL, size=160.0, device=null, durable=true, isBootDevice=true]], hypervisor=null, supportsImage=ALWAYS_TRUE, tags=[]]
[TestNG] Test testCompareSizes(org.jclouds.trystack.nova.compute.TryStackNovaComputeServiceLiveTest) succeeded: 2340ms
Test suite progress: tests succeeded: 2, failed: 0, skipped: 0.
Starting test testCorrectAuthException(org.jclouds.trystack.nova.compute.TryStackNovaComputeServiceLiveTest)
[TestNG] Test testCorrectAuthException(org.jclouds.trystack.nova.compute.TryStackNovaComputeServiceLiveTest) failed.
Test suite progress: tests succeeded: 2, failed: 1, skipped: 0.
Starting test testCreateAndRunAService(org.jclouds.trystack.nova.compute.TryStackNovaComputeServiceLiveTest)
[TestNG] Test testCreateAndRunAService(org.jclouds.trystack.nova.compute.TryStackNovaComputeServiceLiveTest) failed.
Test suite progress: tests succeeded: 2, failed: 2, skipped: 0.
Starting test testGetAssignableLocations(org.jclouds.trystack.nova.compute.TryStackNovaComputeServiceLiveTest)
Apr 24, 2012 4:10:28 AM org.jclouds.compute.internal.BaseComputeServiceLiveTest testGetAssignableLocations
WARNING: location [id=RegionOne, scope=ZONE, description=RegionOne, parent=trystack-nova, iso3166Codes=[], metadata={}]
[TestNG] Test testGetAssignableLocations(org.jclouds.trystack.nova.compute.TryStackNovaComputeServiceLiveTest) succeeded: 1ms
Test suite progress: tests succeeded: 3, failed: 2, skipped: 0.
Starting test testImagesCache(org.jclouds.trystack.nova.compute.TryStackNovaComputeServiceLiveTest)
[TestNG] Test testImagesCache(org.jclouds.trystack.nova.compute.TryStackNovaComputeServiceLiveTest) succeeded: 0ms
Test suite progress: tests succeeded: 4, failed: 2, skipped: 0.
Starting test testListImages(org.jclouds.trystack.nova.compute.TryStackNovaComputeServiceLiveTest)
[TestNG] Test testListImages(org.jclouds.trystack.nova.compute.TryStackNovaComputeServiceLiveTest) succeeded: 0ms
Test suite progress: tests succeeded: 5, failed: 2, skipped: 0.
Starting test testListSizes(org.jclouds.trystack.nova.compute.TryStackNovaComputeServiceLiveTest)
[TestNG] Test testListSizes(org.jclouds.trystack.nova.compute.TryStackNovaComputeServiceLiveTest) succeeded: 0ms
Test suite progress: tests succeeded: 6, failed: 2, skipped: 0.
Starting test testOptionToNotBlock(org.jclouds.trystack.nova.compute.TryStackNovaComputeServiceLiveTest)
[TestNG] Test testOptionToNotBlock(org.jclouds.trystack.nova.compute.TryStackNovaComputeServiceLiveTest) succeeded: 0ms
Test suite progress: tests succeeded: 7, failed: 2, skipped: 0.
Starting test testCorrectExceptionRunningNodesNotFound(org.jclouds.trystack.nova.compute.TryStackNovaComputeServiceLiveTest)
[TestNG] Test testCorrectExceptionRunningNodesNotFound(org.jclouds.trystack.nova.compute.TryStackNovaComputeServiceLiveTest) succeeded: 277ms
Test suite progress: tests succeeded: 8, failed: 2, skipped: 0.
Starting test testAScriptExecutionAfterBootWithBasicTemplate(org.jclouds.trystack.nova.compute.TryStackNovaComputeServiceLiveTest)
[TestNG] Test testAScriptExecutionAfterBootWithBasicTemplate(org.jclouds.trystack.nova.compute.TryStackNovaComputeServiceLiveTest) failed.
Test suite progress: tests succeeded: 8, failed: 3, skipped: 0.
Starting test testCreateTwoNodesWithRunScript(org.jclouds.trystack.nova.compute.TryStackNovaComputeServiceLiveTest)
[TestNG] Test testCreateTwoNodesWithRunScript(org.jclouds.trystack.nova.compute.TryStackNovaComputeServiceLiveTest) failed.
Test suite progress: tests succeeded: 8, failed: 4, skipped: 0.
Starting test testTemplateMatch(org.jclouds.trystack.nova.compute.TryStackNovaComputeServiceLiveTest)
[TestNG] Test testTemplateMatch(org.jclouds.trystack.nova.compute.TryStackNovaComputeServiceLiveTest) succeeded: 2ms
Test suite progress: tests succeeded: 9, failed: 4, skipped: 0.
[TestNG] Test testCreateAnotherNodeWithANewContextToEnsureSharedMemIsntRequired(org.jclouds.trystack.nova.compute.TryStackNovaComputeServiceLiveTest) skipped.
Test suite progress: tests succeeded: 9, failed: 4, skipped: 1.
[TestNG] Test testCredentialsCache(org.jclouds.trystack.nova.compute.TryStackNovaComputeServiceLiveTest) skipped.
Test suite progress: tests succeeded: 9, failed: 4, skipped: 2.
[TestNG] Test testGet(org.jclouds.trystack.nova.compute.TryStackNovaComputeServiceLiveTest) skipped.
Test suite progress: tests succeeded: 9, failed: 4, skipped: 3.
[TestNG] Test testReboot(org.jclouds.trystack.nova.compute.TryStackNovaComputeServiceLiveTest) skipped.
Test suite progress: tests succeeded: 9, failed: 4, skipped: 4.
[TestNG] Test testSuspendResume(org.jclouds.trystack.nova.compute.TryStackNovaComputeServiceLiveTest) skipped.
Test suite progress: tests succeeded: 9, failed: 4, skipped: 5.
[TestNG] Test testGetNodesWithDetails(org.jclouds.trystack.nova.compute.TryStackNovaComputeServiceLiveTest) skipped.
Test suite progress: tests succeeded: 9, failed: 4, skipped: 6.
[TestNG] Test testListNodes(org.jclouds.trystack.nova.compute.TryStackNovaComputeServiceLiveTest) skipped.
Test suite progress: tests succeeded: 9, failed: 4, skipped: 7.
[TestNG] Test testDestroyNodes(org.jclouds.trystack.nova.compute.TryStackNovaComputeServiceLiveTest) skipped.
Test suite progress: tests succeeded: 9, failed: 4, skipped: 8.
Starting test testCompareSizes(org.jclouds.trystack.nova.compute.TryStackNovaTemplateBuilderLiveTest)
smallest [id=RegionOne/1, providerId=1, name=m1.tiny, processors=[[cores=1.0, speed=1.0]], ram=512, volumes=[[id=null, type=LOCAL, size=0.0, device=null, durable=true, isBootDevice=true]], hypervisor=null, supportsImage=ALWAYS_TRUE, tags=[]]
fastest [id=RegionOne/5, providerId=5, name=m1.xlarge, processors=[[cores=8.0, speed=1.0]], ram=16384, volumes=[[id=null, type=LOCAL, size=160.0, device=null, durable=true, isBootDevice=true]], hypervisor=null, supportsImage=ALWAYS_TRUE, tags=[]]
biggest [id=RegionOne/5, providerId=5, name=m1.xlarge, processors=[[cores=8.0, speed=1.0]], ram=16384, volumes=[[id=null, type=LOCAL, size=160.0, device=null, durable=true, isBootDevice=true]], hypervisor=null, supportsImage=ALWAYS_TRUE, tags=[]]
[TestNG] Test testCompareSizes(org.jclouds.trystack.nova.compute.TryStackNovaTemplateBuilderLiveTest) succeeded: 1311ms
Test suite progress: tests succeeded: 10, failed: 4, skipped: 8.
Starting test testDefaultTemplateBuilder(org.jclouds.trystack.nova.compute.TryStackNovaTemplateBuilderLiveTest)
[TestNG] Test testDefaultTemplateBuilder(org.jclouds.trystack.nova.compute.TryStackNovaTemplateBuilderLiveTest) succeeded: 2ms
Test suite progress: tests succeeded: 11, failed: 4, skipped: 8.
Starting test testFromTemplate(org.jclouds.trystack.nova.compute.TryStackNovaTemplateBuilderLiveTest)
[TestNG] Test testFromTemplate(org.jclouds.trystack.nova.compute.TryStackNovaTemplateBuilderLiveTest) succeeded: 2ms
Test suite progress: tests succeeded: 12, failed: 4, skipped: 8.
Starting test testGetAssignableLocations(org.jclouds.trystack.nova.compute.TryStackNovaTemplateBuilderLiveTest)
location [id=RegionOne, scope=ZONE, description=RegionOne, parent=trystack-nova, iso3166Codes=[], metadata={}]
[TestNG] Test testGetAssignableLocations(org.jclouds.trystack.nova.compute.TryStackNovaTemplateBuilderLiveTest) succeeded: 0ms
Test suite progress: tests succeeded: 13, failed: 4, skipped: 8.
Starting test testTemplateBuilderCanFind(org.jclouds.trystack.nova.compute.TryStackNovaTemplateBuilderLiveTest)
[TestNG] Test testTemplateBuilderCanFind(org.jclouds.trystack.nova.compute.TryStackNovaTemplateBuilderLiveTest) succeeded: 1ms
Test suite progress: tests succeeded: 14, failed: 4, skipped: 8.
Starting test testTemplateBuilderCanFind(org.jclouds.trystack.nova.compute.TryStackNovaTemplateBuilderLiveTest)
[TestNG] Test testTemplateBuilderCanFind(org.jclouds.trystack.nova.compute.TryStackNovaTemplateBuilderLiveTest) succeeded: 1ms
Test suite progress: tests succeeded: 15, failed: 4, skipped: 8.
Starting test testTemplateBuilderCanFind(org.jclouds.trystack.nova.compute.TryStackNovaTemplateBuilderLiveTest)
[TestNG] Test testTemplateBuilderCanFind(org.jclouds.trystack.nova.compute.TryStackNovaTemplateBuilderLiveTest) succeeded: 1ms
Test suite progress: tests succeeded: 16, failed: 4, skipped: 8.
Starting test testTemplateBuilderCanUseImageId(org.jclouds.trystack.nova.compute.TryStackNovaTemplateBuilderLiveTest)
[TestNG] Test testTemplateBuilderCanUseImageId(org.jclouds.trystack.nova.compute.TryStackNovaTemplateBuilderLiveTest) succeeded: 1411ms
Test suite progress: tests succeeded: 17, failed: 4, skipped: 8.
Starting test testTemplateBuilderCannotFind(org.jclouds.trystack.nova.compute.TryStackNovaTemplateBuilderLiveTest)
[TestNG] Test testTemplateBuilderCannotFind(org.jclouds.trystack.nova.compute.TryStackNovaTemplateBuilderLiveTest) succeeded: 1ms
Test suite progress: tests succeeded: 18, failed: 4, skipped: 8.
Starting test testTemplateBuilderCannotFind(org.jclouds.trystack.nova.compute.TryStackNovaTemplateBuilderLiveTest)
[TestNG] Test testTemplateBuilderCannotFind(org.jclouds.trystack.nova.compute.TryStackNovaTemplateBuilderLiveTest) succeeded: 0ms
Test suite progress: tests succeeded: 19, failed: 4, skipped: 8.
Starting test testTemplateBuilderCannotFind(org.jclouds.trystack.nova.compute.TryStackNovaTemplateBuilderLiveTest)
[TestNG] Test testTemplateBuilderCannotFind(org.jclouds.trystack.nova.compute.TryStackNovaTemplateBuilderLiveTest) succeeded: 1ms
Test suite progress: tests succeeded: 20, failed: 4, skipped: 8.
Starting test testTemplateBuilderCannotFind(org.jclouds.trystack.nova.compute.TryStackNovaTemplateBuilderLiveTest)
[TestNG] Test testTemplateBuilderCannotFind(org.jclouds.trystack.nova.compute.TryStackNovaTemplateBuilderLiveTest) succeeded: 0ms
Test suite progress: tests succeeded: 21, failed: 4, skipped: 8.
Starting test testTemplateBuilderCannotFind(org.jclouds.trystack.nova.compute.TryStackNovaTemplateBuilderLiveTest)
[TestNG] Test testTemplateBuilderCannotFind(org.jclouds.trystack.nova.compute.TryStackNovaTemplateBuilderLiveTest) succeeded: 1ms
Test suite progress: tests succeeded: 22, failed: 4, skipped: 8.
Starting test testTemplateBuilderCannotFind(org.jclouds.trystack.nova.compute.TryStackNovaTemplateBuilderLiveTest)
[TestNG] Test testTemplateBuilderCannotFind(org.jclouds.trystack.nova.compute.TryStackNovaTemplateBuilderLiveTest) succeeded: 0ms
Test suite progress: tests succeeded: 23, failed: 4, skipped: 8.
Starting test testTemplateBuilderCannotFind(org.jclouds.trystack.nova.compute.TryStackNovaTemplateBuilderLiveTest)
[TestNG] Test testTemplateBuilderCannotFind(org.jclouds.trystack.nova.compute.TryStackNovaTemplateBuilderLiveTest) succeeded: 1ms
Test suite progress: tests succeeded: 24, failed: 4, skipped: 8.
Starting test testTemplateBuilderCannotFind(org.jclouds.trystack.nova.compute.TryStackNovaTemplateBuilderLiveTest)
[TestNG] Test testTemplateBuilderCannotFind(org.jclouds.trystack.nova.compute.TryStackNovaTemplateBuilderLiveTest) succeeded: 2ms
Test suite progress: tests succeeded: 25, failed: 4, skipped: 8.
Starting test testTemplateBuilderCannotFind(org.jclouds.trystack.nova.compute.TryStackNovaTemplateBuilderLiveTest)
[TestNG] Test testTemplateBuilderCannotFind(org.jclouds.trystack.nova.compute.TryStackNovaTemplateBuilderLiveTest) succeeded: 1ms
Test suite progress: tests succeeded: 26, failed: 4, skipped: 8.
Starting test testTemplateBuilderCannotFind(org.jclouds.trystack.nova.compute.TryStackNovaTemplateBuilderLiveTest)
[TestNG] Test testTemplateBuilderCannotFind(org.jclouds.trystack.nova.compute.TryStackNovaTemplateBuilderLiveTest) succeeded: 0ms
Test suite progress: tests succeeded: 27, failed: 4, skipped: 8.
Starting test testTemplateBuilderCannotFind(org.jclouds.trystack.nova.compute.TryStackNovaTemplateBuilderLiveTest)
[TestNG] Test testTemplateBuilderCannotFind(org.jclouds.trystack.nova.compute.TryStackNovaTemplateBuilderLiveTest) succeeded: 3ms
Test suite progress: tests succeeded: 28, failed: 4, skipped: 8.
Starting test testTemplateBuilderCannotFind(org.jclouds.trystack.nova.compute.TryStackNovaTemplateBuilderLiveTest)
[TestNG] Test testTemplateBuilderCannotFind(org.jclouds.trystack.nova.compute.TryStackNovaTemplateBuilderLiveTest) succeeded: 0ms
Test suite progress: tests succeeded: 29, failed: 4, skipped: 8.
Starting test testTemplateBuilderCannotFind(org.jclouds.trystack.nova.compute.TryStackNovaTemplateBuilderLiveTest)
[TestNG] Test testTemplateBuilderCannotFind(org.jclouds.trystack.nova.compute.TryStackNovaTemplateBuilderLiveTest) succeeded: 1ms
Test suite progress: tests succeeded: 30, failed: 4, skipped: 8.
Starting test testTemplateBuilderCannotFind(org.jclouds.trystack.nova.compute.TryStackNovaTemplateBuilderLiveTest)
[TestNG] Test testTemplateBuilderCannotFind(org.jclouds.trystack.nova.compute.TryStackNovaTemplateBuilderLiveTest) succeeded: 0ms
Test suite progress: tests succeeded: 31, failed: 4, skipped: 8.
Starting test testTemplateBuilderCannotFind(org.jclouds.trystack.nova.compute.TryStackNovaTemplateBuilderLiveTest)
[TestNG] Test testTemplateBuilderCannotFind(org.jclouds.trystack.nova.compute.TryStackNovaTemplateBuilderLiveTest) succeeded: 1ms
Test suite progress: tests succeeded: 32, failed: 4, skipped: 8.
Starting test testTemplateBuilderCannotFind(org.jclouds.trystack.nova.compute.TryStackNovaTemplateBuilderLiveTest)
[TestNG] Test testTemplateBuilderCannotFind(org.jclouds.trystack.nova.compute.TryStackNovaTemplateBuilderLiveTest) succeeded: 1ms
Test suite progress: tests succeeded: 33, failed: 4, skipped: 8.
Starting test testTemplateBuilderCannotFind(org.jclouds.trystack.nova.compute.TryStackNovaTemplateBuilderLiveTest)
[TestNG] Test testTemplateBuilderCannotFind(org.jclouds.trystack.nova.compute.TryStackNovaTemplateBuilderLiveTest) succeeded: 0ms
Test suite progress: tests succeeded: 34, failed: 4, skipped: 8.
Starting test testTemplateBuilderCannotFind(org.jclouds.trystack.nova.compute.TryStackNovaTemplateBuilderLiveTest)
[TestNG] Test testTemplateBuilderCannotFind(org.jclouds.trystack.nova.compute.TryStackNovaTemplateBuilderLiveTest) succeeded: 1ms
Test suite progress: tests succeeded: 35, failed: 4, skipped: 8.
Starting test testTemplateBuilderCannotFind(org.jclouds.trystack.nova.compute.TryStackNovaTemplateBuilderLiveTest)
[TestNG] Test testTemplateBuilderCannotFind(org.jclouds.trystack.nova.compute.TryStackNovaTemplateBuilderLiveTest) succeeded: 0ms
Test suite progress: tests succeeded: 36, failed: 4, skipped: 8.
Starting test testTemplateBuilderCannotFind(org.jclouds.trystack.nova.compute.TryStackNovaTemplateBuilderLiveTest)
[TestNG] Test testTemplateBuilderCannotFind(org.jclouds.trystack.nova.compute.TryStackNovaTemplateBuilderLiveTest) succeeded: 1ms
Test suite progress: tests succeeded: 37, failed: 4, skipped: 8.
Starting test testTemplateBuilderCannotFind(org.jclouds.trystack.nova.compute.TryStackNovaTemplateBuilderLiveTest)
[TestNG] Test testTemplateBuilderCannotFind(org.jclouds.trystack.nova.compute.TryStackNovaTemplateBuilderLiveTest) succeeded: 0ms
Test suite progress: tests succeeded: 38, failed: 4, skipped: 8.
Starting test testTemplateBuilderCannotFind(org.jclouds.trystack.nova.compute.TryStackNovaTemplateBuilderLiveTest)
[TestNG] Test testTemplateBuilderCannotFind(org.jclouds.trystack.nova.compute.TryStackNovaTemplateBuilderLiveTest) succeeded: 1ms
Test suite progress: tests succeeded: 39, failed: 4, skipped: 8.
Starting test testTemplateBuilderCannotFind(org.jclouds.trystack.nova.compute.TryStackNovaTemplateBuilderLiveTest)
[TestNG] Test testTemplateBuilderCannotFind(org.jclouds.trystack.nova.compute.TryStackNovaTemplateBuilderLiveTest) succeeded: 0ms
Test suite progress: tests succeeded: 40, failed: 4, skipped: 8.
Starting test testTemplateBuilderCannotFind(org.jclouds.trystack.nova.compute.TryStackNovaTemplateBuilderLiveTest)
[TestNG] Test testTemplateBuilderCannotFind(org.jclouds.trystack.nova.compute.TryStackNovaTemplateBuilderLiveTest) succeeded: 0ms
Test suite progress: tests succeeded: 41, failed: 4, skipped: 8.
Starting test testTemplateBuilderCannotFind(org.jclouds.trystack.nova.compute.TryStackNovaTemplateBuilderLiveTest)
[TestNG] Test testTemplateBuilderCannotFind(org.jclouds.trystack.nova.compute.TryStackNovaTemplateBuilderLiveTest) succeeded: 0ms
Test suite progress: tests succeeded: 42, failed: 4, skipped: 8.
Starting test testTemplateBuilderCannotFind(org.jclouds.trystack.nova.compute.TryStackNovaTemplateBuilderLiveTest)
[TestNG] Test testTemplateBuilderCannotFind(org.jclouds.trystack.nova.compute.TryStackNovaTemplateBuilderLiveTest) succeeded: 0ms
Test suite progress: tests succeeded: 43, failed: 4, skipped: 8.
Starting test testTemplateBuilderCannotFind(org.jclouds.trystack.nova.compute.TryStackNovaTemplateBuilderLiveTest)
[TestNG] Test testTemplateBuilderCannotFind(org.jclouds.trystack.nova.compute.TryStackNovaTemplateBuilderLiveTest) succeeded: 0ms
Test suite progress: tests succeeded: 44, failed: 4, skipped: 8.
Starting test testTemplateBuilderCannotFind(org.jclouds.trystack.nova.compute.TryStackNovaTemplateBuilderLiveTest)
[TestNG] Test testTemplateBuilderCannotFind(org.jclouds.trystack.nova.compute.TryStackNovaTemplateBuilderLiveTest) succeeded: 0ms
Test suite progress: tests succeeded: 45, failed: 4, skipped: 8.
Starting test testTemplateBuilderCannotFind(org.jclouds.trystack.nova.compute.TryStackNovaTemplateBuilderLiveTest)
[TestNG] Test testTemplateBuilderCannotFind(org.jclouds.trystack.nova.compute.TryStackNovaTemplateBuilderLiveTest) succeeded: 1ms
Test suite progress: tests succeeded: 46, failed: 4, skipped: 8.
Starting test testTemplateBuilderCannotFind(org.jclouds.trystack.nova.compute.TryStackNovaTemplateBuilderLiveTest)
[TestNG] Test testTemplateBuilderCannotFind(org.jclouds.trystack.nova.compute.TryStackNovaTemplateBuilderLiveTest) succeeded: 0ms
Test suite progress: tests succeeded: 47, failed: 4, skipped: 8.
Starting test testTemplateBuilderCannotFind(org.jclouds.trystack.nova.compute.TryStackNovaTemplateBuilderLiveTest)
[TestNG] Test testTemplateBuilderCannotFind(org.jclouds.trystack.nova.compute.TryStackNovaTemplateBuilderLiveTest) succeeded: 1ms
Test suite progress: tests succeeded: 48, failed: 4, skipped: 8.
Starting test testTemplateBuilderCannotFind(org.jclouds.trystack.nova.compute.TryStackNovaTemplateBuilderLiveTest)
[TestNG] Test testTemplateBuilderCannotFind(org.jclouds.trystack.nova.compute.TryStackNovaTemplateBuilderLiveTest) succeeded: 0ms
Test suite progress: tests succeeded: 49, failed: 4, skipped: 8.
Starting test testTemplateBuilderCannotFind(org.jclouds.trystack.nova.compute.TryStackNovaTemplateBuilderLiveTest)
[TestNG] Test testTemplateBuilderCannotFind(org.jclouds.trystack.nova.compute.TryStackNovaTemplateBuilderLiveTest) succeeded: 1ms
Test suite progress: tests succeeded: 50, failed: 4, skipped: 8.
Starting test testTemplateBuilderCannotFind(org.jclouds.trystack.nova.compute.TryStackNovaTemplateBuilderLiveTest)
[TestNG] Test testTemplateBuilderCannotFind(org.jclouds.trystack.nova.compute.TryStackNovaTemplateBuilderLiveTest) succeeded: 0ms
Test suite progress: tests succeeded: 51, failed: 4, skipped: 8.
Starting test testTemplateBuilderCannotFind(org.jclouds.trystack.nova.compute.TryStackNovaTemplateBuilderLiveTest)
[TestNG] Test testTemplateBuilderCannotFind(org.jclouds.trystack.nova.compute.TryStackNovaTemplateBuilderLiveTest) succeeded: 1ms
Test suite progress: tests succeeded: 52, failed: 4, skipped: 8.
Starting test testTemplateBuilderCannotFind(org.jclouds.trystack.nova.compute.TryStackNovaTemplateBuilderLiveTest)
[TestNG] Test testTemplateBuilderCannotFind(org.jclouds.trystack.nova.compute.TryStackNovaTemplateBuilderLiveTest) succeeded: 0ms
Test suite progress: tests succeeded: 53, failed: 4, skipped: 8.
Starting test testTemplateBuilderCannotFind(org.jclouds.trystack.nova.compute.TryStackNovaTemplateBuilderLiveTest)
[TestNG] Test testTemplateBuilderCannotFind(org.jclouds.trystack.nova.compute.TryStackNovaTemplateBuilderLiveTest) succeeded: 0ms
Test suite progress: tests succeeded: 54, failed: 4, skipped: 8.
Starting test testTemplateBuilderCannotFind(org.jclouds.trystack.nova.compute.TryStackNovaTemplateBuilderLiveTest)
[TestNG] Test testTemplateBuilderCannotFind(org.jclouds.trystack.nova.compute.TryStackNovaTemplateBuilderLiveTest) succeeded: 0ms
Test suite progress: tests succeeded: 55, failed: 4, skipped: 8.
Starting test testTemplateBuilderCannotFind(org.jclouds.trystack.nova.compute.TryStackNovaTemplateBuilderLiveTest)
[TestNG] Test testTemplateBuilderCannotFind(org.jclouds.trystack.nova.compute.TryStackNovaTemplateBuilderLiveTest) succeeded: 1ms
Test suite progress: tests succeeded: 56, failed: 4, skipped: 8.
Starting test testTemplateBuilderCannotFind(org.jclouds.trystack.nova.compute.TryStackNovaTemplateBuilderLiveTest)
[TestNG] Test testTemplateBuilderCannotFind(org.jclouds.trystack.nova.compute.TryStackNovaTemplateBuilderLiveTest) succeeded: 0ms
Test suite progress: tests succeeded: 57, failed: 4, skipped: 8.
Starting test testTemplateBuilderCannotFind(org.jclouds.trystack.nova.compute.TryStackNovaTemplateBuilderLiveTest)
[TestNG] Test testTemplateBuilderCannotFind(org.jclouds.trystack.nova.compute.TryStackNovaTemplateBuilderLiveTest) succeeded: 0ms
Test suite progress: tests succeeded: 58, failed: 4, skipped: 8.
Starting test testTemplateBuilderCannotFind(org.jclouds.trystack.nova.compute.TryStackNovaTemplateBuilderLiveTest)
[TestNG] Test testTemplateBuilderCannotFind(org.jclouds.trystack.nova.compute.TryStackNovaTemplateBuilderLiveTest) succeeded: 1ms
Test suite progress: tests succeeded: 59, failed: 4, skipped: 8.
Starting test testTemplateBuilderCannotFind(org.jclouds.trystack.nova.compute.TryStackNovaTemplateBuilderLiveTest)
[TestNG] Test testTemplateBuilderCannotFind(org.jclouds.trystack.nova.compute.TryStackNovaTemplateBuilderLiveTest) succeeded: 0ms
Test suite progress: tests succeeded: 60, failed: 4, skipped: 8.
Starting test testTemplateBuilderCannotFind(org.jclouds.trystack.nova.compute.TryStackNovaTemplateBuilderLiveTest)
[TestNG] Test testTemplateBuilderCannotFind(org.jclouds.trystack.nova.compute.TryStackNovaTemplateBuilderLiveTest) succeeded: 0ms
Test suite progress: tests succeeded: 61, failed: 4, skipped: 8.
Starting test testTemplateBuilderCannotFind(org.jclouds.trystack.nova.compute.TryStackNovaTemplateBuilderLiveTest)
[TestNG] Test testTemplateBuilderCannotFind(org.jclouds.trystack.nova.compute.TryStackNovaTemplateBuilderLiveTest) succeeded: 0ms
Test suite progress: tests succeeded: 62, failed: 4, skipped: 8.
Starting test testTemplateBuilderCannotFind(org.jclouds.trystack.nova.compute.TryStackNovaTemplateBuilderLiveTest)
[TestNG] Test testTemplateBuilderCannotFind(org.jclouds.trystack.nova.compute.TryStackNovaTemplateBuilderLiveTest) succeeded: 1ms
Test suite progress: tests succeeded: 63, failed: 4, skipped: 8.
Starting test testTemplateBuilderCannotFind(org.jclouds.trystack.nova.compute.TryStackNovaTemplateBuilderLiveTest)
[TestNG] Test testTemplateBuilderCannotFind(org.jclouds.trystack.nova.compute.TryStackNovaTemplateBuilderLiveTest) succeeded: 0ms
Test suite progress: tests succeeded: 64, failed: 4, skipped: 8.
Starting test testTemplateBuilderCannotFind(org.jclouds.trystack.nova.compute.TryStackNovaTemplateBuilderLiveTest)
[TestNG] Test testTemplateBuilderCannotFind(org.jclouds.trystack.nova.compute.TryStackNovaTemplateBuilderLiveTest) succeeded: 1ms
Test suite progress: tests succeeded: 65, failed: 4, skipped: 8.
Starting test testTemplateBuilderCannotFind(org.jclouds.trystack.nova.compute.TryStackNovaTemplateBuilderLiveTest)
[TestNG] Test testTemplateBuilderCannotFind(org.jclouds.trystack.nova.compute.TryStackNovaTemplateBuilderLiveTest) succeeded: 0ms
Test suite progress: tests succeeded: 66, failed: 4, skipped: 8.
Starting test testTemplateBuilderCannotFind(org.jclouds.trystack.nova.compute.TryStackNovaTemplateBuilderLiveTest)
[TestNG] Test testTemplateBuilderCannotFind(org.jclouds.trystack.nova.compute.TryStackNovaTemplateBuilderLiveTest) succeeded: 1ms
Test suite progress: tests succeeded: 67, failed: 4, skipped: 8.
Starting test testTemplateBuilderCannotFind(org.jclouds.trystack.nova.compute.TryStackNovaTemplateBuilderLiveTest)
[TestNG] Test testTemplateBuilderCannotFind(org.jclouds.trystack.nova.compute.TryStackNovaTemplateBuilderLiveTest) succeeded: 1ms
Test suite progress: tests succeeded: 68, failed: 4, skipped: 8.
Starting test testTemplateBuilderCannotFind(org.jclouds.trystack.nova.compute.TryStackNovaTemplateBuilderLiveTest)
[TestNG] Test testTemplateBuilderCannotFind(org.jclouds.trystack.nova.compute.TryStackNovaTemplateBuilderLiveTest) succeeded: 0ms
Test suite progress: tests succeeded: 69, failed: 4, skipped: 8.
Starting test testTemplateBuilderCannotFind(org.jclouds.trystack.nova.compute.TryStackNovaTemplateBuilderLiveTest)
[TestNG] Test testTemplateBuilderCannotFind(org.jclouds.trystack.nova.compute.TryStackNovaTemplateBuilderLiveTest) succeeded: 0ms
Test suite progress: tests succeeded: 70, failed: 4, skipped: 8.
Starting test testTemplateBuilderCannotFind(org.jclouds.trystack.nova.compute.TryStackNovaTemplateBuilderLiveTest)
[TestNG] Test testTemplateBuilderCannotFind(org.jclouds.trystack.nova.compute.TryStackNovaTemplateBuilderLiveTest) succeeded: 0ms
Test suite progress: tests succeeded: 71, failed: 4, skipped: 8.
Starting test testTemplateBuilderCannotFind(org.jclouds.trystack.nova.compute.TryStackNovaTemplateBuilderLiveTest)
[TestNG] Test testTemplateBuilderCannotFind(org.jclouds.trystack.nova.compute.TryStackNovaTemplateBuilderLiveTest) succeeded: 1ms
Test suite progress: tests succeeded: 72, failed: 4, skipped: 8.
Starting test testTemplateBuilderCannotFind(org.jclouds.trystack.nova.compute.TryStackNovaTemplateBuilderLiveTest)
[TestNG] Test testTemplateBuilderCannotFind(org.jclouds.trystack.nova.compute.TryStackNovaTemplateBuilderLiveTest) succeeded: 0ms
Test suite progress: tests succeeded: 73, failed: 4, skipped: 8.
Starting test testTemplateBuilderCannotFind(org.jclouds.trystack.nova.compute.TryStackNovaTemplateBuilderLiveTest)
[TestNG] Test testTemplateBuilderCannotFind(org.jclouds.trystack.nova.compute.TryStackNovaTemplateBuilderLiveTest) succeeded: 1ms
Test suite progress: tests succeeded: 74, failed: 4, skipped: 8.
Starting test testTemplateBuilderCannotFind(org.jclouds.trystack.nova.compute.TryStackNovaTemplateBuilderLiveTest)
[TestNG] Test testTemplateBuilderCannotFind(org.jclouds.trystack.nova.compute.TryStackNovaTemplateBuilderLiveTest) succeeded: 0ms
Test suite progress: tests succeeded: 75, failed: 4, skipped: 8.
Starting test testTemplateBuilderCannotFind(org.jclouds.trystack.nova.compute.TryStackNovaTemplateBuilderLiveTest)
[TestNG] Test testTemplateBuilderCannotFind(org.jclouds.trystack.nova.compute.TryStackNovaTemplateBuilderLiveTest) succeeded: 0ms
Test suite progress: tests succeeded: 76, failed: 4, skipped: 8.
Starting test testTemplateBuilderCannotFind(org.jclouds.trystack.nova.compute.TryStackNovaTemplateBuilderLiveTest)
[TestNG] Test testTemplateBuilderCannotFind(org.jclouds.trystack.nova.compute.TryStackNovaTemplateBuilderLiveTest) succeeded: 1ms
Test suite progress: tests succeeded: 77, failed: 4, skipped: 8.
Starting test testTemplateBuilderCannotFind(org.jclouds.trystack.nova.compute.TryStackNovaTemplateBuilderLiveTest)
[TestNG] Test testTemplateBuilderCannotFind(org.jclouds.trystack.nova.compute.TryStackNovaTemplateBuilderLiveTest) succeeded: 0ms
Test suite progress: tests succeeded: 78, failed: 4, skipped: 8.
Starting test testTemplateBuilderCannotFind(org.jclouds.trystack.nova.compute.TryStackNovaTemplateBuilderLiveTest)
[TestNG] Test testTemplateBuilderCannotFind(org.jclouds.trystack.nova.compute.TryStackNovaTemplateBuilderLiveTest) succeeded: 1ms
Test suite progress: tests succeeded: 79, failed: 4, skipped: 8.
Starting test testTemplateBuilderCannotFind(org.jclouds.trystack.nova.compute.TryStackNovaTemplateBuilderLiveTest)
[TestNG] Test testTemplateBuilderCannotFind(org.jclouds.trystack.nova.compute.TryStackNovaTemplateBuilderLiveTest) succeeded: 0ms
Test suite progress: tests succeeded: 80, failed: 4, skipped: 8.
Starting test testTemplateBuilderCannotFind(org.jclouds.trystack.nova.compute.TryStackNovaTemplateBuilderLiveTest)
[TestNG] Test testTemplateBuilderCannotFind(org.jclouds.trystack.nova.compute.TryStackNovaTemplateBuilderLiveTest) succeeded: 0ms
Test suite progress: tests succeeded: 81, failed: 4, skipped: 8.
Starting test testTemplateBuilderCannotFind(org.jclouds.trystack.nova.compute.TryStackNovaTemplateBuilderLiveTest)
[TestNG] Test testTemplateBuilderCannotFind(org.jclouds.trystack.nova.compute.TryStackNovaTemplateBuilderLiveTest) succeeded: 0ms
Test suite progress: tests succeeded: 82, failed: 4, skipped: 8.
Starting test testTemplateBuilderCannotFind(org.jclouds.trystack.nova.compute.TryStackNovaTemplateBuilderLiveTest)
[TestNG] Test testTemplateBuilderCannotFind(org.jclouds.trystack.nova.compute.TryStackNovaTemplateBuilderLiveTest) succeeded: 0ms
Test suite progress: tests succeeded: 83, failed: 4, skipped: 8.
Starting test testTemplateBuilderCannotFind(org.jclouds.trystack.nova.compute.TryStackNovaTemplateBuilderLiveTest)
[TestNG] Test testTemplateBuilderCannotFind(org.jclouds.trystack.nova.compute.TryStackNovaTemplateBuilderLiveTest) succeeded: 0ms
Test suite progress: tests succeeded: 84, failed: 4, skipped: 8.
Starting test testTemplateBuilderCannotFind(org.jclouds.trystack.nova.compute.TryStackNovaTemplateBuilderLiveTest)
[TestNG] Test testTemplateBuilderCannotFind(org.jclouds.trystack.nova.compute.TryStackNovaTemplateBuilderLiveTest) succeeded: 0ms
Test suite progress: tests succeeded: 85, failed: 4, skipped: 8.
Starting test testTemplateBuilderCannotFind(org.jclouds.trystack.nova.compute.TryStackNovaTemplateBuilderLiveTest)
[TestNG] Test testTemplateBuilderCannotFind(org.jclouds.trystack.nova.compute.TryStackNovaTemplateBuilderLiveTest) succeeded: 0ms
Test suite progress: tests succeeded: 86, failed: 4, skipped: 8.
Starting test testTemplateBuilderCannotFind(org.jclouds.trystack.nova.compute.TryStackNovaTemplateBuilderLiveTest)
[TestNG] Test testTemplateBuilderCannotFind(org.jclouds.trystack.nova.compute.TryStackNovaTemplateBuilderLiveTest) succeeded: 1ms
Test suite progress: tests succeeded: 87, failed: 4, skipped: 8.
Starting test testTemplateBuilderCannotFind(org.jclouds.trystack.nova.compute.TryStackNovaTemplateBuilderLiveTest)
[TestNG] Test testTemplateBuilderCannotFind(org.jclouds.trystack.nova.compute.TryStackNovaTemplateBuilderLiveTest) succeeded: 1ms
Test suite progress: tests succeeded: 88, failed: 4, skipped: 8.
Starting test testTemplateBuilderCannotFind(org.jclouds.trystack.nova.compute.TryStackNovaTemplateBuilderLiveTest)
[TestNG] Test testTemplateBuilderCannotFind(org.jclouds.trystack.nova.compute.TryStackNovaTemplateBuilderLiveTest) succeeded: 0ms
Test suite progress: tests succeeded: 89, failed: 4, skipped: 8.
Starting test testTemplateBuilderCannotFind(org.jclouds.trystack.nova.compute.TryStackNovaTemplateBuilderLiveTest)
[TestNG] Test testTemplateBuilderCannotFind(org.jclouds.trystack.nova.compute.TryStackNovaTemplateBuilderLiveTest) succeeded: 0ms
Test suite progress: tests succeeded: 90, failed: 4, skipped: 8.
Starting test testTemplateBuilderCannotFind(org.jclouds.trystack.nova.compute.TryStackNovaTemplateBuilderLiveTest)
[TestNG] Test testTemplateBuilderCannotFind(org.jclouds.trystack.nova.compute.TryStackNovaTemplateBuilderLiveTest) succeeded: 0ms
Test suite progress: tests succeeded: 91, failed: 4, skipped: 8.
Starting test testTemplateBuilderCannotFind(org.jclouds.trystack.nova.compute.TryStackNovaTemplateBuilderLiveTest)
[TestNG] Test testTemplateBuilderCannotFind(org.jclouds.trystack.nova.compute.TryStackNovaTemplateBuilderLiveTest) succeeded: 0ms
Test suite progress: tests succeeded: 92, failed: 4, skipped: 8.
Starting test testTemplateBuilderCannotFind(org.jclouds.trystack.nova.compute.TryStackNovaTemplateBuilderLiveTest)
[TestNG] Test testTemplateBuilderCannotFind(org.jclouds.trystack.nova.compute.TryStackNovaTemplateBuilderLiveTest) succeeded: 0ms
Test suite progress: tests succeeded: 93, failed: 4, skipped: 8.
Starting test testTemplateBuilderCannotFind(org.jclouds.trystack.nova.compute.TryStackNovaTemplateBuilderLiveTest)
[TestNG] Test testTemplateBuilderCannotFind(org.jclouds.trystack.nova.compute.TryStackNovaTemplateBuilderLiveTest) succeeded: 0ms
Test suite progress: tests succeeded: 94, failed: 4, skipped: 8.
Starting test testTemplateBuilderCannotFind(org.jclouds.trystack.nova.compute.TryStackNovaTemplateBuilderLiveTest)
[TestNG] Test testTemplateBuilderCannotFind(org.jclouds.trystack.nova.compute.TryStackNovaTemplateBuilderLiveTest) succeeded: 0ms
Test suite progress: tests succeeded: 95, failed: 4, skipped: 8.
Starting test testTemplateBuilderCannotFind(org.jclouds.trystack.nova.compute.TryStackNovaTemplateBuilderLiveTest)
[TestNG] Test testTemplateBuilderCannotFind(org.jclouds.trystack.nova.compute.TryStackNovaTemplateBuilderLiveTest) succeeded: 0ms
Test suite progress: tests succeeded: 96, failed: 4, skipped: 8.
Starting test testTemplateBuilderCannotFind(org.jclouds.trystack.nova.compute.TryStackNovaTemplateBuilderLiveTest)
[TestNG] Test testTemplateBuilderCannotFind(org.jclouds.trystack.nova.compute.TryStackNovaTemplateBuilderLiveTest) succeeded: 0ms
Test suite progress: tests succeeded: 97, failed: 4, skipped: 8.
Starting test testTemplateBuilderCannotFind(org.jclouds.trystack.nova.compute.TryStackNovaTemplateBuilderLiveTest)
[TestNG] Test testTemplateBuilderCannotFind(org.jclouds.trystack.nova.compute.TryStackNovaTemplateBuilderLiveTest) succeeded: 1ms
Test suite progress: tests succeeded: 98, failed: 4, skipped: 8.
Starting test testTemplateBuilderWithImageIdSpecified(org.jclouds.trystack.nova.compute.TryStackNovaTemplateBuilderLiveTest)
[TestNG] Test testTemplateBuilderWithImageIdSpecified(org.jclouds.trystack.nova.compute.TryStackNovaTemplateBuilderLiveTest) succeeded: 2690ms
Test suite progress: tests succeeded: 99, failed: 4, skipped: 8.
Starting test testTemplateBuilderWithLoginUserSpecified(org.jclouds.trystack.nova.compute.TryStackNovaTemplateBuilderLiveTest)
[TestNG] Test testTemplateBuilderWithLoginUserSpecified(org.jclouds.trystack.nova.compute.TryStackNovaTemplateBuilderLiveTest) succeeded: 3417ms
Test suite progress: tests succeeded: 100, failed: 4, skipped: 8.
Starting test testTemplateBuilder(org.jclouds.trystack.nova.compute.TryStackNovaTemplateBuilderLiveTest)
[TestNG] Test testTemplateBuilder(org.jclouds.trystack.nova.compute.TryStackNovaTemplateBuilderLiveTest) succeeded: 2ms
Test suite progress: tests succeeded: 101, failed: 4, skipped: 8.
Starting test testListFlavors(org.jclouds.trystack.nova.features.TryStackNovaFlavorClientLiveTest)
[TestNG] Test testListFlavors(org.jclouds.trystack.nova.features.TryStackNovaFlavorClientLiveTest) succeeded: 1821ms
Test suite progress: tests succeeded: 102, failed: 4, skipped: 8.
Starting test testListFlavorsInDetail(org.jclouds.trystack.nova.features.TryStackNovaFlavorClientLiveTest)
[TestNG] Test testListFlavorsInDetail(org.jclouds.trystack.nova.features.TryStackNovaFlavorClientLiveTest) succeeded: 1399ms
Test suite progress: tests succeeded: 103, failed: 4, skipped: 8.
Starting test testListImages(org.jclouds.trystack.nova.features.TryStackNovaImageClientLiveTest)
[TestNG] Test testListImages(org.jclouds.trystack.nova.features.TryStackNovaImageClientLiveTest) succeeded: 2979ms
Test suite progress: tests succeeded: 104, failed: 4, skipped: 8.
Starting test testListImagesInDetail(org.jclouds.trystack.nova.features.TryStackNovaImageClientLiveTest)
[TestNG] Test testListImagesInDetail(org.jclouds.trystack.nova.features.TryStackNovaImageClientLiveTest) succeeded: 2866ms
Test suite progress: tests succeeded: 105, failed: 4, skipped: 8.
Starting test testCreateAndDeleteKeyPair(org.jclouds.trystack.nova.features.TryStackNovaKeyPairClientLiveTest)
[TestNG] Test testCreateAndDeleteKeyPair(org.jclouds.trystack.nova.features.TryStackNovaKeyPairClientLiveTest) succeeded: 1162ms
Test suite progress: tests succeeded: 106, failed: 4, skipped: 8.
Starting test testCreateAndDeleteKeyPairWithPublicKey(org.jclouds.trystack.nova.features.TryStackNovaKeyPairClientLiveTest)
[TestNG] Test testCreateAndDeleteKeyPairWithPublicKey(org.jclouds.trystack.nova.features.TryStackNovaKeyPairClientLiveTest) succeeded: 701ms
Test suite progress: tests succeeded: 107, failed: 4, skipped: 8.
Starting test testListKeyPairs(org.jclouds.trystack.nova.features.TryStackNovaKeyPairClientLiveTest)
[TestNG] Test testListKeyPairs(org.jclouds.trystack.nova.features.TryStackNovaKeyPairClientLiveTest) succeeded: 226ms
Test suite progress: tests succeeded: 108, failed: 4, skipped: 8.
Starting test createAndDeleteSecurityGroupRule(org.jclouds.trystack.nova.features.TryStackNovaSecurityGroupClientLiveTest)
[TestNG] Test createAndDeleteSecurityGroupRule(org.jclouds.trystack.nova.features.TryStackNovaSecurityGroupClientLiveTest) failed.
Test suite progress: tests succeeded: 108, failed: 5, skipped: 8.
Starting test createGetAndDeleteSecurityGroup(org.jclouds.trystack.nova.features.TryStackNovaSecurityGroupClientLiveTest)
[TestNG] Test createGetAndDeleteSecurityGroup(org.jclouds.trystack.nova.features.TryStackNovaSecurityGroupClientLiveTest) failed.
Test suite progress: tests succeeded: 108, failed: 6, skipped: 8.
Starting test listSecurityGroups(org.jclouds.trystack.nova.features.TryStackNovaSecurityGroupClientLiveTest)
[TestNG] Test listSecurityGroups(org.jclouds.trystack.nova.features.TryStackNovaSecurityGroupClientLiveTest) succeeded: 274ms
Test suite progress: tests succeeded: 109, failed: 6, skipped: 8.
Starting test testListServersInDetail(org.jclouds.trystack.nova.features.TryStackNovaServerClientLiveTest)
[TestNG] Test testListServersInDetail(org.jclouds.trystack.nova.features.TryStackNovaServerClientLiveTest) succeeded: 418ms
Test suite progress: tests succeeded: 110, failed: 6, skipped: 8.
Tests run: 124, Failures: 6, Errors: 0, Skipped: 8, Time elapsed: 42.748 sec <<< FAILURE!

Results :

Failed tests:   testCorrectAuthException(org.jclouds.trystack.nova.compute.TryStackNovaComputeServiceLiveTest): (..)
  testCreateAndRunAService(org.jclouds.trystack.nova.compute.TryStackNovaComputeServiceLiveTest): error running 1 node group(trystack-novas) location(RegionOne) image(15) size(1) options({loginUser=null, loginPasswordPresent=false, loginPrivateKeyPresent=false, authenticateSudo=null, port:seconds=22:300, taskName=null, runAsRoot=true, blockOnComplete=true, wrapInInitScript=true, inboundPorts=[22, 8080], scriptPresent=false, publicKeyPresent=false, privateKeyPresent=false, tags=[], blockUntilRunning=true, tags=[], userMetadata={Name=trystack-novas}, autoAssignFloatingIp=false, securityGroupNames=[], generateKeyPair=true, keyPairName=null})(..)
  testAScriptExecutionAfterBootWithBasicTemplate(org.jclouds.trystack.nova.compute.TryStackNovaComputeServiceLiveTest): error running 1 node group(trystack-novar) location(RegionOne) image(15) size(1) options({loginUser=null, loginPasswordPresent=false, loginPrivateKeyPresent=false, authenticateSudo=null, port:seconds=22:120, taskName=null, runAsRoot=true, blockOnComplete=true, wrapInInitScript=true, inboundPorts=[22], scriptPresent=false, publicKeyPresent=false, privateKeyPresent=false, tags=[], blockUntilRunning=true, tags=[], userMetadata={}, autoAssignFloatingIp=false, securityGroupNames=[], generateKeyPair=false, keyPairName=null})(..)
  testCreateTwoNodesWithRunScript(org.jclouds.trystack.nova.compute.TryStackNovaComputeServiceLiveTest): error running 2 nodes group(trystack-nova) location(RegionOne) image(15) size(1) options({loginUser=null, loginPasswordPresent=false, loginPrivateKeyPresent=false, authenticateSudo=null, port:seconds=-1:-1, taskName=null, runAsRoot=true, blockOnComplete=true, wrapInInitScript=true, inboundPorts=[22], scriptPresent=true, publicKeyPresent=false, privateKeyPresent=false, tags=[], blockUntilRunning=true, tags=[], userMetadata={}, autoAssignFloatingIp=false, securityGroupNames=[], generateKeyPair=true, keyPairName=null})(..)
  createAndDeleteSecurityGroupRule(org.jclouds.trystack.nova.features.TryStackNovaSecurityGroupClientLiveTest): {"overLimitFault": {"message": "This request was rate-limited.", "code": 403, "details": "Only 10 POST request(s) can be made to * every minute."}}
  createGetAndDeleteSecurityGroup(org.jclouds.trystack.nova.features.TryStackNovaSecurityGroupClientLiveTest): {"overLimitFault": {"message": "This request was rate-limited.", "code": 403, "details": "Only 10 POST request(s) can be made to * every minute."}}

Tests run: 124, Failures: 6, Errors: 0, Skipped: 8

[INFO] ------------------------------------------------------------------------
[INFO] BUILD FAILURE
[INFO] ------------------------------------------------------------------------
[INFO] Total time: 55.605s
[INFO] Finished at: Tue Apr 24 04:11:00 PDT 2012
[INFO] Final Memory: 22M/265M
[INFO] ------------------------------------------------------------------------
[ERROR] Failed to execute goal org.apache.maven.plugins:maven-surefire-plugin:2.12:test (integration) on project trystack-nova: There are test failures.
[ERROR] 
[ERROR] Please refer to /Users/adriancole/workspace/git/jclouds/providers/trystack-nova/target/surefire-reports for the individual test results.
[ERROR] -> [Help 1]
[ERROR] 
[ERROR] To see the full stack trace of the errors, re-run Maven with the -e switch.
[ERROR] Re-run Maven using the -X switch to enable full debug logging.
[ERROR] 
[ERROR] For more information about the errors and possible solutions, please read the following articles:
[ERROR] [Help 1] http://cwiki.apache.org/confluence/display/MAVEN/MojoFailureException
