-------------------------------------------------------------------------------
Test set: TestSuite
-------------------------------------------------------------------------------
Tests run: 100, Failures: 8, Errors: 0, Skipped: 0, Time elapsed: 449.103 sec <<< FAILURE!
testSignGetUrlOptions(org.jclouds.epc.blobstore.EucalyptusPartnerCloudWalrusBlobSignerLiveTest)  Time elapsed: 1.932 sec  <<< FAILURE!
java.lang.AssertionError: expected:<fo> but was:<f>
	at org.testng.Assert.fail(Assert.java:89)
	at org.testng.Assert.failNotEquals(Assert.java:480)
	at org.testng.Assert.assertEquals(Assert.java:118)
	at org.testng.Assert.assertEquals(Assert.java:171)
	at org.testng.Assert.assertEquals(Assert.java:181)
	at org.jclouds.blobstore.integration.internal.BaseBlobSignerLiveTest.testSignGetUrlOptions(BaseBlobSignerLiveTest.java:88)
	at sun.reflect.NativeMethodAccessorImpl.invoke0(Native Method)
	at sun.reflect.NativeMethodAccessorImpl.invoke(NativeMethodAccessorImpl.java:39)
	at sun.reflect.DelegatingMethodAccessorImpl.invoke(DelegatingMethodAccessorImpl.java:25)
	at java.lang.reflect.Method.invoke(Method.java:597)
	at org.testng.internal.MethodInvocationHelper.invokeMethod(MethodInvocationHelper.java:76)
	at org.testng.internal.Invoker.invokeMethod(Invoker.java:673)
	at org.testng.internal.Invoker.invokeTestMethod(Invoker.java:846)
	at org.testng.internal.Invoker.invokeTestMethods(Invoker.java:1170)
	at org.testng.internal.TestMethodWorker.invokeTestMethods(TestMethodWorker.java:125)
	at org.testng.internal.TestMethodWorker.run(TestMethodWorker.java:109)
	at org.testng.TestRunner.runWorkers(TestRunner.java:1147)
	at org.testng.TestRunner.privateRun(TestRunner.java:749)
	at org.testng.TestRunner.run(TestRunner.java:600)
	at org.testng.SuiteRunner.runTest(SuiteRunner.java:317)
	at org.testng.SuiteRunner.access$000(SuiteRunner.java:34)
	at org.testng.SuiteRunner$SuiteWorker.run(SuiteRunner.java:351)
	at org.testng.internal.thread.ThreadUtil$CountDownLatchedRunnable.run(ThreadUtil.java:147)
	at java.util.concurrent.ThreadPoolExecutor$Worker.runTask(ThreadPoolExecutor.java:886)
	at java.util.concurrent.ThreadPoolExecutor$Worker.run(ThreadPoolExecutor.java:908)
	at java.lang.Thread.run(Thread.java:680)

testCopyCannedAccessPolicyPublic(org.jclouds.epc.EucalyptusPartnerCloudWalrusClientLiveTest)  Time elapsed: 4.324 sec  <<< FAILURE!
java.io.IOException: Server returned HTTP response code: 403 for URL: http://partnercloud.eucalyptus.com:8773/services/Walrus/services/Walrus/adriancole-blobstore9/pears
	at sun.net.www.protocol.http.HttpURLConnection.getInputStream(HttpURLConnection.java:1436)
	at java.net.URL.openStream(URL.java:1010)
	at org.jclouds.s3.S3ClientLiveTest.testCopyCannedAccessPolicyPublic(S3ClientLiveTest.java:126)
	at sun.reflect.NativeMethodAccessorImpl.invoke0(Native Method)
	at sun.reflect.NativeMethodAccessorImpl.invoke(NativeMethodAccessorImpl.java:39)
	at sun.reflect.DelegatingMethodAccessorImpl.invoke(DelegatingMethodAccessorImpl.java:25)
	at java.lang.reflect.Method.invoke(Method.java:597)
	at org.testng.internal.MethodInvocationHelper.invokeMethod(MethodInvocationHelper.java:76)
	at org.testng.internal.Invoker.invokeMethod(Invoker.java:673)
	at org.testng.internal.Invoker.invokeTestMethod(Invoker.java:846)
	at org.testng.internal.Invoker.invokeTestMethods(Invoker.java:1170)
	at org.testng.internal.TestMethodWorker.invokeTestMethods(TestMethodWorker.java:125)
	at org.testng.internal.TestMethodWorker.run(TestMethodWorker.java:109)
	at org.testng.TestRunner.runWorkers(TestRunner.java:1147)
	at org.testng.TestRunner.privateRun(TestRunner.java:749)
	at org.testng.TestRunner.run(TestRunner.java:600)
	at org.testng.SuiteRunner.runTest(SuiteRunner.java:317)
	at org.testng.SuiteRunner.access$000(SuiteRunner.java:34)
	at org.testng.SuiteRunner$SuiteWorker.run(SuiteRunner.java:351)
	at org.testng.internal.thread.ThreadUtil$CountDownLatchedRunnable.run(ThreadUtil.java:147)
	at java.util.concurrent.ThreadPoolExecutor$Worker.runTask(ThreadPoolExecutor.java:886)
	at java.util.concurrent.ThreadPoolExecutor$Worker.run(ThreadPoolExecutor.java:908)
	at java.lang.Thread.run(Thread.java:680)

testPublicReadOnObject(org.jclouds.epc.EucalyptusPartnerCloudWalrusClientLiveTest)  Time elapsed: 14.758 sec  <<< FAILURE!
java.lang.AssertionError: expected:<2> but was:<3>
	at org.testng.Assert.fail(Assert.java:89)
	at org.testng.Assert.failNotEquals(Assert.java:480)
	at org.testng.Assert.assertEquals(Assert.java:118)
	at org.testng.Assert.assertEquals(Assert.java:365)
	at org.testng.Assert.assertEquals(Assert.java:375)
	at org.jclouds.s3.S3ClientLiveTest$2.run(S3ClientLiveTest.java:252)
	at org.jclouds.blobstore.integration.internal.BaseBlobStoreIntegrationTest.assertConsistencyAware(BaseBlobStoreIntegrationTest.java:217)
	at org.jclouds.blobstore.integration.internal.BaseBlobStoreIntegrationTest.assertConsistencyAware(BaseBlobStoreIntegrationTest.java:230)
	at org.jclouds.s3.S3ClientLiveTest.testPublicReadOnObject(S3ClientLiveTest.java:247)
	at sun.reflect.NativeMethodAccessorImpl.invoke0(Native Method)
	at sun.reflect.NativeMethodAccessorImpl.invoke(NativeMethodAccessorImpl.java:39)
	at sun.reflect.DelegatingMethodAccessorImpl.invoke(DelegatingMethodAccessorImpl.java:25)
	at java.lang.reflect.Method.invoke(Method.java:597)
	at org.testng.internal.MethodInvocationHelper.invokeMethod(MethodInvocationHelper.java:76)
	at org.testng.internal.Invoker.invokeMethod(Invoker.java:673)
	at org.testng.internal.Invoker.invokeTestMethod(Invoker.java:846)
	at org.testng.internal.Invoker.invokeTestMethods(Invoker.java:1170)
	at org.testng.internal.TestMethodWorker.invokeTestMethods(TestMethodWorker.java:125)
	at org.testng.internal.TestMethodWorker.run(TestMethodWorker.java:109)
	at org.testng.TestRunner.runWorkers(TestRunner.java:1147)
	at org.testng.TestRunner.privateRun(TestRunner.java:749)
	at org.testng.TestRunner.run(TestRunner.java:600)
	at org.testng.SuiteRunner.runTest(SuiteRunner.java:317)
	at org.testng.SuiteRunner.access$000(SuiteRunner.java:34)
	at org.testng.SuiteRunner$SuiteWorker.run(SuiteRunner.java:351)
	at org.testng.internal.thread.ThreadUtil$CountDownLatchedRunnable.run(ThreadUtil.java:147)
	at java.util.concurrent.ThreadPoolExecutor$Worker.runTask(ThreadPoolExecutor.java:886)
	at java.util.concurrent.ThreadPoolExecutor$Worker.run(ThreadPoolExecutor.java:908)
	at java.lang.Thread.run(Thread.java:680)

testPublicWriteOnObject(org.jclouds.epc.EucalyptusPartnerCloudWalrusClientLiveTest)  Time elapsed: 14.642 sec  <<< FAILURE!
java.lang.AssertionError: expected:<3> but was:<2>
	at org.testng.Assert.fail(Assert.java:89)
	at org.testng.Assert.failNotEquals(Assert.java:480)
	at org.testng.Assert.assertEquals(Assert.java:118)
	at org.testng.Assert.assertEquals(Assert.java:365)
	at org.testng.Assert.assertEquals(Assert.java:375)
	at org.jclouds.s3.S3ClientLiveTest$1.run(S3ClientLiveTest.java:153)
	at org.jclouds.blobstore.integration.internal.BaseBlobStoreIntegrationTest.assertConsistencyAware(BaseBlobStoreIntegrationTest.java:217)
	at org.jclouds.blobstore.integration.internal.BaseBlobStoreIntegrationTest.assertConsistencyAware(BaseBlobStoreIntegrationTest.java:230)
	at org.jclouds.s3.S3ClientLiveTest.testPublicWriteOnObject(S3ClientLiveTest.java:149)
	at sun.reflect.NativeMethodAccessorImpl.invoke0(Native Method)
	at sun.reflect.NativeMethodAccessorImpl.invoke(NativeMethodAccessorImpl.java:39)
	at sun.reflect.DelegatingMethodAccessorImpl.invoke(DelegatingMethodAccessorImpl.java:25)
	at java.lang.reflect.Method.invoke(Method.java:597)
	at org.testng.internal.MethodInvocationHelper.invokeMethod(MethodInvocationHelper.java:76)
	at org.testng.internal.Invoker.invokeMethod(Invoker.java:673)
	at org.testng.internal.Invoker.invokeTestMethod(Invoker.java:846)
	at org.testng.internal.Invoker.invokeTestMethods(Invoker.java:1170)
	at org.testng.internal.TestMethodWorker.invokeTestMethods(TestMethodWorker.java:125)
	at org.testng.internal.TestMethodWorker.run(TestMethodWorker.java:109)
	at org.testng.TestRunner.runWorkers(TestRunner.java:1147)
	at org.testng.TestRunner.privateRun(TestRunner.java:749)
	at org.testng.TestRunner.run(TestRunner.java:600)
	at org.testng.SuiteRunner.runTest(SuiteRunner.java:317)
	at org.testng.SuiteRunner.access$000(SuiteRunner.java:34)
	at org.testng.SuiteRunner$SuiteWorker.run(SuiteRunner.java:351)
	at org.testng.internal.thread.ThreadUtil$CountDownLatchedRunnable.run(ThreadUtil.java:147)
	at java.util.concurrent.ThreadPoolExecutor$Worker.runTask(ThreadPoolExecutor.java:886)
	at java.util.concurrent.ThreadPoolExecutor$Worker.run(ThreadPoolExecutor.java:908)
	at java.lang.Thread.run(Thread.java:680)

testUpdateObjectACL(org.jclouds.epc.EucalyptusPartnerCloudWalrusClientLiveTest)  Time elapsed: 2.657 sec  <<< FAILURE!
org.jclouds.http.HttpResponseException: command: PUT http://partnercloud.eucalyptus.com:8773/services/Walrus/adriancole-blobstore2/private-acl?acl HTTP/1.1 failed with response: HTTP/1.1 400 Bad Request; content: [Failure: 400 Bad Request
Unable to parse access control policy malformed access control list

]
	at org.jclouds.aws.handlers.ParseAWSErrorFromXmlContent.handleError(ParseAWSErrorFromXmlContent.java:81)
	at org.jclouds.http.handlers.DelegatingErrorHandler.handleError(DelegatingErrorHandler.java:69)
	at org.jclouds.http.internal.BaseHttpCommandExecutorService$HttpResponseCallable.shouldContinue(BaseHttpCommandExecutorService.java:200)
	at org.jclouds.http.internal.BaseHttpCommandExecutorService$HttpResponseCallable.call(BaseHttpCommandExecutorService.java:165)
	at org.jclouds.http.internal.BaseHttpCommandExecutorService$HttpResponseCallable.call(BaseHttpCommandExecutorService.java:134)
	at java.util.concurrent.FutureTask$Sync.innerRun(FutureTask.java:303)
	at java.util.concurrent.FutureTask.run(FutureTask.java:138)
	at java.util.concurrent.ThreadPoolExecutor$Worker.runTask(ThreadPoolExecutor.java:886)
	at java.util.concurrent.ThreadPoolExecutor$Worker.run(ThreadPoolExecutor.java:908)
	at java.lang.Thread.run(Thread.java:680)
	at org.jclouds.concurrent.config.ExecutorServiceModule$DescribingExecutorService.submit(ExecutorServiceModule.java:182)
	at org.jclouds.http.internal.BaseHttpCommandExecutorService.submit(BaseHttpCommandExecutorService.java:131)
	at org.jclouds.http.TransformingHttpCommandExecutorServiceImpl.submit(TransformingHttpCommandExecutorServiceImpl.java:54)
	at org.jclouds.http.TransformingHttpCommandImpl.execute(TransformingHttpCommandImpl.java:72)
	at org.jclouds.rest.internal.AsyncRestClientProxy.createListenableFuture(AsyncRestClientProxy.java:156)
	at org.jclouds.rest.internal.AsyncRestClientProxy.invoke(AsyncRestClientProxy.java:126)
	at $Proxy67.putObjectACL(Unknown Source)
	at sun.reflect.NativeMethodAccessorImpl.invoke0(Native Method)
	at sun.reflect.NativeMethodAccessorImpl.invoke(NativeMethodAccessorImpl.java:39)
	at sun.reflect.DelegatingMethodAccessorImpl.invoke(DelegatingMethodAccessorImpl.java:25)
	at java.lang.reflect.Method.invoke(Method.java:597)
	at org.jclouds.concurrent.internal.SyncProxy.invoke(SyncProxy.java:140)
	at $Proxy68.putObjectACL(Unknown Source)
	at org.jclouds.s3.S3ClientLiveTest.testUpdateObjectACL(S3ClientLiveTest.java:189)
	at sun.reflect.NativeMethodAccessorImpl.invoke0(Native Method)
	at sun.reflect.NativeMethodAccessorImpl.invoke(NativeMethodAccessorImpl.java:39)
	at sun.reflect.DelegatingMethodAccessorImpl.invoke(DelegatingMethodAccessorImpl.java:25)
	at java.lang.reflect.Method.invoke(Method.java:597)
	at org.testng.internal.MethodInvocationHelper.invokeMethod(MethodInvocationHelper.java:76)
	at org.testng.internal.Invoker.invokeMethod(Invoker.java:673)
	at org.testng.internal.Invoker.invokeTestMethod(Invoker.java:846)
	at org.testng.internal.Invoker.invokeTestMethods(Invoker.java:1170)
	at org.testng.internal.TestMethodWorker.invokeTestMethods(TestMethodWorker.java:125)
	at org.testng.internal.TestMethodWorker.run(TestMethodWorker.java:109)
	at org.testng.TestRunner.runWorkers(TestRunner.java:1147)
	at org.testng.TestRunner.privateRun(TestRunner.java:749)
	at org.testng.TestRunner.run(TestRunner.java:600)
	at org.testng.SuiteRunner.runTest(SuiteRunner.java:317)
	at org.testng.SuiteRunner.access$000(SuiteRunner.java:34)
	at org.testng.SuiteRunner$SuiteWorker.run(SuiteRunner.java:351)
	at org.testng.internal.thread.ThreadUtil$CountDownLatchedRunnable.run(ThreadUtil.java:147)
	at java.util.concurrent.ThreadPoolExecutor$Worker.runTask(ThreadPoolExecutor.java:886)
	at java.util.concurrent.ThreadPoolExecutor$Worker.run(ThreadPoolExecutor.java:908)
	at java.lang.Thread.run(Thread.java:680)
	at org.jclouds.concurrent.config.ExecutorServiceModule$DescribingExecutorService.submit(ExecutorServiceModule.java:182)
	at org.jclouds.http.internal.BaseHttpCommandExecutorService.submit(BaseHttpCommandExecutorService.java:131)
	at org.jclouds.http.TransformingHttpCommandExecutorServiceImpl.submit(TransformingHttpCommandExecutorServiceImpl.java:54)
	at org.jclouds.http.TransformingHttpCommandImpl.execute(TransformingHttpCommandImpl.java:72)
	at org.jclouds.rest.internal.AsyncRestClientProxy.createListenableFuture(AsyncRestClientProxy.java:156)
	at org.jclouds.rest.internal.AsyncRestClientProxy.invoke(AsyncRestClientProxy.java:126)
	at $Proxy67.putObjectACL(Unknown Source)
	at sun.reflect.NativeMethodAccessorImpl.invoke0(Native Method)
	at sun.reflect.NativeMethodAccessorImpl.invoke(NativeMethodAccessorImpl.java:39)
	at sun.reflect.DelegatingMethodAccessorImpl.invoke(DelegatingMethodAccessorImpl.java:25)
	at java.lang.reflect.Method.invoke(Method.java:597)
	at org.jclouds.concurrent.internal.SyncProxy.invoke(SyncProxy.java:140)
	at $Proxy68.putObjectACL(Unknown Source)
	at org.jclouds.s3.S3ClientLiveTest.testUpdateObjectACL(S3ClientLiveTest.java:189)
	at sun.reflect.NativeMethodAccessorImpl.invoke0(Native Method)
	at sun.reflect.NativeMethodAccessorImpl.invoke(NativeMethodAccessorImpl.java:39)
	at sun.reflect.DelegatingMethodAccessorImpl.invoke(DelegatingMethodAccessorImpl.java:25)
	at java.lang.reflect.Method.invoke(Method.java:597)
	at org.testng.internal.MethodInvocationHelper.invokeMethod(MethodInvocationHelper.java:76)
	at org.testng.internal.Invoker.invokeMethod(Invoker.java:673)
	at org.testng.internal.Invoker.invokeTestMethod(Invoker.java:846)
	at org.testng.internal.Invoker.invokeTestMethods(Invoker.java:1170)
	at org.testng.internal.TestMethodWorker.invokeTestMethods(TestMethodWorker.java:125)
	at org.testng.internal.TestMethodWorker.run(TestMethodWorker.java:109)
	at org.testng.TestRunner.runWorkers(TestRunner.java:1147)
	at org.testng.TestRunner.privateRun(TestRunner.java:749)
	at org.testng.TestRunner.run(TestRunner.java:600)
	at org.testng.SuiteRunner.runTest(SuiteRunner.java:317)
	at org.testng.SuiteRunner.access$000(SuiteRunner.java:34)
	at org.testng.SuiteRunner$SuiteWorker.run(SuiteRunner.java:351)
	at org.testng.internal.thread.ThreadUtil$CountDownLatchedRunnable.run(ThreadUtil.java:147)
	at java.util.concurrent.ThreadPoolExecutor$Worker.runTask(ThreadPoolExecutor.java:886)
	at java.util.concurrent.ThreadPoolExecutor$Worker.run(ThreadPoolExecutor.java:908)
	at java.lang.Thread.run(Thread.java:680)

testListContainerMarker(org.jclouds.epc.blobstore.EucalyptusPartnerCloudWalrusContainerIntegrationLiveTest)  Time elapsed: 5.303 sec  <<< FAILURE!
java.lang.AssertionError: size should have been 25, but was 5: [[type=BLOB, id=null, name=x, location=null, uri=http://partnercloud.eucalyptus.com:8773/services/Walrus/adriancole-blobstore5/x, userMetadata={}], [type=BLOB, id=null, name=y, location=null, uri=http://partnercloud.eucalyptus.com:8773/services/Walrus/adriancole-blobstore5/y, userMetadata={}], [type=BLOB, id=null, name=v, location=null, uri=http://partnercloud.eucalyptus.com:8773/services/Walrus/adriancole-blobstore5/v, userMetadata={}], [type=BLOB, id=null, name=w, location=null, uri=http://partnercloud.eucalyptus.com:8773/services/Walrus/adriancole-blobstore5/w, userMetadata={}], [type=BLOB, id=null, name=z, location=null, uri=http://partnercloud.eucalyptus.com:8773/services/Walrus/adriancole-blobstore5/z, userMetadata={}]]
	at org.jclouds.blobstore.integration.internal.BaseContainerIntegrationTest.testListContainerMarker(BaseContainerIntegrationTest.java:130)
	at sun.reflect.NativeMethodAccessorImpl.invoke0(Native Method)
	at sun.reflect.NativeMethodAccessorImpl.invoke(NativeMethodAccessorImpl.java:39)
	at sun.reflect.DelegatingMethodAccessorImpl.invoke(DelegatingMethodAccessorImpl.java:25)
	at java.lang.reflect.Method.invoke(Method.java:597)
	at org.testng.internal.MethodInvocationHelper.invokeMethod(MethodInvocationHelper.java:76)
	at org.testng.internal.Invoker.invokeMethod(Invoker.java:673)
	at org.testng.internal.Invoker.invokeTestMethod(Invoker.java:846)
	at org.testng.internal.Invoker.invokeTestMethods(Invoker.java:1170)
	at org.testng.internal.TestMethodWorker.invokeTestMethods(TestMethodWorker.java:125)
	at org.testng.internal.TestMethodWorker.run(TestMethodWorker.java:109)
	at org.testng.TestRunner.runWorkers(TestRunner.java:1147)
	at org.testng.TestRunner.privateRun(TestRunner.java:749)
	at org.testng.TestRunner.run(TestRunner.java:600)
	at org.testng.SuiteRunner.runTest(SuiteRunner.java:317)
	at org.testng.SuiteRunner.access$000(SuiteRunner.java:34)
	at org.testng.SuiteRunner$SuiteWorker.run(SuiteRunner.java:351)
	at org.testng.internal.thread.ThreadUtil$CountDownLatchedRunnable.run(ThreadUtil.java:147)
	at java.util.concurrent.ThreadPoolExecutor$Worker.runTask(ThreadPoolExecutor.java:886)
	at java.util.concurrent.ThreadPoolExecutor$Worker.run(ThreadPoolExecutor.java:908)
	at java.lang.Thread.run(Thread.java:680)

testPutMoreThanSingleListing(org.jclouds.epc.blobstore.EucalyptusPartnerCloudWalrusBlobMapIntegrationLiveTest)  Time elapsed: 35.307 sec  <<< FAILURE!
java.lang.AssertionError: expected:<101> but was:<100>
	at org.testng.Assert.fail(Assert.java:89)
	at org.testng.Assert.failNotEquals(Assert.java:480)
	at org.testng.Assert.assertEquals(Assert.java:118)
	at org.testng.Assert.assertEquals(Assert.java:365)
	at org.testng.Assert.assertEquals(Assert.java:375)
	at org.jclouds.blobstore.integration.internal.BaseMapIntegrationTest$12.run(BaseMapIntegrationTest.java:335)
	at org.jclouds.blobstore.integration.internal.BaseBlobStoreIntegrationTest.assertConsistencyAware(BaseBlobStoreIntegrationTest.java:217)
	at org.jclouds.blobstore.integration.internal.BaseBlobStoreIntegrationTest.assertConsistencyAware(BaseBlobStoreIntegrationTest.java:230)
	at org.jclouds.blobstore.integration.internal.BaseMapIntegrationTest.assertConsistencyAwareMapSize(BaseMapIntegrationTest.java:333)
	at org.jclouds.blobstore.integration.internal.BaseBlobMapIntegrationTest.testPutMoreThanSingleListing(BaseBlobMapIntegrationTest.java:242)
	at sun.reflect.NativeMethodAccessorImpl.invoke0(Native Method)
	at sun.reflect.NativeMethodAccessorImpl.invoke(NativeMethodAccessorImpl.java:39)
	at sun.reflect.DelegatingMethodAccessorImpl.invoke(DelegatingMethodAccessorImpl.java:25)
	at java.lang.reflect.Method.invoke(Method.java:597)
	at org.testng.internal.MethodInvocationHelper.invokeMethod(MethodInvocationHelper.java:76)
	at org.testng.internal.Invoker.invokeMethod(Invoker.java:673)
	at org.testng.internal.Invoker.invokeTestMethod(Invoker.java:846)
	at org.testng.internal.Invoker.invokeTestMethods(Invoker.java:1170)
	at org.testng.internal.TestMethodWorker.invokeTestMethods(TestMethodWorker.java:125)
	at org.testng.internal.TestMethodWorker.run(TestMethodWorker.java:109)
	at org.testng.TestRunner.runWorkers(TestRunner.java:1147)
	at org.testng.TestRunner.privateRun(TestRunner.java:749)
	at org.testng.TestRunner.run(TestRunner.java:600)
	at org.testng.SuiteRunner.runTest(SuiteRunner.java:317)
	at org.testng.SuiteRunner.access$000(SuiteRunner.java:34)
	at org.testng.SuiteRunner$SuiteWorker.run(SuiteRunner.java:351)
	at org.testng.internal.thread.ThreadUtil$CountDownLatchedRunnable.run(ThreadUtil.java:147)
	at java.util.concurrent.ThreadPoolExecutor$Worker.runTask(ThreadPoolExecutor.java:886)
	at java.util.concurrent.ThreadPoolExecutor$Worker.run(ThreadPoolExecutor.java:908)
	at java.lang.Thread.run(Thread.java:680)

testGetIfMatch(org.jclouds.epc.blobstore.EucalyptusPartnerCloudWalrusBlobIntegrationLiveTest)  Time elapsed: 2.016 sec  <<< FAILURE!
org.jclouds.aws.AWSResponseException: request GET http://partnercloud.eucalyptus.com:8773/services/Walrus/adriancole-blobstore5/apples HTTP/1.1 failed with code 412, error: AWSError{requestId='ae787052-ca29-4987-811b-54b1a6f63a95', requestToken='null', code='PreconditionFailed', message='At least one of the pre-conditions you specified did not hold.', context='{Resource=apples etag: 869a42369bf5850326cf30eed63e9b44}'}
	at org.jclouds.aws.handlers.ParseAWSErrorFromXmlContent.handleError(ParseAWSErrorFromXmlContent.java:74)
	at org.jclouds.http.handlers.DelegatingErrorHandler.handleError(DelegatingErrorHandler.java:69)
	at org.jclouds.http.internal.BaseHttpCommandExecutorService$HttpResponseCallable.shouldContinue(BaseHttpCommandExecutorService.java:200)
	at org.jclouds.http.internal.BaseHttpCommandExecutorService$HttpResponseCallable.call(BaseHttpCommandExecutorService.java:165)
	at org.jclouds.http.internal.BaseHttpCommandExecutorService$HttpResponseCallable.call(BaseHttpCommandExecutorService.java:134)
	at java.util.concurrent.FutureTask$Sync.innerRun(FutureTask.java:303)
	at java.util.concurrent.FutureTask.run(FutureTask.java:138)
	at java.util.concurrent.ThreadPoolExecutor$Worker.runTask(ThreadPoolExecutor.java:886)
	at java.util.concurrent.ThreadPoolExecutor$Worker.run(ThreadPoolExecutor.java:908)
	at java.lang.Thread.run(Thread.java:680)
	at org.jclouds.concurrent.config.ExecutorServiceModule$DescribingExecutorService.submit(ExecutorServiceModule.java:182)
	at org.jclouds.http.internal.BaseHttpCommandExecutorService.submit(BaseHttpCommandExecutorService.java:131)
	at org.jclouds.http.TransformingHttpCommandExecutorServiceImpl.submit(TransformingHttpCommandExecutorServiceImpl.java:54)
	at org.jclouds.http.TransformingHttpCommandImpl.execute(TransformingHttpCommandImpl.java:72)
	at org.jclouds.rest.internal.AsyncRestClientProxy.createListenableFuture(AsyncRestClientProxy.java:156)
	at org.jclouds.rest.internal.AsyncRestClientProxy.invoke(AsyncRestClientProxy.java:126)
	at $Proxy67.getObject(Unknown Source)
	at sun.reflect.GeneratedMethodAccessor15.invoke(Unknown Source)
	at sun.reflect.DelegatingMethodAccessorImpl.invoke(DelegatingMethodAccessorImpl.java:25)
	at java.lang.reflect.Method.invoke(Method.java:597)
	at org.jclouds.concurrent.internal.SyncProxy.invoke(SyncProxy.java:140)
	at $Proxy68.getObject(Unknown Source)
	at org.jclouds.s3.blobstore.S3BlobStore.getBlob(S3BlobStore.java:221)
	at org.jclouds.blobstore.integration.internal.BaseBlobIntegrationTest.testGetIfMatch(BaseBlobIntegrationTest.java:279)
	at sun.reflect.NativeMethodAccessorImpl.invoke0(Native Method)
	at sun.reflect.NativeMethodAccessorImpl.invoke(NativeMethodAccessorImpl.java:39)
	at sun.reflect.DelegatingMethodAccessorImpl.invoke(DelegatingMethodAccessorImpl.java:25)
	at java.lang.reflect.Method.invoke(Method.java:597)
	at org.testng.internal.MethodInvocationHelper.invokeMethod(MethodInvocationHelper.java:76)
	at org.testng.internal.Invoker.invokeMethod(Invoker.java:673)
	at org.testng.internal.Invoker.invokeTestMethod(Invoker.java:846)
	at org.testng.internal.Invoker.invokeTestMethods(Invoker.java:1170)
	at org.testng.internal.TestMethodWorker.invokeTestMethods(TestMethodWorker.java:125)
	at org.testng.internal.TestMethodWorker.run(TestMethodWorker.java:109)
	at org.testng.TestRunner.runWorkers(TestRunner.java:1147)
	at org.testng.TestRunner.privateRun(TestRunner.java:749)
	at org.testng.TestRunner.run(TestRunner.java:600)
	at org.testng.SuiteRunner.runTest(SuiteRunner.java:317)
	at org.testng.SuiteRunner.access$000(SuiteRunner.java:34)
	at org.testng.SuiteRunner$SuiteWorker.run(SuiteRunner.java:351)
	at org.testng.internal.thread.ThreadUtil$CountDownLatchedRunnable.run(ThreadUtil.java:147)
	at java.util.concurrent.ThreadPoolExecutor$Worker.runTask(ThreadPoolExecutor.java:886)
	at java.util.concurrent.ThreadPoolExecutor$Worker.run(ThreadPoolExecutor.java:908)
	at java.lang.Thread.run(Thread.java:680)
	at org.jclouds.concurrent.config.ExecutorServiceModule$DescribingExecutorService.submit(ExecutorServiceModule.java:182)
	at org.jclouds.http.internal.BaseHttpCommandExecutorService.submit(BaseHttpCommandExecutorService.java:131)
	at org.jclouds.http.TransformingHttpCommandExecutorServiceImpl.submit(TransformingHttpCommandExecutorServiceImpl.java:54)
	at org.jclouds.http.TransformingHttpCommandImpl.execute(TransformingHttpCommandImpl.java:72)
	at org.jclouds.rest.internal.AsyncRestClientProxy.createListenableFuture(AsyncRestClientProxy.java:156)
	at org.jclouds.rest.internal.AsyncRestClientProxy.invoke(AsyncRestClientProxy.java:126)
	at $Proxy67.getObject(Unknown Source)
	at sun.reflect.GeneratedMethodAccessor15.invoke(Unknown Source)
	at sun.reflect.DelegatingMethodAccessorImpl.invoke(DelegatingMethodAccessorImpl.java:25)
	at java.lang.reflect.Method.invoke(Method.java:597)
	at org.jclouds.concurrent.internal.SyncProxy.invoke(SyncProxy.java:140)
	at $Proxy68.getObject(Unknown Source)
	at org.jclouds.s3.blobstore.S3BlobStore.getBlob(S3BlobStore.java:221)
	at org.jclouds.blobstore.integration.internal.BaseBlobIntegrationTest.testGetIfMatch(BaseBlobIntegrationTest.java:279)
	at sun.reflect.NativeMethodAccessorImpl.invoke0(Native Method)
	at sun.reflect.NativeMethodAccessorImpl.invoke(NativeMethodAccessorImpl.java:39)
	at sun.reflect.DelegatingMethodAccessorImpl.invoke(DelegatingMethodAccessorImpl.java:25)
	at java.lang.reflect.Method.invoke(Method.java:597)
	at org.testng.internal.MethodInvocationHelper.invokeMethod(MethodInvocationHelper.java:76)
	at org.testng.internal.Invoker.invokeMethod(Invoker.java:673)
	at org.testng.internal.Invoker.invokeTestMethod(Invoker.java:846)
	at org.testng.internal.Invoker.invokeTestMethods(Invoker.java:1170)
	at org.testng.internal.TestMethodWorker.invokeTestMethods(TestMethodWorker.java:125)
	at org.testng.internal.TestMethodWorker.run(TestMethodWorker.java:109)
	at org.testng.TestRunner.runWorkers(TestRunner.java:1147)
	at org.testng.TestRunner.privateRun(TestRunner.java:749)
	at org.testng.TestRunner.run(TestRunner.java:600)
	at org.testng.SuiteRunner.runTest(SuiteRunner.java:317)
	at org.testng.SuiteRunner.access$000(SuiteRunner.java:34)
	at org.testng.SuiteRunner$SuiteWorker.run(SuiteRunner.java:351)
	at org.testng.internal.thread.ThreadUtil$CountDownLatchedRunnable.run(ThreadUtil.java:147)
	at java.util.concurrent.ThreadPoolExecutor$Worker.runTask(ThreadPoolExecutor.java:886)
	at java.util.concurrent.ThreadPoolExecutor$Worker.run(ThreadPoolExecutor.java:908)
	at java.lang.Thread.run(Thread.java:680)
	at org.jclouds.concurrent.config.ExecutorServiceModule$DescribingExecutorService.submit(ExecutorServiceModule.java:182)
	at org.jclouds.http.internal.BaseHttpCommandExecutorService.submit(BaseHttpCommandExecutorService.java:131)
	at org.jclouds.http.TransformingHttpCommandExecutorServiceImpl.submit(TransformingHttpCommandExecutorServiceImpl.java:54)
	at org.jclouds.http.TransformingHttpCommandImpl.execute(TransformingHttpCommandImpl.java:72)
	at org.jclouds.rest.internal.AsyncRestClientProxy.createListenableFuture(AsyncRestClientProxy.java:156)
	at org.jclouds.rest.internal.AsyncRestClientProxy.invoke(AsyncRestClientProxy.java:126)
	at $Proxy67.getObject(Unknown Source)
	at sun.reflect.GeneratedMethodAccessor15.invoke(Unknown Source)
	at sun.reflect.DelegatingMethodAccessorImpl.invoke(DelegatingMethodAccessorImpl.java:25)
	at java.lang.reflect.Method.invoke(Method.java:597)
	at org.jclouds.concurrent.internal.SyncProxy.invoke(SyncProxy.java:140)
	at $Proxy68.getObject(Unknown Source)
	at org.jclouds.s3.blobstore.S3BlobStore.getBlob(S3BlobStore.java:221)
	at org.jclouds.blobstore.integration.internal.BaseBlobIntegrationTest.testGetIfMatch(BaseBlobIntegrationTest.java:279)
	at sun.reflect.NativeMethodAccessorImpl.invoke0(Native Method)
	at sun.reflect.NativeMethodAccessorImpl.invoke(NativeMethodAccessorImpl.java:39)
	at sun.reflect.DelegatingMethodAccessorImpl.invoke(DelegatingMethodAccessorImpl.java:25)
	at java.lang.reflect.Method.invoke(Method.java:597)
	at org.testng.internal.MethodInvocationHelper.invokeMethod(MethodInvocationHelper.java:76)
	at org.testng.internal.Invoker.invokeMethod(Invoker.java:673)
	at org.testng.internal.Invoker.invokeTestMethod(Invoker.java:846)
	at org.testng.internal.Invoker.invokeTestMethods(Invoker.java:1170)
	at org.testng.internal.TestMethodWorker.invokeTestMethods(TestMethodWorker.java:125)
	at org.testng.internal.TestMethodWorker.run(TestMethodWorker.java:109)
	at org.testng.TestRunner.runWorkers(TestRunner.java:1147)
	at org.testng.TestRunner.privateRun(TestRunner.java:749)
	at org.testng.TestRunner.run(TestRunner.java:600)
	at org.testng.SuiteRunner.runTest(SuiteRunner.java:317)
	at org.testng.SuiteRunner.access$000(SuiteRunner.java:34)
	at org.testng.SuiteRunner$SuiteWorker.run(SuiteRunner.java:351)
	at org.testng.internal.thread.ThreadUtil$CountDownLatchedRunnable.run(ThreadUtil.java:147)
	at java.util.concurrent.ThreadPoolExecutor$Worker.runTask(ThreadPoolExecutor.java:886)
	at java.util.concurrent.ThreadPoolExecutor$Worker.run(ThreadPoolExecutor.java:908)
	at java.lang.Thread.run(Thread.java:680)

