[INFO] Scanning for projects...
[WARNING] 
[WARNING] Some problems were encountered while building the effective model for org.jclouds.provider:cloudservers-us:bundle:1.4.0-SNAPSHOT
[WARNING] 'parent.relativePath' of POM org.jclouds:jclouds-project:1.4.0-SNAPSHOT (/Users/adriancole/workspace/git/1.4.x/jclouds/project/pom.xml) points at org.jclouds:jclouds-multi instead of org.sonatype.oss:oss-parent, please verify your project structure @ org.jclouds:jclouds-project:1.4.0-SNAPSHOT, /Users/adriancole/workspace/git/1.4.x/jclouds/project/pom.xml, line 24, column 13
[WARNING] 
[WARNING] It is highly recommended to fix these problems because they threaten the stability of your build.
[WARNING] 
[WARNING] For this reason, future Maven versions might no longer support building such malformed projects.
[WARNING] 
[INFO]                                                                         
[INFO] ------------------------------------------------------------------------
[INFO] Building jclouds CloudServers US provider 1.4.0-SNAPSHOT
[INFO] ------------------------------------------------------------------------
[INFO] 
[INFO] --- maven-clean-plugin:2.4.1:clean (default-clean) @ cloudservers-us ---
[INFO] Deleting /Users/adriancole/workspace/git/1.4.x/jclouds/providers/cloudservers-us/target
[INFO] 
[INFO] --- maven-enforcer-plugin:1.0.1:enforce (enforce-maven) @ cloudservers-us ---
[INFO] 
[INFO] --- maven-enforcer-plugin:1.0.1:enforce (enforce-banned-dependencies) @ cloudservers-us ---
[INFO] 
[INFO] --- maven-enforcer-plugin:1.0.1:enforce (enforce-java) @ cloudservers-us ---
[INFO] 
[INFO] --- maven-remote-resources-plugin:1.2:process (process-remote-resources) @ cloudservers-us ---
[INFO] Setting property: classpath.resource.loader.class => 'org.codehaus.plexus.velocity.ContextClassLoaderResourceLoader'.
[INFO] Setting property: velocimacro.messages.on => 'false'.
[INFO] Setting property: resource.loader => 'classpath'.
[INFO] Setting property: resource.manager.logwhenfound => 'false'.
[INFO] 
[INFO] --- maven-resources-plugin:2.4.2:resources (default-resources) @ cloudservers-us ---
[INFO] Using 'UTF-8' encoding to copy filtered resources.
[INFO] skip non existing resourceDirectory /Users/adriancole/workspace/git/1.4.x/jclouds/providers/cloudservers-us/src/main/clojure
[INFO] Copying 1 resource
[INFO] Copying 2 resources
[INFO] 
[INFO] --- maven-compiler-plugin:2.3:compile (default-compile) @ cloudservers-us ---
[INFO] Compiling 2 source files to /Users/adriancole/workspace/git/1.4.x/jclouds/providers/cloudservers-us/target/classes
[INFO] 
[INFO] --- maven-resources-plugin:2.4.2:testResources (default-testResources) @ cloudservers-us ---
[INFO] Using 'UTF-8' encoding to copy filtered resources.
[INFO] skip non existing resourceDirectory /Users/adriancole/workspace/git/1.4.x/jclouds/providers/cloudservers-us/src/test/clojure
[INFO] skip non existing resourceDirectory /Users/adriancole/workspace/git/1.4.x/jclouds/providers/cloudservers-us/src/test/resources
[INFO] Copying 2 resources
[INFO] 
[INFO] --- maven-compiler-plugin:2.3:testCompile (default-testCompile) @ cloudservers-us ---
[INFO] Compiling 4 source files to /Users/adriancole/workspace/git/1.4.x/jclouds/providers/cloudservers-us/target/test-classes
[INFO] 
[INFO] --- maven-surefire-plugin:2.10:test (default-test) @ cloudservers-us ---
[INFO] Surefire report directory: /Users/adriancole/workspace/git/1.4.x/jclouds/providers/cloudservers-us/target/surefire-reports
[INFO] Using configured provider org.apache.maven.surefire.testng.TestNGProvider

-------------------------------------------------------
 T E S T S
-------------------------------------------------------
Running org.jclouds.rackspace.cloudservers.CloudServersUSProviderTest
Starting test testAllContains(org.jclouds.rackspace.cloudservers.CloudServersUSProviderTest)
Starting test testOfTypeContains(org.jclouds.rackspace.cloudservers.CloudServersUSProviderTest)
Starting test testWithId(org.jclouds.rackspace.cloudservers.CloudServersUSProviderTest)
Starting test testInRestProperties(org.jclouds.rackspace.cloudservers.CloudServersUSProviderTest)
[pool-2-thread-3] Test testOfTypeContains(org.jclouds.rackspace.cloudservers.CloudServersUSProviderTest) succeeded: 181ms
Test suite progress: tests succeeded: 1, failed: 0, skipped: 0.
[pool-2-thread-4] Test testWithId(org.jclouds.rackspace.cloudservers.CloudServersUSProviderTest) succeeded: 182ms
Test suite progress: tests succeeded: 2, failed: 0, skipped: 0.
[pool-2-thread-1] Test testAllContains(org.jclouds.rackspace.cloudservers.CloudServersUSProviderTest) succeeded: 187ms
Test suite progress: tests succeeded: 3, failed: 0, skipped: 0.
[pool-2-thread-2] Test testInRestProperties(org.jclouds.rackspace.cloudservers.CloudServersUSProviderTest) succeeded: 179ms
Test suite progress: tests succeeded: 4, failed: 0, skipped: 0.
Tests run: 4, Failures: 0, Errors: 0, Skipped: 0, Time elapsed: 2.739 sec

Results :

Tests run: 4, Failures: 0, Errors: 0, Skipped: 0

[INFO] 
[INFO] --- clojure-maven-plugin:1.3.8:test (test-clojure) @ cloudservers-us ---

Testing com.theoryinpractise.clojure.testrunner

Ran 0 tests containing 0 assertions.
0 failures, 0 errors.
[INFO] 
[INFO] --- maven-bundle-plugin:2.3.4:bundle (default-bundle) @ cloudservers-us ---
[INFO] 
[INFO] --- maven-source-plugin:2.1.1:jar-no-fork (attach-sources) @ cloudservers-us ---
[INFO] Building jar: /Users/adriancole/workspace/git/1.4.x/jclouds/providers/cloudservers-us/target/cloudservers-us-1.4.0-SNAPSHOT-sources.jar
[INFO] 
[INFO] --- maven-javadoc-plugin:2.8:jar (javadoc) @ cloudservers-us ---
[INFO] Skipping javadoc generation
[INFO] 
[INFO] --- maven-jar-plugin:2.3.1:test-jar (default) @ cloudservers-us ---
[INFO] Building jar: /Users/adriancole/workspace/git/1.4.x/jclouds/providers/cloudservers-us/target/cloudservers-us-1.4.0-SNAPSHOT-tests.jar
[INFO] 
[INFO] --- maven-surefire-plugin:2.10:test (integration) @ cloudservers-us ---
[INFO] Surefire report directory: /Users/adriancole/workspace/git/1.4.x/jclouds/providers/cloudservers-us/target/surefire-reports
[INFO] Using configured provider org.apache.maven.surefire.testng.TestNGProvider

-------------------------------------------------------
 T E S T S
-------------------------------------------------------
Running TestSuite
Starting test testCompareSizes(org.jclouds.rackspace.cloudservers.compute.CloudServersUSTemplateBuilderLiveTest)
smallest [id=1, providerId=1, name=256 server, processors=[[cores=1.0, speed=1.0]], ram=256, volumes=[[id=null, type=LOCAL, size=10.0, device=null, durable=true, isBootDevice=true]], hypervisor=xen, supportsImage=ALWAYS_TRUE, tags=[]]
fastest [id=8, providerId=8, name=30GB server, processors=[[cores=120.0, speed=1.0]], ram=30720, volumes=[[id=null, type=LOCAL, size=1200.0, device=null, durable=true, isBootDevice=true]], hypervisor=xen, supportsImage=ALWAYS_TRUE, tags=[]]
biggest [id=8, providerId=8, name=30GB server, processors=[[cores=120.0, speed=1.0]], ram=30720, volumes=[[id=null, type=LOCAL, size=1200.0, device=null, durable=true, isBootDevice=true]], hypervisor=xen, supportsImage=ALWAYS_TRUE, tags=[]]
[TestNG] Test testCompareSizes(org.jclouds.rackspace.cloudservers.compute.CloudServersUSTemplateBuilderLiveTest) succeeded: 4146ms
Test suite progress: tests succeeded: 1, failed: 0, skipped: 0.
Starting test testDefaultTemplateBuilder(org.jclouds.rackspace.cloudservers.compute.CloudServersUSTemplateBuilderLiveTest)
[TestNG] Test testDefaultTemplateBuilder(org.jclouds.rackspace.cloudservers.compute.CloudServersUSTemplateBuilderLiveTest) succeeded: 2ms
Test suite progress: tests succeeded: 2, failed: 0, skipped: 0.
Starting test testFromTemplate(org.jclouds.rackspace.cloudservers.compute.CloudServersUSTemplateBuilderLiveTest)
[TestNG] Test testFromTemplate(org.jclouds.rackspace.cloudservers.compute.CloudServersUSTemplateBuilderLiveTest) succeeded: 41ms
Test suite progress: tests succeeded: 3, failed: 0, skipped: 0.
Starting test testGetAssignableLocations(org.jclouds.rackspace.cloudservers.compute.CloudServersUSTemplateBuilderLiveTest)
location [id=cloudservers-us, scope=PROVIDER, description=https://auth.api.rackspacecloud.com, parent=null, iso3166Codes=[US-IL, US-TX], metadata={}]
[TestNG] Test testGetAssignableLocations(org.jclouds.rackspace.cloudservers.compute.CloudServersUSTemplateBuilderLiveTest) succeeded: 2ms
Test suite progress: tests succeeded: 4, failed: 0, skipped: 0.
Starting test testTemplateBuilderCanFind(org.jclouds.rackspace.cloudservers.compute.CloudServersUSTemplateBuilderLiveTest)
[TestNG] Test testTemplateBuilderCanFind(org.jclouds.rackspace.cloudservers.compute.CloudServersUSTemplateBuilderLiveTest) succeeded: 2ms
Test suite progress: tests succeeded: 5, failed: 0, skipped: 0.
Starting test testTemplateBuilderCanFind(org.jclouds.rackspace.cloudservers.compute.CloudServersUSTemplateBuilderLiveTest)
[TestNG] Test testTemplateBuilderCanFind(org.jclouds.rackspace.cloudservers.compute.CloudServersUSTemplateBuilderLiveTest) succeeded: 1ms
Test suite progress: tests succeeded: 6, failed: 0, skipped: 0.
Starting test testTemplateBuilderCanFind(org.jclouds.rackspace.cloudservers.compute.CloudServersUSTemplateBuilderLiveTest)
[TestNG] Test testTemplateBuilderCanFind(org.jclouds.rackspace.cloudservers.compute.CloudServersUSTemplateBuilderLiveTest) succeeded: 18ms
Test suite progress: tests succeeded: 7, failed: 0, skipped: 0.
Starting test testTemplateBuilderCanFind(org.jclouds.rackspace.cloudservers.compute.CloudServersUSTemplateBuilderLiveTest)
[TestNG] Test testTemplateBuilderCanFind(org.jclouds.rackspace.cloudservers.compute.CloudServersUSTemplateBuilderLiveTest) succeeded: 3ms
Test suite progress: tests succeeded: 8, failed: 0, skipped: 0.
Starting test testTemplateBuilderCanFind(org.jclouds.rackspace.cloudservers.compute.CloudServersUSTemplateBuilderLiveTest)
[TestNG] Test testTemplateBuilderCanFind(org.jclouds.rackspace.cloudservers.compute.CloudServersUSTemplateBuilderLiveTest) succeeded: 2ms
Test suite progress: tests succeeded: 9, failed: 0, skipped: 0.
Starting test testTemplateBuilderCanFind(org.jclouds.rackspace.cloudservers.compute.CloudServersUSTemplateBuilderLiveTest)
[TestNG] Test testTemplateBuilderCanFind(org.jclouds.rackspace.cloudservers.compute.CloudServersUSTemplateBuilderLiveTest) succeeded: 11ms
Test suite progress: tests succeeded: 10, failed: 0, skipped: 0.
Starting test testTemplateBuilderCanFind(org.jclouds.rackspace.cloudservers.compute.CloudServersUSTemplateBuilderLiveTest)
[TestNG] Test testTemplateBuilderCanFind(org.jclouds.rackspace.cloudservers.compute.CloudServersUSTemplateBuilderLiveTest) succeeded: 1ms
Test suite progress: tests succeeded: 11, failed: 0, skipped: 0.
Starting test testTemplateBuilderCanFind(org.jclouds.rackspace.cloudservers.compute.CloudServersUSTemplateBuilderLiveTest)
[TestNG] Test testTemplateBuilderCanFind(org.jclouds.rackspace.cloudservers.compute.CloudServersUSTemplateBuilderLiveTest) succeeded: 1ms
Test suite progress: tests succeeded: 12, failed: 0, skipped: 0.
Starting test testTemplateBuilderCanFind(org.jclouds.rackspace.cloudservers.compute.CloudServersUSTemplateBuilderLiveTest)
[TestNG] Test testTemplateBuilderCanFind(org.jclouds.rackspace.cloudservers.compute.CloudServersUSTemplateBuilderLiveTest) succeeded: 2ms
Test suite progress: tests succeeded: 13, failed: 0, skipped: 0.
Starting test testTemplateBuilderCanFind(org.jclouds.rackspace.cloudservers.compute.CloudServersUSTemplateBuilderLiveTest)
[TestNG] Test testTemplateBuilderCanFind(org.jclouds.rackspace.cloudservers.compute.CloudServersUSTemplateBuilderLiveTest) succeeded: 1ms
Test suite progress: tests succeeded: 14, failed: 0, skipped: 0.
Starting test testTemplateBuilderCanFind(org.jclouds.rackspace.cloudservers.compute.CloudServersUSTemplateBuilderLiveTest)
[TestNG] Test testTemplateBuilderCanFind(org.jclouds.rackspace.cloudservers.compute.CloudServersUSTemplateBuilderLiveTest) succeeded: 1ms
Test suite progress: tests succeeded: 15, failed: 0, skipped: 0.
Starting test testTemplateBuilderCanFind(org.jclouds.rackspace.cloudservers.compute.CloudServersUSTemplateBuilderLiveTest)
[TestNG] Test testTemplateBuilderCanFind(org.jclouds.rackspace.cloudservers.compute.CloudServersUSTemplateBuilderLiveTest) succeeded: 2ms
Test suite progress: tests succeeded: 16, failed: 0, skipped: 0.
Starting test testTemplateBuilderCanFind(org.jclouds.rackspace.cloudservers.compute.CloudServersUSTemplateBuilderLiveTest)
[TestNG] Test testTemplateBuilderCanFind(org.jclouds.rackspace.cloudservers.compute.CloudServersUSTemplateBuilderLiveTest) succeeded: 4ms
Test suite progress: tests succeeded: 17, failed: 0, skipped: 0.
Starting test testTemplateBuilderCanFind(org.jclouds.rackspace.cloudservers.compute.CloudServersUSTemplateBuilderLiveTest)
[TestNG] Test testTemplateBuilderCanFind(org.jclouds.rackspace.cloudservers.compute.CloudServersUSTemplateBuilderLiveTest) succeeded: 3ms
Test suite progress: tests succeeded: 18, failed: 0, skipped: 0.
Starting test testTemplateBuilderCanUseImageId(org.jclouds.rackspace.cloudservers.compute.CloudServersUSTemplateBuilderLiveTest)
[TestNG] Test testTemplateBuilderCanUseImageId(org.jclouds.rackspace.cloudservers.compute.CloudServersUSTemplateBuilderLiveTest) succeeded: 1830ms
Test suite progress: tests succeeded: 19, failed: 0, skipped: 0.
Starting test testTemplateBuilderCannotFind(org.jclouds.rackspace.cloudservers.compute.CloudServersUSTemplateBuilderLiveTest)
[TestNG] Test testTemplateBuilderCannotFind(org.jclouds.rackspace.cloudservers.compute.CloudServersUSTemplateBuilderLiveTest) succeeded: 4ms
Test suite progress: tests succeeded: 20, failed: 0, skipped: 0.
Starting test testTemplateBuilderCannotFind(org.jclouds.rackspace.cloudservers.compute.CloudServersUSTemplateBuilderLiveTest)
[TestNG] Test testTemplateBuilderCannotFind(org.jclouds.rackspace.cloudservers.compute.CloudServersUSTemplateBuilderLiveTest) succeeded: 4ms
Test suite progress: tests succeeded: 21, failed: 0, skipped: 0.
Starting test testTemplateBuilderCannotFind(org.jclouds.rackspace.cloudservers.compute.CloudServersUSTemplateBuilderLiveTest)
[TestNG] Test testTemplateBuilderCannotFind(org.jclouds.rackspace.cloudservers.compute.CloudServersUSTemplateBuilderLiveTest) succeeded: 0ms
Test suite progress: tests succeeded: 22, failed: 0, skipped: 0.
Starting test testTemplateBuilderCannotFind(org.jclouds.rackspace.cloudservers.compute.CloudServersUSTemplateBuilderLiveTest)
[TestNG] Test testTemplateBuilderCannotFind(org.jclouds.rackspace.cloudservers.compute.CloudServersUSTemplateBuilderLiveTest) succeeded: 31ms
Test suite progress: tests succeeded: 23, failed: 0, skipped: 0.
Starting test testTemplateBuilderCannotFind(org.jclouds.rackspace.cloudservers.compute.CloudServersUSTemplateBuilderLiveTest)
[TestNG] Test testTemplateBuilderCannotFind(org.jclouds.rackspace.cloudservers.compute.CloudServersUSTemplateBuilderLiveTest) succeeded: 22ms
Test suite progress: tests succeeded: 24, failed: 0, skipped: 0.
Starting test testTemplateBuilderCannotFind(org.jclouds.rackspace.cloudservers.compute.CloudServersUSTemplateBuilderLiveTest)
[TestNG] Test testTemplateBuilderCannotFind(org.jclouds.rackspace.cloudservers.compute.CloudServersUSTemplateBuilderLiveTest) succeeded: 1ms
Test suite progress: tests succeeded: 25, failed: 0, skipped: 0.
Starting test testTemplateBuilderCannotFind(org.jclouds.rackspace.cloudservers.compute.CloudServersUSTemplateBuilderLiveTest)
[TestNG] Test testTemplateBuilderCannotFind(org.jclouds.rackspace.cloudservers.compute.CloudServersUSTemplateBuilderLiveTest) succeeded: 1ms
Test suite progress: tests succeeded: 26, failed: 0, skipped: 0.
Starting test testTemplateBuilderCannotFind(org.jclouds.rackspace.cloudservers.compute.CloudServersUSTemplateBuilderLiveTest)
[TestNG] Test testTemplateBuilderCannotFind(org.jclouds.rackspace.cloudservers.compute.CloudServersUSTemplateBuilderLiveTest) succeeded: 1ms
Test suite progress: tests succeeded: 27, failed: 0, skipped: 0.
Starting test testTemplateBuilderCannotFind(org.jclouds.rackspace.cloudservers.compute.CloudServersUSTemplateBuilderLiveTest)
[TestNG] Test testTemplateBuilderCannotFind(org.jclouds.rackspace.cloudservers.compute.CloudServersUSTemplateBuilderLiveTest) succeeded: 1ms
Test suite progress: tests succeeded: 28, failed: 0, skipped: 0.
Starting test testTemplateBuilderCannotFind(org.jclouds.rackspace.cloudservers.compute.CloudServersUSTemplateBuilderLiveTest)
[TestNG] Test testTemplateBuilderCannotFind(org.jclouds.rackspace.cloudservers.compute.CloudServersUSTemplateBuilderLiveTest) succeeded: 1ms
Test suite progress: tests succeeded: 29, failed: 0, skipped: 0.
Starting test testTemplateBuilderCannotFind(org.jclouds.rackspace.cloudservers.compute.CloudServersUSTemplateBuilderLiveTest)
[TestNG] Test testTemplateBuilderCannotFind(org.jclouds.rackspace.cloudservers.compute.CloudServersUSTemplateBuilderLiveTest) succeeded: 2ms
Test suite progress: tests succeeded: 30, failed: 0, skipped: 0.
Starting test testTemplateBuilderCannotFind(org.jclouds.rackspace.cloudservers.compute.CloudServersUSTemplateBuilderLiveTest)
[TestNG] Test testTemplateBuilderCannotFind(org.jclouds.rackspace.cloudservers.compute.CloudServersUSTemplateBuilderLiveTest) succeeded: 1ms
Test suite progress: tests succeeded: 31, failed: 0, skipped: 0.
Starting test testTemplateBuilderCannotFind(org.jclouds.rackspace.cloudservers.compute.CloudServersUSTemplateBuilderLiveTest)
[TestNG] Test testTemplateBuilderCannotFind(org.jclouds.rackspace.cloudservers.compute.CloudServersUSTemplateBuilderLiveTest) succeeded: 2ms
Test suite progress: tests succeeded: 32, failed: 0, skipped: 0.
Starting test testTemplateBuilderCannotFind(org.jclouds.rackspace.cloudservers.compute.CloudServersUSTemplateBuilderLiveTest)
[TestNG] Test testTemplateBuilderCannotFind(org.jclouds.rackspace.cloudservers.compute.CloudServersUSTemplateBuilderLiveTest) succeeded: 1ms
Test suite progress: tests succeeded: 33, failed: 0, skipped: 0.
Starting test testTemplateBuilderCannotFind(org.jclouds.rackspace.cloudservers.compute.CloudServersUSTemplateBuilderLiveTest)
[TestNG] Test testTemplateBuilderCannotFind(org.jclouds.rackspace.cloudservers.compute.CloudServersUSTemplateBuilderLiveTest) succeeded: 1ms
Test suite progress: tests succeeded: 34, failed: 0, skipped: 0.
Starting test testTemplateBuilderCannotFind(org.jclouds.rackspace.cloudservers.compute.CloudServersUSTemplateBuilderLiveTest)
[TestNG] Test testTemplateBuilderCannotFind(org.jclouds.rackspace.cloudservers.compute.CloudServersUSTemplateBuilderLiveTest) succeeded: 2ms
Test suite progress: tests succeeded: 35, failed: 0, skipped: 0.
Starting test testTemplateBuilderCannotFind(org.jclouds.rackspace.cloudservers.compute.CloudServersUSTemplateBuilderLiveTest)
[TestNG] Test testTemplateBuilderCannotFind(org.jclouds.rackspace.cloudservers.compute.CloudServersUSTemplateBuilderLiveTest) succeeded: 2ms
Test suite progress: tests succeeded: 36, failed: 0, skipped: 0.
Starting test testTemplateBuilderCannotFind(org.jclouds.rackspace.cloudservers.compute.CloudServersUSTemplateBuilderLiveTest)
[TestNG] Test testTemplateBuilderCannotFind(org.jclouds.rackspace.cloudservers.compute.CloudServersUSTemplateBuilderLiveTest) succeeded: 1ms
Test suite progress: tests succeeded: 37, failed: 0, skipped: 0.
Starting test testTemplateBuilderCannotFind(org.jclouds.rackspace.cloudservers.compute.CloudServersUSTemplateBuilderLiveTest)
[TestNG] Test testTemplateBuilderCannotFind(org.jclouds.rackspace.cloudservers.compute.CloudServersUSTemplateBuilderLiveTest) succeeded: 2ms
Test suite progress: tests succeeded: 38, failed: 0, skipped: 0.
Starting test testTemplateBuilderCannotFind(org.jclouds.rackspace.cloudservers.compute.CloudServersUSTemplateBuilderLiveTest)
[TestNG] Test testTemplateBuilderCannotFind(org.jclouds.rackspace.cloudservers.compute.CloudServersUSTemplateBuilderLiveTest) succeeded: 2ms
Test suite progress: tests succeeded: 39, failed: 0, skipped: 0.
Starting test testTemplateBuilderCannotFind(org.jclouds.rackspace.cloudservers.compute.CloudServersUSTemplateBuilderLiveTest)
[TestNG] Test testTemplateBuilderCannotFind(org.jclouds.rackspace.cloudservers.compute.CloudServersUSTemplateBuilderLiveTest) succeeded: 14ms
Test suite progress: tests succeeded: 40, failed: 0, skipped: 0.
Starting test testTemplateBuilderCannotFind(org.jclouds.rackspace.cloudservers.compute.CloudServersUSTemplateBuilderLiveTest)
[TestNG] Test testTemplateBuilderCannotFind(org.jclouds.rackspace.cloudservers.compute.CloudServersUSTemplateBuilderLiveTest) succeeded: 2ms
Test suite progress: tests succeeded: 41, failed: 0, skipped: 0.
Starting test testTemplateBuilderCannotFind(org.jclouds.rackspace.cloudservers.compute.CloudServersUSTemplateBuilderLiveTest)
[TestNG] Test testTemplateBuilderCannotFind(org.jclouds.rackspace.cloudservers.compute.CloudServersUSTemplateBuilderLiveTest) succeeded: 1ms
Test suite progress: tests succeeded: 42, failed: 0, skipped: 0.
Starting test testTemplateBuilderCannotFind(org.jclouds.rackspace.cloudservers.compute.CloudServersUSTemplateBuilderLiveTest)
[TestNG] Test testTemplateBuilderCannotFind(org.jclouds.rackspace.cloudservers.compute.CloudServersUSTemplateBuilderLiveTest) succeeded: 1ms
Test suite progress: tests succeeded: 43, failed: 0, skipped: 0.
Starting test testTemplateBuilderCannotFind(org.jclouds.rackspace.cloudservers.compute.CloudServersUSTemplateBuilderLiveTest)
[TestNG] Test testTemplateBuilderCannotFind(org.jclouds.rackspace.cloudservers.compute.CloudServersUSTemplateBuilderLiveTest) succeeded: 1ms
Test suite progress: tests succeeded: 44, failed: 0, skipped: 0.
Starting test testTemplateBuilderCannotFind(org.jclouds.rackspace.cloudservers.compute.CloudServersUSTemplateBuilderLiveTest)
[TestNG] Test testTemplateBuilderCannotFind(org.jclouds.rackspace.cloudservers.compute.CloudServersUSTemplateBuilderLiveTest) succeeded: 1ms
Test suite progress: tests succeeded: 45, failed: 0, skipped: 0.
Starting test testTemplateBuilderCannotFind(org.jclouds.rackspace.cloudservers.compute.CloudServersUSTemplateBuilderLiveTest)
[TestNG] Test testTemplateBuilderCannotFind(org.jclouds.rackspace.cloudservers.compute.CloudServersUSTemplateBuilderLiveTest) succeeded: 3ms
Test suite progress: tests succeeded: 46, failed: 0, skipped: 0.
Starting test testTemplateBuilderCannotFind(org.jclouds.rackspace.cloudservers.compute.CloudServersUSTemplateBuilderLiveTest)
[TestNG] Test testTemplateBuilderCannotFind(org.jclouds.rackspace.cloudservers.compute.CloudServersUSTemplateBuilderLiveTest) succeeded: 2ms
Test suite progress: tests succeeded: 47, failed: 0, skipped: 0.
Starting test testTemplateBuilderCannotFind(org.jclouds.rackspace.cloudservers.compute.CloudServersUSTemplateBuilderLiveTest)
[TestNG] Test testTemplateBuilderCannotFind(org.jclouds.rackspace.cloudservers.compute.CloudServersUSTemplateBuilderLiveTest) succeeded: 1ms
Test suite progress: tests succeeded: 48, failed: 0, skipped: 0.
Starting test testTemplateBuilderCannotFind(org.jclouds.rackspace.cloudservers.compute.CloudServersUSTemplateBuilderLiveTest)
[TestNG] Test testTemplateBuilderCannotFind(org.jclouds.rackspace.cloudservers.compute.CloudServersUSTemplateBuilderLiveTest) succeeded: 4ms
Test suite progress: tests succeeded: 49, failed: 0, skipped: 0.
Starting test testTemplateBuilderCannotFind(org.jclouds.rackspace.cloudservers.compute.CloudServersUSTemplateBuilderLiveTest)
[TestNG] Test testTemplateBuilderCannotFind(org.jclouds.rackspace.cloudservers.compute.CloudServersUSTemplateBuilderLiveTest) succeeded: 7ms
Test suite progress: tests succeeded: 50, failed: 0, skipped: 0.
Starting test testTemplateBuilderCannotFind(org.jclouds.rackspace.cloudservers.compute.CloudServersUSTemplateBuilderLiveTest)
[TestNG] Test testTemplateBuilderCannotFind(org.jclouds.rackspace.cloudservers.compute.CloudServersUSTemplateBuilderLiveTest) succeeded: 1ms
Test suite progress: tests succeeded: 51, failed: 0, skipped: 0.
Starting test testTemplateBuilderCannotFind(org.jclouds.rackspace.cloudservers.compute.CloudServersUSTemplateBuilderLiveTest)
[TestNG] Test testTemplateBuilderCannotFind(org.jclouds.rackspace.cloudservers.compute.CloudServersUSTemplateBuilderLiveTest) succeeded: 0ms
Test suite progress: tests succeeded: 52, failed: 0, skipped: 0.
Starting test testTemplateBuilderCannotFind(org.jclouds.rackspace.cloudservers.compute.CloudServersUSTemplateBuilderLiveTest)
[TestNG] Test testTemplateBuilderCannotFind(org.jclouds.rackspace.cloudservers.compute.CloudServersUSTemplateBuilderLiveTest) succeeded: 0ms
Test suite progress: tests succeeded: 53, failed: 0, skipped: 0.
Starting test testTemplateBuilderCannotFind(org.jclouds.rackspace.cloudservers.compute.CloudServersUSTemplateBuilderLiveTest)
[TestNG] Test testTemplateBuilderCannotFind(org.jclouds.rackspace.cloudservers.compute.CloudServersUSTemplateBuilderLiveTest) succeeded: 1ms
Test suite progress: tests succeeded: 54, failed: 0, skipped: 0.
Starting test testTemplateBuilderCannotFind(org.jclouds.rackspace.cloudservers.compute.CloudServersUSTemplateBuilderLiveTest)
[TestNG] Test testTemplateBuilderCannotFind(org.jclouds.rackspace.cloudservers.compute.CloudServersUSTemplateBuilderLiveTest) succeeded: 1ms
Test suite progress: tests succeeded: 55, failed: 0, skipped: 0.
Starting test testTemplateBuilderCannotFind(org.jclouds.rackspace.cloudservers.compute.CloudServersUSTemplateBuilderLiveTest)
[TestNG] Test testTemplateBuilderCannotFind(org.jclouds.rackspace.cloudservers.compute.CloudServersUSTemplateBuilderLiveTest) succeeded: 1ms
Test suite progress: tests succeeded: 56, failed: 0, skipped: 0.
Starting test testTemplateBuilderCannotFind(org.jclouds.rackspace.cloudservers.compute.CloudServersUSTemplateBuilderLiveTest)
[TestNG] Test testTemplateBuilderCannotFind(org.jclouds.rackspace.cloudservers.compute.CloudServersUSTemplateBuilderLiveTest) succeeded: 1ms
Test suite progress: tests succeeded: 57, failed: 0, skipped: 0.
Starting test testTemplateBuilderCannotFind(org.jclouds.rackspace.cloudservers.compute.CloudServersUSTemplateBuilderLiveTest)
[TestNG] Test testTemplateBuilderCannotFind(org.jclouds.rackspace.cloudservers.compute.CloudServersUSTemplateBuilderLiveTest) succeeded: 0ms
Test suite progress: tests succeeded: 58, failed: 0, skipped: 0.
Starting test testTemplateBuilderCannotFind(org.jclouds.rackspace.cloudservers.compute.CloudServersUSTemplateBuilderLiveTest)
[TestNG] Test testTemplateBuilderCannotFind(org.jclouds.rackspace.cloudservers.compute.CloudServersUSTemplateBuilderLiveTest) succeeded: 2ms
Test suite progress: tests succeeded: 59, failed: 0, skipped: 0.
Starting test testTemplateBuilderCannotFind(org.jclouds.rackspace.cloudservers.compute.CloudServersUSTemplateBuilderLiveTest)
[TestNG] Test testTemplateBuilderCannotFind(org.jclouds.rackspace.cloudservers.compute.CloudServersUSTemplateBuilderLiveTest) succeeded: 1ms
Test suite progress: tests succeeded: 60, failed: 0, skipped: 0.
Starting test testTemplateBuilderCannotFind(org.jclouds.rackspace.cloudservers.compute.CloudServersUSTemplateBuilderLiveTest)
[TestNG] Test testTemplateBuilderCannotFind(org.jclouds.rackspace.cloudservers.compute.CloudServersUSTemplateBuilderLiveTest) succeeded: 0ms
Test suite progress: tests succeeded: 61, failed: 0, skipped: 0.
Starting test testTemplateBuilderCannotFind(org.jclouds.rackspace.cloudservers.compute.CloudServersUSTemplateBuilderLiveTest)
[TestNG] Test testTemplateBuilderCannotFind(org.jclouds.rackspace.cloudservers.compute.CloudServersUSTemplateBuilderLiveTest) succeeded: 1ms
Test suite progress: tests succeeded: 62, failed: 0, skipped: 0.
Starting test testTemplateBuilderCannotFind(org.jclouds.rackspace.cloudservers.compute.CloudServersUSTemplateBuilderLiveTest)
[TestNG] Test testTemplateBuilderCannotFind(org.jclouds.rackspace.cloudservers.compute.CloudServersUSTemplateBuilderLiveTest) succeeded: 1ms
Test suite progress: tests succeeded: 63, failed: 0, skipped: 0.
Starting test testTemplateBuilderCannotFind(org.jclouds.rackspace.cloudservers.compute.CloudServersUSTemplateBuilderLiveTest)
[TestNG] Test testTemplateBuilderCannotFind(org.jclouds.rackspace.cloudservers.compute.CloudServersUSTemplateBuilderLiveTest) succeeded: 0ms
Test suite progress: tests succeeded: 64, failed: 0, skipped: 0.
Starting test testTemplateBuilderCannotFind(org.jclouds.rackspace.cloudservers.compute.CloudServersUSTemplateBuilderLiveTest)
[TestNG] Test testTemplateBuilderCannotFind(org.jclouds.rackspace.cloudservers.compute.CloudServersUSTemplateBuilderLiveTest) succeeded: 1ms
Test suite progress: tests succeeded: 65, failed: 0, skipped: 0.
Starting test testTemplateBuilderCannotFind(org.jclouds.rackspace.cloudservers.compute.CloudServersUSTemplateBuilderLiveTest)
[TestNG] Test testTemplateBuilderCannotFind(org.jclouds.rackspace.cloudservers.compute.CloudServersUSTemplateBuilderLiveTest) succeeded: 1ms
Test suite progress: tests succeeded: 66, failed: 0, skipped: 0.
Starting test testTemplateBuilderCannotFind(org.jclouds.rackspace.cloudservers.compute.CloudServersUSTemplateBuilderLiveTest)
[TestNG] Test testTemplateBuilderCannotFind(org.jclouds.rackspace.cloudservers.compute.CloudServersUSTemplateBuilderLiveTest) succeeded: 0ms
Test suite progress: tests succeeded: 67, failed: 0, skipped: 0.
Starting test testTemplateBuilderCannotFind(org.jclouds.rackspace.cloudservers.compute.CloudServersUSTemplateBuilderLiveTest)
[TestNG] Test testTemplateBuilderCannotFind(org.jclouds.rackspace.cloudservers.compute.CloudServersUSTemplateBuilderLiveTest) succeeded: 1ms
Test suite progress: tests succeeded: 68, failed: 0, skipped: 0.
Starting test testTemplateBuilderCannotFind(org.jclouds.rackspace.cloudservers.compute.CloudServersUSTemplateBuilderLiveTest)
[TestNG] Test testTemplateBuilderCannotFind(org.jclouds.rackspace.cloudservers.compute.CloudServersUSTemplateBuilderLiveTest) succeeded: 0ms
Test suite progress: tests succeeded: 69, failed: 0, skipped: 0.
Starting test testTemplateBuilderCannotFind(org.jclouds.rackspace.cloudservers.compute.CloudServersUSTemplateBuilderLiveTest)
[TestNG] Test testTemplateBuilderCannotFind(org.jclouds.rackspace.cloudservers.compute.CloudServersUSTemplateBuilderLiveTest) succeeded: 0ms
Test suite progress: tests succeeded: 70, failed: 0, skipped: 0.
Starting test testTemplateBuilderCannotFind(org.jclouds.rackspace.cloudservers.compute.CloudServersUSTemplateBuilderLiveTest)
[TestNG] Test testTemplateBuilderCannotFind(org.jclouds.rackspace.cloudservers.compute.CloudServersUSTemplateBuilderLiveTest) succeeded: 1ms
Test suite progress: tests succeeded: 71, failed: 0, skipped: 0.
Starting test testTemplateBuilderCannotFind(org.jclouds.rackspace.cloudservers.compute.CloudServersUSTemplateBuilderLiveTest)
[TestNG] Test testTemplateBuilderCannotFind(org.jclouds.rackspace.cloudservers.compute.CloudServersUSTemplateBuilderLiveTest) succeeded: 0ms
Test suite progress: tests succeeded: 72, failed: 0, skipped: 0.
Starting test testTemplateBuilderCannotFind(org.jclouds.rackspace.cloudservers.compute.CloudServersUSTemplateBuilderLiveTest)
[TestNG] Test testTemplateBuilderCannotFind(org.jclouds.rackspace.cloudservers.compute.CloudServersUSTemplateBuilderLiveTest) succeeded: 1ms
Test suite progress: tests succeeded: 73, failed: 0, skipped: 0.
Starting test testTemplateBuilderCannotFind(org.jclouds.rackspace.cloudservers.compute.CloudServersUSTemplateBuilderLiveTest)
[TestNG] Test testTemplateBuilderCannotFind(org.jclouds.rackspace.cloudservers.compute.CloudServersUSTemplateBuilderLiveTest) succeeded: 1ms
Test suite progress: tests succeeded: 74, failed: 0, skipped: 0.
Starting test testTemplateBuilderCannotFind(org.jclouds.rackspace.cloudservers.compute.CloudServersUSTemplateBuilderLiveTest)
[TestNG] Test testTemplateBuilderCannotFind(org.jclouds.rackspace.cloudservers.compute.CloudServersUSTemplateBuilderLiveTest) succeeded: 0ms
Test suite progress: tests succeeded: 75, failed: 0, skipped: 0.
Starting test testTemplateBuilderCannotFind(org.jclouds.rackspace.cloudservers.compute.CloudServersUSTemplateBuilderLiveTest)
[TestNG] Test testTemplateBuilderCannotFind(org.jclouds.rackspace.cloudservers.compute.CloudServersUSTemplateBuilderLiveTest) succeeded: 0ms
Test suite progress: tests succeeded: 76, failed: 0, skipped: 0.
Starting test testTemplateBuilderCannotFind(org.jclouds.rackspace.cloudservers.compute.CloudServersUSTemplateBuilderLiveTest)
[TestNG] Test testTemplateBuilderCannotFind(org.jclouds.rackspace.cloudservers.compute.CloudServersUSTemplateBuilderLiveTest) succeeded: 0ms
Test suite progress: tests succeeded: 77, failed: 0, skipped: 0.
Starting test testTemplateBuilderCannotFind(org.jclouds.rackspace.cloudservers.compute.CloudServersUSTemplateBuilderLiveTest)
[TestNG] Test testTemplateBuilderCannotFind(org.jclouds.rackspace.cloudservers.compute.CloudServersUSTemplateBuilderLiveTest) succeeded: 0ms
Test suite progress: tests succeeded: 78, failed: 0, skipped: 0.
Starting test testTemplateBuilderCannotFind(org.jclouds.rackspace.cloudservers.compute.CloudServersUSTemplateBuilderLiveTest)
[TestNG] Test testTemplateBuilderCannotFind(org.jclouds.rackspace.cloudservers.compute.CloudServersUSTemplateBuilderLiveTest) succeeded: 1ms
Test suite progress: tests succeeded: 79, failed: 0, skipped: 0.
Starting test testTemplateBuilderCannotFind(org.jclouds.rackspace.cloudservers.compute.CloudServersUSTemplateBuilderLiveTest)
[TestNG] Test testTemplateBuilderCannotFind(org.jclouds.rackspace.cloudservers.compute.CloudServersUSTemplateBuilderLiveTest) succeeded: 1ms
Test suite progress: tests succeeded: 80, failed: 0, skipped: 0.
Starting test testTemplateBuilderCannotFind(org.jclouds.rackspace.cloudservers.compute.CloudServersUSTemplateBuilderLiveTest)
[TestNG] Test testTemplateBuilderCannotFind(org.jclouds.rackspace.cloudservers.compute.CloudServersUSTemplateBuilderLiveTest) succeeded: 1ms
Test suite progress: tests succeeded: 81, failed: 0, skipped: 0.
Starting test testTemplateBuilderCannotFind(org.jclouds.rackspace.cloudservers.compute.CloudServersUSTemplateBuilderLiveTest)
[TestNG] Test testTemplateBuilderCannotFind(org.jclouds.rackspace.cloudservers.compute.CloudServersUSTemplateBuilderLiveTest) succeeded: 1ms
Test suite progress: tests succeeded: 82, failed: 0, skipped: 0.
Starting test testTemplateBuilderCannotFind(org.jclouds.rackspace.cloudservers.compute.CloudServersUSTemplateBuilderLiveTest)
[TestNG] Test testTemplateBuilderCannotFind(org.jclouds.rackspace.cloudservers.compute.CloudServersUSTemplateBuilderLiveTest) succeeded: 1ms
Test suite progress: tests succeeded: 83, failed: 0, skipped: 0.
Starting test testTemplateBuilderCannotFind(org.jclouds.rackspace.cloudservers.compute.CloudServersUSTemplateBuilderLiveTest)
[TestNG] Test testTemplateBuilderCannotFind(org.jclouds.rackspace.cloudservers.compute.CloudServersUSTemplateBuilderLiveTest) succeeded: 0ms
Test suite progress: tests succeeded: 84, failed: 0, skipped: 0.
Starting test testTemplateBuilderCannotFind(org.jclouds.rackspace.cloudservers.compute.CloudServersUSTemplateBuilderLiveTest)
[TestNG] Test testTemplateBuilderCannotFind(org.jclouds.rackspace.cloudservers.compute.CloudServersUSTemplateBuilderLiveTest) succeeded: 1ms
Test suite progress: tests succeeded: 85, failed: 0, skipped: 0.
Starting test testTemplateBuilderCannotFind(org.jclouds.rackspace.cloudservers.compute.CloudServersUSTemplateBuilderLiveTest)
[TestNG] Test testTemplateBuilderCannotFind(org.jclouds.rackspace.cloudservers.compute.CloudServersUSTemplateBuilderLiveTest) succeeded: 3ms
Test suite progress: tests succeeded: 86, failed: 0, skipped: 0.
Starting test testTemplateBuilderCannotFind(org.jclouds.rackspace.cloudservers.compute.CloudServersUSTemplateBuilderLiveTest)
[TestNG] Test testTemplateBuilderCannotFind(org.jclouds.rackspace.cloudservers.compute.CloudServersUSTemplateBuilderLiveTest) succeeded: 2ms
Test suite progress: tests succeeded: 87, failed: 0, skipped: 0.
Starting test testTemplateBuilderCannotFind(org.jclouds.rackspace.cloudservers.compute.CloudServersUSTemplateBuilderLiveTest)
[TestNG] Test testTemplateBuilderCannotFind(org.jclouds.rackspace.cloudservers.compute.CloudServersUSTemplateBuilderLiveTest) succeeded: 1ms
Test suite progress: tests succeeded: 88, failed: 0, skipped: 0.
Starting test testTemplateBuilderCannotFind(org.jclouds.rackspace.cloudservers.compute.CloudServersUSTemplateBuilderLiveTest)
[TestNG] Test testTemplateBuilderCannotFind(org.jclouds.rackspace.cloudservers.compute.CloudServersUSTemplateBuilderLiveTest) succeeded: 0ms
Test suite progress: tests succeeded: 89, failed: 0, skipped: 0.
Starting test testTemplateBuilderWithImageIdSpecified(org.jclouds.rackspace.cloudservers.compute.CloudServersUSTemplateBuilderLiveTest)
[TestNG] Test testTemplateBuilderWithImageIdSpecified(org.jclouds.rackspace.cloudservers.compute.CloudServersUSTemplateBuilderLiveTest) succeeded: 3548ms
Test suite progress: tests succeeded: 90, failed: 0, skipped: 0.
Starting test testTemplateBuilderWithLoginUserSpecified(org.jclouds.rackspace.cloudservers.compute.CloudServersUSTemplateBuilderLiveTest)
[TestNG] Test testTemplateBuilderWithLoginUserSpecified(org.jclouds.rackspace.cloudservers.compute.CloudServersUSTemplateBuilderLiveTest) succeeded: 3219ms
Test suite progress: tests succeeded: 91, failed: 0, skipped: 0.
Starting test testTemplateBuilder(org.jclouds.rackspace.cloudservers.compute.CloudServersUSTemplateBuilderLiveTest)
[TestNG] Test testTemplateBuilder(org.jclouds.rackspace.cloudservers.compute.CloudServersUSTemplateBuilderLiveTest) succeeded: 4ms
Test suite progress: tests succeeded: 92, failed: 0, skipped: 0.
Starting test testCreateServer(org.jclouds.rackspace.cloudservers.CloudServersUSClientLiveTest)
blocking on status active
Server [addresses=Addresses [privateAddresses=[10.179.33.73], publicAddresses=[173.203.98.8]], adminPass=null, flavorId=1, hostId=12da34f2b71fc64e75b590acbab1a149, id=20675645, imageId=14362, metadata={jclouds=rackspace}, name=adriancole.cscreateserver-1647303424, sharedIpGroupId=null]
blocking on status active
Server [addresses=Addresses [privateAddresses=[10.179.33.73], publicAddresses=[173.203.98.8]], adminPass=null, flavorId=1, hostId=12da34f2b71fc64e75b590acbab1a149, id=20675645, imageId=14362, metadata={jclouds=rackspace}, name=adriancole.cscreateserver-1647303424, sharedIpGroupId=null]
blocking on status active
Server [addresses=Addresses [privateAddresses=[10.179.33.73], publicAddresses=[173.203.98.8]], adminPass=null, flavorId=1, hostId=12da34f2b71fc64e75b590acbab1a149, id=20675645, imageId=14362, metadata={jclouds=rackspace}, name=adriancole.cscreateserver-1647303424, sharedIpGroupId=null]
blocking on status active
Server [addresses=Addresses [privateAddresses=[10.179.33.73], publicAddresses=[173.203.98.8]], adminPass=null, flavorId=1, hostId=12da34f2b71fc64e75b590acbab1a149, id=20675645, imageId=14362, metadata={jclouds=rackspace}, name=adriancole.cscreateserver-1647303424, sharedIpGroupId=null]
blocking on status active
Server [addresses=Addresses [privateAddresses=[10.179.33.73], publicAddresses=[173.203.98.8]], adminPass=null, flavorId=1, hostId=12da34f2b71fc64e75b590acbab1a149, id=20675645, imageId=14362, metadata={jclouds=rackspace}, name=adriancole.cscreateserver-1647303424, sharedIpGroupId=null]
blocking on status active
Server [addresses=Addresses [privateAddresses=[10.179.33.73], publicAddresses=[173.203.98.8]], adminPass=null, flavorId=1, hostId=12da34f2b71fc64e75b590acbab1a149, id=20675645, imageId=14362, metadata={jclouds=rackspace}, name=adriancole.cscreateserver-1647303424, sharedIpGroupId=null]
blocking on status active
Server [addresses=Addresses [privateAddresses=[10.179.33.73], publicAddresses=[173.203.98.8]], adminPass=null, flavorId=1, hostId=12da34f2b71fc64e75b590acbab1a149, id=20675645, imageId=14362, metadata={jclouds=rackspace}, name=adriancole.cscreateserver-1647303424, sharedIpGroupId=null]
blocking on status active
Server [addresses=Addresses [privateAddresses=[10.179.33.73], publicAddresses=[173.203.98.8]], adminPass=null, flavorId=1, hostId=12da34f2b71fc64e75b590acbab1a149, id=20675645, imageId=14362, metadata={jclouds=rackspace}, name=adriancole.cscreateserver-1647303424, sharedIpGroupId=null]
[TestNG] Test testCreateServer(org.jclouds.rackspace.cloudservers.CloudServersUSClientLiveTest) succeeded: 59192ms
Test suite progress: tests succeeded: 93, failed: 0, skipped: 0.
Starting test testGetFlavorDetailsNotFound(org.jclouds.rackspace.cloudservers.CloudServersUSClientLiveTest)
[TestNG] Test testGetFlavorDetailsNotFound(org.jclouds.rackspace.cloudservers.CloudServersUSClientLiveTest) succeeded: 481ms
Test suite progress: tests succeeded: 94, failed: 0, skipped: 0.
Starting test testGetFlavorsDetail(org.jclouds.rackspace.cloudservers.CloudServersUSClientLiveTest)
[TestNG] Test testGetFlavorsDetail(org.jclouds.rackspace.cloudservers.CloudServersUSClientLiveTest) succeeded: 3531ms
Test suite progress: tests succeeded: 95, failed: 0, skipped: 0.
Starting test testGetImageDetailsNotFound(org.jclouds.rackspace.cloudservers.CloudServersUSClientLiveTest)
[TestNG] Test testGetImageDetailsNotFound(org.jclouds.rackspace.cloudservers.CloudServersUSClientLiveTest) succeeded: 388ms
Test suite progress: tests succeeded: 96, failed: 0, skipped: 0.
Starting test testGetImagesDetail(org.jclouds.rackspace.cloudservers.CloudServersUSClientLiveTest)
[TestNG] Test testGetImagesDetail(org.jclouds.rackspace.cloudservers.CloudServersUSClientLiveTest) succeeded: 9908ms
Test suite progress: tests succeeded: 97, failed: 0, skipped: 0.
Starting test testGetServerDetailsNotFound(org.jclouds.rackspace.cloudservers.CloudServersUSClientLiveTest)
[TestNG] Test testGetServerDetailsNotFound(org.jclouds.rackspace.cloudservers.CloudServersUSClientLiveTest) succeeded: 446ms
Test suite progress: tests succeeded: 98, failed: 0, skipped: 0.
Starting test testGetServersDetail(org.jclouds.rackspace.cloudservers.CloudServersUSClientLiveTest)
[TestNG] Test testGetServersDetail(org.jclouds.rackspace.cloudservers.CloudServersUSClientLiveTest) succeeded: 1797ms
Test suite progress: tests succeeded: 99, failed: 0, skipped: 0.
Starting test testGetSharedIpGroupDetailsNotFound(org.jclouds.rackspace.cloudservers.CloudServersUSClientLiveTest)
[TestNG] Test testGetSharedIpGroupDetailsNotFound(org.jclouds.rackspace.cloudservers.CloudServersUSClientLiveTest) succeeded: 353ms
Test suite progress: tests succeeded: 100, failed: 0, skipped: 0.
Starting test testGetSharedIpGroupsDetail(org.jclouds.rackspace.cloudservers.CloudServersUSClientLiveTest)
[TestNG] Test testGetSharedIpGroupsDetail(org.jclouds.rackspace.cloudservers.CloudServersUSClientLiveTest) succeeded: 8994ms
Test suite progress: tests succeeded: 101, failed: 0, skipped: 0.
Starting test testLimits(org.jclouds.rackspace.cloudservers.CloudServersUSClientLiveTest)
[TestNG] Test testLimits(org.jclouds.rackspace.cloudservers.CloudServersUSClientLiveTest) succeeded: 370ms
Test suite progress: tests succeeded: 102, failed: 0, skipped: 0.
Starting test testListFlavors(org.jclouds.rackspace.cloudservers.CloudServersUSClientLiveTest)
[TestNG] Test testListFlavors(org.jclouds.rackspace.cloudservers.CloudServersUSClientLiveTest) succeeded: 373ms
Test suite progress: tests succeeded: 103, failed: 0, skipped: 0.
Starting test testListFlavorsDetail(org.jclouds.rackspace.cloudservers.CloudServersUSClientLiveTest)
[TestNG] Test testListFlavorsDetail(org.jclouds.rackspace.cloudservers.CloudServersUSClientLiveTest) succeeded: 405ms
Test suite progress: tests succeeded: 104, failed: 0, skipped: 0.
Starting test testListImages(org.jclouds.rackspace.cloudservers.CloudServersUSClientLiveTest)
[TestNG] Test testListImages(org.jclouds.rackspace.cloudservers.CloudServersUSClientLiveTest) succeeded: 640ms
Test suite progress: tests succeeded: 105, failed: 0, skipped: 0.
Starting test testListImagesDetail(org.jclouds.rackspace.cloudservers.CloudServersUSClientLiveTest)
[TestNG] Test testListImagesDetail(org.jclouds.rackspace.cloudservers.CloudServersUSClientLiveTest) succeeded: 5620ms
Test suite progress: tests succeeded: 106, failed: 0, skipped: 0.
Starting test testListServers(org.jclouds.rackspace.cloudservers.CloudServersUSClientLiveTest)
[TestNG] Test testListServers(org.jclouds.rackspace.cloudservers.CloudServersUSClientLiveTest) succeeded: 674ms
Test suite progress: tests succeeded: 107, failed: 0, skipped: 0.
Starting test testListServersDetail(org.jclouds.rackspace.cloudservers.CloudServersUSClientLiveTest)
[TestNG] Test testListServersDetail(org.jclouds.rackspace.cloudservers.CloudServersUSClientLiveTest) succeeded: 783ms
Test suite progress: tests succeeded: 108, failed: 0, skipped: 0.
Starting test testListSharedIpGroups(org.jclouds.rackspace.cloudservers.CloudServersUSClientLiveTest)
[TestNG] Test testListSharedIpGroups(org.jclouds.rackspace.cloudservers.CloudServersUSClientLiveTest) succeeded: 694ms
Test suite progress: tests succeeded: 109, failed: 0, skipped: 0.
Starting test testListSharedIpGroupsDetail(org.jclouds.rackspace.cloudservers.CloudServersUSClientLiveTest)
[TestNG] Test testListSharedIpGroupsDetail(org.jclouds.rackspace.cloudservers.CloudServersUSClientLiveTest) succeeded: 835ms
Test suite progress: tests succeeded: 110, failed: 0, skipped: 0.
Starting test testChangePassword(org.jclouds.rackspace.cloudservers.CloudServersUSClientLiveTest)
blocking on status active
Server [addresses=Addresses [privateAddresses=[10.179.33.73], publicAddresses=[173.203.98.8]], adminPass=null, flavorId=1, hostId=12da34f2b71fc64e75b590acbab1a149, id=20675645, imageId=14362, metadata={jclouds=rackspace}, name=adriancole.cscreateserver-1647303424, sharedIpGroupId=null]
blocking on status active
Server [addresses=Addresses [privateAddresses=[10.179.33.73], publicAddresses=[173.203.98.8]], adminPass=null, flavorId=1, hostId=12da34f2b71fc64e75b590acbab1a149, id=20675645, imageId=14362, metadata={jclouds=rackspace}, name=adriancole.cscreateserver-1647303424, sharedIpGroupId=null]
SLF4J: Failed to load class "org.slf4j.impl.StaticLoggerBinder".
SLF4J: Defaulting to no-operation (NOP) logger implementation
SLF4J: See http://www.slf4j.org/codes.html#StaticLoggerBinder for further details.
[TestNG] Test testChangePassword(org.jclouds.rackspace.cloudservers.CloudServersUSClientLiveTest) succeeded: 17431ms
Test suite progress: tests succeeded: 111, failed: 0, skipped: 0.
Starting test testCreateSharedIpGroup(org.jclouds.rackspace.cloudservers.CloudServersUSClientLiveTest)
[TestNG] Test testCreateSharedIpGroup(org.jclouds.rackspace.cloudservers.CloudServersUSClientLiveTest) succeeded: 1754ms
Test suite progress: tests succeeded: 112, failed: 0, skipped: 0.
Starting test testRenameServer(org.jclouds.rackspace.cloudservers.CloudServersUSClientLiveTest)
[TestNG] Test testRenameServer(org.jclouds.rackspace.cloudservers.CloudServersUSClientLiveTest) succeeded: 6055ms
Test suite progress: tests succeeded: 113, failed: 0, skipped: 0.
Starting test testServerDetails(org.jclouds.rackspace.cloudservers.CloudServersUSClientLiveTest)
[TestNG] Test testServerDetails(org.jclouds.rackspace.cloudservers.CloudServersUSClientLiveTest) succeeded: 5730ms
Test suite progress: tests succeeded: 114, failed: 0, skipped: 0.
Starting test testCreateServerIp(org.jclouds.rackspace.cloudservers.CloudServersUSClientLiveTest)
blocking on status active
Server [addresses=Addresses [privateAddresses=[10.179.33.105], publicAddresses=[173.203.98.11, 173.203.98.8]], adminPass=null, flavorId=1, hostId=866c8d98f1c83f2a154a1c9c72ccb626, id=20675648, imageId=14362, metadata={jclouds=rackspace}, name=adriancole.cscreateserver1048351210, sharedIpGroupId=12397]
blocking on status active
Server [addresses=Addresses [privateAddresses=[10.179.33.105], publicAddresses=[173.203.98.11, 173.203.98.8]], adminPass=null, flavorId=1, hostId=866c8d98f1c83f2a154a1c9c72ccb626, id=20675648, imageId=14362, metadata={jclouds=rackspace}, name=adriancole.cscreateserver1048351210, sharedIpGroupId=12397]
blocking on status active
Server [addresses=Addresses [privateAddresses=[10.179.33.105], publicAddresses=[173.203.98.11, 173.203.98.8]], adminPass=null, flavorId=1, hostId=866c8d98f1c83f2a154a1c9c72ccb626, id=20675648, imageId=14362, metadata={jclouds=rackspace}, name=adriancole.cscreateserver1048351210, sharedIpGroupId=12397]
blocking on status active
Server [addresses=Addresses [privateAddresses=[10.179.33.105], publicAddresses=[173.203.98.11, 173.203.98.8]], adminPass=null, flavorId=1, hostId=866c8d98f1c83f2a154a1c9c72ccb626, id=20675648, imageId=14362, metadata={jclouds=rackspace}, name=adriancole.cscreateserver1048351210, sharedIpGroupId=12397]
blocking on status active
Server [addresses=Addresses [privateAddresses=[10.179.33.105], publicAddresses=[173.203.98.11, 173.203.98.8]], adminPass=null, flavorId=1, hostId=866c8d98f1c83f2a154a1c9c72ccb626, id=20675648, imageId=14362, metadata={jclouds=rackspace}, name=adriancole.cscreateserver1048351210, sharedIpGroupId=12397]
blocking on status active
Server [addresses=Addresses [privateAddresses=[10.179.33.105], publicAddresses=[173.203.98.11, 173.203.98.8]], adminPass=null, flavorId=1, hostId=866c8d98f1c83f2a154a1c9c72ccb626, id=20675648, imageId=14362, metadata={jclouds=rackspace}, name=adriancole.cscreateserver1048351210, sharedIpGroupId=12397]
blocking on status active
Server [addresses=Addresses [privateAddresses=[10.179.33.105], publicAddresses=[173.203.98.11, 173.203.98.8]], adminPass=null, flavorId=1, hostId=866c8d98f1c83f2a154a1c9c72ccb626, id=20675648, imageId=14362, metadata={jclouds=rackspace}, name=adriancole.cscreateserver1048351210, sharedIpGroupId=12397]
java.lang.AssertionError: server Server [addresses=Addresses [privateAddresses=[10.179.33.105], publicAddresses=[173.203.98.11, 173.203.98.8]], adminPass=adriancole.cscreateserver1048351210Qu7eWG5j6, flavorId=1, hostId=866c8d98f1c83f2a154a1c9c72ccb626, id=20675648, imageId=14362, metadata={jclouds=rackspace}, name=adriancole.cscreateserver1048351210, sharedIpGroupId=12397] didn't get ip 173.203.98.8
{output=eth0      Link encap:Ethernet  HWaddr 40:40:aa:13:0e:06  
          inet addr:173.203.98.11  Bcast:173.203.98.255  Mask:255.255.255.0
          inet6 addr: fe80::4240:aaff:fe13:e06/64 Scope:Link
          UP BROADCAST RUNNING MULTICAST  MTU:1500  Metric:1
          RX packets:44 errors:0 dropped:0 overruns:0 frame:0
          TX packets:41 errors:0 dropped:0 overruns:0 carrier:0
          collisions:0 txqueuelen:1000 
          RX bytes:5081 (5.0 KB)  TX bytes:5085 (5.0 KB)
          Interrupt:24 

eth1      Link encap:Ethernet  HWaddr 40:40:c2:d7:90:4f  
          inet addr:10.179.33.105  Bcast:10.179.63.255  Mask:255.255.224.0
          inet6 addr: fe80::4240:c2ff:fed7:904f/64 Scope:Link
          UP BROADCAST RUNNING MULTICAST  MTU:1500  Metric:1
          RX packets:4 errors:0 dropped:0 overruns:0 frame:0
          TX packets:6 errors:0 dropped:0 overruns:0 carrier:0
          collisions:0 txqueuelen:1000 
          RX bytes:244 (244.0 B)  TX bytes:468 (468.0 B)
          Interrupt:25 

lo        Link encap:Local Loopback  
          inet addr:127.0.0.1  Mask:255.0.0.0
          inet6 addr: ::1/128 Scope:Host
          UP LOOPBACK RUNNING  MTU:16436  Metric:1
          RX packets:0 errors:0 dropped:0 overruns:0 frame:0
          TX packets:0 errors:0 dropped:0 overruns:0 carrier:0
          collisions:0 txqueuelen:0 
          RX bytes:0 (0.0 B)  TX bytes:0 (0.0 B)

, error=, exitStatus=0}
	at org.jclouds.cloudservers.CloudServersClientLiveTest.assertIpConfigured(CloudServersClientLiveTest.java:461)
	at org.jclouds.cloudservers.CloudServersClientLiveTest.testCreateServerIp(CloudServersClientLiveTest.java:453)
	at sun.reflect.NativeMethodAccessorImpl.invoke0(Native Method)
	at sun.reflect.NativeMethodAccessorImpl.invoke(NativeMethodAccessorImpl.java:39)
	at sun.reflect.DelegatingMethodAccessorImpl.invoke(DelegatingMethodAccessorImpl.java:25)
	at java.lang.reflect.Method.invoke(Method.java:597)
	at org.testng.internal.MethodInvocationHelper.invokeMethod(MethodInvocationHelper.java:80)
	at org.testng.internal.InvokeMethodRunnable.runOne(InvokeMethodRunnable.java:46)
	at org.testng.internal.InvokeMethodRunnable.run(InvokeMethodRunnable.java:37)
	at org.testng.internal.MethodInvocationHelper.invokeWithTimeoutWithNoExecutor(MethodInvocationHelper.java:209)
	at org.testng.internal.MethodInvocationHelper.invokeWithTimeout(MethodInvocationHelper.java:198)
	at org.testng.internal.Invoker.invokeMethod(Invoker.java:706)
	at org.testng.internal.Invoker.invokeTestMethod(Invoker.java:883)
	at org.testng.internal.Invoker.invokeTestMethods(Invoker.java:1208)
	at org.testng.internal.TestMethodWorker.invokeTestMethods(TestMethodWorker.java:127)
	at org.testng.internal.TestMethodWorker.run(TestMethodWorker.java:111)
	at org.testng.TestRunner.privateRun(TestRunner.java:758)
	at org.testng.TestRunner.run(TestRunner.java:613)
	at org.testng.SuiteRunner.runTest(SuiteRunner.java:334)
	at org.testng.SuiteRunner.access$000(SuiteRunner.java:37)
	at org.testng.SuiteRunner$SuiteWorker.run(SuiteRunner.java:368)
	at org.testng.internal.thread.ThreadUtil$CountDownLatchedRunnable.run(ThreadUtil.java:165)
	at java.util.concurrent.ThreadPoolExecutor$Worker.runTask(ThreadPoolExecutor.java:886)
	at java.util.concurrent.ThreadPoolExecutor$Worker.run(ThreadPoolExecutor.java:908)
	at java.lang.Thread.run(Thread.java:680)
[TestNG] Test testCreateServerIp(org.jclouds.rackspace.cloudservers.CloudServersUSClientLiveTest) succeeded: 56628ms
Test suite progress: tests succeeded: 115, failed: 0, skipped: 0.
Starting test testUnshare(org.jclouds.rackspace.cloudservers.CloudServersUSClientLiveTest)
blocking on status active
Server [addresses=Addresses [privateAddresses=[10.179.33.105], publicAddresses=[173.203.98.11]], adminPass=null, flavorId=1, hostId=866c8d98f1c83f2a154a1c9c72ccb626, id=20675648, imageId=14362, metadata={jclouds=rackspace}, name=adriancole.cscreateserver1048351210, sharedIpGroupId=12397]
blocking on status active
Server [addresses=Addresses [privateAddresses=[10.179.33.105], publicAddresses=[173.203.98.11]], adminPass=null, flavorId=1, hostId=866c8d98f1c83f2a154a1c9c72ccb626, id=20675648, imageId=14362, metadata={jclouds=rackspace}, name=adriancole.cscreateserver1048351210, sharedIpGroupId=12397]
blocking on status active
Server [addresses=Addresses [privateAddresses=[10.179.33.105], publicAddresses=[173.203.98.11]], adminPass=null, flavorId=1, hostId=866c8d98f1c83f2a154a1c9c72ccb626, id=20675648, imageId=14362, metadata={jclouds=rackspace}, name=adriancole.cscreateserver1048351210, sharedIpGroupId=12397]
blocking on status active
Server [addresses=Addresses [privateAddresses=[10.179.33.105], publicAddresses=[173.203.98.11]], adminPass=null, flavorId=1, hostId=866c8d98f1c83f2a154a1c9c72ccb626, id=20675648, imageId=14362, metadata={jclouds=rackspace}, name=adriancole.cscreateserver1048351210, sharedIpGroupId=12397]
blocking on status active
Server [addresses=Addresses [privateAddresses=[10.179.33.105], publicAddresses=[173.203.98.11]], adminPass=null, flavorId=1, hostId=866c8d98f1c83f2a154a1c9c72ccb626, id=20675648, imageId=14362, metadata={jclouds=rackspace}, name=adriancole.cscreateserver1048351210, sharedIpGroupId=12397]
[TestNG] Test testUnshare(org.jclouds.rackspace.cloudservers.CloudServersUSClientLiveTest) succeeded: 40317ms
Test suite progress: tests succeeded: 116, failed: 0, skipped: 0.
Starting test testShareConfig(org.jclouds.rackspace.cloudservers.CloudServersUSClientLiveTest)
java.lang.AssertionError: server Server [addresses=Addresses [privateAddresses=[10.179.33.105], publicAddresses=[173.203.98.11, 173.203.98.8]], adminPass=null, flavorId=1, hostId=866c8d98f1c83f2a154a1c9c72ccb626, id=20675648, imageId=14362, metadata={jclouds=rackspace}, name=adriancole.cscreateserver1048351210, sharedIpGroupId=12397] didn't get ip 173.203.98.8
{output=eth0      Link encap:Ethernet  HWaddr 40:40:aa:13:0e:06  
          inet addr:173.203.98.11  Bcast:173.203.98.255  Mask:255.255.255.0
          inet6 addr: fe80::4240:aaff:fe13:e06/64 Scope:Link
          UP BROADCAST RUNNING MULTICAST  MTU:1500  Metric:1
          RX packets:45 errors:0 dropped:0 overruns:0 frame:0
          TX packets:41 errors:0 dropped:0 overruns:0 carrier:0
          collisions:0 txqueuelen:1000 
          RX bytes:5133 (5.1 KB)  TX bytes:5057 (5.0 KB)
          Interrupt:24 

eth1      Link encap:Ethernet  HWaddr 40:40:c2:d7:90:4f  
          inet addr:10.179.33.105  Bcast:10.179.63.255  Mask:255.255.224.0
          inet6 addr: fe80::4240:c2ff:fed7:904f/64 Scope:Link
          UP BROADCAST RUNNING MULTICAST  MTU:1500  Metric:1
          RX packets:3 errors:0 dropped:0 overruns:0 frame:0
          TX packets:5 errors:0 dropped:0 overruns:0 carrier:0
          collisions:0 txqueuelen:1000 
          RX bytes:188 (188.0 B)  TX bytes:398 (398.0 B)
          Interrupt:25 

lo        Link encap:Local Loopback  
          inet addr:127.0.0.1  Mask:255.0.0.0
          inet6 addr: ::1/128 Scope:Host
          UP LOOPBACK RUNNING  MTU:16436  Metric:1
          RX packets:0 errors:0 dropped:0 overruns:0 frame:0
          TX packets:0 errors:0 dropped:0 overruns:0 carrier:0
          collisions:0 txqueuelen:0 
          RX bytes:0 (0.0 B)  TX bytes:0 (0.0 B)

, error=, exitStatus=0}
	at org.jclouds.cloudservers.CloudServersClientLiveTest.assertIpConfigured(CloudServersClientLiveTest.java:461)
	at org.jclouds.cloudservers.CloudServersClientLiveTest.testShareConfig(CloudServersClientLiveTest.java:497)
	at sun.reflect.NativeMethodAccessorImpl.invoke0(Native Method)
	at sun.reflect.NativeMethodAccessorImpl.invoke(NativeMethodAccessorImpl.java:39)
	at sun.reflect.DelegatingMethodAccessorImpl.invoke(DelegatingMethodAccessorImpl.java:25)
	at java.lang.reflect.Method.invoke(Method.java:597)
	at org.testng.internal.MethodInvocationHelper.invokeMethod(MethodInvocationHelper.java:80)
	at org.testng.internal.InvokeMethodRunnable.runOne(InvokeMethodRunnable.java:46)
	at org.testng.internal.InvokeMethodRunnable.run(InvokeMethodRunnable.java:37)
	at org.testng.internal.MethodInvocationHelper.invokeWithTimeoutWithNoExecutor(MethodInvocationHelper.java:209)
	at org.testng.internal.MethodInvocationHelper.invokeWithTimeout(MethodInvocationHelper.java:198)
	at org.testng.internal.Invoker.invokeMethod(Invoker.java:706)
	at org.testng.internal.Invoker.invokeTestMethod(Invoker.java:883)
	at org.testng.internal.Invoker.invokeTestMethods(Invoker.java:1208)
	at org.testng.internal.TestMethodWorker.invokeTestMethods(TestMethodWorker.java:127)
	at org.testng.internal.TestMethodWorker.run(TestMethodWorker.java:111)
	at org.testng.TestRunner.privateRun(TestRunner.java:758)
	at org.testng.TestRunner.run(TestRunner.java:613)
	at org.testng.SuiteRunner.runTest(SuiteRunner.java:334)
	at org.testng.SuiteRunner.access$000(SuiteRunner.java:37)
	at org.testng.SuiteRunner$SuiteWorker.run(SuiteRunner.java:368)
	at org.testng.internal.thread.ThreadUtil$CountDownLatchedRunnable.run(ThreadUtil.java:165)
	at java.util.concurrent.ThreadPoolExecutor$Worker.runTask(ThreadPoolExecutor.java:886)
	at java.util.concurrent.ThreadPoolExecutor$Worker.run(ThreadPoolExecutor.java:908)
	at java.lang.Thread.run(Thread.java:680)
blocking on status active
Server [addresses=Addresses [privateAddresses=[10.179.33.105], publicAddresses=[173.203.98.11]], adminPass=null, flavorId=1, hostId=866c8d98f1c83f2a154a1c9c72ccb626, id=20675648, imageId=14362, metadata={jclouds=rackspace}, name=adriancole.cscreateserver1048351210, sharedIpGroupId=12397]
blocking on status active
Server [addresses=Addresses [privateAddresses=[10.179.33.105], publicAddresses=[173.203.98.11]], adminPass=null, flavorId=1, hostId=866c8d98f1c83f2a154a1c9c72ccb626, id=20675648, imageId=14362, metadata={jclouds=rackspace}, name=adriancole.cscreateserver1048351210, sharedIpGroupId=12397]
blocking on status active
Server [addresses=Addresses [privateAddresses=[10.179.33.105], publicAddresses=[173.203.98.11]], adminPass=null, flavorId=1, hostId=866c8d98f1c83f2a154a1c9c72ccb626, id=20675648, imageId=14362, metadata={jclouds=rackspace}, name=adriancole.cscreateserver1048351210, sharedIpGroupId=12397]
blocking on status active
Server [addresses=Addresses [privateAddresses=[10.179.33.105], publicAddresses=[173.203.98.11]], adminPass=null, flavorId=1, hostId=866c8d98f1c83f2a154a1c9c72ccb626, id=20675648, imageId=14362, metadata={jclouds=rackspace}, name=adriancole.cscreateserver1048351210, sharedIpGroupId=12397]
blocking on status active
Server [addresses=Addresses [privateAddresses=[10.179.33.105], publicAddresses=[173.203.98.11]], adminPass=null, flavorId=1, hostId=866c8d98f1c83f2a154a1c9c72ccb626, id=20675648, imageId=14362, metadata={jclouds=rackspace}, name=adriancole.cscreateserver1048351210, sharedIpGroupId=12397]
[TestNG] Test testShareConfig(org.jclouds.rackspace.cloudservers.CloudServersUSClientLiveTest) succeeded: 82296ms
Test suite progress: tests succeeded: 117, failed: 0, skipped: 0.
Starting test testShareNoConfig(org.jclouds.rackspace.cloudservers.CloudServersUSClientLiveTest)
blocking on status active
Server [addresses=Addresses [privateAddresses=[10.179.33.105], publicAddresses=[173.203.98.11]], adminPass=null, flavorId=1, hostId=866c8d98f1c83f2a154a1c9c72ccb626, id=20675648, imageId=14362, metadata={jclouds=rackspace}, name=adriancole.cscreateserver1048351210, sharedIpGroupId=12397]
blocking on status active
Server [addresses=Addresses [privateAddresses=[10.179.33.105], publicAddresses=[173.203.98.11]], adminPass=null, flavorId=1, hostId=866c8d98f1c83f2a154a1c9c72ccb626, id=20675648, imageId=14362, metadata={jclouds=rackspace}, name=adriancole.cscreateserver1048351210, sharedIpGroupId=12397]
blocking on status active
Server [addresses=Addresses [privateAddresses=[10.179.33.105], publicAddresses=[173.203.98.11]], adminPass=null, flavorId=1, hostId=866c8d98f1c83f2a154a1c9c72ccb626, id=20675648, imageId=14362, metadata={jclouds=rackspace}, name=adriancole.cscreateserver1048351210, sharedIpGroupId=12397]
blocking on status active
Server [addresses=Addresses [privateAddresses=[10.179.33.105], publicAddresses=[173.203.98.11]], adminPass=null, flavorId=1, hostId=866c8d98f1c83f2a154a1c9c72ccb626, id=20675648, imageId=14362, metadata={jclouds=rackspace}, name=adriancole.cscreateserver1048351210, sharedIpGroupId=12397]
blocking on status active
Server [addresses=Addresses [privateAddresses=[10.179.33.105], publicAddresses=[173.203.98.11]], adminPass=null, flavorId=1, hostId=866c8d98f1c83f2a154a1c9c72ccb626, id=20675648, imageId=14362, metadata={jclouds=rackspace}, name=adriancole.cscreateserver1048351210, sharedIpGroupId=12397]
[TestNG] Test testShareNoConfig(org.jclouds.rackspace.cloudservers.CloudServersUSClientLiveTest) succeeded: 55501ms
Test suite progress: tests succeeded: 118, failed: 0, skipped: 0.
Starting test testBackup(org.jclouds.rackspace.cloudservers.CloudServersUSClientLiveTest)
[TestNG] Test testBackup(org.jclouds.rackspace.cloudservers.CloudServersUSClientLiveTest) succeeded: 6639ms
Test suite progress: tests succeeded: 119, failed: 0, skipped: 0.
Starting test testCreateImage(org.jclouds.rackspace.cloudservers.CloudServersUSClientLiveTest)
blocking on status active
Image [created=Mon Mar 12 15:36:03 PDT 2012, id=19762326, name=hoofie, serverId=null]
blocking on status active
Image [created=Mon Mar 12 15:36:03 PDT 2012, id=19762326, name=hoofie, serverId=null]
blocking on status active
Image [created=Mon Mar 12 15:36:03 PDT 2012, id=19762326, name=hoofie, serverId=null]
blocking on status active
Image [created=Mon Mar 12 15:36:03 PDT 2012, id=19762326, name=hoofie, serverId=null]
blocking on status active
Image [created=Mon Mar 12 15:36:03 PDT 2012, id=19762326, name=hoofie, serverId=null]
blocking on status active
Image [created=Mon Mar 12 15:36:03 PDT 2012, id=19762326, name=hoofie, serverId=null]
blocking on status active
Image [created=Mon Mar 12 15:36:03 PDT 2012, id=19762326, name=hoofie, serverId=null]
blocking on status active
Image [created=Mon Mar 12 15:36:03 PDT 2012, id=19762326, name=hoofie, serverId=null]
blocking on status active
Image [created=Mon Mar 12 15:36:03 PDT 2012, id=19762326, name=hoofie, serverId=null]
blocking on status active
Image [created=Mon Mar 12 15:36:03 PDT 2012, id=19762326, name=hoofie, serverId=null]
blocking on status active
Image [created=Mon Mar 12 15:36:03 PDT 2012, id=19762326, name=hoofie, serverId=null]
blocking on status active
Image [created=Mon Mar 12 15:36:03 PDT 2012, id=19762326, name=hoofie, serverId=null]
blocking on status active
Image [created=Mon Mar 12 15:36:03 PDT 2012, id=19762326, name=hoofie, serverId=null]
blocking on status active
Image [created=Mon Mar 12 15:36:03 PDT 2012, id=19762326, name=hoofie, serverId=null]
blocking on status active
Image [created=Mon Mar 12 15:36:03 PDT 2012, id=19762326, name=hoofie, serverId=null]
blocking on status active
Image [created=Mon Mar 12 15:36:03 PDT 2012, id=19762326, name=hoofie, serverId=null]
blocking on status active
Image [created=Mon Mar 12 15:36:03 PDT 2012, id=19762326, name=hoofie, serverId=null]
blocking on status active
Image [created=Mon Mar 12 15:36:03 PDT 2012, id=19762326, name=hoofie, serverId=null]
blocking on status active
Image [created=Mon Mar 12 15:36:03 PDT 2012, id=19762326, name=hoofie, serverId=null]
blocking on status active
Image [created=Mon Mar 12 15:36:03 PDT 2012, id=19762326, name=hoofie, serverId=null]
blocking on status active
Image [created=Mon Mar 12 15:36:03 PDT 2012, id=19762326, name=hoofie, serverId=null]
blocking on status active
Image [created=Mon Mar 12 15:36:03 PDT 2012, id=19762326, name=hoofie, serverId=null]
blocking on status active
Image [created=Mon Mar 12 15:36:03 PDT 2012, id=19762326, name=hoofie, serverId=null]
blocking on status active
Image [created=Mon Mar 12 15:36:03 PDT 2012, id=19762326, name=hoofie, serverId=null]
blocking on status active
Image [created=Mon Mar 12 15:36:03 PDT 2012, id=19762326, name=hoofie, serverId=null]
blocking on status active
Image [created=Mon Mar 12 15:36:03 PDT 2012, id=19762326, name=hoofie, serverId=null]
[TestNG] Test testCreateImage(org.jclouds.rackspace.cloudservers.CloudServersUSClientLiveTest) succeeded: 154285ms
Test suite progress: tests succeeded: 120, failed: 0, skipped: 0.
Starting test testRebuildServer(org.jclouds.rackspace.cloudservers.CloudServersUSClientLiveTest)
blocking on status active
Server [addresses=Addresses [privateAddresses=[10.179.33.73], publicAddresses=[173.203.98.8]], adminPass=null, flavorId=1, hostId=12da34f2b71fc64e75b590acbab1a149, id=20675645, imageId=19762326, metadata={jclouds=rackspace}, name=adriancole.cscreateserver-1647303424new, sharedIpGroupId=12397]
blocking on status active
Server [addresses=Addresses [privateAddresses=[10.179.33.73], publicAddresses=[173.203.98.8]], adminPass=null, flavorId=1, hostId=12da34f2b71fc64e75b590acbab1a149, id=20675645, imageId=19762326, metadata={jclouds=rackspace}, name=adriancole.cscreateserver-1647303424new, sharedIpGroupId=12397]
blocking on status active
Server [addresses=Addresses [privateAddresses=[10.179.33.73], publicAddresses=[173.203.98.8]], adminPass=null, flavorId=1, hostId=12da34f2b71fc64e75b590acbab1a149, id=20675645, imageId=19762326, metadata={jclouds=rackspace}, name=adriancole.cscreateserver-1647303424new, sharedIpGroupId=12397]
blocking on status active
Server [addresses=Addresses [privateAddresses=[10.179.33.73], publicAddresses=[173.203.98.8]], adminPass=null, flavorId=1, hostId=12da34f2b71fc64e75b590acbab1a149, id=20675645, imageId=19762326, metadata={jclouds=rackspace}, name=adriancole.cscreateserver-1647303424new, sharedIpGroupId=12397]
blocking on status active
Server [addresses=Addresses [privateAddresses=[10.179.33.73], publicAddresses=[173.203.98.8]], adminPass=null, flavorId=1, hostId=12da34f2b71fc64e75b590acbab1a149, id=20675645, imageId=19762326, metadata={jclouds=rackspace}, name=adriancole.cscreateserver-1647303424new, sharedIpGroupId=12397]
blocking on status active
Server [addresses=Addresses [privateAddresses=[10.179.33.73], publicAddresses=[173.203.98.8]], adminPass=null, flavorId=1, hostId=12da34f2b71fc64e75b590acbab1a149, id=20675645, imageId=19762326, metadata={jclouds=rackspace}, name=adriancole.cscreateserver-1647303424new, sharedIpGroupId=12397]
blocking on status active
Server [addresses=Addresses [privateAddresses=[10.179.33.73], publicAddresses=[173.203.98.8]], adminPass=null, flavorId=1, hostId=12da34f2b71fc64e75b590acbab1a149, id=20675645, imageId=19762326, metadata={jclouds=rackspace}, name=adriancole.cscreateserver-1647303424new, sharedIpGroupId=12397]
blocking on status active
Server [addresses=Addresses [privateAddresses=[10.179.33.73], publicAddresses=[173.203.98.8]], adminPass=null, flavorId=1, hostId=12da34f2b71fc64e75b590acbab1a149, id=20675645, imageId=19762326, metadata={jclouds=rackspace}, name=adriancole.cscreateserver-1647303424new, sharedIpGroupId=12397]
blocking on status active
Server [addresses=Addresses [privateAddresses=[10.179.33.73], publicAddresses=[173.203.98.8]], adminPass=null, flavorId=1, hostId=12da34f2b71fc64e75b590acbab1a149, id=20675645, imageId=19762326, metadata={jclouds=rackspace}, name=adriancole.cscreateserver-1647303424new, sharedIpGroupId=12397]
blocking on status active
Server [addresses=Addresses [privateAddresses=[10.179.33.73], publicAddresses=[173.203.98.8]], adminPass=null, flavorId=1, hostId=12da34f2b71fc64e75b590acbab1a149, id=20675645, imageId=19762326, metadata={jclouds=rackspace}, name=adriancole.cscreateserver-1647303424new, sharedIpGroupId=12397]
blocking on status active
Server [addresses=Addresses [privateAddresses=[10.179.33.73], publicAddresses=[173.203.98.8]], adminPass=null, flavorId=1, hostId=12da34f2b71fc64e75b590acbab1a149, id=20675645, imageId=19762326, metadata={jclouds=rackspace}, name=adriancole.cscreateserver-1647303424new, sharedIpGroupId=12397]
blocking on status active
Server [addresses=Addresses [privateAddresses=[10.179.33.73], publicAddresses=[173.203.98.8]], adminPass=null, flavorId=1, hostId=12da34f2b71fc64e75b590acbab1a149, id=20675645, imageId=19762326, metadata={jclouds=rackspace}, name=adriancole.cscreateserver-1647303424new, sharedIpGroupId=12397]
blocking on status active
Server [addresses=Addresses [privateAddresses=[10.179.33.73], publicAddresses=[173.203.98.8]], adminPass=null, flavorId=1, hostId=12da34f2b71fc64e75b590acbab1a149, id=20675645, imageId=19762326, metadata={jclouds=rackspace}, name=adriancole.cscreateserver-1647303424new, sharedIpGroupId=12397]
blocking on status active
Server [addresses=Addresses [privateAddresses=[10.179.33.73], publicAddresses=[173.203.98.8]], adminPass=null, flavorId=1, hostId=12da34f2b71fc64e75b590acbab1a149, id=20675645, imageId=19762326, metadata={jclouds=rackspace}, name=adriancole.cscreateserver-1647303424new, sharedIpGroupId=12397]
blocking on status active
Server [addresses=Addresses [privateAddresses=[10.179.33.73], publicAddresses=[173.203.98.8]], adminPass=null, flavorId=1, hostId=12da34f2b71fc64e75b590acbab1a149, id=20675645, imageId=19762326, metadata={jclouds=rackspace}, name=adriancole.cscreateserver-1647303424new, sharedIpGroupId=12397]
blocking on status active
Server [addresses=Addresses [privateAddresses=[10.179.33.73], publicAddresses=[173.203.98.8]], adminPass=null, flavorId=1, hostId=12da34f2b71fc64e75b590acbab1a149, id=20675645, imageId=19762326, metadata={jclouds=rackspace}, name=adriancole.cscreateserver-1647303424new, sharedIpGroupId=12397]
blocking on status active
Server [addresses=Addresses [privateAddresses=[10.179.33.73], publicAddresses=[173.203.98.8]], adminPass=null, flavorId=1, hostId=12da34f2b71fc64e75b590acbab1a149, id=20675645, imageId=19762326, metadata={jclouds=rackspace}, name=adriancole.cscreateserver-1647303424new, sharedIpGroupId=12397]
blocking on status active
Server [addresses=Addresses [privateAddresses=[10.179.33.73], publicAddresses=[173.203.98.8]], adminPass=null, flavorId=1, hostId=12da34f2b71fc64e75b590acbab1a149, id=20675645, imageId=19762326, metadata={jclouds=rackspace}, name=adriancole.cscreateserver-1647303424new, sharedIpGroupId=12397]
blocking on status active
Server [addresses=Addresses [privateAddresses=[10.179.33.73], publicAddresses=[173.203.98.8]], adminPass=null, flavorId=1, hostId=12da34f2b71fc64e75b590acbab1a149, id=20675645, imageId=19762326, metadata={jclouds=rackspace}, name=adriancole.cscreateserver-1647303424new, sharedIpGroupId=12397]
blocking on status active
Server [addresses=Addresses [privateAddresses=[10.179.33.73], publicAddresses=[173.203.98.8]], adminPass=null, flavorId=1, hostId=12da34f2b71fc64e75b590acbab1a149, id=20675645, imageId=19762326, metadata={jclouds=rackspace}, name=adriancole.cscreateserver-1647303424new, sharedIpGroupId=12397]
[TestNG] Test testRebuildServer(org.jclouds.rackspace.cloudservers.CloudServersUSClientLiveTest) succeeded: 141231ms
Test suite progress: tests succeeded: 121, failed: 0, skipped: 0.
Starting test testRebootHard(org.jclouds.rackspace.cloudservers.CloudServersUSClientLiveTest)
blocking on status active
Server [addresses=Addresses [privateAddresses=[10.179.33.73], publicAddresses=[173.203.98.8]], adminPass=null, flavorId=1, hostId=12da34f2b71fc64e75b590acbab1a149, id=20675645, imageId=14362, metadata={jclouds=rackspace}, name=adriancole.cscreateserver-1647303424new, sharedIpGroupId=12397]
blocking on status active
Server [addresses=Addresses [privateAddresses=[10.179.33.73], publicAddresses=[173.203.98.8]], adminPass=null, flavorId=1, hostId=12da34f2b71fc64e75b590acbab1a149, id=20675645, imageId=14362, metadata={jclouds=rackspace}, name=adriancole.cscreateserver-1647303424new, sharedIpGroupId=12397]
[TestNG] Test testRebootHard(org.jclouds.rackspace.cloudservers.CloudServersUSClientLiveTest) succeeded: 19104ms
Test suite progress: tests succeeded: 122, failed: 0, skipped: 0.
Starting test testRebootSoft(org.jclouds.rackspace.cloudservers.CloudServersUSClientLiveTest)
[TestNG] Test testRebootSoft(org.jclouds.rackspace.cloudservers.CloudServersUSClientLiveTest) succeeded: 2824ms
Test suite progress: tests succeeded: 123, failed: 0, skipped: 0.
Starting test testConfirmResize(org.jclouds.rackspace.cloudservers.CloudServersUSClientLiveTest)
blocking on status verify resize
Server [addresses=Addresses [privateAddresses=[10.179.33.105], publicAddresses=[173.203.98.11]], adminPass=null, flavorId=1, hostId=866c8d98f1c83f2a154a1c9c72ccb626, id=20675648, imageId=14362, metadata={jclouds=rackspace}, name=adriancole.cscreateserver1048351210, sharedIpGroupId=12397]
blocking on status verify resize
Server [addresses=Addresses [privateAddresses=[10.179.33.105], publicAddresses=[173.203.98.11]], adminPass=null, flavorId=1, hostId=866c8d98f1c83f2a154a1c9c72ccb626, id=20675648, imageId=14362, metadata={jclouds=rackspace}, name=adriancole.cscreateserver1048351210, sharedIpGroupId=12397]
blocking on status verify resize
Server [addresses=Addresses [privateAddresses=[10.179.33.105], publicAddresses=[173.203.98.11]], adminPass=null, flavorId=1, hostId=866c8d98f1c83f2a154a1c9c72ccb626, id=20675648, imageId=14362, metadata={jclouds=rackspace}, name=adriancole.cscreateserver1048351210, sharedIpGroupId=12397]
blocking on status verify resize
Server [addresses=Addresses [privateAddresses=[10.179.33.105], publicAddresses=[173.203.98.11]], adminPass=null, flavorId=1, hostId=866c8d98f1c83f2a154a1c9c72ccb626, id=20675648, imageId=14362, metadata={jclouds=rackspace}, name=adriancole.cscreateserver1048351210, sharedIpGroupId=12397]
blocking on status verify resize
Server [addresses=Addresses [privateAddresses=[10.179.33.105], publicAddresses=[173.203.98.11]], adminPass=null, flavorId=1, hostId=866c8d98f1c83f2a154a1c9c72ccb626, id=20675648, imageId=14362, metadata={jclouds=rackspace}, name=adriancole.cscreateserver1048351210, sharedIpGroupId=12397]
blocking on status verify resize
Server [addresses=Addresses [privateAddresses=[10.179.33.105], publicAddresses=[173.203.98.11]], adminPass=null, flavorId=1, hostId=866c8d98f1c83f2a154a1c9c72ccb626, id=20675648, imageId=14362, metadata={jclouds=rackspace}, name=adriancole.cscreateserver1048351210, sharedIpGroupId=12397]
blocking on status verify resize
Server [addresses=Addresses [privateAddresses=[10.179.33.105], publicAddresses=[173.203.98.11]], adminPass=null, flavorId=1, hostId=866c8d98f1c83f2a154a1c9c72ccb626, id=20675648, imageId=14362, metadata={jclouds=rackspace}, name=adriancole.cscreateserver1048351210, sharedIpGroupId=12397]
blocking on status verify resize
Server [addresses=Addresses [privateAddresses=[10.179.33.105], publicAddresses=[173.203.98.11]], adminPass=null, flavorId=1, hostId=866c8d98f1c83f2a154a1c9c72ccb626, id=20675648, imageId=14362, metadata={jclouds=rackspace}, name=adriancole.cscreateserver1048351210, sharedIpGroupId=12397]
blocking on status verify resize
Server [addresses=Addresses [privateAddresses=[10.179.33.105], publicAddresses=[173.203.98.11]], adminPass=null, flavorId=1, hostId=866c8d98f1c83f2a154a1c9c72ccb626, id=20675648, imageId=14362, metadata={jclouds=rackspace}, name=adriancole.cscreateserver1048351210, sharedIpGroupId=12397]
blocking on status verify resize
Server [addresses=Addresses [privateAddresses=[10.179.33.105], publicAddresses=[173.203.98.11]], adminPass=null, flavorId=1, hostId=866c8d98f1c83f2a154a1c9c72ccb626, id=20675648, imageId=14362, metadata={jclouds=rackspace}, name=adriancole.cscreateserver1048351210, sharedIpGroupId=12397]
blocking on status verify resize
Server [addresses=Addresses [privateAddresses=[10.179.33.105], publicAddresses=[173.203.98.11]], adminPass=null, flavorId=1, hostId=866c8d98f1c83f2a154a1c9c72ccb626, id=20675648, imageId=14362, metadata={jclouds=rackspace}, name=adriancole.cscreateserver1048351210, sharedIpGroupId=12397]
blocking on status verify resize
Server [addresses=Addresses [privateAddresses=[10.179.33.105], publicAddresses=[173.203.98.11]], adminPass=null, flavorId=1, hostId=866c8d98f1c83f2a154a1c9c72ccb626, id=20675648, imageId=14362, metadata={jclouds=rackspace}, name=adriancole.cscreateserver1048351210, sharedIpGroupId=12397]
blocking on status verify resize
Server [addresses=Addresses [privateAddresses=[10.179.33.105], publicAddresses=[173.203.98.11]], adminPass=null, flavorId=1, hostId=866c8d98f1c83f2a154a1c9c72ccb626, id=20675648, imageId=14362, metadata={jclouds=rackspace}, name=adriancole.cscreateserver1048351210, sharedIpGroupId=12397]
blocking on status verify resize
Server [addresses=Addresses [privateAddresses=[10.179.33.105], publicAddresses=[173.203.98.11]], adminPass=null, flavorId=1, hostId=866c8d98f1c83f2a154a1c9c72ccb626, id=20675648, imageId=14362, metadata={jclouds=rackspace}, name=adriancole.cscreateserver1048351210, sharedIpGroupId=12397]
blocking on status verify resize
Server [addresses=Addresses [privateAddresses=[10.179.33.105], publicAddresses=[173.203.98.11]], adminPass=null, flavorId=1, hostId=866c8d98f1c83f2a154a1c9c72ccb626, id=20675648, imageId=14362, metadata={jclouds=rackspace}, name=adriancole.cscreateserver1048351210, sharedIpGroupId=12397]
blocking on status verify resize
Server [addresses=Addresses [privateAddresses=[10.179.33.105], publicAddresses=[173.203.98.11]], adminPass=null, flavorId=1, hostId=866c8d98f1c83f2a154a1c9c72ccb626, id=20675648, imageId=14362, metadata={jclouds=rackspace}, name=adriancole.cscreateserver1048351210, sharedIpGroupId=12397]
blocking on status verify resize
Server [addresses=Addresses [privateAddresses=[10.179.33.105], publicAddresses=[173.203.98.11]], adminPass=null, flavorId=1, hostId=866c8d98f1c83f2a154a1c9c72ccb626, id=20675648, imageId=14362, metadata={jclouds=rackspace}, name=adriancole.cscreateserver1048351210, sharedIpGroupId=12397]
blocking on status verify resize
Server [addresses=Addresses [privateAddresses=[10.179.33.105], publicAddresses=[173.203.98.11]], adminPass=null, flavorId=1, hostId=866c8d98f1c83f2a154a1c9c72ccb626, id=20675648, imageId=14362, metadata={jclouds=rackspace}, name=adriancole.cscreateserver1048351210, sharedIpGroupId=12397]
blocking on status verify resize
Server [addresses=Addresses [privateAddresses=[10.179.33.105], publicAddresses=[173.203.98.11]], adminPass=null, flavorId=1, hostId=866c8d98f1c83f2a154a1c9c72ccb626, id=20675648, imageId=14362, metadata={jclouds=rackspace}, name=adriancole.cscreateserver1048351210, sharedIpGroupId=12397]
blocking on status verify resize
Server [addresses=Addresses [privateAddresses=[10.179.33.105], publicAddresses=[173.203.98.11]], adminPass=null, flavorId=1, hostId=866c8d98f1c83f2a154a1c9c72ccb626, id=20675648, imageId=14362, metadata={jclouds=rackspace}, name=adriancole.cscreateserver1048351210, sharedIpGroupId=12397]
blocking on status active
Server [addresses=Addresses [privateAddresses=[10.179.33.105], publicAddresses=[173.203.98.11]], adminPass=null, flavorId=2, hostId=755d66c58e54134411144729844d10a3, id=20675648, imageId=14362, metadata={jclouds=rackspace}, name=adriancole.cscreateserver1048351210, sharedIpGroupId=12397]
[TestNG] Test testConfirmResize(org.jclouds.rackspace.cloudservers.CloudServersUSClientLiveTest) succeeded: 138043ms
Test suite progress: tests succeeded: 124, failed: 0, skipped: 0.
Starting test testRevertResize(org.jclouds.rackspace.cloudservers.CloudServersUSClientLiveTest)
blocking on status verify resize
Server [addresses=Addresses [privateAddresses=[10.179.33.73], publicAddresses=[173.203.98.8]], adminPass=null, flavorId=1, hostId=12da34f2b71fc64e75b590acbab1a149, id=20675645, imageId=14362, metadata={jclouds=rackspace}, name=adriancole.cscreateserver-1647303424new, sharedIpGroupId=12397]
blocking on status verify resize
Server [addresses=Addresses [privateAddresses=[10.179.33.73], publicAddresses=[173.203.98.8]], adminPass=null, flavorId=1, hostId=12da34f2b71fc64e75b590acbab1a149, id=20675645, imageId=14362, metadata={jclouds=rackspace}, name=adriancole.cscreateserver-1647303424new, sharedIpGroupId=12397]
blocking on status verify resize
Server [addresses=Addresses [privateAddresses=[10.179.33.73], publicAddresses=[173.203.98.8]], adminPass=null, flavorId=1, hostId=12da34f2b71fc64e75b590acbab1a149, id=20675645, imageId=14362, metadata={jclouds=rackspace}, name=adriancole.cscreateserver-1647303424new, sharedIpGroupId=12397]
blocking on status verify resize
Server [addresses=Addresses [privateAddresses=[10.179.33.73], publicAddresses=[173.203.98.8]], adminPass=null, flavorId=1, hostId=12da34f2b71fc64e75b590acbab1a149, id=20675645, imageId=14362, metadata={jclouds=rackspace}, name=adriancole.cscreateserver-1647303424new, sharedIpGroupId=12397]
blocking on status verify resize
Server [addresses=Addresses [privateAddresses=[10.179.33.73], publicAddresses=[173.203.98.8]], adminPass=null, flavorId=1, hostId=12da34f2b71fc64e75b590acbab1a149, id=20675645, imageId=14362, metadata={jclouds=rackspace}, name=adriancole.cscreateserver-1647303424new, sharedIpGroupId=12397]
blocking on status verify resize
Server [addresses=Addresses [privateAddresses=[10.179.33.73], publicAddresses=[173.203.98.8]], adminPass=null, flavorId=1, hostId=12da34f2b71fc64e75b590acbab1a149, id=20675645, imageId=14362, metadata={jclouds=rackspace}, name=adriancole.cscreateserver-1647303424new, sharedIpGroupId=12397]
blocking on status verify resize
Server [addresses=Addresses [privateAddresses=[10.179.33.73], publicAddresses=[173.203.98.8]], adminPass=null, flavorId=1, hostId=12da34f2b71fc64e75b590acbab1a149, id=20675645, imageId=14362, metadata={jclouds=rackspace}, name=adriancole.cscreateserver-1647303424new, sharedIpGroupId=12397]
blocking on status verify resize
Server [addresses=Addresses [privateAddresses=[10.179.33.73], publicAddresses=[173.203.98.8]], adminPass=null, flavorId=1, hostId=12da34f2b71fc64e75b590acbab1a149, id=20675645, imageId=14362, metadata={jclouds=rackspace}, name=adriancole.cscreateserver-1647303424new, sharedIpGroupId=12397]
blocking on status verify resize
Server [addresses=Addresses [privateAddresses=[10.179.33.73], publicAddresses=[173.203.98.8]], adminPass=null, flavorId=1, hostId=12da34f2b71fc64e75b590acbab1a149, id=20675645, imageId=14362, metadata={jclouds=rackspace}, name=adriancole.cscreateserver-1647303424new, sharedIpGroupId=12397]
blocking on status verify resize
Server [addresses=Addresses [privateAddresses=[10.179.33.73], publicAddresses=[173.203.98.8]], adminPass=null, flavorId=1, hostId=12da34f2b71fc64e75b590acbab1a149, id=20675645, imageId=14362, metadata={jclouds=rackspace}, name=adriancole.cscreateserver-1647303424new, sharedIpGroupId=12397]
blocking on status verify resize
Server [addresses=Addresses [privateAddresses=[10.179.33.73], publicAddresses=[173.203.98.8]], adminPass=null, flavorId=1, hostId=12da34f2b71fc64e75b590acbab1a149, id=20675645, imageId=14362, metadata={jclouds=rackspace}, name=adriancole.cscreateserver-1647303424new, sharedIpGroupId=12397]
blocking on status verify resize
Server [addresses=Addresses [privateAddresses=[10.179.33.73], publicAddresses=[173.203.98.8]], adminPass=null, flavorId=1, hostId=12da34f2b71fc64e75b590acbab1a149, id=20675645, imageId=14362, metadata={jclouds=rackspace}, name=adriancole.cscreateserver-1647303424new, sharedIpGroupId=12397]
blocking on status verify resize
Server [addresses=Addresses [privateAddresses=[10.179.33.73], publicAddresses=[173.203.98.8]], adminPass=null, flavorId=1, hostId=12da34f2b71fc64e75b590acbab1a149, id=20675645, imageId=14362, metadata={jclouds=rackspace}, name=adriancole.cscreateserver-1647303424new, sharedIpGroupId=12397]
blocking on status verify resize
Server [addresses=Addresses [privateAddresses=[10.179.33.73], publicAddresses=[173.203.98.8]], adminPass=null, flavorId=1, hostId=12da34f2b71fc64e75b590acbab1a149, id=20675645, imageId=14362, metadata={jclouds=rackspace}, name=adriancole.cscreateserver-1647303424new, sharedIpGroupId=12397]
blocking on status verify resize
Server [addresses=Addresses [privateAddresses=[10.179.33.73], publicAddresses=[173.203.98.8]], adminPass=null, flavorId=1, hostId=12da34f2b71fc64e75b590acbab1a149, id=20675645, imageId=14362, metadata={jclouds=rackspace}, name=adriancole.cscreateserver-1647303424new, sharedIpGroupId=12397]
blocking on status verify resize
Server [addresses=Addresses [privateAddresses=[10.179.33.73], publicAddresses=[173.203.98.8]], adminPass=null, flavorId=1, hostId=12da34f2b71fc64e75b590acbab1a149, id=20675645, imageId=14362, metadata={jclouds=rackspace}, name=adriancole.cscreateserver-1647303424new, sharedIpGroupId=12397]
blocking on status verify resize
Server [addresses=Addresses [privateAddresses=[10.179.33.73], publicAddresses=[173.203.98.8]], adminPass=null, flavorId=1, hostId=12da34f2b71fc64e75b590acbab1a149, id=20675645, imageId=14362, metadata={jclouds=rackspace}, name=adriancole.cscreateserver-1647303424new, sharedIpGroupId=12397]
blocking on status verify resize
Server [addresses=Addresses [privateAddresses=[10.179.33.73], publicAddresses=[173.203.98.8]], adminPass=null, flavorId=1, hostId=12da34f2b71fc64e75b590acbab1a149, id=20675645, imageId=14362, metadata={jclouds=rackspace}, name=adriancole.cscreateserver-1647303424new, sharedIpGroupId=12397]
blocking on status verify resize
Server [addresses=Addresses [privateAddresses=[10.179.33.73], publicAddresses=[173.203.98.8]], adminPass=null, flavorId=1, hostId=12da34f2b71fc64e75b590acbab1a149, id=20675645, imageId=14362, metadata={jclouds=rackspace}, name=adriancole.cscreateserver-1647303424new, sharedIpGroupId=12397]
blocking on status verify resize
Server [addresses=Addresses [privateAddresses=[10.179.33.73], publicAddresses=[173.203.98.8]], adminPass=null, flavorId=1, hostId=12da34f2b71fc64e75b590acbab1a149, id=20675645, imageId=14362, metadata={jclouds=rackspace}, name=adriancole.cscreateserver-1647303424new, sharedIpGroupId=12397]
blocking on status verify resize
Server [addresses=Addresses [privateAddresses=[10.179.33.73], publicAddresses=[173.203.98.8]], adminPass=null, flavorId=1, hostId=12da34f2b71fc64e75b590acbab1a149, id=20675645, imageId=14362, metadata={jclouds=rackspace}, name=adriancole.cscreateserver-1647303424new, sharedIpGroupId=12397]
blocking on status verify resize
Server [addresses=Addresses [privateAddresses=[10.179.33.73], publicAddresses=[173.203.98.8]], adminPass=null, flavorId=1, hostId=12da34f2b71fc64e75b590acbab1a149, id=20675645, imageId=14362, metadata={jclouds=rackspace}, name=adriancole.cscreateserver-1647303424new, sharedIpGroupId=12397]
blocking on status active
Server [addresses=Addresses [privateAddresses=[10.179.33.73], publicAddresses=[173.203.98.8]], adminPass=null, flavorId=1, hostId=12da34f2b71fc64e75b590acbab1a149, id=20675645, imageId=14362, metadata={jclouds=rackspace}, name=adriancole.cscreateserver-1647303424new, sharedIpGroupId=12397]
blocking on status active
Server [addresses=Addresses [privateAddresses=[10.179.33.73], publicAddresses=[173.203.98.8]], adminPass=null, flavorId=1, hostId=12da34f2b71fc64e75b590acbab1a149, id=20675645, imageId=14362, metadata={jclouds=rackspace}, name=adriancole.cscreateserver-1647303424new, sharedIpGroupId=12397]
blocking on status active
Server [addresses=Addresses [privateAddresses=[10.179.33.73], publicAddresses=[173.203.98.8]], adminPass=null, flavorId=1, hostId=12da34f2b71fc64e75b590acbab1a149, id=20675645, imageId=14362, metadata={jclouds=rackspace}, name=adriancole.cscreateserver-1647303424new, sharedIpGroupId=12397]
[TestNG] Test testRevertResize(org.jclouds.rackspace.cloudservers.CloudServersUSClientLiveTest) succeeded: 160456ms
Test suite progress: tests succeeded: 125, failed: 0, skipped: 0.
Starting test deleteServer2(org.jclouds.rackspace.cloudservers.CloudServersUSClientLiveTest)
[TestNG] Test deleteServer2(org.jclouds.rackspace.cloudservers.CloudServersUSClientLiveTest) succeeded: 2740ms
Test suite progress: tests succeeded: 126, failed: 0, skipped: 0.
Starting test testDeleteImage(org.jclouds.rackspace.cloudservers.CloudServersUSClientLiveTest)
[TestNG] Test testDeleteImage(org.jclouds.rackspace.cloudservers.CloudServersUSClientLiveTest) succeeded: 3322ms
Test suite progress: tests succeeded: 127, failed: 0, skipped: 0.
Starting test deleteServer1(org.jclouds.rackspace.cloudservers.CloudServersUSClientLiveTest)
[TestNG] Test deleteServer1(org.jclouds.rackspace.cloudservers.CloudServersUSClientLiveTest) succeeded: 2696ms
Test suite progress: tests succeeded: 128, failed: 0, skipped: 0.
Starting test testDeleteSharedIpGroup(org.jclouds.rackspace.cloudservers.CloudServersUSClientLiveTest)
[TestNG] Test testDeleteSharedIpGroup(org.jclouds.rackspace.cloudservers.CloudServersUSClientLiveTest) succeeded: 1670ms
Test suite progress: tests succeeded: 129, failed: 0, skipped: 0.
Starting test setServiceDefaults(org.jclouds.rackspace.cloudservers.compute.CloudServersUSComputeServiceLiveTest)
[TestNG] Test setServiceDefaults(org.jclouds.rackspace.cloudservers.compute.CloudServersUSComputeServiceLiveTest) succeeded: 0ms
Test suite progress: tests succeeded: 130, failed: 0, skipped: 0.
Starting test testCompareSizes(org.jclouds.rackspace.cloudservers.compute.CloudServersUSComputeServiceLiveTest)
Mar 12, 2012 8:46:31 PM org.jclouds.compute.BaseComputeServiceLiveTest testCompareSizes
INFO: smallest [id=1, providerId=1, name=256 server, processors=[[cores=1.0, speed=1.0]], ram=256, volumes=[[id=null, type=LOCAL, size=10.0, device=null, durable=true, isBootDevice=true]], hypervisor=xen, supportsImage=ALWAYS_TRUE, tags=[]]
Mar 12, 2012 8:46:31 PM org.jclouds.compute.BaseComputeServiceLiveTest testCompareSizes
INFO: fastest [id=8, providerId=8, name=30GB server, processors=[[cores=120.0, speed=1.0]], ram=30720, volumes=[[id=null, type=LOCAL, size=1200.0, device=null, durable=true, isBootDevice=true]], hypervisor=xen, supportsImage=ALWAYS_TRUE, tags=[]]
Mar 12, 2012 8:46:31 PM org.jclouds.compute.BaseComputeServiceLiveTest testCompareSizes
INFO: biggest [id=8, providerId=8, name=30GB server, processors=[[cores=120.0, speed=1.0]], ram=30720, volumes=[[id=null, type=LOCAL, size=1200.0, device=null, durable=true, isBootDevice=true]], hypervisor=xen, supportsImage=ALWAYS_TRUE, tags=[]]
[TestNG] Test testCompareSizes(org.jclouds.rackspace.cloudservers.compute.CloudServersUSComputeServiceLiveTest) succeeded: 1479ms
Test suite progress: tests succeeded: 131, failed: 0, skipped: 0.
Starting test testCorrectAuthException(org.jclouds.rackspace.cloudservers.compute.CloudServersUSComputeServiceLiveTest)
[TestNG] Test testCorrectAuthException(org.jclouds.rackspace.cloudservers.compute.CloudServersUSComputeServiceLiveTest) succeeded: 451ms
Test suite progress: tests succeeded: 132, failed: 0, skipped: 0.
Starting test testCreateAndRunAService(org.jclouds.rackspace.cloudservers.compute.CloudServersUSComputeServiceLiveTest)
Mar 12, 2012 8:49:42 PM org.jclouds.compute.BaseComputeServiceLiveTest testCreateAndRunAService
INFO: << available node(20675716) os([name=null, family=ubuntu, version=11.10, arch=null, is64Bit=true, description=Ubuntu 11.10]) in 190s
Mar 12, 2012 8:52:15 PM org.jclouds.compute.BaseComputeServiceLiveTest testCreateAndRunAService
INFO: << configured node(20675716) with java full version "1.7.0-b147" and JBoss 7.0.2.Final in 143s
Mar 12, 2012 8:52:18 PM org.jclouds.compute.BaseComputeServiceLiveTest getLocationForIp
WARNING: could not get info on ip 209.132.182.31; check freegeoip
Mar 12, 2012 8:52:18 PM org.jclouds.compute.BaseComputeServiceLiveTest testCreateAndRunAService
INFO: << location of jboss7(download.jboss.org) from perpective of node(20675716): 209.132.182.31
Mar 12, 2012 8:52:23 PM org.jclouds.compute.BaseComputeServiceLiveTest getLocationForIp
WARNING: could not get info on ip 128.242.186.238; check freegeoip
Mar 12, 2012 8:52:23 PM org.jclouds.compute.BaseComputeServiceLiveTest testCreateAndRunAService
INFO: << location of jdk7(download.oracle.com) from perpective of node(20675716): 128.242.186.238
Mar 12, 2012 8:52:26 PM org.jclouds.compute.BaseComputeServiceLiveTest getLocationForIp
WARNING: could not get info on ip 108.166.111.158; check freegeoip
Mar 12, 2012 8:52:26 PM org.jclouds.compute.BaseComputeServiceLiveTest testCreateAndRunAService
INFO: << location of node(20675716) from perspective of amazonaws: 108.166.111.158
Mar 12, 2012 8:52:41 PM org.jclouds.compute.BaseComputeServiceLiveTest trackAvailabilityOfProcessOnNode
INFO: << initial start of jboss on node(20675716) [backgroundProcessMilliseconds=5672, socketOpenMilliseconds=3119, reportedStartupTimeMilliseconds=4238]
Mar 12, 2012 8:52:51 PM org.jclouds.compute.BaseComputeServiceLiveTest trackAvailabilityOfProcessOnNode
INFO: << warm start of jboss on node(20675716) [backgroundProcessMilliseconds=3926, socketOpenMilliseconds=802, reportedStartupTimeMilliseconds=1814]
[TestNG] Test testCreateAndRunAService(org.jclouds.rackspace.cloudservers.compute.CloudServersUSComputeServiceLiveTest) succeeded: 384441ms
Test suite progress: tests succeeded: 133, failed: 0, skipped: 0.
Starting test testGetAssignableLocations(org.jclouds.rackspace.cloudservers.compute.CloudServersUSComputeServiceLiveTest)
Mar 12, 2012 8:52:56 PM org.jclouds.compute.BaseComputeServiceLiveTest testGetAssignableLocations
WARNING: location [id=cloudservers-us, scope=PROVIDER, description=https://auth.api.rackspacecloud.com, parent=null, iso3166Codes=[US-IL, US-TX], metadata={}]
[TestNG] Test testGetAssignableLocations(org.jclouds.rackspace.cloudservers.compute.CloudServersUSComputeServiceLiveTest) succeeded: 0ms
Test suite progress: tests succeeded: 134, failed: 0, skipped: 0.
Starting test testImagesCache(org.jclouds.rackspace.cloudservers.compute.CloudServersUSComputeServiceLiveTest)
[TestNG] Test testImagesCache(org.jclouds.rackspace.cloudservers.compute.CloudServersUSComputeServiceLiveTest) succeeded: 0ms
Test suite progress: tests succeeded: 135, failed: 0, skipped: 0.
Starting test testListImages(org.jclouds.rackspace.cloudservers.compute.CloudServersUSComputeServiceLiveTest)
[TestNG] Test testListImages(org.jclouds.rackspace.cloudservers.compute.CloudServersUSComputeServiceLiveTest) succeeded: 0ms
Test suite progress: tests succeeded: 136, failed: 0, skipped: 0.
Starting test testListSizes(org.jclouds.rackspace.cloudservers.compute.CloudServersUSComputeServiceLiveTest)
[TestNG] Test testListSizes(org.jclouds.rackspace.cloudservers.compute.CloudServersUSComputeServiceLiveTest) succeeded: 0ms
Test suite progress: tests succeeded: 137, failed: 0, skipped: 0.
Starting test testOptionToNotBlock(org.jclouds.rackspace.cloudservers.compute.CloudServersUSComputeServiceLiveTest)
[TestNG] Test testOptionToNotBlock(org.jclouds.rackspace.cloudservers.compute.CloudServersUSComputeServiceLiveTest) succeeded: 187833ms
Test suite progress: tests succeeded: 138, failed: 0, skipped: 0.
Starting test testAssignability(org.jclouds.rackspace.cloudservers.compute.CloudServersUSComputeServiceLiveTest)
[TestNG] Test testAssignability(org.jclouds.rackspace.cloudservers.compute.CloudServersUSComputeServiceLiveTest) succeeded: 108ms
Test suite progress: tests succeeded: 139, failed: 0, skipped: 0.
Starting test testCorrectExceptionRunningNodesNotFound(org.jclouds.rackspace.cloudservers.compute.CloudServersUSComputeServiceLiveTest)
[TestNG] Test testCorrectExceptionRunningNodesNotFound(org.jclouds.rackspace.cloudservers.compute.CloudServersUSComputeServiceLiveTest) succeeded: 492ms
Test suite progress: tests succeeded: 140, failed: 0, skipped: 0.
Starting test testAScriptExecutionAfterBootWithBasicTemplate(org.jclouds.rackspace.cloudservers.compute.CloudServersUSComputeServiceLiveTest)
<< problem applying options to node(20675730): 
org.jclouds.rest.AuthorizationException: (root:pw[5d907853a9617cfd55fb62eae803595b]@50.57.221.49:22) (root:pw[5d907853a9617cfd55fb62eae803595b]@50.57.221.49:22) error acquiring SSHClient(timeout=60000) (not retryable): Exhausted available authentication methods
	at org.jclouds.sshj.SshjSshClient.propagate(SshjSshClient.java:416)
	at org.jclouds.sshj.SshjSshClient.acquire(SshjSshClient.java:247)
	at org.jclouds.sshj.SshjSshClient.connect(SshjSshClient.java:257)
	at org.jclouds.compute.callables.RunScriptOnNodeUsingSsh.call(RunScriptOnNodeUsingSsh.java:80)
	at org.jclouds.compute.strategy.RunScriptOnNodeAndAddToGoodMapOrPutExceptionIntoBadMap.call(RunScriptOnNodeAndAddToGoodMapOrPutExceptionIntoBadMap.java:69)
	at org.jclouds.compute.strategy.RunScriptOnNodeAndAddToGoodMapOrPutExceptionIntoBadMap.call(RunScriptOnNodeAndAddToGoodMapOrPutExceptionIntoBadMap.java:44)
	at java.util.concurrent.FutureTask$Sync.innerRun(FutureTask.java:303)
	at java.util.concurrent.FutureTask.run(FutureTask.java:138)
	at java.util.concurrent.ThreadPoolExecutor$Worker.runTask(ThreadPoolExecutor.java:886)
	at java.util.concurrent.ThreadPoolExecutor$Worker.run(ThreadPoolExecutor.java:908)
	at java.lang.Thread.run(Thread.java:680)
Caused by: net.schmizz.sshj.userauth.UserAuthException: Exhausted available authentication methods
	at net.schmizz.sshj.userauth.UserAuthImpl.authenticate(UserAuthImpl.java:114)
	at net.schmizz.sshj.SSHClient.auth(SSHClient.java:204)
	at net.schmizz.sshj.SSHClient.auth(SSHClient.java:189)
	at net.schmizz.sshj.SSHClient.authPassword(SSHClient.java:265)
	at net.schmizz.sshj.SSHClient.authPassword(SSHClient.java:235)
	at net.schmizz.sshj.SSHClient.authPassword(SSHClient.java:219)
	at org.jclouds.sshj.SshjSshClient$1.create(SshjSshClient.java:203)
	at org.jclouds.sshj.SshjSshClient$1.create(SshjSshClient.java:179)
	at org.jclouds.sshj.SshjSshClient.acquire(SshjSshClient.java:228)
	... 9 more
Caused by: net.schmizz.sshj.userauth.UserAuthException: keyboard-interactive auth not allowed by server
	at net.schmizz.sshj.userauth.UserAuthImpl.authenticate(UserAuthImpl.java:81)
	... 17 more
[TestNG] Test testAScriptExecutionAfterBootWithBasicTemplate(org.jclouds.rackspace.cloudservers.compute.CloudServersUSComputeServiceLiveTest) succeeded: 328667ms
Test suite progress: tests succeeded: 141, failed: 0, skipped: 0.
Starting test testCreateTwoNodesWithRunScript(org.jclouds.rackspace.cloudservers.compute.CloudServersUSComputeServiceLiveTest)
[TestNG] Test testCreateTwoNodesWithRunScript(org.jclouds.rackspace.cloudservers.compute.CloudServersUSComputeServiceLiveTest) succeeded: 319570ms
Test suite progress: tests succeeded: 142, failed: 0, skipped: 0.
Starting test testTemplateMatch(org.jclouds.rackspace.cloudservers.compute.CloudServersUSComputeServiceLiveTest)
[TestNG] Test testTemplateMatch(org.jclouds.rackspace.cloudservers.compute.CloudServersUSComputeServiceLiveTest) succeeded: 1026ms
Test suite progress: tests succeeded: 143, failed: 0, skipped: 0.
Starting test testCreateAnotherNodeWithANewContextToEnsureSharedMemIsntRequired(org.jclouds.rackspace.cloudservers.compute.CloudServersUSComputeServiceLiveTest)
Mar 12, 2012 9:06:55 PM org.jclouds.compute.BaseComputeServiceLiveTest testCreateAnotherNodeWithANewContextToEnsureSharedMemIsntRequired
INFO: [id=5235ead77df04ea34b8dd219fca97a9f, scope=HOST, description=5235ead77df04ea34b8dd219fca97a9f, parent=cloudservers-us, iso3166Codes=[], metadata={}] is not assignable; using template's location [id=cloudservers-us, scope=PROVIDER, description=https://auth.api.rackspacecloud.com, parent=null, iso3166Codes=[US-IL, US-TX], metadata={}] as  
[TestNG] Test testCreateAnotherNodeWithANewContextToEnsureSharedMemIsntRequired(org.jclouds.rackspace.cloudservers.compute.CloudServersUSComputeServiceLiveTest) succeeded: 284988ms
Test suite progress: tests succeeded: 144, failed: 0, skipped: 0.
Starting test testCredentialsCache(org.jclouds.rackspace.cloudservers.compute.CloudServersUSComputeServiceLiveTest)
[TestNG] Test testCredentialsCache(org.jclouds.rackspace.cloudservers.compute.CloudServersUSComputeServiceLiveTest) succeeded: 140ms
Test suite progress: tests succeeded: 145, failed: 0, skipped: 0.
Starting test testGet(org.jclouds.rackspace.cloudservers.compute.CloudServersUSComputeServiceLiveTest)
[TestNG] Test testGet(org.jclouds.rackspace.cloudservers.compute.CloudServersUSComputeServiceLiveTest) succeeded: 11039ms
Test suite progress: tests succeeded: 146, failed: 0, skipped: 0.
Starting test testReboot(org.jclouds.rackspace.cloudservers.compute.CloudServersUSComputeServiceLiveTest)
[TestNG] Test testReboot(org.jclouds.rackspace.cloudservers.compute.CloudServersUSComputeServiceLiveTest) succeeded: 100668ms
Test suite progress: tests succeeded: 147, failed: 0, skipped: 0.
Starting test testSuspendResume(org.jclouds.rackspace.cloudservers.compute.CloudServersUSComputeServiceLiveTest)
[TestNG] Test testSuspendResume(org.jclouds.rackspace.cloudservers.compute.CloudServersUSComputeServiceLiveTest) succeeded: 2273ms
Test suite progress: tests succeeded: 148, failed: 0, skipped: 0.
Starting test testGetNodesWithDetails(org.jclouds.rackspace.cloudservers.compute.CloudServersUSComputeServiceLiveTest)
[TestNG] Test testGetNodesWithDetails(org.jclouds.rackspace.cloudservers.compute.CloudServersUSComputeServiceLiveTest) succeeded: 921ms
Test suite progress: tests succeeded: 149, failed: 0, skipped: 0.
Starting test testListNodes(org.jclouds.rackspace.cloudservers.compute.CloudServersUSComputeServiceLiveTest)
[TestNG] Test testListNodes(org.jclouds.rackspace.cloudservers.compute.CloudServersUSComputeServiceLiveTest) succeeded: 241ms
Test suite progress: tests succeeded: 150, failed: 0, skipped: 0.
Starting test testDestroyNodes(org.jclouds.rackspace.cloudservers.compute.CloudServersUSComputeServiceLiveTest)
[TestNG] Test testDestroyNodes(org.jclouds.rackspace.cloudservers.compute.CloudServersUSComputeServiceLiveTest) succeeded: 4828ms
Test suite progress: tests succeeded: 151, failed: 0, skipped: 0.
Tests run: 151, Failures: 0, Errors: 0, Skipped: 0, Time elapsed: 2,641.872 sec

Results :

Tests run: 151, Failures: 0, Errors: 0, Skipped: 0

[INFO] 
[INFO] --- maven-install-plugin:2.3:install (default-install) @ cloudservers-us ---
[INFO] Installing /Users/adriancole/workspace/git/1.4.x/jclouds/providers/cloudservers-us/target/cloudservers-us-1.4.0-SNAPSHOT.jar to /Users/adriancole/.m2/repository/org/jclouds/provider/cloudservers-us/1.4.0-SNAPSHOT/cloudservers-us-1.4.0-SNAPSHOT.jar
[INFO] Installing /Users/adriancole/workspace/git/1.4.x/jclouds/providers/cloudservers-us/pom.xml to /Users/adriancole/.m2/repository/org/jclouds/provider/cloudservers-us/1.4.0-SNAPSHOT/cloudservers-us-1.4.0-SNAPSHOT.pom
[INFO] Installing /Users/adriancole/workspace/git/1.4.x/jclouds/providers/cloudservers-us/target/cloudservers-us-1.4.0-SNAPSHOT-sources.jar to /Users/adriancole/.m2/repository/org/jclouds/provider/cloudservers-us/1.4.0-SNAPSHOT/cloudservers-us-1.4.0-SNAPSHOT-sources.jar
[INFO] Installing /Users/adriancole/workspace/git/1.4.x/jclouds/providers/cloudservers-us/target/cloudservers-us-1.4.0-SNAPSHOT-tests.jar to /Users/adriancole/.m2/repository/org/jclouds/provider/cloudservers-us/1.4.0-SNAPSHOT/cloudservers-us-1.4.0-SNAPSHOT-tests.jar
[INFO] 
[INFO] --- maven-bundle-plugin:2.3.4:install (default-install) @ cloudservers-us ---
[INFO] Installing org/jclouds/provider/cloudservers-us/1.4.0-SNAPSHOT/cloudservers-us-1.4.0-SNAPSHOT.jar
[INFO] Writing OBR metadata
[INFO] ------------------------------------------------------------------------
[INFO] BUILD SUCCESS
[INFO] ------------------------------------------------------------------------
[INFO] Total time: 44:41.121s
[INFO] Finished at: Mon Mar 12 21:13:51 PDT 2012
[INFO] Final Memory: 20M/265M
[INFO] ------------------------------------------------------------------------
