[INFO] Scanning for projects...
[WARNING] 
[WARNING] Some problems were encountered while building the effective model for org.jclouds.provider:cloudservers-uk:bundle:1.4.0-SNAPSHOT
[WARNING] 'parent.relativePath' of POM org.jclouds:jclouds-project:1.4.0-SNAPSHOT (/Users/adriancole/workspace/git/1.4.x/jclouds/project/pom.xml) points at org.jclouds:jclouds-multi instead of org.sonatype.oss:oss-parent, please verify your project structure @ org.jclouds:jclouds-project:1.4.0-SNAPSHOT, /Users/adriancole/workspace/git/1.4.x/jclouds/project/pom.xml, line 24, column 13
[WARNING] 
[WARNING] It is highly recommended to fix these problems because they threaten the stability of your build.
[WARNING] 
[WARNING] For this reason, future Maven versions might no longer support building such malformed projects.
[WARNING] 
[INFO]                                                                         
[INFO] ------------------------------------------------------------------------
[INFO] Building jclouds CloudServers UK provider 1.4.0-SNAPSHOT
[INFO] ------------------------------------------------------------------------
[INFO] 
[INFO] --- maven-clean-plugin:2.4.1:clean (default-clean) @ cloudservers-uk ---
[INFO] Deleting /Users/adriancole/workspace/git/1.4.x/jclouds/providers/cloudservers-uk/target
[INFO] 
[INFO] --- maven-enforcer-plugin:1.0.1:enforce (enforce-maven) @ cloudservers-uk ---
[INFO] 
[INFO] --- maven-enforcer-plugin:1.0.1:enforce (enforce-banned-dependencies) @ cloudservers-uk ---
[INFO] 
[INFO] --- maven-enforcer-plugin:1.0.1:enforce (enforce-java) @ cloudservers-uk ---
[INFO] 
[INFO] --- maven-remote-resources-plugin:1.2:process (process-remote-resources) @ cloudservers-uk ---
[INFO] Setting property: classpath.resource.loader.class => 'org.codehaus.plexus.velocity.ContextClassLoaderResourceLoader'.
[INFO] Setting property: velocimacro.messages.on => 'false'.
[INFO] Setting property: resource.loader => 'classpath'.
[INFO] Setting property: resource.manager.logwhenfound => 'false'.
[INFO] 
[INFO] --- maven-resources-plugin:2.4.2:resources (default-resources) @ cloudservers-uk ---
[INFO] Using 'UTF-8' encoding to copy filtered resources.
[INFO] skip non existing resourceDirectory /Users/adriancole/workspace/git/1.4.x/jclouds/providers/cloudservers-uk/src/main/clojure
[INFO] Copying 1 resource
[INFO] Copying 2 resources
[INFO] 
[INFO] --- maven-compiler-plugin:2.3:compile (default-compile) @ cloudservers-uk ---
[INFO] Compiling 2 source files to /Users/adriancole/workspace/git/1.4.x/jclouds/providers/cloudservers-uk/target/classes
[INFO] 
[INFO] --- maven-resources-plugin:2.4.2:testResources (default-testResources) @ cloudservers-uk ---
[INFO] Using 'UTF-8' encoding to copy filtered resources.
[INFO] skip non existing resourceDirectory /Users/adriancole/workspace/git/1.4.x/jclouds/providers/cloudservers-uk/src/test/clojure
[INFO] skip non existing resourceDirectory /Users/adriancole/workspace/git/1.4.x/jclouds/providers/cloudservers-uk/src/test/resources
[INFO] Copying 2 resources
[INFO] 
[INFO] --- maven-compiler-plugin:2.3:testCompile (default-testCompile) @ cloudservers-uk ---
[INFO] Compiling 4 source files to /Users/adriancole/workspace/git/1.4.x/jclouds/providers/cloudservers-uk/target/test-classes
[INFO] 
[INFO] --- maven-surefire-plugin:2.10:test (default-test) @ cloudservers-uk ---
[INFO] Surefire report directory: /Users/adriancole/workspace/git/1.4.x/jclouds/providers/cloudservers-uk/target/surefire-reports
[INFO] Using configured provider org.apache.maven.surefire.testng.TestNGProvider

-------------------------------------------------------
 T E S T S
-------------------------------------------------------
Running org.jclouds.rackspace.cloudservers.CloudServersUKProviderTest
Starting test testAllContains(org.jclouds.rackspace.cloudservers.CloudServersUKProviderTest)
Starting test testInRestProperties(org.jclouds.rackspace.cloudservers.CloudServersUKProviderTest)
Starting test testOfTypeContains(org.jclouds.rackspace.cloudservers.CloudServersUKProviderTest)
Starting test testWithId(org.jclouds.rackspace.cloudservers.CloudServersUKProviderTest)
[pool-2-thread-3] Test testOfTypeContains(org.jclouds.rackspace.cloudservers.CloudServersUKProviderTest) succeeded: 47ms
Test suite progress: tests succeeded: 1, failed: 0, skipped: 0.
[pool-2-thread-4] Test testWithId(org.jclouds.rackspace.cloudservers.CloudServersUKProviderTest) succeeded: 63ms
Test suite progress: tests succeeded: 2, failed: 0, skipped: 0.
[pool-2-thread-1] Test testAllContains(org.jclouds.rackspace.cloudservers.CloudServersUKProviderTest) succeeded: 92ms
Test suite progress: tests succeeded: 3, failed: 0, skipped: 0.
[pool-2-thread-2] Test testInRestProperties(org.jclouds.rackspace.cloudservers.CloudServersUKProviderTest) succeeded: 176ms
Test suite progress: tests succeeded: 4, failed: 0, skipped: 0.
Tests run: 4, Failures: 0, Errors: 0, Skipped: 0, Time elapsed: 2.087 sec

Results :

Tests run: 4, Failures: 0, Errors: 0, Skipped: 0

[INFO] 
[INFO] --- clojure-maven-plugin:1.3.8:test (test-clojure) @ cloudservers-uk ---

Testing com.theoryinpractise.clojure.testrunner

Ran 0 tests containing 0 assertions.
0 failures, 0 errors.
[INFO] 
[INFO] --- maven-bundle-plugin:2.3.4:bundle (default-bundle) @ cloudservers-uk ---
[INFO] 
[INFO] --- maven-source-plugin:2.1.1:jar-no-fork (attach-sources) @ cloudservers-uk ---
[INFO] Building jar: /Users/adriancole/workspace/git/1.4.x/jclouds/providers/cloudservers-uk/target/cloudservers-uk-1.4.0-SNAPSHOT-sources.jar
[INFO] 
[INFO] --- maven-javadoc-plugin:2.8:jar (javadoc) @ cloudservers-uk ---
[INFO] Skipping javadoc generation
[INFO] 
[INFO] --- maven-jar-plugin:2.3.1:test-jar (default) @ cloudservers-uk ---
[INFO] Building jar: /Users/adriancole/workspace/git/1.4.x/jclouds/providers/cloudservers-uk/target/cloudservers-uk-1.4.0-SNAPSHOT-tests.jar
[INFO] 
[INFO] --- maven-surefire-plugin:2.10:test (integration) @ cloudservers-uk ---
[INFO] Surefire report directory: /Users/adriancole/workspace/git/1.4.x/jclouds/providers/cloudservers-uk/target/surefire-reports
[INFO] Using configured provider org.apache.maven.surefire.testng.TestNGProvider

-------------------------------------------------------
 T E S T S
-------------------------------------------------------
Running TestSuite
Starting test testCompareSizes(org.jclouds.rackspace.cloudservers.compute.CloudServersUKTemplateBuilderLiveTest)
Starting test setServiceDefaults(org.jclouds.rackspace.cloudservers.compute.CloudServersUKComputeServiceLiveTest)
[TestNG] Test setServiceDefaults(org.jclouds.rackspace.cloudservers.compute.CloudServersUKComputeServiceLiveTest) succeeded: 0ms
Test suite progress: tests succeeded: 1, failed: 0, skipped: 0.
Starting test testCompareSizes(org.jclouds.rackspace.cloudservers.compute.CloudServersUKComputeServiceLiveTest)
Mar 12, 2012 8:16:34 PM org.jclouds.compute.BaseComputeServiceLiveTest testCompareSizes
INFO: smallest [id=1, providerId=1, name=256 server, processors=[[cores=1.0, speed=1.0]], ram=256, volumes=[[id=null, type=LOCAL, size=10.0, device=null, durable=true, isBootDevice=true]], hypervisor=xen, supportsImage=ALWAYS_TRUE, tags=[]]
Mar 12, 2012 8:16:34 PM org.jclouds.compute.BaseComputeServiceLiveTest testCompareSizes
INFO: fastest [id=8, providerId=8, name=30GB server, processors=[[cores=120.0, speed=1.0]], ram=30720, volumes=[[id=null, type=LOCAL, size=1200.0, device=null, durable=true, isBootDevice=true]], hypervisor=xen, supportsImage=ALWAYS_TRUE, tags=[]]
Mar 12, 2012 8:16:34 PM org.jclouds.compute.BaseComputeServiceLiveTest testCompareSizes
INFO: biggest [id=8, providerId=8, name=30GB server, processors=[[cores=120.0, speed=1.0]], ram=30720, volumes=[[id=null, type=LOCAL, size=1200.0, device=null, durable=true, isBootDevice=true]], hypervisor=xen, supportsImage=ALWAYS_TRUE, tags=[]]
[TestNG] Test testCompareSizes(org.jclouds.rackspace.cloudservers.compute.CloudServersUKComputeServiceLiveTest) succeeded: 4738ms
Test suite progress: tests succeeded: 2, failed: 0, skipped: 0.
Starting test testCorrectAuthException(org.jclouds.rackspace.cloudservers.compute.CloudServersUKComputeServiceLiveTest)
smallest [id=1, providerId=1, name=256 server, processors=[[cores=1.0, speed=1.0]], ram=256, volumes=[[id=null, type=LOCAL, size=10.0, device=null, durable=true, isBootDevice=true]], hypervisor=xen, supportsImage=ALWAYS_TRUE, tags=[]]
fastest [id=8, providerId=8, name=30GB server, processors=[[cores=120.0, speed=1.0]], ram=30720, volumes=[[id=null, type=LOCAL, size=1200.0, device=null, durable=true, isBootDevice=true]], hypervisor=xen, supportsImage=ALWAYS_TRUE, tags=[]]
biggest [id=8, providerId=8, name=30GB server, processors=[[cores=120.0, speed=1.0]], ram=30720, volumes=[[id=null, type=LOCAL, size=1200.0, device=null, durable=true, isBootDevice=true]], hypervisor=xen, supportsImage=ALWAYS_TRUE, tags=[]]
[TestNG] Test testCompareSizes(org.jclouds.rackspace.cloudservers.compute.CloudServersUKTemplateBuilderLiveTest) succeeded: 5678ms
Test suite progress: tests succeeded: 3, failed: 0, skipped: 0.
Starting test testDefaultTemplateBuilder(org.jclouds.rackspace.cloudservers.compute.CloudServersUKTemplateBuilderLiveTest)
[TestNG] Test testDefaultTemplateBuilder(org.jclouds.rackspace.cloudservers.compute.CloudServersUKTemplateBuilderLiveTest) succeeded: 2ms
Test suite progress: tests succeeded: 4, failed: 0, skipped: 0.
Starting test testFromTemplate(org.jclouds.rackspace.cloudservers.compute.CloudServersUKTemplateBuilderLiveTest)
[TestNG] Test testFromTemplate(org.jclouds.rackspace.cloudservers.compute.CloudServersUKTemplateBuilderLiveTest) succeeded: 3ms
Test suite progress: tests succeeded: 5, failed: 0, skipped: 0.
Starting test testGetAssignableLocations(org.jclouds.rackspace.cloudservers.compute.CloudServersUKTemplateBuilderLiveTest)
location [id=cloudservers-uk, scope=PROVIDER, description=https://lon.auth.api.rackspacecloud.com, parent=null, iso3166Codes=[GB-SLG], metadata={}]
[TestNG] Test testGetAssignableLocations(org.jclouds.rackspace.cloudservers.compute.CloudServersUKTemplateBuilderLiveTest) succeeded: 1ms
Test suite progress: tests succeeded: 6, failed: 0, skipped: 0.
Starting test testTemplateBuilderCanFind(org.jclouds.rackspace.cloudservers.compute.CloudServersUKTemplateBuilderLiveTest)
[TestNG] Test testTemplateBuilderCanFind(org.jclouds.rackspace.cloudservers.compute.CloudServersUKTemplateBuilderLiveTest) succeeded: 6ms
Test suite progress: tests succeeded: 7, failed: 0, skipped: 0.
Starting test testTemplateBuilderCanFind(org.jclouds.rackspace.cloudservers.compute.CloudServersUKTemplateBuilderLiveTest)
[TestNG] Test testTemplateBuilderCanFind(org.jclouds.rackspace.cloudservers.compute.CloudServersUKTemplateBuilderLiveTest) succeeded: 3ms
Test suite progress: tests succeeded: 8, failed: 0, skipped: 0.
Starting test testTemplateBuilderCanFind(org.jclouds.rackspace.cloudservers.compute.CloudServersUKTemplateBuilderLiveTest)
[TestNG] Test testTemplateBuilderCanFind(org.jclouds.rackspace.cloudservers.compute.CloudServersUKTemplateBuilderLiveTest) succeeded: 3ms
Test suite progress: tests succeeded: 9, failed: 0, skipped: 0.
Starting test testTemplateBuilderCanFind(org.jclouds.rackspace.cloudservers.compute.CloudServersUKTemplateBuilderLiveTest)
[TestNG] Test testTemplateBuilderCanFind(org.jclouds.rackspace.cloudservers.compute.CloudServersUKTemplateBuilderLiveTest) succeeded: 1ms
Test suite progress: tests succeeded: 10, failed: 0, skipped: 0.
Starting test testTemplateBuilderCanFind(org.jclouds.rackspace.cloudservers.compute.CloudServersUKTemplateBuilderLiveTest)
[TestNG] Test testTemplateBuilderCanFind(org.jclouds.rackspace.cloudservers.compute.CloudServersUKTemplateBuilderLiveTest) succeeded: 92ms
Test suite progress: tests succeeded: 11, failed: 0, skipped: 0.
Starting test testTemplateBuilderCanFind(org.jclouds.rackspace.cloudservers.compute.CloudServersUKTemplateBuilderLiveTest)
[TestNG] Test testTemplateBuilderCanFind(org.jclouds.rackspace.cloudservers.compute.CloudServersUKTemplateBuilderLiveTest) succeeded: 3ms
Test suite progress: tests succeeded: 12, failed: 0, skipped: 0.
Starting test testTemplateBuilderCanFind(org.jclouds.rackspace.cloudservers.compute.CloudServersUKTemplateBuilderLiveTest)
[TestNG] Test testTemplateBuilderCanFind(org.jclouds.rackspace.cloudservers.compute.CloudServersUKTemplateBuilderLiveTest) succeeded: 3ms
Test suite progress: tests succeeded: 13, failed: 0, skipped: 0.
Starting test testTemplateBuilderCanFind(org.jclouds.rackspace.cloudservers.compute.CloudServersUKTemplateBuilderLiveTest)
[TestNG] Test testTemplateBuilderCanFind(org.jclouds.rackspace.cloudservers.compute.CloudServersUKTemplateBuilderLiveTest) succeeded: 1ms
Test suite progress: tests succeeded: 14, failed: 0, skipped: 0.
Starting test testTemplateBuilderCanFind(org.jclouds.rackspace.cloudservers.compute.CloudServersUKTemplateBuilderLiveTest)
[TestNG] Test testTemplateBuilderCanFind(org.jclouds.rackspace.cloudservers.compute.CloudServersUKTemplateBuilderLiveTest) succeeded: 2ms
Test suite progress: tests succeeded: 15, failed: 0, skipped: 0.
Starting test testTemplateBuilderCanFind(org.jclouds.rackspace.cloudservers.compute.CloudServersUKTemplateBuilderLiveTest)
[TestNG] Test testTemplateBuilderCanFind(org.jclouds.rackspace.cloudservers.compute.CloudServersUKTemplateBuilderLiveTest) succeeded: 11ms
Test suite progress: tests succeeded: 16, failed: 0, skipped: 0.
Starting test testTemplateBuilderCanFind(org.jclouds.rackspace.cloudservers.compute.CloudServersUKTemplateBuilderLiveTest)
[TestNG] Test testTemplateBuilderCanFind(org.jclouds.rackspace.cloudservers.compute.CloudServersUKTemplateBuilderLiveTest) succeeded: 1ms
Test suite progress: tests succeeded: 17, failed: 0, skipped: 0.
Starting test testTemplateBuilderCanFind(org.jclouds.rackspace.cloudservers.compute.CloudServersUKTemplateBuilderLiveTest)
[TestNG] Test testTemplateBuilderCanFind(org.jclouds.rackspace.cloudservers.compute.CloudServersUKTemplateBuilderLiveTest) succeeded: 2ms
Test suite progress: tests succeeded: 18, failed: 0, skipped: 0.
Starting test testTemplateBuilderCanFind(org.jclouds.rackspace.cloudservers.compute.CloudServersUKTemplateBuilderLiveTest)
[TestNG] Test testTemplateBuilderCanFind(org.jclouds.rackspace.cloudservers.compute.CloudServersUKTemplateBuilderLiveTest) succeeded: 1ms
Test suite progress: tests succeeded: 19, failed: 0, skipped: 0.
Starting test testTemplateBuilderCanUseImageId(org.jclouds.rackspace.cloudservers.compute.CloudServersUKTemplateBuilderLiveTest)
[TestNG] Test testCorrectAuthException(org.jclouds.rackspace.cloudservers.compute.CloudServersUKComputeServiceLiveTest) succeeded: 1780ms
Test suite progress: tests succeeded: 20, failed: 0, skipped: 0.
Starting test testCreateAndRunAService(org.jclouds.rackspace.cloudservers.compute.CloudServersUKComputeServiceLiveTest)
Mar 12, 2012 8:16:36 PM com.google.common.util.concurrent.ExecutionList$RunnableExecutorPair execute
SEVERE: RuntimeException while executing runnable com.google.common.util.concurrent.Futures$ChainingListenableFuture@6bd3e069 with executor java.util.concurrent.ThreadPoolExecutor@233244cd
java.util.concurrent.RejectedExecutionException
	at java.util.concurrent.ThreadPoolExecutor$AbortPolicy.rejectedExecution(ThreadPoolExecutor.java:1768)
	at java.util.concurrent.ThreadPoolExecutor.reject(ThreadPoolExecutor.java:767)
	at java.util.concurrent.ThreadPoolExecutor.execute(ThreadPoolExecutor.java:658)
	at org.jclouds.concurrent.config.ExecutorServiceModule$DescribingExecutorService.execute(ExecutorServiceModule.java:200)
	at com.google.common.util.concurrent.ExecutionList$RunnableExecutorPair.execute(ExecutionList.java:149)
	at com.google.common.util.concurrent.ExecutionList.execute(ExecutionList.java:134)
	at org.jclouds.concurrent.Futures$CallGetAndRunExecutionList.run(Futures.java:72)
	at java.util.concurrent.ThreadPoolExecutor$Worker.runTask(ThreadPoolExecutor.java:886)
	at java.util.concurrent.ThreadPoolExecutor$Worker.run(ThreadPoolExecutor.java:908)
	at java.lang.Thread.run(Thread.java:680)
[TestNG] Test testTemplateBuilderCanUseImageId(org.jclouds.rackspace.cloudservers.compute.CloudServersUKTemplateBuilderLiveTest) succeeded: 4094ms
Test suite progress: tests succeeded: 21, failed: 0, skipped: 0.
Starting test testTemplateBuilderCannotFind(org.jclouds.rackspace.cloudservers.compute.CloudServersUKTemplateBuilderLiveTest)
[TestNG] Test testTemplateBuilderCannotFind(org.jclouds.rackspace.cloudservers.compute.CloudServersUKTemplateBuilderLiveTest) failed.
Test suite progress: tests succeeded: 21, failed: 1, skipped: 0.
Starting test testTemplateBuilderCannotFind(org.jclouds.rackspace.cloudservers.compute.CloudServersUKTemplateBuilderLiveTest)
[TestNG] Test testTemplateBuilderCannotFind(org.jclouds.rackspace.cloudservers.compute.CloudServersUKTemplateBuilderLiveTest) succeeded: 5ms
Test suite progress: tests succeeded: 22, failed: 1, skipped: 0.
Starting test testTemplateBuilderCannotFind(org.jclouds.rackspace.cloudservers.compute.CloudServersUKTemplateBuilderLiveTest)
[TestNG] Test testTemplateBuilderCannotFind(org.jclouds.rackspace.cloudservers.compute.CloudServersUKTemplateBuilderLiveTest) succeeded: 2ms
Test suite progress: tests succeeded: 23, failed: 1, skipped: 0.
Starting test testTemplateBuilderCannotFind(org.jclouds.rackspace.cloudservers.compute.CloudServersUKTemplateBuilderLiveTest)
[TestNG] Test testTemplateBuilderCannotFind(org.jclouds.rackspace.cloudservers.compute.CloudServersUKTemplateBuilderLiveTest) succeeded: 1ms
Test suite progress: tests succeeded: 24, failed: 1, skipped: 0.
Starting test testTemplateBuilderCannotFind(org.jclouds.rackspace.cloudservers.compute.CloudServersUKTemplateBuilderLiveTest)
[TestNG] Test testTemplateBuilderCannotFind(org.jclouds.rackspace.cloudservers.compute.CloudServersUKTemplateBuilderLiveTest) succeeded: 18ms
Test suite progress: tests succeeded: 25, failed: 1, skipped: 0.
Starting test testTemplateBuilderCannotFind(org.jclouds.rackspace.cloudservers.compute.CloudServersUKTemplateBuilderLiveTest)
[TestNG] Test testTemplateBuilderCannotFind(org.jclouds.rackspace.cloudservers.compute.CloudServersUKTemplateBuilderLiveTest) succeeded: 1ms
Test suite progress: tests succeeded: 26, failed: 1, skipped: 0.
Starting test testTemplateBuilderCannotFind(org.jclouds.rackspace.cloudservers.compute.CloudServersUKTemplateBuilderLiveTest)
[TestNG] Test testTemplateBuilderCannotFind(org.jclouds.rackspace.cloudservers.compute.CloudServersUKTemplateBuilderLiveTest) succeeded: 1ms
Test suite progress: tests succeeded: 27, failed: 1, skipped: 0.
Starting test testTemplateBuilderCannotFind(org.jclouds.rackspace.cloudservers.compute.CloudServersUKTemplateBuilderLiveTest)
[TestNG] Test testTemplateBuilderCannotFind(org.jclouds.rackspace.cloudservers.compute.CloudServersUKTemplateBuilderLiveTest) succeeded: 1ms
Test suite progress: tests succeeded: 28, failed: 1, skipped: 0.
Starting test testTemplateBuilderCannotFind(org.jclouds.rackspace.cloudservers.compute.CloudServersUKTemplateBuilderLiveTest)
[TestNG] Test testTemplateBuilderCannotFind(org.jclouds.rackspace.cloudservers.compute.CloudServersUKTemplateBuilderLiveTest) succeeded: 1ms
Test suite progress: tests succeeded: 29, failed: 1, skipped: 0.
Starting test testTemplateBuilderCannotFind(org.jclouds.rackspace.cloudservers.compute.CloudServersUKTemplateBuilderLiveTest)
[TestNG] Test testTemplateBuilderCannotFind(org.jclouds.rackspace.cloudservers.compute.CloudServersUKTemplateBuilderLiveTest) succeeded: 1ms
Test suite progress: tests succeeded: 30, failed: 1, skipped: 0.
Starting test testTemplateBuilderCannotFind(org.jclouds.rackspace.cloudservers.compute.CloudServersUKTemplateBuilderLiveTest)
[TestNG] Test testTemplateBuilderCannotFind(org.jclouds.rackspace.cloudservers.compute.CloudServersUKTemplateBuilderLiveTest) succeeded: 1ms
Test suite progress: tests succeeded: 31, failed: 1, skipped: 0.
Starting test testTemplateBuilderCannotFind(org.jclouds.rackspace.cloudservers.compute.CloudServersUKTemplateBuilderLiveTest)
[TestNG] Test testTemplateBuilderCannotFind(org.jclouds.rackspace.cloudservers.compute.CloudServersUKTemplateBuilderLiveTest) succeeded: 0ms
Test suite progress: tests succeeded: 32, failed: 1, skipped: 0.
Starting test testTemplateBuilderCannotFind(org.jclouds.rackspace.cloudservers.compute.CloudServersUKTemplateBuilderLiveTest)
[TestNG] Test testTemplateBuilderCannotFind(org.jclouds.rackspace.cloudservers.compute.CloudServersUKTemplateBuilderLiveTest) succeeded: 2ms
Test suite progress: tests succeeded: 33, failed: 1, skipped: 0.
Starting test testTemplateBuilderCannotFind(org.jclouds.rackspace.cloudservers.compute.CloudServersUKTemplateBuilderLiveTest)
[TestNG] Test testTemplateBuilderCannotFind(org.jclouds.rackspace.cloudservers.compute.CloudServersUKTemplateBuilderLiveTest) succeeded: 0ms
Test suite progress: tests succeeded: 34, failed: 1, skipped: 0.
Starting test testTemplateBuilderCannotFind(org.jclouds.rackspace.cloudservers.compute.CloudServersUKTemplateBuilderLiveTest)
[TestNG] Test testTemplateBuilderCannotFind(org.jclouds.rackspace.cloudservers.compute.CloudServersUKTemplateBuilderLiveTest) succeeded: 0ms
Test suite progress: tests succeeded: 35, failed: 1, skipped: 0.
Starting test testTemplateBuilderCannotFind(org.jclouds.rackspace.cloudservers.compute.CloudServersUKTemplateBuilderLiveTest)
[TestNG] Test testTemplateBuilderCannotFind(org.jclouds.rackspace.cloudservers.compute.CloudServersUKTemplateBuilderLiveTest) succeeded: 1ms
Test suite progress: tests succeeded: 36, failed: 1, skipped: 0.
Starting test testTemplateBuilderCannotFind(org.jclouds.rackspace.cloudservers.compute.CloudServersUKTemplateBuilderLiveTest)
[TestNG] Test testTemplateBuilderCannotFind(org.jclouds.rackspace.cloudservers.compute.CloudServersUKTemplateBuilderLiveTest) succeeded: 1ms
Test suite progress: tests succeeded: 37, failed: 1, skipped: 0.
Starting test testTemplateBuilderCannotFind(org.jclouds.rackspace.cloudservers.compute.CloudServersUKTemplateBuilderLiveTest)
[TestNG] Test testTemplateBuilderCannotFind(org.jclouds.rackspace.cloudservers.compute.CloudServersUKTemplateBuilderLiveTest) succeeded: 0ms
Test suite progress: tests succeeded: 38, failed: 1, skipped: 0.
Starting test testTemplateBuilderCannotFind(org.jclouds.rackspace.cloudservers.compute.CloudServersUKTemplateBuilderLiveTest)
[TestNG] Test testTemplateBuilderCannotFind(org.jclouds.rackspace.cloudservers.compute.CloudServersUKTemplateBuilderLiveTest) succeeded: 0ms
Test suite progress: tests succeeded: 39, failed: 1, skipped: 0.
Starting test testTemplateBuilderCannotFind(org.jclouds.rackspace.cloudservers.compute.CloudServersUKTemplateBuilderLiveTest)
[TestNG] Test testTemplateBuilderCannotFind(org.jclouds.rackspace.cloudservers.compute.CloudServersUKTemplateBuilderLiveTest) succeeded: 1ms
Test suite progress: tests succeeded: 40, failed: 1, skipped: 0.
Starting test testTemplateBuilderCannotFind(org.jclouds.rackspace.cloudservers.compute.CloudServersUKTemplateBuilderLiveTest)
[TestNG] Test testTemplateBuilderCannotFind(org.jclouds.rackspace.cloudservers.compute.CloudServersUKTemplateBuilderLiveTest) succeeded: 1ms
Test suite progress: tests succeeded: 41, failed: 1, skipped: 0.
Starting test testTemplateBuilderCannotFind(org.jclouds.rackspace.cloudservers.compute.CloudServersUKTemplateBuilderLiveTest)
[TestNG] Test testTemplateBuilderCannotFind(org.jclouds.rackspace.cloudservers.compute.CloudServersUKTemplateBuilderLiveTest) succeeded: 1ms
Test suite progress: tests succeeded: 42, failed: 1, skipped: 0.
Starting test testTemplateBuilderCannotFind(org.jclouds.rackspace.cloudservers.compute.CloudServersUKTemplateBuilderLiveTest)
[TestNG] Test testTemplateBuilderCannotFind(org.jclouds.rackspace.cloudservers.compute.CloudServersUKTemplateBuilderLiveTest) succeeded: 0ms
Test suite progress: tests succeeded: 43, failed: 1, skipped: 0.
Starting test testTemplateBuilderCannotFind(org.jclouds.rackspace.cloudservers.compute.CloudServersUKTemplateBuilderLiveTest)
[TestNG] Test testTemplateBuilderCannotFind(org.jclouds.rackspace.cloudservers.compute.CloudServersUKTemplateBuilderLiveTest) succeeded: 1ms
Test suite progress: tests succeeded: 44, failed: 1, skipped: 0.
Starting test testTemplateBuilderCannotFind(org.jclouds.rackspace.cloudservers.compute.CloudServersUKTemplateBuilderLiveTest)
[TestNG] Test testTemplateBuilderCannotFind(org.jclouds.rackspace.cloudservers.compute.CloudServersUKTemplateBuilderLiveTest) succeeded: 1ms
Test suite progress: tests succeeded: 45, failed: 1, skipped: 0.
Starting test testTemplateBuilderCannotFind(org.jclouds.rackspace.cloudservers.compute.CloudServersUKTemplateBuilderLiveTest)
[TestNG] Test testTemplateBuilderCannotFind(org.jclouds.rackspace.cloudservers.compute.CloudServersUKTemplateBuilderLiveTest) succeeded: 1ms
Test suite progress: tests succeeded: 46, failed: 1, skipped: 0.
Starting test testTemplateBuilderCannotFind(org.jclouds.rackspace.cloudservers.compute.CloudServersUKTemplateBuilderLiveTest)
[TestNG] Test testTemplateBuilderCannotFind(org.jclouds.rackspace.cloudservers.compute.CloudServersUKTemplateBuilderLiveTest) succeeded: 8ms
Test suite progress: tests succeeded: 47, failed: 1, skipped: 0.
Starting test testTemplateBuilderCannotFind(org.jclouds.rackspace.cloudservers.compute.CloudServersUKTemplateBuilderLiveTest)
[TestNG] Test testTemplateBuilderCannotFind(org.jclouds.rackspace.cloudservers.compute.CloudServersUKTemplateBuilderLiveTest) succeeded: 5ms
Test suite progress: tests succeeded: 48, failed: 1, skipped: 0.
Starting test testTemplateBuilderCannotFind(org.jclouds.rackspace.cloudservers.compute.CloudServersUKTemplateBuilderLiveTest)
[TestNG] Test testTemplateBuilderCannotFind(org.jclouds.rackspace.cloudservers.compute.CloudServersUKTemplateBuilderLiveTest) succeeded: 1ms
Test suite progress: tests succeeded: 49, failed: 1, skipped: 0.
Starting test testTemplateBuilderCannotFind(org.jclouds.rackspace.cloudservers.compute.CloudServersUKTemplateBuilderLiveTest)
[TestNG] Test testTemplateBuilderCannotFind(org.jclouds.rackspace.cloudservers.compute.CloudServersUKTemplateBuilderLiveTest) succeeded: 0ms
Test suite progress: tests succeeded: 50, failed: 1, skipped: 0.
Starting test testTemplateBuilderCannotFind(org.jclouds.rackspace.cloudservers.compute.CloudServersUKTemplateBuilderLiveTest)
[TestNG] Test testTemplateBuilderCannotFind(org.jclouds.rackspace.cloudservers.compute.CloudServersUKTemplateBuilderLiveTest) succeeded: 0ms
Test suite progress: tests succeeded: 51, failed: 1, skipped: 0.
Starting test testTemplateBuilderCannotFind(org.jclouds.rackspace.cloudservers.compute.CloudServersUKTemplateBuilderLiveTest)
[TestNG] Test testTemplateBuilderCannotFind(org.jclouds.rackspace.cloudservers.compute.CloudServersUKTemplateBuilderLiveTest) succeeded: 3ms
Test suite progress: tests succeeded: 52, failed: 1, skipped: 0.
Starting test testTemplateBuilderCannotFind(org.jclouds.rackspace.cloudservers.compute.CloudServersUKTemplateBuilderLiveTest)
[TestNG] Test testTemplateBuilderCannotFind(org.jclouds.rackspace.cloudservers.compute.CloudServersUKTemplateBuilderLiveTest) succeeded: 1ms
Test suite progress: tests succeeded: 53, failed: 1, skipped: 0.
Starting test testTemplateBuilderCannotFind(org.jclouds.rackspace.cloudservers.compute.CloudServersUKTemplateBuilderLiveTest)
[TestNG] Test testTemplateBuilderCannotFind(org.jclouds.rackspace.cloudservers.compute.CloudServersUKTemplateBuilderLiveTest) succeeded: 1ms
Test suite progress: tests succeeded: 54, failed: 1, skipped: 0.
Starting test testTemplateBuilderCannotFind(org.jclouds.rackspace.cloudservers.compute.CloudServersUKTemplateBuilderLiveTest)
[TestNG] Test testTemplateBuilderCannotFind(org.jclouds.rackspace.cloudservers.compute.CloudServersUKTemplateBuilderLiveTest) succeeded: 4ms
Test suite progress: tests succeeded: 55, failed: 1, skipped: 0.
Starting test testTemplateBuilderCannotFind(org.jclouds.rackspace.cloudservers.compute.CloudServersUKTemplateBuilderLiveTest)
[TestNG] Test testTemplateBuilderCannotFind(org.jclouds.rackspace.cloudservers.compute.CloudServersUKTemplateBuilderLiveTest) succeeded: 3ms
Test suite progress: tests succeeded: 56, failed: 1, skipped: 0.
Starting test testTemplateBuilderCannotFind(org.jclouds.rackspace.cloudservers.compute.CloudServersUKTemplateBuilderLiveTest)
[TestNG] Test testTemplateBuilderCannotFind(org.jclouds.rackspace.cloudservers.compute.CloudServersUKTemplateBuilderLiveTest) succeeded: 1ms
Test suite progress: tests succeeded: 57, failed: 1, skipped: 0.
Starting test testTemplateBuilderCannotFind(org.jclouds.rackspace.cloudservers.compute.CloudServersUKTemplateBuilderLiveTest)
[TestNG] Test testTemplateBuilderCannotFind(org.jclouds.rackspace.cloudservers.compute.CloudServersUKTemplateBuilderLiveTest) succeeded: 3ms
Test suite progress: tests succeeded: 58, failed: 1, skipped: 0.
Starting test testTemplateBuilderCannotFind(org.jclouds.rackspace.cloudservers.compute.CloudServersUKTemplateBuilderLiveTest)
[TestNG] Test testTemplateBuilderCannotFind(org.jclouds.rackspace.cloudservers.compute.CloudServersUKTemplateBuilderLiveTest) succeeded: 1ms
Test suite progress: tests succeeded: 59, failed: 1, skipped: 0.
Starting test testTemplateBuilderCannotFind(org.jclouds.rackspace.cloudservers.compute.CloudServersUKTemplateBuilderLiveTest)
[TestNG] Test testTemplateBuilderCannotFind(org.jclouds.rackspace.cloudservers.compute.CloudServersUKTemplateBuilderLiveTest) succeeded: 1ms
Test suite progress: tests succeeded: 60, failed: 1, skipped: 0.
Starting test testTemplateBuilderCannotFind(org.jclouds.rackspace.cloudservers.compute.CloudServersUKTemplateBuilderLiveTest)
[TestNG] Test testTemplateBuilderCannotFind(org.jclouds.rackspace.cloudservers.compute.CloudServersUKTemplateBuilderLiveTest) succeeded: 1ms
Test suite progress: tests succeeded: 61, failed: 1, skipped: 0.
Starting test testTemplateBuilderCannotFind(org.jclouds.rackspace.cloudservers.compute.CloudServersUKTemplateBuilderLiveTest)
[TestNG] Test testTemplateBuilderCannotFind(org.jclouds.rackspace.cloudservers.compute.CloudServersUKTemplateBuilderLiveTest) succeeded: 0ms
Test suite progress: tests succeeded: 62, failed: 1, skipped: 0.
Starting test testTemplateBuilderCannotFind(org.jclouds.rackspace.cloudservers.compute.CloudServersUKTemplateBuilderLiveTest)
[TestNG] Test testTemplateBuilderCannotFind(org.jclouds.rackspace.cloudservers.compute.CloudServersUKTemplateBuilderLiveTest) succeeded: 4ms
Test suite progress: tests succeeded: 63, failed: 1, skipped: 0.
Starting test testTemplateBuilderCannotFind(org.jclouds.rackspace.cloudservers.compute.CloudServersUKTemplateBuilderLiveTest)
[TestNG] Test testTemplateBuilderCannotFind(org.jclouds.rackspace.cloudservers.compute.CloudServersUKTemplateBuilderLiveTest) succeeded: 1ms
Test suite progress: tests succeeded: 64, failed: 1, skipped: 0.
Starting test testTemplateBuilderCannotFind(org.jclouds.rackspace.cloudservers.compute.CloudServersUKTemplateBuilderLiveTest)
[TestNG] Test testTemplateBuilderCannotFind(org.jclouds.rackspace.cloudservers.compute.CloudServersUKTemplateBuilderLiveTest) succeeded: 1ms
Test suite progress: tests succeeded: 65, failed: 1, skipped: 0.
Starting test testTemplateBuilderCannotFind(org.jclouds.rackspace.cloudservers.compute.CloudServersUKTemplateBuilderLiveTest)
[TestNG] Test testTemplateBuilderCannotFind(org.jclouds.rackspace.cloudservers.compute.CloudServersUKTemplateBuilderLiveTest) succeeded: 2ms
Test suite progress: tests succeeded: 66, failed: 1, skipped: 0.
Starting test testTemplateBuilderCannotFind(org.jclouds.rackspace.cloudservers.compute.CloudServersUKTemplateBuilderLiveTest)
[TestNG] Test testTemplateBuilderCannotFind(org.jclouds.rackspace.cloudservers.compute.CloudServersUKTemplateBuilderLiveTest) succeeded: 2ms
Test suite progress: tests succeeded: 67, failed: 1, skipped: 0.
Starting test testTemplateBuilderCannotFind(org.jclouds.rackspace.cloudservers.compute.CloudServersUKTemplateBuilderLiveTest)
[TestNG] Test testTemplateBuilderCannotFind(org.jclouds.rackspace.cloudservers.compute.CloudServersUKTemplateBuilderLiveTest) succeeded: 1ms
Test suite progress: tests succeeded: 68, failed: 1, skipped: 0.
Starting test testTemplateBuilderCannotFind(org.jclouds.rackspace.cloudservers.compute.CloudServersUKTemplateBuilderLiveTest)
[TestNG] Test testTemplateBuilderCannotFind(org.jclouds.rackspace.cloudservers.compute.CloudServersUKTemplateBuilderLiveTest) succeeded: 1ms
Test suite progress: tests succeeded: 69, failed: 1, skipped: 0.
Starting test testTemplateBuilderCannotFind(org.jclouds.rackspace.cloudservers.compute.CloudServersUKTemplateBuilderLiveTest)
[TestNG] Test testTemplateBuilderCannotFind(org.jclouds.rackspace.cloudservers.compute.CloudServersUKTemplateBuilderLiveTest) succeeded: 1ms
Test suite progress: tests succeeded: 70, failed: 1, skipped: 0.
Starting test testTemplateBuilderCannotFind(org.jclouds.rackspace.cloudservers.compute.CloudServersUKTemplateBuilderLiveTest)
[TestNG] Test testTemplateBuilderCannotFind(org.jclouds.rackspace.cloudservers.compute.CloudServersUKTemplateBuilderLiveTest) succeeded: 1ms
Test suite progress: tests succeeded: 71, failed: 1, skipped: 0.
Starting test testTemplateBuilderCannotFind(org.jclouds.rackspace.cloudservers.compute.CloudServersUKTemplateBuilderLiveTest)
[TestNG] Test testTemplateBuilderCannotFind(org.jclouds.rackspace.cloudservers.compute.CloudServersUKTemplateBuilderLiveTest) succeeded: 1ms
Test suite progress: tests succeeded: 72, failed: 1, skipped: 0.
Starting test testTemplateBuilderCannotFind(org.jclouds.rackspace.cloudservers.compute.CloudServersUKTemplateBuilderLiveTest)
[TestNG] Test testTemplateBuilderCannotFind(org.jclouds.rackspace.cloudservers.compute.CloudServersUKTemplateBuilderLiveTest) succeeded: 0ms
Test suite progress: tests succeeded: 73, failed: 1, skipped: 0.
Starting test testTemplateBuilderCannotFind(org.jclouds.rackspace.cloudservers.compute.CloudServersUKTemplateBuilderLiveTest)
[TestNG] Test testTemplateBuilderCannotFind(org.jclouds.rackspace.cloudservers.compute.CloudServersUKTemplateBuilderLiveTest) succeeded: 1ms
Test suite progress: tests succeeded: 74, failed: 1, skipped: 0.
Starting test testTemplateBuilderCannotFind(org.jclouds.rackspace.cloudservers.compute.CloudServersUKTemplateBuilderLiveTest)
[TestNG] Test testTemplateBuilderCannotFind(org.jclouds.rackspace.cloudservers.compute.CloudServersUKTemplateBuilderLiveTest) succeeded: 3ms
Test suite progress: tests succeeded: 75, failed: 1, skipped: 0.
Starting test testTemplateBuilderCannotFind(org.jclouds.rackspace.cloudservers.compute.CloudServersUKTemplateBuilderLiveTest)
[TestNG] Test testTemplateBuilderCannotFind(org.jclouds.rackspace.cloudservers.compute.CloudServersUKTemplateBuilderLiveTest) succeeded: 1ms
Test suite progress: tests succeeded: 76, failed: 1, skipped: 0.
Starting test testTemplateBuilderCannotFind(org.jclouds.rackspace.cloudservers.compute.CloudServersUKTemplateBuilderLiveTest)
[TestNG] Test testTemplateBuilderCannotFind(org.jclouds.rackspace.cloudservers.compute.CloudServersUKTemplateBuilderLiveTest) succeeded: 0ms
Test suite progress: tests succeeded: 77, failed: 1, skipped: 0.
Starting test testTemplateBuilderCannotFind(org.jclouds.rackspace.cloudservers.compute.CloudServersUKTemplateBuilderLiveTest)
[TestNG] Test testTemplateBuilderCannotFind(org.jclouds.rackspace.cloudservers.compute.CloudServersUKTemplateBuilderLiveTest) succeeded: 1ms
Test suite progress: tests succeeded: 78, failed: 1, skipped: 0.
Starting test testTemplateBuilderCannotFind(org.jclouds.rackspace.cloudservers.compute.CloudServersUKTemplateBuilderLiveTest)
[TestNG] Test testTemplateBuilderCannotFind(org.jclouds.rackspace.cloudservers.compute.CloudServersUKTemplateBuilderLiveTest) succeeded: 0ms
Test suite progress: tests succeeded: 79, failed: 1, skipped: 0.
Starting test testTemplateBuilderCannotFind(org.jclouds.rackspace.cloudservers.compute.CloudServersUKTemplateBuilderLiveTest)
[TestNG] Test testTemplateBuilderCannotFind(org.jclouds.rackspace.cloudservers.compute.CloudServersUKTemplateBuilderLiveTest) succeeded: 1ms
Test suite progress: tests succeeded: 80, failed: 1, skipped: 0.
Starting test testTemplateBuilderCannotFind(org.jclouds.rackspace.cloudservers.compute.CloudServersUKTemplateBuilderLiveTest)
[TestNG] Test testTemplateBuilderCannotFind(org.jclouds.rackspace.cloudservers.compute.CloudServersUKTemplateBuilderLiveTest) succeeded: 1ms
Test suite progress: tests succeeded: 81, failed: 1, skipped: 0.
Starting test testTemplateBuilderCannotFind(org.jclouds.rackspace.cloudservers.compute.CloudServersUKTemplateBuilderLiveTest)
[TestNG] Test testTemplateBuilderCannotFind(org.jclouds.rackspace.cloudservers.compute.CloudServersUKTemplateBuilderLiveTest) succeeded: 0ms
Test suite progress: tests succeeded: 82, failed: 1, skipped: 0.
Starting test testTemplateBuilderCannotFind(org.jclouds.rackspace.cloudservers.compute.CloudServersUKTemplateBuilderLiveTest)
[TestNG] Test testTemplateBuilderCannotFind(org.jclouds.rackspace.cloudservers.compute.CloudServersUKTemplateBuilderLiveTest) succeeded: 1ms
Test suite progress: tests succeeded: 83, failed: 1, skipped: 0.
Starting test testTemplateBuilderCannotFind(org.jclouds.rackspace.cloudservers.compute.CloudServersUKTemplateBuilderLiveTest)
[TestNG] Test testTemplateBuilderCannotFind(org.jclouds.rackspace.cloudservers.compute.CloudServersUKTemplateBuilderLiveTest) succeeded: 0ms
Test suite progress: tests succeeded: 84, failed: 1, skipped: 0.
Starting test testTemplateBuilderCannotFind(org.jclouds.rackspace.cloudservers.compute.CloudServersUKTemplateBuilderLiveTest)
[TestNG] Test testTemplateBuilderCannotFind(org.jclouds.rackspace.cloudservers.compute.CloudServersUKTemplateBuilderLiveTest) succeeded: 0ms
Test suite progress: tests succeeded: 85, failed: 1, skipped: 0.
Starting test testTemplateBuilderCannotFind(org.jclouds.rackspace.cloudservers.compute.CloudServersUKTemplateBuilderLiveTest)
[TestNG] Test testTemplateBuilderCannotFind(org.jclouds.rackspace.cloudservers.compute.CloudServersUKTemplateBuilderLiveTest) succeeded: 13ms
Test suite progress: tests succeeded: 86, failed: 1, skipped: 0.
Starting test testTemplateBuilderCannotFind(org.jclouds.rackspace.cloudservers.compute.CloudServersUKTemplateBuilderLiveTest)
[TestNG] Test testTemplateBuilderCannotFind(org.jclouds.rackspace.cloudservers.compute.CloudServersUKTemplateBuilderLiveTest) succeeded: 0ms
Test suite progress: tests succeeded: 87, failed: 1, skipped: 0.
Starting test testTemplateBuilderCannotFind(org.jclouds.rackspace.cloudservers.compute.CloudServersUKTemplateBuilderLiveTest)
[TestNG] Test testTemplateBuilderCannotFind(org.jclouds.rackspace.cloudservers.compute.CloudServersUKTemplateBuilderLiveTest) succeeded: 1ms
Test suite progress: tests succeeded: 88, failed: 1, skipped: 0.
Starting test testTemplateBuilderCannotFind(org.jclouds.rackspace.cloudservers.compute.CloudServersUKTemplateBuilderLiveTest)
[TestNG] Test testTemplateBuilderCannotFind(org.jclouds.rackspace.cloudservers.compute.CloudServersUKTemplateBuilderLiveTest) succeeded: 2ms
Test suite progress: tests succeeded: 89, failed: 1, skipped: 0.
Starting test testTemplateBuilderCannotFind(org.jclouds.rackspace.cloudservers.compute.CloudServersUKTemplateBuilderLiveTest)
[TestNG] Test testTemplateBuilderCannotFind(org.jclouds.rackspace.cloudservers.compute.CloudServersUKTemplateBuilderLiveTest) succeeded: 1ms
Test suite progress: tests succeeded: 90, failed: 1, skipped: 0.
Starting test testTemplateBuilderCannotFind(org.jclouds.rackspace.cloudservers.compute.CloudServersUKTemplateBuilderLiveTest)
[TestNG] Test testTemplateBuilderCannotFind(org.jclouds.rackspace.cloudservers.compute.CloudServersUKTemplateBuilderLiveTest) succeeded: 0ms
Test suite progress: tests succeeded: 91, failed: 1, skipped: 0.
Starting test testTemplateBuilderWithImageIdSpecified(org.jclouds.rackspace.cloudservers.compute.CloudServersUKTemplateBuilderLiveTest)
[TestNG] Test testTemplateBuilderWithImageIdSpecified(org.jclouds.rackspace.cloudservers.compute.CloudServersUKTemplateBuilderLiveTest) succeeded: 7409ms
Test suite progress: tests succeeded: 92, failed: 1, skipped: 0.
Starting test testTemplateBuilderWithLoginUserSpecified(org.jclouds.rackspace.cloudservers.compute.CloudServersUKTemplateBuilderLiveTest)
[TestNG] Test testTemplateBuilderWithLoginUserSpecified(org.jclouds.rackspace.cloudservers.compute.CloudServersUKTemplateBuilderLiveTest) succeeded: 7653ms
Test suite progress: tests succeeded: 93, failed: 1, skipped: 0.
Starting test testTemplateBuilder(org.jclouds.rackspace.cloudservers.compute.CloudServersUKTemplateBuilderLiveTest)
[TestNG] Test testTemplateBuilder(org.jclouds.rackspace.cloudservers.compute.CloudServersUKTemplateBuilderLiveTest) succeeded: 1ms
Test suite progress: tests succeeded: 94, failed: 1, skipped: 0.
Starting test testCreateServer(org.jclouds.rackspace.cloudservers.CloudServersUKClientLiveTest)
blocking on status active
Server [addresses=Addresses [privateAddresses=[10.176.85.176], publicAddresses=[46.38.164.232]], adminPass=null, flavorId=1, hostId=1c71cd4fc3a9e127632b67259692bc23, id=10123728, imageId=14362, metadata={jclouds=rackspace}, name=adriancole.cscreateserver515397516, sharedIpGroupId=null]
blocking on status active
Server [addresses=Addresses [privateAddresses=[10.176.85.176], publicAddresses=[46.38.164.232]], adminPass=null, flavorId=1, hostId=1c71cd4fc3a9e127632b67259692bc23, id=10123728, imageId=14362, metadata={jclouds=rackspace}, name=adriancole.cscreateserver515397516, sharedIpGroupId=null]
blocking on status active
Server [addresses=Addresses [privateAddresses=[10.176.85.176], publicAddresses=[46.38.164.232]], adminPass=null, flavorId=1, hostId=1c71cd4fc3a9e127632b67259692bc23, id=10123728, imageId=14362, metadata={jclouds=rackspace}, name=adriancole.cscreateserver515397516, sharedIpGroupId=null]
blocking on status active
Server [addresses=Addresses [privateAddresses=[10.176.85.176], publicAddresses=[46.38.164.232]], adminPass=null, flavorId=1, hostId=1c71cd4fc3a9e127632b67259692bc23, id=10123728, imageId=14362, metadata={jclouds=rackspace}, name=adriancole.cscreateserver515397516, sharedIpGroupId=null]
blocking on status active
Server [addresses=Addresses [privateAddresses=[10.176.85.176], publicAddresses=[46.38.164.232]], adminPass=null, flavorId=1, hostId=1c71cd4fc3a9e127632b67259692bc23, id=10123728, imageId=14362, metadata={jclouds=rackspace}, name=adriancole.cscreateserver515397516, sharedIpGroupId=null]
blocking on status active
Server [addresses=Addresses [privateAddresses=[10.176.85.176], publicAddresses=[46.38.164.232]], adminPass=null, flavorId=1, hostId=1c71cd4fc3a9e127632b67259692bc23, id=10123728, imageId=14362, metadata={jclouds=rackspace}, name=adriancole.cscreateserver515397516, sharedIpGroupId=null]
blocking on status active
Server [addresses=Addresses [privateAddresses=[10.176.85.176], publicAddresses=[46.38.164.232]], adminPass=null, flavorId=1, hostId=1c71cd4fc3a9e127632b67259692bc23, id=10123728, imageId=14362, metadata={jclouds=rackspace}, name=adriancole.cscreateserver515397516, sharedIpGroupId=null]
blocking on status active
Server [addresses=Addresses [privateAddresses=[10.176.85.176], publicAddresses=[46.38.164.232]], adminPass=null, flavorId=1, hostId=1c71cd4fc3a9e127632b67259692bc23, id=10123728, imageId=14362, metadata={jclouds=rackspace}, name=adriancole.cscreateserver515397516, sharedIpGroupId=null]
[TestNG] Test testCreateServer(org.jclouds.rackspace.cloudservers.CloudServersUKClientLiveTest) succeeded: 61522ms
Test suite progress: tests succeeded: 95, failed: 1, skipped: 0.
Starting test testGetFlavorDetailsNotFound(org.jclouds.rackspace.cloudservers.CloudServersUKClientLiveTest)
[TestNG] Test testGetFlavorDetailsNotFound(org.jclouds.rackspace.cloudservers.CloudServersUKClientLiveTest) succeeded: 843ms
Test suite progress: tests succeeded: 96, failed: 1, skipped: 0.
Starting test testGetFlavorsDetail(org.jclouds.rackspace.cloudservers.CloudServersUKClientLiveTest)
[TestNG] Test testGetFlavorsDetail(org.jclouds.rackspace.cloudservers.CloudServersUKClientLiveTest) succeeded: 9755ms
Test suite progress: tests succeeded: 97, failed: 1, skipped: 0.
Starting test testGetImageDetailsNotFound(org.jclouds.rackspace.cloudservers.CloudServersUKClientLiveTest)
[TestNG] Test testGetImageDetailsNotFound(org.jclouds.rackspace.cloudservers.CloudServersUKClientLiveTest) succeeded: 879ms
Test suite progress: tests succeeded: 98, failed: 1, skipped: 0.
Starting test testGetImagesDetail(org.jclouds.rackspace.cloudservers.CloudServersUKClientLiveTest)
[TestNG] Test testGetImagesDetail(org.jclouds.rackspace.cloudservers.CloudServersUKClientLiveTest) succeeded: 27968ms
Test suite progress: tests succeeded: 99, failed: 1, skipped: 0.
Starting test testGetServerDetailsNotFound(org.jclouds.rackspace.cloudservers.CloudServersUKClientLiveTest)
[TestNG] Test testGetServerDetailsNotFound(org.jclouds.rackspace.cloudservers.CloudServersUKClientLiveTest) succeeded: 1006ms
Test suite progress: tests succeeded: 100, failed: 1, skipped: 0.
Starting test testGetServersDetail(org.jclouds.rackspace.cloudservers.CloudServersUKClientLiveTest)
[TestNG] Test testGetServersDetail(org.jclouds.rackspace.cloudservers.CloudServersUKClientLiveTest) succeeded: 5487ms
Test suite progress: tests succeeded: 101, failed: 1, skipped: 0.
Starting test testGetSharedIpGroupDetailsNotFound(org.jclouds.rackspace.cloudservers.CloudServersUKClientLiveTest)
[TestNG] Test testGetSharedIpGroupDetailsNotFound(org.jclouds.rackspace.cloudservers.CloudServersUKClientLiveTest) succeeded: 848ms
Test suite progress: tests succeeded: 102, failed: 1, skipped: 0.
Starting test testGetSharedIpGroupsDetail(org.jclouds.rackspace.cloudservers.CloudServersUKClientLiveTest)
[TestNG] Test testGetSharedIpGroupsDetail(org.jclouds.rackspace.cloudservers.CloudServersUKClientLiveTest) succeeded: 6710ms
Test suite progress: tests succeeded: 103, failed: 1, skipped: 0.
Starting test testLimits(org.jclouds.rackspace.cloudservers.CloudServersUKClientLiveTest)
[TestNG] Test testLimits(org.jclouds.rackspace.cloudservers.CloudServersUKClientLiveTest) succeeded: 954ms
Test suite progress: tests succeeded: 104, failed: 1, skipped: 0.
Starting test testListFlavors(org.jclouds.rackspace.cloudservers.CloudServersUKClientLiveTest)
[TestNG] Test testListFlavors(org.jclouds.rackspace.cloudservers.CloudServersUKClientLiveTest) succeeded: 1001ms
Test suite progress: tests succeeded: 105, failed: 1, skipped: 0.
Starting test testListFlavorsDetail(org.jclouds.rackspace.cloudservers.CloudServersUKClientLiveTest)
[TestNG] Test testListFlavorsDetail(org.jclouds.rackspace.cloudservers.CloudServersUKClientLiveTest) succeeded: 914ms
Test suite progress: tests succeeded: 106, failed: 1, skipped: 0.
Starting test testListImages(org.jclouds.rackspace.cloudservers.CloudServersUKClientLiveTest)
[TestNG] Test testListImages(org.jclouds.rackspace.cloudservers.CloudServersUKClientLiveTest) succeeded: 1276ms
Test suite progress: tests succeeded: 107, failed: 1, skipped: 0.
Starting test testListImagesDetail(org.jclouds.rackspace.cloudservers.CloudServersUKClientLiveTest)
[TestNG] Test testListImagesDetail(org.jclouds.rackspace.cloudservers.CloudServersUKClientLiveTest) succeeded: 1539ms
Test suite progress: tests succeeded: 108, failed: 1, skipped: 0.
Starting test testListServers(org.jclouds.rackspace.cloudservers.CloudServersUKClientLiveTest)
[TestNG] Test testListServers(org.jclouds.rackspace.cloudservers.CloudServersUKClientLiveTest) succeeded: 1510ms
Test suite progress: tests succeeded: 109, failed: 1, skipped: 0.
Starting test testListServersDetail(org.jclouds.rackspace.cloudservers.CloudServersUKClientLiveTest)
[TestNG] Test testListServersDetail(org.jclouds.rackspace.cloudservers.CloudServersUKClientLiveTest) succeeded: 1451ms
Test suite progress: tests succeeded: 110, failed: 1, skipped: 0.
Starting test testListSharedIpGroups(org.jclouds.rackspace.cloudservers.CloudServersUKClientLiveTest)
[TestNG] Test testListSharedIpGroups(org.jclouds.rackspace.cloudservers.CloudServersUKClientLiveTest) succeeded: 1060ms
Test suite progress: tests succeeded: 111, failed: 1, skipped: 0.
Starting test testListSharedIpGroupsDetail(org.jclouds.rackspace.cloudservers.CloudServersUKClientLiveTest)
[TestNG] Test testListSharedIpGroupsDetail(org.jclouds.rackspace.cloudservers.CloudServersUKClientLiveTest) succeeded: 1192ms
Test suite progress: tests succeeded: 112, failed: 1, skipped: 0.
Starting test testChangePassword(org.jclouds.rackspace.cloudservers.CloudServersUKClientLiveTest)
blocking on status active
Server [addresses=Addresses [privateAddresses=[10.176.85.176], publicAddresses=[46.38.164.232]], adminPass=null, flavorId=1, hostId=1c71cd4fc3a9e127632b67259692bc23, id=10123728, imageId=14362, metadata={jclouds=rackspace}, name=adriancole.cscreateserver515397516, sharedIpGroupId=null]
blocking on status active
Server [addresses=Addresses [privateAddresses=[10.176.85.176], publicAddresses=[46.38.164.232]], adminPass=null, flavorId=1, hostId=1c71cd4fc3a9e127632b67259692bc23, id=10123728, imageId=14362, metadata={jclouds=rackspace}, name=adriancole.cscreateserver515397516, sharedIpGroupId=null]
SLF4J: Failed to load class "org.slf4j.impl.StaticLoggerBinder".
SLF4J: Defaulting to no-operation (NOP) logger implementation
SLF4J: See http://www.slf4j.org/codes.html#StaticLoggerBinder for further details.
[TestNG] Test testChangePassword(org.jclouds.rackspace.cloudservers.CloudServersUKClientLiveTest) succeeded: 20103ms
Test suite progress: tests succeeded: 113, failed: 1, skipped: 0.
Starting test testCreateSharedIpGroup(org.jclouds.rackspace.cloudservers.CloudServersUKClientLiveTest)
[TestNG] Test testCreateSharedIpGroup(org.jclouds.rackspace.cloudservers.CloudServersUKClientLiveTest) succeeded: 1874ms
Test suite progress: tests succeeded: 114, failed: 1, skipped: 0.
Starting test testRenameServer(org.jclouds.rackspace.cloudservers.CloudServersUKClientLiveTest)
[TestNG] Test testRenameServer(org.jclouds.rackspace.cloudservers.CloudServersUKClientLiveTest) succeeded: 5768ms
Test suite progress: tests succeeded: 115, failed: 1, skipped: 0.
Starting test testServerDetails(org.jclouds.rackspace.cloudservers.CloudServersUKClientLiveTest)
[TestNG] Test testServerDetails(org.jclouds.rackspace.cloudservers.CloudServersUKClientLiveTest) succeeded: 7880ms
Test suite progress: tests succeeded: 116, failed: 1, skipped: 0.
Starting test testCreateServerIp(org.jclouds.rackspace.cloudservers.CloudServersUKClientLiveTest)
Mar 12, 2012 8:19:43 PM org.jclouds.compute.BaseComputeServiceLiveTest testCreateAndRunAService
INFO: << available node(10123727) os([name=null, family=ubuntu, version=11.10, arch=null, is64Bit=true, description=Ubuntu 11.10]) in 185s
blocking on status active
Server [addresses=Addresses [privateAddresses=[10.176.85.178], publicAddresses=[46.38.173.146, 46.38.164.232]], adminPass=null, flavorId=1, hostId=8d68cc97c17dfe35eede1d1b304412f8, id=10123729, imageId=14362, metadata={jclouds=rackspace}, name=adriancole.cscreateserver1334389435, sharedIpGroupId=55]
[TestNG] Test testCreateAndRunAService(org.jclouds.rackspace.cloudservers.compute.CloudServersUKComputeServiceLiveTest) failed.
Test suite progress: tests succeeded: 116, failed: 2, skipped: 0.
Starting test testGetAssignableLocations(org.jclouds.rackspace.cloudservers.compute.CloudServersUKComputeServiceLiveTest)
Mar 12, 2012 8:19:50 PM org.jclouds.compute.BaseComputeServiceLiveTest testGetAssignableLocations
WARNING: location [id=cloudservers-uk, scope=PROVIDER, description=https://lon.auth.api.rackspacecloud.com, parent=null, iso3166Codes=[GB-SLG], metadata={}]
[TestNG] Test testGetAssignableLocations(org.jclouds.rackspace.cloudservers.compute.CloudServersUKComputeServiceLiveTest) succeeded: 1ms
Test suite progress: tests succeeded: 117, failed: 2, skipped: 0.
Starting test testImagesCache(org.jclouds.rackspace.cloudservers.compute.CloudServersUKComputeServiceLiveTest)
[TestNG] Test testImagesCache(org.jclouds.rackspace.cloudservers.compute.CloudServersUKComputeServiceLiveTest) succeeded: 0ms
Test suite progress: tests succeeded: 118, failed: 2, skipped: 0.
Starting test testListImages(org.jclouds.rackspace.cloudservers.compute.CloudServersUKComputeServiceLiveTest)
[TestNG] Test testListImages(org.jclouds.rackspace.cloudservers.compute.CloudServersUKComputeServiceLiveTest) succeeded: 0ms
Test suite progress: tests succeeded: 119, failed: 2, skipped: 0.
Starting test testListSizes(org.jclouds.rackspace.cloudservers.compute.CloudServersUKComputeServiceLiveTest)
[TestNG] Test testListSizes(org.jclouds.rackspace.cloudservers.compute.CloudServersUKComputeServiceLiveTest) succeeded: 0ms
Test suite progress: tests succeeded: 120, failed: 2, skipped: 0.
Starting test testOptionToNotBlock(org.jclouds.rackspace.cloudservers.compute.CloudServersUKComputeServiceLiveTest)
blocking on status active
Server [addresses=Addresses [privateAddresses=[10.176.85.178], publicAddresses=[46.38.173.146, 46.38.164.232]], adminPass=null, flavorId=1, hostId=8d68cc97c17dfe35eede1d1b304412f8, id=10123729, imageId=14362, metadata={jclouds=rackspace}, name=adriancole.cscreateserver1334389435, sharedIpGroupId=55]
blocking on status active
Server [addresses=Addresses [privateAddresses=[10.176.85.178], publicAddresses=[46.38.173.146, 46.38.164.232]], adminPass=null, flavorId=1, hostId=8d68cc97c17dfe35eede1d1b304412f8, id=10123729, imageId=14362, metadata={jclouds=rackspace}, name=adriancole.cscreateserver1334389435, sharedIpGroupId=55]
blocking on status active
Server [addresses=Addresses [privateAddresses=[10.176.85.178], publicAddresses=[46.38.173.146, 46.38.164.232]], adminPass=null, flavorId=1, hostId=8d68cc97c17dfe35eede1d1b304412f8, id=10123729, imageId=14362, metadata={jclouds=rackspace}, name=adriancole.cscreateserver1334389435, sharedIpGroupId=55]
blocking on status active
Server [addresses=Addresses [privateAddresses=[10.176.85.178], publicAddresses=[46.38.173.146, 46.38.164.232]], adminPass=null, flavorId=1, hostId=8d68cc97c17dfe35eede1d1b304412f8, id=10123729, imageId=14362, metadata={jclouds=rackspace}, name=adriancole.cscreateserver1334389435, sharedIpGroupId=55]
blocking on status active
Server [addresses=Addresses [privateAddresses=[10.176.85.178], publicAddresses=[46.38.173.146, 46.38.164.232]], adminPass=null, flavorId=1, hostId=8d68cc97c17dfe35eede1d1b304412f8, id=10123729, imageId=14362, metadata={jclouds=rackspace}, name=adriancole.cscreateserver1334389435, sharedIpGroupId=55]
blocking on status active
Server [addresses=Addresses [privateAddresses=[10.176.85.178], publicAddresses=[46.38.173.146, 46.38.164.232]], adminPass=null, flavorId=1, hostId=8d68cc97c17dfe35eede1d1b304412f8, id=10123729, imageId=14362, metadata={jclouds=rackspace}, name=adriancole.cscreateserver1334389435, sharedIpGroupId=55]
blocking on status active
Server [addresses=Addresses [privateAddresses=[10.176.85.178], publicAddresses=[46.38.173.146, 46.38.164.232]], adminPass=null, flavorId=1, hostId=8d68cc97c17dfe35eede1d1b304412f8, id=10123729, imageId=14362, metadata={jclouds=rackspace}, name=adriancole.cscreateserver1334389435, sharedIpGroupId=55]
blocking on status active
Server [addresses=Addresses [privateAddresses=[10.176.85.178], publicAddresses=[46.38.173.146, 46.38.164.232]], adminPass=null, flavorId=1, hostId=8d68cc97c17dfe35eede1d1b304412f8, id=10123729, imageId=14362, metadata={jclouds=rackspace}, name=adriancole.cscreateserver1334389435, sharedIpGroupId=55]
blocking on status active
Server [addresses=Addresses [privateAddresses=[10.176.85.178], publicAddresses=[46.38.173.146, 46.38.164.232]], adminPass=null, flavorId=1, hostId=8d68cc97c17dfe35eede1d1b304412f8, id=10123729, imageId=14362, metadata={jclouds=rackspace}, name=adriancole.cscreateserver1334389435, sharedIpGroupId=55]
blocking on status active
Server [addresses=Addresses [privateAddresses=[10.176.85.178], publicAddresses=[46.38.173.146, 46.38.164.232]], adminPass=null, flavorId=1, hostId=8d68cc97c17dfe35eede1d1b304412f8, id=10123729, imageId=14362, metadata={jclouds=rackspace}, name=adriancole.cscreateserver1334389435, sharedIpGroupId=55]
blocking on status active
Server [addresses=Addresses [privateAddresses=[10.176.85.178], publicAddresses=[46.38.173.146, 46.38.164.232]], adminPass=null, flavorId=1, hostId=8d68cc97c17dfe35eede1d1b304412f8, id=10123729, imageId=14362, metadata={jclouds=rackspace}, name=adriancole.cscreateserver1334389435, sharedIpGroupId=55]
blocking on status active
Server [addresses=Addresses [privateAddresses=[10.176.85.178], publicAddresses=[46.38.173.146, 46.38.164.232]], adminPass=null, flavorId=1, hostId=8d68cc97c17dfe35eede1d1b304412f8, id=10123729, imageId=14362, metadata={jclouds=rackspace}, name=adriancole.cscreateserver1334389435, sharedIpGroupId=55]
java.lang.AssertionError: server Server [addresses=Addresses [privateAddresses=[10.176.85.178], publicAddresses=[46.38.173.146, 46.38.164.232]], adminPass=adriancole.cscreateserver1334389435jsV55DaC2, flavorId=1, hostId=8d68cc97c17dfe35eede1d1b304412f8, id=10123729, imageId=14362, metadata={jclouds=rackspace}, name=adriancole.cscreateserver1334389435, sharedIpGroupId=55] didn't get ip 46.38.164.232
{output=eth0      Link encap:Ethernet  HWaddr 40:40:c0:19:98:2a  
          inet addr:46.38.173.146  Bcast:46.38.173.255  Mask:255.255.255.0
          inet6 addr: fe80::4240:c0ff:fe19:982a/64 Scope:Link
          UP BROADCAST RUNNING MULTICAST  MTU:1500  Metric:1
          RX packets:44 errors:0 dropped:0 overruns:0 frame:0
          TX packets:44 errors:0 dropped:0 overruns:0 carrier:0
          collisions:0 txqueuelen:1000 
          RX bytes:4945 (4.9 KB)  TX bytes:5315 (5.3 KB)
          Interrupt:24 

eth1      Link encap:Ethernet  HWaddr 40:40:dd:6b:fe:5e  
          inet addr:10.176.85.178  Bcast:10.176.127.255  Mask:255.255.192.0
          inet6 addr: fe80::4240:ddff:fe6b:fe5e/64 Scope:Link
          UP BROADCAST RUNNING MULTICAST  MTU:1500  Metric:1
          RX packets:2 errors:0 dropped:0 overruns:0 frame:0
          TX packets:6 errors:0 dropped:0 overruns:0 carrier:0
          collisions:0 txqueuelen:1000 
          RX bytes:112 (112.0 B)  TX bytes:468 (468.0 B)
          Interrupt:25 

lo        Link encap:Local Loopback  
          inet addr:127.0.0.1  Mask:255.0.0.0
          inet6 addr: ::1/128 Scope:Host
          UP LOOPBACK RUNNING  MTU:16436  Metric:1
          RX packets:0 errors:0 dropped:0 overruns:0 frame:0
          TX packets:0 errors:0 dropped:0 overruns:0 carrier:0
          collisions:0 txqueuelen:0 
          RX bytes:0 (0.0 B)  TX bytes:0 (0.0 B)

, error=, exitStatus=0}
	at org.jclouds.cloudservers.CloudServersClientLiveTest.assertIpConfigured(CloudServersClientLiveTest.java:461)
	at org.jclouds.cloudservers.CloudServersClientLiveTest.testCreateServerIp(CloudServersClientLiveTest.java:453)
	at sun.reflect.NativeMethodAccessorImpl.invoke0(Native Method)
	at sun.reflect.NativeMethodAccessorImpl.invoke(NativeMethodAccessorImpl.java:39)
	at sun.reflect.DelegatingMethodAccessorImpl.invoke(DelegatingMethodAccessorImpl.java:25)
	at java.lang.reflect.Method.invoke(Method.java:597)
	at org.testng.internal.MethodInvocationHelper.invokeMethod(MethodInvocationHelper.java:80)
	at org.testng.internal.InvokeMethodRunnable.runOne(InvokeMethodRunnable.java:46)
	at org.testng.internal.InvokeMethodRunnable.run(InvokeMethodRunnable.java:37)
	at org.testng.internal.MethodInvocationHelper.invokeWithTimeoutWithNoExecutor(MethodInvocationHelper.java:209)
	at org.testng.internal.MethodInvocationHelper.invokeWithTimeout(MethodInvocationHelper.java:198)
	at org.testng.internal.Invoker.invokeMethod(Invoker.java:706)
	at org.testng.internal.Invoker.invokeTestMethod(Invoker.java:883)
	at org.testng.internal.Invoker.invokeTestMethods(Invoker.java:1208)
	at org.testng.internal.TestMethodWorker.invokeTestMethods(TestMethodWorker.java:127)
	at org.testng.internal.TestMethodWorker.run(TestMethodWorker.java:111)
	at org.testng.TestRunner.privateRun(TestRunner.java:758)
	at org.testng.TestRunner.run(TestRunner.java:613)
	at org.testng.SuiteRunner.runTest(SuiteRunner.java:334)
	at org.testng.SuiteRunner.access$000(SuiteRunner.java:37)
	at org.testng.SuiteRunner$SuiteWorker.run(SuiteRunner.java:368)
	at org.testng.internal.thread.ThreadUtil$CountDownLatchedRunnable.run(ThreadUtil.java:165)
	at java.util.concurrent.ThreadPoolExecutor$Worker.runTask(ThreadPoolExecutor.java:886)
	at java.util.concurrent.ThreadPoolExecutor$Worker.run(ThreadPoolExecutor.java:908)
	at java.lang.Thread.run(Thread.java:680)
[TestNG] Test testCreateServerIp(org.jclouds.rackspace.cloudservers.CloudServersUKClientLiveTest) succeeded: 96377ms
Test suite progress: tests succeeded: 121, failed: 2, skipped: 0.
Starting test testUnshare(org.jclouds.rackspace.cloudservers.CloudServersUKClientLiveTest)
blocking on status active
Server [addresses=Addresses [privateAddresses=[10.176.85.178], publicAddresses=[46.38.173.146]], adminPass=null, flavorId=1, hostId=8d68cc97c17dfe35eede1d1b304412f8, id=10123729, imageId=14362, metadata={jclouds=rackspace}, name=adriancole.cscreateserver1334389435, sharedIpGroupId=55]
blocking on status active
Server [addresses=Addresses [privateAddresses=[10.176.85.178], publicAddresses=[46.38.173.146]], adminPass=null, flavorId=1, hostId=8d68cc97c17dfe35eede1d1b304412f8, id=10123729, imageId=14362, metadata={jclouds=rackspace}, name=adriancole.cscreateserver1334389435, sharedIpGroupId=55]
blocking on status active
Server [addresses=Addresses [privateAddresses=[10.176.85.178], publicAddresses=[46.38.173.146]], adminPass=null, flavorId=1, hostId=8d68cc97c17dfe35eede1d1b304412f8, id=10123729, imageId=14362, metadata={jclouds=rackspace}, name=adriancole.cscreateserver1334389435, sharedIpGroupId=55]
blocking on status active
Server [addresses=Addresses [privateAddresses=[10.176.85.178], publicAddresses=[46.38.173.146]], adminPass=null, flavorId=1, hostId=8d68cc97c17dfe35eede1d1b304412f8, id=10123729, imageId=14362, metadata={jclouds=rackspace}, name=adriancole.cscreateserver1334389435, sharedIpGroupId=55]
[TestNG] Test testUnshare(org.jclouds.rackspace.cloudservers.CloudServersUKClientLiveTest) succeeded: 45839ms
Test suite progress: tests succeeded: 122, failed: 2, skipped: 0.
Starting test testShareConfig(org.jclouds.rackspace.cloudservers.CloudServersUKClientLiveTest)
java.lang.AssertionError: server Server [addresses=Addresses [privateAddresses=[10.176.85.178], publicAddresses=[46.38.173.146, 46.38.164.232]], adminPass=null, flavorId=1, hostId=8d68cc97c17dfe35eede1d1b304412f8, id=10123729, imageId=14362, metadata={jclouds=rackspace}, name=adriancole.cscreateserver1334389435, sharedIpGroupId=55] didn't get ip 46.38.164.232
{output=eth0      Link encap:Ethernet  HWaddr 40:40:c0:19:98:2a  
          inet addr:46.38.173.146  Bcast:46.38.173.255  Mask:255.255.255.0
          inet6 addr: fe80::4240:c0ff:fe19:982a/64 Scope:Link
          UP BROADCAST RUNNING MULTICAST  MTU:1500  Metric:1
          RX packets:48 errors:0 dropped:0 overruns:0 frame:0
          TX packets:45 errors:0 dropped:0 overruns:0 carrier:0
          collisions:0 txqueuelen:1000 
          RX bytes:5217 (5.2 KB)  TX bytes:5325 (5.3 KB)
          Interrupt:24 

eth1      Link encap:Ethernet  HWaddr 40:40:dd:6b:fe:5e  
          inet addr:10.176.85.178  Bcast:10.176.127.255  Mask:255.255.192.0
          inet6 addr: fe80::4240:ddff:fe6b:fe5e/64 Scope:Link
          UP BROADCAST RUNNING MULTICAST  MTU:1500  Metric:1
          RX packets:4 errors:0 dropped:0 overruns:0 frame:0
          TX packets:6 errors:0 dropped:0 overruns:0 carrier:0
          collisions:0 txqueuelen:1000 
          RX bytes:244 (244.0 B)  TX bytes:468 (468.0 B)
          Interrupt:25 

lo        Link encap:Local Loopback  
          inet addr:127.0.0.1  Mask:255.0.0.0
          inet6 addr: ::1/128 Scope:Host
          UP LOOPBACK RUNNING  MTU:16436  Metric:1
          RX packets:0 errors:0 dropped:0 overruns:0 frame:0
          TX packets:0 errors:0 dropped:0 overruns:0 carrier:0
          collisions:0 txqueuelen:0 
          RX bytes:0 (0.0 B)  TX bytes:0 (0.0 B)

, error=, exitStatus=0}
	at org.jclouds.cloudservers.CloudServersClientLiveTest.assertIpConfigured(CloudServersClientLiveTest.java:461)
	at org.jclouds.cloudservers.CloudServersClientLiveTest.testShareConfig(CloudServersClientLiveTest.java:497)
	at sun.reflect.NativeMethodAccessorImpl.invoke0(Native Method)
	at sun.reflect.NativeMethodAccessorImpl.invoke(NativeMethodAccessorImpl.java:39)
	at sun.reflect.DelegatingMethodAccessorImpl.invoke(DelegatingMethodAccessorImpl.java:25)
	at java.lang.reflect.Method.invoke(Method.java:597)
	at org.testng.internal.MethodInvocationHelper.invokeMethod(MethodInvocationHelper.java:80)
	at org.testng.internal.InvokeMethodRunnable.runOne(InvokeMethodRunnable.java:46)
	at org.testng.internal.InvokeMethodRunnable.run(InvokeMethodRunnable.java:37)
	at org.testng.internal.MethodInvocationHelper.invokeWithTimeoutWithNoExecutor(MethodInvocationHelper.java:209)
	at org.testng.internal.MethodInvocationHelper.invokeWithTimeout(MethodInvocationHelper.java:198)
	at org.testng.internal.Invoker.invokeMethod(Invoker.java:706)
	at org.testng.internal.Invoker.invokeTestMethod(Invoker.java:883)
	at org.testng.internal.Invoker.invokeTestMethods(Invoker.java:1208)
	at org.testng.internal.TestMethodWorker.invokeTestMethods(TestMethodWorker.java:127)
	at org.testng.internal.TestMethodWorker.run(TestMethodWorker.java:111)
	at org.testng.TestRunner.privateRun(TestRunner.java:758)
	at org.testng.TestRunner.run(TestRunner.java:613)
	at org.testng.SuiteRunner.runTest(SuiteRunner.java:334)
	at org.testng.SuiteRunner.access$000(SuiteRunner.java:37)
	at org.testng.SuiteRunner$SuiteWorker.run(SuiteRunner.java:368)
	at org.testng.internal.thread.ThreadUtil$CountDownLatchedRunnable.run(ThreadUtil.java:165)
	at java.util.concurrent.ThreadPoolExecutor$Worker.runTask(ThreadPoolExecutor.java:886)
	at java.util.concurrent.ThreadPoolExecutor$Worker.run(ThreadPoolExecutor.java:908)
	at java.lang.Thread.run(Thread.java:680)
blocking on status active
Server [addresses=Addresses [privateAddresses=[10.176.85.178], publicAddresses=[46.38.173.146]], adminPass=null, flavorId=1, hostId=8d68cc97c17dfe35eede1d1b304412f8, id=10123729, imageId=14362, metadata={jclouds=rackspace}, name=adriancole.cscreateserver1334389435, sharedIpGroupId=55]
blocking on status active
Server [addresses=Addresses [privateAddresses=[10.176.85.178], publicAddresses=[46.38.173.146]], adminPass=null, flavorId=1, hostId=8d68cc97c17dfe35eede1d1b304412f8, id=10123729, imageId=14362, metadata={jclouds=rackspace}, name=adriancole.cscreateserver1334389435, sharedIpGroupId=55]
blocking on status active
Server [addresses=Addresses [privateAddresses=[10.176.85.178], publicAddresses=[46.38.173.146]], adminPass=null, flavorId=1, hostId=8d68cc97c17dfe35eede1d1b304412f8, id=10123729, imageId=14362, metadata={jclouds=rackspace}, name=adriancole.cscreateserver1334389435, sharedIpGroupId=55]
blocking on status active
Server [addresses=Addresses [privateAddresses=[10.176.85.178], publicAddresses=[46.38.173.146]], adminPass=null, flavorId=1, hostId=8d68cc97c17dfe35eede1d1b304412f8, id=10123729, imageId=14362, metadata={jclouds=rackspace}, name=adriancole.cscreateserver1334389435, sharedIpGroupId=55]
blocking on status active
Server [addresses=Addresses [privateAddresses=[10.176.85.178], publicAddresses=[46.38.173.146]], adminPass=null, flavorId=1, hostId=8d68cc97c17dfe35eede1d1b304412f8, id=10123729, imageId=14362, metadata={jclouds=rackspace}, name=adriancole.cscreateserver1334389435, sharedIpGroupId=55]
[TestNG] Test testOptionToNotBlock(org.jclouds.rackspace.cloudservers.compute.CloudServersUKComputeServiceLiveTest) succeeded: 212122ms
Test suite progress: tests succeeded: 123, failed: 2, skipped: 0.
Starting test testAssignability(org.jclouds.rackspace.cloudservers.compute.CloudServersUKComputeServiceLiveTest)
[TestNG] Test testAssignability(org.jclouds.rackspace.cloudservers.compute.CloudServersUKComputeServiceLiveTest) succeeded: 97ms
Test suite progress: tests succeeded: 124, failed: 2, skipped: 0.
Starting test testCorrectExceptionRunningNodesNotFound(org.jclouds.rackspace.cloudservers.compute.CloudServersUKComputeServiceLiveTest)
[TestNG] Test testCorrectExceptionRunningNodesNotFound(org.jclouds.rackspace.cloudservers.compute.CloudServersUKComputeServiceLiveTest) succeeded: 1745ms
Test suite progress: tests succeeded: 125, failed: 2, skipped: 0.
Starting test testAScriptExecutionAfterBootWithBasicTemplate(org.jclouds.rackspace.cloudservers.compute.CloudServersUKComputeServiceLiveTest)
[TestNG] Test testShareConfig(org.jclouds.rackspace.cloudservers.CloudServersUKClientLiveTest) succeeded: 94094ms
Test suite progress: tests succeeded: 126, failed: 2, skipped: 0.
Starting test testShareNoConfig(org.jclouds.rackspace.cloudservers.CloudServersUKClientLiveTest)
blocking on status active
Server [addresses=Addresses [privateAddresses=[10.176.85.178], publicAddresses=[46.38.173.146]], adminPass=null, flavorId=1, hostId=8d68cc97c17dfe35eede1d1b304412f8, id=10123729, imageId=14362, metadata={jclouds=rackspace}, name=adriancole.cscreateserver1334389435, sharedIpGroupId=55]
blocking on status active
Server [addresses=Addresses [privateAddresses=[10.176.85.178], publicAddresses=[46.38.173.146]], adminPass=null, flavorId=1, hostId=8d68cc97c17dfe35eede1d1b304412f8, id=10123729, imageId=14362, metadata={jclouds=rackspace}, name=adriancole.cscreateserver1334389435, sharedIpGroupId=55]
blocking on status active
Server [addresses=Addresses [privateAddresses=[10.176.85.178], publicAddresses=[46.38.173.146]], adminPass=null, flavorId=1, hostId=8d68cc97c17dfe35eede1d1b304412f8, id=10123729, imageId=14362, metadata={jclouds=rackspace}, name=adriancole.cscreateserver1334389435, sharedIpGroupId=55]
blocking on status active
Server [addresses=Addresses [privateAddresses=[10.176.85.178], publicAddresses=[46.38.173.146]], adminPass=null, flavorId=1, hostId=8d68cc97c17dfe35eede1d1b304412f8, id=10123729, imageId=14362, metadata={jclouds=rackspace}, name=adriancole.cscreateserver1334389435, sharedIpGroupId=55]
blocking on status active
Server [addresses=Addresses [privateAddresses=[10.176.85.178], publicAddresses=[46.38.173.146]], adminPass=null, flavorId=1, hostId=8d68cc97c17dfe35eede1d1b304412f8, id=10123729, imageId=14362, metadata={jclouds=rackspace}, name=adriancole.cscreateserver1334389435, sharedIpGroupId=55]
[TestNG] Test testShareNoConfig(org.jclouds.rackspace.cloudservers.CloudServersUKClientLiveTest) succeeded: 57787ms
Test suite progress: tests succeeded: 127, failed: 2, skipped: 0.
Starting test testBackup(org.jclouds.rackspace.cloudservers.CloudServersUKClientLiveTest)
[TestNG] Test testBackup(org.jclouds.rackspace.cloudservers.CloudServersUKClientLiveTest) succeeded: 5723ms
Test suite progress: tests succeeded: 128, failed: 2, skipped: 0.
Starting test testCreateImage(org.jclouds.rackspace.cloudservers.CloudServersUKClientLiveTest)
blocking on status active
Image [created=Mon Mar 12 20:24:37 PDT 2012, id=10726775, name=hoofie, serverId=null]
blocking on status active
Image [created=Mon Mar 12 20:24:37 PDT 2012, id=10726775, name=hoofie, serverId=null]
blocking on status active
Image [created=Mon Mar 12 20:24:37 PDT 2012, id=10726775, name=hoofie, serverId=null]
blocking on status active
Image [created=Mon Mar 12 20:24:37 PDT 2012, id=10726775, name=hoofie, serverId=null]
blocking on status active
Image [created=Mon Mar 12 20:24:37 PDT 2012, id=10726775, name=hoofie, serverId=null]
blocking on status active
Image [created=Mon Mar 12 20:24:37 PDT 2012, id=10726775, name=hoofie, serverId=null]
blocking on status active
Image [created=Mon Mar 12 20:24:37 PDT 2012, id=10726775, name=hoofie, serverId=null]
blocking on status active
Image [created=Mon Mar 12 20:24:37 PDT 2012, id=10726775, name=hoofie, serverId=null]
blocking on status active
Image [created=Mon Mar 12 20:24:37 PDT 2012, id=10726775, name=hoofie, serverId=null]
blocking on status active
Image [created=Mon Mar 12 20:24:37 PDT 2012, id=10726775, name=hoofie, serverId=null]
blocking on status active
Image [created=Mon Mar 12 20:24:37 PDT 2012, id=10726775, name=hoofie, serverId=null]
blocking on status active
Image [created=Mon Mar 12 20:24:37 PDT 2012, id=10726775, name=hoofie, serverId=null]
blocking on status active
Image [created=Mon Mar 12 20:24:37 PDT 2012, id=10726775, name=hoofie, serverId=null]
blocking on status active
Image [created=Mon Mar 12 20:24:37 PDT 2012, id=10726775, name=hoofie, serverId=null]
blocking on status active
Image [created=Mon Mar 12 20:24:37 PDT 2012, id=10726775, name=hoofie, serverId=null]
blocking on status active
Image [created=Mon Mar 12 20:24:37 PDT 2012, id=10726775, name=hoofie, serverId=null]
blocking on status active
Image [created=Mon Mar 12 20:24:37 PDT 2012, id=10726775, name=hoofie, serverId=null]
blocking on status active
Image [created=Mon Mar 12 20:24:37 PDT 2012, id=10726775, name=hoofie, serverId=null]
blocking on status active
Image [created=Mon Mar 12 20:24:37 PDT 2012, id=10726775, name=hoofie, serverId=null]
blocking on status active
Image [created=Mon Mar 12 20:24:37 PDT 2012, id=10726775, name=hoofie, serverId=null]
blocking on status active
Image [created=Mon Mar 12 20:24:37 PDT 2012, id=10726775, name=hoofie, serverId=null]
<< problem applying options to node(10123731): 
org.jclouds.rest.AuthorizationException: (root:pw[5d907853a9617cfd55fb62eae803595b]@164.177.147.114:22) (root:pw[5d907853a9617cfd55fb62eae803595b]@164.177.147.114:22) error acquiring SSHClient(timeout=60000) (not retryable): Exhausted available authentication methods
	at org.jclouds.sshj.SshjSshClient.propagate(SshjSshClient.java:416)
	at org.jclouds.sshj.SshjSshClient.acquire(SshjSshClient.java:247)
	at org.jclouds.sshj.SshjSshClient.connect(SshjSshClient.java:257)
	at org.jclouds.compute.callables.RunScriptOnNodeUsingSsh.call(RunScriptOnNodeUsingSsh.java:80)
	at org.jclouds.compute.strategy.RunScriptOnNodeAndAddToGoodMapOrPutExceptionIntoBadMap.call(RunScriptOnNodeAndAddToGoodMapOrPutExceptionIntoBadMap.java:69)
	at org.jclouds.compute.strategy.RunScriptOnNodeAndAddToGoodMapOrPutExceptionIntoBadMap.call(RunScriptOnNodeAndAddToGoodMapOrPutExceptionIntoBadMap.java:44)
	at java.util.concurrent.FutureTask$Sync.innerRun(FutureTask.java:303)
	at java.util.concurrent.FutureTask.run(FutureTask.java:138)
	at java.util.concurrent.ThreadPoolExecutor$Worker.runTask(ThreadPoolExecutor.java:886)
	at java.util.concurrent.ThreadPoolExecutor$Worker.run(ThreadPoolExecutor.java:908)
	at java.lang.Thread.run(Thread.java:680)
Caused by: net.schmizz.sshj.userauth.UserAuthException: Exhausted available authentication methods
	at net.schmizz.sshj.userauth.UserAuthImpl.authenticate(UserAuthImpl.java:114)
	at net.schmizz.sshj.SSHClient.auth(SSHClient.java:204)
	at net.schmizz.sshj.SSHClient.auth(SSHClient.java:189)
	at net.schmizz.sshj.SSHClient.authPassword(SSHClient.java:265)
	at net.schmizz.sshj.SSHClient.authPassword(SSHClient.java:235)
	at net.schmizz.sshj.SSHClient.authPassword(SSHClient.java:219)
	at org.jclouds.sshj.SshjSshClient$1.create(SshjSshClient.java:203)
	at org.jclouds.sshj.SshjSshClient$1.create(SshjSshClient.java:179)
	at org.jclouds.sshj.SshjSshClient.acquire(SshjSshClient.java:228)
	... 9 more
Caused by: net.schmizz.sshj.userauth.UserAuthException: keyboard-interactive auth not allowed by server
	at net.schmizz.sshj.userauth.UserAuthImpl.authenticate(UserAuthImpl.java:81)
	... 17 more
blocking on status active
Image [created=Mon Mar 12 20:24:37 PDT 2012, id=10726775, name=hoofie, serverId=null]
[TestNG] Test testCreateImage(org.jclouds.rackspace.cloudservers.CloudServersUKClientLiveTest) succeeded: 133816ms
Test suite progress: tests succeeded: 129, failed: 2, skipped: 0.
Starting test testRebuildServer(org.jclouds.rackspace.cloudservers.CloudServersUKClientLiveTest)
blocking on status active
Server [addresses=Addresses [privateAddresses=[10.176.85.176], publicAddresses=[46.38.164.232]], adminPass=null, flavorId=1, hostId=1c71cd4fc3a9e127632b67259692bc23, id=10123728, imageId=10726775, metadata={jclouds=rackspace}, name=adriancole.cscreateserver515397516new, sharedIpGroupId=55]
blocking on status active
Server [addresses=Addresses [privateAddresses=[10.176.85.176], publicAddresses=[46.38.164.232]], adminPass=null, flavorId=1, hostId=1c71cd4fc3a9e127632b67259692bc23, id=10123728, imageId=10726775, metadata={jclouds=rackspace}, name=adriancole.cscreateserver515397516new, sharedIpGroupId=55]
blocking on status active
Server [addresses=Addresses [privateAddresses=[10.176.85.176], publicAddresses=[46.38.164.232]], adminPass=null, flavorId=1, hostId=1c71cd4fc3a9e127632b67259692bc23, id=10123728, imageId=10726775, metadata={jclouds=rackspace}, name=adriancole.cscreateserver515397516new, sharedIpGroupId=55]
blocking on status active
Server [addresses=Addresses [privateAddresses=[10.176.85.176], publicAddresses=[46.38.164.232]], adminPass=null, flavorId=1, hostId=1c71cd4fc3a9e127632b67259692bc23, id=10123728, imageId=10726775, metadata={jclouds=rackspace}, name=adriancole.cscreateserver515397516new, sharedIpGroupId=55]
blocking on status active
Server [addresses=Addresses [privateAddresses=[10.176.85.176], publicAddresses=[46.38.164.232]], adminPass=null, flavorId=1, hostId=1c71cd4fc3a9e127632b67259692bc23, id=10123728, imageId=10726775, metadata={jclouds=rackspace}, name=adriancole.cscreateserver515397516new, sharedIpGroupId=55]
blocking on status active
Server [addresses=Addresses [privateAddresses=[10.176.85.176], publicAddresses=[46.38.164.232]], adminPass=null, flavorId=1, hostId=1c71cd4fc3a9e127632b67259692bc23, id=10123728, imageId=10726775, metadata={jclouds=rackspace}, name=adriancole.cscreateserver515397516new, sharedIpGroupId=55]
blocking on status active
Server [addresses=Addresses [privateAddresses=[10.176.85.176], publicAddresses=[46.38.164.232]], adminPass=null, flavorId=1, hostId=1c71cd4fc3a9e127632b67259692bc23, id=10123728, imageId=10726775, metadata={jclouds=rackspace}, name=adriancole.cscreateserver515397516new, sharedIpGroupId=55]
blocking on status active
Server [addresses=Addresses [privateAddresses=[10.176.85.176], publicAddresses=[46.38.164.232]], adminPass=null, flavorId=1, hostId=1c71cd4fc3a9e127632b67259692bc23, id=10123728, imageId=10726775, metadata={jclouds=rackspace}, name=adriancole.cscreateserver515397516new, sharedIpGroupId=55]
blocking on status active
Server [addresses=Addresses [privateAddresses=[10.176.85.176], publicAddresses=[46.38.164.232]], adminPass=null, flavorId=1, hostId=1c71cd4fc3a9e127632b67259692bc23, id=10123728, imageId=10726775, metadata={jclouds=rackspace}, name=adriancole.cscreateserver515397516new, sharedIpGroupId=55]
blocking on status active
Server [addresses=Addresses [privateAddresses=[10.176.85.176], publicAddresses=[46.38.164.232]], adminPass=null, flavorId=1, hostId=1c71cd4fc3a9e127632b67259692bc23, id=10123728, imageId=10726775, metadata={jclouds=rackspace}, name=adriancole.cscreateserver515397516new, sharedIpGroupId=55]
blocking on status active
Server [addresses=Addresses [privateAddresses=[10.176.85.176], publicAddresses=[46.38.164.232]], adminPass=null, flavorId=1, hostId=1c71cd4fc3a9e127632b67259692bc23, id=10123728, imageId=10726775, metadata={jclouds=rackspace}, name=adriancole.cscreateserver515397516new, sharedIpGroupId=55]
blocking on status active
Server [addresses=Addresses [privateAddresses=[10.176.85.176], publicAddresses=[46.38.164.232]], adminPass=null, flavorId=1, hostId=1c71cd4fc3a9e127632b67259692bc23, id=10123728, imageId=10726775, metadata={jclouds=rackspace}, name=adriancole.cscreateserver515397516new, sharedIpGroupId=55]
blocking on status active
Server [addresses=Addresses [privateAddresses=[10.176.85.176], publicAddresses=[46.38.164.232]], adminPass=null, flavorId=1, hostId=1c71cd4fc3a9e127632b67259692bc23, id=10123728, imageId=10726775, metadata={jclouds=rackspace}, name=adriancole.cscreateserver515397516new, sharedIpGroupId=55]
blocking on status active
Server [addresses=Addresses [privateAddresses=[10.176.85.176], publicAddresses=[46.38.164.232]], adminPass=null, flavorId=1, hostId=1c71cd4fc3a9e127632b67259692bc23, id=10123728, imageId=10726775, metadata={jclouds=rackspace}, name=adriancole.cscreateserver515397516new, sharedIpGroupId=55]
blocking on status active
Server [addresses=Addresses [privateAddresses=[10.176.85.176], publicAddresses=[46.38.164.232]], adminPass=null, flavorId=1, hostId=1c71cd4fc3a9e127632b67259692bc23, id=10123728, imageId=10726775, metadata={jclouds=rackspace}, name=adriancole.cscreateserver515397516new, sharedIpGroupId=55]
blocking on status active
Server [addresses=Addresses [privateAddresses=[10.176.85.176], publicAddresses=[46.38.164.232]], adminPass=null, flavorId=1, hostId=1c71cd4fc3a9e127632b67259692bc23, id=10123728, imageId=10726775, metadata={jclouds=rackspace}, name=adriancole.cscreateserver515397516new, sharedIpGroupId=55]
blocking on status active
Server [addresses=Addresses [privateAddresses=[10.176.85.176], publicAddresses=[46.38.164.232]], adminPass=null, flavorId=1, hostId=1c71cd4fc3a9e127632b67259692bc23, id=10123728, imageId=10726775, metadata={jclouds=rackspace}, name=adriancole.cscreateserver515397516new, sharedIpGroupId=55]
blocking on status active
Server [addresses=Addresses [privateAddresses=[10.176.85.176], publicAddresses=[46.38.164.232]], adminPass=null, flavorId=1, hostId=1c71cd4fc3a9e127632b67259692bc23, id=10123728, imageId=10726775, metadata={jclouds=rackspace}, name=adriancole.cscreateserver515397516new, sharedIpGroupId=55]
blocking on status active
Server [addresses=Addresses [privateAddresses=[10.176.85.176], publicAddresses=[46.38.164.232]], adminPass=null, flavorId=1, hostId=1c71cd4fc3a9e127632b67259692bc23, id=10123728, imageId=10726775, metadata={jclouds=rackspace}, name=adriancole.cscreateserver515397516new, sharedIpGroupId=55]
blocking on status active
Server [addresses=Addresses [privateAddresses=[10.176.85.176], publicAddresses=[46.38.164.232]], adminPass=null, flavorId=1, hostId=1c71cd4fc3a9e127632b67259692bc23, id=10123728, imageId=10726775, metadata={jclouds=rackspace}, name=adriancole.cscreateserver515397516new, sharedIpGroupId=55]
blocking on status active
Server [addresses=Addresses [privateAddresses=[10.176.85.176], publicAddresses=[46.38.164.232]], adminPass=null, flavorId=1, hostId=1c71cd4fc3a9e127632b67259692bc23, id=10123728, imageId=10726775, metadata={jclouds=rackspace}, name=adriancole.cscreateserver515397516new, sharedIpGroupId=55]
blocking on status active
Server [addresses=Addresses [privateAddresses=[10.176.85.176], publicAddresses=[46.38.164.232]], adminPass=null, flavorId=1, hostId=1c71cd4fc3a9e127632b67259692bc23, id=10123728, imageId=10726775, metadata={jclouds=rackspace}, name=adriancole.cscreateserver515397516new, sharedIpGroupId=55]
blocking on status active
Server [addresses=Addresses [privateAddresses=[10.176.85.176], publicAddresses=[46.38.164.232]], adminPass=null, flavorId=1, hostId=1c71cd4fc3a9e127632b67259692bc23, id=10123728, imageId=10726775, metadata={jclouds=rackspace}, name=adriancole.cscreateserver515397516new, sharedIpGroupId=55]
[TestNG] Test testRebuildServer(org.jclouds.rackspace.cloudservers.CloudServersUKClientLiveTest) succeeded: 151636ms
Test suite progress: tests succeeded: 130, failed: 2, skipped: 0.
Starting test testRebootHard(org.jclouds.rackspace.cloudservers.CloudServersUKClientLiveTest)
blocking on status active
Server [addresses=Addresses [privateAddresses=[10.176.85.176], publicAddresses=[46.38.164.232]], adminPass=null, flavorId=1, hostId=1c71cd4fc3a9e127632b67259692bc23, id=10123728, imageId=14362, metadata={jclouds=rackspace}, name=adriancole.cscreateserver515397516new, sharedIpGroupId=55]
blocking on status active
Server [addresses=Addresses [privateAddresses=[10.176.85.176], publicAddresses=[46.38.164.232]], adminPass=null, flavorId=1, hostId=1c71cd4fc3a9e127632b67259692bc23, id=10123728, imageId=14362, metadata={jclouds=rackspace}, name=adriancole.cscreateserver515397516new, sharedIpGroupId=55]
[TestNG] Test testRebootHard(org.jclouds.rackspace.cloudservers.CloudServersUKClientLiveTest) succeeded: 15894ms
Test suite progress: tests succeeded: 131, failed: 2, skipped: 0.
Starting test testRebootSoft(org.jclouds.rackspace.cloudservers.CloudServersUKClientLiveTest)
[TestNG] Test testRebootSoft(org.jclouds.rackspace.cloudservers.CloudServersUKClientLiveTest) succeeded: 3486ms
Test suite progress: tests succeeded: 132, failed: 2, skipped: 0.
Starting test testConfirmResize(org.jclouds.rackspace.cloudservers.CloudServersUKClientLiveTest)
blocking on status verify resize
Server [addresses=Addresses [privateAddresses=[10.176.85.178], publicAddresses=[46.38.173.146]], adminPass=null, flavorId=1, hostId=8d68cc97c17dfe35eede1d1b304412f8, id=10123729, imageId=14362, metadata={jclouds=rackspace}, name=adriancole.cscreateserver1334389435, sharedIpGroupId=55]
blocking on status verify resize
Server [addresses=Addresses [privateAddresses=[10.176.85.178], publicAddresses=[46.38.173.146]], adminPass=null, flavorId=1, hostId=8d68cc97c17dfe35eede1d1b304412f8, id=10123729, imageId=14362, metadata={jclouds=rackspace}, name=adriancole.cscreateserver1334389435, sharedIpGroupId=55]
blocking on status verify resize
Server [addresses=Addresses [privateAddresses=[10.176.85.178], publicAddresses=[46.38.173.146]], adminPass=null, flavorId=1, hostId=8d68cc97c17dfe35eede1d1b304412f8, id=10123729, imageId=14362, metadata={jclouds=rackspace}, name=adriancole.cscreateserver1334389435, sharedIpGroupId=55]
blocking on status verify resize
Server [addresses=Addresses [privateAddresses=[10.176.85.178], publicAddresses=[46.38.173.146]], adminPass=null, flavorId=1, hostId=8d68cc97c17dfe35eede1d1b304412f8, id=10123729, imageId=14362, metadata={jclouds=rackspace}, name=adriancole.cscreateserver1334389435, sharedIpGroupId=55]
[TestNG] Test testAScriptExecutionAfterBootWithBasicTemplate(org.jclouds.rackspace.cloudservers.compute.CloudServersUKComputeServiceLiveTest) succeeded: 399781ms
Test suite progress: tests succeeded: 133, failed: 2, skipped: 0.
Starting test testCreateTwoNodesWithRunScript(org.jclouds.rackspace.cloudservers.compute.CloudServersUKComputeServiceLiveTest)
blocking on status verify resize
Server [addresses=Addresses [privateAddresses=[10.176.85.178], publicAddresses=[46.38.173.146]], adminPass=null, flavorId=1, hostId=8d68cc97c17dfe35eede1d1b304412f8, id=10123729, imageId=14362, metadata={jclouds=rackspace}, name=adriancole.cscreateserver1334389435, sharedIpGroupId=55]
blocking on status verify resize
Server [addresses=Addresses [privateAddresses=[10.176.85.178], publicAddresses=[46.38.173.146]], adminPass=null, flavorId=1, hostId=8d68cc97c17dfe35eede1d1b304412f8, id=10123729, imageId=14362, metadata={jclouds=rackspace}, name=adriancole.cscreateserver1334389435, sharedIpGroupId=55]
blocking on status verify resize
Server [addresses=Addresses [privateAddresses=[10.176.85.178], publicAddresses=[46.38.173.146]], adminPass=null, flavorId=1, hostId=8d68cc97c17dfe35eede1d1b304412f8, id=10123729, imageId=14362, metadata={jclouds=rackspace}, name=adriancole.cscreateserver1334389435, sharedIpGroupId=55]
blocking on status verify resize
Server [addresses=Addresses [privateAddresses=[10.176.85.178], publicAddresses=[46.38.173.146]], adminPass=null, flavorId=1, hostId=8d68cc97c17dfe35eede1d1b304412f8, id=10123729, imageId=14362, metadata={jclouds=rackspace}, name=adriancole.cscreateserver1334389435, sharedIpGroupId=55]
blocking on status verify resize
Server [addresses=Addresses [privateAddresses=[10.176.85.178], publicAddresses=[46.38.173.146]], adminPass=null, flavorId=1, hostId=8d68cc97c17dfe35eede1d1b304412f8, id=10123729, imageId=14362, metadata={jclouds=rackspace}, name=adriancole.cscreateserver1334389435, sharedIpGroupId=55]
blocking on status verify resize
Server [addresses=Addresses [privateAddresses=[10.176.85.178], publicAddresses=[46.38.173.146]], adminPass=null, flavorId=1, hostId=8d68cc97c17dfe35eede1d1b304412f8, id=10123729, imageId=14362, metadata={jclouds=rackspace}, name=adriancole.cscreateserver1334389435, sharedIpGroupId=55]
blocking on status verify resize
Server [addresses=Addresses [privateAddresses=[10.176.85.178], publicAddresses=[46.38.173.146]], adminPass=null, flavorId=1, hostId=8d68cc97c17dfe35eede1d1b304412f8, id=10123729, imageId=14362, metadata={jclouds=rackspace}, name=adriancole.cscreateserver1334389435, sharedIpGroupId=55]
blocking on status verify resize
Server [addresses=Addresses [privateAddresses=[10.176.85.178], publicAddresses=[46.38.173.146]], adminPass=null, flavorId=1, hostId=8d68cc97c17dfe35eede1d1b304412f8, id=10123729, imageId=14362, metadata={jclouds=rackspace}, name=adriancole.cscreateserver1334389435, sharedIpGroupId=55]
blocking on status verify resize
Server [addresses=Addresses [privateAddresses=[10.176.85.178], publicAddresses=[46.38.173.146]], adminPass=null, flavorId=1, hostId=8d68cc97c17dfe35eede1d1b304412f8, id=10123729, imageId=14362, metadata={jclouds=rackspace}, name=adriancole.cscreateserver1334389435, sharedIpGroupId=55]
blocking on status verify resize
Server [addresses=Addresses [privateAddresses=[10.176.85.178], publicAddresses=[46.38.173.146]], adminPass=null, flavorId=1, hostId=8d68cc97c17dfe35eede1d1b304412f8, id=10123729, imageId=14362, metadata={jclouds=rackspace}, name=adriancole.cscreateserver1334389435, sharedIpGroupId=55]
blocking on status verify resize
Server [addresses=Addresses [privateAddresses=[10.176.85.178], publicAddresses=[46.38.173.146]], adminPass=null, flavorId=1, hostId=8d68cc97c17dfe35eede1d1b304412f8, id=10123729, imageId=14362, metadata={jclouds=rackspace}, name=adriancole.cscreateserver1334389435, sharedIpGroupId=55]
blocking on status verify resize
Server [addresses=Addresses [privateAddresses=[10.176.85.178], publicAddresses=[46.38.173.146]], adminPass=null, flavorId=1, hostId=8d68cc97c17dfe35eede1d1b304412f8, id=10123729, imageId=14362, metadata={jclouds=rackspace}, name=adriancole.cscreateserver1334389435, sharedIpGroupId=55]
blocking on status verify resize
Server [addresses=Addresses [privateAddresses=[10.176.85.178], publicAddresses=[46.38.173.146]], adminPass=null, flavorId=1, hostId=8d68cc97c17dfe35eede1d1b304412f8, id=10123729, imageId=14362, metadata={jclouds=rackspace}, name=adriancole.cscreateserver1334389435, sharedIpGroupId=55]
blocking on status verify resize
Server [addresses=Addresses [privateAddresses=[10.176.85.178], publicAddresses=[46.38.173.146]], adminPass=null, flavorId=1, hostId=8d68cc97c17dfe35eede1d1b304412f8, id=10123729, imageId=14362, metadata={jclouds=rackspace}, name=adriancole.cscreateserver1334389435, sharedIpGroupId=55]
blocking on status verify resize
Server [addresses=Addresses [privateAddresses=[10.176.85.178], publicAddresses=[46.38.173.146]], adminPass=null, flavorId=1, hostId=8d68cc97c17dfe35eede1d1b304412f8, id=10123729, imageId=14362, metadata={jclouds=rackspace}, name=adriancole.cscreateserver1334389435, sharedIpGroupId=55]
blocking on status verify resize
Server [addresses=Addresses [privateAddresses=[10.176.85.178], publicAddresses=[46.38.173.146]], adminPass=null, flavorId=1, hostId=8d68cc97c17dfe35eede1d1b304412f8, id=10123729, imageId=14362, metadata={jclouds=rackspace}, name=adriancole.cscreateserver1334389435, sharedIpGroupId=55]
blocking on status verify resize
Server [addresses=Addresses [privateAddresses=[10.176.85.178], publicAddresses=[46.38.173.146]], adminPass=null, flavorId=1, hostId=8d68cc97c17dfe35eede1d1b304412f8, id=10123729, imageId=14362, metadata={jclouds=rackspace}, name=adriancole.cscreateserver1334389435, sharedIpGroupId=55]
blocking on status verify resize
Server [addresses=Addresses [privateAddresses=[10.176.85.178], publicAddresses=[46.38.173.146]], adminPass=null, flavorId=1, hostId=8d68cc97c17dfe35eede1d1b304412f8, id=10123729, imageId=14362, metadata={jclouds=rackspace}, name=adriancole.cscreateserver1334389435, sharedIpGroupId=55]
blocking on status verify resize
Server [addresses=Addresses [privateAddresses=[10.176.85.178], publicAddresses=[46.38.173.146]], adminPass=null, flavorId=1, hostId=8d68cc97c17dfe35eede1d1b304412f8, id=10123729, imageId=14362, metadata={jclouds=rackspace}, name=adriancole.cscreateserver1334389435, sharedIpGroupId=55]
blocking on status verify resize
Server [addresses=Addresses [privateAddresses=[10.176.85.178], publicAddresses=[46.38.173.146]], adminPass=null, flavorId=1, hostId=8d68cc97c17dfe35eede1d1b304412f8, id=10123729, imageId=14362, metadata={jclouds=rackspace}, name=adriancole.cscreateserver1334389435, sharedIpGroupId=55]
blocking on status verify resize
Server [addresses=Addresses [privateAddresses=[10.176.85.178], publicAddresses=[46.38.173.146]], adminPass=null, flavorId=1, hostId=8d68cc97c17dfe35eede1d1b304412f8, id=10123729, imageId=14362, metadata={jclouds=rackspace}, name=adriancole.cscreateserver1334389435, sharedIpGroupId=55]
blocking on status verify resize
Server [addresses=Addresses [privateAddresses=[10.176.85.178], publicAddresses=[46.38.173.146]], adminPass=null, flavorId=1, hostId=8d68cc97c17dfe35eede1d1b304412f8, id=10123729, imageId=14362, metadata={jclouds=rackspace}, name=adriancole.cscreateserver1334389435, sharedIpGroupId=55]
blocking on status verify resize
Server [addresses=Addresses [privateAddresses=[10.176.85.178], publicAddresses=[46.38.173.146]], adminPass=null, flavorId=1, hostId=8d68cc97c17dfe35eede1d1b304412f8, id=10123729, imageId=14362, metadata={jclouds=rackspace}, name=adriancole.cscreateserver1334389435, sharedIpGroupId=55]
blocking on status verify resize
Server [addresses=Addresses [privateAddresses=[10.176.85.178], publicAddresses=[46.38.173.146]], adminPass=null, flavorId=1, hostId=8d68cc97c17dfe35eede1d1b304412f8, id=10123729, imageId=14362, metadata={jclouds=rackspace}, name=adriancole.cscreateserver1334389435, sharedIpGroupId=55]
blocking on status verify resize
Server [addresses=Addresses [privateAddresses=[10.176.85.178], publicAddresses=[46.38.173.146]], adminPass=null, flavorId=1, hostId=8d68cc97c17dfe35eede1d1b304412f8, id=10123729, imageId=14362, metadata={jclouds=rackspace}, name=adriancole.cscreateserver1334389435, sharedIpGroupId=55]
blocking on status active
Server [addresses=Addresses [privateAddresses=[10.176.85.178], publicAddresses=[46.38.173.146]], adminPass=null, flavorId=2, hostId=0b4710b8e4e46dc24eac346954d463a7, id=10123729, imageId=14362, metadata={jclouds=rackspace}, name=adriancole.cscreateserver1334389435, sharedIpGroupId=55]
[TestNG] Test testConfirmResize(org.jclouds.rackspace.cloudservers.CloudServersUKClientLiveTest) succeeded: 198686ms
Test suite progress: tests succeeded: 134, failed: 2, skipped: 0.
Starting test testRevertResize(org.jclouds.rackspace.cloudservers.CloudServersUKClientLiveTest)
blocking on status verify resize
Server [addresses=Addresses [privateAddresses=[10.176.85.176], publicAddresses=[46.38.164.232]], adminPass=null, flavorId=1, hostId=1c71cd4fc3a9e127632b67259692bc23, id=10123728, imageId=14362, metadata={jclouds=rackspace}, name=adriancole.cscreateserver515397516new, sharedIpGroupId=55]
blocking on status verify resize
Server [addresses=Addresses [privateAddresses=[10.176.85.176], publicAddresses=[46.38.164.232]], adminPass=null, flavorId=1, hostId=1c71cd4fc3a9e127632b67259692bc23, id=10123728, imageId=14362, metadata={jclouds=rackspace}, name=adriancole.cscreateserver515397516new, sharedIpGroupId=55]
blocking on status verify resize
Server [addresses=Addresses [privateAddresses=[10.176.85.176], publicAddresses=[46.38.164.232]], adminPass=null, flavorId=1, hostId=1c71cd4fc3a9e127632b67259692bc23, id=10123728, imageId=14362, metadata={jclouds=rackspace}, name=adriancole.cscreateserver515397516new, sharedIpGroupId=55]
blocking on status verify resize
Server [addresses=Addresses [privateAddresses=[10.176.85.176], publicAddresses=[46.38.164.232]], adminPass=null, flavorId=1, hostId=1c71cd4fc3a9e127632b67259692bc23, id=10123728, imageId=14362, metadata={jclouds=rackspace}, name=adriancole.cscreateserver515397516new, sharedIpGroupId=55]
blocking on status verify resize
Server [addresses=Addresses [privateAddresses=[10.176.85.176], publicAddresses=[46.38.164.232]], adminPass=null, flavorId=1, hostId=1c71cd4fc3a9e127632b67259692bc23, id=10123728, imageId=14362, metadata={jclouds=rackspace}, name=adriancole.cscreateserver515397516new, sharedIpGroupId=55]
blocking on status verify resize
Server [addresses=Addresses [privateAddresses=[10.176.85.176], publicAddresses=[46.38.164.232]], adminPass=null, flavorId=1, hostId=1c71cd4fc3a9e127632b67259692bc23, id=10123728, imageId=14362, metadata={jclouds=rackspace}, name=adriancole.cscreateserver515397516new, sharedIpGroupId=55]
blocking on status verify resize
Server [addresses=Addresses [privateAddresses=[10.176.85.176], publicAddresses=[46.38.164.232]], adminPass=null, flavorId=1, hostId=1c71cd4fc3a9e127632b67259692bc23, id=10123728, imageId=14362, metadata={jclouds=rackspace}, name=adriancole.cscreateserver515397516new, sharedIpGroupId=55]
blocking on status verify resize
Server [addresses=Addresses [privateAddresses=[10.176.85.176], publicAddresses=[46.38.164.232]], adminPass=null, flavorId=1, hostId=1c71cd4fc3a9e127632b67259692bc23, id=10123728, imageId=14362, metadata={jclouds=rackspace}, name=adriancole.cscreateserver515397516new, sharedIpGroupId=55]
blocking on status verify resize
Server [addresses=Addresses [privateAddresses=[10.176.85.176], publicAddresses=[46.38.164.232]], adminPass=null, flavorId=1, hostId=1c71cd4fc3a9e127632b67259692bc23, id=10123728, imageId=14362, metadata={jclouds=rackspace}, name=adriancole.cscreateserver515397516new, sharedIpGroupId=55]
blocking on status verify resize
Server [addresses=Addresses [privateAddresses=[10.176.85.176], publicAddresses=[46.38.164.232]], adminPass=null, flavorId=1, hostId=1c71cd4fc3a9e127632b67259692bc23, id=10123728, imageId=14362, metadata={jclouds=rackspace}, name=adriancole.cscreateserver515397516new, sharedIpGroupId=55]
blocking on status verify resize
Server [addresses=Addresses [privateAddresses=[10.176.85.176], publicAddresses=[46.38.164.232]], adminPass=null, flavorId=1, hostId=1c71cd4fc3a9e127632b67259692bc23, id=10123728, imageId=14362, metadata={jclouds=rackspace}, name=adriancole.cscreateserver515397516new, sharedIpGroupId=55]
blocking on status verify resize
Server [addresses=Addresses [privateAddresses=[10.176.85.176], publicAddresses=[46.38.164.232]], adminPass=null, flavorId=1, hostId=1c71cd4fc3a9e127632b67259692bc23, id=10123728, imageId=14362, metadata={jclouds=rackspace}, name=adriancole.cscreateserver515397516new, sharedIpGroupId=55]
blocking on status verify resize
Server [addresses=Addresses [privateAddresses=[10.176.85.176], publicAddresses=[46.38.164.232]], adminPass=null, flavorId=1, hostId=1c71cd4fc3a9e127632b67259692bc23, id=10123728, imageId=14362, metadata={jclouds=rackspace}, name=adriancole.cscreateserver515397516new, sharedIpGroupId=55]
blocking on status verify resize
Server [addresses=Addresses [privateAddresses=[10.176.85.176], publicAddresses=[46.38.164.232]], adminPass=null, flavorId=1, hostId=1c71cd4fc3a9e127632b67259692bc23, id=10123728, imageId=14362, metadata={jclouds=rackspace}, name=adriancole.cscreateserver515397516new, sharedIpGroupId=55]
blocking on status verify resize
Server [addresses=Addresses [privateAddresses=[10.176.85.176], publicAddresses=[46.38.164.232]], adminPass=null, flavorId=1, hostId=1c71cd4fc3a9e127632b67259692bc23, id=10123728, imageId=14362, metadata={jclouds=rackspace}, name=adriancole.cscreateserver515397516new, sharedIpGroupId=55]
blocking on status verify resize
Server [addresses=Addresses [privateAddresses=[10.176.85.176], publicAddresses=[46.38.164.232]], adminPass=null, flavorId=1, hostId=1c71cd4fc3a9e127632b67259692bc23, id=10123728, imageId=14362, metadata={jclouds=rackspace}, name=adriancole.cscreateserver515397516new, sharedIpGroupId=55]
blocking on status verify resize
Server [addresses=Addresses [privateAddresses=[10.176.85.176], publicAddresses=[46.38.164.232]], adminPass=null, flavorId=1, hostId=1c71cd4fc3a9e127632b67259692bc23, id=10123728, imageId=14362, metadata={jclouds=rackspace}, name=adriancole.cscreateserver515397516new, sharedIpGroupId=55]
blocking on status active
Server [addresses=Addresses [privateAddresses=[10.176.85.176], publicAddresses=[46.38.164.232]], adminPass=null, flavorId=1, hostId=1c71cd4fc3a9e127632b67259692bc23, id=10123728, imageId=14362, metadata={jclouds=rackspace}, name=adriancole.cscreateserver515397516new, sharedIpGroupId=55]
blocking on status active
Server [addresses=Addresses [privateAddresses=[10.176.85.176], publicAddresses=[46.38.164.232]], adminPass=null, flavorId=1, hostId=1c71cd4fc3a9e127632b67259692bc23, id=10123728, imageId=14362, metadata={jclouds=rackspace}, name=adriancole.cscreateserver515397516new, sharedIpGroupId=55]
[TestNG] Test testRevertResize(org.jclouds.rackspace.cloudservers.CloudServersUKClientLiveTest) succeeded: 127369ms
Test suite progress: tests succeeded: 135, failed: 2, skipped: 0.
Starting test deleteServer2(org.jclouds.rackspace.cloudservers.CloudServersUKClientLiveTest)
[TestNG] Test deleteServer2(org.jclouds.rackspace.cloudservers.CloudServersUKClientLiveTest) succeeded: 2585ms
Test suite progress: tests succeeded: 136, failed: 2, skipped: 0.
Starting test testDeleteImage(org.jclouds.rackspace.cloudservers.CloudServersUKClientLiveTest)
[TestNG] Test testDeleteImage(org.jclouds.rackspace.cloudservers.CloudServersUKClientLiveTest) succeeded: 2624ms
Test suite progress: tests succeeded: 137, failed: 2, skipped: 0.
Starting test deleteServer1(org.jclouds.rackspace.cloudservers.CloudServersUKClientLiveTest)
[TestNG] Test deleteServer1(org.jclouds.rackspace.cloudservers.CloudServersUKClientLiveTest) succeeded: 2650ms
Test suite progress: tests succeeded: 138, failed: 2, skipped: 0.
Starting test testDeleteSharedIpGroup(org.jclouds.rackspace.cloudservers.CloudServersUKClientLiveTest)
[TestNG] Test testDeleteSharedIpGroup(org.jclouds.rackspace.cloudservers.CloudServersUKClientLiveTest) succeeded: 1954ms
Test suite progress: tests succeeded: 139, failed: 2, skipped: 0.
[TestNG] Test testCreateTwoNodesWithRunScript(org.jclouds.rackspace.cloudservers.compute.CloudServersUKComputeServiceLiveTest) succeeded: 413180ms
Test suite progress: tests succeeded: 140, failed: 2, skipped: 0.
Starting test testTemplateMatch(org.jclouds.rackspace.cloudservers.compute.CloudServersUKComputeServiceLiveTest)
[TestNG] Test testTemplateMatch(org.jclouds.rackspace.cloudservers.compute.CloudServersUKComputeServiceLiveTest) succeeded: 2839ms
Test suite progress: tests succeeded: 141, failed: 2, skipped: 0.
Starting test testCreateAnotherNodeWithANewContextToEnsureSharedMemIsntRequired(org.jclouds.rackspace.cloudservers.compute.CloudServersUKComputeServiceLiveTest)
Mar 12, 2012 8:37:04 PM org.jclouds.compute.BaseComputeServiceLiveTest testCreateAnotherNodeWithANewContextToEnsureSharedMemIsntRequired
INFO: [id=a4b649d62cf0ca056fec45f1c92b698d, scope=HOST, description=a4b649d62cf0ca056fec45f1c92b698d, parent=cloudservers-uk, iso3166Codes=[], metadata={}] is not assignable; using template's location [id=cloudservers-uk, scope=PROVIDER, description=https://lon.auth.api.rackspacecloud.com, parent=null, iso3166Codes=[GB-SLG], metadata={}] as  
[TestNG] Test testCreateAnotherNodeWithANewContextToEnsureSharedMemIsntRequired(org.jclouds.rackspace.cloudservers.compute.CloudServersUKComputeServiceLiveTest) succeeded: 344476ms
Test suite progress: tests succeeded: 142, failed: 2, skipped: 0.
Starting test testCredentialsCache(org.jclouds.rackspace.cloudservers.compute.CloudServersUKComputeServiceLiveTest)
[TestNG] Test testCredentialsCache(org.jclouds.rackspace.cloudservers.compute.CloudServersUKComputeServiceLiveTest) succeeded: 106ms
Test suite progress: tests succeeded: 143, failed: 2, skipped: 0.
Starting test testGet(org.jclouds.rackspace.cloudservers.compute.CloudServersUKComputeServiceLiveTest)
[TestNG] Test testGet(org.jclouds.rackspace.cloudservers.compute.CloudServersUKComputeServiceLiveTest) succeeded: 10042ms
Test suite progress: tests succeeded: 144, failed: 2, skipped: 0.
Starting test testReboot(org.jclouds.rackspace.cloudservers.compute.CloudServersUKComputeServiceLiveTest)
[TestNG] Test testReboot(org.jclouds.rackspace.cloudservers.compute.CloudServersUKComputeServiceLiveTest) failed.
Test suite progress: tests succeeded: 144, failed: 3, skipped: 0.
[TestNG] Test testSuspendResume(org.jclouds.rackspace.cloudservers.compute.CloudServersUKComputeServiceLiveTest) skipped.
Test suite progress: tests succeeded: 144, failed: 3, skipped: 1.
[TestNG] Test testGetNodesWithDetails(org.jclouds.rackspace.cloudservers.compute.CloudServersUKComputeServiceLiveTest) skipped.
Test suite progress: tests succeeded: 144, failed: 3, skipped: 2.
[TestNG] Test testListNodes(org.jclouds.rackspace.cloudservers.compute.CloudServersUKComputeServiceLiveTest) skipped.
Test suite progress: tests succeeded: 144, failed: 3, skipped: 3.
[TestNG] Test testDestroyNodes(org.jclouds.rackspace.cloudservers.compute.CloudServersUKComputeServiceLiveTest) skipped.
Test suite progress: tests succeeded: 144, failed: 3, skipped: 4.
Tests run: 151, Failures: 3, Errors: 0, Skipped: 4, Time elapsed: 1,605.195 sec <<< FAILURE!

Results :

Failed tests:   testTemplateBuilderCannotFind(org.jclouds.rackspace.cloudservers.compute.CloudServersUKTemplateBuilderLiveTest): 
  testCreateAndRunAService(org.jclouds.rackspace.cloudservers.compute.CloudServersUKComputeServiceLiveTest): no credentials found for node 10123727
  testReboot(org.jclouds.rackspace.cloudservers.compute.CloudServersUKComputeServiceLiveTest): command: POST https://lon.servers.api.rackspacecloud.com/v1.0/10001786/servers/10123733/action?format=json HTTP/1.1 failed with response: HTTP/1.1 413 Request Entity Too Large; content: [{"overLimit":{"message":"Too many requests...","code":413,"retryAfter":"2012-03-13T13:20:57.958-05:00"}}]

Tests run: 151, Failures: 3, Errors: 0, Skipped: 4

[INFO] ------------------------------------------------------------------------
[INFO] BUILD FAILURE
[INFO] ------------------------------------------------------------------------
[INFO] Total time: 27:19.322s
[INFO] Finished at: Mon Mar 12 20:43:11 PDT 2012
[INFO] Final Memory: 21M/265M
[INFO] ------------------------------------------------------------------------
[ERROR] Failed to execute goal org.apache.maven.plugins:maven-surefire-plugin:2.10:test (integration) on project cloudservers-uk: There are test failures.
[ERROR] 
[ERROR] Please refer to /Users/adriancole/workspace/git/1.4.x/jclouds/providers/cloudservers-uk/target/surefire-reports for the individual test results.
[ERROR] -> [Help 1]
[ERROR] 
[ERROR] To see the full stack trace of the errors, re-run Maven with the -e switch.
[ERROR] Re-run Maven using the -X switch to enable full debug logging.
[ERROR] 
[ERROR] For more information about the errors and possible solutions, please read the following articles:
[ERROR] [Help 1] http://cwiki.apache.org/confluence/display/MAVEN/MojoFailureException
