-------------------------------------------------------------------------------
Test set: TestSuite
-------------------------------------------------------------------------------
Tests run: 139, Failures: 15, Errors: 0, Skipped: 13, Time elapsed: 4,098.167 sec <<< FAILURE!
testCreateAndDestroyVLAN(org.jclouds.cloudsigma.CloudSigmaZurichClientLiveTest)  Time elapsed: 1.419 sec  <<< FAILURE!
java.lang.IllegalArgumentException: errors:system VLAN could not be created as you do not have a current unused VLAN subscription. Please purchase an additional VLAN subscription then try again.
	at org.jclouds.cloudsigma.handlers.CloudSigmaErrorHandler.handleError(CloudSigmaErrorHandler.java:69)
	at org.jclouds.http.handlers.DelegatingErrorHandler.handleError(DelegatingErrorHandler.java:69)
	at org.jclouds.http.internal.BaseHttpCommandExecutorService$HttpResponseCallable.shouldContinue(BaseHttpCommandExecutorService.java:191)
	at org.jclouds.http.internal.BaseHttpCommandExecutorService$HttpResponseCallable.call(BaseHttpCommandExecutorService.java:161)
	at org.jclouds.http.internal.BaseHttpCommandExecutorService$HttpResponseCallable.call(BaseHttpCommandExecutorService.java:130)
	at java.util.concurrent.FutureTask$Sync.innerRun(FutureTask.java:303)
	at java.util.concurrent.FutureTask.run(FutureTask.java:138)
	at java.util.concurrent.ThreadPoolExecutor$Worker.runTask(ThreadPoolExecutor.java:886)
	at java.util.concurrent.ThreadPoolExecutor$Worker.run(ThreadPoolExecutor.java:908)
	at java.lang.Thread.run(Thread.java:680)
	at org.jclouds.concurrent.config.ExecutorServiceModule$DescribingExecutorService.submit(ExecutorServiceModule.java:184)
	at org.jclouds.http.internal.BaseHttpCommandExecutorService.submit(BaseHttpCommandExecutorService.java:127)
	at org.jclouds.http.TransformingHttpCommandExecutorServiceImpl.submit(TransformingHttpCommandExecutorServiceImpl.java:54)
	at org.jclouds.http.TransformingHttpCommandImpl.execute(TransformingHttpCommandImpl.java:73)
	at org.jclouds.rest.internal.AsyncRestClientProxy.createListenableFutureForHttpRequestMappedToMethodAndArgs(AsyncRestClientProxy.java:198)
	at org.jclouds.rest.internal.AsyncRestClientProxy.invoke(AsyncRestClientProxy.java:134)
	at $Proxy67.createVLAN(Unknown Source)
	at sun.reflect.NativeMethodAccessorImpl.invoke0(Native Method)
	at sun.reflect.NativeMethodAccessorImpl.invoke(NativeMethodAccessorImpl.java:39)
	at sun.reflect.DelegatingMethodAccessorImpl.invoke(DelegatingMethodAccessorImpl.java:25)
	at java.lang.reflect.Method.invoke(Method.java:597)
	at org.jclouds.concurrent.internal.SyncProxy.invoke(SyncProxy.java:137)
	at $Proxy68.createVLAN(Unknown Source)
	at org.jclouds.cloudsigma.CloudSigmaClientLiveTest.testCreateAndDestroyVLAN(CloudSigmaClientLiveTest.java:254)
	at sun.reflect.NativeMethodAccessorImpl.invoke0(Native Method)
	at sun.reflect.NativeMethodAccessorImpl.invoke(NativeMethodAccessorImpl.java:39)
	at sun.reflect.DelegatingMethodAccessorImpl.invoke(DelegatingMethodAccessorImpl.java:25)
	at java.lang.reflect.Method.invoke(Method.java:597)
	at org.testng.internal.MethodInvocationHelper.invokeMethod(MethodInvocationHelper.java:80)
	at org.testng.internal.Invoker.invokeMethod(Invoker.java:691)
	at org.testng.internal.Invoker.invokeTestMethod(Invoker.java:883)
	at org.testng.internal.Invoker.invokeTestMethods(Invoker.java:1208)
	at org.testng.internal.TestMethodWorker.invokeTestMethods(TestMethodWorker.java:127)
	at org.testng.internal.TestMethodWorker.run(TestMethodWorker.java:111)
	at org.testng.TestRunner.privateRun(TestRunner.java:758)
	at org.testng.TestRunner.run(TestRunner.java:613)
	at org.testng.SuiteRunner.runTest(SuiteRunner.java:334)
	at org.testng.SuiteRunner.access$000(SuiteRunner.java:37)
	at org.testng.SuiteRunner$SuiteWorker.run(SuiteRunner.java:368)
	at org.testng.internal.thread.ThreadUtil$CountDownLatchedRunnable.run(ThreadUtil.java:165)
	at java.util.concurrent.ThreadPoolExecutor$Worker.runTask(ThreadPoolExecutor.java:886)
	at java.util.concurrent.ThreadPoolExecutor$Worker.run(ThreadPoolExecutor.java:908)
	at java.lang.Thread.run(Thread.java:680)
	at org.jclouds.concurrent.config.ExecutorServiceModule$DescribingExecutorService.submit(ExecutorServiceModule.java:184)
	at org.jclouds.http.internal.BaseHttpCommandExecutorService.submit(BaseHttpCommandExecutorService.java:127)
	at org.jclouds.http.TransformingHttpCommandExecutorServiceImpl.submit(TransformingHttpCommandExecutorServiceImpl.java:54)
	at org.jclouds.http.TransformingHttpCommandImpl.execute(TransformingHttpCommandImpl.java:73)
	at org.jclouds.rest.internal.AsyncRestClientProxy.createListenableFutureForHttpRequestMappedToMethodAndArgs(AsyncRestClientProxy.java:198)
	at org.jclouds.rest.internal.AsyncRestClientProxy.invoke(AsyncRestClientProxy.java:134)
	at $Proxy67.createVLAN(Unknown Source)
	at sun.reflect.NativeMethodAccessorImpl.invoke0(Native Method)
	at sun.reflect.NativeMethodAccessorImpl.invoke(NativeMethodAccessorImpl.java:39)
	at sun.reflect.DelegatingMethodAccessorImpl.invoke(DelegatingMethodAccessorImpl.java:25)
	at java.lang.reflect.Method.invoke(Method.java:597)
	at org.jclouds.concurrent.internal.SyncProxy.invoke(SyncProxy.java:137)
	at $Proxy68.createVLAN(Unknown Source)
	at org.jclouds.cloudsigma.CloudSigmaClientLiveTest.testCreateAndDestroyVLAN(CloudSigmaClientLiveTest.java:254)
	at sun.reflect.NativeMethodAccessorImpl.invoke0(Native Method)
	at sun.reflect.NativeMethodAccessorImpl.invoke(NativeMethodAccessorImpl.java:39)
	at sun.reflect.DelegatingMethodAccessorImpl.invoke(DelegatingMethodAccessorImpl.java:25)
	at java.lang.reflect.Method.invoke(Method.java:597)
	at org.testng.internal.MethodInvocationHelper.invokeMethod(MethodInvocationHelper.java:80)
	at org.testng.internal.Invoker.invokeMethod(Invoker.java:691)
	at org.testng.internal.Invoker.invokeTestMethod(Invoker.java:883)
	at org.testng.internal.Invoker.invokeTestMethods(Invoker.java:1208)
	at org.testng.internal.TestMethodWorker.invokeTestMethods(TestMethodWorker.java:127)
	at org.testng.internal.TestMethodWorker.run(TestMethodWorker.java:111)
	at org.testng.TestRunner.privateRun(TestRunner.java:758)
	at org.testng.TestRunner.run(TestRunner.java:613)
	at org.testng.SuiteRunner.runTest(SuiteRunner.java:334)
	at org.testng.SuiteRunner.access$000(SuiteRunner.java:37)
	at org.testng.SuiteRunner$SuiteWorker.run(SuiteRunner.java:368)
	at org.testng.internal.thread.ThreadUtil$CountDownLatchedRunnable.run(ThreadUtil.java:165)
	at java.util.concurrent.ThreadPoolExecutor$Worker.runTask(ThreadPoolExecutor.java:886)
	at java.util.concurrent.ThreadPoolExecutor$Worker.run(ThreadPoolExecutor.java:908)
	at java.lang.Thread.run(Thread.java:680)
	at org.jclouds.concurrent.config.ExecutorServiceModule$DescribingExecutorService.submit(ExecutorServiceModule.java:184)
	at org.jclouds.http.internal.BaseHttpCommandExecutorService.submit(BaseHttpCommandExecutorService.java:127)
	at org.jclouds.http.TransformingHttpCommandExecutorServiceImpl.submit(TransformingHttpCommandExecutorServiceImpl.java:54)
	at org.jclouds.http.TransformingHttpCommandImpl.execute(TransformingHttpCommandImpl.java:73)
	at org.jclouds.rest.internal.AsyncRestClientProxy.createListenableFutureForHttpRequestMappedToMethodAndArgs(AsyncRestClientProxy.java:198)
	at org.jclouds.rest.internal.AsyncRestClientProxy.invoke(AsyncRestClientProxy.java:134)
	at $Proxy67.createVLAN(Unknown Source)
	at sun.reflect.NativeMethodAccessorImpl.invoke0(Native Method)
	at sun.reflect.NativeMethodAccessorImpl.invoke(NativeMethodAccessorImpl.java:39)
	at sun.reflect.DelegatingMethodAccessorImpl.invoke(DelegatingMethodAccessorImpl.java:25)
	at java.lang.reflect.Method.invoke(Method.java:597)
	at org.jclouds.concurrent.internal.SyncProxy.invoke(SyncProxy.java:137)
	at $Proxy68.createVLAN(Unknown Source)
	at org.jclouds.cloudsigma.CloudSigmaClientLiveTest.testCreateAndDestroyVLAN(CloudSigmaClientLiveTest.java:254)
	at sun.reflect.NativeMethodAccessorImpl.invoke0(Native Method)
	at sun.reflect.NativeMethodAccessorImpl.invoke(NativeMethodAccessorImpl.java:39)
	at sun.reflect.DelegatingMethodAccessorImpl.invoke(DelegatingMethodAccessorImpl.java:25)
	at java.lang.reflect.Method.invoke(Method.java:597)
	at org.testng.internal.MethodInvocationHelper.invokeMethod(MethodInvocationHelper.java:80)
	at org.testng.internal.Invoker.invokeMethod(Invoker.java:691)
	at org.testng.internal.Invoker.invokeTestMethod(Invoker.java:883)
	at org.testng.internal.Invoker.invokeTestMethods(Invoker.java:1208)
	at org.testng.internal.TestMethodWorker.invokeTestMethods(TestMethodWorker.java:127)
	at org.testng.internal.TestMethodWorker.run(TestMethodWorker.java:111)
	at org.testng.TestRunner.privateRun(TestRunner.java:758)
	at org.testng.TestRunner.run(TestRunner.java:613)
	at org.testng.SuiteRunner.runTest(SuiteRunner.java:334)
	at org.testng.SuiteRunner.access$000(SuiteRunner.java:37)
	at org.testng.SuiteRunner$SuiteWorker.run(SuiteRunner.java:368)
	at org.testng.internal.thread.ThreadUtil$CountDownLatchedRunnable.run(ThreadUtil.java:165)
	at java.util.concurrent.ThreadPoolExecutor$Worker.runTask(ThreadPoolExecutor.java:886)
	at java.util.concurrent.ThreadPoolExecutor$Worker.run(ThreadPoolExecutor.java:908)
	at java.lang.Thread.run(Thread.java:680)
Caused by: org.jclouds.http.HttpResponseException: command: POST https://api.zrh.cloudsigma.com/resources/vlan/create HTTP/1.1 failed with response: HTTP/1.1 400 Bad Request; content: [errors:system VLAN could not be created as you do not have a current unused VLAN subscription. Please purchase an additional VLAN subscription then try again.]
	at org.jclouds.cloudsigma.handlers.CloudSigmaErrorHandler.handleError(CloudSigmaErrorHandler.java:56)
	at org.jclouds.http.handlers.DelegatingErrorHandler.handleError(DelegatingErrorHandler.java:69)
	at org.jclouds.http.internal.BaseHttpCommandExecutorService$HttpResponseCallable.shouldContinue(BaseHttpCommandExecutorService.java:191)
	at org.jclouds.http.internal.BaseHttpCommandExecutorService$HttpResponseCallable.call(BaseHttpCommandExecutorService.java:161)
	at org.jclouds.http.internal.BaseHttpCommandExecutorService$HttpResponseCallable.call(BaseHttpCommandExecutorService.java:130)
	at java.util.concurrent.FutureTask$Sync.innerRun(FutureTask.java:303)
	at java.util.concurrent.FutureTask.run(FutureTask.java:138)
	... 3 more
Caused by: org.jclouds.http.HttpResponseException: command: POST https://api.zrh.cloudsigma.com/resources/vlan/create HTTP/1.1 failed with response: HTTP/1.1 400 Bad Request; content: [errors:system VLAN could not be created as you do not have a current unused VLAN subscription. Please purchase an additional VLAN subscription then try again.]
	at org.jclouds.cloudsigma.handlers.CloudSigmaErrorHandler.handleError(CloudSigmaErrorHandler.java:56)
	at org.jclouds.http.handlers.DelegatingErrorHandler.handleError(DelegatingErrorHandler.java:69)
	at org.jclouds.http.internal.BaseHttpCommandExecutorService$HttpResponseCallable.shouldContinue(BaseHttpCommandExecutorService.java:191)
	at org.jclouds.http.internal.BaseHttpCommandExecutorService$HttpResponseCallable.call(BaseHttpCommandExecutorService.java:161)
	at org.jclouds.http.internal.BaseHttpCommandExecutorService$HttpResponseCallable.call(BaseHttpCommandExecutorService.java:130)
	at java.util.concurrent.FutureTask$Sync.innerRun(FutureTask.java:303)
	at java.util.concurrent.FutureTask.run(FutureTask.java:138)
	... 3 more
testTemplateBuilderCanFind(org.jclouds.cloudsigma.compute.CloudSigmaZurichTemplateBuilderLiveTest)  Time elapsed: 0.01 sec  <<< FAILURE!
java.util.NoSuchElementException: no image matched predicate: And(locationEqualsOrChildOf(cloudsigma-zrh),And(osFamily(debian),os64Bit(false)))
	at org.jclouds.compute.domain.internal.TemplateBuilderImpl.throwNoSuchElementExceptionAfterLoggingImageIds(TemplateBuilderImpl.java:650)
	at org.jclouds.compute.domain.internal.TemplateBuilderImpl.build(TemplateBuilderImpl.java:638)
	at org.jclouds.compute.BaseTemplateBuilderLiveTest.testTemplateBuilderCanFind(BaseTemplateBuilderLiveTest.java:149)
	at sun.reflect.NativeMethodAccessorImpl.invoke0(Native Method)
	at sun.reflect.NativeMethodAccessorImpl.invoke(NativeMethodAccessorImpl.java:39)
	at sun.reflect.DelegatingMethodAccessorImpl.invoke(DelegatingMethodAccessorImpl.java:25)
	at java.lang.reflect.Method.invoke(Method.java:597)
	at org.testng.internal.MethodInvocationHelper.invokeMethod(MethodInvocationHelper.java:80)
	at org.testng.internal.Invoker.invokeMethod(Invoker.java:691)
	at org.testng.internal.Invoker.invokeTestMethod(Invoker.java:883)
	at org.testng.internal.Invoker.invokeTestMethods(Invoker.java:1208)
	at org.testng.internal.TestMethodWorker.invokeTestMethods(TestMethodWorker.java:127)
	at org.testng.internal.TestMethodWorker.run(TestMethodWorker.java:111)
	at org.testng.TestRunner.privateRun(TestRunner.java:758)
	at org.testng.TestRunner.run(TestRunner.java:613)
	at org.testng.SuiteRunner.runTest(SuiteRunner.java:334)
	at org.testng.SuiteRunner.access$000(SuiteRunner.java:37)
	at org.testng.SuiteRunner$SuiteWorker.run(SuiteRunner.java:368)
	at org.testng.internal.thread.ThreadUtil$CountDownLatchedRunnable.run(ThreadUtil.java:165)
	at java.util.concurrent.ThreadPoolExecutor$Worker.runTask(ThreadPoolExecutor.java:886)
	at java.util.concurrent.ThreadPoolExecutor$Worker.run(ThreadPoolExecutor.java:908)
	at java.lang.Thread.run(Thread.java:680)
testTemplateBuilderCanFind(org.jclouds.cloudsigma.compute.CloudSigmaZurichTemplateBuilderLiveTest)  Time elapsed: 0.004 sec  <<< FAILURE!
java.util.NoSuchElementException: no image matched predicate: And(locationEqualsOrChildOf(cloudsigma-zrh),And(osFamily(ubuntu),osVersion(^11.04$),os64Bit(true)))
	at org.jclouds.compute.domain.internal.TemplateBuilderImpl.throwNoSuchElementExceptionAfterLoggingImageIds(TemplateBuilderImpl.java:650)
	at org.jclouds.compute.domain.internal.TemplateBuilderImpl.build(TemplateBuilderImpl.java:638)
	at org.jclouds.compute.BaseTemplateBuilderLiveTest.testTemplateBuilderCanFind(BaseTemplateBuilderLiveTest.java:149)
	at sun.reflect.NativeMethodAccessorImpl.invoke0(Native Method)
	at sun.reflect.NativeMethodAccessorImpl.invoke(NativeMethodAccessorImpl.java:39)
	at sun.reflect.DelegatingMethodAccessorImpl.invoke(DelegatingMethodAccessorImpl.java:25)
	at java.lang.reflect.Method.invoke(Method.java:597)
	at org.testng.internal.MethodInvocationHelper.invokeMethod(MethodInvocationHelper.java:80)
	at org.testng.internal.Invoker.invokeMethod(Invoker.java:691)
	at org.testng.internal.Invoker.invokeTestMethod(Invoker.java:883)
	at org.testng.internal.Invoker.invokeTestMethods(Invoker.java:1208)
	at org.testng.internal.TestMethodWorker.invokeTestMethods(TestMethodWorker.java:127)
	at org.testng.internal.TestMethodWorker.run(TestMethodWorker.java:111)
	at org.testng.TestRunner.privateRun(TestRunner.java:758)
	at org.testng.TestRunner.run(TestRunner.java:613)
	at org.testng.SuiteRunner.runTest(SuiteRunner.java:334)
	at org.testng.SuiteRunner.access$000(SuiteRunner.java:37)
	at org.testng.SuiteRunner$SuiteWorker.run(SuiteRunner.java:368)
	at org.testng.internal.thread.ThreadUtil$CountDownLatchedRunnable.run(ThreadUtil.java:165)
	at java.util.concurrent.ThreadPoolExecutor$Worker.runTask(ThreadPoolExecutor.java:886)
	at java.util.concurrent.ThreadPoolExecutor$Worker.run(ThreadPoolExecutor.java:908)
	at java.lang.Thread.run(Thread.java:680)
testTemplateBuilderCanFind(org.jclouds.cloudsigma.compute.CloudSigmaZurichTemplateBuilderLiveTest)  Time elapsed: 0.04 sec  <<< FAILURE!
java.util.NoSuchElementException: no image matched predicate: And(locationEqualsOrChildOf(cloudsigma-zrh),And(osFamily(debian),osVersion(^5.0$),os64Bit(false)))
	at org.jclouds.compute.domain.internal.TemplateBuilderImpl.throwNoSuchElementExceptionAfterLoggingImageIds(TemplateBuilderImpl.java:650)
	at org.jclouds.compute.domain.internal.TemplateBuilderImpl.build(TemplateBuilderImpl.java:638)
	at org.jclouds.compute.BaseTemplateBuilderLiveTest.testTemplateBuilderCanFind(BaseTemplateBuilderLiveTest.java:149)
	at sun.reflect.NativeMethodAccessorImpl.invoke0(Native Method)
	at sun.reflect.NativeMethodAccessorImpl.invoke(NativeMethodAccessorImpl.java:39)
	at sun.reflect.DelegatingMethodAccessorImpl.invoke(DelegatingMethodAccessorImpl.java:25)
	at java.lang.reflect.Method.invoke(Method.java:597)
	at org.testng.internal.MethodInvocationHelper.invokeMethod(MethodInvocationHelper.java:80)
	at org.testng.internal.Invoker.invokeMethod(Invoker.java:691)
	at org.testng.internal.Invoker.invokeTestMethod(Invoker.java:883)
	at org.testng.internal.Invoker.invokeTestMethods(Invoker.java:1208)
	at org.testng.internal.TestMethodWorker.invokeTestMethods(TestMethodWorker.java:127)
	at org.testng.internal.TestMethodWorker.run(TestMethodWorker.java:111)
	at org.testng.TestRunner.privateRun(TestRunner.java:758)
	at org.testng.TestRunner.run(TestRunner.java:613)
	at org.testng.SuiteRunner.runTest(SuiteRunner.java:334)
	at org.testng.SuiteRunner.access$000(SuiteRunner.java:37)
	at org.testng.SuiteRunner$SuiteWorker.run(SuiteRunner.java:368)
	at org.testng.internal.thread.ThreadUtil$CountDownLatchedRunnable.run(ThreadUtil.java:165)
	at java.util.concurrent.ThreadPoolExecutor$Worker.runTask(ThreadPoolExecutor.java:886)
	at java.util.concurrent.ThreadPoolExecutor$Worker.run(ThreadPoolExecutor.java:908)
	at java.lang.Thread.run(Thread.java:680)
testTemplateBuilderCanFind(org.jclouds.cloudsigma.compute.CloudSigmaZurichTemplateBuilderLiveTest)  Time elapsed: 0.04 sec  <<< FAILURE!
java.util.NoSuchElementException: no image matched predicate: And(locationEqualsOrChildOf(cloudsigma-zrh),And(osFamily(centos),os64Bit(false)))
	at org.jclouds.compute.domain.internal.TemplateBuilderImpl.throwNoSuchElementExceptionAfterLoggingImageIds(TemplateBuilderImpl.java:650)
	at org.jclouds.compute.domain.internal.TemplateBuilderImpl.build(TemplateBuilderImpl.java:638)
	at org.jclouds.compute.BaseTemplateBuilderLiveTest.testTemplateBuilderCanFind(BaseTemplateBuilderLiveTest.java:149)
	at sun.reflect.NativeMethodAccessorImpl.invoke0(Native Method)
	at sun.reflect.NativeMethodAccessorImpl.invoke(NativeMethodAccessorImpl.java:39)
	at sun.reflect.DelegatingMethodAccessorImpl.invoke(DelegatingMethodAccessorImpl.java:25)
	at java.lang.reflect.Method.invoke(Method.java:597)
	at org.testng.internal.MethodInvocationHelper.invokeMethod(MethodInvocationHelper.java:80)
	at org.testng.internal.Invoker.invokeMethod(Invoker.java:691)
	at org.testng.internal.Invoker.invokeTestMethod(Invoker.java:883)
	at org.testng.internal.Invoker.invokeTestMethods(Invoker.java:1208)
	at org.testng.internal.TestMethodWorker.invokeTestMethods(TestMethodWorker.java:127)
	at org.testng.internal.TestMethodWorker.run(TestMethodWorker.java:111)
	at org.testng.TestRunner.privateRun(TestRunner.java:758)
	at org.testng.TestRunner.run(TestRunner.java:613)
	at org.testng.SuiteRunner.runTest(SuiteRunner.java:334)
	at org.testng.SuiteRunner.access$000(SuiteRunner.java:37)
	at org.testng.SuiteRunner$SuiteWorker.run(SuiteRunner.java:368)
	at org.testng.internal.thread.ThreadUtil$CountDownLatchedRunnable.run(ThreadUtil.java:165)
	at java.util.concurrent.ThreadPoolExecutor$Worker.runTask(ThreadPoolExecutor.java:886)
	at java.util.concurrent.ThreadPoolExecutor$Worker.run(ThreadPoolExecutor.java:908)
	at java.lang.Thread.run(Thread.java:680)
testTemplateBuilderCanFind(org.jclouds.cloudsigma.compute.CloudSigmaZurichTemplateBuilderLiveTest)  Time elapsed: 0.001 sec  <<< FAILURE!
java.util.NoSuchElementException: no image matched predicate: And(locationEqualsOrChildOf(cloudsigma-zrh),And(osFamily(solaris),os64Bit(true)))
	at org.jclouds.compute.domain.internal.TemplateBuilderImpl.throwNoSuchElementExceptionAfterLoggingImageIds(TemplateBuilderImpl.java:650)
	at org.jclouds.compute.domain.internal.TemplateBuilderImpl.build(TemplateBuilderImpl.java:638)
	at org.jclouds.compute.BaseTemplateBuilderLiveTest.testTemplateBuilderCanFind(BaseTemplateBuilderLiveTest.java:149)
	at sun.reflect.GeneratedMethodAccessor12.invoke(Unknown Source)
	at sun.reflect.DelegatingMethodAccessorImpl.invoke(DelegatingMethodAccessorImpl.java:25)
	at java.lang.reflect.Method.invoke(Method.java:597)
	at org.testng.internal.MethodInvocationHelper.invokeMethod(MethodInvocationHelper.java:80)
	at org.testng.internal.Invoker.invokeMethod(Invoker.java:691)
	at org.testng.internal.Invoker.invokeTestMethod(Invoker.java:883)
	at org.testng.internal.Invoker.invokeTestMethods(Invoker.java:1208)
	at org.testng.internal.TestMethodWorker.invokeTestMethods(TestMethodWorker.java:127)
	at org.testng.internal.TestMethodWorker.run(TestMethodWorker.java:111)
	at org.testng.TestRunner.privateRun(TestRunner.java:758)
	at org.testng.TestRunner.run(TestRunner.java:613)
	at org.testng.SuiteRunner.runTest(SuiteRunner.java:334)
	at org.testng.SuiteRunner.access$000(SuiteRunner.java:37)
	at org.testng.SuiteRunner$SuiteWorker.run(SuiteRunner.java:368)
	at org.testng.internal.thread.ThreadUtil$CountDownLatchedRunnable.run(ThreadUtil.java:165)
	at java.util.concurrent.ThreadPoolExecutor$Worker.runTask(ThreadPoolExecutor.java:886)
	at java.util.concurrent.ThreadPoolExecutor$Worker.run(ThreadPoolExecutor.java:908)
	at java.lang.Thread.run(Thread.java:680)
testGetDrive(org.jclouds.cloudsigma.CloudSigmaZurichClientLiveTest)  Time elapsed: 59.535 sec  <<< FAILURE!
java.lang.reflect.UndeclaredThrowableException
	at $Proxy68.getDriveInfo(Unknown Source)
	at org.jclouds.cloudsigma.CloudSigmaClientLiveTest.testGetDrive(CloudSigmaClientLiveTest.java:194)
	at sun.reflect.NativeMethodAccessorImpl.invoke0(Native Method)
	at sun.reflect.NativeMethodAccessorImpl.invoke(NativeMethodAccessorImpl.java:39)
	at sun.reflect.DelegatingMethodAccessorImpl.invoke(DelegatingMethodAccessorImpl.java:25)
	at java.lang.reflect.Method.invoke(Method.java:597)
	at org.testng.internal.MethodInvocationHelper.invokeMethod(MethodInvocationHelper.java:80)
	at org.testng.internal.Invoker.invokeMethod(Invoker.java:691)
	at org.testng.internal.Invoker.invokeTestMethod(Invoker.java:883)
	at org.testng.internal.Invoker.invokeTestMethods(Invoker.java:1208)
	at org.testng.internal.TestMethodWorker.invokeTestMethods(TestMethodWorker.java:127)
	at org.testng.internal.TestMethodWorker.run(TestMethodWorker.java:111)
	at org.testng.TestRunner.privateRun(TestRunner.java:758)
	at org.testng.TestRunner.run(TestRunner.java:613)
	at org.testng.SuiteRunner.runTest(SuiteRunner.java:334)
	at org.testng.SuiteRunner.access$000(SuiteRunner.java:37)
	at org.testng.SuiteRunner$SuiteWorker.run(SuiteRunner.java:368)
	at org.testng.internal.thread.ThreadUtil$CountDownLatchedRunnable.run(ThreadUtil.java:165)
	at java.util.concurrent.ThreadPoolExecutor$Worker.runTask(ThreadPoolExecutor.java:886)
	at java.util.concurrent.ThreadPoolExecutor$Worker.run(ThreadPoolExecutor.java:908)
	at java.lang.Thread.run(Thread.java:680)
Caused by: java.util.concurrent.TimeoutException
	at java.util.concurrent.FutureTask$Sync.innerGet(FutureTask.java:228)
	at java.util.concurrent.FutureTask.get(FutureTask.java:91)
	at org.jclouds.concurrent.config.ExecutorServiceModule$DescribedFuture.get(ExecutorServiceModule.java:250)
	at com.google.common.util.concurrent.ForwardingFuture.get(ForwardingFuture.java:69)
	at com.google.common.util.concurrent.Futures$ChainingListenableFuture.get(Futures.java:661)
	at org.jclouds.concurrent.ExceptionParsingListenableFuture.get(ExceptionParsingListenableFuture.java:74)
	at org.jclouds.concurrent.internal.SyncProxy.invoke(SyncProxy.java:137)
	... 21 more
Caused by: java.util.concurrent.ExecutionException: task submitted from the following trace
	at org.jclouds.concurrent.config.ExecutorServiceModule$DescribedFuture.ensureCauseHasSubmissionTrace(ExecutorServiceModule.java:272)
	at org.jclouds.concurrent.config.ExecutorServiceModule$DescribedFuture.get(ExecutorServiceModule.java:256)
	... 25 more
Caused by: java.util.concurrent.TimeoutException
	at java.util.concurrent.FutureTask$Sync.innerGet(FutureTask.java:228)
	at java.util.concurrent.FutureTask.get(FutureTask.java:91)
	at org.jclouds.concurrent.config.ExecutorServiceModule$DescribedFuture.get(ExecutorServiceModule.java:250)
	at com.google.common.util.concurrent.ForwardingFuture.get(ForwardingFuture.java:69)
	at com.google.common.util.concurrent.Futures$ChainingListenableFuture.get(Futures.java:661)
	at org.jclouds.concurrent.ExceptionParsingListenableFuture.get(ExceptionParsingListenableFuture.java:74)
	at org.jclouds.concurrent.internal.SyncProxy.invoke(SyncProxy.java:137)
	... 21 more
Caused by: java.util.concurrent.ExecutionException: task submitted from the following trace
	at org.jclouds.concurrent.config.ExecutorServiceModule$DescribedFuture.ensureCauseHasSubmissionTrace(ExecutorServiceModule.java:272)
	at org.jclouds.concurrent.config.ExecutorServiceModule$DescribedFuture.get(ExecutorServiceModule.java:256)
	... 25 more
testCreateAndDestroyStaticIP(org.jclouds.cloudsigma.CloudSigmaZurichClientLiveTest)  Time elapsed: 1.029 sec  <<< FAILURE!
java.lang.IllegalArgumentException: errors:system IP address could not be created as you do not have a current unused static IP address subscription. Please purchase an additional static IP address subscription then try again.
	at org.jclouds.cloudsigma.handlers.CloudSigmaErrorHandler.handleError(CloudSigmaErrorHandler.java:69)
	at org.jclouds.http.handlers.DelegatingErrorHandler.handleError(DelegatingErrorHandler.java:69)
	at org.jclouds.http.internal.BaseHttpCommandExecutorService$HttpResponseCallable.shouldContinue(BaseHttpCommandExecutorService.java:191)
	at org.jclouds.http.internal.BaseHttpCommandExecutorService$HttpResponseCallable.call(BaseHttpCommandExecutorService.java:161)
	at org.jclouds.http.internal.BaseHttpCommandExecutorService$HttpResponseCallable.call(BaseHttpCommandExecutorService.java:130)
	at java.util.concurrent.FutureTask$Sync.innerRun(FutureTask.java:303)
	at java.util.concurrent.FutureTask.run(FutureTask.java:138)
	at java.util.concurrent.ThreadPoolExecutor$Worker.runTask(ThreadPoolExecutor.java:886)
	at java.util.concurrent.ThreadPoolExecutor$Worker.run(ThreadPoolExecutor.java:908)
	at java.lang.Thread.run(Thread.java:680)
	at org.jclouds.concurrent.config.ExecutorServiceModule$DescribingExecutorService.submit(ExecutorServiceModule.java:184)
	at org.jclouds.http.internal.BaseHttpCommandExecutorService.submit(BaseHttpCommandExecutorService.java:127)
	at org.jclouds.http.TransformingHttpCommandExecutorServiceImpl.submit(TransformingHttpCommandExecutorServiceImpl.java:54)
	at org.jclouds.http.TransformingHttpCommandImpl.execute(TransformingHttpCommandImpl.java:73)
	at org.jclouds.rest.internal.AsyncRestClientProxy.createListenableFutureForHttpRequestMappedToMethodAndArgs(AsyncRestClientProxy.java:198)
	at org.jclouds.rest.internal.AsyncRestClientProxy.invoke(AsyncRestClientProxy.java:134)
	at $Proxy67.createStaticIP(Unknown Source)
	at sun.reflect.NativeMethodAccessorImpl.invoke0(Native Method)
	at sun.reflect.NativeMethodAccessorImpl.invoke(NativeMethodAccessorImpl.java:39)
	at sun.reflect.DelegatingMethodAccessorImpl.invoke(DelegatingMethodAccessorImpl.java:25)
	at java.lang.reflect.Method.invoke(Method.java:597)
	at org.jclouds.concurrent.internal.SyncProxy.invoke(SyncProxy.java:137)
	at $Proxy68.createStaticIP(Unknown Source)
	at org.jclouds.cloudsigma.CloudSigmaClientLiveTest.testCreateAndDestroyStaticIP(CloudSigmaClientLiveTest.java:270)
	at sun.reflect.NativeMethodAccessorImpl.invoke0(Native Method)
	at sun.reflect.NativeMethodAccessorImpl.invoke(NativeMethodAccessorImpl.java:39)
	at sun.reflect.DelegatingMethodAccessorImpl.invoke(DelegatingMethodAccessorImpl.java:25)
	at java.lang.reflect.Method.invoke(Method.java:597)
	at org.testng.internal.MethodInvocationHelper.invokeMethod(MethodInvocationHelper.java:80)
	at org.testng.internal.Invoker.invokeMethod(Invoker.java:691)
	at org.testng.internal.Invoker.invokeTestMethod(Invoker.java:883)
	at org.testng.internal.Invoker.invokeTestMethods(Invoker.java:1208)
	at org.testng.internal.TestMethodWorker.invokeTestMethods(TestMethodWorker.java:127)
	at org.testng.internal.TestMethodWorker.run(TestMethodWorker.java:111)
	at org.testng.TestRunner.privateRun(TestRunner.java:758)
	at org.testng.TestRunner.run(TestRunner.java:613)
	at org.testng.SuiteRunner.runTest(SuiteRunner.java:334)
	at org.testng.SuiteRunner.access$000(SuiteRunner.java:37)
	at org.testng.SuiteRunner$SuiteWorker.run(SuiteRunner.java:368)
	at org.testng.internal.thread.ThreadUtil$CountDownLatchedRunnable.run(ThreadUtil.java:165)
	at java.util.concurrent.ThreadPoolExecutor$Worker.runTask(ThreadPoolExecutor.java:886)
	at java.util.concurrent.ThreadPoolExecutor$Worker.run(ThreadPoolExecutor.java:908)
	at java.lang.Thread.run(Thread.java:680)
Caused by: org.jclouds.http.HttpResponseException: command: POST https://api.zrh.cloudsigma.com/resources/ip/create HTTP/1.1 failed with response: HTTP/1.1 400 Bad Request; content: [errors:system IP address could not be created as you do not have a current unused static IP address subscription. Please purchase an additional static IP address subscription then try again.]
	at org.jclouds.cloudsigma.handlers.CloudSigmaErrorHandler.handleError(CloudSigmaErrorHandler.java:56)
	at org.jclouds.http.handlers.DelegatingErrorHandler.handleError(DelegatingErrorHandler.java:69)
	at org.jclouds.http.internal.BaseHttpCommandExecutorService$HttpResponseCallable.shouldContinue(BaseHttpCommandExecutorService.java:191)
	at org.jclouds.http.internal.BaseHttpCommandExecutorService$HttpResponseCallable.call(BaseHttpCommandExecutorService.java:161)
	at org.jclouds.http.internal.BaseHttpCommandExecutorService$HttpResponseCallable.call(BaseHttpCommandExecutorService.java:130)
	at java.util.concurrent.FutureTask$Sync.innerRun(FutureTask.java:303)
	at java.util.concurrent.FutureTask.run(FutureTask.java:138)
	... 3 more
Caused by: org.jclouds.http.HttpResponseException: command: POST https://api.zrh.cloudsigma.com/resources/ip/create HTTP/1.1 failed with response: HTTP/1.1 400 Bad Request; content: [errors:system IP address could not be created as you do not have a current unused static IP address subscription. Please purchase an additional static IP address subscription then try again.]
	at org.jclouds.cloudsigma.handlers.CloudSigmaErrorHandler.handleError(CloudSigmaErrorHandler.java:56)
	at org.jclouds.http.handlers.DelegatingErrorHandler.handleError(DelegatingErrorHandler.java:69)
	at org.jclouds.http.internal.BaseHttpCommandExecutorService$HttpResponseCallable.shouldContinue(BaseHttpCommandExecutorService.java:191)
	at org.jclouds.http.internal.BaseHttpCommandExecutorService$HttpResponseCallable.call(BaseHttpCommandExecutorService.java:161)
	at org.jclouds.http.internal.BaseHttpCommandExecutorService$HttpResponseCallable.call(BaseHttpCommandExecutorService.java:130)
	at java.util.concurrent.FutureTask$Sync.innerRun(FutureTask.java:303)
	at java.util.concurrent.FutureTask.run(FutureTask.java:138)
	... 3 more
testTemplateBuilderCannotFind(org.jclouds.cloudsigma.compute.CloudSigmaZurichTemplateBuilderLiveTest)  Time elapsed: 0 sec  <<< FAILURE!
org.testng.TestException: 
Method BaseTemplateBuilderLiveTest.testTemplateBuilderCannotFind(org.jclouds.compute.domain.OsFamilyVersion64Bit)[pri:0, instance:org.jclouds.cloudsigma.compute.CloudSigmaZurichTemplateBuilderLiveTest@78e61fd1] should have thrown an exception of class java.util.NoSuchElementException
	at org.testng.internal.Invoker.handleInvocationResults(Invoker.java:1485)
	at org.testng.internal.Invoker.invokeMethod(Invoker.java:740)
	at org.testng.internal.Invoker.invokeTestMethod(Invoker.java:883)
	at org.testng.internal.Invoker.invokeTestMethods(Invoker.java:1208)
	at org.testng.internal.TestMethodWorker.invokeTestMethods(TestMethodWorker.java:127)
	at org.testng.internal.TestMethodWorker.run(TestMethodWorker.java:111)
	at org.testng.TestRunner.privateRun(TestRunner.java:758)
	at org.testng.TestRunner.run(TestRunner.java:613)
	at org.testng.SuiteRunner.runTest(SuiteRunner.java:334)
	at org.testng.SuiteRunner.access$000(SuiteRunner.java:37)
	at org.testng.SuiteRunner$SuiteWorker.run(SuiteRunner.java:368)
	at org.testng.internal.thread.ThreadUtil$CountDownLatchedRunnable.run(ThreadUtil.java:165)
	at java.util.concurrent.ThreadPoolExecutor$Worker.runTask(ThreadPoolExecutor.java:886)
	at java.util.concurrent.ThreadPoolExecutor$Worker.run(ThreadPoolExecutor.java:908)
	at java.lang.Thread.run(Thread.java:680)
testTemplateBuilderCannotFind(org.jclouds.cloudsigma.compute.CloudSigmaZurichTemplateBuilderLiveTest)  Time elapsed: 0 sec  <<< FAILURE!
org.testng.TestException: 
Method BaseTemplateBuilderLiveTest.testTemplateBuilderCannotFind(org.jclouds.compute.domain.OsFamilyVersion64Bit)[pri:0, instance:org.jclouds.cloudsigma.compute.CloudSigmaZurichTemplateBuilderLiveTest@78e61fd1] should have thrown an exception of class java.util.NoSuchElementException
	at org.testng.internal.Invoker.handleInvocationResults(Invoker.java:1485)
	at org.testng.internal.Invoker.invokeMethod(Invoker.java:740)
	at org.testng.internal.Invoker.invokeTestMethod(Invoker.java:883)
	at org.testng.internal.Invoker.invokeTestMethods(Invoker.java:1208)
	at org.testng.internal.TestMethodWorker.invokeTestMethods(TestMethodWorker.java:127)
	at org.testng.internal.TestMethodWorker.run(TestMethodWorker.java:111)
	at org.testng.TestRunner.privateRun(TestRunner.java:758)
	at org.testng.TestRunner.run(TestRunner.java:613)
	at org.testng.SuiteRunner.runTest(SuiteRunner.java:334)
	at org.testng.SuiteRunner.access$000(SuiteRunner.java:37)
	at org.testng.SuiteRunner$SuiteWorker.run(SuiteRunner.java:368)
	at org.testng.internal.thread.ThreadUtil$CountDownLatchedRunnable.run(ThreadUtil.java:165)
	at java.util.concurrent.ThreadPoolExecutor$Worker.runTask(ThreadPoolExecutor.java:886)
	at java.util.concurrent.ThreadPoolExecutor$Worker.run(ThreadPoolExecutor.java:908)
	at java.lang.Thread.run(Thread.java:680)
testTemplateBuilderCannotFind(org.jclouds.cloudsigma.compute.CloudSigmaZurichTemplateBuilderLiveTest)  Time elapsed: 0.001 sec  <<< FAILURE!
org.testng.TestException: 
Method BaseTemplateBuilderLiveTest.testTemplateBuilderCannotFind(org.jclouds.compute.domain.OsFamilyVersion64Bit)[pri:0, instance:org.jclouds.cloudsigma.compute.CloudSigmaZurichTemplateBuilderLiveTest@78e61fd1] should have thrown an exception of class java.util.NoSuchElementException
	at org.testng.internal.Invoker.handleInvocationResults(Invoker.java:1485)
	at org.testng.internal.Invoker.invokeMethod(Invoker.java:740)
	at org.testng.internal.Invoker.invokeTestMethod(Invoker.java:883)
	at org.testng.internal.Invoker.invokeTestMethods(Invoker.java:1208)
	at org.testng.internal.TestMethodWorker.invokeTestMethods(TestMethodWorker.java:127)
	at org.testng.internal.TestMethodWorker.run(TestMethodWorker.java:111)
	at org.testng.TestRunner.privateRun(TestRunner.java:758)
	at org.testng.TestRunner.run(TestRunner.java:613)
	at org.testng.SuiteRunner.runTest(SuiteRunner.java:334)
	at org.testng.SuiteRunner.access$000(SuiteRunner.java:37)
	at org.testng.SuiteRunner$SuiteWorker.run(SuiteRunner.java:368)
	at org.testng.internal.thread.ThreadUtil$CountDownLatchedRunnable.run(ThreadUtil.java:165)
	at java.util.concurrent.ThreadPoolExecutor$Worker.runTask(ThreadPoolExecutor.java:886)
	at java.util.concurrent.ThreadPoolExecutor$Worker.run(ThreadPoolExecutor.java:908)
	at java.lang.Thread.run(Thread.java:680)
testTemplateBuilderWithImageIdSpecified(org.jclouds.cloudsigma.compute.CloudSigmaZurichTemplateBuilderLiveTest)  Time elapsed: 138.591 sec  <<< FAILURE!
java.util.NoSuchElementException: imageId(c9df6b90-420c-4c46-b7f2-8d9e99929a09) not found
	at org.jclouds.compute.domain.internal.TemplateBuilderImpl.build(TemplateBuilderImpl.java:636)
	at org.jclouds.compute.domain.internal.TemplateBuilderImpl.build(TemplateBuilderImpl.java:622)
	at org.jclouds.compute.BaseTemplateBuilderLiveTest.testTemplateBuilderWithImageIdSpecified(BaseTemplateBuilderLiveTest.java:253)
	at sun.reflect.NativeMethodAccessorImpl.invoke0(Native Method)
	at sun.reflect.NativeMethodAccessorImpl.invoke(NativeMethodAccessorImpl.java:39)
	at sun.reflect.DelegatingMethodAccessorImpl.invoke(DelegatingMethodAccessorImpl.java:25)
	at java.lang.reflect.Method.invoke(Method.java:597)
	at org.testng.internal.MethodInvocationHelper.invokeMethod(MethodInvocationHelper.java:80)
	at org.testng.internal.Invoker.invokeMethod(Invoker.java:691)
	at org.testng.internal.Invoker.invokeTestMethod(Invoker.java:883)
	at org.testng.internal.Invoker.invokeTestMethods(Invoker.java:1208)
	at org.testng.internal.TestMethodWorker.invokeTestMethods(TestMethodWorker.java:127)
	at org.testng.internal.TestMethodWorker.run(TestMethodWorker.java:111)
	at org.testng.TestRunner.privateRun(TestRunner.java:758)
	at org.testng.TestRunner.run(TestRunner.java:613)
	at org.testng.SuiteRunner.runTest(SuiteRunner.java:334)
	at org.testng.SuiteRunner.access$000(SuiteRunner.java:37)
	at org.testng.SuiteRunner$SuiteWorker.run(SuiteRunner.java:368)
	at org.testng.internal.thread.ThreadUtil$CountDownLatchedRunnable.run(ThreadUtil.java:165)
	at java.util.concurrent.ThreadPoolExecutor$Worker.runTask(ThreadPoolExecutor.java:886)
	at java.util.concurrent.ThreadPoolExecutor$Worker.run(ThreadPoolExecutor.java:908)
	at java.lang.Thread.run(Thread.java:680)
testAScriptExecutionAfterBootWithBasicTemplate(org.jclouds.cloudsigma.compute.CloudSigmaZurichComputeServiceLiveTest)  Time elapsed: 240.909 sec  <<< FAILURE!
java.lang.AssertionError
	at org.jclouds.cloudsigma.compute.CloudSigmaComputeServiceLiveTest.checkResponseEqualsHostname(CloudSigmaComputeServiceLiveTest.java:53)
	at org.jclouds.compute.BaseComputeServiceLiveTest.testAScriptExecutionAfterBootWithBasicTemplate(BaseComputeServiceLiveTest.java:236)
	at sun.reflect.NativeMethodAccessorImpl.invoke0(Native Method)
	at sun.reflect.NativeMethodAccessorImpl.invoke(NativeMethodAccessorImpl.java:39)
	at sun.reflect.DelegatingMethodAccessorImpl.invoke(DelegatingMethodAccessorImpl.java:25)
	at java.lang.reflect.Method.invoke(Method.java:597)
	at org.testng.internal.MethodInvocationHelper.invokeMethod(MethodInvocationHelper.java:80)
	at org.testng.internal.Invoker.invokeMethod(Invoker.java:691)
	at org.testng.internal.Invoker.invokeTestMethod(Invoker.java:883)
	at org.testng.internal.Invoker.invokeTestMethods(Invoker.java:1208)
	at org.testng.internal.TestMethodWorker.invokeTestMethods(TestMethodWorker.java:127)
	at org.testng.internal.TestMethodWorker.run(TestMethodWorker.java:111)
	at org.testng.TestRunner.privateRun(TestRunner.java:758)
	at org.testng.TestRunner.run(TestRunner.java:613)
	at org.testng.SuiteRunner.runTest(SuiteRunner.java:334)
	at org.testng.SuiteRunner.access$000(SuiteRunner.java:37)
	at org.testng.SuiteRunner$SuiteWorker.run(SuiteRunner.java:368)
	at org.testng.internal.thread.ThreadUtil$CountDownLatchedRunnable.run(ThreadUtil.java:165)
	at java.util.concurrent.ThreadPoolExecutor$Worker.runTask(ThreadPoolExecutor.java:886)
	at java.util.concurrent.ThreadPoolExecutor$Worker.run(ThreadPoolExecutor.java:908)
	at java.lang.Thread.run(Thread.java:680)
testDefaultTemplateBuilder(org.jclouds.cloudsigma.compute.CloudSigmaZurichTemplateBuilderLiveTest)  Time elapsed: 201.983 sec  <<< FAILURE!
java.lang.AssertionError: expected:<11.04> but was:<>
	at org.testng.Assert.fail(Assert.java:89)
	at org.testng.Assert.failNotEquals(Assert.java:489)
	at org.testng.Assert.assertEquals(Assert.java:118)
	at org.testng.Assert.assertEquals(Assert.java:171)
	at org.testng.Assert.assertEquals(Assert.java:181)
	at org.jclouds.cloudsigma.compute.CloudSigmaZurichTemplateBuilderLiveTest.testDefaultTemplateBuilder(CloudSigmaZurichTemplateBuilderLiveTest.java:78)
testCreateAnotherNodeWithANewContextToEnsureSharedMemIsntRequired(org.jclouds.cloudsigma.compute.CloudSigmaZurichComputeServiceLiveTest)  Time elapsed: 506.187 sec  <<< FAILURE!
org.jclouds.compute.RunNodesException: error running 1 node group(cloudsigma-zrh) location(cloudsigma-zrh) image(c9df6b90-420c-4c46-b7f2-8d9e99929a09) size(cpu=1000.000000,ram=512,disk=10.000000) options(CloudSigmaTemplateOptions{diskDriveAffinity=ssd})
Execution failures:
0 error[s]
Node failures:
1) AuthorizationException on node 013b4803-8527-4024-9ed2-63fa061b2c11:
org.jclouds.rest.AuthorizationException: (foo:pw[37b51d194a7513e45b56f6524f2d51f2]@178.22.66.22:22) (foo:pw[37b51d194a7513e45b56f6524f2d51f2]@178.22.66.22:22) error acquiring SSHClient(timeout=60000) (out of retries - max 7): Exhausted available authentication methods
	at org.jclouds.sshj.SshjSshClient.propagate(SshjSshClient.java:416)
	at org.jclouds.sshj.SshjSshClient.acquire(SshjSshClient.java:238)
	at org.jclouds.sshj.SshjSshClient.connect(SshjSshClient.java:257)
	at org.jclouds.compute.callables.RunScriptOnNodeAsInitScriptUsingSsh.call(RunScriptOnNodeAsInitScriptUsingSsh.java:78)
	at org.jclouds.compute.strategy.CustomizeNodeAndAddToGoodMapOrPutExceptionIntoBadMap.call(CustomizeNodeAndAddToGoodMapOrPutExceptionIntoBadMap.java:151)
	at org.jclouds.compute.strategy.CustomizeNodeAndAddToGoodMapOrPutExceptionIntoBadMap.apply(CustomizeNodeAndAddToGoodMapOrPutExceptionIntoBadMap.java:171)
	at org.jclouds.compute.strategy.CustomizeNodeAndAddToGoodMapOrPutExceptionIntoBadMap.apply(CustomizeNodeAndAddToGoodMapOrPutExceptionIntoBadMap.java:58)
	at com.google.common.util.concurrent.Futures$4.apply(Futures.java:503)
	at com.google.common.util.concurrent.Futures$4.apply(Futures.java:501)
	at com.google.common.util.concurrent.Futures$3.apply(Futures.java:279)
	at com.google.common.util.concurrent.Futures$ChainingListenableFuture.run(Futures.java:729)
	at java.util.concurrent.ThreadPoolExecutor$Worker.runTask(ThreadPoolExecutor.java:886)
	at java.util.concurrent.ThreadPoolExecutor$Worker.run(ThreadPoolExecutor.java:908)
	at java.lang.Thread.run(Thread.java:680)
Caused by: net.schmizz.sshj.userauth.UserAuthException: Exhausted available authentication methods
	at net.schmizz.sshj.userauth.UserAuthImpl.authenticate(UserAuthImpl.java:114)
	at net.schmizz.sshj.SSHClient.auth(SSHClient.java:204)
	at net.schmizz.sshj.SSHClient.auth(SSHClient.java:189)
	at net.schmizz.sshj.SSHClient.authPassword(SSHClient.java:265)
	at net.schmizz.sshj.SSHClient.authPassword(SSHClient.java:235)
	at net.schmizz.sshj.SSHClient.authPassword(SSHClient.java:219)
	at org.jclouds.sshj.SshjSshClient$1.create(SshjSshClient.java:203)
	at org.jclouds.sshj.SshjSshClient$1.create(SshjSshClient.java:179)
	at org.jclouds.sshj.SshjSshClient.acquire(SshjSshClient.java:228)
	... 12 more
Caused by: net.schmizz.sshj.userauth.UserAuthException: keyboard-interactive auth not allowed by server
	at net.schmizz.sshj.userauth.UserAuthImpl.authenticate(UserAuthImpl.java:81)
	... 20 more
1 error[s]
	at org.jclouds.compute.internal.BaseComputeService.createNodesInGroup(BaseComputeService.java:208)
	at org.jclouds.compute.BaseComputeServiceLiveTest.testCreateAnotherNodeWithANewContextToEnsureSharedMemIsntRequired(BaseComputeServiceLiveTest.java:416)
	at sun.reflect.NativeMethodAccessorImpl.invoke0(Native Method)
	at sun.reflect.NativeMethodAccessorImpl.invoke(NativeMethodAccessorImpl.java:39)
	at sun.reflect.DelegatingMethodAccessorImpl.invoke(DelegatingMethodAccessorImpl.java:25)
	at java.lang.reflect.Method.invoke(Method.java:597)
	at org.testng.internal.MethodInvocationHelper.invokeMethod(MethodInvocationHelper.java:80)
	at org.testng.internal.Invoker.invokeMethod(Invoker.java:691)
	at org.testng.internal.Invoker.invokeTestMethod(Invoker.java:883)
	at org.testng.internal.Invoker.invokeTestMethods(Invoker.java:1208)
	at org.testng.internal.TestMethodWorker.invokeTestMethods(TestMethodWorker.java:127)
	at org.testng.internal.TestMethodWorker.run(TestMethodWorker.java:111)
	at org.testng.TestRunner.privateRun(TestRunner.java:758)
	at org.testng.TestRunner.run(TestRunner.java:613)
	at org.testng.SuiteRunner.runTest(SuiteRunner.java:334)
	at org.testng.SuiteRunner.access$000(SuiteRunner.java:37)
	at org.testng.SuiteRunner$SuiteWorker.run(SuiteRunner.java:368)
	at org.testng.internal.thread.ThreadUtil$CountDownLatchedRunnable.run(ThreadUtil.java:165)
	at java.util.concurrent.ThreadPoolExecutor$Worker.runTask(ThreadPoolExecutor.java:886)
	at java.util.concurrent.ThreadPoolExecutor$Worker.run(ThreadPoolExecutor.java:908)
	at java.lang.Thread.run(Thread.java:680)
Caused by: net.schmizz.sshj.userauth.UserAuthException: Exhausted available authentication methods
	at net.schmizz.sshj.userauth.UserAuthImpl.authenticate(UserAuthImpl.java:114)
	at net.schmizz.sshj.SSHClient.auth(SSHClient.java:204)
	at net.schmizz.sshj.SSHClient.auth(SSHClient.java:189)
	at net.schmizz.sshj.SSHClient.authPassword(SSHClient.java:265)
	at net.schmizz.sshj.SSHClient.authPassword(SSHClient.java:235)
	at net.schmizz.sshj.SSHClient.authPassword(SSHClient.java:219)
	at org.jclouds.sshj.SshjSshClient$1.create(SshjSshClient.java:203)
	at org.jclouds.sshj.SshjSshClient$1.create(SshjSshClient.java:179)
	at org.jclouds.sshj.SshjSshClient.acquire(SshjSshClient.java:228)
	... 12 more
Caused by: net.schmizz.sshj.userauth.UserAuthException: keyboard-interactive auth not allowed by server
	at net.schmizz.sshj.userauth.UserAuthImpl.authenticate(UserAuthImpl.java:81)
	... 20 more
1 error[s]
	at org.jclouds.compute.internal.BaseComputeService.createNodesInGroup(BaseComputeService.java:208)
	at org.jclouds.compute.BaseComputeServiceLiveTest.testCreateAnotherNodeWithANewContextToEnsureSharedMemIsntRequired(BaseComputeServiceLiveTest.java:416)
	at sun.reflect.NativeMethodAccessorImpl.invoke0(Native Method)
	at sun.reflect.NativeMethodAccessorImpl.invoke(NativeMethodAccessorImpl.java:39)
	at sun.reflect.DelegatingMethodAccessorImpl.invoke(DelegatingMethodAccessorImpl.java:25)
	at java.lang.reflect.Method.invoke(Method.java:597)
	at org.testng.internal.MethodInvocationHelper.invokeMethod(MethodInvocationHelper.java:80)
	at org.testng.internal.Invoker.invokeMethod(Invoker.java:691)
	at org.testng.internal.Invoker.invokeTestMethod(Invoker.java:883)
	at org.testng.internal.Invoker.invokeTestMethods(Invoker.java:1208)
	at org.testng.internal.TestMethodWorker.invokeTestMethods(TestMethodWorker.java:127)
	at org.testng.internal.TestMethodWorker.run(TestMethodWorker.java:111)
	at org.testng.TestRunner.privateRun(TestRunner.java:758)
	at org.testng.TestRunner.run(TestRunner.java:613)
	at org.testng.SuiteRunner.runTest(SuiteRunner.java:334)
	at org.testng.SuiteRunner.access$000(SuiteRunner.java:37)
	at org.testng.SuiteRunner$SuiteWorker.run(SuiteRunner.java:368)
	at org.testng.internal.thread.ThreadUtil$CountDownLatchedRunnable.run(ThreadUtil.java:165)
	at java.util.concurrent.ThreadPoolExecutor$Worker.runTask(ThreadPoolExecutor.java:886)
	at java.util.concurrent.ThreadPoolExecutor$Worker.run(ThreadPoolExecutor.java:908)
	at java.lang.Thread.run(Thread.java:680)
