[INFO] Scanning for projects...
[WARNING] 
[WARNING] Some problems were encountered while building the effective model for org.jclouds.provider:go2cloud-jhb1:bundle:1.4.0-SNAPSHOT
[WARNING] 'parent.relativePath' of POM org.jclouds:jclouds-project:1.4.0-SNAPSHOT (/Users/adriancole/workspace/git/1.4.x/jclouds/project/pom.xml) points at org.jclouds:jclouds-multi instead of org.sonatype.oss:oss-parent, please verify your project structure @ org.jclouds:jclouds-project:1.4.0-SNAPSHOT, /Users/adriancole/workspace/git/1.4.x/jclouds/project/pom.xml, line 24, column 13
[WARNING] 
[WARNING] It is highly recommended to fix these problems because they threaten the stability of your build.
[WARNING] 
[WARNING] For this reason, future Maven versions might no longer support building such malformed projects.
[WARNING] 
[INFO]                                                                         
[INFO] ------------------------------------------------------------------------
[INFO] Building jclouds Go2Cloud Johannesburg1 provider 1.4.0-SNAPSHOT
[INFO] ------------------------------------------------------------------------
[INFO] 
[INFO] --- maven-clean-plugin:2.4.1:clean (default-clean) @ go2cloud-jhb1 ---
[INFO] Deleting /Users/adriancole/workspace/git/1.4.x/jclouds/providers/go2cloud-jhb1/target
[INFO] 
[INFO] --- maven-enforcer-plugin:1.0.1:enforce (enforce-maven) @ go2cloud-jhb1 ---
[INFO] 
[INFO] --- maven-enforcer-plugin:1.0.1:enforce (enforce-banned-dependencies) @ go2cloud-jhb1 ---
[INFO] 
[INFO] --- maven-enforcer-plugin:1.0.1:enforce (enforce-java) @ go2cloud-jhb1 ---
[INFO] 
[INFO] --- maven-remote-resources-plugin:1.2:process (process-remote-resources) @ go2cloud-jhb1 ---
[INFO] Setting property: classpath.resource.loader.class => 'org.codehaus.plexus.velocity.ContextClassLoaderResourceLoader'.
[INFO] Setting property: velocimacro.messages.on => 'false'.
[INFO] Setting property: resource.loader => 'classpath'.
[INFO] Setting property: resource.manager.logwhenfound => 'false'.
[INFO] 
[INFO] --- maven-resources-plugin:2.4.2:resources (default-resources) @ go2cloud-jhb1 ---
[INFO] Using 'UTF-8' encoding to copy filtered resources.
[INFO] skip non existing resourceDirectory /Users/adriancole/workspace/git/1.4.x/jclouds/providers/go2cloud-jhb1/src/main/clojure
[INFO] Copying 2 resources
[INFO] Copying 2 resources
[INFO] 
[INFO] --- maven-compiler-plugin:2.3:compile (default-compile) @ go2cloud-jhb1 ---
[INFO] Compiling 4 source files to /Users/adriancole/workspace/git/1.4.x/jclouds/providers/go2cloud-jhb1/target/classes
[INFO] 
[INFO] --- maven-resources-plugin:2.4.2:testResources (default-testResources) @ go2cloud-jhb1 ---
[INFO] Using 'UTF-8' encoding to copy filtered resources.
[INFO] skip non existing resourceDirectory /Users/adriancole/workspace/git/1.4.x/jclouds/providers/go2cloud-jhb1/src/test/clojure
[INFO] skip non existing resourceDirectory /Users/adriancole/workspace/git/1.4.x/jclouds/providers/go2cloud-jhb1/src/test/resources
[INFO] Copying 2 resources
[INFO] 
[INFO] --- maven-compiler-plugin:2.3:testCompile (default-testCompile) @ go2cloud-jhb1 ---
[INFO] Compiling 4 source files to /Users/adriancole/workspace/git/1.4.x/jclouds/providers/go2cloud-jhb1/target/test-classes
[INFO] 
[INFO] --- maven-surefire-plugin:2.10:test (default-test) @ go2cloud-jhb1 ---
[INFO] Surefire report directory: /Users/adriancole/workspace/git/1.4.x/jclouds/providers/go2cloud-jhb1/target/surefire-reports
[INFO] Using configured provider org.apache.maven.surefire.testng.TestNGProvider

-------------------------------------------------------
 T E S T S
-------------------------------------------------------
Running org.jclouds.go2cloud.Go2CloudJohannesburg1ProviderTest
Starting test testWithId(org.jclouds.go2cloud.Go2CloudJohannesburg1ProviderTest)
Starting test testInRestProperties(org.jclouds.go2cloud.Go2CloudJohannesburg1ProviderTest)
Starting test testAllContains(org.jclouds.go2cloud.Go2CloudJohannesburg1ProviderTest)
Starting test testOfTypeContains(org.jclouds.go2cloud.Go2CloudJohannesburg1ProviderTest)
[pool-2-thread-1] Test testAllContains(org.jclouds.go2cloud.Go2CloudJohannesburg1ProviderTest) succeeded: 36ms
Test suite progress: tests succeeded: 1, failed: 0, skipped: 0.
[pool-2-thread-4] Test testWithId(org.jclouds.go2cloud.Go2CloudJohannesburg1ProviderTest) succeeded: 51ms
Test suite progress: tests succeeded: 2, failed: 0, skipped: 0.
[pool-2-thread-3] Test testOfTypeContains(org.jclouds.go2cloud.Go2CloudJohannesburg1ProviderTest) succeeded: 39ms
Test suite progress: tests succeeded: 3, failed: 0, skipped: 0.
[pool-2-thread-2] Test testInRestProperties(org.jclouds.go2cloud.Go2CloudJohannesburg1ProviderTest) succeeded: 137ms
Test suite progress: tests succeeded: 4, failed: 0, skipped: 0.
Tests run: 4, Failures: 0, Errors: 0, Skipped: 0, Time elapsed: 0.53 sec

Results :

Tests run: 4, Failures: 0, Errors: 0, Skipped: 0

[INFO] 
[INFO] --- clojure-maven-plugin:1.3.8:test (test-clojure) @ go2cloud-jhb1 ---

Testing com.theoryinpractise.clojure.testrunner

Ran 0 tests containing 0 assertions.
0 failures, 0 errors.
[INFO] 
[INFO] --- maven-bundle-plugin:2.3.4:bundle (default-bundle) @ go2cloud-jhb1 ---
[INFO] 
[INFO] --- maven-source-plugin:2.1.1:jar-no-fork (attach-sources) @ go2cloud-jhb1 ---
[INFO] Building jar: /Users/adriancole/workspace/git/1.4.x/jclouds/providers/go2cloud-jhb1/target/go2cloud-jhb1-1.4.0-SNAPSHOT-sources.jar
[INFO] 
[INFO] --- maven-javadoc-plugin:2.8:jar (javadoc) @ go2cloud-jhb1 ---
[INFO] Skipping javadoc generation
[INFO] 
[INFO] --- maven-jar-plugin:2.3.1:test-jar (default) @ go2cloud-jhb1 ---
[INFO] Building jar: /Users/adriancole/workspace/git/1.4.x/jclouds/providers/go2cloud-jhb1/target/go2cloud-jhb1-1.4.0-SNAPSHOT-tests.jar
[INFO] 
[INFO] --- maven-surefire-plugin:2.10:test (integration) @ go2cloud-jhb1 ---
[INFO] Surefire report directory: /Users/adriancole/workspace/git/1.4.x/jclouds/providers/go2cloud-jhb1/target/surefire-reports
[INFO] Using configured provider org.apache.maven.surefire.testng.TestNGProvider

-------------------------------------------------------
 T E S T S
-------------------------------------------------------
Running TestSuite
Starting test testCompareSizes(org.jclouds.go2cloud.compute.Go2CloudJohannesburg1TemplateBuilderLiveTest)
Starting test setServiceDefaults(org.jclouds.go2cloud.compute.Go2CloudJohannesburg1ComputeServiceLiveTest)
[TestNG] Test setServiceDefaults(org.jclouds.go2cloud.compute.Go2CloudJohannesburg1ComputeServiceLiveTest) succeeded: 1ms
Test suite progress: tests succeeded: 1, failed: 0, skipped: 0.
Starting test testCompareSizes(org.jclouds.go2cloud.compute.Go2CloudJohannesburg1ComputeServiceLiveTest)
smallest [id=cpu=1000.000000,ram=512,disk=1.000000, providerId=cpu=1000.000000,ram=512,disk=1.000000, name=null, processors=[[cores=1.0, speed=1000.0]], ram=512, volumes=[[id=null, type=LOCAL, size=1.0, device=null, durable=true, isBootDevice=true]], hypervisor=kvm, supportsImage=sizeLessThanOrEqual(1.0), tags=[]]
fastest [id=cpu=20000.000000,ram=512,disk=20.000000, providerId=cpu=20000.000000,ram=512,disk=20.000000, name=null, processors=[[cores=1.0, speed=20000.0]], ram=512, volumes=[[id=null, type=LOCAL, size=20.0, device=null, durable=true, isBootDevice=true]], hypervisor=kvm, supportsImage=sizeLessThanOrEqual(20.0), tags=[]]
biggest [id=cpu=20000.000000,ram=8192,disk=20.000000, providerId=cpu=20000.000000,ram=8192,disk=20.000000, name=null, processors=[[cores=1.0, speed=20000.0]], ram=8192, volumes=[[id=null, type=LOCAL, size=20.0, device=null, durable=true, isBootDevice=true]], hypervisor=kvm, supportsImage=sizeLessThanOrEqual(20.0), tags=[]]
[TestNG] Test testCompareSizes(org.jclouds.go2cloud.compute.Go2CloudJohannesburg1TemplateBuilderLiveTest) succeeded: 5565ms
Test suite progress: tests succeeded: 2, failed: 0, skipped: 0.
Starting test testFromTemplate(org.jclouds.go2cloud.compute.Go2CloudJohannesburg1TemplateBuilderLiveTest)
[TestNG] Test testFromTemplate(org.jclouds.go2cloud.compute.Go2CloudJohannesburg1TemplateBuilderLiveTest) succeeded: 13ms
Test suite progress: tests succeeded: 3, failed: 0, skipped: 0.
Starting test testGetAssignableLocations(org.jclouds.go2cloud.compute.Go2CloudJohannesburg1TemplateBuilderLiveTest)
location [id=go2cloud-jhb1, scope=PROVIDER, description=http://api.jhb1.go2cloud.co.za, parent=null, iso3166Codes=[ZA-GP], metadata={}]
[TestNG] Test testGetAssignableLocations(org.jclouds.go2cloud.compute.Go2CloudJohannesburg1TemplateBuilderLiveTest) succeeded: 1ms
Test suite progress: tests succeeded: 4, failed: 0, skipped: 0.
Starting test testTemplateBuilderCanFind(org.jclouds.go2cloud.compute.Go2CloudJohannesburg1TemplateBuilderLiveTest)
[TestNG] Test testTemplateBuilderCanFind(org.jclouds.go2cloud.compute.Go2CloudJohannesburg1TemplateBuilderLiveTest) succeeded: 19ms
Test suite progress: tests succeeded: 5, failed: 0, skipped: 0.
Starting test testTemplateBuilderCanFind(org.jclouds.go2cloud.compute.Go2CloudJohannesburg1TemplateBuilderLiveTest)
[TestNG] Test testTemplateBuilderCanFind(org.jclouds.go2cloud.compute.Go2CloudJohannesburg1TemplateBuilderLiveTest) succeeded: 8ms
Test suite progress: tests succeeded: 6, failed: 0, skipped: 0.
Starting test testTemplateBuilderCanFind(org.jclouds.go2cloud.compute.Go2CloudJohannesburg1TemplateBuilderLiveTest)
[TestNG] Test testTemplateBuilderCanFind(org.jclouds.go2cloud.compute.Go2CloudJohannesburg1TemplateBuilderLiveTest) succeeded: 2ms
Test suite progress: tests succeeded: 7, failed: 0, skipped: 0.
Starting test testTemplateBuilderCanFind(org.jclouds.go2cloud.compute.Go2CloudJohannesburg1TemplateBuilderLiveTest)
[TestNG] Test testTemplateBuilderCanFind(org.jclouds.go2cloud.compute.Go2CloudJohannesburg1TemplateBuilderLiveTest) succeeded: 1ms
Test suite progress: tests succeeded: 8, failed: 0, skipped: 0.
Starting test testTemplateBuilderCanFind(org.jclouds.go2cloud.compute.Go2CloudJohannesburg1TemplateBuilderLiveTest)
[TestNG] Test testTemplateBuilderCanFind(org.jclouds.go2cloud.compute.Go2CloudJohannesburg1TemplateBuilderLiveTest) succeeded: 7ms
Test suite progress: tests succeeded: 9, failed: 0, skipped: 0.
Starting test testTemplateBuilderCanUseImageId(org.jclouds.go2cloud.compute.Go2CloudJohannesburg1TemplateBuilderLiveTest)
Mar 8, 2012 10:29:04 AM org.jclouds.compute.BaseComputeServiceLiveTest testCompareSizes
INFO: smallest [id=cpu=1000.000000,ram=512,disk=1.000000, providerId=cpu=1000.000000,ram=512,disk=1.000000, name=null, processors=[[cores=1.0, speed=1000.0]], ram=512, volumes=[[id=null, type=LOCAL, size=1.0, device=null, durable=true, isBootDevice=true]], hypervisor=kvm, supportsImage=sizeLessThanOrEqual(1.0), tags=[]]
Mar 8, 2012 10:29:04 AM org.jclouds.compute.BaseComputeServiceLiveTest testCompareSizes
INFO: fastest [id=cpu=20000.000000,ram=512,disk=20.000000, providerId=cpu=20000.000000,ram=512,disk=20.000000, name=null, processors=[[cores=1.0, speed=20000.0]], ram=512, volumes=[[id=null, type=LOCAL, size=20.0, device=null, durable=true, isBootDevice=true]], hypervisor=kvm, supportsImage=sizeLessThanOrEqual(20.0), tags=[]]
Mar 8, 2012 10:29:04 AM org.jclouds.compute.BaseComputeServiceLiveTest testCompareSizes
INFO: biggest [id=cpu=20000.000000,ram=8192,disk=20.000000, providerId=cpu=20000.000000,ram=8192,disk=20.000000, name=null, processors=[[cores=1.0, speed=20000.0]], ram=8192, volumes=[[id=null, type=LOCAL, size=20.0, device=null, durable=true, isBootDevice=true]], hypervisor=kvm, supportsImage=sizeLessThanOrEqual(20.0), tags=[]]
[TestNG] Test testCompareSizes(org.jclouds.go2cloud.compute.Go2CloudJohannesburg1ComputeServiceLiveTest) succeeded: 5981ms
Test suite progress: tests succeeded: 10, failed: 0, skipped: 0.
Starting test testCorrectAuthException(org.jclouds.go2cloud.compute.Go2CloudJohannesburg1ComputeServiceLiveTest)
Starting test testCreateDrive(org.jclouds.go2cloud.Go2CloudJohannesburg1ClientLiveTest)
[TestNG] Test testCorrectAuthException(org.jclouds.go2cloud.compute.Go2CloudJohannesburg1ComputeServiceLiveTest) succeeded: 1361ms
Test suite progress: tests succeeded: 11, failed: 0, skipped: 0.
Starting test testCreateAndRunAService(org.jclouds.go2cloud.compute.Go2CloudJohannesburg1ComputeServiceLiveTest)
[TestNG] Test testTemplateBuilderCanUseImageId(org.jclouds.go2cloud.compute.Go2CloudJohannesburg1TemplateBuilderLiveTest) succeeded: 7103ms
Test suite progress: tests succeeded: 12, failed: 0, skipped: 0.
Starting test testTemplateBuilderCannotFind(org.jclouds.go2cloud.compute.Go2CloudJohannesburg1TemplateBuilderLiveTest)
[TestNG] Test testTemplateBuilderCannotFind(org.jclouds.go2cloud.compute.Go2CloudJohannesburg1TemplateBuilderLiveTest) succeeded: 5ms
Test suite progress: tests succeeded: 13, failed: 0, skipped: 0.
Starting test testTemplateBuilderCannotFind(org.jclouds.go2cloud.compute.Go2CloudJohannesburg1TemplateBuilderLiveTest)
[TestNG] Test testTemplateBuilderCannotFind(org.jclouds.go2cloud.compute.Go2CloudJohannesburg1TemplateBuilderLiveTest) succeeded: 1ms
Test suite progress: tests succeeded: 14, failed: 0, skipped: 0.
Starting test testTemplateBuilderCannotFind(org.jclouds.go2cloud.compute.Go2CloudJohannesburg1TemplateBuilderLiveTest)
[TestNG] Test testTemplateBuilderCannotFind(org.jclouds.go2cloud.compute.Go2CloudJohannesburg1TemplateBuilderLiveTest) succeeded: 1ms
Test suite progress: tests succeeded: 15, failed: 0, skipped: 0.
Starting test testTemplateBuilderCannotFind(org.jclouds.go2cloud.compute.Go2CloudJohannesburg1TemplateBuilderLiveTest)
[TestNG] Test testTemplateBuilderCannotFind(org.jclouds.go2cloud.compute.Go2CloudJohannesburg1TemplateBuilderLiveTest) succeeded: 1ms
Test suite progress: tests succeeded: 16, failed: 0, skipped: 0.
Starting test testTemplateBuilderCannotFind(org.jclouds.go2cloud.compute.Go2CloudJohannesburg1TemplateBuilderLiveTest)
[TestNG] Test testTemplateBuilderCannotFind(org.jclouds.go2cloud.compute.Go2CloudJohannesburg1TemplateBuilderLiveTest) succeeded: 0ms
Test suite progress: tests succeeded: 17, failed: 0, skipped: 0.
Starting test testTemplateBuilderCannotFind(org.jclouds.go2cloud.compute.Go2CloudJohannesburg1TemplateBuilderLiveTest)
[TestNG] Test testTemplateBuilderCannotFind(org.jclouds.go2cloud.compute.Go2CloudJohannesburg1TemplateBuilderLiveTest) succeeded: 0ms
Test suite progress: tests succeeded: 18, failed: 0, skipped: 0.
Starting test testTemplateBuilderCannotFind(org.jclouds.go2cloud.compute.Go2CloudJohannesburg1TemplateBuilderLiveTest)
[TestNG] Test testTemplateBuilderCannotFind(org.jclouds.go2cloud.compute.Go2CloudJohannesburg1TemplateBuilderLiveTest) succeeded: 1ms
Test suite progress: tests succeeded: 19, failed: 0, skipped: 0.
Starting test testTemplateBuilderCannotFind(org.jclouds.go2cloud.compute.Go2CloudJohannesburg1TemplateBuilderLiveTest)
[TestNG] Test testTemplateBuilderCannotFind(org.jclouds.go2cloud.compute.Go2CloudJohannesburg1TemplateBuilderLiveTest) succeeded: 1ms
Test suite progress: tests succeeded: 20, failed: 0, skipped: 0.
Starting test testTemplateBuilderCannotFind(org.jclouds.go2cloud.compute.Go2CloudJohannesburg1TemplateBuilderLiveTest)
[TestNG] Test testTemplateBuilderCannotFind(org.jclouds.go2cloud.compute.Go2CloudJohannesburg1TemplateBuilderLiveTest) succeeded: 0ms
Test suite progress: tests succeeded: 21, failed: 0, skipped: 0.
Starting test testTemplateBuilderCannotFind(org.jclouds.go2cloud.compute.Go2CloudJohannesburg1TemplateBuilderLiveTest)
[TestNG] Test testTemplateBuilderCannotFind(org.jclouds.go2cloud.compute.Go2CloudJohannesburg1TemplateBuilderLiveTest) succeeded: 1ms
Test suite progress: tests succeeded: 22, failed: 0, skipped: 0.
Starting test testTemplateBuilderCannotFind(org.jclouds.go2cloud.compute.Go2CloudJohannesburg1TemplateBuilderLiveTest)
[TestNG] Test testTemplateBuilderCannotFind(org.jclouds.go2cloud.compute.Go2CloudJohannesburg1TemplateBuilderLiveTest) succeeded: 39ms
Test suite progress: tests succeeded: 23, failed: 0, skipped: 0.
Starting test testTemplateBuilderCannotFind(org.jclouds.go2cloud.compute.Go2CloudJohannesburg1TemplateBuilderLiveTest)
[TestNG] Test testTemplateBuilderCannotFind(org.jclouds.go2cloud.compute.Go2CloudJohannesburg1TemplateBuilderLiveTest) succeeded: 0ms
Test suite progress: tests succeeded: 24, failed: 0, skipped: 0.
Starting test testTemplateBuilderCannotFind(org.jclouds.go2cloud.compute.Go2CloudJohannesburg1TemplateBuilderLiveTest)
[TestNG] Test testTemplateBuilderCannotFind(org.jclouds.go2cloud.compute.Go2CloudJohannesburg1TemplateBuilderLiveTest) succeeded: 1ms
Test suite progress: tests succeeded: 25, failed: 0, skipped: 0.
Starting test testTemplateBuilderCannotFind(org.jclouds.go2cloud.compute.Go2CloudJohannesburg1TemplateBuilderLiveTest)
[TestNG] Test testTemplateBuilderCannotFind(org.jclouds.go2cloud.compute.Go2CloudJohannesburg1TemplateBuilderLiveTest) succeeded: 1ms
Test suite progress: tests succeeded: 26, failed: 0, skipped: 0.
Starting test testTemplateBuilderCannotFind(org.jclouds.go2cloud.compute.Go2CloudJohannesburg1TemplateBuilderLiveTest)
[TestNG] Test testTemplateBuilderCannotFind(org.jclouds.go2cloud.compute.Go2CloudJohannesburg1TemplateBuilderLiveTest) succeeded: 0ms
Test suite progress: tests succeeded: 27, failed: 0, skipped: 0.
Starting test testTemplateBuilderCannotFind(org.jclouds.go2cloud.compute.Go2CloudJohannesburg1TemplateBuilderLiveTest)
[TestNG] Test testTemplateBuilderCannotFind(org.jclouds.go2cloud.compute.Go2CloudJohannesburg1TemplateBuilderLiveTest) succeeded: 1ms
Test suite progress: tests succeeded: 28, failed: 0, skipped: 0.
Starting test testTemplateBuilderCannotFind(org.jclouds.go2cloud.compute.Go2CloudJohannesburg1TemplateBuilderLiveTest)
[TestNG] Test testTemplateBuilderCannotFind(org.jclouds.go2cloud.compute.Go2CloudJohannesburg1TemplateBuilderLiveTest) succeeded: 1ms
Test suite progress: tests succeeded: 29, failed: 0, skipped: 0.
Starting test testTemplateBuilderCannotFind(org.jclouds.go2cloud.compute.Go2CloudJohannesburg1TemplateBuilderLiveTest)
[TestNG] Test testTemplateBuilderCannotFind(org.jclouds.go2cloud.compute.Go2CloudJohannesburg1TemplateBuilderLiveTest) succeeded: 0ms
Test suite progress: tests succeeded: 30, failed: 0, skipped: 0.
Starting test testTemplateBuilderCannotFind(org.jclouds.go2cloud.compute.Go2CloudJohannesburg1TemplateBuilderLiveTest)
[TestNG] Test testTemplateBuilderCannotFind(org.jclouds.go2cloud.compute.Go2CloudJohannesburg1TemplateBuilderLiveTest) succeeded: 1ms
Test suite progress: tests succeeded: 31, failed: 0, skipped: 0.
Starting test testTemplateBuilderCannotFind(org.jclouds.go2cloud.compute.Go2CloudJohannesburg1TemplateBuilderLiveTest)
[TestNG] Test testTemplateBuilderCannotFind(org.jclouds.go2cloud.compute.Go2CloudJohannesburg1TemplateBuilderLiveTest) succeeded: 1ms
Test suite progress: tests succeeded: 32, failed: 0, skipped: 0.
Starting test testTemplateBuilderCannotFind(org.jclouds.go2cloud.compute.Go2CloudJohannesburg1TemplateBuilderLiveTest)
[TestNG] Test testTemplateBuilderCannotFind(org.jclouds.go2cloud.compute.Go2CloudJohannesburg1TemplateBuilderLiveTest) succeeded: 1ms
Test suite progress: tests succeeded: 33, failed: 0, skipped: 0.
Starting test testTemplateBuilderCannotFind(org.jclouds.go2cloud.compute.Go2CloudJohannesburg1TemplateBuilderLiveTest)
[TestNG] Test testTemplateBuilderCannotFind(org.jclouds.go2cloud.compute.Go2CloudJohannesburg1TemplateBuilderLiveTest) succeeded: 1ms
Test suite progress: tests succeeded: 34, failed: 0, skipped: 0.
Starting test testTemplateBuilderCannotFind(org.jclouds.go2cloud.compute.Go2CloudJohannesburg1TemplateBuilderLiveTest)
[TestNG] Test testTemplateBuilderCannotFind(org.jclouds.go2cloud.compute.Go2CloudJohannesburg1TemplateBuilderLiveTest) succeeded: 27ms
Test suite progress: tests succeeded: 35, failed: 0, skipped: 0.
Starting test testTemplateBuilderCannotFind(org.jclouds.go2cloud.compute.Go2CloudJohannesburg1TemplateBuilderLiveTest)
[TestNG] Test testTemplateBuilderCannotFind(org.jclouds.go2cloud.compute.Go2CloudJohannesburg1TemplateBuilderLiveTest) succeeded: 5ms
Test suite progress: tests succeeded: 36, failed: 0, skipped: 0.
Starting test testTemplateBuilderCannotFind(org.jclouds.go2cloud.compute.Go2CloudJohannesburg1TemplateBuilderLiveTest)
[TestNG] Test testTemplateBuilderCannotFind(org.jclouds.go2cloud.compute.Go2CloudJohannesburg1TemplateBuilderLiveTest) succeeded: 1ms
Test suite progress: tests succeeded: 37, failed: 0, skipped: 0.
Starting test testTemplateBuilderCannotFind(org.jclouds.go2cloud.compute.Go2CloudJohannesburg1TemplateBuilderLiveTest)
[TestNG] Test testTemplateBuilderCannotFind(org.jclouds.go2cloud.compute.Go2CloudJohannesburg1TemplateBuilderLiveTest) succeeded: 1ms
Test suite progress: tests succeeded: 38, failed: 0, skipped: 0.
Starting test testTemplateBuilderCannotFind(org.jclouds.go2cloud.compute.Go2CloudJohannesburg1TemplateBuilderLiveTest)
[TestNG] Test testTemplateBuilderCannotFind(org.jclouds.go2cloud.compute.Go2CloudJohannesburg1TemplateBuilderLiveTest) succeeded: 1ms
Test suite progress: tests succeeded: 39, failed: 0, skipped: 0.
Starting test testTemplateBuilderCannotFind(org.jclouds.go2cloud.compute.Go2CloudJohannesburg1TemplateBuilderLiveTest)
[TestNG] Test testTemplateBuilderCannotFind(org.jclouds.go2cloud.compute.Go2CloudJohannesburg1TemplateBuilderLiveTest) succeeded: 3ms
Test suite progress: tests succeeded: 40, failed: 0, skipped: 0.
Starting test testTemplateBuilderCannotFind(org.jclouds.go2cloud.compute.Go2CloudJohannesburg1TemplateBuilderLiveTest)
[TestNG] Test testTemplateBuilderCannotFind(org.jclouds.go2cloud.compute.Go2CloudJohannesburg1TemplateBuilderLiveTest) succeeded: 6ms
Test suite progress: tests succeeded: 41, failed: 0, skipped: 0.
Starting test testTemplateBuilderCannotFind(org.jclouds.go2cloud.compute.Go2CloudJohannesburg1TemplateBuilderLiveTest)
[TestNG] Test testTemplateBuilderCannotFind(org.jclouds.go2cloud.compute.Go2CloudJohannesburg1TemplateBuilderLiveTest) succeeded: 3ms
Test suite progress: tests succeeded: 42, failed: 0, skipped: 0.
Starting test testTemplateBuilderCannotFind(org.jclouds.go2cloud.compute.Go2CloudJohannesburg1TemplateBuilderLiveTest)
[TestNG] Test testTemplateBuilderCannotFind(org.jclouds.go2cloud.compute.Go2CloudJohannesburg1TemplateBuilderLiveTest) succeeded: 3ms
Test suite progress: tests succeeded: 43, failed: 0, skipped: 0.
Starting test testTemplateBuilderCannotFind(org.jclouds.go2cloud.compute.Go2CloudJohannesburg1TemplateBuilderLiveTest)
[TestNG] Test testTemplateBuilderCannotFind(org.jclouds.go2cloud.compute.Go2CloudJohannesburg1TemplateBuilderLiveTest) succeeded: 5ms
Test suite progress: tests succeeded: 44, failed: 0, skipped: 0.
Starting test testTemplateBuilderCannotFind(org.jclouds.go2cloud.compute.Go2CloudJohannesburg1TemplateBuilderLiveTest)
[TestNG] Test testTemplateBuilderCannotFind(org.jclouds.go2cloud.compute.Go2CloudJohannesburg1TemplateBuilderLiveTest) succeeded: 3ms
Test suite progress: tests succeeded: 45, failed: 0, skipped: 0.
Starting test testTemplateBuilderCannotFind(org.jclouds.go2cloud.compute.Go2CloudJohannesburg1TemplateBuilderLiveTest)
[TestNG] Test testTemplateBuilderCannotFind(org.jclouds.go2cloud.compute.Go2CloudJohannesburg1TemplateBuilderLiveTest) succeeded: 16ms
Test suite progress: tests succeeded: 46, failed: 0, skipped: 0.
Starting test testTemplateBuilderCannotFind(org.jclouds.go2cloud.compute.Go2CloudJohannesburg1TemplateBuilderLiveTest)
[TestNG] Test testTemplateBuilderCannotFind(org.jclouds.go2cloud.compute.Go2CloudJohannesburg1TemplateBuilderLiveTest) succeeded: 0ms
Test suite progress: tests succeeded: 47, failed: 0, skipped: 0.
Starting test testTemplateBuilderCannotFind(org.jclouds.go2cloud.compute.Go2CloudJohannesburg1TemplateBuilderLiveTest)
[TestNG] Test testTemplateBuilderCannotFind(org.jclouds.go2cloud.compute.Go2CloudJohannesburg1TemplateBuilderLiveTest) succeeded: 1ms
Test suite progress: tests succeeded: 48, failed: 0, skipped: 0.
Starting test testTemplateBuilderCannotFind(org.jclouds.go2cloud.compute.Go2CloudJohannesburg1TemplateBuilderLiveTest)
[TestNG] Test testTemplateBuilderCannotFind(org.jclouds.go2cloud.compute.Go2CloudJohannesburg1TemplateBuilderLiveTest) succeeded: 0ms
Test suite progress: tests succeeded: 49, failed: 0, skipped: 0.
Starting test testTemplateBuilderCannotFind(org.jclouds.go2cloud.compute.Go2CloudJohannesburg1TemplateBuilderLiveTest)
[TestNG] Test testTemplateBuilderCannotFind(org.jclouds.go2cloud.compute.Go2CloudJohannesburg1TemplateBuilderLiveTest) succeeded: 0ms
Test suite progress: tests succeeded: 50, failed: 0, skipped: 0.
Starting test testTemplateBuilderCannotFind(org.jclouds.go2cloud.compute.Go2CloudJohannesburg1TemplateBuilderLiveTest)
[TestNG] Test testTemplateBuilderCannotFind(org.jclouds.go2cloud.compute.Go2CloudJohannesburg1TemplateBuilderLiveTest) succeeded: 0ms
Test suite progress: tests succeeded: 51, failed: 0, skipped: 0.
Starting test testTemplateBuilderCannotFind(org.jclouds.go2cloud.compute.Go2CloudJohannesburg1TemplateBuilderLiveTest)
[TestNG] Test testTemplateBuilderCannotFind(org.jclouds.go2cloud.compute.Go2CloudJohannesburg1TemplateBuilderLiveTest) succeeded: 0ms
Test suite progress: tests succeeded: 52, failed: 0, skipped: 0.
Starting test testTemplateBuilderCannotFind(org.jclouds.go2cloud.compute.Go2CloudJohannesburg1TemplateBuilderLiveTest)
[TestNG] Test testTemplateBuilderCannotFind(org.jclouds.go2cloud.compute.Go2CloudJohannesburg1TemplateBuilderLiveTest) succeeded: 2ms
Test suite progress: tests succeeded: 53, failed: 0, skipped: 0.
Starting test testTemplateBuilderCannotFind(org.jclouds.go2cloud.compute.Go2CloudJohannesburg1TemplateBuilderLiveTest)
[TestNG] Test testTemplateBuilderCannotFind(org.jclouds.go2cloud.compute.Go2CloudJohannesburg1TemplateBuilderLiveTest) succeeded: 1ms
Test suite progress: tests succeeded: 54, failed: 0, skipped: 0.
Starting test testTemplateBuilderCannotFind(org.jclouds.go2cloud.compute.Go2CloudJohannesburg1TemplateBuilderLiveTest)
[TestNG] Test testTemplateBuilderCannotFind(org.jclouds.go2cloud.compute.Go2CloudJohannesburg1TemplateBuilderLiveTest) succeeded: 0ms
Test suite progress: tests succeeded: 55, failed: 0, skipped: 0.
Starting test testTemplateBuilderCannotFind(org.jclouds.go2cloud.compute.Go2CloudJohannesburg1TemplateBuilderLiveTest)
[TestNG] Test testTemplateBuilderCannotFind(org.jclouds.go2cloud.compute.Go2CloudJohannesburg1TemplateBuilderLiveTest) succeeded: 1ms
Test suite progress: tests succeeded: 56, failed: 0, skipped: 0.
Starting test testTemplateBuilderCannotFind(org.jclouds.go2cloud.compute.Go2CloudJohannesburg1TemplateBuilderLiveTest)
[TestNG] Test testTemplateBuilderCannotFind(org.jclouds.go2cloud.compute.Go2CloudJohannesburg1TemplateBuilderLiveTest) succeeded: 1ms
Test suite progress: tests succeeded: 57, failed: 0, skipped: 0.
Starting test testTemplateBuilderCannotFind(org.jclouds.go2cloud.compute.Go2CloudJohannesburg1TemplateBuilderLiveTest)
[TestNG] Test testTemplateBuilderCannotFind(org.jclouds.go2cloud.compute.Go2CloudJohannesburg1TemplateBuilderLiveTest) succeeded: 1ms
Test suite progress: tests succeeded: 58, failed: 0, skipped: 0.
Starting test testTemplateBuilderCannotFind(org.jclouds.go2cloud.compute.Go2CloudJohannesburg1TemplateBuilderLiveTest)
[TestNG] Test testTemplateBuilderCannotFind(org.jclouds.go2cloud.compute.Go2CloudJohannesburg1TemplateBuilderLiveTest) succeeded: 0ms
Test suite progress: tests succeeded: 59, failed: 0, skipped: 0.
Starting test testTemplateBuilderCannotFind(org.jclouds.go2cloud.compute.Go2CloudJohannesburg1TemplateBuilderLiveTest)
[TestNG] Test testTemplateBuilderCannotFind(org.jclouds.go2cloud.compute.Go2CloudJohannesburg1TemplateBuilderLiveTest) succeeded: 5ms
Test suite progress: tests succeeded: 60, failed: 0, skipped: 0.
Starting test testTemplateBuilderCannotFind(org.jclouds.go2cloud.compute.Go2CloudJohannesburg1TemplateBuilderLiveTest)
[TestNG] Test testTemplateBuilderCannotFind(org.jclouds.go2cloud.compute.Go2CloudJohannesburg1TemplateBuilderLiveTest) succeeded: 1ms
Test suite progress: tests succeeded: 61, failed: 0, skipped: 0.
Starting test testTemplateBuilderCannotFind(org.jclouds.go2cloud.compute.Go2CloudJohannesburg1TemplateBuilderLiveTest)
[TestNG] Test testTemplateBuilderCannotFind(org.jclouds.go2cloud.compute.Go2CloudJohannesburg1TemplateBuilderLiveTest) succeeded: 2ms
Test suite progress: tests succeeded: 62, failed: 0, skipped: 0.
Starting test testTemplateBuilderCannotFind(org.jclouds.go2cloud.compute.Go2CloudJohannesburg1TemplateBuilderLiveTest)
[TestNG] Test testTemplateBuilderCannotFind(org.jclouds.go2cloud.compute.Go2CloudJohannesburg1TemplateBuilderLiveTest) succeeded: 22ms
Test suite progress: tests succeeded: 63, failed: 0, skipped: 0.
Starting test testTemplateBuilderCannotFind(org.jclouds.go2cloud.compute.Go2CloudJohannesburg1TemplateBuilderLiveTest)
[TestNG] Test testTemplateBuilderCannotFind(org.jclouds.go2cloud.compute.Go2CloudJohannesburg1TemplateBuilderLiveTest) succeeded: 1ms
Test suite progress: tests succeeded: 64, failed: 0, skipped: 0.
Starting test testTemplateBuilderCannotFind(org.jclouds.go2cloud.compute.Go2CloudJohannesburg1TemplateBuilderLiveTest)
[TestNG] Test testTemplateBuilderCannotFind(org.jclouds.go2cloud.compute.Go2CloudJohannesburg1TemplateBuilderLiveTest) succeeded: 1ms
Test suite progress: tests succeeded: 65, failed: 0, skipped: 0.
Starting test testTemplateBuilderCannotFind(org.jclouds.go2cloud.compute.Go2CloudJohannesburg1TemplateBuilderLiveTest)
[TestNG] Test testTemplateBuilderCannotFind(org.jclouds.go2cloud.compute.Go2CloudJohannesburg1TemplateBuilderLiveTest) succeeded: 1ms
Test suite progress: tests succeeded: 66, failed: 0, skipped: 0.
Starting test testTemplateBuilderCannotFind(org.jclouds.go2cloud.compute.Go2CloudJohannesburg1TemplateBuilderLiveTest)
[TestNG] Test testTemplateBuilderCannotFind(org.jclouds.go2cloud.compute.Go2CloudJohannesburg1TemplateBuilderLiveTest) succeeded: 4ms
Test suite progress: tests succeeded: 67, failed: 0, skipped: 0.
Starting test testTemplateBuilderCannotFind(org.jclouds.go2cloud.compute.Go2CloudJohannesburg1TemplateBuilderLiveTest)
[TestNG] Test testTemplateBuilderCannotFind(org.jclouds.go2cloud.compute.Go2CloudJohannesburg1TemplateBuilderLiveTest) succeeded: 2ms
Test suite progress: tests succeeded: 68, failed: 0, skipped: 0.
Starting test testTemplateBuilderCannotFind(org.jclouds.go2cloud.compute.Go2CloudJohannesburg1TemplateBuilderLiveTest)
[TestNG] Test testTemplateBuilderCannotFind(org.jclouds.go2cloud.compute.Go2CloudJohannesburg1TemplateBuilderLiveTest) succeeded: 1ms
Test suite progress: tests succeeded: 69, failed: 0, skipped: 0.
Starting test testTemplateBuilderCannotFind(org.jclouds.go2cloud.compute.Go2CloudJohannesburg1TemplateBuilderLiveTest)
[TestNG] Test testTemplateBuilderCannotFind(org.jclouds.go2cloud.compute.Go2CloudJohannesburg1TemplateBuilderLiveTest) succeeded: 1ms
Test suite progress: tests succeeded: 70, failed: 0, skipped: 0.
Starting test testTemplateBuilderCannotFind(org.jclouds.go2cloud.compute.Go2CloudJohannesburg1TemplateBuilderLiveTest)
[TestNG] Test testTemplateBuilderCannotFind(org.jclouds.go2cloud.compute.Go2CloudJohannesburg1TemplateBuilderLiveTest) succeeded: 1ms
Test suite progress: tests succeeded: 71, failed: 0, skipped: 0.
Starting test testTemplateBuilderCannotFind(org.jclouds.go2cloud.compute.Go2CloudJohannesburg1TemplateBuilderLiveTest)
[TestNG] Test testTemplateBuilderCannotFind(org.jclouds.go2cloud.compute.Go2CloudJohannesburg1TemplateBuilderLiveTest) succeeded: 0ms
Test suite progress: tests succeeded: 72, failed: 0, skipped: 0.
Starting test testTemplateBuilderCannotFind(org.jclouds.go2cloud.compute.Go2CloudJohannesburg1TemplateBuilderLiveTest)
[TestNG] Test testTemplateBuilderCannotFind(org.jclouds.go2cloud.compute.Go2CloudJohannesburg1TemplateBuilderLiveTest) succeeded: 0ms
Test suite progress: tests succeeded: 73, failed: 0, skipped: 0.
Starting test testTemplateBuilderCannotFind(org.jclouds.go2cloud.compute.Go2CloudJohannesburg1TemplateBuilderLiveTest)
[TestNG] Test testTemplateBuilderCannotFind(org.jclouds.go2cloud.compute.Go2CloudJohannesburg1TemplateBuilderLiveTest) succeeded: 1ms
Test suite progress: tests succeeded: 74, failed: 0, skipped: 0.
Starting test testTemplateBuilderCannotFind(org.jclouds.go2cloud.compute.Go2CloudJohannesburg1TemplateBuilderLiveTest)
[TestNG] Test testTemplateBuilderCannotFind(org.jclouds.go2cloud.compute.Go2CloudJohannesburg1TemplateBuilderLiveTest) succeeded: 2ms
Test suite progress: tests succeeded: 75, failed: 0, skipped: 0.
Starting test testTemplateBuilderCannotFind(org.jclouds.go2cloud.compute.Go2CloudJohannesburg1TemplateBuilderLiveTest)
[TestNG] Test testTemplateBuilderCannotFind(org.jclouds.go2cloud.compute.Go2CloudJohannesburg1TemplateBuilderLiveTest) succeeded: 1ms
Test suite progress: tests succeeded: 76, failed: 0, skipped: 0.
Starting test testTemplateBuilderCannotFind(org.jclouds.go2cloud.compute.Go2CloudJohannesburg1TemplateBuilderLiveTest)
[TestNG] Test testTemplateBuilderCannotFind(org.jclouds.go2cloud.compute.Go2CloudJohannesburg1TemplateBuilderLiveTest) succeeded: 0ms
Test suite progress: tests succeeded: 77, failed: 0, skipped: 0.
Starting test testTemplateBuilderCannotFind(org.jclouds.go2cloud.compute.Go2CloudJohannesburg1TemplateBuilderLiveTest)
[TestNG] Test testTemplateBuilderCannotFind(org.jclouds.go2cloud.compute.Go2CloudJohannesburg1TemplateBuilderLiveTest) succeeded: 0ms
Test suite progress: tests succeeded: 78, failed: 0, skipped: 0.
Starting test testTemplateBuilderCannotFind(org.jclouds.go2cloud.compute.Go2CloudJohannesburg1TemplateBuilderLiveTest)
[TestNG] Test testTemplateBuilderCannotFind(org.jclouds.go2cloud.compute.Go2CloudJohannesburg1TemplateBuilderLiveTest) succeeded: 0ms
Test suite progress: tests succeeded: 79, failed: 0, skipped: 0.
Starting test testTemplateBuilderCannotFind(org.jclouds.go2cloud.compute.Go2CloudJohannesburg1TemplateBuilderLiveTest)
[TestNG] Test testTemplateBuilderCannotFind(org.jclouds.go2cloud.compute.Go2CloudJohannesburg1TemplateBuilderLiveTest) succeeded: 0ms
Test suite progress: tests succeeded: 80, failed: 0, skipped: 0.
Starting test testTemplateBuilderCannotFind(org.jclouds.go2cloud.compute.Go2CloudJohannesburg1TemplateBuilderLiveTest)
[TestNG] Test testTemplateBuilderCannotFind(org.jclouds.go2cloud.compute.Go2CloudJohannesburg1TemplateBuilderLiveTest) succeeded: 1ms
Test suite progress: tests succeeded: 81, failed: 0, skipped: 0.
Starting test testTemplateBuilderCannotFind(org.jclouds.go2cloud.compute.Go2CloudJohannesburg1TemplateBuilderLiveTest)
[TestNG] Test testTemplateBuilderCannotFind(org.jclouds.go2cloud.compute.Go2CloudJohannesburg1TemplateBuilderLiveTest) succeeded: 0ms
Test suite progress: tests succeeded: 82, failed: 0, skipped: 0.
Starting test testTemplateBuilderCannotFind(org.jclouds.go2cloud.compute.Go2CloudJohannesburg1TemplateBuilderLiveTest)
[TestNG] Test testTemplateBuilderCannotFind(org.jclouds.go2cloud.compute.Go2CloudJohannesburg1TemplateBuilderLiveTest) succeeded: 1ms
Test suite progress: tests succeeded: 83, failed: 0, skipped: 0.
Starting test testTemplateBuilderCannotFind(org.jclouds.go2cloud.compute.Go2CloudJohannesburg1TemplateBuilderLiveTest)
[TestNG] Test testTemplateBuilderCannotFind(org.jclouds.go2cloud.compute.Go2CloudJohannesburg1TemplateBuilderLiveTest) succeeded: 0ms
Test suite progress: tests succeeded: 84, failed: 0, skipped: 0.
Starting test testTemplateBuilderCannotFind(org.jclouds.go2cloud.compute.Go2CloudJohannesburg1TemplateBuilderLiveTest)
[TestNG] Test testTemplateBuilderCannotFind(org.jclouds.go2cloud.compute.Go2CloudJohannesburg1TemplateBuilderLiveTest) succeeded: 1ms
Test suite progress: tests succeeded: 85, failed: 0, skipped: 0.
Starting test testTemplateBuilderCannotFind(org.jclouds.go2cloud.compute.Go2CloudJohannesburg1TemplateBuilderLiveTest)
[TestNG] Test testTemplateBuilderCannotFind(org.jclouds.go2cloud.compute.Go2CloudJohannesburg1TemplateBuilderLiveTest) succeeded: 0ms
Test suite progress: tests succeeded: 86, failed: 0, skipped: 0.
Starting test testTemplateBuilderCannotFind(org.jclouds.go2cloud.compute.Go2CloudJohannesburg1TemplateBuilderLiveTest)
[TestNG] Test testTemplateBuilderCannotFind(org.jclouds.go2cloud.compute.Go2CloudJohannesburg1TemplateBuilderLiveTest) succeeded: 0ms
Test suite progress: tests succeeded: 87, failed: 0, skipped: 0.
Starting test testTemplateBuilderCannotFind(org.jclouds.go2cloud.compute.Go2CloudJohannesburg1TemplateBuilderLiveTest)
[TestNG] Test testTemplateBuilderCannotFind(org.jclouds.go2cloud.compute.Go2CloudJohannesburg1TemplateBuilderLiveTest) succeeded: 0ms
Test suite progress: tests succeeded: 88, failed: 0, skipped: 0.
Starting test testTemplateBuilderCannotFind(org.jclouds.go2cloud.compute.Go2CloudJohannesburg1TemplateBuilderLiveTest)
[TestNG] Test testTemplateBuilderCannotFind(org.jclouds.go2cloud.compute.Go2CloudJohannesburg1TemplateBuilderLiveTest) succeeded: 0ms
Test suite progress: tests succeeded: 89, failed: 0, skipped: 0.
Starting test testTemplateBuilderCannotFind(org.jclouds.go2cloud.compute.Go2CloudJohannesburg1TemplateBuilderLiveTest)
[TestNG] Test testTemplateBuilderCannotFind(org.jclouds.go2cloud.compute.Go2CloudJohannesburg1TemplateBuilderLiveTest) succeeded: 1ms
Test suite progress: tests succeeded: 90, failed: 0, skipped: 0.
Starting test testTemplateBuilderCannotFind(org.jclouds.go2cloud.compute.Go2CloudJohannesburg1TemplateBuilderLiveTest)
[TestNG] Test testTemplateBuilderCannotFind(org.jclouds.go2cloud.compute.Go2CloudJohannesburg1TemplateBuilderLiveTest) succeeded: 9ms
Test suite progress: tests succeeded: 91, failed: 0, skipped: 0.
Starting test testTemplateBuilderWithImageIdSpecified(org.jclouds.go2cloud.compute.Go2CloudJohannesburg1TemplateBuilderLiveTest)
[TestNG] Test testCreateDrive(org.jclouds.go2cloud.Go2CloudJohannesburg1ClientLiveTest) succeeded: 9303ms
Test suite progress: tests succeeded: 92, failed: 0, skipped: 0.
Starting test testGetDrive(org.jclouds.go2cloud.Go2CloudJohannesburg1ClientLiveTest)
[TestNG] Test testTemplateBuilderWithImageIdSpecified(org.jclouds.go2cloud.compute.Go2CloudJohannesburg1TemplateBuilderLiveTest) succeeded: 9996ms
Test suite progress: tests succeeded: 93, failed: 0, skipped: 0.
Starting test testTemplateBuilderWithLoginUserSpecified(org.jclouds.go2cloud.compute.Go2CloudJohannesburg1TemplateBuilderLiveTest)
[TestNG] Test testGetDrive(org.jclouds.go2cloud.Go2CloudJohannesburg1ClientLiveTest) succeeded: 7480ms
Test suite progress: tests succeeded: 94, failed: 0, skipped: 0.
Starting test testGetServer(org.jclouds.go2cloud.Go2CloudJohannesburg1ClientLiveTest)
[TestNG] Test testGetServer(org.jclouds.go2cloud.Go2CloudJohannesburg1ClientLiveTest) succeeded: 3006ms
Test suite progress: tests succeeded: 95, failed: 0, skipped: 0.
Starting test testListDriveInfo(org.jclouds.go2cloud.Go2CloudJohannesburg1ClientLiveTest)
[TestNG] Test testListDriveInfo(org.jclouds.go2cloud.Go2CloudJohannesburg1ClientLiveTest) succeeded: 737ms
Test suite progress: tests succeeded: 96, failed: 0, skipped: 0.
Starting test testListDrives(org.jclouds.go2cloud.Go2CloudJohannesburg1ClientLiveTest)
[TestNG] Test testListDrives(org.jclouds.go2cloud.Go2CloudJohannesburg1ClientLiveTest) succeeded: 734ms
Test suite progress: tests succeeded: 97, failed: 0, skipped: 0.
Starting test testListServers(org.jclouds.go2cloud.Go2CloudJohannesburg1ClientLiveTest)
[TestNG] Test testListServers(org.jclouds.go2cloud.Go2CloudJohannesburg1ClientLiveTest) succeeded: 734ms
Test suite progress: tests succeeded: 98, failed: 0, skipped: 0.
Starting test testWeCanReadAndWriteToDrive(org.jclouds.go2cloud.Go2CloudJohannesburg1ClientLiveTest)
[TestNG] Test testTemplateBuilderWithLoginUserSpecified(org.jclouds.go2cloud.compute.Go2CloudJohannesburg1TemplateBuilderLiveTest) succeeded: 12237ms
Test suite progress: tests succeeded: 99, failed: 0, skipped: 0.
Starting test testDefaultTemplateBuilder(org.jclouds.go2cloud.compute.Go2CloudJohannesburg1TemplateBuilderLiveTest)
[TestNG] Test testDefaultTemplateBuilder(org.jclouds.go2cloud.compute.Go2CloudJohannesburg1TemplateBuilderLiveTest) succeeded: 3ms
Test suite progress: tests succeeded: 100, failed: 0, skipped: 0.
[TestNG] Test testWeCanReadAndWriteToDrive(org.jclouds.go2cloud.Go2CloudJohannesburg1ClientLiveTest) succeeded: 13565ms
Test suite progress: tests succeeded: 101, failed: 0, skipped: 0.
Starting test testListServerInfo(org.jclouds.go2cloud.Go2CloudJohannesburg1ClientLiveTest)
[TestNG] Test testListServerInfo(org.jclouds.go2cloud.Go2CloudJohannesburg1ClientLiveTest) succeeded: 822ms
Test suite progress: tests succeeded: 102, failed: 0, skipped: 0.
Starting test testSetDriveData(org.jclouds.go2cloud.Go2CloudJohannesburg1ClientLiveTest)
[TestNG] Test testSetDriveData(org.jclouds.go2cloud.Go2CloudJohannesburg1ClientLiveTest) succeeded: 15168ms
Test suite progress: tests succeeded: 103, failed: 0, skipped: 0.
Starting test testWeCopyADriveContentsViaGzip(org.jclouds.go2cloud.Go2CloudJohannesburg1ClientLiveTest)
before image; drive 2[size=4194304, claimType=exclusive, readers=[], uuid=299e4d17-a556-4774-aabf-9791cc957835, name=adriancole.test2, tags=[], userMetadata={}, status=active, user=69a8caa2-02d2-4aec-81d3-90969b1add57, claimed=[], encryptionCipher=aes-xts-plain, imaging=null, metrics=[readBytes=0, readRequests=0, writeBytes=0, writeRequests=0]]
before image; drive 3[size=4194304, claimType=exclusive, readers=[], uuid=921f814a-78a1-4593-843a-9a6a3d93125c, name=adriancole.test3, tags=[], userMetadata={}, status=active, user=69a8caa2-02d2-4aec-81d3-90969b1add57, claimed=[], encryptionCipher=aes-xts-plain, imaging=null, metrics=[readBytes=0, readRequests=0, writeBytes=0, writeRequests=0]]
after image; drive 2[size=4194304, claimType=exclusive, readers=[], uuid=299e4d17-a556-4774-aabf-9791cc957835, name=adriancole.test2, tags=[], userMetadata={}, status=active, user=69a8caa2-02d2-4aec-81d3-90969b1add57, claimed=[], encryptionCipher=aes-xts-plain, imaging=null, metrics=[readBytes=0, readRequests=0, writeBytes=0, writeRequests=0]]
after image; drive 3[size=4194304, claimType=exclusive, readers=[], uuid=921f814a-78a1-4593-843a-9a6a3d93125c, name=adriancole.test3, tags=[], userMetadata={}, status=active, user=69a8caa2-02d2-4aec-81d3-90969b1add57, claimed=[], encryptionCipher=aes-xts-plain, imaging=null, metrics=[readBytes=0, readRequests=0, writeBytes=0, writeRequests=0]]
Mar 8, 2012 10:30:24 AM org.jclouds.compute.BaseComputeServiceLiveTest testCreateAndRunAService
INFO: << available node(f1400460-6de6-4f60-839e-c059aa0c6d87) os([name=Ubuntu 10.10, family=ubuntu, version=10.10, arch=null, is64Bit=true, description=img/Ubuntu 10.10/1]) in 75s
SLF4J: Failed to load class "org.slf4j.impl.StaticLoggerBinder".
SLF4J: Defaulting to no-operation (NOP) logger implementation
SLF4J: See http://www.slf4j.org/codes.html#StaticLoggerBinder for further details.
[TestNG] Test testWeCopyADriveContentsViaGzip(org.jclouds.go2cloud.Go2CloudJohannesburg1ClientLiveTest) succeeded: 34991ms
Test suite progress: tests succeeded: 104, failed: 0, skipped: 0.
Starting test testCreateAndStartServer(org.jclouds.go2cloud.Go2CloudJohannesburg1ClientLiveTest)
Mar 8, 2012 10:30:31 AM org.jclouds.elasticstack.ElasticStackClientLiveTest testCreateAndStartServer
INFO: preparing drive
before prepare[size=1073741824, claimType=shared, readers=[ffffffff-ffff-ffff-ffff-ffffffffffff], uuid=e04a1b81-2eb0-4f44-ba85-eec30b99ca01, name=rediculous, tags=[networking, security, gateway], userMetadata={foo=bar}, status=active, user=69a8caa2-02d2-4aec-81d3-90969b1add57, claimed=[], encryptionCipher=aes-xts-plain, imaging=null, metrics=[readBytes=0, readRequests=0, writeBytes=0, writeRequests=0]]
after prepare[size=1073741824, claimType=shared, readers=[ffffffff-ffff-ffff-ffff-ffffffffffff], uuid=e04a1b81-2eb0-4f44-ba85-eec30b99ca01, name=rediculous, tags=[networking, security, gateway], userMetadata={foo=bar}, status=active, user=69a8caa2-02d2-4aec-81d3-90969b1add57, claimed=[], encryptionCipher=aes-xts-plain, imaging=null, metrics=[readBytes=0, readRequests=0, writeBytes=0, writeRequests=0]]
Mar 8, 2012 10:31:05 AM org.jclouds.elasticstack.ElasticStackClientLiveTest testCreateAndStartServer
INFO: starting server
{"status":"ACTIVE","started":"Jan 16, 1970 1:47:11 AM","user":"69a8caa2-02d2-4aec-81d3-90969b1add57","metrics":{"txPackets":0,"tx":0,"rxPackets":0,"rx":0,"driveMetrics":{"ide:0:0":{"readBytes":0,"readRequests":0,"writeBytes":0,"writeRequests":0}}},"cpu":1000,"smp":1,"mem":512,"persistent":true,"devices":{"ide:0:0":{"bus":0,"unit":0,"driveUuid":"e04a1b81-2eb0-4f44-ba85-eec30b99ca01","mediaType":"DISK"}},"bootDeviceIds":["ide:0:0"],"nics":[{"dhcp":"41.79.111.69","model":"E1000","mac":"02:00:29:4f:6f:45","block":[]}],"vnc":{"ip":"41.79.111.69","password":"Il0veVNC","tls":false},"uuid":"15a075b8-4402-4735-9c6c-fecf90aa7e9f","name":"adriancole.test","tags":[],"userMetadata":{}}
[TestNG] Test testCreateAndStartServer(org.jclouds.go2cloud.Go2CloudJohannesburg1ClientLiveTest) succeeded: 40852ms
Test suite progress: tests succeeded: 105, failed: 0, skipped: 0.
Starting test testConnectivity(org.jclouds.go2cloud.Go2CloudJohannesburg1ClientLiveTest)
Mar 8, 2012 10:31:12 AM org.jclouds.elasticstack.ElasticStackClientLiveTest testConnectivity
INFO: awaiting vnc: [address=41.79.111.69, port=5900]
Mar 8, 2012 10:31:13 AM org.jclouds.elasticstack.ElasticStackClientLiveTest testConnectivity
INFO: awaiting ssh: [address=41.79.111.69, port=22]
Filesystem           1K-blocks      Used Available Use% Mounted on
/dev/sda               1032472    502804    478068  52% /
none                    245636       152    245484   1% /dev
none                    252496         0    252496   0% /dev/shm
none                    252496        40    252456   1% /var/run
none                    252496         0    252496   0% /var/lock

/dev/sda on / type ext3 (rw,noatime)
proc on /proc type proc (rw)
none on /sys type sysfs (rw,noexec,nosuid,nodev)
fusectl on /sys/fs/fuse/connections type fusectl (rw)
none on /sys/kernel/debug type debugfs (rw)
none on /sys/kernel/security type securityfs (rw)
none on /dev type devtmpfs (rw,mode=0755)
none on /dev/pts type devpts (rw,noexec,nosuid,gid=5,mode=0620)
none on /dev/shm type tmpfs (rw,nosuid,nodev)
none on /var/run type tmpfs (rw,nosuid,mode=0755)
none on /var/lock type tmpfs (rw,noexec,nosuid,nodev)
none on /var/lib/ureadahead/debugfs type debugfs (rw,relatime)

Linux ubuntu 2.6.35-27-generic #48-Ubuntu SMP Tue Feb 22 20:25:46 UTC 2011 x86_64 GNU/Linux

[TestNG] Test testConnectivity(org.jclouds.go2cloud.Go2CloudJohannesburg1ClientLiveTest) succeeded: 17947ms
Test suite progress: tests succeeded: 106, failed: 0, skipped: 0.
Starting test testLifeCycle(org.jclouds.go2cloud.Go2CloudJohannesburg1ClientLiveTest)
[TestNG] Test testLifeCycle(org.jclouds.go2cloud.Go2CloudJohannesburg1ClientLiveTest) succeeded: 27032ms
Test suite progress: tests succeeded: 107, failed: 0, skipped: 0.
Starting test testSetServerConfiguration(org.jclouds.go2cloud.Go2CloudJohannesburg1ClientLiveTest)
[TestNG] Test testSetServerConfiguration(org.jclouds.go2cloud.Go2CloudJohannesburg1ClientLiveTest) succeeded: 6135ms
Test suite progress: tests succeeded: 108, failed: 0, skipped: 0.
Starting test testDestroyServer(org.jclouds.go2cloud.Go2CloudJohannesburg1ClientLiveTest)
[TestNG] Test testDestroyServer(org.jclouds.go2cloud.Go2CloudJohannesburg1ClientLiveTest) succeeded: 2119ms
Test suite progress: tests succeeded: 109, failed: 0, skipped: 0.
Starting test testDestroyDrive(org.jclouds.go2cloud.Go2CloudJohannesburg1ClientLiveTest)
[TestNG] Test testDestroyDrive(org.jclouds.go2cloud.Go2CloudJohannesburg1ClientLiveTest) succeeded: 9153ms
Test suite progress: tests succeeded: 110, failed: 0, skipped: 0.
Mar 8, 2012 10:32:17 AM com.google.common.util.concurrent.ExecutionList$RunnableExecutorPair execute
SEVERE: RuntimeException while executing runnable com.google.common.util.concurrent.Futures$ChainingListenableFuture@37debcf3 with executor java.util.concurrent.ThreadPoolExecutor@47122d
java.util.concurrent.RejectedExecutionException
	at java.util.concurrent.ThreadPoolExecutor$AbortPolicy.rejectedExecution(ThreadPoolExecutor.java:1768)
	at java.util.concurrent.ThreadPoolExecutor.reject(ThreadPoolExecutor.java:767)
	at java.util.concurrent.ThreadPoolExecutor.execute(ThreadPoolExecutor.java:658)
	at org.jclouds.concurrent.config.ExecutorServiceModule$DescribingExecutorService.execute(ExecutorServiceModule.java:200)
	at com.google.common.util.concurrent.ExecutionList$RunnableExecutorPair.execute(ExecutionList.java:149)
	at com.google.common.util.concurrent.ExecutionList.execute(ExecutionList.java:134)
	at org.jclouds.concurrent.Futures$CallGetAndRunExecutionList.run(Futures.java:72)
	at java.util.concurrent.ThreadPoolExecutor$Worker.runTask(ThreadPoolExecutor.java:886)
	at java.util.concurrent.ThreadPoolExecutor$Worker.run(ThreadPoolExecutor.java:908)
	at java.lang.Thread.run(Thread.java:680)
[TestNG] Test testCreateAndRunAService(org.jclouds.go2cloud.compute.Go2CloudJohannesburg1ComputeServiceLiveTest) failed.
Test suite progress: tests succeeded: 110, failed: 1, skipped: 0.
Starting test testGetAssignableLocations(org.jclouds.go2cloud.compute.Go2CloudJohannesburg1ComputeServiceLiveTest)
Mar 8, 2012 10:40:57 AM org.jclouds.compute.BaseComputeServiceLiveTest testGetAssignableLocations
WARNING: location [id=go2cloud-jhb1, scope=PROVIDER, description=http://api.jhb1.go2cloud.co.za, parent=null, iso3166Codes=[ZA-GP], metadata={}]
[TestNG] Test testGetAssignableLocations(org.jclouds.go2cloud.compute.Go2CloudJohannesburg1ComputeServiceLiveTest) succeeded: 1ms
Test suite progress: tests succeeded: 111, failed: 1, skipped: 0.
Starting test testImagesCache(org.jclouds.go2cloud.compute.Go2CloudJohannesburg1ComputeServiceLiveTest)
[TestNG] Test testImagesCache(org.jclouds.go2cloud.compute.Go2CloudJohannesburg1ComputeServiceLiveTest) succeeded: 0ms
Test suite progress: tests succeeded: 112, failed: 1, skipped: 0.
Starting test testListImages(org.jclouds.go2cloud.compute.Go2CloudJohannesburg1ComputeServiceLiveTest)
[TestNG] Test testListImages(org.jclouds.go2cloud.compute.Go2CloudJohannesburg1ComputeServiceLiveTest) succeeded: 0ms
Test suite progress: tests succeeded: 113, failed: 1, skipped: 0.
Starting test testListSizes(org.jclouds.go2cloud.compute.Go2CloudJohannesburg1ComputeServiceLiveTest)
[TestNG] Test testListSizes(org.jclouds.go2cloud.compute.Go2CloudJohannesburg1ComputeServiceLiveTest) succeeded: 1ms
Test suite progress: tests succeeded: 114, failed: 1, skipped: 0.
Starting test testOptionToNotBlock(org.jclouds.go2cloud.compute.Go2CloudJohannesburg1ComputeServiceLiveTest)
[TestNG] Test testOptionToNotBlock(org.jclouds.go2cloud.compute.Go2CloudJohannesburg1ComputeServiceLiveTest) succeeded: 0ms
Test suite progress: tests succeeded: 115, failed: 1, skipped: 0.
Starting test testCorrectExceptionRunningNodesNotFound(org.jclouds.go2cloud.compute.Go2CloudJohannesburg1ComputeServiceLiveTest)
[TestNG] Test testCorrectExceptionRunningNodesNotFound(org.jclouds.go2cloud.compute.Go2CloudJohannesburg1ComputeServiceLiveTest) succeeded: 743ms
Test suite progress: tests succeeded: 116, failed: 1, skipped: 0.
Starting test testAScriptExecutionAfterBootWithBasicTemplate(org.jclouds.go2cloud.compute.Go2CloudJohannesburg1ComputeServiceLiveTest)
<< problem applying options to node(36051280-5e7d-42e6-a8ba-52851f684a13): 
org.jclouds.rest.AuthorizationException: (toor:pw[5d907853a9617cfd55fb62eae803595b]@41.79.111.209:22) (toor:pw[5d907853a9617cfd55fb62eae803595b]@41.79.111.209:22) error acquiring SSHClient(timeout=60000) (out of retries - max 5): Exhausted available authentication methods
	at org.jclouds.sshj.SshjSshClient.propagate(SshjSshClient.java:416)
	at org.jclouds.sshj.SshjSshClient.acquire(SshjSshClient.java:238)
	at org.jclouds.sshj.SshjSshClient.connect(SshjSshClient.java:257)
	at org.jclouds.compute.callables.RunScriptOnNodeUsingSsh.call(RunScriptOnNodeUsingSsh.java:80)
	at org.jclouds.compute.strategy.RunScriptOnNodeAndAddToGoodMapOrPutExceptionIntoBadMap.call(RunScriptOnNodeAndAddToGoodMapOrPutExceptionIntoBadMap.java:69)
	at org.jclouds.compute.strategy.RunScriptOnNodeAndAddToGoodMapOrPutExceptionIntoBadMap.call(RunScriptOnNodeAndAddToGoodMapOrPutExceptionIntoBadMap.java:44)
	at java.util.concurrent.FutureTask$Sync.innerRun(FutureTask.java:303)
	at java.util.concurrent.FutureTask.run(FutureTask.java:138)
	at java.util.concurrent.ThreadPoolExecutor$Worker.runTask(ThreadPoolExecutor.java:886)
	at java.util.concurrent.ThreadPoolExecutor$Worker.run(ThreadPoolExecutor.java:908)
	at java.lang.Thread.run(Thread.java:680)
Caused by: net.schmizz.sshj.userauth.UserAuthException: Exhausted available authentication methods
	at net.schmizz.sshj.userauth.UserAuthImpl.authenticate(UserAuthImpl.java:114)
	at net.schmizz.sshj.SSHClient.auth(SSHClient.java:204)
	at net.schmizz.sshj.SSHClient.auth(SSHClient.java:189)
	at net.schmizz.sshj.SSHClient.authPassword(SSHClient.java:265)
	at net.schmizz.sshj.SSHClient.authPassword(SSHClient.java:235)
	at net.schmizz.sshj.SSHClient.authPassword(SSHClient.java:219)
	at org.jclouds.sshj.SshjSshClient$1.create(SshjSshClient.java:203)
	at org.jclouds.sshj.SshjSshClient$1.create(SshjSshClient.java:179)
	at org.jclouds.sshj.SshjSshClient.acquire(SshjSshClient.java:228)
	... 9 more
Caused by: net.schmizz.sshj.userauth.UserAuthException: keyboard-interactive auth not allowed by server
	at net.schmizz.sshj.userauth.UserAuthImpl.authenticate(UserAuthImpl.java:81)
	... 17 more
[TestNG] Test testAScriptExecutionAfterBootWithBasicTemplate(org.jclouds.go2cloud.compute.Go2CloudJohannesburg1ComputeServiceLiveTest) succeeded: 641860ms
Test suite progress: tests succeeded: 117, failed: 1, skipped: 0.
Starting test testCreateTwoNodesWithRunScript(org.jclouds.go2cloud.compute.Go2CloudJohannesburg1ComputeServiceLiveTest)
[TestNG] Test testCreateTwoNodesWithRunScript(org.jclouds.go2cloud.compute.Go2CloudJohannesburg1ComputeServiceLiveTest) succeeded: 266650ms
Test suite progress: tests succeeded: 118, failed: 1, skipped: 0.
Starting test testTemplateMatch(org.jclouds.go2cloud.compute.Go2CloudJohannesburg1ComputeServiceLiveTest)
[TestNG] Test testTemplateMatch(org.jclouds.go2cloud.compute.Go2CloudJohannesburg1ComputeServiceLiveTest) succeeded: 3161ms
Test suite progress: tests succeeded: 119, failed: 1, skipped: 0.
Starting test testCreateAnotherNodeWithANewContextToEnsureSharedMemIsntRequired(org.jclouds.go2cloud.compute.Go2CloudJohannesburg1ComputeServiceLiveTest)
Mar 8, 2012 10:56:10 AM org.jclouds.compute.BaseComputeServiceLiveTest testCreateAnotherNodeWithANewContextToEnsureSharedMemIsntRequired
INFO: creating another node based on existing nodes' location: [id=go2cloud-jhb1, scope=PROVIDER, description=http://api.jhb1.go2cloud.co.za, parent=null, iso3166Codes=[ZA-GP], metadata={}]
[TestNG] Test testCreateAnotherNodeWithANewContextToEnsureSharedMemIsntRequired(org.jclouds.go2cloud.compute.Go2CloudJohannesburg1ComputeServiceLiveTest) failed.
Test suite progress: tests succeeded: 119, failed: 2, skipped: 0.
[TestNG] Test testCredentialsCache(org.jclouds.go2cloud.compute.Go2CloudJohannesburg1ComputeServiceLiveTest) skipped.
Test suite progress: tests succeeded: 119, failed: 2, skipped: 1.
[TestNG] Test testGet(org.jclouds.go2cloud.compute.Go2CloudJohannesburg1ComputeServiceLiveTest) skipped.
Test suite progress: tests succeeded: 119, failed: 2, skipped: 2.
[TestNG] Test testReboot(org.jclouds.go2cloud.compute.Go2CloudJohannesburg1ComputeServiceLiveTest) skipped.
Test suite progress: tests succeeded: 119, failed: 2, skipped: 3.
[TestNG] Test testSuspendResume(org.jclouds.go2cloud.compute.Go2CloudJohannesburg1ComputeServiceLiveTest) skipped.
Test suite progress: tests succeeded: 119, failed: 2, skipped: 4.
[TestNG] Test testGetNodesWithDetails(org.jclouds.go2cloud.compute.Go2CloudJohannesburg1ComputeServiceLiveTest) skipped.
Test suite progress: tests succeeded: 119, failed: 2, skipped: 5.
[TestNG] Test testListNodes(org.jclouds.go2cloud.compute.Go2CloudJohannesburg1ComputeServiceLiveTest) skipped.
Test suite progress: tests succeeded: 119, failed: 2, skipped: 6.
[TestNG] Test testDestroyNodes(org.jclouds.go2cloud.compute.Go2CloudJohannesburg1ComputeServiceLiveTest) skipped.
Test suite progress: tests succeeded: 119, failed: 2, skipped: 7.
Tests run: 128, Failures: 2, Errors: 0, Skipped: 7, Time elapsed: 2,342.9 sec <<< FAILURE!

Results :

Failed tests:   testCreateAndRunAService(org.jclouds.go2cloud.compute.Go2CloudJohannesburg1ComputeServiceLiveTest): org.jclouds.compute.callables.ScriptStillRunningException: time up waiting 600s for BlockUntilInitScriptStatusIsZeroThenReturnOutput{commandRunner=RunScriptOnNodeAsInitScriptUsingSshAndBlockUntilComplete{node=f1400460-6de6-4f60-839e-c059aa0c6d87, name=configure-jboss, runAsRoot=true}} to complete. call get() on this exception to get access to the task in progress
  testCreateAnotherNodeWithANewContextToEnsureSharedMemIsntRequired(org.jclouds.go2cloud.compute.Go2CloudJohannesburg1ComputeServiceLiveTest): error running 1 node group(go2cloud-) location(go2cloud-jhb1) image(14c88d27-1f5e-4ad5-9f3a-28e5d2282f61) size(cpu=1000.000000,ram=512,disk=1.000000) options([inboundPorts=[22], privateKey=false, publicKey=false, runScript=true, blockUntilRunning=true, blockOnComplete=true, port:seconds=-1:-1, userMetadata: {}])

Tests run: 128, Failures: 2, Errors: 0, Skipped: 7

[INFO] ------------------------------------------------------------------------
[INFO] BUILD FAILURE
[INFO] ------------------------------------------------------------------------
[INFO] Total time: 39:26.993s
[INFO] Finished at: Thu Mar 08 11:08:01 PST 2012
[INFO] Final Memory: 21M/265M
[INFO] ------------------------------------------------------------------------
[ERROR] Failed to execute goal org.apache.maven.plugins:maven-surefire-plugin:2.10:test (integration) on project go2cloud-jhb1: There are test failures.
[ERROR] 
[ERROR] Please refer to /Users/adriancole/workspace/git/1.4.x/jclouds/providers/go2cloud-jhb1/target/surefire-reports for the individual test results.
[ERROR] -> [Help 1]
[ERROR] 
[ERROR] To see the full stack trace of the errors, re-run Maven with the -e switch.
[ERROR] Re-run Maven using the -X switch to enable full debug logging.
[ERROR] 
[ERROR] For more information about the errors and possible solutions, please read the following articles:
[ERROR] [Help 1] http://cwiki.apache.org/confluence/display/MAVEN/MojoFailureException
