[INFO] Scanning for projects...
[WARNING] 
[WARNING] Some problems were encountered while building the effective model for org.jclouds.provider:ninefold-compute:bundle:1.4.0-SNAPSHOT
[WARNING] 'parent.relativePath' of POM org.jclouds:jclouds-project:1.4.0-SNAPSHOT (/Users/adriancole/git/1.4.x/jclouds/project/pom.xml) points at org.jclouds:jclouds-multi instead of org.sonatype.oss:oss-parent, please verify your project structure @ org.jclouds:jclouds-project:1.4.0-SNAPSHOT, /Users/adriancole/git/1.4.x/jclouds/project/pom.xml, line 24, column 13
[WARNING] 
[WARNING] It is highly recommended to fix these problems because they threaten the stability of your build.
[WARNING] 
[WARNING] For this reason, future Maven versions might no longer support building such malformed projects.
[WARNING] 
[INFO]                                                                         
[INFO] ------------------------------------------------------------------------
[INFO] Building jclouds Ninefold Compute provider 1.4.0-SNAPSHOT
[INFO] ------------------------------------------------------------------------
[INFO] 
[INFO] --- maven-clean-plugin:2.4.1:clean (default-clean) @ ninefold-compute ---
[INFO] Deleting /Users/adriancole/git/1.4.x/jclouds/providers/ninefold-compute/target
[INFO] 
[INFO] --- maven-enforcer-plugin:1.0.1:enforce (enforce-maven) @ ninefold-compute ---
[INFO] 
[INFO] --- maven-enforcer-plugin:1.0.1:enforce (enforce-banned-dependencies) @ ninefold-compute ---
[INFO] 
[INFO] --- maven-enforcer-plugin:1.0.1:enforce (enforce-java) @ ninefold-compute ---
[INFO] 
[INFO] --- maven-remote-resources-plugin:1.2:process (process-remote-resources) @ ninefold-compute ---
[INFO] Setting property: classpath.resource.loader.class => 'org.codehaus.plexus.velocity.ContextClassLoaderResourceLoader'.
[INFO] Setting property: velocimacro.messages.on => 'false'.
[INFO] Setting property: resource.loader => 'classpath'.
[INFO] Setting property: resource.manager.logwhenfound => 'false'.
[INFO] 
[INFO] --- maven-resources-plugin:2.4.2:resources (default-resources) @ ninefold-compute ---
[INFO] Using 'UTF-8' encoding to copy filtered resources.
[INFO] skip non existing resourceDirectory /Users/adriancole/git/1.4.x/jclouds/providers/ninefold-compute/src/main/clojure
[INFO] Copying 1 resource
[INFO] Copying 2 resources
[INFO] 
[INFO] --- maven-compiler-plugin:2.3:compile (default-compile) @ ninefold-compute ---
[INFO] Compiling 4 source files to /Users/adriancole/git/1.4.x/jclouds/providers/ninefold-compute/target/classes
[INFO] 
[INFO] --- maven-resources-plugin:2.4.2:testResources (default-testResources) @ ninefold-compute ---
[INFO] Using 'UTF-8' encoding to copy filtered resources.
[INFO] skip non existing resourceDirectory /Users/adriancole/git/1.4.x/jclouds/providers/ninefold-compute/src/test/clojure
[INFO] skip non existing resourceDirectory /Users/adriancole/git/1.4.x/jclouds/providers/ninefold-compute/src/test/resources
[INFO] Copying 2 resources
[INFO] 
[INFO] --- maven-compiler-plugin:2.3:testCompile (default-testCompile) @ ninefold-compute ---
[INFO] Compiling 3 source files to /Users/adriancole/git/1.4.x/jclouds/providers/ninefold-compute/target/test-classes
[INFO] 
[INFO] --- maven-surefire-plugin:2.10:test (default-test) @ ninefold-compute ---
[INFO] Surefire report directory: /Users/adriancole/git/1.4.x/jclouds/providers/ninefold-compute/target/surefire-reports
[INFO] Using configured provider org.apache.maven.surefire.testng.TestNGProvider

-------------------------------------------------------
 T E S T S
-------------------------------------------------------
Running org.jclouds.ninefold.compute.NinefoldComputeProviderTest
Starting test testWithId(org.jclouds.ninefold.compute.NinefoldComputeProviderTest)
Starting test testAllContains(org.jclouds.ninefold.compute.NinefoldComputeProviderTest)
Starting test testInRestProperties(org.jclouds.ninefold.compute.NinefoldComputeProviderTest)
Starting test testOfTypeContains(org.jclouds.ninefold.compute.NinefoldComputeProviderTest)
[pool-2-thread-1] Test testAllContains(org.jclouds.ninefold.compute.NinefoldComputeProviderTest) succeeded: 32ms
Test suite progress: tests succeeded: 1, failed: 0, skipped: 0.
[pool-2-thread-3] Test testOfTypeContains(org.jclouds.ninefold.compute.NinefoldComputeProviderTest) succeeded: 34ms
Test suite progress: tests succeeded: 2, failed: 0, skipped: 0.
[pool-2-thread-4] Test testWithId(org.jclouds.ninefold.compute.NinefoldComputeProviderTest) succeeded: 36ms
Test suite progress: tests succeeded: 3, failed: 0, skipped: 0.
[pool-2-thread-2] Test testInRestProperties(org.jclouds.ninefold.compute.NinefoldComputeProviderTest) succeeded: 65ms
Test suite progress: tests succeeded: 4, failed: 0, skipped: 0.
Tests run: 4, Failures: 0, Errors: 0, Skipped: 0, Time elapsed: 0.343 sec

Results :

Tests run: 4, Failures: 0, Errors: 0, Skipped: 0

[INFO] 
[INFO] --- clojure-maven-plugin:1.3.8:test (test-clojure) @ ninefold-compute ---

Testing com.theoryinpractise.clojure.testrunner

Ran 0 tests containing 0 assertions.
0 failures, 0 errors.
[INFO] 
[INFO] --- maven-bundle-plugin:2.3.4:bundle (default-bundle) @ ninefold-compute ---
[INFO] 
[INFO] --- maven-source-plugin:2.1.1:jar-no-fork (attach-sources) @ ninefold-compute ---
[INFO] Building jar: /Users/adriancole/git/1.4.x/jclouds/providers/ninefold-compute/target/ninefold-compute-1.4.0-SNAPSHOT-sources.jar
[INFO] 
[INFO] --- maven-javadoc-plugin:2.8:jar (javadoc) @ ninefold-compute ---
[INFO] Skipping javadoc generation
[INFO] 
[INFO] --- maven-jar-plugin:2.3.1:test-jar (default) @ ninefold-compute ---
[INFO] Building jar: /Users/adriancole/git/1.4.x/jclouds/providers/ninefold-compute/target/ninefold-compute-1.4.0-SNAPSHOT-tests.jar
[INFO] 
[INFO] --- maven-surefire-plugin:2.10:test (integration) @ ninefold-compute ---
[INFO] Surefire report directory: /Users/adriancole/git/1.4.x/jclouds/providers/ninefold-compute/target/surefire-reports
[INFO] Using configured provider org.apache.maven.surefire.testng.TestNGProvider

-------------------------------------------------------
 T E S T S
-------------------------------------------------------
Running TestSuite
Starting test setServiceDefaults(org.jclouds.ninefold.compute.compute.NinefoldComputeServiceLiveTest)
[TestNG] Test setServiceDefaults(org.jclouds.ninefold.compute.compute.NinefoldComputeServiceLiveTest) succeeded: 1ms
Test suite progress: tests succeeded: 1, failed: 0, skipped: 0.
Starting test testCompareSizes(org.jclouds.ninefold.compute.compute.NinefoldComputeServiceLiveTest)
Mar 15, 2012 10:11:37 PM org.jclouds.compute.BaseComputeServiceLiveTest testCompareSizes
INFO: smallest [id=105, providerId=105, name=Compute Micro PRD, processors=[[cores=1.0, speed=1200.0]], ram=384, volumes=[], hypervisor=null, supportsImage=ALWAYS_TRUE, tags=[]]
Mar 15, 2012 10:11:37 PM org.jclouds.compute.BaseComputeServiceLiveTest testCompareSizes
INFO: fastest [id=70, providerId=70, name=Compute XLarge PRD, processors=[[cores=8.0, speed=1200.0]], ram=13928, volumes=[], hypervisor=null, supportsImage=ALWAYS_TRUE, tags=[]]
Mar 15, 2012 10:11:37 PM org.jclouds.compute.BaseComputeServiceLiveTest testCompareSizes
INFO: biggest [id=70, providerId=70, name=Compute XLarge PRD, processors=[[cores=8.0, speed=1200.0]], ram=13928, volumes=[], hypervisor=null, supportsImage=ALWAYS_TRUE, tags=[]]
[TestNG] Test testCompareSizes(org.jclouds.ninefold.compute.compute.NinefoldComputeServiceLiveTest) succeeded: 8326ms
Test suite progress: tests succeeded: 2, failed: 0, skipped: 0.
Starting test testCorrectAuthException(org.jclouds.ninefold.compute.compute.NinefoldComputeServiceLiveTest)
[TestNG] Test testCorrectAuthException(org.jclouds.ninefold.compute.compute.NinefoldComputeServiceLiveTest) succeeded: 7251ms
Test suite progress: tests succeeded: 3, failed: 0, skipped: 0.
Starting test testCreateAndRunAService(org.jclouds.ninefold.compute.compute.NinefoldComputeServiceLiveTest)
[TestNG] Test testCreateAndRunAService(org.jclouds.ninefold.compute.compute.NinefoldComputeServiceLiveTest) failed.
Test suite progress: tests succeeded: 3, failed: 1, skipped: 0.
Starting test testGetAssignableLocations(org.jclouds.ninefold.compute.compute.NinefoldComputeServiceLiveTest)
Mar 15, 2012 10:33:21 PM org.jclouds.compute.BaseComputeServiceLiveTest testGetAssignableLocations
WARNING: location [id=1, scope=ZONE, description=Sydney, parent=ninefold-compute, iso3166Codes=[], metadata={}]
[TestNG] Test testGetAssignableLocations(org.jclouds.ninefold.compute.compute.NinefoldComputeServiceLiveTest) succeeded: 1844ms
Test suite progress: tests succeeded: 4, failed: 1, skipped: 0.
Starting test testImagesCache(org.jclouds.ninefold.compute.compute.NinefoldComputeServiceLiveTest)
[TestNG] Test testImagesCache(org.jclouds.ninefold.compute.compute.NinefoldComputeServiceLiveTest) succeeded: 4033ms
Test suite progress: tests succeeded: 5, failed: 1, skipped: 0.
Starting test testListImages(org.jclouds.ninefold.compute.compute.NinefoldComputeServiceLiveTest)
[TestNG] Test testListImages(org.jclouds.ninefold.compute.compute.NinefoldComputeServiceLiveTest) succeeded: 1ms
Test suite progress: tests succeeded: 6, failed: 1, skipped: 0.
Starting test testListSizes(org.jclouds.ninefold.compute.compute.NinefoldComputeServiceLiveTest)
[TestNG] Test testListSizes(org.jclouds.ninefold.compute.compute.NinefoldComputeServiceLiveTest) succeeded: 857ms
Test suite progress: tests succeeded: 7, failed: 1, skipped: 0.
Starting test testOptionToNotBlock(org.jclouds.ninefold.compute.compute.NinefoldComputeServiceLiveTest)
[TestNG] Test testOptionToNotBlock(org.jclouds.ninefold.compute.compute.NinefoldComputeServiceLiveTest) succeeded: 0ms
Test suite progress: tests succeeded: 8, failed: 1, skipped: 0.
Starting test testAssignability(org.jclouds.ninefold.compute.compute.NinefoldComputeServiceLiveTest)
[TestNG] Test testAssignability(org.jclouds.ninefold.compute.compute.NinefoldComputeServiceLiveTest) succeeded: 565ms
Test suite progress: tests succeeded: 9, failed: 1, skipped: 0.
Starting test testCorrectExceptionRunningNodesNotFound(org.jclouds.ninefold.compute.compute.NinefoldComputeServiceLiveTest)
[TestNG] Test testCorrectExceptionRunningNodesNotFound(org.jclouds.ninefold.compute.compute.NinefoldComputeServiceLiveTest) succeeded: 819ms
Test suite progress: tests succeeded: 10, failed: 1, skipped: 0.
Starting test testAScriptExecutionAfterBootWithBasicTemplate(org.jclouds.ninefold.compute.compute.NinefoldComputeServiceLiveTest)
[TestNG] Test testAScriptExecutionAfterBootWithBasicTemplate(org.jclouds.ninefold.compute.compute.NinefoldComputeServiceLiveTest) failed.
Test suite progress: tests succeeded: 10, failed: 2, skipped: 0.
Starting test testCreateTwoNodesWithRunScript(org.jclouds.ninefold.compute.compute.NinefoldComputeServiceLiveTest)
SLF4J: Failed to load class "org.slf4j.impl.StaticLoggerBinder".
SLF4J: Defaulting to no-operation (NOP) logger implementation
SLF4J: See http://www.slf4j.org/codes.html#StaticLoggerBinder for further details.
[TestNG] Test testCreateTwoNodesWithRunScript(org.jclouds.ninefold.compute.compute.NinefoldComputeServiceLiveTest) failed.
Test suite progress: tests succeeded: 10, failed: 3, skipped: 0.
Starting test testTemplateMatch(org.jclouds.ninefold.compute.compute.NinefoldComputeServiceLiveTest)
[TestNG] Test testTemplateMatch(org.jclouds.ninefold.compute.compute.NinefoldComputeServiceLiveTest) succeeded: 5493ms
Test suite progress: tests succeeded: 11, failed: 3, skipped: 0.
[TestNG] Test testCreateAnotherNodeWithANewContextToEnsureSharedMemIsntRequired(org.jclouds.ninefold.compute.compute.NinefoldComputeServiceLiveTest) skipped.
Test suite progress: tests succeeded: 11, failed: 3, skipped: 1.
[TestNG] Test testCredentialsCache(org.jclouds.ninefold.compute.compute.NinefoldComputeServiceLiveTest) skipped.
Test suite progress: tests succeeded: 11, failed: 3, skipped: 2.
[TestNG] Test testGet(org.jclouds.ninefold.compute.compute.NinefoldComputeServiceLiveTest) skipped.
Test suite progress: tests succeeded: 11, failed: 3, skipped: 3.
[TestNG] Test testReboot(org.jclouds.ninefold.compute.compute.NinefoldComputeServiceLiveTest) skipped.
Test suite progress: tests succeeded: 11, failed: 3, skipped: 4.
[TestNG] Test testSuspendResume(org.jclouds.ninefold.compute.compute.NinefoldComputeServiceLiveTest) skipped.
Test suite progress: tests succeeded: 11, failed: 3, skipped: 5.
[TestNG] Test testGetNodesWithDetails(org.jclouds.ninefold.compute.compute.NinefoldComputeServiceLiveTest) skipped.
Test suite progress: tests succeeded: 11, failed: 3, skipped: 6.
[TestNG] Test testListNodes(org.jclouds.ninefold.compute.compute.NinefoldComputeServiceLiveTest) skipped.
Test suite progress: tests succeeded: 11, failed: 3, skipped: 7.
[TestNG] Test testDestroyNodes(org.jclouds.ninefold.compute.compute.NinefoldComputeServiceLiveTest) skipped.
Test suite progress: tests succeeded: 11, failed: 3, skipped: 8.
Starting test testCompareSizes(org.jclouds.ninefold.compute.compute.NinefoldComputeTemplateBuilderLiveTest)
smallest [id=105, providerId=105, name=Compute Micro PRD, processors=[[cores=1.0, speed=1200.0]], ram=384, volumes=[], hypervisor=null, supportsImage=ALWAYS_TRUE, tags=[]]
fastest [id=70, providerId=70, name=Compute XLarge PRD, processors=[[cores=8.0, speed=1200.0]], ram=13928, volumes=[], hypervisor=null, supportsImage=ALWAYS_TRUE, tags=[]]
biggest [id=70, providerId=70, name=Compute XLarge PRD, processors=[[cores=8.0, speed=1200.0]], ram=13928, volumes=[], hypervisor=null, supportsImage=ALWAYS_TRUE, tags=[]]
[TestNG] Test testCompareSizes(org.jclouds.ninefold.compute.compute.NinefoldComputeTemplateBuilderLiveTest) succeeded: 5979ms
Test suite progress: tests succeeded: 12, failed: 3, skipped: 8.
Starting test testFromTemplate(org.jclouds.ninefold.compute.compute.NinefoldComputeTemplateBuilderLiveTest)
[TestNG] Test testFromTemplate(org.jclouds.ninefold.compute.compute.NinefoldComputeTemplateBuilderLiveTest) succeeded: 2ms
Test suite progress: tests succeeded: 13, failed: 3, skipped: 8.
Starting test testGetAssignableLocations(org.jclouds.ninefold.compute.compute.NinefoldComputeTemplateBuilderLiveTest)
location [id=1, scope=ZONE, description=Sydney, parent=ninefold-compute, iso3166Codes=[], metadata={}]
[TestNG] Test testGetAssignableLocations(org.jclouds.ninefold.compute.compute.NinefoldComputeTemplateBuilderLiveTest) succeeded: 11ms
Test suite progress: tests succeeded: 14, failed: 3, skipped: 8.
Starting test testTemplateBuilderCanFind(org.jclouds.ninefold.compute.compute.NinefoldComputeTemplateBuilderLiveTest)
[TestNG] Test testTemplateBuilderCanFind(org.jclouds.ninefold.compute.compute.NinefoldComputeTemplateBuilderLiveTest) succeeded: 1ms
Test suite progress: tests succeeded: 15, failed: 3, skipped: 8.
Starting test testTemplateBuilderCanFind(org.jclouds.ninefold.compute.compute.NinefoldComputeTemplateBuilderLiveTest)
[TestNG] Test testTemplateBuilderCanFind(org.jclouds.ninefold.compute.compute.NinefoldComputeTemplateBuilderLiveTest) succeeded: 1ms
Test suite progress: tests succeeded: 16, failed: 3, skipped: 8.
Starting test testTemplateBuilderCanFind(org.jclouds.ninefold.compute.compute.NinefoldComputeTemplateBuilderLiveTest)
[TestNG] Test testTemplateBuilderCanFind(org.jclouds.ninefold.compute.compute.NinefoldComputeTemplateBuilderLiveTest) succeeded: 1ms
Test suite progress: tests succeeded: 17, failed: 3, skipped: 8.
Starting test testTemplateBuilderCanFind(org.jclouds.ninefold.compute.compute.NinefoldComputeTemplateBuilderLiveTest)
[TestNG] Test testTemplateBuilderCanFind(org.jclouds.ninefold.compute.compute.NinefoldComputeTemplateBuilderLiveTest) succeeded: 1ms
Test suite progress: tests succeeded: 18, failed: 3, skipped: 8.
Starting test testTemplateBuilderCanFind(org.jclouds.ninefold.compute.compute.NinefoldComputeTemplateBuilderLiveTest)
[TestNG] Test testTemplateBuilderCanFind(org.jclouds.ninefold.compute.compute.NinefoldComputeTemplateBuilderLiveTest) succeeded: 0ms
Test suite progress: tests succeeded: 19, failed: 3, skipped: 8.
Starting test testTemplateBuilderCanFind(org.jclouds.ninefold.compute.compute.NinefoldComputeTemplateBuilderLiveTest)
[TestNG] Test testTemplateBuilderCanFind(org.jclouds.ninefold.compute.compute.NinefoldComputeTemplateBuilderLiveTest) succeeded: 1ms
Test suite progress: tests succeeded: 20, failed: 3, skipped: 8.
Starting test testTemplateBuilderCanFind(org.jclouds.ninefold.compute.compute.NinefoldComputeTemplateBuilderLiveTest)
[TestNG] Test testTemplateBuilderCanFind(org.jclouds.ninefold.compute.compute.NinefoldComputeTemplateBuilderLiveTest) succeeded: 1ms
Test suite progress: tests succeeded: 21, failed: 3, skipped: 8.
Starting test testTemplateBuilderCanFind(org.jclouds.ninefold.compute.compute.NinefoldComputeTemplateBuilderLiveTest)
[TestNG] Test testTemplateBuilderCanFind(org.jclouds.ninefold.compute.compute.NinefoldComputeTemplateBuilderLiveTest) succeeded: 0ms
Test suite progress: tests succeeded: 22, failed: 3, skipped: 8.
Starting test testTemplateBuilderCanFind(org.jclouds.ninefold.compute.compute.NinefoldComputeTemplateBuilderLiveTest)
[TestNG] Test testTemplateBuilderCanFind(org.jclouds.ninefold.compute.compute.NinefoldComputeTemplateBuilderLiveTest) succeeded: 0ms
Test suite progress: tests succeeded: 23, failed: 3, skipped: 8.
Starting test testTemplateBuilderCanFind(org.jclouds.ninefold.compute.compute.NinefoldComputeTemplateBuilderLiveTest)
[TestNG] Test testTemplateBuilderCanFind(org.jclouds.ninefold.compute.compute.NinefoldComputeTemplateBuilderLiveTest) succeeded: 1ms
Test suite progress: tests succeeded: 24, failed: 3, skipped: 8.
Starting test testTemplateBuilderCanFind(org.jclouds.ninefold.compute.compute.NinefoldComputeTemplateBuilderLiveTest)
[TestNG] Test testTemplateBuilderCanFind(org.jclouds.ninefold.compute.compute.NinefoldComputeTemplateBuilderLiveTest) succeeded: 1ms
Test suite progress: tests succeeded: 25, failed: 3, skipped: 8.
Starting test testTemplateBuilderCanUseImageId(org.jclouds.ninefold.compute.compute.NinefoldComputeTemplateBuilderLiveTest)
[TestNG] Test testTemplateBuilderCanUseImageId(org.jclouds.ninefold.compute.compute.NinefoldComputeTemplateBuilderLiveTest) succeeded: 4614ms
Test suite progress: tests succeeded: 26, failed: 3, skipped: 8.
Starting test testTemplateBuilderCannotFind(org.jclouds.ninefold.compute.compute.NinefoldComputeTemplateBuilderLiveTest)
[TestNG] Test testTemplateBuilderCannotFind(org.jclouds.ninefold.compute.compute.NinefoldComputeTemplateBuilderLiveTest) succeeded: 3ms
Test suite progress: tests succeeded: 27, failed: 3, skipped: 8.
Starting test testTemplateBuilderCannotFind(org.jclouds.ninefold.compute.compute.NinefoldComputeTemplateBuilderLiveTest)
[TestNG] Test testTemplateBuilderCannotFind(org.jclouds.ninefold.compute.compute.NinefoldComputeTemplateBuilderLiveTest) succeeded: 0ms
Test suite progress: tests succeeded: 28, failed: 3, skipped: 8.
Starting test testTemplateBuilderCannotFind(org.jclouds.ninefold.compute.compute.NinefoldComputeTemplateBuilderLiveTest)
[TestNG] Test testTemplateBuilderCannotFind(org.jclouds.ninefold.compute.compute.NinefoldComputeTemplateBuilderLiveTest) succeeded: 1ms
Test suite progress: tests succeeded: 29, failed: 3, skipped: 8.
Starting test testTemplateBuilderCannotFind(org.jclouds.ninefold.compute.compute.NinefoldComputeTemplateBuilderLiveTest)
[TestNG] Test testTemplateBuilderCannotFind(org.jclouds.ninefold.compute.compute.NinefoldComputeTemplateBuilderLiveTest) succeeded: 0ms
Test suite progress: tests succeeded: 30, failed: 3, skipped: 8.
Starting test testTemplateBuilderCannotFind(org.jclouds.ninefold.compute.compute.NinefoldComputeTemplateBuilderLiveTest)
[TestNG] Test testTemplateBuilderCannotFind(org.jclouds.ninefold.compute.compute.NinefoldComputeTemplateBuilderLiveTest) succeeded: 1ms
Test suite progress: tests succeeded: 31, failed: 3, skipped: 8.
Starting test testTemplateBuilderCannotFind(org.jclouds.ninefold.compute.compute.NinefoldComputeTemplateBuilderLiveTest)
[TestNG] Test testTemplateBuilderCannotFind(org.jclouds.ninefold.compute.compute.NinefoldComputeTemplateBuilderLiveTest) succeeded: 0ms
Test suite progress: tests succeeded: 32, failed: 3, skipped: 8.
Starting test testTemplateBuilderCannotFind(org.jclouds.ninefold.compute.compute.NinefoldComputeTemplateBuilderLiveTest)
[TestNG] Test testTemplateBuilderCannotFind(org.jclouds.ninefold.compute.compute.NinefoldComputeTemplateBuilderLiveTest) succeeded: 0ms
Test suite progress: tests succeeded: 33, failed: 3, skipped: 8.
Starting test testTemplateBuilderCannotFind(org.jclouds.ninefold.compute.compute.NinefoldComputeTemplateBuilderLiveTest)
[TestNG] Test testTemplateBuilderCannotFind(org.jclouds.ninefold.compute.compute.NinefoldComputeTemplateBuilderLiveTest) succeeded: 0ms
Test suite progress: tests succeeded: 34, failed: 3, skipped: 8.
Starting test testTemplateBuilderCannotFind(org.jclouds.ninefold.compute.compute.NinefoldComputeTemplateBuilderLiveTest)
[TestNG] Test testTemplateBuilderCannotFind(org.jclouds.ninefold.compute.compute.NinefoldComputeTemplateBuilderLiveTest) succeeded: 0ms
Test suite progress: tests succeeded: 35, failed: 3, skipped: 8.
Starting test testTemplateBuilderCannotFind(org.jclouds.ninefold.compute.compute.NinefoldComputeTemplateBuilderLiveTest)
[TestNG] Test testTemplateBuilderCannotFind(org.jclouds.ninefold.compute.compute.NinefoldComputeTemplateBuilderLiveTest) succeeded: 0ms
Test suite progress: tests succeeded: 36, failed: 3, skipped: 8.
Starting test testTemplateBuilderCannotFind(org.jclouds.ninefold.compute.compute.NinefoldComputeTemplateBuilderLiveTest)
[TestNG] Test testTemplateBuilderCannotFind(org.jclouds.ninefold.compute.compute.NinefoldComputeTemplateBuilderLiveTest) succeeded: 0ms
Test suite progress: tests succeeded: 37, failed: 3, skipped: 8.
Starting test testTemplateBuilderCannotFind(org.jclouds.ninefold.compute.compute.NinefoldComputeTemplateBuilderLiveTest)
[TestNG] Test testTemplateBuilderCannotFind(org.jclouds.ninefold.compute.compute.NinefoldComputeTemplateBuilderLiveTest) succeeded: 1ms
Test suite progress: tests succeeded: 38, failed: 3, skipped: 8.
Starting test testTemplateBuilderCannotFind(org.jclouds.ninefold.compute.compute.NinefoldComputeTemplateBuilderLiveTest)
[TestNG] Test testTemplateBuilderCannotFind(org.jclouds.ninefold.compute.compute.NinefoldComputeTemplateBuilderLiveTest) succeeded: 0ms
Test suite progress: tests succeeded: 39, failed: 3, skipped: 8.
Starting test testTemplateBuilderCannotFind(org.jclouds.ninefold.compute.compute.NinefoldComputeTemplateBuilderLiveTest)
[TestNG] Test testTemplateBuilderCannotFind(org.jclouds.ninefold.compute.compute.NinefoldComputeTemplateBuilderLiveTest) succeeded: 1ms
Test suite progress: tests succeeded: 40, failed: 3, skipped: 8.
Starting test testTemplateBuilderCannotFind(org.jclouds.ninefold.compute.compute.NinefoldComputeTemplateBuilderLiveTest)
[TestNG] Test testTemplateBuilderCannotFind(org.jclouds.ninefold.compute.compute.NinefoldComputeTemplateBuilderLiveTest) succeeded: 0ms
Test suite progress: tests succeeded: 41, failed: 3, skipped: 8.
Starting test testTemplateBuilderCannotFind(org.jclouds.ninefold.compute.compute.NinefoldComputeTemplateBuilderLiveTest)
[TestNG] Test testTemplateBuilderCannotFind(org.jclouds.ninefold.compute.compute.NinefoldComputeTemplateBuilderLiveTest) succeeded: 1ms
Test suite progress: tests succeeded: 42, failed: 3, skipped: 8.
Starting test testTemplateBuilderCannotFind(org.jclouds.ninefold.compute.compute.NinefoldComputeTemplateBuilderLiveTest)
[TestNG] Test testTemplateBuilderCannotFind(org.jclouds.ninefold.compute.compute.NinefoldComputeTemplateBuilderLiveTest) succeeded: 0ms
Test suite progress: tests succeeded: 43, failed: 3, skipped: 8.
Starting test testTemplateBuilderCannotFind(org.jclouds.ninefold.compute.compute.NinefoldComputeTemplateBuilderLiveTest)
[TestNG] Test testTemplateBuilderCannotFind(org.jclouds.ninefold.compute.compute.NinefoldComputeTemplateBuilderLiveTest) succeeded: 1ms
Test suite progress: tests succeeded: 44, failed: 3, skipped: 8.
Starting test testTemplateBuilderCannotFind(org.jclouds.ninefold.compute.compute.NinefoldComputeTemplateBuilderLiveTest)
[TestNG] Test testTemplateBuilderCannotFind(org.jclouds.ninefold.compute.compute.NinefoldComputeTemplateBuilderLiveTest) succeeded: 0ms
Test suite progress: tests succeeded: 45, failed: 3, skipped: 8.
Starting test testTemplateBuilderCannotFind(org.jclouds.ninefold.compute.compute.NinefoldComputeTemplateBuilderLiveTest)
[TestNG] Test testTemplateBuilderCannotFind(org.jclouds.ninefold.compute.compute.NinefoldComputeTemplateBuilderLiveTest) succeeded: 1ms
Test suite progress: tests succeeded: 46, failed: 3, skipped: 8.
Starting test testTemplateBuilderCannotFind(org.jclouds.ninefold.compute.compute.NinefoldComputeTemplateBuilderLiveTest)
[TestNG] Test testTemplateBuilderCannotFind(org.jclouds.ninefold.compute.compute.NinefoldComputeTemplateBuilderLiveTest) succeeded: 0ms
Test suite progress: tests succeeded: 47, failed: 3, skipped: 8.
Starting test testTemplateBuilderCannotFind(org.jclouds.ninefold.compute.compute.NinefoldComputeTemplateBuilderLiveTest)
[TestNG] Test testTemplateBuilderCannotFind(org.jclouds.ninefold.compute.compute.NinefoldComputeTemplateBuilderLiveTest) succeeded: 1ms
Test suite progress: tests succeeded: 48, failed: 3, skipped: 8.
Starting test testTemplateBuilderCannotFind(org.jclouds.ninefold.compute.compute.NinefoldComputeTemplateBuilderLiveTest)
[TestNG] Test testTemplateBuilderCannotFind(org.jclouds.ninefold.compute.compute.NinefoldComputeTemplateBuilderLiveTest) succeeded: 0ms
Test suite progress: tests succeeded: 49, failed: 3, skipped: 8.
Starting test testTemplateBuilderCannotFind(org.jclouds.ninefold.compute.compute.NinefoldComputeTemplateBuilderLiveTest)
[TestNG] Test testTemplateBuilderCannotFind(org.jclouds.ninefold.compute.compute.NinefoldComputeTemplateBuilderLiveTest) succeeded: 1ms
Test suite progress: tests succeeded: 50, failed: 3, skipped: 8.
Starting test testTemplateBuilderCannotFind(org.jclouds.ninefold.compute.compute.NinefoldComputeTemplateBuilderLiveTest)
[TestNG] Test testTemplateBuilderCannotFind(org.jclouds.ninefold.compute.compute.NinefoldComputeTemplateBuilderLiveTest) succeeded: 0ms
Test suite progress: tests succeeded: 51, failed: 3, skipped: 8.
Starting test testTemplateBuilderCannotFind(org.jclouds.ninefold.compute.compute.NinefoldComputeTemplateBuilderLiveTest)
[TestNG] Test testTemplateBuilderCannotFind(org.jclouds.ninefold.compute.compute.NinefoldComputeTemplateBuilderLiveTest) succeeded: 1ms
Test suite progress: tests succeeded: 52, failed: 3, skipped: 8.
Starting test testTemplateBuilderCannotFind(org.jclouds.ninefold.compute.compute.NinefoldComputeTemplateBuilderLiveTest)
[TestNG] Test testTemplateBuilderCannotFind(org.jclouds.ninefold.compute.compute.NinefoldComputeTemplateBuilderLiveTest) succeeded: 0ms
Test suite progress: tests succeeded: 53, failed: 3, skipped: 8.
Starting test testTemplateBuilderCannotFind(org.jclouds.ninefold.compute.compute.NinefoldComputeTemplateBuilderLiveTest)
[TestNG] Test testTemplateBuilderCannotFind(org.jclouds.ninefold.compute.compute.NinefoldComputeTemplateBuilderLiveTest) succeeded: 1ms
Test suite progress: tests succeeded: 54, failed: 3, skipped: 8.
Starting test testTemplateBuilderCannotFind(org.jclouds.ninefold.compute.compute.NinefoldComputeTemplateBuilderLiveTest)
[TestNG] Test testTemplateBuilderCannotFind(org.jclouds.ninefold.compute.compute.NinefoldComputeTemplateBuilderLiveTest) succeeded: 0ms
Test suite progress: tests succeeded: 55, failed: 3, skipped: 8.
Starting test testTemplateBuilderCannotFind(org.jclouds.ninefold.compute.compute.NinefoldComputeTemplateBuilderLiveTest)
[TestNG] Test testTemplateBuilderCannotFind(org.jclouds.ninefold.compute.compute.NinefoldComputeTemplateBuilderLiveTest) succeeded: 1ms
Test suite progress: tests succeeded: 56, failed: 3, skipped: 8.
Starting test testTemplateBuilderCannotFind(org.jclouds.ninefold.compute.compute.NinefoldComputeTemplateBuilderLiveTest)
[TestNG] Test testTemplateBuilderCannotFind(org.jclouds.ninefold.compute.compute.NinefoldComputeTemplateBuilderLiveTest) succeeded: 0ms
Test suite progress: tests succeeded: 57, failed: 3, skipped: 8.
Starting test testTemplateBuilderCannotFind(org.jclouds.ninefold.compute.compute.NinefoldComputeTemplateBuilderLiveTest)
[TestNG] Test testTemplateBuilderCannotFind(org.jclouds.ninefold.compute.compute.NinefoldComputeTemplateBuilderLiveTest) succeeded: 1ms
Test suite progress: tests succeeded: 58, failed: 3, skipped: 8.
Starting test testTemplateBuilderCannotFind(org.jclouds.ninefold.compute.compute.NinefoldComputeTemplateBuilderLiveTest)
[TestNG] Test testTemplateBuilderCannotFind(org.jclouds.ninefold.compute.compute.NinefoldComputeTemplateBuilderLiveTest) succeeded: 0ms
Test suite progress: tests succeeded: 59, failed: 3, skipped: 8.
Starting test testTemplateBuilderCannotFind(org.jclouds.ninefold.compute.compute.NinefoldComputeTemplateBuilderLiveTest)
[TestNG] Test testTemplateBuilderCannotFind(org.jclouds.ninefold.compute.compute.NinefoldComputeTemplateBuilderLiveTest) succeeded: 31ms
Test suite progress: tests succeeded: 60, failed: 3, skipped: 8.
Starting test testTemplateBuilderCannotFind(org.jclouds.ninefold.compute.compute.NinefoldComputeTemplateBuilderLiveTest)
[TestNG] Test testTemplateBuilderCannotFind(org.jclouds.ninefold.compute.compute.NinefoldComputeTemplateBuilderLiveTest) succeeded: 0ms
Test suite progress: tests succeeded: 61, failed: 3, skipped: 8.
Starting test testTemplateBuilderCannotFind(org.jclouds.ninefold.compute.compute.NinefoldComputeTemplateBuilderLiveTest)
[TestNG] Test testTemplateBuilderCannotFind(org.jclouds.ninefold.compute.compute.NinefoldComputeTemplateBuilderLiveTest) succeeded: 1ms
Test suite progress: tests succeeded: 62, failed: 3, skipped: 8.
Starting test testTemplateBuilderCannotFind(org.jclouds.ninefold.compute.compute.NinefoldComputeTemplateBuilderLiveTest)
[TestNG] Test testTemplateBuilderCannotFind(org.jclouds.ninefold.compute.compute.NinefoldComputeTemplateBuilderLiveTest) succeeded: 0ms
Test suite progress: tests succeeded: 63, failed: 3, skipped: 8.
Starting test testTemplateBuilderCannotFind(org.jclouds.ninefold.compute.compute.NinefoldComputeTemplateBuilderLiveTest)
[TestNG] Test testTemplateBuilderCannotFind(org.jclouds.ninefold.compute.compute.NinefoldComputeTemplateBuilderLiveTest) succeeded: 1ms
Test suite progress: tests succeeded: 64, failed: 3, skipped: 8.
Starting test testTemplateBuilderCannotFind(org.jclouds.ninefold.compute.compute.NinefoldComputeTemplateBuilderLiveTest)
[TestNG] Test testTemplateBuilderCannotFind(org.jclouds.ninefold.compute.compute.NinefoldComputeTemplateBuilderLiveTest) succeeded: 0ms
Test suite progress: tests succeeded: 65, failed: 3, skipped: 8.
Starting test testTemplateBuilderCannotFind(org.jclouds.ninefold.compute.compute.NinefoldComputeTemplateBuilderLiveTest)
[TestNG] Test testTemplateBuilderCannotFind(org.jclouds.ninefold.compute.compute.NinefoldComputeTemplateBuilderLiveTest) succeeded: 1ms
Test suite progress: tests succeeded: 66, failed: 3, skipped: 8.
Starting test testTemplateBuilderCannotFind(org.jclouds.ninefold.compute.compute.NinefoldComputeTemplateBuilderLiveTest)
[TestNG] Test testTemplateBuilderCannotFind(org.jclouds.ninefold.compute.compute.NinefoldComputeTemplateBuilderLiveTest) succeeded: 0ms
Test suite progress: tests succeeded: 67, failed: 3, skipped: 8.
Starting test testTemplateBuilderCannotFind(org.jclouds.ninefold.compute.compute.NinefoldComputeTemplateBuilderLiveTest)
[TestNG] Test testTemplateBuilderCannotFind(org.jclouds.ninefold.compute.compute.NinefoldComputeTemplateBuilderLiveTest) succeeded: 1ms
Test suite progress: tests succeeded: 68, failed: 3, skipped: 8.
Starting test testTemplateBuilderCannotFind(org.jclouds.ninefold.compute.compute.NinefoldComputeTemplateBuilderLiveTest)
[TestNG] Test testTemplateBuilderCannotFind(org.jclouds.ninefold.compute.compute.NinefoldComputeTemplateBuilderLiveTest) succeeded: 0ms
Test suite progress: tests succeeded: 69, failed: 3, skipped: 8.
Starting test testTemplateBuilderCannotFind(org.jclouds.ninefold.compute.compute.NinefoldComputeTemplateBuilderLiveTest)
[TestNG] Test testTemplateBuilderCannotFind(org.jclouds.ninefold.compute.compute.NinefoldComputeTemplateBuilderLiveTest) succeeded: 0ms
Test suite progress: tests succeeded: 70, failed: 3, skipped: 8.
Starting test testTemplateBuilderCannotFind(org.jclouds.ninefold.compute.compute.NinefoldComputeTemplateBuilderLiveTest)
[TestNG] Test testTemplateBuilderCannotFind(org.jclouds.ninefold.compute.compute.NinefoldComputeTemplateBuilderLiveTest) succeeded: 0ms
Test suite progress: tests succeeded: 71, failed: 3, skipped: 8.
Starting test testTemplateBuilderCannotFind(org.jclouds.ninefold.compute.compute.NinefoldComputeTemplateBuilderLiveTest)
[TestNG] Test testTemplateBuilderCannotFind(org.jclouds.ninefold.compute.compute.NinefoldComputeTemplateBuilderLiveTest) succeeded: 0ms
Test suite progress: tests succeeded: 72, failed: 3, skipped: 8.
Starting test testTemplateBuilderCannotFind(org.jclouds.ninefold.compute.compute.NinefoldComputeTemplateBuilderLiveTest)
[TestNG] Test testTemplateBuilderCannotFind(org.jclouds.ninefold.compute.compute.NinefoldComputeTemplateBuilderLiveTest) succeeded: 1ms
Test suite progress: tests succeeded: 73, failed: 3, skipped: 8.
Starting test testTemplateBuilderCannotFind(org.jclouds.ninefold.compute.compute.NinefoldComputeTemplateBuilderLiveTest)
[TestNG] Test testTemplateBuilderCannotFind(org.jclouds.ninefold.compute.compute.NinefoldComputeTemplateBuilderLiveTest) succeeded: 0ms
Test suite progress: tests succeeded: 74, failed: 3, skipped: 8.
Starting test testTemplateBuilderCannotFind(org.jclouds.ninefold.compute.compute.NinefoldComputeTemplateBuilderLiveTest)
[TestNG] Test testTemplateBuilderCannotFind(org.jclouds.ninefold.compute.compute.NinefoldComputeTemplateBuilderLiveTest) succeeded: 1ms
Test suite progress: tests succeeded: 75, failed: 3, skipped: 8.
Starting test testTemplateBuilderCannotFind(org.jclouds.ninefold.compute.compute.NinefoldComputeTemplateBuilderLiveTest)
[TestNG] Test testTemplateBuilderCannotFind(org.jclouds.ninefold.compute.compute.NinefoldComputeTemplateBuilderLiveTest) succeeded: 0ms
Test suite progress: tests succeeded: 76, failed: 3, skipped: 8.
Starting test testTemplateBuilderCannotFind(org.jclouds.ninefold.compute.compute.NinefoldComputeTemplateBuilderLiveTest)
[TestNG] Test testTemplateBuilderCannotFind(org.jclouds.ninefold.compute.compute.NinefoldComputeTemplateBuilderLiveTest) succeeded: 1ms
Test suite progress: tests succeeded: 77, failed: 3, skipped: 8.
Starting test testTemplateBuilderCannotFind(org.jclouds.ninefold.compute.compute.NinefoldComputeTemplateBuilderLiveTest)
[TestNG] Test testTemplateBuilderCannotFind(org.jclouds.ninefold.compute.compute.NinefoldComputeTemplateBuilderLiveTest) succeeded: 0ms
Test suite progress: tests succeeded: 78, failed: 3, skipped: 8.
Starting test testTemplateBuilderCannotFind(org.jclouds.ninefold.compute.compute.NinefoldComputeTemplateBuilderLiveTest)
[TestNG] Test testTemplateBuilderCannotFind(org.jclouds.ninefold.compute.compute.NinefoldComputeTemplateBuilderLiveTest) succeeded: 0ms
Test suite progress: tests succeeded: 79, failed: 3, skipped: 8.
Starting test testTemplateBuilderCannotFind(org.jclouds.ninefold.compute.compute.NinefoldComputeTemplateBuilderLiveTest)
[TestNG] Test testTemplateBuilderCannotFind(org.jclouds.ninefold.compute.compute.NinefoldComputeTemplateBuilderLiveTest) succeeded: 0ms
Test suite progress: tests succeeded: 80, failed: 3, skipped: 8.
Starting test testTemplateBuilderCannotFind(org.jclouds.ninefold.compute.compute.NinefoldComputeTemplateBuilderLiveTest)
[TestNG] Test testTemplateBuilderCannotFind(org.jclouds.ninefold.compute.compute.NinefoldComputeTemplateBuilderLiveTest) succeeded: 0ms
Test suite progress: tests succeeded: 81, failed: 3, skipped: 8.
Starting test testTemplateBuilderCannotFind(org.jclouds.ninefold.compute.compute.NinefoldComputeTemplateBuilderLiveTest)
[TestNG] Test testTemplateBuilderCannotFind(org.jclouds.ninefold.compute.compute.NinefoldComputeTemplateBuilderLiveTest) succeeded: 0ms
Test suite progress: tests succeeded: 82, failed: 3, skipped: 8.
Starting test testTemplateBuilderCannotFind(org.jclouds.ninefold.compute.compute.NinefoldComputeTemplateBuilderLiveTest)
[TestNG] Test testTemplateBuilderCannotFind(org.jclouds.ninefold.compute.compute.NinefoldComputeTemplateBuilderLiveTest) succeeded: 0ms
Test suite progress: tests succeeded: 83, failed: 3, skipped: 8.
Starting test testTemplateBuilderCannotFind(org.jclouds.ninefold.compute.compute.NinefoldComputeTemplateBuilderLiveTest)
[TestNG] Test testTemplateBuilderCannotFind(org.jclouds.ninefold.compute.compute.NinefoldComputeTemplateBuilderLiveTest) succeeded: 1ms
Test suite progress: tests succeeded: 84, failed: 3, skipped: 8.
Starting test testTemplateBuilderCannotFind(org.jclouds.ninefold.compute.compute.NinefoldComputeTemplateBuilderLiveTest)
[TestNG] Test testTemplateBuilderCannotFind(org.jclouds.ninefold.compute.compute.NinefoldComputeTemplateBuilderLiveTest) succeeded: 0ms
Test suite progress: tests succeeded: 85, failed: 3, skipped: 8.
Starting test testTemplateBuilderCannotFind(org.jclouds.ninefold.compute.compute.NinefoldComputeTemplateBuilderLiveTest)
[TestNG] Test testTemplateBuilderCannotFind(org.jclouds.ninefold.compute.compute.NinefoldComputeTemplateBuilderLiveTest) succeeded: 1ms
Test suite progress: tests succeeded: 86, failed: 3, skipped: 8.
Starting test testTemplateBuilderCannotFind(org.jclouds.ninefold.compute.compute.NinefoldComputeTemplateBuilderLiveTest)
[TestNG] Test testTemplateBuilderCannotFind(org.jclouds.ninefold.compute.compute.NinefoldComputeTemplateBuilderLiveTest) succeeded: 0ms
Test suite progress: tests succeeded: 87, failed: 3, skipped: 8.
Starting test testTemplateBuilderCannotFind(org.jclouds.ninefold.compute.compute.NinefoldComputeTemplateBuilderLiveTest)
[TestNG] Test testTemplateBuilderCannotFind(org.jclouds.ninefold.compute.compute.NinefoldComputeTemplateBuilderLiveTest) succeeded: 0ms
Test suite progress: tests succeeded: 88, failed: 3, skipped: 8.
Starting test testTemplateBuilderCannotFind(org.jclouds.ninefold.compute.compute.NinefoldComputeTemplateBuilderLiveTest)
[TestNG] Test testTemplateBuilderCannotFind(org.jclouds.ninefold.compute.compute.NinefoldComputeTemplateBuilderLiveTest) succeeded: 0ms
Test suite progress: tests succeeded: 89, failed: 3, skipped: 8.
Starting test testTemplateBuilderCannotFind(org.jclouds.ninefold.compute.compute.NinefoldComputeTemplateBuilderLiveTest)
[TestNG] Test testTemplateBuilderCannotFind(org.jclouds.ninefold.compute.compute.NinefoldComputeTemplateBuilderLiveTest) succeeded: 0ms
Test suite progress: tests succeeded: 90, failed: 3, skipped: 8.
Starting test testTemplateBuilderCannotFind(org.jclouds.ninefold.compute.compute.NinefoldComputeTemplateBuilderLiveTest)
[TestNG] Test testTemplateBuilderCannotFind(org.jclouds.ninefold.compute.compute.NinefoldComputeTemplateBuilderLiveTest) succeeded: 1ms
Test suite progress: tests succeeded: 91, failed: 3, skipped: 8.
Starting test testTemplateBuilderCannotFind(org.jclouds.ninefold.compute.compute.NinefoldComputeTemplateBuilderLiveTest)
[TestNG] Test testTemplateBuilderCannotFind(org.jclouds.ninefold.compute.compute.NinefoldComputeTemplateBuilderLiveTest) succeeded: 0ms
Test suite progress: tests succeeded: 92, failed: 3, skipped: 8.
Starting test testTemplateBuilderCannotFind(org.jclouds.ninefold.compute.compute.NinefoldComputeTemplateBuilderLiveTest)
[TestNG] Test testTemplateBuilderCannotFind(org.jclouds.ninefold.compute.compute.NinefoldComputeTemplateBuilderLiveTest) succeeded: 1ms
Test suite progress: tests succeeded: 93, failed: 3, skipped: 8.
Starting test testTemplateBuilderCannotFind(org.jclouds.ninefold.compute.compute.NinefoldComputeTemplateBuilderLiveTest)
[TestNG] Test testTemplateBuilderCannotFind(org.jclouds.ninefold.compute.compute.NinefoldComputeTemplateBuilderLiveTest) succeeded: 0ms
Test suite progress: tests succeeded: 94, failed: 3, skipped: 8.
Starting test testTemplateBuilderCannotFind(org.jclouds.ninefold.compute.compute.NinefoldComputeTemplateBuilderLiveTest)
[TestNG] Test testTemplateBuilderCannotFind(org.jclouds.ninefold.compute.compute.NinefoldComputeTemplateBuilderLiveTest) succeeded: 1ms
Test suite progress: tests succeeded: 95, failed: 3, skipped: 8.
Starting test testTemplateBuilderCannotFind(org.jclouds.ninefold.compute.compute.NinefoldComputeTemplateBuilderLiveTest)
[TestNG] Test testTemplateBuilderCannotFind(org.jclouds.ninefold.compute.compute.NinefoldComputeTemplateBuilderLiveTest) succeeded: 0ms
Test suite progress: tests succeeded: 96, failed: 3, skipped: 8.
Starting test testTemplateBuilderCannotFind(org.jclouds.ninefold.compute.compute.NinefoldComputeTemplateBuilderLiveTest)
[TestNG] Test testTemplateBuilderCannotFind(org.jclouds.ninefold.compute.compute.NinefoldComputeTemplateBuilderLiveTest) succeeded: 1ms
Test suite progress: tests succeeded: 97, failed: 3, skipped: 8.
Starting test testTemplateBuilderCannotFind(org.jclouds.ninefold.compute.compute.NinefoldComputeTemplateBuilderLiveTest)
[TestNG] Test testTemplateBuilderCannotFind(org.jclouds.ninefold.compute.compute.NinefoldComputeTemplateBuilderLiveTest) succeeded: 0ms
Test suite progress: tests succeeded: 98, failed: 3, skipped: 8.
Starting test testTemplateBuilderCannotFind(org.jclouds.ninefold.compute.compute.NinefoldComputeTemplateBuilderLiveTest)
[TestNG] Test testTemplateBuilderCannotFind(org.jclouds.ninefold.compute.compute.NinefoldComputeTemplateBuilderLiveTest) succeeded: 1ms
Test suite progress: tests succeeded: 99, failed: 3, skipped: 8.
Starting test testTemplateBuilderWithImageIdSpecified(org.jclouds.ninefold.compute.compute.NinefoldComputeTemplateBuilderLiveTest)
[TestNG] Test testTemplateBuilderWithImageIdSpecified(org.jclouds.ninefold.compute.compute.NinefoldComputeTemplateBuilderLiveTest) succeeded: 8885ms
Test suite progress: tests succeeded: 100, failed: 3, skipped: 8.
Starting test testTemplateBuilderWithLoginUserSpecified(org.jclouds.ninefold.compute.compute.NinefoldComputeTemplateBuilderLiveTest)
[TestNG] Test testTemplateBuilderWithLoginUserSpecified(org.jclouds.ninefold.compute.compute.NinefoldComputeTemplateBuilderLiveTest) succeeded: 11243ms
Test suite progress: tests succeeded: 101, failed: 3, skipped: 8.
Starting test testDefaultTemplateBuilder(org.jclouds.ninefold.compute.compute.NinefoldComputeTemplateBuilderLiveTest)
[TestNG] Test testDefaultTemplateBuilder(org.jclouds.ninefold.compute.compute.NinefoldComputeTemplateBuilderLiveTest) succeeded: 1ms
Test suite progress: tests succeeded: 102, failed: 3, skipped: 8.
Tests run: 113, Failures: 3, Errors: 0, Skipped: 8, Time elapsed: 2,815.314 sec <<< FAILURE!

Results :

Failed tests:   testCreateAndRunAService(org.jclouds.ninefold.compute.compute.NinefoldComputeServiceLiveTest): error running 1 node group(ninefold-computes) location(1) image(1215) size(105) options([inboundPorts=[22, 8080], privateKey=false, publicKey=false, runScript=false, blockUntilRunning=true, blockOnComplete=true, port:seconds=22:300, userMetadata: {Name=ninefold-computes}])
  testAScriptExecutionAfterBootWithBasicTemplate(org.jclouds.ninefold.compute.compute.NinefoldComputeServiceLiveTest): error running 1 node group(ninefold-computer) location(1) image(1215) size(105) options([inboundPorts=[22], privateKey=false, publicKey=false, runScript=false, blockUntilRunning=true, blockOnComplete=true, port:seconds=22:120, userMetadata: {}])
  testCreateTwoNodesWithRunScript(org.jclouds.ninefold.compute.compute.NinefoldComputeServiceLiveTest): error running 2 nodes group(ninefold-compute) location(1) image(1215) size(105) options([inboundPorts=[22], privateKey=false, publicKey=false, runScript=true, blockUntilRunning=true, blockOnComplete=true, port:seconds=-1:-1, userMetadata: {}])

Tests run: 113, Failures: 3, Errors: 0, Skipped: 8

[INFO] ------------------------------------------------------------------------
[INFO] BUILD FAILURE
[INFO] ------------------------------------------------------------------------
[INFO] Total time: 47:11.894s
[INFO] Finished at: Thu Mar 15 22:58:27 PDT 2012
[INFO] Final Memory: 21M/125M
[INFO] ------------------------------------------------------------------------
[ERROR] Failed to execute goal org.apache.maven.plugins:maven-surefire-plugin:2.10:test (integration) on project ninefold-compute: There are test failures.
[ERROR] 
[ERROR] Please refer to /Users/adriancole/git/1.4.x/jclouds/providers/ninefold-compute/target/surefire-reports for the individual test results.
[ERROR] -> [Help 1]
[ERROR] 
[ERROR] To see the full stack trace of the errors, re-run Maven with the -e switch.
[ERROR] Re-run Maven using the -X switch to enable full debug logging.
[ERROR] 
[ERROR] For more information about the errors and possible solutions, please read the following articles:
[ERROR] [Help 1] http://cwiki.apache.org/confluence/display/MAVEN/MojoFailureException
