[INFO] Scanning for projects...
[WARNING] 
[WARNING] Some problems were encountered while building the effective model for org.jclouds.provider:skalicloud-sdg-my:bundle:1.4.0-SNAPSHOT
[WARNING] 'parent.relativePath' of POM org.jclouds:jclouds-project:1.4.0-SNAPSHOT (/Users/adriancole/workspace/git/1.4.x/jclouds/project/pom.xml) points at org.jclouds:jclouds-multi instead of org.sonatype.oss:oss-parent, please verify your project structure @ org.jclouds:jclouds-project:1.4.0-SNAPSHOT, /Users/adriancole/workspace/git/1.4.x/jclouds/project/pom.xml, line 24, column 13
[WARNING] 
[WARNING] It is highly recommended to fix these problems because they threaten the stability of your build.
[WARNING] 
[WARNING] For this reason, future Maven versions might no longer support building such malformed projects.
[WARNING] 
[INFO]                                                                         
[INFO] ------------------------------------------------------------------------
[INFO] Building jclouds SkaliCloud Malaysia provider 1.4.0-SNAPSHOT
[INFO] ------------------------------------------------------------------------
[INFO] 
[INFO] --- maven-clean-plugin:2.4.1:clean (default-clean) @ skalicloud-sdg-my ---
[INFO] Deleting /Users/adriancole/workspace/git/1.4.x/jclouds/providers/skalicloud-sdg-my/target
[INFO] 
[INFO] --- maven-enforcer-plugin:1.0.1:enforce (enforce-maven) @ skalicloud-sdg-my ---
[INFO] 
[INFO] --- maven-enforcer-plugin:1.0.1:enforce (enforce-banned-dependencies) @ skalicloud-sdg-my ---
[INFO] 
[INFO] --- maven-enforcer-plugin:1.0.1:enforce (enforce-java) @ skalicloud-sdg-my ---
[INFO] 
[INFO] --- maven-remote-resources-plugin:1.2:process (process-remote-resources) @ skalicloud-sdg-my ---
[INFO] Setting property: classpath.resource.loader.class => 'org.codehaus.plexus.velocity.ContextClassLoaderResourceLoader'.
[INFO] Setting property: velocimacro.messages.on => 'false'.
[INFO] Setting property: resource.loader => 'classpath'.
[INFO] Setting property: resource.manager.logwhenfound => 'false'.
[INFO] 
[INFO] --- maven-resources-plugin:2.4.2:resources (default-resources) @ skalicloud-sdg-my ---
[INFO] Using 'UTF-8' encoding to copy filtered resources.
[INFO] skip non existing resourceDirectory /Users/adriancole/workspace/git/1.4.x/jclouds/providers/skalicloud-sdg-my/src/main/clojure
[INFO] Copying 2 resources
[INFO] Copying 2 resources
[INFO] 
[INFO] --- maven-compiler-plugin:2.3:compile (default-compile) @ skalicloud-sdg-my ---
[INFO] Compiling 4 source files to /Users/adriancole/workspace/git/1.4.x/jclouds/providers/skalicloud-sdg-my/target/classes
[INFO] 
[INFO] --- maven-resources-plugin:2.4.2:testResources (default-testResources) @ skalicloud-sdg-my ---
[INFO] Using 'UTF-8' encoding to copy filtered resources.
[INFO] skip non existing resourceDirectory /Users/adriancole/workspace/git/1.4.x/jclouds/providers/skalicloud-sdg-my/src/test/clojure
[INFO] skip non existing resourceDirectory /Users/adriancole/workspace/git/1.4.x/jclouds/providers/skalicloud-sdg-my/src/test/resources
[INFO] Copying 2 resources
[INFO] 
[INFO] --- maven-compiler-plugin:2.3:testCompile (default-testCompile) @ skalicloud-sdg-my ---
[INFO] Compiling 4 source files to /Users/adriancole/workspace/git/1.4.x/jclouds/providers/skalicloud-sdg-my/target/test-classes
[INFO] 
[INFO] --- maven-surefire-plugin:2.10:test (default-test) @ skalicloud-sdg-my ---
[INFO] Surefire report directory: /Users/adriancole/workspace/git/1.4.x/jclouds/providers/skalicloud-sdg-my/target/surefire-reports
[INFO] Using configured provider org.apache.maven.surefire.testng.TestNGProvider

-------------------------------------------------------
 T E S T S
-------------------------------------------------------
Running org.jclouds.skalicloud.SkaliCloudMalaysiaProviderTest
Starting test testOfTypeContains(org.jclouds.skalicloud.SkaliCloudMalaysiaProviderTest)
Starting test testAllContains(org.jclouds.skalicloud.SkaliCloudMalaysiaProviderTest)
Starting test testInRestProperties(org.jclouds.skalicloud.SkaliCloudMalaysiaProviderTest)
Starting test testWithId(org.jclouds.skalicloud.SkaliCloudMalaysiaProviderTest)
[pool-2-thread-1] Test testAllContains(org.jclouds.skalicloud.SkaliCloudMalaysiaProviderTest) succeeded: 45ms
Test suite progress: tests succeeded: 1, failed: 0, skipped: 0.
[pool-2-thread-3] Test testOfTypeContains(org.jclouds.skalicloud.SkaliCloudMalaysiaProviderTest) succeeded: 51ms
Test suite progress: tests succeeded: 2, failed: 0, skipped: 0.
[pool-2-thread-4] Test testWithId(org.jclouds.skalicloud.SkaliCloudMalaysiaProviderTest) succeeded: 48ms
Test suite progress: tests succeeded: 3, failed: 0, skipped: 0.
[pool-2-thread-2] Test testInRestProperties(org.jclouds.skalicloud.SkaliCloudMalaysiaProviderTest) succeeded: 114ms
Test suite progress: tests succeeded: 4, failed: 0, skipped: 0.
Tests run: 4, Failures: 0, Errors: 0, Skipped: 0, Time elapsed: 0.588 sec

Results :

Tests run: 4, Failures: 0, Errors: 0, Skipped: 0

[INFO] 
[INFO] --- clojure-maven-plugin:1.3.8:test (test-clojure) @ skalicloud-sdg-my ---

Testing com.theoryinpractise.clojure.testrunner

Ran 0 tests containing 0 assertions.
0 failures, 0 errors.
[INFO] 
[INFO] --- maven-bundle-plugin:2.3.4:bundle (default-bundle) @ skalicloud-sdg-my ---
[INFO] 
[INFO] --- maven-source-plugin:2.1.1:jar-no-fork (attach-sources) @ skalicloud-sdg-my ---
[INFO] Building jar: /Users/adriancole/workspace/git/1.4.x/jclouds/providers/skalicloud-sdg-my/target/skalicloud-sdg-my-1.4.0-SNAPSHOT-sources.jar
[INFO] 
[INFO] --- maven-javadoc-plugin:2.8:jar (javadoc) @ skalicloud-sdg-my ---
[INFO] Skipping javadoc generation
[INFO] 
[INFO] --- maven-jar-plugin:2.3.1:test-jar (default) @ skalicloud-sdg-my ---
[INFO] Building jar: /Users/adriancole/workspace/git/1.4.x/jclouds/providers/skalicloud-sdg-my/target/skalicloud-sdg-my-1.4.0-SNAPSHOT-tests.jar
[INFO] 
[INFO] --- maven-surefire-plugin:2.10:test (integration) @ skalicloud-sdg-my ---
[INFO] Surefire report directory: /Users/adriancole/workspace/git/1.4.x/jclouds/providers/skalicloud-sdg-my/target/surefire-reports
[INFO] Using configured provider org.apache.maven.surefire.testng.TestNGProvider

-------------------------------------------------------
 T E S T S
-------------------------------------------------------
Running TestSuite
Starting test testCompareSizes(org.jclouds.skalicloud.compute.SkaliCloudMalaysiaTemplateBuilderLiveTest)
Starting test setServiceDefaults(org.jclouds.skalicloud.compute.SkaliCloudMalaysiaComputeServiceLiveTest)
[TestNG] Test setServiceDefaults(org.jclouds.skalicloud.compute.SkaliCloudMalaysiaComputeServiceLiveTest) succeeded: 0ms
Test suite progress: tests succeeded: 1, failed: 0, skipped: 0.
Starting test testCompareSizes(org.jclouds.skalicloud.compute.SkaliCloudMalaysiaComputeServiceLiveTest)
[TestNG] Test testCompareSizes(org.jclouds.skalicloud.compute.SkaliCloudMalaysiaComputeServiceLiveTest) failed.
Test suite progress: tests succeeded: 1, failed: 1, skipped: 0.
Starting test testCorrectAuthException(org.jclouds.skalicloud.compute.SkaliCloudMalaysiaComputeServiceLiveTest)
[TestNG] Test testCompareSizes(org.jclouds.skalicloud.compute.SkaliCloudMalaysiaTemplateBuilderLiveTest) failed.
Test suite progress: tests succeeded: 1, failed: 2, skipped: 0.
Starting test testFromTemplate(org.jclouds.skalicloud.compute.SkaliCloudMalaysiaTemplateBuilderLiveTest)
[TestNG] Test testFromTemplate(org.jclouds.skalicloud.compute.SkaliCloudMalaysiaTemplateBuilderLiveTest) failed.
Test suite progress: tests succeeded: 1, failed: 3, skipped: 0.
Starting test testGetAssignableLocations(org.jclouds.skalicloud.compute.SkaliCloudMalaysiaTemplateBuilderLiveTest)
location [id=skalicloud-sdg-my, scope=PROVIDER, description=https://api.sdg-my.skalicloud.com, parent=null, iso3166Codes=[MY-10], metadata={}]
[TestNG] Test testGetAssignableLocations(org.jclouds.skalicloud.compute.SkaliCloudMalaysiaTemplateBuilderLiveTest) succeeded: 13ms
Test suite progress: tests succeeded: 2, failed: 3, skipped: 0.
Starting test testCreateDrive(org.jclouds.skalicloud.SkaliCloudMalaysiaClientLiveTest)
[TestNG] Test testCreateDrive(org.jclouds.skalicloud.SkaliCloudMalaysiaClientLiveTest) skipped.
Test suite progress: tests succeeded: 2, failed: 3, skipped: 1.
Starting test testGetDrive(org.jclouds.skalicloud.SkaliCloudMalaysiaClientLiveTest)
[TestNG] Test testGetDrive(org.jclouds.skalicloud.SkaliCloudMalaysiaClientLiveTest) skipped.
Test suite progress: tests succeeded: 2, failed: 3, skipped: 2.
Starting test testGetServer(org.jclouds.skalicloud.SkaliCloudMalaysiaClientLiveTest)
[TestNG] Test testGetServer(org.jclouds.skalicloud.SkaliCloudMalaysiaClientLiveTest) skipped.
Test suite progress: tests succeeded: 2, failed: 3, skipped: 3.
Starting test testListDriveInfo(org.jclouds.skalicloud.SkaliCloudMalaysiaClientLiveTest)
[TestNG] Test testListDriveInfo(org.jclouds.skalicloud.SkaliCloudMalaysiaClientLiveTest) skipped.
Test suite progress: tests succeeded: 2, failed: 3, skipped: 4.
Starting test testListDrives(org.jclouds.skalicloud.SkaliCloudMalaysiaClientLiveTest)
[TestNG] Test testListDrives(org.jclouds.skalicloud.SkaliCloudMalaysiaClientLiveTest) skipped.
Test suite progress: tests succeeded: 2, failed: 3, skipped: 5.
Starting test testListServers(org.jclouds.skalicloud.SkaliCloudMalaysiaClientLiveTest)
[TestNG] Test testListServers(org.jclouds.skalicloud.SkaliCloudMalaysiaClientLiveTest) skipped.
Test suite progress: tests succeeded: 2, failed: 3, skipped: 6.
Starting test testWeCanReadAndWriteToDrive(org.jclouds.skalicloud.SkaliCloudMalaysiaClientLiveTest)
[TestNG] Test testWeCanReadAndWriteToDrive(org.jclouds.skalicloud.SkaliCloudMalaysiaClientLiveTest) skipped.
Test suite progress: tests succeeded: 2, failed: 3, skipped: 7.
Starting test testListServerInfo(org.jclouds.skalicloud.SkaliCloudMalaysiaClientLiveTest)
[TestNG] Test testListServerInfo(org.jclouds.skalicloud.SkaliCloudMalaysiaClientLiveTest) skipped.
Test suite progress: tests succeeded: 2, failed: 3, skipped: 8.
[TestNG] Test testSetDriveData(org.jclouds.skalicloud.SkaliCloudMalaysiaClientLiveTest) skipped.
Test suite progress: tests succeeded: 2, failed: 3, skipped: 9.
[TestNG] Test testWeCopyADriveContentsViaGzip(org.jclouds.skalicloud.SkaliCloudMalaysiaClientLiveTest) skipped.
Test suite progress: tests succeeded: 2, failed: 3, skipped: 10.
[TestNG] Test testCreateAndStartServer(org.jclouds.skalicloud.SkaliCloudMalaysiaClientLiveTest) skipped.
Test suite progress: tests succeeded: 2, failed: 3, skipped: 11.
[TestNG] Test testConnectivity(org.jclouds.skalicloud.SkaliCloudMalaysiaClientLiveTest) skipped.
Test suite progress: tests succeeded: 2, failed: 3, skipped: 12.
[TestNG] Test testLifeCycle(org.jclouds.skalicloud.SkaliCloudMalaysiaClientLiveTest) skipped.
Test suite progress: tests succeeded: 2, failed: 3, skipped: 13.
[TestNG] Test testSetServerConfiguration(org.jclouds.skalicloud.SkaliCloudMalaysiaClientLiveTest) skipped.
Test suite progress: tests succeeded: 2, failed: 3, skipped: 14.
[TestNG] Test testDestroyServer(org.jclouds.skalicloud.SkaliCloudMalaysiaClientLiveTest) skipped.
Test suite progress: tests succeeded: 2, failed: 3, skipped: 15.
[TestNG] Test testDestroyDrive(org.jclouds.skalicloud.SkaliCloudMalaysiaClientLiveTest) skipped.
Test suite progress: tests succeeded: 2, failed: 3, skipped: 16.
Starting test testTemplateBuilderCanFind(org.jclouds.skalicloud.compute.SkaliCloudMalaysiaTemplateBuilderLiveTest)
[TestNG] Test testTemplateBuilderCanFind(org.jclouds.skalicloud.compute.SkaliCloudMalaysiaTemplateBuilderLiveTest) failed.
Test suite progress: tests succeeded: 2, failed: 4, skipped: 16.
Starting test testTemplateBuilderCanFind(org.jclouds.skalicloud.compute.SkaliCloudMalaysiaTemplateBuilderLiveTest)
[TestNG] Test testTemplateBuilderCanFind(org.jclouds.skalicloud.compute.SkaliCloudMalaysiaTemplateBuilderLiveTest) failed.
Test suite progress: tests succeeded: 2, failed: 5, skipped: 16.
Starting test testTemplateBuilderCanFind(org.jclouds.skalicloud.compute.SkaliCloudMalaysiaTemplateBuilderLiveTest)
[TestNG] Test testTemplateBuilderCanFind(org.jclouds.skalicloud.compute.SkaliCloudMalaysiaTemplateBuilderLiveTest) failed.
Test suite progress: tests succeeded: 2, failed: 6, skipped: 16.
Starting test testTemplateBuilderCanFind(org.jclouds.skalicloud.compute.SkaliCloudMalaysiaTemplateBuilderLiveTest)
[TestNG] Test testTemplateBuilderCanFind(org.jclouds.skalicloud.compute.SkaliCloudMalaysiaTemplateBuilderLiveTest) failed.
Test suite progress: tests succeeded: 2, failed: 7, skipped: 16.
Starting test testTemplateBuilderCanFind(org.jclouds.skalicloud.compute.SkaliCloudMalaysiaTemplateBuilderLiveTest)
[TestNG] Test testTemplateBuilderCanFind(org.jclouds.skalicloud.compute.SkaliCloudMalaysiaTemplateBuilderLiveTest) failed.
Test suite progress: tests succeeded: 2, failed: 8, skipped: 16.
Starting test testTemplateBuilderCanFind(org.jclouds.skalicloud.compute.SkaliCloudMalaysiaTemplateBuilderLiveTest)
[TestNG] Test testTemplateBuilderCanFind(org.jclouds.skalicloud.compute.SkaliCloudMalaysiaTemplateBuilderLiveTest) failed.
Test suite progress: tests succeeded: 2, failed: 9, skipped: 16.
Starting test testTemplateBuilderCanFind(org.jclouds.skalicloud.compute.SkaliCloudMalaysiaTemplateBuilderLiveTest)
[TestNG] Test testTemplateBuilderCanFind(org.jclouds.skalicloud.compute.SkaliCloudMalaysiaTemplateBuilderLiveTest) failed.
Test suite progress: tests succeeded: 2, failed: 10, skipped: 16.
Starting test testTemplateBuilderCanFind(org.jclouds.skalicloud.compute.SkaliCloudMalaysiaTemplateBuilderLiveTest)
[TestNG] Test testTemplateBuilderCanFind(org.jclouds.skalicloud.compute.SkaliCloudMalaysiaTemplateBuilderLiveTest) failed.
Test suite progress: tests succeeded: 2, failed: 11, skipped: 16.
Starting test testTemplateBuilderCanFind(org.jclouds.skalicloud.compute.SkaliCloudMalaysiaTemplateBuilderLiveTest)
[TestNG] Test testTemplateBuilderCanFind(org.jclouds.skalicloud.compute.SkaliCloudMalaysiaTemplateBuilderLiveTest) failed.
Test suite progress: tests succeeded: 2, failed: 12, skipped: 16.
Starting test testTemplateBuilderCanFind(org.jclouds.skalicloud.compute.SkaliCloudMalaysiaTemplateBuilderLiveTest)
[TestNG] Test testTemplateBuilderCanFind(org.jclouds.skalicloud.compute.SkaliCloudMalaysiaTemplateBuilderLiveTest) failed.
Test suite progress: tests succeeded: 2, failed: 13, skipped: 16.
Starting test testTemplateBuilderCanFind(org.jclouds.skalicloud.compute.SkaliCloudMalaysiaTemplateBuilderLiveTest)
[TestNG] Test testTemplateBuilderCanFind(org.jclouds.skalicloud.compute.SkaliCloudMalaysiaTemplateBuilderLiveTest) failed.
Test suite progress: tests succeeded: 2, failed: 14, skipped: 16.
Starting test testTemplateBuilderCanFind(org.jclouds.skalicloud.compute.SkaliCloudMalaysiaTemplateBuilderLiveTest)
[TestNG] Test testTemplateBuilderCanFind(org.jclouds.skalicloud.compute.SkaliCloudMalaysiaTemplateBuilderLiveTest) failed.
Test suite progress: tests succeeded: 2, failed: 15, skipped: 16.
Starting test testTemplateBuilderCanFind(org.jclouds.skalicloud.compute.SkaliCloudMalaysiaTemplateBuilderLiveTest)
[TestNG] Test testTemplateBuilderCanFind(org.jclouds.skalicloud.compute.SkaliCloudMalaysiaTemplateBuilderLiveTest) failed.
Test suite progress: tests succeeded: 2, failed: 16, skipped: 16.
Starting test testTemplateBuilderCanFind(org.jclouds.skalicloud.compute.SkaliCloudMalaysiaTemplateBuilderLiveTest)
[TestNG] Test testTemplateBuilderCanFind(org.jclouds.skalicloud.compute.SkaliCloudMalaysiaTemplateBuilderLiveTest) failed.
Test suite progress: tests succeeded: 2, failed: 17, skipped: 16.
Starting test testTemplateBuilderCanFind(org.jclouds.skalicloud.compute.SkaliCloudMalaysiaTemplateBuilderLiveTest)
[TestNG] Test testTemplateBuilderCanFind(org.jclouds.skalicloud.compute.SkaliCloudMalaysiaTemplateBuilderLiveTest) failed.
Test suite progress: tests succeeded: 2, failed: 18, skipped: 16.
Starting test testTemplateBuilderCanFind(org.jclouds.skalicloud.compute.SkaliCloudMalaysiaTemplateBuilderLiveTest)
[TestNG] Test testTemplateBuilderCanFind(org.jclouds.skalicloud.compute.SkaliCloudMalaysiaTemplateBuilderLiveTest) failed.
Test suite progress: tests succeeded: 2, failed: 19, skipped: 16.
Starting test testTemplateBuilderCanFind(org.jclouds.skalicloud.compute.SkaliCloudMalaysiaTemplateBuilderLiveTest)
[TestNG] Test testTemplateBuilderCanFind(org.jclouds.skalicloud.compute.SkaliCloudMalaysiaTemplateBuilderLiveTest) failed.
Test suite progress: tests succeeded: 2, failed: 20, skipped: 16.
Starting test testTemplateBuilderCanFind(org.jclouds.skalicloud.compute.SkaliCloudMalaysiaTemplateBuilderLiveTest)
[TestNG] Test testTemplateBuilderCanFind(org.jclouds.skalicloud.compute.SkaliCloudMalaysiaTemplateBuilderLiveTest) failed.
Test suite progress: tests succeeded: 2, failed: 21, skipped: 16.
Starting test testTemplateBuilderCanFind(org.jclouds.skalicloud.compute.SkaliCloudMalaysiaTemplateBuilderLiveTest)
[TestNG] Test testTemplateBuilderCanFind(org.jclouds.skalicloud.compute.SkaliCloudMalaysiaTemplateBuilderLiveTest) failed.
Test suite progress: tests succeeded: 2, failed: 22, skipped: 16.
Starting test testTemplateBuilderCanUseImageId(org.jclouds.skalicloud.compute.SkaliCloudMalaysiaTemplateBuilderLiveTest)
[TestNG] Test testTemplateBuilderCanUseImageId(org.jclouds.skalicloud.compute.SkaliCloudMalaysiaTemplateBuilderLiveTest) failed.
Test suite progress: tests succeeded: 2, failed: 23, skipped: 16.
Starting test testTemplateBuilderCannotFind(org.jclouds.skalicloud.compute.SkaliCloudMalaysiaTemplateBuilderLiveTest)
[TestNG] Test testTemplateBuilderCannotFind(org.jclouds.skalicloud.compute.SkaliCloudMalaysiaTemplateBuilderLiveTest) succeeded: 0ms
Test suite progress: tests succeeded: 3, failed: 23, skipped: 16.
Starting test testTemplateBuilderCannotFind(org.jclouds.skalicloud.compute.SkaliCloudMalaysiaTemplateBuilderLiveTest)
[TestNG] Test testTemplateBuilderCannotFind(org.jclouds.skalicloud.compute.SkaliCloudMalaysiaTemplateBuilderLiveTest) succeeded: 1ms
Test suite progress: tests succeeded: 4, failed: 23, skipped: 16.
Starting test testTemplateBuilderCannotFind(org.jclouds.skalicloud.compute.SkaliCloudMalaysiaTemplateBuilderLiveTest)
[TestNG] Test testTemplateBuilderCannotFind(org.jclouds.skalicloud.compute.SkaliCloudMalaysiaTemplateBuilderLiveTest) succeeded: 0ms
Test suite progress: tests succeeded: 5, failed: 23, skipped: 16.
Starting test testTemplateBuilderCannotFind(org.jclouds.skalicloud.compute.SkaliCloudMalaysiaTemplateBuilderLiveTest)
[TestNG] Test testTemplateBuilderCannotFind(org.jclouds.skalicloud.compute.SkaliCloudMalaysiaTemplateBuilderLiveTest) succeeded: 0ms
Test suite progress: tests succeeded: 6, failed: 23, skipped: 16.
Starting test testTemplateBuilderCannotFind(org.jclouds.skalicloud.compute.SkaliCloudMalaysiaTemplateBuilderLiveTest)
[TestNG] Test testTemplateBuilderCannotFind(org.jclouds.skalicloud.compute.SkaliCloudMalaysiaTemplateBuilderLiveTest) succeeded: 1ms
Test suite progress: tests succeeded: 7, failed: 23, skipped: 16.
Starting test testTemplateBuilderCannotFind(org.jclouds.skalicloud.compute.SkaliCloudMalaysiaTemplateBuilderLiveTest)
[TestNG] Test testTemplateBuilderCannotFind(org.jclouds.skalicloud.compute.SkaliCloudMalaysiaTemplateBuilderLiveTest) succeeded: 0ms
Test suite progress: tests succeeded: 8, failed: 23, skipped: 16.
Starting test testTemplateBuilderCannotFind(org.jclouds.skalicloud.compute.SkaliCloudMalaysiaTemplateBuilderLiveTest)
[TestNG] Test testTemplateBuilderCannotFind(org.jclouds.skalicloud.compute.SkaliCloudMalaysiaTemplateBuilderLiveTest) succeeded: 1ms
Test suite progress: tests succeeded: 9, failed: 23, skipped: 16.
Starting test testTemplateBuilderCannotFind(org.jclouds.skalicloud.compute.SkaliCloudMalaysiaTemplateBuilderLiveTest)
[TestNG] Test testTemplateBuilderCannotFind(org.jclouds.skalicloud.compute.SkaliCloudMalaysiaTemplateBuilderLiveTest) succeeded: 0ms
Test suite progress: tests succeeded: 10, failed: 23, skipped: 16.
Starting test testTemplateBuilderCannotFind(org.jclouds.skalicloud.compute.SkaliCloudMalaysiaTemplateBuilderLiveTest)
[TestNG] Test testTemplateBuilderCannotFind(org.jclouds.skalicloud.compute.SkaliCloudMalaysiaTemplateBuilderLiveTest) succeeded: 0ms
Test suite progress: tests succeeded: 11, failed: 23, skipped: 16.
Starting test testTemplateBuilderCannotFind(org.jclouds.skalicloud.compute.SkaliCloudMalaysiaTemplateBuilderLiveTest)
[TestNG] Test testTemplateBuilderCannotFind(org.jclouds.skalicloud.compute.SkaliCloudMalaysiaTemplateBuilderLiveTest) succeeded: 1ms
Test suite progress: tests succeeded: 12, failed: 23, skipped: 16.
Starting test testTemplateBuilderCannotFind(org.jclouds.skalicloud.compute.SkaliCloudMalaysiaTemplateBuilderLiveTest)
[TestNG] Test testTemplateBuilderCannotFind(org.jclouds.skalicloud.compute.SkaliCloudMalaysiaTemplateBuilderLiveTest) succeeded: 1ms
Test suite progress: tests succeeded: 13, failed: 23, skipped: 16.
Starting test testTemplateBuilderCannotFind(org.jclouds.skalicloud.compute.SkaliCloudMalaysiaTemplateBuilderLiveTest)
[TestNG] Test testTemplateBuilderCannotFind(org.jclouds.skalicloud.compute.SkaliCloudMalaysiaTemplateBuilderLiveTest) succeeded: 0ms
Test suite progress: tests succeeded: 14, failed: 23, skipped: 16.
Starting test testTemplateBuilderCannotFind(org.jclouds.skalicloud.compute.SkaliCloudMalaysiaTemplateBuilderLiveTest)
[TestNG] Test testTemplateBuilderCannotFind(org.jclouds.skalicloud.compute.SkaliCloudMalaysiaTemplateBuilderLiveTest) succeeded: 1ms
Test suite progress: tests succeeded: 15, failed: 23, skipped: 16.
Starting test testTemplateBuilderCannotFind(org.jclouds.skalicloud.compute.SkaliCloudMalaysiaTemplateBuilderLiveTest)
[TestNG] Test testTemplateBuilderCannotFind(org.jclouds.skalicloud.compute.SkaliCloudMalaysiaTemplateBuilderLiveTest) succeeded: 1ms
Test suite progress: tests succeeded: 16, failed: 23, skipped: 16.
Starting test testTemplateBuilderCannotFind(org.jclouds.skalicloud.compute.SkaliCloudMalaysiaTemplateBuilderLiveTest)
[TestNG] Test testTemplateBuilderCannotFind(org.jclouds.skalicloud.compute.SkaliCloudMalaysiaTemplateBuilderLiveTest) succeeded: 0ms
Test suite progress: tests succeeded: 17, failed: 23, skipped: 16.
Starting test testTemplateBuilderCannotFind(org.jclouds.skalicloud.compute.SkaliCloudMalaysiaTemplateBuilderLiveTest)
[TestNG] Test testTemplateBuilderCannotFind(org.jclouds.skalicloud.compute.SkaliCloudMalaysiaTemplateBuilderLiveTest) succeeded: 1ms
Test suite progress: tests succeeded: 18, failed: 23, skipped: 16.
Starting test testTemplateBuilderCannotFind(org.jclouds.skalicloud.compute.SkaliCloudMalaysiaTemplateBuilderLiveTest)
[TestNG] Test testTemplateBuilderCannotFind(org.jclouds.skalicloud.compute.SkaliCloudMalaysiaTemplateBuilderLiveTest) succeeded: 1ms
Test suite progress: tests succeeded: 19, failed: 23, skipped: 16.
Starting test testTemplateBuilderCannotFind(org.jclouds.skalicloud.compute.SkaliCloudMalaysiaTemplateBuilderLiveTest)
[TestNG] Test testTemplateBuilderCannotFind(org.jclouds.skalicloud.compute.SkaliCloudMalaysiaTemplateBuilderLiveTest) succeeded: 0ms
Test suite progress: tests succeeded: 20, failed: 23, skipped: 16.
Starting test testTemplateBuilderCannotFind(org.jclouds.skalicloud.compute.SkaliCloudMalaysiaTemplateBuilderLiveTest)
[TestNG] Test testTemplateBuilderCannotFind(org.jclouds.skalicloud.compute.SkaliCloudMalaysiaTemplateBuilderLiveTest) succeeded: 1ms
Test suite progress: tests succeeded: 21, failed: 23, skipped: 16.
Starting test testTemplateBuilderCannotFind(org.jclouds.skalicloud.compute.SkaliCloudMalaysiaTemplateBuilderLiveTest)
[TestNG] Test testTemplateBuilderCannotFind(org.jclouds.skalicloud.compute.SkaliCloudMalaysiaTemplateBuilderLiveTest) succeeded: 0ms
Test suite progress: tests succeeded: 22, failed: 23, skipped: 16.
Starting test testTemplateBuilderCannotFind(org.jclouds.skalicloud.compute.SkaliCloudMalaysiaTemplateBuilderLiveTest)
[TestNG] Test testTemplateBuilderCannotFind(org.jclouds.skalicloud.compute.SkaliCloudMalaysiaTemplateBuilderLiveTest) succeeded: 0ms
Test suite progress: tests succeeded: 23, failed: 23, skipped: 16.
Starting test testTemplateBuilderCannotFind(org.jclouds.skalicloud.compute.SkaliCloudMalaysiaTemplateBuilderLiveTest)
[TestNG] Test testTemplateBuilderCannotFind(org.jclouds.skalicloud.compute.SkaliCloudMalaysiaTemplateBuilderLiveTest) succeeded: 0ms
Test suite progress: tests succeeded: 24, failed: 23, skipped: 16.
Starting test testTemplateBuilderCannotFind(org.jclouds.skalicloud.compute.SkaliCloudMalaysiaTemplateBuilderLiveTest)
[TestNG] Test testTemplateBuilderCannotFind(org.jclouds.skalicloud.compute.SkaliCloudMalaysiaTemplateBuilderLiveTest) succeeded: 0ms
Test suite progress: tests succeeded: 25, failed: 23, skipped: 16.
Starting test testTemplateBuilderCannotFind(org.jclouds.skalicloud.compute.SkaliCloudMalaysiaTemplateBuilderLiveTest)
[TestNG] Test testTemplateBuilderCannotFind(org.jclouds.skalicloud.compute.SkaliCloudMalaysiaTemplateBuilderLiveTest) succeeded: 1ms
Test suite progress: tests succeeded: 26, failed: 23, skipped: 16.
Starting test testTemplateBuilderCannotFind(org.jclouds.skalicloud.compute.SkaliCloudMalaysiaTemplateBuilderLiveTest)
[TestNG] Test testTemplateBuilderCannotFind(org.jclouds.skalicloud.compute.SkaliCloudMalaysiaTemplateBuilderLiveTest) succeeded: 0ms
Test suite progress: tests succeeded: 27, failed: 23, skipped: 16.
Starting test testTemplateBuilderCannotFind(org.jclouds.skalicloud.compute.SkaliCloudMalaysiaTemplateBuilderLiveTest)
[TestNG] Test testTemplateBuilderCannotFind(org.jclouds.skalicloud.compute.SkaliCloudMalaysiaTemplateBuilderLiveTest) succeeded: 1ms
Test suite progress: tests succeeded: 28, failed: 23, skipped: 16.
Starting test testTemplateBuilderCannotFind(org.jclouds.skalicloud.compute.SkaliCloudMalaysiaTemplateBuilderLiveTest)
[TestNG] Test testTemplateBuilderCannotFind(org.jclouds.skalicloud.compute.SkaliCloudMalaysiaTemplateBuilderLiveTest) succeeded: 2ms
Test suite progress: tests succeeded: 29, failed: 23, skipped: 16.
Starting test testTemplateBuilderCannotFind(org.jclouds.skalicloud.compute.SkaliCloudMalaysiaTemplateBuilderLiveTest)
[TestNG] Test testTemplateBuilderCannotFind(org.jclouds.skalicloud.compute.SkaliCloudMalaysiaTemplateBuilderLiveTest) succeeded: 1ms
Test suite progress: tests succeeded: 30, failed: 23, skipped: 16.
Starting test testTemplateBuilderCannotFind(org.jclouds.skalicloud.compute.SkaliCloudMalaysiaTemplateBuilderLiveTest)
[TestNG] Test testTemplateBuilderCannotFind(org.jclouds.skalicloud.compute.SkaliCloudMalaysiaTemplateBuilderLiveTest) succeeded: 0ms
Test suite progress: tests succeeded: 31, failed: 23, skipped: 16.
Starting test testTemplateBuilderCannotFind(org.jclouds.skalicloud.compute.SkaliCloudMalaysiaTemplateBuilderLiveTest)
[TestNG] Test testTemplateBuilderCannotFind(org.jclouds.skalicloud.compute.SkaliCloudMalaysiaTemplateBuilderLiveTest) succeeded: 0ms
Test suite progress: tests succeeded: 32, failed: 23, skipped: 16.
Starting test testTemplateBuilderCannotFind(org.jclouds.skalicloud.compute.SkaliCloudMalaysiaTemplateBuilderLiveTest)
[TestNG] Test testTemplateBuilderCannotFind(org.jclouds.skalicloud.compute.SkaliCloudMalaysiaTemplateBuilderLiveTest) succeeded: 1ms
Test suite progress: tests succeeded: 33, failed: 23, skipped: 16.
Starting test testTemplateBuilderCannotFind(org.jclouds.skalicloud.compute.SkaliCloudMalaysiaTemplateBuilderLiveTest)
[TestNG] Test testTemplateBuilderCannotFind(org.jclouds.skalicloud.compute.SkaliCloudMalaysiaTemplateBuilderLiveTest) succeeded: 0ms
Test suite progress: tests succeeded: 34, failed: 23, skipped: 16.
Starting test testTemplateBuilderCannotFind(org.jclouds.skalicloud.compute.SkaliCloudMalaysiaTemplateBuilderLiveTest)
[TestNG] Test testTemplateBuilderCannotFind(org.jclouds.skalicloud.compute.SkaliCloudMalaysiaTemplateBuilderLiveTest) succeeded: 0ms
Test suite progress: tests succeeded: 35, failed: 23, skipped: 16.
Starting test testTemplateBuilderCannotFind(org.jclouds.skalicloud.compute.SkaliCloudMalaysiaTemplateBuilderLiveTest)
[TestNG] Test testTemplateBuilderCannotFind(org.jclouds.skalicloud.compute.SkaliCloudMalaysiaTemplateBuilderLiveTest) succeeded: 1ms
Test suite progress: tests succeeded: 36, failed: 23, skipped: 16.
Starting test testTemplateBuilderCannotFind(org.jclouds.skalicloud.compute.SkaliCloudMalaysiaTemplateBuilderLiveTest)
[TestNG] Test testTemplateBuilderCannotFind(org.jclouds.skalicloud.compute.SkaliCloudMalaysiaTemplateBuilderLiveTest) succeeded: 3ms
Test suite progress: tests succeeded: 37, failed: 23, skipped: 16.
Starting test testTemplateBuilderCannotFind(org.jclouds.skalicloud.compute.SkaliCloudMalaysiaTemplateBuilderLiveTest)
[TestNG] Test testTemplateBuilderCannotFind(org.jclouds.skalicloud.compute.SkaliCloudMalaysiaTemplateBuilderLiveTest) succeeded: 1ms
Test suite progress: tests succeeded: 38, failed: 23, skipped: 16.
Starting test testTemplateBuilderCannotFind(org.jclouds.skalicloud.compute.SkaliCloudMalaysiaTemplateBuilderLiveTest)
[TestNG] Test testTemplateBuilderCannotFind(org.jclouds.skalicloud.compute.SkaliCloudMalaysiaTemplateBuilderLiveTest) succeeded: 0ms
Test suite progress: tests succeeded: 39, failed: 23, skipped: 16.
Starting test testTemplateBuilderCannotFind(org.jclouds.skalicloud.compute.SkaliCloudMalaysiaTemplateBuilderLiveTest)
[TestNG] Test testTemplateBuilderCannotFind(org.jclouds.skalicloud.compute.SkaliCloudMalaysiaTemplateBuilderLiveTest) succeeded: 8ms
Test suite progress: tests succeeded: 40, failed: 23, skipped: 16.
Starting test testTemplateBuilderCannotFind(org.jclouds.skalicloud.compute.SkaliCloudMalaysiaTemplateBuilderLiveTest)
[TestNG] Test testTemplateBuilderCannotFind(org.jclouds.skalicloud.compute.SkaliCloudMalaysiaTemplateBuilderLiveTest) succeeded: 2ms
Test suite progress: tests succeeded: 41, failed: 23, skipped: 16.
Starting test testTemplateBuilderCannotFind(org.jclouds.skalicloud.compute.SkaliCloudMalaysiaTemplateBuilderLiveTest)
[TestNG] Test testTemplateBuilderCannotFind(org.jclouds.skalicloud.compute.SkaliCloudMalaysiaTemplateBuilderLiveTest) succeeded: 1ms
Test suite progress: tests succeeded: 42, failed: 23, skipped: 16.
Starting test testTemplateBuilderCannotFind(org.jclouds.skalicloud.compute.SkaliCloudMalaysiaTemplateBuilderLiveTest)
[TestNG] Test testTemplateBuilderCannotFind(org.jclouds.skalicloud.compute.SkaliCloudMalaysiaTemplateBuilderLiveTest) succeeded: 1ms
Test suite progress: tests succeeded: 43, failed: 23, skipped: 16.
Starting test testTemplateBuilderCannotFind(org.jclouds.skalicloud.compute.SkaliCloudMalaysiaTemplateBuilderLiveTest)
[TestNG] Test testTemplateBuilderCannotFind(org.jclouds.skalicloud.compute.SkaliCloudMalaysiaTemplateBuilderLiveTest) succeeded: 1ms
Test suite progress: tests succeeded: 44, failed: 23, skipped: 16.
Starting test testTemplateBuilderCannotFind(org.jclouds.skalicloud.compute.SkaliCloudMalaysiaTemplateBuilderLiveTest)
[TestNG] Test testTemplateBuilderCannotFind(org.jclouds.skalicloud.compute.SkaliCloudMalaysiaTemplateBuilderLiveTest) succeeded: 2ms
Test suite progress: tests succeeded: 45, failed: 23, skipped: 16.
Starting test testTemplateBuilderCannotFind(org.jclouds.skalicloud.compute.SkaliCloudMalaysiaTemplateBuilderLiveTest)
[TestNG] Test testTemplateBuilderCannotFind(org.jclouds.skalicloud.compute.SkaliCloudMalaysiaTemplateBuilderLiveTest) succeeded: 1ms
Test suite progress: tests succeeded: 46, failed: 23, skipped: 16.
Starting test testTemplateBuilderCannotFind(org.jclouds.skalicloud.compute.SkaliCloudMalaysiaTemplateBuilderLiveTest)
[TestNG] Test testTemplateBuilderCannotFind(org.jclouds.skalicloud.compute.SkaliCloudMalaysiaTemplateBuilderLiveTest) succeeded: 1ms
Test suite progress: tests succeeded: 47, failed: 23, skipped: 16.
Starting test testTemplateBuilderCannotFind(org.jclouds.skalicloud.compute.SkaliCloudMalaysiaTemplateBuilderLiveTest)
[TestNG] Test testTemplateBuilderCannotFind(org.jclouds.skalicloud.compute.SkaliCloudMalaysiaTemplateBuilderLiveTest) succeeded: 1ms
Test suite progress: tests succeeded: 48, failed: 23, skipped: 16.
Starting test testTemplateBuilderCannotFind(org.jclouds.skalicloud.compute.SkaliCloudMalaysiaTemplateBuilderLiveTest)
[TestNG] Test testTemplateBuilderCannotFind(org.jclouds.skalicloud.compute.SkaliCloudMalaysiaTemplateBuilderLiveTest) succeeded: 0ms
Test suite progress: tests succeeded: 49, failed: 23, skipped: 16.
Starting test testTemplateBuilderCannotFind(org.jclouds.skalicloud.compute.SkaliCloudMalaysiaTemplateBuilderLiveTest)
[TestNG] Test testTemplateBuilderCannotFind(org.jclouds.skalicloud.compute.SkaliCloudMalaysiaTemplateBuilderLiveTest) succeeded: 1ms
Test suite progress: tests succeeded: 50, failed: 23, skipped: 16.
Starting test testTemplateBuilderCannotFind(org.jclouds.skalicloud.compute.SkaliCloudMalaysiaTemplateBuilderLiveTest)
[TestNG] Test testTemplateBuilderCannotFind(org.jclouds.skalicloud.compute.SkaliCloudMalaysiaTemplateBuilderLiveTest) succeeded: 0ms
Test suite progress: tests succeeded: 51, failed: 23, skipped: 16.
Starting test testTemplateBuilderCannotFind(org.jclouds.skalicloud.compute.SkaliCloudMalaysiaTemplateBuilderLiveTest)
[TestNG] Test testTemplateBuilderCannotFind(org.jclouds.skalicloud.compute.SkaliCloudMalaysiaTemplateBuilderLiveTest) succeeded: 1ms
Test suite progress: tests succeeded: 52, failed: 23, skipped: 16.
Starting test testTemplateBuilderCannotFind(org.jclouds.skalicloud.compute.SkaliCloudMalaysiaTemplateBuilderLiveTest)
[TestNG] Test testTemplateBuilderCannotFind(org.jclouds.skalicloud.compute.SkaliCloudMalaysiaTemplateBuilderLiveTest) succeeded: 0ms
Test suite progress: tests succeeded: 53, failed: 23, skipped: 16.
Starting test testTemplateBuilderCannotFind(org.jclouds.skalicloud.compute.SkaliCloudMalaysiaTemplateBuilderLiveTest)
[TestNG] Test testTemplateBuilderCannotFind(org.jclouds.skalicloud.compute.SkaliCloudMalaysiaTemplateBuilderLiveTest) succeeded: 0ms
Test suite progress: tests succeeded: 54, failed: 23, skipped: 16.
Starting test testTemplateBuilderCannotFind(org.jclouds.skalicloud.compute.SkaliCloudMalaysiaTemplateBuilderLiveTest)
[TestNG] Test testTemplateBuilderCannotFind(org.jclouds.skalicloud.compute.SkaliCloudMalaysiaTemplateBuilderLiveTest) succeeded: 1ms
Test suite progress: tests succeeded: 55, failed: 23, skipped: 16.
Starting test testTemplateBuilderCannotFind(org.jclouds.skalicloud.compute.SkaliCloudMalaysiaTemplateBuilderLiveTest)
[TestNG] Test testTemplateBuilderCannotFind(org.jclouds.skalicloud.compute.SkaliCloudMalaysiaTemplateBuilderLiveTest) succeeded: 0ms
Test suite progress: tests succeeded: 56, failed: 23, skipped: 16.
Starting test testTemplateBuilderCannotFind(org.jclouds.skalicloud.compute.SkaliCloudMalaysiaTemplateBuilderLiveTest)
[TestNG] Test testTemplateBuilderCannotFind(org.jclouds.skalicloud.compute.SkaliCloudMalaysiaTemplateBuilderLiveTest) succeeded: 1ms
Test suite progress: tests succeeded: 57, failed: 23, skipped: 16.
Starting test testTemplateBuilderCannotFind(org.jclouds.skalicloud.compute.SkaliCloudMalaysiaTemplateBuilderLiveTest)
[TestNG] Test testTemplateBuilderCannotFind(org.jclouds.skalicloud.compute.SkaliCloudMalaysiaTemplateBuilderLiveTest) succeeded: 0ms
Test suite progress: tests succeeded: 58, failed: 23, skipped: 16.
Starting test testTemplateBuilderCannotFind(org.jclouds.skalicloud.compute.SkaliCloudMalaysiaTemplateBuilderLiveTest)
[TestNG] Test testTemplateBuilderCannotFind(org.jclouds.skalicloud.compute.SkaliCloudMalaysiaTemplateBuilderLiveTest) succeeded: 0ms
Test suite progress: tests succeeded: 59, failed: 23, skipped: 16.
Starting test testTemplateBuilderCannotFind(org.jclouds.skalicloud.compute.SkaliCloudMalaysiaTemplateBuilderLiveTest)
[TestNG] Test testTemplateBuilderCannotFind(org.jclouds.skalicloud.compute.SkaliCloudMalaysiaTemplateBuilderLiveTest) succeeded: 0ms
Test suite progress: tests succeeded: 60, failed: 23, skipped: 16.
Starting test testTemplateBuilderCannotFind(org.jclouds.skalicloud.compute.SkaliCloudMalaysiaTemplateBuilderLiveTest)
[TestNG] Test testTemplateBuilderCannotFind(org.jclouds.skalicloud.compute.SkaliCloudMalaysiaTemplateBuilderLiveTest) succeeded: 0ms
Test suite progress: tests succeeded: 61, failed: 23, skipped: 16.
Starting test testTemplateBuilderCannotFind(org.jclouds.skalicloud.compute.SkaliCloudMalaysiaTemplateBuilderLiveTest)
[TestNG] Test testTemplateBuilderCannotFind(org.jclouds.skalicloud.compute.SkaliCloudMalaysiaTemplateBuilderLiveTest) succeeded: 1ms
Test suite progress: tests succeeded: 62, failed: 23, skipped: 16.
Starting test testTemplateBuilderCannotFind(org.jclouds.skalicloud.compute.SkaliCloudMalaysiaTemplateBuilderLiveTest)
[TestNG] Test testTemplateBuilderCannotFind(org.jclouds.skalicloud.compute.SkaliCloudMalaysiaTemplateBuilderLiveTest) succeeded: 0ms
Test suite progress: tests succeeded: 63, failed: 23, skipped: 16.
Starting test testTemplateBuilderCannotFind(org.jclouds.skalicloud.compute.SkaliCloudMalaysiaTemplateBuilderLiveTest)
[TestNG] Test testTemplateBuilderCannotFind(org.jclouds.skalicloud.compute.SkaliCloudMalaysiaTemplateBuilderLiveTest) succeeded: 1ms
Test suite progress: tests succeeded: 64, failed: 23, skipped: 16.
Starting test testTemplateBuilderCannotFind(org.jclouds.skalicloud.compute.SkaliCloudMalaysiaTemplateBuilderLiveTest)
[TestNG] Test testTemplateBuilderCannotFind(org.jclouds.skalicloud.compute.SkaliCloudMalaysiaTemplateBuilderLiveTest) succeeded: 1ms
Test suite progress: tests succeeded: 65, failed: 23, skipped: 16.
Starting test testTemplateBuilderCannotFind(org.jclouds.skalicloud.compute.SkaliCloudMalaysiaTemplateBuilderLiveTest)
[TestNG] Test testTemplateBuilderCannotFind(org.jclouds.skalicloud.compute.SkaliCloudMalaysiaTemplateBuilderLiveTest) succeeded: 0ms
Test suite progress: tests succeeded: 66, failed: 23, skipped: 16.
Starting test testTemplateBuilderCannotFind(org.jclouds.skalicloud.compute.SkaliCloudMalaysiaTemplateBuilderLiveTest)
[TestNG] Test testTemplateBuilderCannotFind(org.jclouds.skalicloud.compute.SkaliCloudMalaysiaTemplateBuilderLiveTest) succeeded: 0ms
Test suite progress: tests succeeded: 67, failed: 23, skipped: 16.
Starting test testTemplateBuilderWithImageIdSpecified(org.jclouds.skalicloud.compute.SkaliCloudMalaysiaTemplateBuilderLiveTest)
[TestNG] Test testTemplateBuilderWithImageIdSpecified(org.jclouds.skalicloud.compute.SkaliCloudMalaysiaTemplateBuilderLiveTest) failed.
Test suite progress: tests succeeded: 67, failed: 24, skipped: 16.
Starting test testTemplateBuilderWithLoginUserSpecified(org.jclouds.skalicloud.compute.SkaliCloudMalaysiaTemplateBuilderLiveTest)
org.jclouds.http.HttpResponseException: Connection refused connecting to GET https://api.sdg-my.skalicloud.com/servers/info HTTP/1.1
	at org.jclouds.http.internal.BaseHttpCommandExecutorService$HttpResponseCallable.call(BaseHttpCommandExecutorService.java:173)
	at org.jclouds.http.internal.BaseHttpCommandExecutorService$HttpResponseCallable.call(BaseHttpCommandExecutorService.java:130)
	at java.util.concurrent.FutureTask$Sync.innerRun(FutureTask.java:303)
	at java.util.concurrent.FutureTask.run(FutureTask.java:138)
	at java.util.concurrent.ThreadPoolExecutor$Worker.runTask(ThreadPoolExecutor.java:886)
	at java.util.concurrent.ThreadPoolExecutor$Worker.run(ThreadPoolExecutor.java:908)
	at java.lang.Thread.run(Thread.java:680)
	at org.jclouds.concurrent.config.ExecutorServiceModule$DescribingExecutorService.submit(ExecutorServiceModule.java:184)
	at org.jclouds.http.internal.BaseHttpCommandExecutorService.submit(BaseHttpCommandExecutorService.java:127)
	at org.jclouds.http.TransformingHttpCommandExecutorServiceImpl.submit(TransformingHttpCommandExecutorServiceImpl.java:54)
	at org.jclouds.http.TransformingHttpCommandImpl.execute(TransformingHttpCommandImpl.java:73)
	at org.jclouds.rest.internal.AsyncRestClientProxy.createListenableFutureForHttpRequestMappedToMethodAndArgs(AsyncRestClientProxy.java:198)
	at org.jclouds.rest.internal.AsyncRestClientProxy.invoke(AsyncRestClientProxy.java:134)
	at $Proxy64.listServerInfo(Unknown Source)
	at sun.reflect.NativeMethodAccessorImpl.invoke0(Native Method)
	at sun.reflect.NativeMethodAccessorImpl.invoke(NativeMethodAccessorImpl.java:39)
	at sun.reflect.DelegatingMethodAccessorImpl.invoke(DelegatingMethodAccessorImpl.java:25)
	at java.lang.reflect.Method.invoke(Method.java:597)
	at org.jclouds.concurrent.internal.SyncProxy.invoke(SyncProxy.java:137)
	at $Proxy65.listServerInfo(Unknown Source)
	at org.jclouds.elasticstack.compute.ElasticStackComputeServiceAdapter.listNodes(ElasticStackComputeServiceAdapter.java:192)
	at org.jclouds.compute.strategy.impl.AdaptingComputeServiceStrategies.listDetailsOnNodesMatching(AdaptingComputeServiceStrategies.java:108)
	at org.jclouds.compute.strategy.impl.AdaptingComputeServiceStrategies.listNodes(AdaptingComputeServiceStrategies.java:103)
	at org.jclouds.compute.internal.BaseComputeService.listNodes(BaseComputeService.java:321)
	at org.jclouds.compute.BaseComputeServiceLiveTest.testCorrectAuthException(BaseComputeServiceLiveTest.java:188)
	at sun.reflect.NativeMethodAccessorImpl.invoke0(Native Method)
	at sun.reflect.NativeMethodAccessorImpl.invoke(NativeMethodAccessorImpl.java:39)
	at sun.reflect.DelegatingMethodAccessorImpl.invoke(DelegatingMethodAccessorImpl.java:25)
	at java.lang.reflect.Method.invoke(Method.java:597)
	at org.testng.internal.MethodInvocationHelper.invokeMethod(MethodInvocationHelper.java:80)
	at org.testng.internal.Invoker.invokeMethod(Invoker.java:691)
	at org.testng.internal.Invoker.invokeTestMethod(Invoker.java:883)
	at org.testng.internal.Invoker.invokeTestMethods(Invoker.java:1208)
	at org.testng.internal.TestMethodWorker.invokeTestMethods(TestMethodWorker.java:127)
	at org.testng.internal.TestMethodWorker.run(TestMethodWorker.java:111)
	at org.testng.TestRunner.privateRun(TestRunner.java:758)
	at org.testng.TestRunner.run(TestRunner.java:613)
	at org.testng.SuiteRunner.runTest(SuiteRunner.java:334)
	at org.testng.SuiteRunner.access$000(SuiteRunner.java:37)
	at org.testng.SuiteRunner$SuiteWorker.run(SuiteRunner.java:368)
	at org.testng.internal.thread.ThreadUtil$CountDownLatchedRunnable.run(ThreadUtil.java:165)
	at java.util.concurrent.ThreadPoolExecutor$Worker.runTask(ThreadPoolExecutor.java:886)
	at java.util.concurrent.ThreadPoolExecutor$Worker.run(ThreadPoolExecutor.java:908)
	at java.lang.Thread.run(Thread.java:680)
	at org.jclouds.concurrent.config.ExecutorServiceModule$DescribingExecutorService.submit(ExecutorServiceModule.java:184)
	at org.jclouds.http.internal.BaseHttpCommandExecutorService.submit(BaseHttpCommandExecutorService.java:127)
	at org.jclouds.http.TransformingHttpCommandExecutorServiceImpl.submit(TransformingHttpCommandExecutorServiceImpl.java:54)
	at org.jclouds.http.TransformingHttpCommandImpl.execute(TransformingHttpCommandImpl.java:73)
	at org.jclouds.rest.internal.AsyncRestClientProxy.createListenableFutureForHttpRequestMappedToMethodAndArgs(AsyncRestClientProxy.java:198)
	at org.jclouds.rest.internal.AsyncRestClientProxy.invoke(AsyncRestClientProxy.java:134)
	at $Proxy64.listServerInfo(Unknown Source)
	at sun.reflect.NativeMethodAccessorImpl.invoke0(Native Method)
	at sun.reflect.NativeMethodAccessorImpl.invoke(NativeMethodAccessorImpl.java:39)
	at sun.reflect.DelegatingMethodAccessorImpl.invoke(DelegatingMethodAccessorImpl.java:25)
	at java.lang.reflect.Method.invoke(Method.java:597)
	at org.jclouds.concurrent.internal.SyncProxy.invoke(SyncProxy.java:137)
	at $Proxy65.listServerInfo(Unknown Source)
	at org.jclouds.elasticstack.compute.ElasticStackComputeServiceAdapter.listNodes(ElasticStackComputeServiceAdapter.java:192)
	at org.jclouds.compute.strategy.impl.AdaptingComputeServiceStrategies.listDetailsOnNodesMatching(AdaptingComputeServiceStrategies.java:108)
	at org.jclouds.compute.strategy.impl.AdaptingComputeServiceStrategies.listNodes(AdaptingComputeServiceStrategies.java:103)
	at org.jclouds.compute.internal.BaseComputeService.listNodes(BaseComputeService.java:321)
	at org.jclouds.compute.BaseComputeServiceLiveTest.testCorrectAuthException(BaseComputeServiceLiveTest.java:188)
	at sun.reflect.NativeMethodAccessorImpl.invoke0(Native Method)
	at sun.reflect.NativeMethodAccessorImpl.invoke(NativeMethodAccessorImpl.java:39)
	at sun.reflect.DelegatingMethodAccessorImpl.invoke(DelegatingMethodAccessorImpl.java:25)
	at java.lang.reflect.Method.invoke(Method.java:597)
	at org.testng.internal.MethodInvocationHelper.invokeMethod(MethodInvocationHelper.java:80)
	at org.testng.internal.Invoker.invokeMethod(Invoker.java:691)
	at org.testng.internal.Invoker.invokeTestMethod(Invoker.java:883)
	at org.testng.internal.Invoker.invokeTestMethods(Invoker.java:1208)
	at org.testng.internal.TestMethodWorker.invokeTestMethods(TestMethodWorker.java:127)
	at org.testng.internal.TestMethodWorker.run(TestMethodWorker.java:111)
	at org.testng.TestRunner.privateRun(TestRunner.java:758)
	at org.testng.TestRunner.run(TestRunner.java:613)
	at org.testng.SuiteRunner.runTest(SuiteRunner.java:334)
	at org.testng.SuiteRunner.access$000(SuiteRunner.java:37)
	at org.testng.SuiteRunner$SuiteWorker.run(SuiteRunner.java:368)
	at org.testng.internal.thread.ThreadUtil$CountDownLatchedRunnable.run(ThreadUtil.java:165)
	at java.util.concurrent.ThreadPoolExecutor$Worker.runTask(ThreadPoolExecutor.java:886)
	at java.util.concurrent.ThreadPoolExecutor$Worker.run(ThreadPoolExecutor.java:908)
	at java.lang.Thread.run(Thread.java:680)
Caused by: java.net.ConnectException: Connection refused
	at sun.reflect.GeneratedConstructorAccessor57.newInstance(Unknown Source)
	at sun.reflect.DelegatingConstructorAccessorImpl.newInstance(DelegatingConstructorAccessorImpl.java:27)
	at java.lang.reflect.Constructor.newInstance(Constructor.java:513)
	at sun.net.www.protocol.http.HttpURLConnection$6.run(HttpURLConnection.java:1491)
	at java.security.AccessController.doPrivileged(Native Method)
	at sun.net.www.protocol.http.HttpURLConnection.getChainedException(HttpURLConnection.java:1485)
	at sun.net.www.protocol.http.HttpURLConnection.getInputStream(HttpURLConnection.java:1139)
	at java.net.HttpURLConnection.getResponseCode(HttpURLConnection.java:379)
	at sun.net.www.protocol.https.HttpsURLConnectionImpl.getResponseCode(HttpsURLConnectionImpl.java:318)
	at org.jclouds.http.internal.JavaUrlHttpCommandExecutorService.invoke(JavaUrlHttpCommandExecutorService.java:120)
	at org.jclouds.http.internal.JavaUrlHttpCommandExecutorService.invoke(JavaUrlHttpCommandExecutorService.java:78)
	at org.jclouds.http.internal.BaseHttpCommandExecutorService$HttpResponseCallable.call(BaseHttpCommandExecutorService.java:153)
	at org.jclouds.http.internal.BaseHttpCommandExecutorService$HttpResponseCallable.call(BaseHttpCommandExecutorService.java:130)
	at java.util.concurrent.FutureTask$Sync.innerRun(FutureTask.java:303)
	at java.util.concurrent.FutureTask.run(FutureTask.java:138)
	... 3 more
Caused by: java.net.ConnectException: Connection refused
	at java.net.PlainSocketImpl.socketConnect(Native Method)
	at java.net.PlainSocketImpl.doConnect(PlainSocketImpl.java:351)
	at java.net.PlainSocketImpl.connectToAddress(PlainSocketImpl.java:213)
	at java.net.PlainSocketImpl.connect(PlainSocketImpl.java:200)
	at java.net.SocksSocketImpl.connect(SocksSocketImpl.java:432)
	at java.net.Socket.connect(Socket.java:529)
	at com.sun.net.ssl.internal.ssl.SSLSocketImpl.connect(SSLSocketImpl.java:564)
	at sun.net.NetworkClient.doConnect(NetworkClient.java:158)
	at sun.net.www.http.HttpClient.openServer(HttpClient.java:395)
	at sun.net.www.http.HttpClient.openServer(HttpClient.java:530)
	at sun.net.www.protocol.https.HttpsClient.<init>(HttpsClient.java:272)
	at sun.net.www.protocol.https.HttpsClient.New(HttpsClient.java:329)
	at sun.net.www.protocol.https.AbstractDelegateHttpsURLConnection.getNewHttpClient(AbstractDelegateHttpsURLConnection.java:172)
	at sun.net.www.protocol.http.HttpURLConnection.plainConnect(HttpURLConnection.java:911)
	at sun.net.www.protocol.https.AbstractDelegateHttpsURLConnection.connect(AbstractDelegateHttpsURLConnection.java:158)
	at sun.net.www.protocol.http.HttpURLConnection.getInputStream(HttpURLConnection.java:1172)
	at sun.net.www.protocol.https.HttpsURLConnectionImpl.getInputStream(HttpsURLConnectionImpl.java:234)
	at org.jclouds.http.internal.JavaUrlHttpCommandExecutorService.invoke(JavaUrlHttpCommandExecutorService.java:111)
	... 8 more
[TestNG] Test testCorrectAuthException(org.jclouds.skalicloud.compute.SkaliCloudMalaysiaComputeServiceLiveTest) failed.
Test suite progress: tests succeeded: 67, failed: 25, skipped: 16.
Starting test testCreateAndRunAService(org.jclouds.skalicloud.compute.SkaliCloudMalaysiaComputeServiceLiveTest)
[TestNG] Test testCreateAndRunAService(org.jclouds.skalicloud.compute.SkaliCloudMalaysiaComputeServiceLiveTest) failed.
Test suite progress: tests succeeded: 67, failed: 26, skipped: 16.
Starting test testGetAssignableLocations(org.jclouds.skalicloud.compute.SkaliCloudMalaysiaComputeServiceLiveTest)
Mar 8, 2012 1:01:03 PM org.jclouds.compute.BaseComputeServiceLiveTest testGetAssignableLocations
WARNING: location [id=skalicloud-sdg-my, scope=PROVIDER, description=https://api.sdg-my.skalicloud.com, parent=null, iso3166Codes=[MY-10], metadata={}]
[TestNG] Test testGetAssignableLocations(org.jclouds.skalicloud.compute.SkaliCloudMalaysiaComputeServiceLiveTest) succeeded: 5ms
Test suite progress: tests succeeded: 68, failed: 26, skipped: 16.
Starting test testImagesCache(org.jclouds.skalicloud.compute.SkaliCloudMalaysiaComputeServiceLiveTest)
[TestNG] Test testImagesCache(org.jclouds.skalicloud.compute.SkaliCloudMalaysiaComputeServiceLiveTest) succeeded: 0ms
Test suite progress: tests succeeded: 69, failed: 26, skipped: 16.
Starting test testListImages(org.jclouds.skalicloud.compute.SkaliCloudMalaysiaComputeServiceLiveTest)
[TestNG] Test testListImages(org.jclouds.skalicloud.compute.SkaliCloudMalaysiaComputeServiceLiveTest) succeeded: 0ms
Test suite progress: tests succeeded: 70, failed: 26, skipped: 16.
Starting test testListSizes(org.jclouds.skalicloud.compute.SkaliCloudMalaysiaComputeServiceLiveTest)
[TestNG] Test testListSizes(org.jclouds.skalicloud.compute.SkaliCloudMalaysiaComputeServiceLiveTest) succeeded: 43ms
Test suite progress: tests succeeded: 71, failed: 26, skipped: 16.
Starting test testOptionToNotBlock(org.jclouds.skalicloud.compute.SkaliCloudMalaysiaComputeServiceLiveTest)
[TestNG] Test testOptionToNotBlock(org.jclouds.skalicloud.compute.SkaliCloudMalaysiaComputeServiceLiveTest) succeeded: 1ms
Test suite progress: tests succeeded: 72, failed: 26, skipped: 16.
Starting test testCorrectExceptionRunningNodesNotFound(org.jclouds.skalicloud.compute.SkaliCloudMalaysiaComputeServiceLiveTest)
[TestNG] Test testCorrectExceptionRunningNodesNotFound(org.jclouds.skalicloud.compute.SkaliCloudMalaysiaComputeServiceLiveTest) failed.
Test suite progress: tests succeeded: 72, failed: 27, skipped: 16.
[TestNG] Test testAScriptExecutionAfterBootWithBasicTemplate(org.jclouds.skalicloud.compute.SkaliCloudMalaysiaComputeServiceLiveTest) skipped.
Test suite progress: tests succeeded: 72, failed: 27, skipped: 17.
[TestNG] Test testCreateTwoNodesWithRunScript(org.jclouds.skalicloud.compute.SkaliCloudMalaysiaComputeServiceLiveTest) skipped.
Test suite progress: tests succeeded: 72, failed: 27, skipped: 18.
Starting test testTemplateMatch(org.jclouds.skalicloud.compute.SkaliCloudMalaysiaComputeServiceLiveTest)
[TestNG] Test testTemplateMatch(org.jclouds.skalicloud.compute.SkaliCloudMalaysiaComputeServiceLiveTest) failed.
Test suite progress: tests succeeded: 72, failed: 28, skipped: 18.
[TestNG] Test testCreateAnotherNodeWithANewContextToEnsureSharedMemIsntRequired(org.jclouds.skalicloud.compute.SkaliCloudMalaysiaComputeServiceLiveTest) skipped.
Test suite progress: tests succeeded: 72, failed: 28, skipped: 19.
[TestNG] Test testCredentialsCache(org.jclouds.skalicloud.compute.SkaliCloudMalaysiaComputeServiceLiveTest) skipped.
Test suite progress: tests succeeded: 72, failed: 28, skipped: 20.
[TestNG] Test testGet(org.jclouds.skalicloud.compute.SkaliCloudMalaysiaComputeServiceLiveTest) skipped.
Test suite progress: tests succeeded: 72, failed: 28, skipped: 21.
[TestNG] Test testReboot(org.jclouds.skalicloud.compute.SkaliCloudMalaysiaComputeServiceLiveTest) skipped.
Test suite progress: tests succeeded: 72, failed: 28, skipped: 22.
[TestNG] Test testSuspendResume(org.jclouds.skalicloud.compute.SkaliCloudMalaysiaComputeServiceLiveTest) skipped.
Test suite progress: tests succeeded: 72, failed: 28, skipped: 23.
[TestNG] Test testGetNodesWithDetails(org.jclouds.skalicloud.compute.SkaliCloudMalaysiaComputeServiceLiveTest) skipped.
Test suite progress: tests succeeded: 72, failed: 28, skipped: 24.
[TestNG] Test testListNodes(org.jclouds.skalicloud.compute.SkaliCloudMalaysiaComputeServiceLiveTest) skipped.
Test suite progress: tests succeeded: 72, failed: 28, skipped: 25.
[TestNG] Test testDestroyNodes(org.jclouds.skalicloud.compute.SkaliCloudMalaysiaComputeServiceLiveTest) skipped.
Test suite progress: tests succeeded: 72, failed: 28, skipped: 26.
[TestNG] Test testTemplateBuilderWithLoginUserSpecified(org.jclouds.skalicloud.compute.SkaliCloudMalaysiaTemplateBuilderLiveTest) failed.
Test suite progress: tests succeeded: 72, failed: 29, skipped: 26.
Starting test testDefaultTemplateBuilder(org.jclouds.skalicloud.compute.SkaliCloudMalaysiaTemplateBuilderLiveTest)
[TestNG] Test testDefaultTemplateBuilder(org.jclouds.skalicloud.compute.SkaliCloudMalaysiaTemplateBuilderLiveTest) failed.
Test suite progress: tests succeeded: 72, failed: 30, skipped: 26.
Exception in thread "user thread 0" java.lang.IllegalStateException: interrupted calling get() on [[method=ElasticStackAsyncClient.getDriveInfo, request=GET https://api.sdg-my.skalicloud.com/drives/93bf390e-4f46-4252-a8bc-9d6d80e3f955/info HTTP/1.1]], so could not run listeners
	at org.jclouds.concurrent.Futures$CallGetAndRunExecutionList.run(Futures.java:66)
	at java.util.concurrent.ThreadPoolExecutor$Worker.runTask(ThreadPoolExecutor.java:886)
	at java.util.concurrent.ThreadPoolExecutor$Worker.run(ThreadPoolExecutor.java:908)
	at java.lang.Thread.run(Thread.java:680)
Caused by: java.lang.InterruptedException
	at java.util.concurrent.locks.AbstractQueuedSynchronizer.doAcquireSharedInterruptibly(AbstractQueuedSynchronizer.java:979)
	at java.util.concurrent.locks.AbstractQueuedSynchronizer.acquireSharedInterruptibly(AbstractQueuedSynchronizer.java:1281)
	at java.util.concurrent.FutureTask$Sync.innerGet(FutureTask.java:218)
	at java.util.concurrent.FutureTask.get(FutureTask.java:83)
	at org.jclouds.concurrent.config.ExecutorServiceModule$DescribedFuture.get(ExecutorServiceModule.java:239)
	at org.jclouds.concurrent.Futures$CallGetAndRunExecutionList.run(Futures.java:59)
	... 3 more
Caused by: java.util.concurrent.ExecutionException: task submitted from the following trace
	at org.jclouds.concurrent.config.ExecutorServiceModule$DescribedFuture.ensureCauseHasSubmissionTrace(ExecutorServiceModule.java:272)
	at org.jclouds.concurrent.config.ExecutorServiceModule$DescribedFuture.get(ExecutorServiceModule.java:243)
	... 4 more
Tests run: 130, Failures: 32, Errors: 0, Skipped: 26, Time elapsed: 81.365 sec <<< FAILURE!

Results :

Failed tests:   testCompareSizes(org.jclouds.skalicloud.compute.SkaliCloudMalaysiaComputeServiceLiveTest): no image matched predicate: And(locationEqualsOrChildOf(skalicloud-sdg-my),And(osFamily(ubuntu),osVersion(1[012].[01][04]),os64Bit(true)))
  testCompareSizes(org.jclouds.skalicloud.compute.SkaliCloudMalaysiaTemplateBuilderLiveTest): no image matched predicate: And(locationEqualsOrChildOf(skalicloud-sdg-my),And(osFamily(ubuntu),osVersion(1[012].[01][04]),os64Bit(true)))
  testFromTemplate(org.jclouds.skalicloud.compute.SkaliCloudMalaysiaTemplateBuilderLiveTest): no image matched predicate: And(locationEqualsOrChildOf(skalicloud-sdg-my),And(osFamily(ubuntu),osVersion(1[012].[01][04]),os64Bit(true)))
  setupClient(org.jclouds.skalicloud.SkaliCloudMalaysiaClientLiveTest): no image matched predicate: And(locationEqualsOrChildOf(skalicloud-sdg-my),And(osFamily(ubuntu),osVersion(1[012].[01][04]),os64Bit(true)))
  setupClient(org.jclouds.skalicloud.SkaliCloudMalaysiaClientLiveTest): no image matched predicate: And(locationEqualsOrChildOf(skalicloud-sdg-my),And(osFamily(ubuntu),osVersion(1[012].[01][04]),os64Bit(true)))
  testTemplateBuilderCanFind(org.jclouds.skalicloud.compute.SkaliCloudMalaysiaTemplateBuilderLiveTest): no image matched predicate: And(locationEqualsOrChildOf(skalicloud-sdg-my),And(osFamily(debian),osVersion(^6.0$),os64Bit(true)))
  testTemplateBuilderCanFind(org.jclouds.skalicloud.compute.SkaliCloudMalaysiaTemplateBuilderLiveTest): no image matched predicate: And(locationEqualsOrChildOf(skalicloud-sdg-my),And(osFamily(debian),osVersion(^5.0$),os64Bit(true)))
  testTemplateBuilderCanFind(org.jclouds.skalicloud.compute.SkaliCloudMalaysiaTemplateBuilderLiveTest): no image matched predicate: And(locationEqualsOrChildOf(skalicloud-sdg-my),And(osFamily(ubuntu),osVersion(^10.10$),os64Bit(false)))
  testTemplateBuilderCanFind(org.jclouds.skalicloud.compute.SkaliCloudMalaysiaTemplateBuilderLiveTest): no image matched predicate: And(locationEqualsOrChildOf(skalicloud-sdg-my),And(osFamily(windows),os64Bit(true)))
  testTemplateBuilderCanFind(org.jclouds.skalicloud.compute.SkaliCloudMalaysiaTemplateBuilderLiveTest): no image matched predicate: And(locationEqualsOrChildOf(skalicloud-sdg-my),And(osFamily(centos),os64Bit(true)))
  testTemplateBuilderCanFind(org.jclouds.skalicloud.compute.SkaliCloudMalaysiaTemplateBuilderLiveTest): no image matched predicate: And(locationEqualsOrChildOf(skalicloud-sdg-my),And(osFamily(ubuntu),os64Bit(false)))
  testTemplateBuilderCanFind(org.jclouds.skalicloud.compute.SkaliCloudMalaysiaTemplateBuilderLiveTest): no image matched predicate: And(locationEqualsOrChildOf(skalicloud-sdg-my),And(osFamily(centos),osVersion(^5.6$),os64Bit(true)))
  testTemplateBuilderCanFind(org.jclouds.skalicloud.compute.SkaliCloudMalaysiaTemplateBuilderLiveTest): no image matched predicate: And(locationEqualsOrChildOf(skalicloud-sdg-my),And(osFamily(centos),osVersion(^5.5$),os64Bit(true)))
  testTemplateBuilderCanFind(org.jclouds.skalicloud.compute.SkaliCloudMalaysiaTemplateBuilderLiveTest): no image matched predicate: And(locationEqualsOrChildOf(skalicloud-sdg-my),And(osFamily(ubuntu),osVersion(^10.04$),os64Bit(false)))
  testTemplateBuilderCanFind(org.jclouds.skalicloud.compute.SkaliCloudMalaysiaTemplateBuilderLiveTest): no image matched predicate: And(locationEqualsOrChildOf(skalicloud-sdg-my),And(osFamily(debian),osVersion(^5.0$),os64Bit(false)))
  testTemplateBuilderCanFind(org.jclouds.skalicloud.compute.SkaliCloudMalaysiaTemplateBuilderLiveTest): no image matched predicate: And(locationEqualsOrChildOf(skalicloud-sdg-my),And(osFamily(ubuntu),osVersion(^10.10$),os64Bit(true)))
  testTemplateBuilderCanFind(org.jclouds.skalicloud.compute.SkaliCloudMalaysiaTemplateBuilderLiveTest): no image matched predicate: And(locationEqualsOrChildOf(skalicloud-sdg-my),And(osFamily(centos),os64Bit(false)))
  testTemplateBuilderCanFind(org.jclouds.skalicloud.compute.SkaliCloudMalaysiaTemplateBuilderLiveTest): no image matched predicate: And(locationEqualsOrChildOf(skalicloud-sdg-my),And(osFamily(debian),os64Bit(false)))
  testTemplateBuilderCanFind(org.jclouds.skalicloud.compute.SkaliCloudMalaysiaTemplateBuilderLiveTest): no image matched predicate: And(locationEqualsOrChildOf(skalicloud-sdg-my),And(osFamily(centos),osVersion(^5.6$),os64Bit(false)))
  testTemplateBuilderCanFind(org.jclouds.skalicloud.compute.SkaliCloudMalaysiaTemplateBuilderLiveTest): no image matched predicate: And(locationEqualsOrChildOf(skalicloud-sdg-my),And(osFamily(centos),osVersion(^5.5$),os64Bit(false)))
  testTemplateBuilderCanFind(org.jclouds.skalicloud.compute.SkaliCloudMalaysiaTemplateBuilderLiveTest): no image matched predicate: And(locationEqualsOrChildOf(skalicloud-sdg-my),And(osFamily(ubuntu),os64Bit(true)))
  testTemplateBuilderCanFind(org.jclouds.skalicloud.compute.SkaliCloudMalaysiaTemplateBuilderLiveTest): no image matched predicate: And(locationEqualsOrChildOf(skalicloud-sdg-my),And(osFamily(debian),os64Bit(true)))
  testTemplateBuilderCanFind(org.jclouds.skalicloud.compute.SkaliCloudMalaysiaTemplateBuilderLiveTest): no image matched predicate: And(locationEqualsOrChildOf(skalicloud-sdg-my),And(osFamily(ubuntu),osVersion(^10.04$),os64Bit(true)))
  testTemplateBuilderCanFind(org.jclouds.skalicloud.compute.SkaliCloudMalaysiaTemplateBuilderLiveTest): no image matched predicate: And(locationEqualsOrChildOf(skalicloud-sdg-my),And(osFamily(windows),osVersion(^2008 R2$),os64Bit(true)))
  testTemplateBuilderCanUseImageId(org.jclouds.skalicloud.compute.SkaliCloudMalaysiaTemplateBuilderLiveTest): no image matched predicate: And(locationEqualsOrChildOf(skalicloud-sdg-my),And(osFamily(ubuntu),osVersion(1[012].[01][04]),os64Bit(true)))
  testTemplateBuilderWithImageIdSpecified(org.jclouds.skalicloud.compute.SkaliCloudMalaysiaTemplateBuilderLiveTest): no image matched predicate: And(locationEqualsOrChildOf(skalicloud-sdg-my),And(osFamily(ubuntu),osVersion(1[012].[01][04]),os64Bit(true)))
  testCorrectAuthException(org.jclouds.skalicloud.compute.SkaliCloudMalaysiaComputeServiceLiveTest): 
  testCreateAndRunAService(org.jclouds.skalicloud.compute.SkaliCloudMalaysiaComputeServiceLiveTest): Connection refused connecting to GET https://api.sdg-my.skalicloud.com/servers/info HTTP/1.1
  testCorrectExceptionRunningNodesNotFound(org.jclouds.skalicloud.compute.SkaliCloudMalaysiaComputeServiceLiveTest): 
  testTemplateMatch(org.jclouds.skalicloud.compute.SkaliCloudMalaysiaComputeServiceLiveTest): no image matched predicate: And(locationEqualsOrChildOf(skalicloud-sdg-my),And(osFamily(ubuntu),osVersion(1[012].[01][04]),os64Bit(true)))
  testTemplateBuilderWithLoginUserSpecified(org.jclouds.skalicloud.compute.SkaliCloudMalaysiaTemplateBuilderLiveTest): no image matched predicate: And(locationEqualsOrChildOf(skalicloud-sdg-my),And(osFamily(ubuntu),osVersion(1[012].[01][04]),os64Bit(true)))
  testDefaultTemplateBuilder(org.jclouds.skalicloud.compute.SkaliCloudMalaysiaTemplateBuilderLiveTest): no image matched predicate: And(locationEqualsOrChildOf(skalicloud-sdg-my),And(osFamily(ubuntu),osVersion(1[012].[01][04]),os64Bit(true)))

Tests run: 130, Failures: 32, Errors: 0, Skipped: 26

[INFO] ------------------------------------------------------------------------
[INFO] BUILD FAILURE
[INFO] ------------------------------------------------------------------------
[INFO] Total time: 1:44.124s
[INFO] Finished at: Thu Mar 08 13:01:33 PST 2012
[INFO] Final Memory: 21M/265M
[INFO] ------------------------------------------------------------------------
[ERROR] Failed to execute goal org.apache.maven.plugins:maven-surefire-plugin:2.10:test (integration) on project skalicloud-sdg-my: There are test failures.
[ERROR] 
[ERROR] Please refer to /Users/adriancole/workspace/git/1.4.x/jclouds/providers/skalicloud-sdg-my/target/surefire-reports for the individual test results.
[ERROR] -> [Help 1]
[ERROR] 
[ERROR] To see the full stack trace of the errors, re-run Maven with the -e switch.
[ERROR] Re-run Maven using the -X switch to enable full debug logging.
[ERROR] 
[ERROR] For more information about the errors and possible solutions, please read the following articles:
[ERROR] [Help 1] http://cwiki.apache.org/confluence/display/MAVEN/MojoFailureException
