[INFO] Scanning for projects...
[WARNING] 
[WARNING] Some problems were encountered while building the effective model for org.jclouds.provider:stratogen-vcloud-mycloud:bundle:1.4.0-SNAPSHOT
[WARNING] 'parent.relativePath' of POM org.jclouds:jclouds-project:1.4.0-SNAPSHOT (/Users/adriancole/workspace/git/1.4.x/jclouds/project/pom.xml) points at org.jclouds:jclouds-multi instead of org.sonatype.oss:oss-parent, please verify your project structure @ org.jclouds:jclouds-project:1.4.0-SNAPSHOT, /Users/adriancole/workspace/git/1.4.x/jclouds/project/pom.xml, line 24, column 13
[WARNING] 
[WARNING] It is highly recommended to fix these problems because they threaten the stability of your build.
[WARNING] 
[WARNING] For this reason, future Maven versions might no longer support building such malformed projects.
[WARNING] 
[INFO]                                                                         
[INFO] ------------------------------------------------------------------------
[INFO] Building jclouds StratoGen vCloud MyCloud provider 1.4.0-SNAPSHOT
[INFO] ------------------------------------------------------------------------
[INFO] 
[INFO] --- maven-clean-plugin:2.4.1:clean (default-clean) @ stratogen-vcloud-mycloud ---
[INFO] Deleting /Users/adriancole/workspace/git/1.4.x/jclouds/providers/stratogen-vcloud-mycloud/target
[INFO] 
[INFO] --- maven-enforcer-plugin:1.0.1:enforce (enforce-maven) @ stratogen-vcloud-mycloud ---
[INFO] 
[INFO] --- maven-enforcer-plugin:1.0.1:enforce (enforce-banned-dependencies) @ stratogen-vcloud-mycloud ---
[INFO] 
[INFO] --- maven-enforcer-plugin:1.0.1:enforce (enforce-java) @ stratogen-vcloud-mycloud ---
[INFO] 
[INFO] --- maven-remote-resources-plugin:1.2:process (process-remote-resources) @ stratogen-vcloud-mycloud ---
[INFO] Setting property: classpath.resource.loader.class => 'org.codehaus.plexus.velocity.ContextClassLoaderResourceLoader'.
[INFO] Setting property: velocimacro.messages.on => 'false'.
[INFO] Setting property: resource.loader => 'classpath'.
[INFO] Setting property: resource.manager.logwhenfound => 'false'.
[INFO] 
[INFO] --- maven-resources-plugin:2.4.2:resources (default-resources) @ stratogen-vcloud-mycloud ---
[INFO] Using 'UTF-8' encoding to copy filtered resources.
[INFO] skip non existing resourceDirectory /Users/adriancole/workspace/git/1.4.x/jclouds/providers/stratogen-vcloud-mycloud/src/main/clojure
[INFO] Copying 1 resource
[INFO] Copying 2 resources
[INFO] 
[INFO] --- maven-compiler-plugin:2.3:compile (default-compile) @ stratogen-vcloud-mycloud ---
[INFO] Compiling 5 source files to /Users/adriancole/workspace/git/1.4.x/jclouds/providers/stratogen-vcloud-mycloud/target/classes
[INFO] 
[INFO] --- maven-resources-plugin:2.4.2:testResources (default-testResources) @ stratogen-vcloud-mycloud ---
[INFO] Using 'UTF-8' encoding to copy filtered resources.
[INFO] skip non existing resourceDirectory /Users/adriancole/workspace/git/1.4.x/jclouds/providers/stratogen-vcloud-mycloud/src/test/clojure
[INFO] Copying 1 resource
[INFO] Copying 2 resources
[INFO] 
[INFO] --- maven-compiler-plugin:2.3:testCompile (default-testCompile) @ stratogen-vcloud-mycloud ---
[INFO] Compiling 11 source files to /Users/adriancole/workspace/git/1.4.x/jclouds/providers/stratogen-vcloud-mycloud/target/test-classes
[INFO] 
[INFO] --- maven-surefire-plugin:2.10:test (default-test) @ stratogen-vcloud-mycloud ---
[INFO] Surefire report directory: /Users/adriancole/workspace/git/1.4.x/jclouds/providers/stratogen-vcloud-mycloud/target/surefire-reports
[INFO] Using configured provider org.apache.maven.surefire.testng.TestNGProvider

-------------------------------------------------------
 T E S T S
-------------------------------------------------------
Running org.jclouds.stratogen.vcloud.mycloud.StratoGenVCloudMyCloudProviderTest
Starting test testAllContains(org.jclouds.stratogen.vcloud.mycloud.StratoGenVCloudMyCloudProviderTest)
Starting test testInRestProperties(org.jclouds.stratogen.vcloud.mycloud.StratoGenVCloudMyCloudProviderTest)
Starting test testOfTypeContains(org.jclouds.stratogen.vcloud.mycloud.StratoGenVCloudMyCloudProviderTest)
Starting test testWithId(org.jclouds.stratogen.vcloud.mycloud.StratoGenVCloudMyCloudProviderTest)
[pool-2-thread-3] Test testOfTypeContains(org.jclouds.stratogen.vcloud.mycloud.StratoGenVCloudMyCloudProviderTest) succeeded: 50ms
Test suite progress: tests succeeded: 1, failed: 0, skipped: 0.
[pool-2-thread-4] Test testWithId(org.jclouds.stratogen.vcloud.mycloud.StratoGenVCloudMyCloudProviderTest) succeeded: 50ms
Test suite progress: tests succeeded: 2, failed: 0, skipped: 0.
[pool-2-thread-1] Test testAllContains(org.jclouds.stratogen.vcloud.mycloud.StratoGenVCloudMyCloudProviderTest) succeeded: 60ms
Test suite progress: tests succeeded: 3, failed: 0, skipped: 0.
[pool-2-thread-2] Test testInRestProperties(org.jclouds.stratogen.vcloud.mycloud.StratoGenVCloudMyCloudProviderTest) succeeded: 105ms
Test suite progress: tests succeeded: 4, failed: 0, skipped: 0.
Tests run: 4, Failures: 0, Errors: 0, Skipped: 0, Time elapsed: 0.567 sec

Results :

Tests run: 4, Failures: 0, Errors: 0, Skipped: 0

[INFO] 
[INFO] --- clojure-maven-plugin:1.3.8:test (test-clojure) @ stratogen-vcloud-mycloud ---

Testing com.theoryinpractise.clojure.testrunner

Ran 0 tests containing 0 assertions.
0 failures, 0 errors.
[INFO] 
[INFO] --- maven-bundle-plugin:2.3.4:bundle (default-bundle) @ stratogen-vcloud-mycloud ---
[INFO] 
[INFO] --- maven-source-plugin:2.1.1:jar-no-fork (attach-sources) @ stratogen-vcloud-mycloud ---
[INFO] Building jar: /Users/adriancole/workspace/git/1.4.x/jclouds/providers/stratogen-vcloud-mycloud/target/stratogen-vcloud-mycloud-1.4.0-SNAPSHOT-sources.jar
[INFO] 
[INFO] --- maven-javadoc-plugin:2.8:jar (javadoc) @ stratogen-vcloud-mycloud ---
[INFO] Skipping javadoc generation
[INFO] 
[INFO] --- maven-jar-plugin:2.3.1:test-jar (default) @ stratogen-vcloud-mycloud ---
[INFO] Building jar: /Users/adriancole/workspace/git/1.4.x/jclouds/providers/stratogen-vcloud-mycloud/target/stratogen-vcloud-mycloud-1.4.0-SNAPSHOT-tests.jar
[INFO] 
[INFO] --- maven-surefire-plugin:2.10:test (integration) @ stratogen-vcloud-mycloud ---
[INFO] Surefire report directory: /Users/adriancole/workspace/git/1.4.x/jclouds/providers/stratogen-vcloud-mycloud/target/surefire-reports
[INFO] Using configured provider org.apache.maven.surefire.testng.TestNGProvider

-------------------------------------------------------
 T E S T S
-------------------------------------------------------
Running TestSuite
Starting test testCompareSizes(org.jclouds.stratogen.vcloud.mycloud.compute.StratoGenVCloudMyCloudTemplateBuilderLiveTest)
Starting test testGetVApp(org.jclouds.stratogen.vcloud.mycloud.features.StratoGenVCloudMyCloudVAppClientLiveTest)
Starting test testFindCatalogIsWriteable(org.jclouds.stratogen.vcloud.mycloud.features.StratoGenVCloudMyCloudCatalogClientLiveTest)
Starting test testListOrgs(org.jclouds.stratogen.vcloud.mycloud.features.StratoGenVCloudMyCloudOrgClientLiveTest)
Starting test testCompareSizes(org.jclouds.stratogen.vcloud.mycloud.compute.StratoGenVCloudMyCloudComputeServiceLiveTest)
[TestNG] Test testFindCatalogIsWriteable(org.jclouds.stratogen.vcloud.mycloud.features.StratoGenVCloudMyCloudCatalogClientLiveTest) succeeded: 7999ms
Test suite progress: tests succeeded: 1, failed: 0, skipped: 0.
Starting test testGetCatalog(org.jclouds.stratogen.vcloud.mycloud.features.StratoGenVCloudMyCloudCatalogClientLiveTest)
[TestNG] Test testGetVApp(org.jclouds.stratogen.vcloud.mycloud.features.StratoGenVCloudMyCloudVAppClientLiveTest) succeeded: 8151ms
Test suite progress: tests succeeded: 2, failed: 0, skipped: 0.
Starting test testCaptureVApp(org.jclouds.stratogen.vcloud.mycloud.features.StratoGenVCloudMyCloudVAppTemplateClientLiveTest)
[TestNG] Test testListOrgs(org.jclouds.stratogen.vcloud.mycloud.features.StratoGenVCloudMyCloudOrgClientLiveTest) succeeded: 8440ms
Test suite progress: tests succeeded: 3, failed: 0, skipped: 0.
Starting test testExtendedOptionsWithCustomizationScript(org.jclouds.stratogen.vcloud.mycloud.features.StratoGenVCloudMyCloudVmClientLiveTest)
[TestNG] Test testGetCatalog(org.jclouds.stratogen.vcloud.mycloud.features.StratoGenVCloudMyCloudCatalogClientLiveTest) succeeded: 3202ms
Test suite progress: tests succeeded: 4, failed: 0, skipped: 0.
smallest [id=https://mycloud.stratogen.net/api/v1.0/vAppTemplate/vappTemplate-134af01d-5684-4c26-85e0-3945c1df94d4, providerId=https://mycloud.stratogen.net/api/v1.0/vAppTemplate/vappTemplate-134af01d-5684-4c26-85e0-3945c1df94d4, name=Ubuntu server 11.04 64bit no GUI (base), processors=[[cores=1.0, speed=1.0]], ram=1024, volumes=[[id=0, type=LOCAL, size=50.0, device=null, durable=true, isBootDevice=true]], hypervisor=VMware, supportsImage=idEquals(https://mycloud.stratogen.net/api/v1.0/vAppTemplate/vappTemplate-134af01d-5684-4c26-85e0-3945c1df94d4), tags=[]]
fastest [id=https://mycloud.stratogen.net/api/v1.0/vAppTemplate/vappTemplate-3a906c43-9d46-4c53-9cd4-32d242d6b941, providerId=https://mycloud.stratogen.net/api/v1.0/vAppTemplate/vappTemplate-3a906c43-9d46-4c53-9cd4-32d242d6b941, name=Vyatta 6.2 Firewall Appliance, processors=[[cores=1.0, speed=1.0]], ram=512, volumes=[[id=0, type=LOCAL, size=4.0, device=null, durable=true, isBootDevice=true]], hypervisor=VMware, supportsImage=idEquals(https://mycloud.stratogen.net/api/v1.0/vAppTemplate/vappTemplate-3a906c43-9d46-4c53-9cd4-32d242d6b941), tags=[]]
biggest [id=https://mycloud.stratogen.net/api/v1.0/vAppTemplate/vappTemplate-3835131f-7675-4478-b466-ae955d704997, providerId=https://mycloud.stratogen.net/api/v1.0/vAppTemplate/vappTemplate-3835131f-7675-4478-b466-ae955d704997, name=CentOS 6.0 GUI (lamp), processors=[[cores=1.0, speed=1.0]], ram=2048, volumes=[[id=0, type=LOCAL, size=50.0, device=null, durable=true, isBootDevice=true]], hypervisor=VMware, supportsImage=idEquals(https://mycloud.stratogen.net/api/v1.0/vAppTemplate/vappTemplate-3835131f-7675-4478-b466-ae955d704997), tags=[]]
[TestNG] Test testCompareSizes(org.jclouds.stratogen.vcloud.mycloud.compute.StratoGenVCloudMyCloudTemplateBuilderLiveTest) succeeded: 46434ms
Test suite progress: tests succeeded: 5, failed: 0, skipped: 0.
Starting test testFromTemplate(org.jclouds.stratogen.vcloud.mycloud.compute.StratoGenVCloudMyCloudTemplateBuilderLiveTest)
[TestNG] Test testFromTemplate(org.jclouds.stratogen.vcloud.mycloud.compute.StratoGenVCloudMyCloudTemplateBuilderLiveTest) succeeded: 16ms
Test suite progress: tests succeeded: 6, failed: 0, skipped: 0.
Starting test testGetAssignableLocations(org.jclouds.stratogen.vcloud.mycloud.compute.StratoGenVCloudMyCloudTemplateBuilderLiveTest)
location [id=https://mycloud.stratogen.net/api/v1.0/vdc/712149e0-a241-4dbc-8d06-d4a9d6f5af75, scope=ZONE, description=jClouds, parent=https://mycloud.stratogen.net/api/v1.0/org/4fc44942-ba30-4222-9977-a61fc6d5824c, iso3166Codes=[], metadata={}]
[TestNG] Test testGetAssignableLocations(org.jclouds.stratogen.vcloud.mycloud.compute.StratoGenVCloudMyCloudTemplateBuilderLiveTest) succeeded: 1ms
Test suite progress: tests succeeded: 7, failed: 0, skipped: 0.
Starting test testTemplateBuilderCanFind(org.jclouds.stratogen.vcloud.mycloud.compute.StratoGenVCloudMyCloudTemplateBuilderLiveTest)
[TestNG] Test testTemplateBuilderCanFind(org.jclouds.stratogen.vcloud.mycloud.compute.StratoGenVCloudMyCloudTemplateBuilderLiveTest) succeeded: 9ms
Test suite progress: tests succeeded: 8, failed: 0, skipped: 0.
Starting test testTemplateBuilderCanFind(org.jclouds.stratogen.vcloud.mycloud.compute.StratoGenVCloudMyCloudTemplateBuilderLiveTest)
[TestNG] Test testTemplateBuilderCanFind(org.jclouds.stratogen.vcloud.mycloud.compute.StratoGenVCloudMyCloudTemplateBuilderLiveTest) succeeded: 2ms
Test suite progress: tests succeeded: 9, failed: 0, skipped: 0.
Starting test testTemplateBuilderCanFind(org.jclouds.stratogen.vcloud.mycloud.compute.StratoGenVCloudMyCloudTemplateBuilderLiveTest)
[TestNG] Test testTemplateBuilderCanFind(org.jclouds.stratogen.vcloud.mycloud.compute.StratoGenVCloudMyCloudTemplateBuilderLiveTest) succeeded: 2ms
Test suite progress: tests succeeded: 10, failed: 0, skipped: 0.
Starting test testTemplateBuilderCanFind(org.jclouds.stratogen.vcloud.mycloud.compute.StratoGenVCloudMyCloudTemplateBuilderLiveTest)
[TestNG] Test testTemplateBuilderCanFind(org.jclouds.stratogen.vcloud.mycloud.compute.StratoGenVCloudMyCloudTemplateBuilderLiveTest) succeeded: 3ms
Test suite progress: tests succeeded: 11, failed: 0, skipped: 0.
Starting test testTemplateBuilderCanFind(org.jclouds.stratogen.vcloud.mycloud.compute.StratoGenVCloudMyCloudTemplateBuilderLiveTest)
[TestNG] Test testTemplateBuilderCanFind(org.jclouds.stratogen.vcloud.mycloud.compute.StratoGenVCloudMyCloudTemplateBuilderLiveTest) succeeded: 2ms
Test suite progress: tests succeeded: 12, failed: 0, skipped: 0.
Starting test testTemplateBuilderCanUseImageId(org.jclouds.stratogen.vcloud.mycloud.compute.StratoGenVCloudMyCloudTemplateBuilderLiveTest)
Mar 8, 2012 1:33:16 PM org.jclouds.compute.BaseComputeServiceLiveTest testCompareSizes
INFO: smallest [id=https://mycloud.stratogen.net/api/v1.0/vAppTemplate/vappTemplate-134af01d-5684-4c26-85e0-3945c1df94d4, providerId=https://mycloud.stratogen.net/api/v1.0/vAppTemplate/vappTemplate-134af01d-5684-4c26-85e0-3945c1df94d4, name=Ubuntu server 11.04 64bit no GUI (base), processors=[[cores=1.0, speed=1.0]], ram=1024, volumes=[[id=0, type=LOCAL, size=50.0, device=null, durable=true, isBootDevice=true]], hypervisor=VMware, supportsImage=idEquals(https://mycloud.stratogen.net/api/v1.0/vAppTemplate/vappTemplate-134af01d-5684-4c26-85e0-3945c1df94d4), tags=[]]
Mar 8, 2012 1:33:16 PM org.jclouds.compute.BaseComputeServiceLiveTest testCompareSizes
INFO: fastest [id=https://mycloud.stratogen.net/api/v1.0/vAppTemplate/vappTemplate-3a906c43-9d46-4c53-9cd4-32d242d6b941, providerId=https://mycloud.stratogen.net/api/v1.0/vAppTemplate/vappTemplate-3a906c43-9d46-4c53-9cd4-32d242d6b941, name=Vyatta 6.2 Firewall Appliance, processors=[[cores=1.0, speed=1.0]], ram=512, volumes=[[id=0, type=LOCAL, size=4.0, device=null, durable=true, isBootDevice=true]], hypervisor=VMware, supportsImage=idEquals(https://mycloud.stratogen.net/api/v1.0/vAppTemplate/vappTemplate-3a906c43-9d46-4c53-9cd4-32d242d6b941), tags=[]]
Mar 8, 2012 1:33:16 PM org.jclouds.compute.BaseComputeServiceLiveTest testCompareSizes
INFO: biggest [id=https://mycloud.stratogen.net/api/v1.0/vAppTemplate/vappTemplate-3835131f-7675-4478-b466-ae955d704997, providerId=https://mycloud.stratogen.net/api/v1.0/vAppTemplate/vappTemplate-3835131f-7675-4478-b466-ae955d704997, name=CentOS 6.0 GUI (lamp), processors=[[cores=1.0, speed=1.0]], ram=2048, volumes=[[id=0, type=LOCAL, size=50.0, device=null, durable=true, isBootDevice=true]], hypervisor=VMware, supportsImage=idEquals(https://mycloud.stratogen.net/api/v1.0/vAppTemplate/vappTemplate-3835131f-7675-4478-b466-ae955d704997), tags=[]]
[TestNG] Test testCompareSizes(org.jclouds.stratogen.vcloud.mycloud.compute.StratoGenVCloudMyCloudComputeServiceLiveTest) succeeded: 46466ms
Test suite progress: tests succeeded: 13, failed: 0, skipped: 0.
Starting test testCorrectAuthException(org.jclouds.stratogen.vcloud.mycloud.compute.StratoGenVCloudMyCloudComputeServiceLiveTest)
[TestNG] Test testCorrectAuthException(org.jclouds.stratogen.vcloud.mycloud.compute.StratoGenVCloudMyCloudComputeServiceLiveTest) succeeded: 2523ms
Test suite progress: tests succeeded: 14, failed: 0, skipped: 0.
Starting test testCreateAndRunAService(org.jclouds.stratogen.vcloud.mycloud.compute.StratoGenVCloudMyCloudComputeServiceLiveTest)
[TestNG] Test testTemplateBuilderCanUseImageId(org.jclouds.stratogen.vcloud.mycloud.compute.StratoGenVCloudMyCloudTemplateBuilderLiveTest) failed.
Test suite progress: tests succeeded: 14, failed: 1, skipped: 0.
Starting test testTemplateBuilderCannotFind(org.jclouds.stratogen.vcloud.mycloud.compute.StratoGenVCloudMyCloudTemplateBuilderLiveTest)
[TestNG] Test testTemplateBuilderCannotFind(org.jclouds.stratogen.vcloud.mycloud.compute.StratoGenVCloudMyCloudTemplateBuilderLiveTest) succeeded: 1ms
Test suite progress: tests succeeded: 15, failed: 1, skipped: 0.
Starting test testTemplateBuilderCannotFind(org.jclouds.stratogen.vcloud.mycloud.compute.StratoGenVCloudMyCloudTemplateBuilderLiveTest)
[TestNG] Test testTemplateBuilderCannotFind(org.jclouds.stratogen.vcloud.mycloud.compute.StratoGenVCloudMyCloudTemplateBuilderLiveTest) succeeded: 1ms
Test suite progress: tests succeeded: 16, failed: 1, skipped: 0.
Starting test testTemplateBuilderCannotFind(org.jclouds.stratogen.vcloud.mycloud.compute.StratoGenVCloudMyCloudTemplateBuilderLiveTest)
[TestNG] Test testTemplateBuilderCannotFind(org.jclouds.stratogen.vcloud.mycloud.compute.StratoGenVCloudMyCloudTemplateBuilderLiveTest) succeeded: 1ms
Test suite progress: tests succeeded: 17, failed: 1, skipped: 0.
Starting test testTemplateBuilderCannotFind(org.jclouds.stratogen.vcloud.mycloud.compute.StratoGenVCloudMyCloudTemplateBuilderLiveTest)
[TestNG] Test testTemplateBuilderCannotFind(org.jclouds.stratogen.vcloud.mycloud.compute.StratoGenVCloudMyCloudTemplateBuilderLiveTest) succeeded: 1ms
Test suite progress: tests succeeded: 18, failed: 1, skipped: 0.
Starting test testTemplateBuilderCannotFind(org.jclouds.stratogen.vcloud.mycloud.compute.StratoGenVCloudMyCloudTemplateBuilderLiveTest)
[TestNG] Test testTemplateBuilderCannotFind(org.jclouds.stratogen.vcloud.mycloud.compute.StratoGenVCloudMyCloudTemplateBuilderLiveTest) succeeded: 3ms
Test suite progress: tests succeeded: 19, failed: 1, skipped: 0.
Starting test testTemplateBuilderCannotFind(org.jclouds.stratogen.vcloud.mycloud.compute.StratoGenVCloudMyCloudTemplateBuilderLiveTest)
[TestNG] Test testTemplateBuilderCannotFind(org.jclouds.stratogen.vcloud.mycloud.compute.StratoGenVCloudMyCloudTemplateBuilderLiveTest) succeeded: 4ms
Test suite progress: tests succeeded: 20, failed: 1, skipped: 0.
Starting test testTemplateBuilderCannotFind(org.jclouds.stratogen.vcloud.mycloud.compute.StratoGenVCloudMyCloudTemplateBuilderLiveTest)
[TestNG] Test testTemplateBuilderCannotFind(org.jclouds.stratogen.vcloud.mycloud.compute.StratoGenVCloudMyCloudTemplateBuilderLiveTest) succeeded: 1ms
Test suite progress: tests succeeded: 21, failed: 1, skipped: 0.
Starting test testTemplateBuilderCannotFind(org.jclouds.stratogen.vcloud.mycloud.compute.StratoGenVCloudMyCloudTemplateBuilderLiveTest)
[TestNG] Test testTemplateBuilderCannotFind(org.jclouds.stratogen.vcloud.mycloud.compute.StratoGenVCloudMyCloudTemplateBuilderLiveTest) succeeded: 0ms
Test suite progress: tests succeeded: 22, failed: 1, skipped: 0.
Starting test testTemplateBuilderCannotFind(org.jclouds.stratogen.vcloud.mycloud.compute.StratoGenVCloudMyCloudTemplateBuilderLiveTest)
[TestNG] Test testTemplateBuilderCannotFind(org.jclouds.stratogen.vcloud.mycloud.compute.StratoGenVCloudMyCloudTemplateBuilderLiveTest) succeeded: 1ms
Test suite progress: tests succeeded: 23, failed: 1, skipped: 0.
Starting test testTemplateBuilderCannotFind(org.jclouds.stratogen.vcloud.mycloud.compute.StratoGenVCloudMyCloudTemplateBuilderLiveTest)
[TestNG] Test testTemplateBuilderCannotFind(org.jclouds.stratogen.vcloud.mycloud.compute.StratoGenVCloudMyCloudTemplateBuilderLiveTest) succeeded: 1ms
Test suite progress: tests succeeded: 24, failed: 1, skipped: 0.
Starting test testTemplateBuilderCannotFind(org.jclouds.stratogen.vcloud.mycloud.compute.StratoGenVCloudMyCloudTemplateBuilderLiveTest)
[TestNG] Test testTemplateBuilderCannotFind(org.jclouds.stratogen.vcloud.mycloud.compute.StratoGenVCloudMyCloudTemplateBuilderLiveTest) succeeded: 0ms
Test suite progress: tests succeeded: 25, failed: 1, skipped: 0.
Starting test testTemplateBuilderCannotFind(org.jclouds.stratogen.vcloud.mycloud.compute.StratoGenVCloudMyCloudTemplateBuilderLiveTest)
[TestNG] Test testTemplateBuilderCannotFind(org.jclouds.stratogen.vcloud.mycloud.compute.StratoGenVCloudMyCloudTemplateBuilderLiveTest) succeeded: 0ms
Test suite progress: tests succeeded: 26, failed: 1, skipped: 0.
Starting test testTemplateBuilderCannotFind(org.jclouds.stratogen.vcloud.mycloud.compute.StratoGenVCloudMyCloudTemplateBuilderLiveTest)
[TestNG] Test testTemplateBuilderCannotFind(org.jclouds.stratogen.vcloud.mycloud.compute.StratoGenVCloudMyCloudTemplateBuilderLiveTest) succeeded: 2ms
Test suite progress: tests succeeded: 27, failed: 1, skipped: 0.
Starting test testTemplateBuilderCannotFind(org.jclouds.stratogen.vcloud.mycloud.compute.StratoGenVCloudMyCloudTemplateBuilderLiveTest)
[TestNG] Test testTemplateBuilderCannotFind(org.jclouds.stratogen.vcloud.mycloud.compute.StratoGenVCloudMyCloudTemplateBuilderLiveTest) succeeded: 1ms
Test suite progress: tests succeeded: 28, failed: 1, skipped: 0.
Starting test testTemplateBuilderCannotFind(org.jclouds.stratogen.vcloud.mycloud.compute.StratoGenVCloudMyCloudTemplateBuilderLiveTest)
[TestNG] Test testTemplateBuilderCannotFind(org.jclouds.stratogen.vcloud.mycloud.compute.StratoGenVCloudMyCloudTemplateBuilderLiveTest) succeeded: 5ms
Test suite progress: tests succeeded: 29, failed: 1, skipped: 0.
Starting test testTemplateBuilderCannotFind(org.jclouds.stratogen.vcloud.mycloud.compute.StratoGenVCloudMyCloudTemplateBuilderLiveTest)
[TestNG] Test testTemplateBuilderCannotFind(org.jclouds.stratogen.vcloud.mycloud.compute.StratoGenVCloudMyCloudTemplateBuilderLiveTest) succeeded: 2ms
Test suite progress: tests succeeded: 30, failed: 1, skipped: 0.
Starting test testTemplateBuilderCannotFind(org.jclouds.stratogen.vcloud.mycloud.compute.StratoGenVCloudMyCloudTemplateBuilderLiveTest)
[TestNG] Test testTemplateBuilderCannotFind(org.jclouds.stratogen.vcloud.mycloud.compute.StratoGenVCloudMyCloudTemplateBuilderLiveTest) succeeded: 1ms
Test suite progress: tests succeeded: 31, failed: 1, skipped: 0.
Starting test testTemplateBuilderCannotFind(org.jclouds.stratogen.vcloud.mycloud.compute.StratoGenVCloudMyCloudTemplateBuilderLiveTest)
[TestNG] Test testTemplateBuilderCannotFind(org.jclouds.stratogen.vcloud.mycloud.compute.StratoGenVCloudMyCloudTemplateBuilderLiveTest) succeeded: 3ms
Test suite progress: tests succeeded: 32, failed: 1, skipped: 0.
Starting test testTemplateBuilderCannotFind(org.jclouds.stratogen.vcloud.mycloud.compute.StratoGenVCloudMyCloudTemplateBuilderLiveTest)
[TestNG] Test testTemplateBuilderCannotFind(org.jclouds.stratogen.vcloud.mycloud.compute.StratoGenVCloudMyCloudTemplateBuilderLiveTest) succeeded: 1ms
Test suite progress: tests succeeded: 33, failed: 1, skipped: 0.
Starting test testTemplateBuilderCannotFind(org.jclouds.stratogen.vcloud.mycloud.compute.StratoGenVCloudMyCloudTemplateBuilderLiveTest)
[TestNG] Test testTemplateBuilderCannotFind(org.jclouds.stratogen.vcloud.mycloud.compute.StratoGenVCloudMyCloudTemplateBuilderLiveTest) succeeded: 2ms
Test suite progress: tests succeeded: 34, failed: 1, skipped: 0.
Starting test testTemplateBuilderCannotFind(org.jclouds.stratogen.vcloud.mycloud.compute.StratoGenVCloudMyCloudTemplateBuilderLiveTest)
[TestNG] Test testTemplateBuilderCannotFind(org.jclouds.stratogen.vcloud.mycloud.compute.StratoGenVCloudMyCloudTemplateBuilderLiveTest) succeeded: 1ms
Test suite progress: tests succeeded: 35, failed: 1, skipped: 0.
Starting test testTemplateBuilderCannotFind(org.jclouds.stratogen.vcloud.mycloud.compute.StratoGenVCloudMyCloudTemplateBuilderLiveTest)
[TestNG] Test testTemplateBuilderCannotFind(org.jclouds.stratogen.vcloud.mycloud.compute.StratoGenVCloudMyCloudTemplateBuilderLiveTest) succeeded: 0ms
Test suite progress: tests succeeded: 36, failed: 1, skipped: 0.
Starting test testTemplateBuilderCannotFind(org.jclouds.stratogen.vcloud.mycloud.compute.StratoGenVCloudMyCloudTemplateBuilderLiveTest)
[TestNG] Test testTemplateBuilderCannotFind(org.jclouds.stratogen.vcloud.mycloud.compute.StratoGenVCloudMyCloudTemplateBuilderLiveTest) succeeded: 0ms
Test suite progress: tests succeeded: 37, failed: 1, skipped: 0.
Starting test testTemplateBuilderCannotFind(org.jclouds.stratogen.vcloud.mycloud.compute.StratoGenVCloudMyCloudTemplateBuilderLiveTest)
[TestNG] Test testTemplateBuilderCannotFind(org.jclouds.stratogen.vcloud.mycloud.compute.StratoGenVCloudMyCloudTemplateBuilderLiveTest) succeeded: 1ms
Test suite progress: tests succeeded: 38, failed: 1, skipped: 0.
Starting test testTemplateBuilderCannotFind(org.jclouds.stratogen.vcloud.mycloud.compute.StratoGenVCloudMyCloudTemplateBuilderLiveTest)
[TestNG] Test testTemplateBuilderCannotFind(org.jclouds.stratogen.vcloud.mycloud.compute.StratoGenVCloudMyCloudTemplateBuilderLiveTest) succeeded: 1ms
Test suite progress: tests succeeded: 39, failed: 1, skipped: 0.
Starting test testTemplateBuilderCannotFind(org.jclouds.stratogen.vcloud.mycloud.compute.StratoGenVCloudMyCloudTemplateBuilderLiveTest)
[TestNG] Test testTemplateBuilderCannotFind(org.jclouds.stratogen.vcloud.mycloud.compute.StratoGenVCloudMyCloudTemplateBuilderLiveTest) succeeded: 3ms
Test suite progress: tests succeeded: 40, failed: 1, skipped: 0.
Starting test testTemplateBuilderCannotFind(org.jclouds.stratogen.vcloud.mycloud.compute.StratoGenVCloudMyCloudTemplateBuilderLiveTest)
[TestNG] Test testTemplateBuilderCannotFind(org.jclouds.stratogen.vcloud.mycloud.compute.StratoGenVCloudMyCloudTemplateBuilderLiveTest) succeeded: 1ms
Test suite progress: tests succeeded: 41, failed: 1, skipped: 0.
Starting test testTemplateBuilderCannotFind(org.jclouds.stratogen.vcloud.mycloud.compute.StratoGenVCloudMyCloudTemplateBuilderLiveTest)
[TestNG] Test testTemplateBuilderCannotFind(org.jclouds.stratogen.vcloud.mycloud.compute.StratoGenVCloudMyCloudTemplateBuilderLiveTest) succeeded: 3ms
Test suite progress: tests succeeded: 42, failed: 1, skipped: 0.
Starting test testTemplateBuilderCannotFind(org.jclouds.stratogen.vcloud.mycloud.compute.StratoGenVCloudMyCloudTemplateBuilderLiveTest)
[TestNG] Test testTemplateBuilderCannotFind(org.jclouds.stratogen.vcloud.mycloud.compute.StratoGenVCloudMyCloudTemplateBuilderLiveTest) succeeded: 0ms
Test suite progress: tests succeeded: 43, failed: 1, skipped: 0.
Starting test testTemplateBuilderCannotFind(org.jclouds.stratogen.vcloud.mycloud.compute.StratoGenVCloudMyCloudTemplateBuilderLiveTest)
[TestNG] Test testTemplateBuilderCannotFind(org.jclouds.stratogen.vcloud.mycloud.compute.StratoGenVCloudMyCloudTemplateBuilderLiveTest) succeeded: 0ms
Test suite progress: tests succeeded: 44, failed: 1, skipped: 0.
Starting test testTemplateBuilderCannotFind(org.jclouds.stratogen.vcloud.mycloud.compute.StratoGenVCloudMyCloudTemplateBuilderLiveTest)
[TestNG] Test testTemplateBuilderCannotFind(org.jclouds.stratogen.vcloud.mycloud.compute.StratoGenVCloudMyCloudTemplateBuilderLiveTest) succeeded: 1ms
Test suite progress: tests succeeded: 45, failed: 1, skipped: 0.
Starting test testTemplateBuilderCannotFind(org.jclouds.stratogen.vcloud.mycloud.compute.StratoGenVCloudMyCloudTemplateBuilderLiveTest)
[TestNG] Test testTemplateBuilderCannotFind(org.jclouds.stratogen.vcloud.mycloud.compute.StratoGenVCloudMyCloudTemplateBuilderLiveTest) succeeded: 2ms
Test suite progress: tests succeeded: 46, failed: 1, skipped: 0.
Starting test testTemplateBuilderCannotFind(org.jclouds.stratogen.vcloud.mycloud.compute.StratoGenVCloudMyCloudTemplateBuilderLiveTest)
[TestNG] Test testTemplateBuilderCannotFind(org.jclouds.stratogen.vcloud.mycloud.compute.StratoGenVCloudMyCloudTemplateBuilderLiveTest) succeeded: 1ms
Test suite progress: tests succeeded: 47, failed: 1, skipped: 0.
Starting test testTemplateBuilderCannotFind(org.jclouds.stratogen.vcloud.mycloud.compute.StratoGenVCloudMyCloudTemplateBuilderLiveTest)
[TestNG] Test testTemplateBuilderCannotFind(org.jclouds.stratogen.vcloud.mycloud.compute.StratoGenVCloudMyCloudTemplateBuilderLiveTest) succeeded: 1ms
Test suite progress: tests succeeded: 48, failed: 1, skipped: 0.
Starting test testTemplateBuilderCannotFind(org.jclouds.stratogen.vcloud.mycloud.compute.StratoGenVCloudMyCloudTemplateBuilderLiveTest)
[TestNG] Test testTemplateBuilderCannotFind(org.jclouds.stratogen.vcloud.mycloud.compute.StratoGenVCloudMyCloudTemplateBuilderLiveTest) succeeded: 1ms
Test suite progress: tests succeeded: 49, failed: 1, skipped: 0.
Starting test testTemplateBuilderCannotFind(org.jclouds.stratogen.vcloud.mycloud.compute.StratoGenVCloudMyCloudTemplateBuilderLiveTest)
[TestNG] Test testTemplateBuilderCannotFind(org.jclouds.stratogen.vcloud.mycloud.compute.StratoGenVCloudMyCloudTemplateBuilderLiveTest) succeeded: 1ms
Test suite progress: tests succeeded: 50, failed: 1, skipped: 0.
Starting test testTemplateBuilderCannotFind(org.jclouds.stratogen.vcloud.mycloud.compute.StratoGenVCloudMyCloudTemplateBuilderLiveTest)
[TestNG] Test testTemplateBuilderCannotFind(org.jclouds.stratogen.vcloud.mycloud.compute.StratoGenVCloudMyCloudTemplateBuilderLiveTest) succeeded: 0ms
Test suite progress: tests succeeded: 51, failed: 1, skipped: 0.
Starting test testTemplateBuilderCannotFind(org.jclouds.stratogen.vcloud.mycloud.compute.StratoGenVCloudMyCloudTemplateBuilderLiveTest)
[TestNG] Test testTemplateBuilderCannotFind(org.jclouds.stratogen.vcloud.mycloud.compute.StratoGenVCloudMyCloudTemplateBuilderLiveTest) succeeded: 0ms
Test suite progress: tests succeeded: 52, failed: 1, skipped: 0.
Starting test testTemplateBuilderCannotFind(org.jclouds.stratogen.vcloud.mycloud.compute.StratoGenVCloudMyCloudTemplateBuilderLiveTest)
[TestNG] Test testTemplateBuilderCannotFind(org.jclouds.stratogen.vcloud.mycloud.compute.StratoGenVCloudMyCloudTemplateBuilderLiveTest) succeeded: 1ms
Test suite progress: tests succeeded: 53, failed: 1, skipped: 0.
Starting test testTemplateBuilderCannotFind(org.jclouds.stratogen.vcloud.mycloud.compute.StratoGenVCloudMyCloudTemplateBuilderLiveTest)
[TestNG] Test testTemplateBuilderCannotFind(org.jclouds.stratogen.vcloud.mycloud.compute.StratoGenVCloudMyCloudTemplateBuilderLiveTest) succeeded: 2ms
Test suite progress: tests succeeded: 54, failed: 1, skipped: 0.
Starting test testTemplateBuilderCannotFind(org.jclouds.stratogen.vcloud.mycloud.compute.StratoGenVCloudMyCloudTemplateBuilderLiveTest)
[TestNG] Test testTemplateBuilderCannotFind(org.jclouds.stratogen.vcloud.mycloud.compute.StratoGenVCloudMyCloudTemplateBuilderLiveTest) succeeded: 1ms
Test suite progress: tests succeeded: 55, failed: 1, skipped: 0.
Starting test testTemplateBuilderCannotFind(org.jclouds.stratogen.vcloud.mycloud.compute.StratoGenVCloudMyCloudTemplateBuilderLiveTest)
[TestNG] Test testTemplateBuilderCannotFind(org.jclouds.stratogen.vcloud.mycloud.compute.StratoGenVCloudMyCloudTemplateBuilderLiveTest) succeeded: 0ms
Test suite progress: tests succeeded: 56, failed: 1, skipped: 0.
Starting test testTemplateBuilderCannotFind(org.jclouds.stratogen.vcloud.mycloud.compute.StratoGenVCloudMyCloudTemplateBuilderLiveTest)
[TestNG] Test testTemplateBuilderCannotFind(org.jclouds.stratogen.vcloud.mycloud.compute.StratoGenVCloudMyCloudTemplateBuilderLiveTest) succeeded: 3ms
Test suite progress: tests succeeded: 57, failed: 1, skipped: 0.
Starting test testTemplateBuilderCannotFind(org.jclouds.stratogen.vcloud.mycloud.compute.StratoGenVCloudMyCloudTemplateBuilderLiveTest)
[TestNG] Test testTemplateBuilderCannotFind(org.jclouds.stratogen.vcloud.mycloud.compute.StratoGenVCloudMyCloudTemplateBuilderLiveTest) succeeded: 1ms
Test suite progress: tests succeeded: 58, failed: 1, skipped: 0.
Starting test testTemplateBuilderCannotFind(org.jclouds.stratogen.vcloud.mycloud.compute.StratoGenVCloudMyCloudTemplateBuilderLiveTest)
[TestNG] Test testTemplateBuilderCannotFind(org.jclouds.stratogen.vcloud.mycloud.compute.StratoGenVCloudMyCloudTemplateBuilderLiveTest) succeeded: 0ms
Test suite progress: tests succeeded: 59, failed: 1, skipped: 0.
Starting test testTemplateBuilderCannotFind(org.jclouds.stratogen.vcloud.mycloud.compute.StratoGenVCloudMyCloudTemplateBuilderLiveTest)
[TestNG] Test testTemplateBuilderCannotFind(org.jclouds.stratogen.vcloud.mycloud.compute.StratoGenVCloudMyCloudTemplateBuilderLiveTest) succeeded: 1ms
Test suite progress: tests succeeded: 60, failed: 1, skipped: 0.
Starting test testTemplateBuilderCannotFind(org.jclouds.stratogen.vcloud.mycloud.compute.StratoGenVCloudMyCloudTemplateBuilderLiveTest)
[TestNG] Test testTemplateBuilderCannotFind(org.jclouds.stratogen.vcloud.mycloud.compute.StratoGenVCloudMyCloudTemplateBuilderLiveTest) succeeded: 0ms
Test suite progress: tests succeeded: 61, failed: 1, skipped: 0.
Starting test testTemplateBuilderCannotFind(org.jclouds.stratogen.vcloud.mycloud.compute.StratoGenVCloudMyCloudTemplateBuilderLiveTest)
[TestNG] Test testTemplateBuilderCannotFind(org.jclouds.stratogen.vcloud.mycloud.compute.StratoGenVCloudMyCloudTemplateBuilderLiveTest) succeeded: 1ms
Test suite progress: tests succeeded: 62, failed: 1, skipped: 0.
Starting test testTemplateBuilderCannotFind(org.jclouds.stratogen.vcloud.mycloud.compute.StratoGenVCloudMyCloudTemplateBuilderLiveTest)
[TestNG] Test testTemplateBuilderCannotFind(org.jclouds.stratogen.vcloud.mycloud.compute.StratoGenVCloudMyCloudTemplateBuilderLiveTest) succeeded: 0ms
Test suite progress: tests succeeded: 63, failed: 1, skipped: 0.
Starting test testTemplateBuilderCannotFind(org.jclouds.stratogen.vcloud.mycloud.compute.StratoGenVCloudMyCloudTemplateBuilderLiveTest)
[TestNG] Test testTemplateBuilderCannotFind(org.jclouds.stratogen.vcloud.mycloud.compute.StratoGenVCloudMyCloudTemplateBuilderLiveTest) succeeded: 1ms
Test suite progress: tests succeeded: 64, failed: 1, skipped: 0.
Starting test testTemplateBuilderCannotFind(org.jclouds.stratogen.vcloud.mycloud.compute.StratoGenVCloudMyCloudTemplateBuilderLiveTest)
[TestNG] Test testTemplateBuilderCannotFind(org.jclouds.stratogen.vcloud.mycloud.compute.StratoGenVCloudMyCloudTemplateBuilderLiveTest) succeeded: 0ms
Test suite progress: tests succeeded: 65, failed: 1, skipped: 0.
Starting test testTemplateBuilderCannotFind(org.jclouds.stratogen.vcloud.mycloud.compute.StratoGenVCloudMyCloudTemplateBuilderLiveTest)
[TestNG] Test testTemplateBuilderCannotFind(org.jclouds.stratogen.vcloud.mycloud.compute.StratoGenVCloudMyCloudTemplateBuilderLiveTest) succeeded: 1ms
Test suite progress: tests succeeded: 66, failed: 1, skipped: 0.
Starting test testTemplateBuilderCannotFind(org.jclouds.stratogen.vcloud.mycloud.compute.StratoGenVCloudMyCloudTemplateBuilderLiveTest)
[TestNG] Test testTemplateBuilderCannotFind(org.jclouds.stratogen.vcloud.mycloud.compute.StratoGenVCloudMyCloudTemplateBuilderLiveTest) succeeded: 1ms
Test suite progress: tests succeeded: 67, failed: 1, skipped: 0.
Starting test testTemplateBuilderCannotFind(org.jclouds.stratogen.vcloud.mycloud.compute.StratoGenVCloudMyCloudTemplateBuilderLiveTest)
[TestNG] Test testTemplateBuilderCannotFind(org.jclouds.stratogen.vcloud.mycloud.compute.StratoGenVCloudMyCloudTemplateBuilderLiveTest) succeeded: 2ms
Test suite progress: tests succeeded: 68, failed: 1, skipped: 0.
Starting test testTemplateBuilderCannotFind(org.jclouds.stratogen.vcloud.mycloud.compute.StratoGenVCloudMyCloudTemplateBuilderLiveTest)
[TestNG] Test testTemplateBuilderCannotFind(org.jclouds.stratogen.vcloud.mycloud.compute.StratoGenVCloudMyCloudTemplateBuilderLiveTest) succeeded: 1ms
Test suite progress: tests succeeded: 69, failed: 1, skipped: 0.
Starting test testTemplateBuilderCannotFind(org.jclouds.stratogen.vcloud.mycloud.compute.StratoGenVCloudMyCloudTemplateBuilderLiveTest)
[TestNG] Test testTemplateBuilderCannotFind(org.jclouds.stratogen.vcloud.mycloud.compute.StratoGenVCloudMyCloudTemplateBuilderLiveTest) succeeded: 0ms
Test suite progress: tests succeeded: 70, failed: 1, skipped: 0.
Starting test testTemplateBuilderCannotFind(org.jclouds.stratogen.vcloud.mycloud.compute.StratoGenVCloudMyCloudTemplateBuilderLiveTest)
[TestNG] Test testTemplateBuilderCannotFind(org.jclouds.stratogen.vcloud.mycloud.compute.StratoGenVCloudMyCloudTemplateBuilderLiveTest) succeeded: 0ms
Test suite progress: tests succeeded: 71, failed: 1, skipped: 0.
Starting test testTemplateBuilderCannotFind(org.jclouds.stratogen.vcloud.mycloud.compute.StratoGenVCloudMyCloudTemplateBuilderLiveTest)
[TestNG] Test testTemplateBuilderCannotFind(org.jclouds.stratogen.vcloud.mycloud.compute.StratoGenVCloudMyCloudTemplateBuilderLiveTest) succeeded: 0ms
Test suite progress: tests succeeded: 72, failed: 1, skipped: 0.
Starting test testTemplateBuilderCannotFind(org.jclouds.stratogen.vcloud.mycloud.compute.StratoGenVCloudMyCloudTemplateBuilderLiveTest)
[TestNG] Test testTemplateBuilderCannotFind(org.jclouds.stratogen.vcloud.mycloud.compute.StratoGenVCloudMyCloudTemplateBuilderLiveTest) succeeded: 0ms
Test suite progress: tests succeeded: 73, failed: 1, skipped: 0.
Starting test testTemplateBuilderCannotFind(org.jclouds.stratogen.vcloud.mycloud.compute.StratoGenVCloudMyCloudTemplateBuilderLiveTest)
[TestNG] Test testTemplateBuilderCannotFind(org.jclouds.stratogen.vcloud.mycloud.compute.StratoGenVCloudMyCloudTemplateBuilderLiveTest) succeeded: 0ms
Test suite progress: tests succeeded: 74, failed: 1, skipped: 0.
Starting test testTemplateBuilderCannotFind(org.jclouds.stratogen.vcloud.mycloud.compute.StratoGenVCloudMyCloudTemplateBuilderLiveTest)
[TestNG] Test testTemplateBuilderCannotFind(org.jclouds.stratogen.vcloud.mycloud.compute.StratoGenVCloudMyCloudTemplateBuilderLiveTest) succeeded: 1ms
Test suite progress: tests succeeded: 75, failed: 1, skipped: 0.
Starting test testTemplateBuilderCannotFind(org.jclouds.stratogen.vcloud.mycloud.compute.StratoGenVCloudMyCloudTemplateBuilderLiveTest)
[TestNG] Test testTemplateBuilderCannotFind(org.jclouds.stratogen.vcloud.mycloud.compute.StratoGenVCloudMyCloudTemplateBuilderLiveTest) succeeded: 0ms
Test suite progress: tests succeeded: 76, failed: 1, skipped: 0.
Starting test testTemplateBuilderCannotFind(org.jclouds.stratogen.vcloud.mycloud.compute.StratoGenVCloudMyCloudTemplateBuilderLiveTest)
[TestNG] Test testTemplateBuilderCannotFind(org.jclouds.stratogen.vcloud.mycloud.compute.StratoGenVCloudMyCloudTemplateBuilderLiveTest) succeeded: 1ms
Test suite progress: tests succeeded: 77, failed: 1, skipped: 0.
Starting test testTemplateBuilderCannotFind(org.jclouds.stratogen.vcloud.mycloud.compute.StratoGenVCloudMyCloudTemplateBuilderLiveTest)
[TestNG] Test testTemplateBuilderCannotFind(org.jclouds.stratogen.vcloud.mycloud.compute.StratoGenVCloudMyCloudTemplateBuilderLiveTest) succeeded: 0ms
Test suite progress: tests succeeded: 78, failed: 1, skipped: 0.
Starting test testTemplateBuilderCannotFind(org.jclouds.stratogen.vcloud.mycloud.compute.StratoGenVCloudMyCloudTemplateBuilderLiveTest)
[TestNG] Test testTemplateBuilderCannotFind(org.jclouds.stratogen.vcloud.mycloud.compute.StratoGenVCloudMyCloudTemplateBuilderLiveTest) succeeded: 1ms
Test suite progress: tests succeeded: 79, failed: 1, skipped: 0.
Starting test testTemplateBuilderCannotFind(org.jclouds.stratogen.vcloud.mycloud.compute.StratoGenVCloudMyCloudTemplateBuilderLiveTest)
[TestNG] Test testTemplateBuilderCannotFind(org.jclouds.stratogen.vcloud.mycloud.compute.StratoGenVCloudMyCloudTemplateBuilderLiveTest) succeeded: 0ms
Test suite progress: tests succeeded: 80, failed: 1, skipped: 0.
Starting test testTemplateBuilderCannotFind(org.jclouds.stratogen.vcloud.mycloud.compute.StratoGenVCloudMyCloudTemplateBuilderLiveTest)
[TestNG] Test testTemplateBuilderCannotFind(org.jclouds.stratogen.vcloud.mycloud.compute.StratoGenVCloudMyCloudTemplateBuilderLiveTest) succeeded: 1ms
Test suite progress: tests succeeded: 81, failed: 1, skipped: 0.
Starting test testTemplateBuilderCannotFind(org.jclouds.stratogen.vcloud.mycloud.compute.StratoGenVCloudMyCloudTemplateBuilderLiveTest)
[TestNG] Test testTemplateBuilderCannotFind(org.jclouds.stratogen.vcloud.mycloud.compute.StratoGenVCloudMyCloudTemplateBuilderLiveTest) succeeded: 0ms
Test suite progress: tests succeeded: 82, failed: 1, skipped: 0.
Starting test testTemplateBuilderCannotFind(org.jclouds.stratogen.vcloud.mycloud.compute.StratoGenVCloudMyCloudTemplateBuilderLiveTest)
[TestNG] Test testTemplateBuilderCannotFind(org.jclouds.stratogen.vcloud.mycloud.compute.StratoGenVCloudMyCloudTemplateBuilderLiveTest) succeeded: 1ms
Test suite progress: tests succeeded: 83, failed: 1, skipped: 0.
Starting test testTemplateBuilderCannotFind(org.jclouds.stratogen.vcloud.mycloud.compute.StratoGenVCloudMyCloudTemplateBuilderLiveTest)
[TestNG] Test testTemplateBuilderCannotFind(org.jclouds.stratogen.vcloud.mycloud.compute.StratoGenVCloudMyCloudTemplateBuilderLiveTest) succeeded: 0ms
Test suite progress: tests succeeded: 84, failed: 1, skipped: 0.
Starting test testTemplateBuilderCannotFind(org.jclouds.stratogen.vcloud.mycloud.compute.StratoGenVCloudMyCloudTemplateBuilderLiveTest)
[TestNG] Test testTemplateBuilderCannotFind(org.jclouds.stratogen.vcloud.mycloud.compute.StratoGenVCloudMyCloudTemplateBuilderLiveTest) succeeded: 1ms
Test suite progress: tests succeeded: 85, failed: 1, skipped: 0.
Starting test testTemplateBuilderCannotFind(org.jclouds.stratogen.vcloud.mycloud.compute.StratoGenVCloudMyCloudTemplateBuilderLiveTest)
[TestNG] Test testTemplateBuilderCannotFind(org.jclouds.stratogen.vcloud.mycloud.compute.StratoGenVCloudMyCloudTemplateBuilderLiveTest) succeeded: 0ms
Test suite progress: tests succeeded: 86, failed: 1, skipped: 0.
Starting test testTemplateBuilderCannotFind(org.jclouds.stratogen.vcloud.mycloud.compute.StratoGenVCloudMyCloudTemplateBuilderLiveTest)
[TestNG] Test testTemplateBuilderCannotFind(org.jclouds.stratogen.vcloud.mycloud.compute.StratoGenVCloudMyCloudTemplateBuilderLiveTest) succeeded: 1ms
Test suite progress: tests succeeded: 87, failed: 1, skipped: 0.
Starting test testTemplateBuilderCannotFind(org.jclouds.stratogen.vcloud.mycloud.compute.StratoGenVCloudMyCloudTemplateBuilderLiveTest)
[TestNG] Test testTemplateBuilderCannotFind(org.jclouds.stratogen.vcloud.mycloud.compute.StratoGenVCloudMyCloudTemplateBuilderLiveTest) succeeded: 0ms
Test suite progress: tests succeeded: 88, failed: 1, skipped: 0.
Starting test testTemplateBuilderCannotFind(org.jclouds.stratogen.vcloud.mycloud.compute.StratoGenVCloudMyCloudTemplateBuilderLiveTest)
[TestNG] Test testTemplateBuilderCannotFind(org.jclouds.stratogen.vcloud.mycloud.compute.StratoGenVCloudMyCloudTemplateBuilderLiveTest) succeeded: 6ms
Test suite progress: tests succeeded: 89, failed: 1, skipped: 0.
Starting test testTemplateBuilderCannotFind(org.jclouds.stratogen.vcloud.mycloud.compute.StratoGenVCloudMyCloudTemplateBuilderLiveTest)
[TestNG] Test testTemplateBuilderCannotFind(org.jclouds.stratogen.vcloud.mycloud.compute.StratoGenVCloudMyCloudTemplateBuilderLiveTest) succeeded: 1ms
Test suite progress: tests succeeded: 90, failed: 1, skipped: 0.
Starting test testTemplateBuilderCannotFind(org.jclouds.stratogen.vcloud.mycloud.compute.StratoGenVCloudMyCloudTemplateBuilderLiveTest)
[TestNG] Test testTemplateBuilderCannotFind(org.jclouds.stratogen.vcloud.mycloud.compute.StratoGenVCloudMyCloudTemplateBuilderLiveTest) succeeded: 1ms
Test suite progress: tests succeeded: 91, failed: 1, skipped: 0.
Starting test testTemplateBuilderCannotFind(org.jclouds.stratogen.vcloud.mycloud.compute.StratoGenVCloudMyCloudTemplateBuilderLiveTest)
[TestNG] Test testTemplateBuilderCannotFind(org.jclouds.stratogen.vcloud.mycloud.compute.StratoGenVCloudMyCloudTemplateBuilderLiveTest) succeeded: 1ms
Test suite progress: tests succeeded: 92, failed: 1, skipped: 0.
Starting test testTemplateBuilderCannotFind(org.jclouds.stratogen.vcloud.mycloud.compute.StratoGenVCloudMyCloudTemplateBuilderLiveTest)
[TestNG] Test testTemplateBuilderCannotFind(org.jclouds.stratogen.vcloud.mycloud.compute.StratoGenVCloudMyCloudTemplateBuilderLiveTest) succeeded: 2ms
Test suite progress: tests succeeded: 93, failed: 1, skipped: 0.
Starting test testTemplateBuilderWithImageIdSpecified(org.jclouds.stratogen.vcloud.mycloud.compute.StratoGenVCloudMyCloudTemplateBuilderLiveTest)
[TestNG] Test testTemplateBuilderWithImageIdSpecified(org.jclouds.stratogen.vcloud.mycloud.compute.StratoGenVCloudMyCloudTemplateBuilderLiveTest) failed.
Test suite progress: tests succeeded: 93, failed: 2, skipped: 0.
Starting test testTemplateBuilderWithLoginUserSpecified(org.jclouds.stratogen.vcloud.mycloud.compute.StratoGenVCloudMyCloudTemplateBuilderLiveTest)
[TestNG] Test testTemplateBuilderWithLoginUserSpecified(org.jclouds.stratogen.vcloud.mycloud.compute.StratoGenVCloudMyCloudTemplateBuilderLiveTest) succeeded: 74738ms
Test suite progress: tests succeeded: 94, failed: 2, skipped: 0.
Starting test testDefaultTemplateBuilder(org.jclouds.stratogen.vcloud.mycloud.compute.StratoGenVCloudMyCloudTemplateBuilderLiveTest)
[TestNG] Test testDefaultTemplateBuilder(org.jclouds.stratogen.vcloud.mycloud.compute.StratoGenVCloudMyCloudTemplateBuilderLiveTest) failed.
Test suite progress: tests succeeded: 94, failed: 3, skipped: 0.
Mar 8, 2012 1:41:19 PM org.jclouds.compute.BaseComputeServiceLiveTest testCreateAndRunAService
INFO: << available node(https://mycloud.stratogen.net/api/v1.0/vApp/vapp-e94c5f2a-52d6-40bf-8d05-ea2af581d7e3) os([name=Ubuntu 64-Bit, family=ubuntu, version=, arch=null, is64Bit=true, description=Ubuntu Linux (64-bit), osType=UBUNTU_64]) in 478s
SLF4J: Failed to load class "org.slf4j.impl.StaticLoggerBinder".
SLF4J: Defaulting to no-operation (NOP) logger implementation
SLF4J: See http://www.slf4j.org/codes.html#StaticLoggerBinder for further details.
[TestNG] Test testExtendedOptionsWithCustomizationScript(org.jclouds.stratogen.vcloud.mycloud.features.StratoGenVCloudMyCloudVmClientLiveTest) failed.
Test suite progress: tests succeeded: 94, failed: 4, skipped: 0.
Starting test testGetThumbnailOfVm(org.jclouds.stratogen.vcloud.mycloud.features.StratoGenVCloudMyCloudVmClientLiveTest)
[TestNG] Test testCaptureVApp(org.jclouds.stratogen.vcloud.mycloud.features.StratoGenVCloudMyCloudVAppTemplateClientLiveTest) failed.
Test suite progress: tests succeeded: 94, failed: 5, skipped: 0.
Starting test testFindVAppTemplate(org.jclouds.stratogen.vcloud.mycloud.features.StratoGenVCloudMyCloudVAppTemplateClientLiveTest)
[TestNG] Test testGetThumbnailOfVm(org.jclouds.stratogen.vcloud.mycloud.features.StratoGenVCloudMyCloudVmClientLiveTest) succeeded: 3192ms
Test suite progress: tests succeeded: 95, failed: 5, skipped: 0.
Starting test testGetVm(org.jclouds.stratogen.vcloud.mycloud.features.StratoGenVCloudMyCloudVmClientLiveTest)
[TestNG] Test testGetVm(org.jclouds.stratogen.vcloud.mycloud.features.StratoGenVCloudMyCloudVmClientLiveTest) succeeded: 3573ms
Test suite progress: tests succeeded: 96, failed: 5, skipped: 0.
[TestNG] Test testCreateAndRunAService(org.jclouds.stratogen.vcloud.mycloud.compute.StratoGenVCloudMyCloudComputeServiceLiveTest) failed.
Test suite progress: tests succeeded: 96, failed: 6, skipped: 0.
Starting test testGetAssignableLocations(org.jclouds.stratogen.vcloud.mycloud.compute.StratoGenVCloudMyCloudComputeServiceLiveTest)
Mar 8, 2012 1:43:23 PM org.jclouds.compute.BaseComputeServiceLiveTest testGetAssignableLocations
WARNING: location [id=https://mycloud.stratogen.net/api/v1.0/vdc/712149e0-a241-4dbc-8d06-d4a9d6f5af75, scope=ZONE, description=jClouds, parent=https://mycloud.stratogen.net/api/v1.0/org/4fc44942-ba30-4222-9977-a61fc6d5824c, iso3166Codes=[], metadata={}]
[TestNG] Test testGetAssignableLocations(org.jclouds.stratogen.vcloud.mycloud.compute.StratoGenVCloudMyCloudComputeServiceLiveTest) succeeded: 1ms
Test suite progress: tests succeeded: 97, failed: 6, skipped: 0.
Starting test testImagesCache(org.jclouds.stratogen.vcloud.mycloud.compute.StratoGenVCloudMyCloudComputeServiceLiveTest)
[TestNG] Test testImagesCache(org.jclouds.stratogen.vcloud.mycloud.compute.StratoGenVCloudMyCloudComputeServiceLiveTest) succeeded: 6343ms
Test suite progress: tests succeeded: 98, failed: 6, skipped: 0.
Starting test testListImages(org.jclouds.stratogen.vcloud.mycloud.compute.StratoGenVCloudMyCloudComputeServiceLiveTest)
[TestNG] Test testListImages(org.jclouds.stratogen.vcloud.mycloud.compute.StratoGenVCloudMyCloudComputeServiceLiveTest) succeeded: 0ms
Test suite progress: tests succeeded: 99, failed: 6, skipped: 0.
Starting test testListSizes(org.jclouds.stratogen.vcloud.mycloud.compute.StratoGenVCloudMyCloudComputeServiceLiveTest)
[TestNG] Test testListSizes(org.jclouds.stratogen.vcloud.mycloud.compute.StratoGenVCloudMyCloudComputeServiceLiveTest) succeeded: 5918ms
Test suite progress: tests succeeded: 100, failed: 6, skipped: 0.
Starting test setServiceDefaults(org.jclouds.stratogen.vcloud.mycloud.compute.StratoGenVCloudMyCloudComputeServiceLiveTest)
[TestNG] Test setServiceDefaults(org.jclouds.stratogen.vcloud.mycloud.compute.StratoGenVCloudMyCloudComputeServiceLiveTest) succeeded: 1ms
Test suite progress: tests succeeded: 101, failed: 6, skipped: 0.
Starting test testOptionToNotBlock(org.jclouds.stratogen.vcloud.mycloud.compute.StratoGenVCloudMyCloudComputeServiceLiveTest)
[TestNG] Test testOptionToNotBlock(org.jclouds.stratogen.vcloud.mycloud.compute.StratoGenVCloudMyCloudComputeServiceLiveTest) succeeded: 0ms
Test suite progress: tests succeeded: 102, failed: 6, skipped: 0.
Starting test testCorrectExceptionRunningNodesNotFound(org.jclouds.stratogen.vcloud.mycloud.compute.StratoGenVCloudMyCloudComputeServiceLiveTest)
[TestNG] Test testCorrectExceptionRunningNodesNotFound(org.jclouds.stratogen.vcloud.mycloud.compute.StratoGenVCloudMyCloudComputeServiceLiveTest) succeeded: 814ms
Test suite progress: tests succeeded: 103, failed: 6, skipped: 0.
Starting test testAScriptExecutionAfterBootWithBasicTemplate(org.jclouds.stratogen.vcloud.mycloud.compute.StratoGenVCloudMyCloudComputeServiceLiveTest)
[TestNG] Test testAScriptExecutionAfterBootWithBasicTemplate(org.jclouds.stratogen.vcloud.mycloud.compute.StratoGenVCloudMyCloudComputeServiceLiveTest) failed.
Test suite progress: tests succeeded: 103, failed: 7, skipped: 0.
Starting test testCreateTwoNodesWithRunScript(org.jclouds.stratogen.vcloud.mycloud.compute.StratoGenVCloudMyCloudComputeServiceLiveTest)
[TestNG] Test testCreateTwoNodesWithRunScript(org.jclouds.stratogen.vcloud.mycloud.compute.StratoGenVCloudMyCloudComputeServiceLiveTest) failed.
Test suite progress: tests succeeded: 103, failed: 8, skipped: 0.
Starting test testTemplateMatch(org.jclouds.stratogen.vcloud.mycloud.compute.StratoGenVCloudMyCloudComputeServiceLiveTest)
[TestNG] Test testTemplateMatch(org.jclouds.stratogen.vcloud.mycloud.compute.StratoGenVCloudMyCloudComputeServiceLiveTest) failed.
Test suite progress: tests succeeded: 103, failed: 9, skipped: 0.
[TestNG] Test testCreateAnotherNodeWithANewContextToEnsureSharedMemIsntRequired(org.jclouds.stratogen.vcloud.mycloud.compute.StratoGenVCloudMyCloudComputeServiceLiveTest) skipped.
Test suite progress: tests succeeded: 103, failed: 9, skipped: 1.
[TestNG] Test testCredentialsCache(org.jclouds.stratogen.vcloud.mycloud.compute.StratoGenVCloudMyCloudComputeServiceLiveTest) skipped.
Test suite progress: tests succeeded: 103, failed: 9, skipped: 2.
[TestNG] Test testGet(org.jclouds.stratogen.vcloud.mycloud.compute.StratoGenVCloudMyCloudComputeServiceLiveTest) skipped.
Test suite progress: tests succeeded: 103, failed: 9, skipped: 3.
[TestNG] Test testReboot(org.jclouds.stratogen.vcloud.mycloud.compute.StratoGenVCloudMyCloudComputeServiceLiveTest) skipped.
Test suite progress: tests succeeded: 103, failed: 9, skipped: 4.
[TestNG] Test testSuspendResume(org.jclouds.stratogen.vcloud.mycloud.compute.StratoGenVCloudMyCloudComputeServiceLiveTest) skipped.
Test suite progress: tests succeeded: 103, failed: 9, skipped: 5.
[TestNG] Test testGetNodesWithDetails(org.jclouds.stratogen.vcloud.mycloud.compute.StratoGenVCloudMyCloudComputeServiceLiveTest) skipped.
Test suite progress: tests succeeded: 103, failed: 9, skipped: 6.
[TestNG] Test testListNodes(org.jclouds.stratogen.vcloud.mycloud.compute.StratoGenVCloudMyCloudComputeServiceLiveTest) skipped.
Test suite progress: tests succeeded: 103, failed: 9, skipped: 7.
[TestNG] Test testDestroyNodes(org.jclouds.stratogen.vcloud.mycloud.compute.StratoGenVCloudMyCloudComputeServiceLiveTest) skipped.
Test suite progress: tests succeeded: 103, failed: 9, skipped: 8.
[TestNG] Test testFindVAppTemplate(org.jclouds.stratogen.vcloud.mycloud.features.StratoGenVCloudMyCloudVAppTemplateClientLiveTest) succeeded: 172903ms
Test suite progress: tests succeeded: 104, failed: 9, skipped: 8.
Starting test testGetOvfEnvelopeForVAppTemplate(org.jclouds.stratogen.vcloud.mycloud.features.StratoGenVCloudMyCloudVAppTemplateClientLiveTest)
[TestNG] Test testGetOvfEnvelopeForVAppTemplate(org.jclouds.stratogen.vcloud.mycloud.features.StratoGenVCloudMyCloudVAppTemplateClientLiveTest) failed.
Test suite progress: tests succeeded: 104, failed: 10, skipped: 8.
Starting test testGetVAppTemplate(org.jclouds.stratogen.vcloud.mycloud.features.StratoGenVCloudMyCloudVAppTemplateClientLiveTest)
[TestNG] Test testGetVAppTemplate(org.jclouds.stratogen.vcloud.mycloud.features.StratoGenVCloudMyCloudVAppTemplateClientLiveTest) succeeded: 54712ms
Test suite progress: tests succeeded: 105, failed: 10, skipped: 8.
Tests run: 123, Failures: 10, Errors: 0, Skipped: 8, Time elapsed: 804.35 sec <<< FAILURE!

Results :

Failed tests:   testTemplateBuilderCanUseImageId(org.jclouds.stratogen.vcloud.mycloud.compute.StratoGenVCloudMyCloudTemplateBuilderLiveTest): imageId(https://mycloud.stratogen.net/api/v1.0/vAppTemplate/vappTemplate-134af01d-5684-4c26-85e0-3945c1df94d4) not found
  testTemplateBuilderWithImageIdSpecified(org.jclouds.stratogen.vcloud.mycloud.compute.StratoGenVCloudMyCloudTemplateBuilderLiveTest): no image matched predicate: And(locationEqualsOrChildOf(https://mycloud.stratogen.net/api/v1.0/vdc/712149e0-a241-4dbc-8d06-d4a9d6f5af75),imageName(Ubuntu server 11.04 64bit no GUI (base)))
  testDefaultTemplateBuilder(org.jclouds.stratogen.vcloud.mycloud.compute.StratoGenVCloudMyCloudTemplateBuilderLiveTest): no image matched predicate: And(locationEqualsOrChildOf(https://mycloud.stratogen.net/api/v1.0/vdc/712149e0-a241-4dbc-8d06-d4a9d6f5af75),imageName(Ubuntu server 11.04 64bit no GUI (base)))
  testExtendedOptionsWithCustomizationScript(org.jclouds.stratogen.vcloud.mycloud.features.StratoGenVCloudMyCloudVmClientLiveTest): expected:<cat > /root/foo.txt<<EOF
  testCaptureVApp(org.jclouds.stratogen.vcloud.mycloud.features.StratoGenVCloudMyCloudVAppTemplateClientLiveTest): No access to entity "(com.vmware.vcloud.entity.catalog:46f2e02e-a54a-4a7d-9f4b-b877dae67156)".
  testCreateAndRunAService(org.jclouds.stratogen.vcloud.mycloud.compute.StratoGenVCloudMyCloudComputeServiceLiveTest): java.util.concurrent.ExecutionException: org.jclouds.compute.callables.ScriptStillRunningException: BlockUntilInitScriptStatusIsZeroThenReturnOutput{commandRunner=RunScriptOnNodeAsInitScriptUsingSshAndBlockUntilComplete{node=https://mycloud.stratogen.net/api/v1.0/vApp/vapp-e94c5f2a-52d6-40bf-8d05-ea2af581d7e3, name=configure-jboss, runAsRoot=true}} still running: pid(null), last status: {output=Selecting previously deselected package libcurl3.
  testAScriptExecutionAfterBootWithBasicTemplate(org.jclouds.stratogen.vcloud.mycloud.compute.StratoGenVCloudMyCloudComputeServiceLiveTest): no image matched predicate: And(locationEqualsOrChildOf(https://mycloud.stratogen.net/api/v1.0/vdc/712149e0-a241-4dbc-8d06-d4a9d6f5af75),imageName(Ubuntu server 11.04 64bit no GUI (base)))
  testCreateTwoNodesWithRunScript(org.jclouds.stratogen.vcloud.mycloud.compute.StratoGenVCloudMyCloudComputeServiceLiveTest): no image matched predicate: And(locationEqualsOrChildOf(https://mycloud.stratogen.net/api/v1.0/vdc/712149e0-a241-4dbc-8d06-d4a9d6f5af75),imageName(Ubuntu server 11.04 64bit no GUI (base)))
  testTemplateMatch(org.jclouds.stratogen.vcloud.mycloud.compute.StratoGenVCloudMyCloudComputeServiceLiveTest): no image matched predicate: And(locationEqualsOrChildOf(https://mycloud.stratogen.net/api/v1.0/vdc/712149e0-a241-4dbc-8d06-d4a9d6f5af75),imageName(Ubuntu server 11.04 64bit no GUI (base)))
  testGetOvfEnvelopeForVAppTemplate(org.jclouds.stratogen.vcloud.mycloud.features.StratoGenVCloudMyCloudVAppTemplateClientLiveTest): this handler cannot currently create envelopes with multiple virtual systems

Tests run: 123, Failures: 10, Errors: 0, Skipped: 8

[INFO] ------------------------------------------------------------------------
[INFO] BUILD FAILURE
[INFO] ------------------------------------------------------------------------
[INFO] Total time: 13:41.718s
[INFO] Finished at: Thu Mar 08 13:45:49 PST 2012
[INFO] Final Memory: 21M/265M
[INFO] ------------------------------------------------------------------------
[ERROR] Failed to execute goal org.apache.maven.plugins:maven-surefire-plugin:2.10:test (integration) on project stratogen-vcloud-mycloud: There are test failures.
[ERROR] 
[ERROR] Please refer to /Users/adriancole/workspace/git/1.4.x/jclouds/providers/stratogen-vcloud-mycloud/target/surefire-reports for the individual test results.
[ERROR] -> [Help 1]
[ERROR] 
[ERROR] To see the full stack trace of the errors, re-run Maven with the -e switch.
[ERROR] Re-run Maven using the -X switch to enable full debug logging.
[ERROR] 
[ERROR] For more information about the errors and possible solutions, please read the following articles:
[ERROR] [Help 1] http://cwiki.apache.org/confluence/display/MAVEN/MojoFailureException
