[INFO] Scanning for projects...
[WARNING] 
[WARNING] Some problems were encountered while building the effective model for org.jclouds.api:swift:bundle:1.4.0-SNAPSHOT
[WARNING] 'parent.relativePath' of POM org.jclouds:jclouds-project:1.4.0-SNAPSHOT (/Users/adriancole/workspace/git/1.4.x/jclouds/project/pom.xml) points at org.jclouds:jclouds-multi instead of org.sonatype.oss:oss-parent, please verify your project structure @ org.jclouds:jclouds-project:1.4.0-SNAPSHOT, /Users/adriancole/workspace/git/1.4.x/jclouds/project/pom.xml, line 24, column 13
[WARNING] 
[WARNING] It is highly recommended to fix these problems because they threaten the stability of your build.
[WARNING] 
[WARNING] For this reason, future Maven versions might no longer support building such malformed projects.
[WARNING] 
[INFO]                                                                         
[INFO] ------------------------------------------------------------------------
[INFO] Building jcloud swift api 1.4.0-SNAPSHOT
[INFO] ------------------------------------------------------------------------
[INFO] 
[INFO] --- maven-clean-plugin:2.4.1:clean (default-clean) @ swift ---
[INFO] Deleting /Users/adriancole/workspace/git/1.4.x/jclouds/apis/swift/target
[INFO] 
[INFO] --- maven-enforcer-plugin:1.0.1:enforce (enforce-maven) @ swift ---
[INFO] 
[INFO] --- maven-enforcer-plugin:1.0.1:enforce (enforce-banned-dependencies) @ swift ---
[INFO] 
[INFO] --- maven-enforcer-plugin:1.0.1:enforce (enforce-java) @ swift ---
[INFO] 
[INFO] --- maven-remote-resources-plugin:1.2:process (process-remote-resources) @ swift ---
[INFO] Setting property: classpath.resource.loader.class => 'org.codehaus.plexus.velocity.ContextClassLoaderResourceLoader'.
[INFO] Setting property: velocimacro.messages.on => 'false'.
[INFO] Setting property: resource.loader => 'classpath'.
[INFO] Setting property: resource.manager.logwhenfound => 'false'.
[INFO] 
[INFO] --- maven-resources-plugin:2.4.2:resources (default-resources) @ swift ---
[INFO] Using 'UTF-8' encoding to copy filtered resources.
[INFO] skip non existing resourceDirectory /Users/adriancole/workspace/git/1.4.x/jclouds/apis/swift/src/main/clojure
[INFO] skip non existing resourceDirectory /Users/adriancole/workspace/git/1.4.x/jclouds/apis/swift/src/main/resources
[INFO] Copying 2 resources
[INFO] 
[INFO] --- maven-compiler-plugin:2.3:compile (default-compile) @ swift ---
[INFO] Compiling 42 source files to /Users/adriancole/workspace/git/1.4.x/jclouds/apis/swift/target/classes
[INFO] 
[INFO] --- maven-resources-plugin:2.4.2:testResources (default-testResources) @ swift ---
[INFO] Using 'UTF-8' encoding to copy filtered resources.
[INFO] skip non existing resourceDirectory /Users/adriancole/workspace/git/1.4.x/jclouds/apis/swift/src/test/clojure
[INFO] Copying 2 resources
[INFO] Copying 2 resources
[INFO] 
[INFO] --- maven-compiler-plugin:2.3:testCompile (default-testCompile) @ swift ---
[INFO] Compiling 23 source files to /Users/adriancole/workspace/git/1.4.x/jclouds/apis/swift/target/test-classes
[INFO] 
[INFO] --- maven-surefire-plugin:2.10:test (default-test) @ swift ---
[INFO] Surefire report directory: /Users/adriancole/workspace/git/1.4.x/jclouds/apis/swift/target/surefire-reports
[INFO] Using configured provider org.apache.maven.surefire.testng.TestNGProvider

-------------------------------------------------------
 T E S T S
-------------------------------------------------------
Running TestSuite
Starting test testAssignability(org.jclouds.openstack.swift.options.ListContainerOptionsTest)
Starting test testMarker(org.jclouds.openstack.swift.options.ListContainerOptionsTest)
[pool-2-thread-1] Test testAssignability(org.jclouds.openstack.swift.options.ListContainerOptionsTest) succeeded: 38ms
Test suite progress: tests succeeded: 1, failed: 0, skipped: 0.
Starting test testMarkerNPE(org.jclouds.openstack.swift.options.ListContainerOptionsTest)
[pool-2-thread-3] Test testMarkerNPE(org.jclouds.openstack.swift.options.ListContainerOptionsTest) succeeded: 2ms
Test suite progress: tests succeeded: 2, failed: 0, skipped: 0.
[pool-2-thread-2] Test testMarker(org.jclouds.openstack.swift.options.ListContainerOptionsTest) succeeded: 166ms
Test suite progress: tests succeeded: 3, failed: 0, skipped: 0.
Starting test testMarkerStatic(org.jclouds.openstack.swift.options.ListContainerOptionsTest)
[pool-2-thread-4] Test testMarkerStatic(org.jclouds.openstack.swift.options.ListContainerOptionsTest) succeeded: 0ms
Test suite progress: tests succeeded: 4, failed: 0, skipped: 0.
Starting test testMaxKeys(org.jclouds.openstack.swift.options.ListContainerOptionsTest)
[pool-2-thread-5] Test testMaxKeys(org.jclouds.openstack.swift.options.ListContainerOptionsTest) succeeded: 0ms
Test suite progress: tests succeeded: 5, failed: 0, skipped: 0.
Starting test testMaxKeysNegative(org.jclouds.openstack.swift.options.ListContainerOptionsTest)
[pool-2-thread-5] Test testMaxKeysNegative(org.jclouds.openstack.swift.options.ListContainerOptionsTest) succeeded: 1ms
Test suite progress: tests succeeded: 6, failed: 0, skipped: 0.
Starting test testMaxKeysStatic(org.jclouds.openstack.swift.options.ListContainerOptionsTest)
[pool-2-thread-5] Test testMaxKeysStatic(org.jclouds.openstack.swift.options.ListContainerOptionsTest) succeeded: 1ms
Test suite progress: tests succeeded: 7, failed: 0, skipped: 0.
Starting test testNoOptionsQueryString(org.jclouds.openstack.swift.options.ListContainerOptionsTest)
[pool-2-thread-5] Test testNoOptionsQueryString(org.jclouds.openstack.swift.options.ListContainerOptionsTest) succeeded: 1ms
Test suite progress: tests succeeded: 8, failed: 0, skipped: 0.
Starting test testNullMarker(org.jclouds.openstack.swift.options.ListContainerOptionsTest)
[pool-2-thread-5] Test testNullMarker(org.jclouds.openstack.swift.options.ListContainerOptionsTest) succeeded: 0ms
Test suite progress: tests succeeded: 9, failed: 0, skipped: 0.
Starting test testNullMaxKeys(org.jclouds.openstack.swift.options.ListContainerOptionsTest)
[pool-2-thread-5] Test testNullMaxKeys(org.jclouds.openstack.swift.options.ListContainerOptionsTest) succeeded: 0ms
Test suite progress: tests succeeded: 10, failed: 0, skipped: 0.
Starting test testNullPath(org.jclouds.openstack.swift.options.ListContainerOptionsTest)
Starting test testNullPrefix(org.jclouds.openstack.swift.options.ListContainerOptionsTest)
[pool-2-thread-5] Test testNullPath(org.jclouds.openstack.swift.options.ListContainerOptionsTest) succeeded: 1ms
Test suite progress: tests succeeded: 11, failed: 0, skipped: 0.
[pool-2-thread-4] Test testNullPrefix(org.jclouds.openstack.swift.options.ListContainerOptionsTest) succeeded: 1ms
Test suite progress: tests succeeded: 12, failed: 0, skipped: 0.
Starting test testPath(org.jclouds.openstack.swift.options.ListContainerOptionsTest)
[pool-2-thread-4] Test testPath(org.jclouds.openstack.swift.options.ListContainerOptionsTest) succeeded: 0ms
Test suite progress: tests succeeded: 13, failed: 0, skipped: 0.
Starting test testPathNPE(org.jclouds.openstack.swift.options.ListContainerOptionsTest)
[pool-2-thread-4] Test testPathNPE(org.jclouds.openstack.swift.options.ListContainerOptionsTest) succeeded: 1ms
Test suite progress: tests succeeded: 14, failed: 0, skipped: 0.
Starting test testPathStatic(org.jclouds.openstack.swift.options.ListContainerOptionsTest)
[pool-2-thread-4] Test testPathStatic(org.jclouds.openstack.swift.options.ListContainerOptionsTest) succeeded: 0ms
Test suite progress: tests succeeded: 15, failed: 0, skipped: 0.
Starting test testPrefix(org.jclouds.openstack.swift.options.ListContainerOptionsTest)
[pool-2-thread-4] Test testPrefix(org.jclouds.openstack.swift.options.ListContainerOptionsTest) succeeded: 0ms
Test suite progress: tests succeeded: 16, failed: 0, skipped: 0.
Starting test testPrefixAndPathUrlEncodingQueryString(org.jclouds.openstack.swift.options.ListContainerOptionsTest)
[pool-2-thread-4] Test testPrefixAndPathUrlEncodingQueryString(org.jclouds.openstack.swift.options.ListContainerOptionsTest) succeeded: 0ms
Test suite progress: tests succeeded: 17, failed: 0, skipped: 0.
Starting test testPrefixNPE(org.jclouds.openstack.swift.options.ListContainerOptionsTest)
[pool-2-thread-4] Test testPrefixNPE(org.jclouds.openstack.swift.options.ListContainerOptionsTest) succeeded: 0ms
Test suite progress: tests succeeded: 18, failed: 0, skipped: 0.
Starting test testPrefixStatic(org.jclouds.openstack.swift.options.ListContainerOptionsTest)
[pool-2-thread-4] Test testPrefixStatic(org.jclouds.openstack.swift.options.ListContainerOptionsTest) succeeded: 0ms
Test suite progress: tests succeeded: 19, failed: 0, skipped: 0.
Starting test testTwoOptionQueryString(org.jclouds.openstack.swift.options.ListContainerOptionsTest)
[pool-2-thread-4] Test testTwoOptionQueryString(org.jclouds.openstack.swift.options.ListContainerOptionsTest) succeeded: 0ms
Test suite progress: tests succeeded: 20, failed: 0, skipped: 0.
Starting test testReplaceLocalhost(org.jclouds.openstack.functions.ParseAuthenticationResponseFromHeadersTest)
Starting test testOneOptionQueryString(org.jclouds.openstack.swift.options.ListContainerOptionsTest)
Starting test testEtagCaseIssue(org.jclouds.openstack.swift.functions.ParseObjectInfoFromHeadersTest)
[pool-2-thread-5] Test testOneOptionQueryString(org.jclouds.openstack.swift.options.ListContainerOptionsTest) succeeded: 1ms
Test suite progress: tests succeeded: 21, failed: 0, skipped: 0.
Starting test test404SetsContainerNotFoundExceptionMosso(org.jclouds.openstack.swift.handlers.ParseSwiftErrorFromHttpResponseTest)
Starting test testApplyInputStream(org.jclouds.openstack.swift.functions.ParseContainerListFromJsonResponseTest)
Starting test testApplyInputStream(org.jclouds.openstack.swift.domain.internal.ParseObjectInfoListFromJsonResponseTest)
[pool-2-thread-4] Test testReplaceLocalhost(org.jclouds.openstack.functions.ParseAuthenticationResponseFromHeadersTest) succeeded: 528ms
Test suite progress: tests succeeded: 22, failed: 0, skipped: 0.
Starting test test404SetsContainerNotFoundExceptionSwift(org.jclouds.openstack.swift.handlers.ParseSwiftErrorFromHttpResponseTest)
[pool-2-thread-5] Test test404SetsContainerNotFoundExceptionMosso(org.jclouds.openstack.swift.handlers.ParseSwiftErrorFromHttpResponseTest) succeeded: 540ms
Test suite progress: tests succeeded: 23, failed: 0, skipped: 0.
Starting test test404SetsKeyNotFoundExceptionMosso(org.jclouds.openstack.swift.handlers.ParseSwiftErrorFromHttpResponseTest)
[pool-2-thread-4] Test test404SetsContainerNotFoundExceptionSwift(org.jclouds.openstack.swift.handlers.ParseSwiftErrorFromHttpResponseTest) succeeded: 28ms
Test suite progress: tests succeeded: 24, failed: 0, skipped: 0.
Starting test test404SetsKeyNotFoundExceptionSwift(org.jclouds.openstack.swift.handlers.ParseSwiftErrorFromHttpResponseTest)
[pool-2-thread-5] Test test404SetsKeyNotFoundExceptionMosso(org.jclouds.openstack.swift.handlers.ParseSwiftErrorFromHttpResponseTest) succeeded: 2ms
Test suite progress: tests succeeded: 25, failed: 0, skipped: 0.
[pool-2-thread-4] Test test404SetsKeyNotFoundExceptionSwift(org.jclouds.openstack.swift.handlers.ParseSwiftErrorFromHttpResponseTest) succeeded: 1ms
Test suite progress: tests succeeded: 26, failed: 0, skipped: 0.
[pool-2-thread-2] Test testApplyInputStream(org.jclouds.openstack.swift.functions.ParseContainerListFromJsonResponseTest) succeeded: 883ms
Test suite progress: tests succeeded: 27, failed: 0, skipped: 0.
[pool-2-thread-3] Test testEtagCaseIssue(org.jclouds.openstack.swift.functions.ParseObjectInfoFromHeadersTest) succeeded: 898ms
Test suite progress: tests succeeded: 28, failed: 0, skipped: 0.
[pool-2-thread-1] Test testApplyInputStream(org.jclouds.openstack.swift.domain.internal.ParseObjectInfoListFromJsonResponseTest) succeeded: 897ms
Test suite progress: tests succeeded: 29, failed: 0, skipped: 0.
Starting test testMustBeSwiftObject(org.jclouds.openstack.swift.binders.BindSwiftObjectMetadataToRequestTest)
Starting test testNullIsBad(org.jclouds.openstack.swift.binders.BindSwiftObjectMetadataToRequestTest)
Starting test testNoContentLengthIsChunked(org.jclouds.openstack.swift.binders.BindSwiftObjectMetadataToRequestTest)
Starting test testNoNameIsBad(org.jclouds.openstack.swift.binders.BindSwiftObjectMetadataToRequestTest)
[pool-3-thread-4] Test testNoNameIsBad(org.jclouds.openstack.swift.binders.BindSwiftObjectMetadataToRequestTest) succeeded: 31ms
Test suite progress: tests succeeded: 30, failed: 0, skipped: 0.
[pool-3-thread-5] Test testNullIsBad(org.jclouds.openstack.swift.binders.BindSwiftObjectMetadataToRequestTest) succeeded: 51ms
Test suite progress: tests succeeded: 31, failed: 0, skipped: 0.
Starting test testOver5GBIsBad(org.jclouds.openstack.swift.binders.BindSwiftObjectMetadataToRequestTest)
[pool-3-thread-4] Test testOver5GBIsBad(org.jclouds.openstack.swift.binders.BindSwiftObjectMetadataToRequestTest) succeeded: 0ms
Test suite progress: tests succeeded: 32, failed: 0, skipped: 0.
Starting test testPassWithMinimumDetailsAndPayload5GB(org.jclouds.openstack.swift.binders.BindSwiftObjectMetadataToRequestTest)
[pool-3-thread-5] Test testPassWithMinimumDetailsAndPayload5GB(org.jclouds.openstack.swift.binders.BindSwiftObjectMetadataToRequestTest) succeeded: 2ms
Test suite progress: tests succeeded: 33, failed: 0, skipped: 0.
[pool-3-thread-2] Test testMustBeSwiftObject(org.jclouds.openstack.swift.binders.BindSwiftObjectMetadataToRequestTest) succeeded: 65ms
Test suite progress: tests succeeded: 34, failed: 0, skipped: 0.
[pool-3-thread-3] Test testNoContentLengthIsChunked(org.jclouds.openstack.swift.binders.BindSwiftObjectMetadataToRequestTest) succeeded: 84ms
Test suite progress: tests succeeded: 35, failed: 0, skipped: 0.
Starting test testExtendedPropertiesBind(org.jclouds.openstack.swift.binders.BindSwiftObjectMetadataToRequestTest)
[pool-3-thread-1] Test testExtendedPropertiesBind(org.jclouds.openstack.swift.binders.BindSwiftObjectMetadataToRequestTest) succeeded: 21ms
Test suite progress: tests succeeded: 36, failed: 0, skipped: 0.
Starting test testSignGetBlob(org.jclouds.openstack.swift.blobstore.SwiftBlobRequestSignerTest)
Starting test testSignRemoveBlob(org.jclouds.openstack.swift.blobstore.SwiftBlobRequestSignerTest)
Starting test testSignPutBlob(org.jclouds.openstack.swift.blobstore.SwiftBlobRequestSignerTest)
[pool-4-thread-2] Test testSignPutBlob(org.jclouds.openstack.swift.blobstore.SwiftBlobRequestSignerTest) succeeded: 220ms
Test suite progress: tests succeeded: 37, failed: 0, skipped: 0.
[pool-4-thread-3] Test testSignRemoveBlob(org.jclouds.openstack.swift.blobstore.SwiftBlobRequestSignerTest) succeeded: 223ms
Test suite progress: tests succeeded: 38, failed: 0, skipped: 0.
[pool-4-thread-1] Test testSignGetBlob(org.jclouds.openstack.swift.blobstore.SwiftBlobRequestSignerTest) succeeded: 233ms
Test suite progress: tests succeeded: 39, failed: 0, skipped: 0.
Tests run: 39, Failures: 0, Errors: 0, Skipped: 0, Time elapsed: 8.332 sec

Results :

Tests run: 39, Failures: 0, Errors: 0, Skipped: 0

[INFO] 
[INFO] --- clojure-maven-plugin:1.3.8:test (test-clojure) @ swift ---

Testing com.theoryinpractise.clojure.testrunner

Ran 0 tests containing 0 assertions.
0 failures, 0 errors.
[INFO] 
[INFO] --- maven-bundle-plugin:2.3.4:bundle (default-bundle) @ swift ---
[INFO] 
[INFO] --- maven-source-plugin:2.1.1:jar-no-fork (attach-sources) @ swift ---
[INFO] Building jar: /Users/adriancole/workspace/git/1.4.x/jclouds/apis/swift/target/swift-1.4.0-SNAPSHOT-sources.jar
[INFO] 
[INFO] --- maven-javadoc-plugin:2.8:jar (javadoc) @ swift ---
[INFO] Skipping javadoc generation
[INFO] 
[INFO] --- maven-jar-plugin:2.3.1:test-jar (default) @ swift ---
[INFO] Building jar: /Users/adriancole/workspace/git/1.4.x/jclouds/apis/swift/target/swift-1.4.0-SNAPSHOT-tests.jar
[INFO] 
[INFO] --- maven-surefire-plugin:2.10:test (integration) @ swift ---
[INFO] Surefire report directory: /Users/adriancole/workspace/git/1.4.x/jclouds/apis/swift/target/surefire-reports
[INFO] Using configured provider org.apache.maven.surefire.testng.TestNGProvider

-------------------------------------------------------
 T E S T S
-------------------------------------------------------
Running TestSuite
Starting test blobNotFound(org.jclouds.openstack.swift.blobstore.integration.SwiftBlobIntegrationLiveTest)
[TestNG] Test blobNotFound(org.jclouds.openstack.swift.blobstore.integration.SwiftBlobIntegrationLiveTest) skipped.
Test suite progress: tests succeeded: 0, failed: 0, skipped: 1.
Starting test deleteObject(org.jclouds.openstack.swift.blobstore.integration.SwiftBlobIntegrationLiveTest)
[TestNG] Test deleteObject(org.jclouds.openstack.swift.blobstore.integration.SwiftBlobIntegrationLiveTest) skipped.
Test suite progress: tests succeeded: 0, failed: 0, skipped: 2.
Starting test deleteObject(org.jclouds.openstack.swift.blobstore.integration.SwiftBlobIntegrationLiveTest)
[TestNG] Test deleteObject(org.jclouds.openstack.swift.blobstore.integration.SwiftBlobIntegrationLiveTest) skipped.
Test suite progress: tests succeeded: 0, failed: 0, skipped: 3.
Starting test deleteObject(org.jclouds.openstack.swift.blobstore.integration.SwiftBlobIntegrationLiveTest)
[TestNG] Test deleteObject(org.jclouds.openstack.swift.blobstore.integration.SwiftBlobIntegrationLiveTest) skipped.
Test suite progress: tests succeeded: 0, failed: 0, skipped: 4.
Starting test deleteObject(org.jclouds.openstack.swift.blobstore.integration.SwiftBlobIntegrationLiveTest)
[TestNG] Test deleteObject(org.jclouds.openstack.swift.blobstore.integration.SwiftBlobIntegrationLiveTest) skipped.
Test suite progress: tests succeeded: 0, failed: 0, skipped: 5.
Starting test deleteObject(org.jclouds.openstack.swift.blobstore.integration.SwiftBlobIntegrationLiveTest)
[TestNG] Test deleteObject(org.jclouds.openstack.swift.blobstore.integration.SwiftBlobIntegrationLiveTest) skipped.
Test suite progress: tests succeeded: 0, failed: 0, skipped: 6.
Starting test deleteObject(org.jclouds.openstack.swift.blobstore.integration.SwiftBlobIntegrationLiveTest)
[TestNG] Test deleteObject(org.jclouds.openstack.swift.blobstore.integration.SwiftBlobIntegrationLiveTest) skipped.
Test suite progress: tests succeeded: 0, failed: 0, skipped: 7.
Starting test deleteObject(org.jclouds.openstack.swift.blobstore.integration.SwiftBlobIntegrationLiveTest)
[TestNG] Test deleteObject(org.jclouds.openstack.swift.blobstore.integration.SwiftBlobIntegrationLiveTest) skipped.
Test suite progress: tests succeeded: 0, failed: 0, skipped: 8.
Starting test deleteObject(org.jclouds.openstack.swift.blobstore.integration.SwiftBlobIntegrationLiveTest)
[TestNG] Test deleteObject(org.jclouds.openstack.swift.blobstore.integration.SwiftBlobIntegrationLiveTest) skipped.
Test suite progress: tests succeeded: 0, failed: 0, skipped: 9.
Starting test deleteObject(org.jclouds.openstack.swift.blobstore.integration.SwiftBlobIntegrationLiveTest)
[TestNG] Test deleteObject(org.jclouds.openstack.swift.blobstore.integration.SwiftBlobIntegrationLiveTest) skipped.
Test suite progress: tests succeeded: 0, failed: 0, skipped: 10.
Starting test deleteObject(org.jclouds.openstack.swift.blobstore.integration.SwiftBlobIntegrationLiveTest)
[TestNG] Test deleteObject(org.jclouds.openstack.swift.blobstore.integration.SwiftBlobIntegrationLiveTest) skipped.
Test suite progress: tests succeeded: 0, failed: 0, skipped: 11.
Starting test deleteObjectNoContainer(org.jclouds.openstack.swift.blobstore.integration.SwiftBlobIntegrationLiveTest)
[TestNG] Test deleteObjectNoContainer(org.jclouds.openstack.swift.blobstore.integration.SwiftBlobIntegrationLiveTest) skipped.
Test suite progress: tests succeeded: 0, failed: 0, skipped: 12.
Starting test deleteObjectNotFound(org.jclouds.openstack.swift.blobstore.integration.SwiftBlobIntegrationLiveTest)
[TestNG] Test deleteObjectNotFound(org.jclouds.openstack.swift.blobstore.integration.SwiftBlobIntegrationLiveTest) skipped.
Test suite progress: tests succeeded: 0, failed: 0, skipped: 13.
Starting test testBigFileGets(org.jclouds.openstack.swift.blobstore.integration.SwiftBlobIntegrationLiveTest)
[TestNG] Test testBigFileGets(org.jclouds.openstack.swift.blobstore.integration.SwiftBlobIntegrationLiveTest) skipped.
Test suite progress: tests succeeded: 0, failed: 0, skipped: 14.
Starting test testGetIfMatch(org.jclouds.openstack.swift.blobstore.integration.SwiftBlobIntegrationLiveTest)
[TestNG] Test testGetIfMatch(org.jclouds.openstack.swift.blobstore.integration.SwiftBlobIntegrationLiveTest) skipped.
Test suite progress: tests succeeded: 0, failed: 0, skipped: 15.
Starting test testGetIfModifiedSince(org.jclouds.openstack.swift.blobstore.integration.SwiftBlobIntegrationLiveTest)
[TestNG] Test testGetIfModifiedSince(org.jclouds.openstack.swift.blobstore.integration.SwiftBlobIntegrationLiveTest) skipped.
Test suite progress: tests succeeded: 0, failed: 0, skipped: 16.
Starting test testGetIfNoneMatch(org.jclouds.openstack.swift.blobstore.integration.SwiftBlobIntegrationLiveTest)
[TestNG] Test testGetIfNoneMatch(org.jclouds.openstack.swift.blobstore.integration.SwiftBlobIntegrationLiveTest) skipped.
Test suite progress: tests succeeded: 0, failed: 0, skipped: 17.
Starting test testGetIfUnmodifiedSince(org.jclouds.openstack.swift.blobstore.integration.SwiftBlobIntegrationLiveTest)
[TestNG] Test testGetIfUnmodifiedSince(org.jclouds.openstack.swift.blobstore.integration.SwiftBlobIntegrationLiveTest) skipped.
Test suite progress: tests succeeded: 0, failed: 0, skipped: 18.
Starting test testGetRange(org.jclouds.openstack.swift.blobstore.integration.SwiftBlobIntegrationLiveTest)
[TestNG] Test testGetRange(org.jclouds.openstack.swift.blobstore.integration.SwiftBlobIntegrationLiveTest) skipped.
Test suite progress: tests succeeded: 0, failed: 0, skipped: 19.
Starting test testMetadata(org.jclouds.openstack.swift.blobstore.integration.SwiftBlobIntegrationLiveTest)
[TestNG] Test testMetadata(org.jclouds.openstack.swift.blobstore.integration.SwiftBlobIntegrationLiveTest) skipped.
Test suite progress: tests succeeded: 0, failed: 0, skipped: 20.
Starting test testPutFileParallel(org.jclouds.openstack.swift.blobstore.integration.SwiftBlobIntegrationLiveTest)
[TestNG] Test testPutFileParallel(org.jclouds.openstack.swift.blobstore.integration.SwiftBlobIntegrationLiveTest) skipped.
Test suite progress: tests succeeded: 0, failed: 0, skipped: 21.
Starting test testPutObject(org.jclouds.openstack.swift.blobstore.integration.SwiftBlobIntegrationLiveTest)
[TestNG] Test testPutObject(org.jclouds.openstack.swift.blobstore.integration.SwiftBlobIntegrationLiveTest) skipped.
Test suite progress: tests succeeded: 0, failed: 0, skipped: 22.
Starting test testPutObject(org.jclouds.openstack.swift.blobstore.integration.SwiftBlobIntegrationLiveTest)
[TestNG] Test testPutObject(org.jclouds.openstack.swift.blobstore.integration.SwiftBlobIntegrationLiveTest) skipped.
Test suite progress: tests succeeded: 0, failed: 0, skipped: 23.
Starting test testPutObject(org.jclouds.openstack.swift.blobstore.integration.SwiftBlobIntegrationLiveTest)
[TestNG] Test testPutObject(org.jclouds.openstack.swift.blobstore.integration.SwiftBlobIntegrationLiveTest) skipped.
Test suite progress: tests succeeded: 0, failed: 0, skipped: 24.
Starting test testPutObjectStream(org.jclouds.openstack.swift.blobstore.integration.SwiftBlobIntegrationLiveTest)
[TestNG] Test testPutObjectStream(org.jclouds.openstack.swift.blobstore.integration.SwiftBlobIntegrationLiveTest) skipped.
Test suite progress: tests succeeded: 0, failed: 0, skipped: 25.
Starting test testCopyUrl(org.jclouds.openstack.swift.blobstore.integration.SwiftBlobLiveTest)
[TestNG] Test testCopyUrl(org.jclouds.openstack.swift.blobstore.integration.SwiftBlobLiveTest) skipped.
Test suite progress: tests succeeded: 0, failed: 0, skipped: 26.
Starting test testContains(org.jclouds.openstack.swift.blobstore.integration.SwiftBlobMapIntegrationLiveTest)
[TestNG] Test testContains(org.jclouds.openstack.swift.blobstore.integration.SwiftBlobMapIntegrationLiveTest) skipped.
Test suite progress: tests succeeded: 0, failed: 0, skipped: 27.
Starting test testEntrySet(org.jclouds.openstack.swift.blobstore.integration.SwiftBlobMapIntegrationLiveTest)
[TestNG] Test testEntrySet(org.jclouds.openstack.swift.blobstore.integration.SwiftBlobMapIntegrationLiveTest) skipped.
Test suite progress: tests succeeded: 0, failed: 0, skipped: 28.
Starting test testPut(org.jclouds.openstack.swift.blobstore.integration.SwiftBlobMapIntegrationLiveTest)
[TestNG] Test testPut(org.jclouds.openstack.swift.blobstore.integration.SwiftBlobMapIntegrationLiveTest) skipped.
Test suite progress: tests succeeded: 0, failed: 0, skipped: 29.
Starting test testPutAll(org.jclouds.openstack.swift.blobstore.integration.SwiftBlobMapIntegrationLiveTest)
[TestNG] Test testPutAll(org.jclouds.openstack.swift.blobstore.integration.SwiftBlobMapIntegrationLiveTest) skipped.
Test suite progress: tests succeeded: 0, failed: 0, skipped: 30.
Starting test testPutMoreThanSingleListing(org.jclouds.openstack.swift.blobstore.integration.SwiftBlobMapIntegrationLiveTest)
[TestNG] Test testPutMoreThanSingleListing(org.jclouds.openstack.swift.blobstore.integration.SwiftBlobMapIntegrationLiveTest) skipped.
Test suite progress: tests succeeded: 0, failed: 0, skipped: 31.
Starting test testRemove(org.jclouds.openstack.swift.blobstore.integration.SwiftBlobMapIntegrationLiveTest)
[TestNG] Test testRemove(org.jclouds.openstack.swift.blobstore.integration.SwiftBlobMapIntegrationLiveTest) skipped.
Test suite progress: tests succeeded: 0, failed: 0, skipped: 32.
Starting test testValues(org.jclouds.openstack.swift.blobstore.integration.SwiftBlobMapIntegrationLiveTest)
[TestNG] Test testValues(org.jclouds.openstack.swift.blobstore.integration.SwiftBlobMapIntegrationLiveTest) skipped.
Test suite progress: tests succeeded: 0, failed: 0, skipped: 33.
Starting test testClear(org.jclouds.openstack.swift.blobstore.integration.SwiftBlobMapIntegrationLiveTest)
[TestNG] Test testClear(org.jclouds.openstack.swift.blobstore.integration.SwiftBlobMapIntegrationLiveTest) skipped.
Test suite progress: tests succeeded: 0, failed: 0, skipped: 34.
Starting test testContainsKey(org.jclouds.openstack.swift.blobstore.integration.SwiftBlobMapIntegrationLiveTest)
[TestNG] Test testContainsKey(org.jclouds.openstack.swift.blobstore.integration.SwiftBlobMapIntegrationLiveTest) skipped.
Test suite progress: tests succeeded: 0, failed: 0, skipped: 35.
Starting test testDirectory(org.jclouds.openstack.swift.blobstore.integration.SwiftBlobMapIntegrationLiveTest)
[TestNG] Test testDirectory(org.jclouds.openstack.swift.blobstore.integration.SwiftBlobMapIntegrationLiveTest) skipped.
Test suite progress: tests succeeded: 0, failed: 0, skipped: 36.
Starting test testIsEmpty(org.jclouds.openstack.swift.blobstore.integration.SwiftBlobMapIntegrationLiveTest)
[TestNG] Test testIsEmpty(org.jclouds.openstack.swift.blobstore.integration.SwiftBlobMapIntegrationLiveTest) skipped.
Test suite progress: tests succeeded: 0, failed: 0, skipped: 37.
Starting test testKeySet(org.jclouds.openstack.swift.blobstore.integration.SwiftBlobMapIntegrationLiveTest)
[TestNG] Test testKeySet(org.jclouds.openstack.swift.blobstore.integration.SwiftBlobMapIntegrationLiveTest) skipped.
Test suite progress: tests succeeded: 0, failed: 0, skipped: 38.
Starting test testListContainer(org.jclouds.openstack.swift.blobstore.integration.SwiftBlobMapIntegrationLiveTest)
[TestNG] Test testListContainer(org.jclouds.openstack.swift.blobstore.integration.SwiftBlobMapIntegrationLiveTest) skipped.
Test suite progress: tests succeeded: 0, failed: 0, skipped: 39.
Starting test testSignGetUrl(org.jclouds.openstack.swift.blobstore.integration.SwiftBlobSignerLiveTest)
[TestNG] Test testSignGetUrl(org.jclouds.openstack.swift.blobstore.integration.SwiftBlobSignerLiveTest) skipped.
Test suite progress: tests succeeded: 0, failed: 0, skipped: 40.
Starting test testSignGetUrlOptions(org.jclouds.openstack.swift.blobstore.integration.SwiftBlobSignerLiveTest)
[TestNG] Test testSignGetUrlOptions(org.jclouds.openstack.swift.blobstore.integration.SwiftBlobSignerLiveTest) skipped.
Test suite progress: tests succeeded: 0, failed: 0, skipped: 41.
Starting test testSignPutUrl(org.jclouds.openstack.swift.blobstore.integration.SwiftBlobSignerLiveTest)
[TestNG] Test testSignPutUrl(org.jclouds.openstack.swift.blobstore.integration.SwiftBlobSignerLiveTest) skipped.
Test suite progress: tests succeeded: 0, failed: 0, skipped: 42.
Starting test testSignRemoveUrl(org.jclouds.openstack.swift.blobstore.integration.SwiftBlobSignerLiveTest)
[TestNG] Test testSignRemoveUrl(org.jclouds.openstack.swift.blobstore.integration.SwiftBlobSignerLiveTest) skipped.
Test suite progress: tests succeeded: 0, failed: 0, skipped: 43.
Starting test containerDoesntExist(org.jclouds.openstack.swift.blobstore.integration.SwiftContainerIntegrationLiveTest)
[TestNG] Test containerDoesntExist(org.jclouds.openstack.swift.blobstore.integration.SwiftContainerIntegrationLiveTest) skipped.
Test suite progress: tests succeeded: 0, failed: 0, skipped: 44.
Starting test containerExists(org.jclouds.openstack.swift.blobstore.integration.SwiftContainerIntegrationLiveTest)
[TestNG] Test containerExists(org.jclouds.openstack.swift.blobstore.integration.SwiftContainerIntegrationLiveTest) skipped.
Test suite progress: tests succeeded: 0, failed: 0, skipped: 45.
Starting test deleteContainerIfEmpty(org.jclouds.openstack.swift.blobstore.integration.SwiftContainerIntegrationLiveTest)
[TestNG] Test deleteContainerIfEmpty(org.jclouds.openstack.swift.blobstore.integration.SwiftContainerIntegrationLiveTest) skipped.
Test suite progress: tests succeeded: 0, failed: 0, skipped: 46.
Starting test deleteContainerWithContents(org.jclouds.openstack.swift.blobstore.integration.SwiftContainerIntegrationLiveTest)
[TestNG] Test deleteContainerWithContents(org.jclouds.openstack.swift.blobstore.integration.SwiftContainerIntegrationLiveTest) skipped.
Test suite progress: tests succeeded: 0, failed: 0, skipped: 47.
Starting test testClearWhenContentsUnderPath(org.jclouds.openstack.swift.blobstore.integration.SwiftContainerIntegrationLiveTest)
[TestNG] Test testClearWhenContentsUnderPath(org.jclouds.openstack.swift.blobstore.integration.SwiftContainerIntegrationLiveTest) skipped.
Test suite progress: tests succeeded: 0, failed: 0, skipped: 48.
Starting test testDirectory(org.jclouds.openstack.swift.blobstore.integration.SwiftContainerIntegrationLiveTest)
[TestNG] Test testDirectory(org.jclouds.openstack.swift.blobstore.integration.SwiftContainerIntegrationLiveTest) skipped.
Test suite progress: tests succeeded: 0, failed: 0, skipped: 49.
Starting test testListContainer(org.jclouds.openstack.swift.blobstore.integration.SwiftContainerIntegrationLiveTest)
[TestNG] Test testListContainer(org.jclouds.openstack.swift.blobstore.integration.SwiftContainerIntegrationLiveTest) skipped.
Test suite progress: tests succeeded: 0, failed: 0, skipped: 50.
Starting test testListContainerMarker(org.jclouds.openstack.swift.blobstore.integration.SwiftContainerIntegrationLiveTest)
[TestNG] Test testListContainerMarker(org.jclouds.openstack.swift.blobstore.integration.SwiftContainerIntegrationLiveTest) skipped.
Test suite progress: tests succeeded: 0, failed: 0, skipped: 51.
Starting test testListContainerMaxResults(org.jclouds.openstack.swift.blobstore.integration.SwiftContainerIntegrationLiveTest)
[TestNG] Test testListContainerMaxResults(org.jclouds.openstack.swift.blobstore.integration.SwiftContainerIntegrationLiveTest) skipped.
Test suite progress: tests succeeded: 0, failed: 0, skipped: 52.
Starting test testListContainerPrefix(org.jclouds.openstack.swift.blobstore.integration.SwiftContainerIntegrationLiveTest)
[TestNG] Test testListContainerPrefix(org.jclouds.openstack.swift.blobstore.integration.SwiftContainerIntegrationLiveTest) skipped.
Test suite progress: tests succeeded: 0, failed: 0, skipped: 53.
Starting test testListRootUsesDelimiter(org.jclouds.openstack.swift.blobstore.integration.SwiftContainerIntegrationLiveTest)
[TestNG] Test testListRootUsesDelimiter(org.jclouds.openstack.swift.blobstore.integration.SwiftContainerIntegrationLiveTest) skipped.
Test suite progress: tests succeeded: 0, failed: 0, skipped: 54.
Starting test testPutTwiceIsOkAndDoesntOverwrite(org.jclouds.openstack.swift.blobstore.integration.SwiftContainerIntegrationLiveTest)
[TestNG] Test testPutTwiceIsOkAndDoesntOverwrite(org.jclouds.openstack.swift.blobstore.integration.SwiftContainerIntegrationLiveTest) skipped.
Test suite progress: tests succeeded: 0, failed: 0, skipped: 55.
Starting test testWithDetails(org.jclouds.openstack.swift.blobstore.integration.SwiftContainerIntegrationLiveTest)
[TestNG] Test testWithDetails(org.jclouds.openstack.swift.blobstore.integration.SwiftContainerIntegrationLiveTest) skipped.
Test suite progress: tests succeeded: 0, failed: 0, skipped: 56.
Starting test testContainsBytesValue(org.jclouds.openstack.swift.blobstore.integration.SwiftInputStreamMapIntegrationLiveTest)
[TestNG] Test testContainsBytesValue(org.jclouds.openstack.swift.blobstore.integration.SwiftInputStreamMapIntegrationLiveTest) skipped.
Test suite progress: tests succeeded: 0, failed: 0, skipped: 57.
Starting test testContainsFileValue(org.jclouds.openstack.swift.blobstore.integration.SwiftInputStreamMapIntegrationLiveTest)
[TestNG] Test testContainsFileValue(org.jclouds.openstack.swift.blobstore.integration.SwiftInputStreamMapIntegrationLiveTest) skipped.
Test suite progress: tests succeeded: 0, failed: 0, skipped: 58.
Starting test testContainsInputStreamValue(org.jclouds.openstack.swift.blobstore.integration.SwiftInputStreamMapIntegrationLiveTest)
[TestNG] Test testContainsInputStreamValue(org.jclouds.openstack.swift.blobstore.integration.SwiftInputStreamMapIntegrationLiveTest) skipped.
Test suite progress: tests succeeded: 0, failed: 0, skipped: 59.
Starting test testContainsStringValue(org.jclouds.openstack.swift.blobstore.integration.SwiftInputStreamMapIntegrationLiveTest)
[TestNG] Test testContainsStringValue(org.jclouds.openstack.swift.blobstore.integration.SwiftInputStreamMapIntegrationLiveTest) skipped.
Test suite progress: tests succeeded: 0, failed: 0, skipped: 60.
Starting test testEntrySet(org.jclouds.openstack.swift.blobstore.integration.SwiftInputStreamMapIntegrationLiveTest)
[TestNG] Test testEntrySet(org.jclouds.openstack.swift.blobstore.integration.SwiftInputStreamMapIntegrationLiveTest) skipped.
Test suite progress: tests succeeded: 0, failed: 0, skipped: 61.
Starting test testPut(org.jclouds.openstack.swift.blobstore.integration.SwiftInputStreamMapIntegrationLiveTest)
[TestNG] Test testPut(org.jclouds.openstack.swift.blobstore.integration.SwiftInputStreamMapIntegrationLiveTest) skipped.
Test suite progress: tests succeeded: 0, failed: 0, skipped: 62.
Starting test testPutAll(org.jclouds.openstack.swift.blobstore.integration.SwiftInputStreamMapIntegrationLiveTest)
[TestNG] Test testPutAll(org.jclouds.openstack.swift.blobstore.integration.SwiftInputStreamMapIntegrationLiveTest) skipped.
Test suite progress: tests succeeded: 0, failed: 0, skipped: 63.
Starting test testPutAllBytes(org.jclouds.openstack.swift.blobstore.integration.SwiftInputStreamMapIntegrationLiveTest)
[TestNG] Test testPutAllBytes(org.jclouds.openstack.swift.blobstore.integration.SwiftInputStreamMapIntegrationLiveTest) skipped.
Test suite progress: tests succeeded: 0, failed: 0, skipped: 64.
Starting test testPutAllFiles(org.jclouds.openstack.swift.blobstore.integration.SwiftInputStreamMapIntegrationLiveTest)
[TestNG] Test testPutAllFiles(org.jclouds.openstack.swift.blobstore.integration.SwiftInputStreamMapIntegrationLiveTest) skipped.
Test suite progress: tests succeeded: 0, failed: 0, skipped: 65.
Starting test testPutAllStrings(org.jclouds.openstack.swift.blobstore.integration.SwiftInputStreamMapIntegrationLiveTest)
[TestNG] Test testPutAllStrings(org.jclouds.openstack.swift.blobstore.integration.SwiftInputStreamMapIntegrationLiveTest) skipped.
Test suite progress: tests succeeded: 0, failed: 0, skipped: 66.
Starting test testPutBytes(org.jclouds.openstack.swift.blobstore.integration.SwiftInputStreamMapIntegrationLiveTest)
[TestNG] Test testPutBytes(org.jclouds.openstack.swift.blobstore.integration.SwiftInputStreamMapIntegrationLiveTest) skipped.
Test suite progress: tests succeeded: 0, failed: 0, skipped: 67.
Starting test testPutFile(org.jclouds.openstack.swift.blobstore.integration.SwiftInputStreamMapIntegrationLiveTest)
[TestNG] Test testPutFile(org.jclouds.openstack.swift.blobstore.integration.SwiftInputStreamMapIntegrationLiveTest) skipped.
Test suite progress: tests succeeded: 0, failed: 0, skipped: 68.
Starting test testPutMoreThanSingleListing(org.jclouds.openstack.swift.blobstore.integration.SwiftInputStreamMapIntegrationLiveTest)
[TestNG] Test testPutMoreThanSingleListing(org.jclouds.openstack.swift.blobstore.integration.SwiftInputStreamMapIntegrationLiveTest) skipped.
Test suite progress: tests succeeded: 0, failed: 0, skipped: 69.
Starting test testPutString(org.jclouds.openstack.swift.blobstore.integration.SwiftInputStreamMapIntegrationLiveTest)
[TestNG] Test testPutString(org.jclouds.openstack.swift.blobstore.integration.SwiftInputStreamMapIntegrationLiveTest) skipped.
Test suite progress: tests succeeded: 0, failed: 0, skipped: 70.
Starting test testRemove(org.jclouds.openstack.swift.blobstore.integration.SwiftInputStreamMapIntegrationLiveTest)
[TestNG] Test testRemove(org.jclouds.openstack.swift.blobstore.integration.SwiftInputStreamMapIntegrationLiveTest) skipped.
Test suite progress: tests succeeded: 0, failed: 0, skipped: 71.
Starting test testValues(org.jclouds.openstack.swift.blobstore.integration.SwiftInputStreamMapIntegrationLiveTest)
[TestNG] Test testValues(org.jclouds.openstack.swift.blobstore.integration.SwiftInputStreamMapIntegrationLiveTest) skipped.
Test suite progress: tests succeeded: 0, failed: 0, skipped: 72.
Starting test testClear(org.jclouds.openstack.swift.blobstore.integration.SwiftInputStreamMapIntegrationLiveTest)
[TestNG] Test testClear(org.jclouds.openstack.swift.blobstore.integration.SwiftInputStreamMapIntegrationLiveTest) skipped.
Test suite progress: tests succeeded: 0, failed: 0, skipped: 73.
Starting test testContainsKey(org.jclouds.openstack.swift.blobstore.integration.SwiftInputStreamMapIntegrationLiveTest)
[TestNG] Test testContainsKey(org.jclouds.openstack.swift.blobstore.integration.SwiftInputStreamMapIntegrationLiveTest) skipped.
Test suite progress: tests succeeded: 0, failed: 0, skipped: 74.
Starting test testDirectory(org.jclouds.openstack.swift.blobstore.integration.SwiftInputStreamMapIntegrationLiveTest)
[TestNG] Test testDirectory(org.jclouds.openstack.swift.blobstore.integration.SwiftInputStreamMapIntegrationLiveTest) skipped.
Test suite progress: tests succeeded: 0, failed: 0, skipped: 75.
Starting test testIsEmpty(org.jclouds.openstack.swift.blobstore.integration.SwiftInputStreamMapIntegrationLiveTest)
[TestNG] Test testIsEmpty(org.jclouds.openstack.swift.blobstore.integration.SwiftInputStreamMapIntegrationLiveTest) skipped.
Test suite progress: tests succeeded: 0, failed: 0, skipped: 76.
Starting test testKeySet(org.jclouds.openstack.swift.blobstore.integration.SwiftInputStreamMapIntegrationLiveTest)
[TestNG] Test testKeySet(org.jclouds.openstack.swift.blobstore.integration.SwiftInputStreamMapIntegrationLiveTest) skipped.
Test suite progress: tests succeeded: 0, failed: 0, skipped: 77.
Starting test testListContainer(org.jclouds.openstack.swift.blobstore.integration.SwiftInputStreamMapIntegrationLiveTest)
[TestNG] Test testListContainer(org.jclouds.openstack.swift.blobstore.integration.SwiftInputStreamMapIntegrationLiveTest) skipped.
Test suite progress: tests succeeded: 0, failed: 0, skipped: 78.
Starting test containerDoesntExist(org.jclouds.openstack.swift.blobstore.integration.SwiftServiceIntegrationLiveTest)
[TestNG] Test containerDoesntExist(org.jclouds.openstack.swift.blobstore.integration.SwiftServiceIntegrationLiveTest) skipped.
Test suite progress: tests succeeded: 0, failed: 0, skipped: 79.
Starting test testAllLocations(org.jclouds.openstack.swift.blobstore.integration.SwiftServiceIntegrationLiveTest)
[TestNG] Test testAllLocations(org.jclouds.openstack.swift.blobstore.integration.SwiftServiceIntegrationLiveTest) skipped.
Test suite progress: tests succeeded: 0, failed: 0, skipped: 80.
Starting test testGetAssignableLocations(org.jclouds.openstack.swift.blobstore.integration.SwiftServiceIntegrationLiveTest)
[TestNG] Test testGetAssignableLocations(org.jclouds.openstack.swift.blobstore.integration.SwiftServiceIntegrationLiveTest) skipped.
Test suite progress: tests succeeded: 0, failed: 0, skipped: 81.
Starting test deleteContainerIfEmptyNotFound(org.jclouds.openstack.swift.SwiftClientLiveTest)
[TestNG] Test deleteContainerIfEmptyNotFound(org.jclouds.openstack.swift.SwiftClientLiveTest) skipped.
Test suite progress: tests succeeded: 0, failed: 0, skipped: 82.
Starting test testHeadAccountMetadata(org.jclouds.openstack.swift.SwiftClientLiveTest)
[TestNG] Test testHeadAccountMetadata(org.jclouds.openstack.swift.SwiftClientLiveTest) skipped.
Test suite progress: tests succeeded: 0, failed: 0, skipped: 83.
Starting test testListContainerPath(org.jclouds.openstack.swift.SwiftClientLiveTest)
[TestNG] Test testListContainerPath(org.jclouds.openstack.swift.SwiftClientLiveTest) skipped.
Test suite progress: tests succeeded: 0, failed: 0, skipped: 84.
Starting test testListOwnedContainers(org.jclouds.openstack.swift.SwiftClientLiveTest)
[TestNG] Test testListOwnedContainers(org.jclouds.openstack.swift.SwiftClientLiveTest) skipped.
Test suite progress: tests succeeded: 0, failed: 0, skipped: 85.
Starting test testObjectOperations(org.jclouds.openstack.swift.SwiftClientLiveTest)
[TestNG] Test testObjectOperations(org.jclouds.openstack.swift.SwiftClientLiveTest) skipped.
Test suite progress: tests succeeded: 0, failed: 0, skipped: 86.
Starting test testPutContainers(org.jclouds.openstack.swift.SwiftClientLiveTest)
[TestNG] Test testPutContainers(org.jclouds.openstack.swift.SwiftClientLiveTest) skipped.
Test suite progress: tests succeeded: 0, failed: 0, skipped: 87.
Starting test testPublicAccess(org.jclouds.openstack.swift.blobstore.integration.SwiftContainerLiveTest)
[TestNG] Test testPublicAccess(org.jclouds.openstack.swift.blobstore.integration.SwiftContainerLiveTest) skipped.
Test suite progress: tests succeeded: 0, failed: 0, skipped: 88.
Tests run: 200, Failures: 2, Errors: 0, Skipped: 198, Time elapsed: 12.406 sec <<< FAILURE!

Results :

Failed tests:   setUpResourcesForAllThreads(org.jclouds.openstack.swift.blobstore.integration.SwiftContainerLiveTest): command: GET https://region-a.geo-1.objects.hpcloudsvc.com/auth/v1.0 HTTP/1.1 failed with response: HTTP/1.1 401 Unauthorized; content: [<html>
  setUpResourcesForAllThreads(org.jclouds.openstack.swift.blobstore.integration.SwiftContainerLiveTest): command: GET https://region-a.geo-1.objects.hpcloudsvc.com/auth/v1.0 HTTP/1.1 failed with response: HTTP/1.1 401 Unauthorized; content: [<html>

Tests run: 200, Failures: 2, Errors: 0, Skipped: 198

[INFO] ------------------------------------------------------------------------
[INFO] BUILD FAILURE
[INFO] ------------------------------------------------------------------------
[INFO] Total time: 57.652s
[INFO] Finished at: Mon Mar 12 22:57:37 PDT 2012
[INFO] Final Memory: 21M/265M
[INFO] ------------------------------------------------------------------------
[ERROR] Failed to execute goal org.apache.maven.plugins:maven-surefire-plugin:2.10:test (integration) on project swift: There are test failures.
[ERROR] 
[ERROR] Please refer to /Users/adriancole/workspace/git/1.4.x/jclouds/apis/swift/target/surefire-reports for the individual test results.
[ERROR] -> [Help 1]
[ERROR] 
[ERROR] To see the full stack trace of the errors, re-run Maven with the -e switch.
[ERROR] Re-run Maven using the -X switch to enable full debug logging.
[ERROR] 
[ERROR] For more information about the errors and possible solutions, please read the following articles:
[ERROR] [Help 1] http://cwiki.apache.org/confluence/display/MAVEN/MojoFailureException
