-------------------------------------------------------------------------------
Test set: TestSuite
-------------------------------------------------------------------------------
Tests run: 142, Failures: 2, Errors: 0, Skipped: 0, Time elapsed: 3,106.832 sec <<< FAILURE!
testTemplateBuilderWithLoginUserSpecified(org.jclouds.trmk.vcloudexpress.compute.TerremarkVCloudExpressTemplateBuilderLiveTest)  Time elapsed: 5.584 sec  <<< FAILURE!
java.lang.NullPointerException
	at org.jclouds.trmk.vcloud_0_8.compute.functions.ImageForVCloudExpressVAppTemplate.apply(ImageForVCloudExpressVAppTemplate.java:61)
	at org.jclouds.trmk.vcloud_0_8.compute.functions.ImageForVCloudExpressVAppTemplate.apply(ImageForVCloudExpressVAppTemplate.java:38)
	at com.google.common.collect.Iterators$8.next(Iterators.java:812)
	at com.google.common.collect.Iterators$5.next(Iterators.java:554)
	at com.google.common.collect.Sets.newLinkedHashSet(Sets.java:287)
	at org.jclouds.trmk.vcloud_0_8.compute.suppliers.VAppTemplatesInOrgs.get(VAppTemplatesInOrgs.java:73)
	at org.jclouds.trmk.vcloud_0_8.compute.suppliers.VAppTemplatesInOrgs.get(VAppTemplatesInOrgs.java:46)
	at org.jclouds.compute.config.BaseComputeServiceContextModule$9.get(BaseComputeServiceContextModule.java:249)
	at org.jclouds.compute.config.BaseComputeServiceContextModule$9.get(BaseComputeServiceContextModule.java:246)
	at org.jclouds.rest.suppliers.SetAndThrowAuthorizationExceptionSupplier.get(SetAndThrowAuthorizationExceptionSupplier.java:49)
	at org.jclouds.concurrent.RetryOnTimeOutExceptionSupplier.get(RetryOnTimeOutExceptionSupplier.java:47)
	at org.jclouds.util.Suppliers2$ExpiringMemoizingSupplier.get(Suppliers2.java:130)
	at org.jclouds.rest.suppliers.MemoizedRetryOnTimeOutButNotOnAuthorizationExceptionSupplier.get(MemoizedRetryOnTimeOutButNotOnAuthorizationExceptionSupplier.java:64)
	at org.jclouds.compute.domain.internal.TemplateBuilderImpl.getImages(TemplateBuilderImpl.java:753)
	at org.jclouds.compute.domain.internal.TemplateBuilderImpl.build(TemplateBuilderImpl.java:628)
	at org.jclouds.compute.domain.internal.TemplateBuilderImpl.build(TemplateBuilderImpl.java:622)
	at org.jclouds.compute.BaseTemplateBuilderLiveTest.tryOverrideUsingPropertyKey(BaseTemplateBuilderLiveTest.java:281)
	at org.jclouds.compute.BaseTemplateBuilderLiveTest.testTemplateBuilderWithLoginUserSpecified(BaseTemplateBuilderLiveTest.java:262)
	at sun.reflect.NativeMethodAccessorImpl.invoke0(Native Method)
	at sun.reflect.NativeMethodAccessorImpl.invoke(NativeMethodAccessorImpl.java:39)
	at sun.reflect.DelegatingMethodAccessorImpl.invoke(DelegatingMethodAccessorImpl.java:25)
	at java.lang.reflect.Method.invoke(Method.java:597)
	at org.testng.internal.MethodInvocationHelper.invokeMethod(MethodInvocationHelper.java:80)
	at org.testng.internal.Invoker.invokeMethod(Invoker.java:691)
	at org.testng.internal.Invoker.invokeTestMethod(Invoker.java:883)
	at org.testng.internal.Invoker.invokeTestMethods(Invoker.java:1208)
	at org.testng.internal.TestMethodWorker.invokeTestMethods(TestMethodWorker.java:127)
	at org.testng.internal.TestMethodWorker.run(TestMethodWorker.java:111)
	at org.testng.TestRunner.privateRun(TestRunner.java:758)
	at org.testng.TestRunner.run(TestRunner.java:613)
	at org.testng.SuiteRunner.runTest(SuiteRunner.java:334)
	at org.testng.SuiteRunner.access$000(SuiteRunner.java:37)
	at org.testng.SuiteRunner$SuiteWorker.run(SuiteRunner.java:368)
	at org.testng.internal.thread.ThreadUtil$CountDownLatchedRunnable.run(ThreadUtil.java:165)
	at java.util.concurrent.ThreadPoolExecutor$Worker.runTask(ThreadPoolExecutor.java:886)
	at java.util.concurrent.ThreadPoolExecutor$Worker.run(ThreadPoolExecutor.java:908)
	at java.lang.Thread.run(Thread.java:680)
testFindVAppTemplate(org.jclouds.trmk.vcloudexpress.TerremarkVCloudExpressClientLiveTest)  Time elapsed: 4.791 sec  <<< FAILURE!
java.lang.IllegalArgumentException: illegal argument in [[adrian.cole@cloudsoftcorp.com, Miami Environment 1 Catalog, CentOS 5 (32-bit)]] for method public abstract com.google.common.util.concurrent.ListenableFuture org.jclouds.trmk.vcloud_0_8.TerremarkVCloudAsyncClient.findVAppTemplateInOrgCatalogNamed(java.lang.String,java.lang.String,java.lang.String)
	at org.jclouds.rest.internal.RestAnnotationProcessor.getEndpointInParametersOrNull(RestAnnotationProcessor.java:755)
	at org.jclouds.rest.internal.RestAnnotationProcessor.getEndpointFor(RestAnnotationProcessor.java:768)
	at org.jclouds.rest.internal.RestAnnotationProcessor.createRequest(RestAnnotationProcessor.java:425)
	at org.jclouds.rest.internal.AsyncRestClientProxy.createListenableFutureForHttpRequestMappedToMethodAndArgs(AsyncRestClientProxy.java:187)
	at org.jclouds.rest.internal.AsyncRestClientProxy.invoke(AsyncRestClientProxy.java:134)
	at $Proxy79.findVAppTemplateInOrgCatalogNamed(Unknown Source)
	at sun.reflect.NativeMethodAccessorImpl.invoke0(Native Method)
	at sun.reflect.NativeMethodAccessorImpl.invoke(NativeMethodAccessorImpl.java:39)
	at sun.reflect.DelegatingMethodAccessorImpl.invoke(DelegatingMethodAccessorImpl.java:25)
	at java.lang.reflect.Method.invoke(Method.java:597)
	at org.jclouds.concurrent.internal.SyncProxy.invoke(SyncProxy.java:137)
	at $Proxy80.findVAppTemplateInOrgCatalogNamed(Unknown Source)
	at org.jclouds.trmk.vcloud_0_8.TerremarkClientLiveTest.testFindVAppTemplate(TerremarkClientLiveTest.java:810)
	at sun.reflect.NativeMethodAccessorImpl.invoke0(Native Method)
	at sun.reflect.NativeMethodAccessorImpl.invoke(NativeMethodAccessorImpl.java:39)
	at sun.reflect.DelegatingMethodAccessorImpl.invoke(DelegatingMethodAccessorImpl.java:25)
	at java.lang.reflect.Method.invoke(Method.java:597)
	at org.testng.internal.MethodInvocationHelper.invokeMethod(MethodInvocationHelper.java:80)
	at org.testng.internal.Invoker.invokeMethod(Invoker.java:691)
	at org.testng.internal.Invoker.invokeTestMethod(Invoker.java:883)
	at org.testng.internal.Invoker.invokeTestMethods(Invoker.java:1208)
	at org.testng.internal.TestMethodWorker.invokeTestMethods(TestMethodWorker.java:127)
	at org.testng.internal.TestMethodWorker.run(TestMethodWorker.java:111)
	at org.testng.TestRunner.privateRun(TestRunner.java:758)
	at org.testng.TestRunner.run(TestRunner.java:613)
	at org.testng.SuiteRunner.runTest(SuiteRunner.java:334)
	at org.testng.SuiteRunner.access$000(SuiteRunner.java:37)
	at org.testng.SuiteRunner$SuiteWorker.run(SuiteRunner.java:368)
	at org.testng.internal.thread.ThreadUtil$CountDownLatchedRunnable.run(ThreadUtil.java:165)
	at java.util.concurrent.ThreadPoolExecutor$Worker.runTask(ThreadPoolExecutor.java:886)
	at java.util.concurrent.ThreadPoolExecutor$Worker.run(ThreadPoolExecutor.java:908)
	at java.lang.Thread.run(Thread.java:680)
Caused by: java.lang.NullPointerException
	at org.jclouds.trmk.vcloud_0_8.config.TerremarkVCloudRestClientModule$19.apply(TerremarkVCloudRestClientModule.java:308)
	at org.jclouds.trmk.vcloud_0_8.config.TerremarkVCloudRestClientModule$19.apply(TerremarkVCloudRestClientModule.java:304)
	at com.google.common.collect.Maps.uniqueIndex(Maps.java:679)
	at com.google.common.collect.Maps.uniqueIndex(Maps.java:637)
	at org.jclouds.trmk.vcloud_0_8.config.TerremarkVCloudRestClientModule$OrgCatalogItemSupplier$1$1.apply(TerremarkVCloudRestClientModule.java:453)
	at org.jclouds.trmk.vcloud_0_8.config.TerremarkVCloudRestClientModule$OrgCatalogItemSupplier$1$1.apply(TerremarkVCloudRestClientModule.java:448)
	at com.google.common.collect.Maps$2.transformEntry(Maps.java:948)
	at com.google.common.collect.Maps$TransformedEntriesMap.get(Maps.java:1181)
	at org.jclouds.trmk.vcloud_0_8.functions.OrgNameCatalogNameVAppTemplateNameToEndpoint.apply(OrgNameCatalogNameVAppTemplateNameToEndpoint.java:76)
	at org.jclouds.trmk.vcloud_0_8.functions.OrgNameCatalogNameVAppTemplateNameToEndpoint.apply(OrgNameCatalogNameVAppTemplateNameToEndpoint.java:43)
	at org.jclouds.rest.internal.RestAnnotationProcessor.getEndpointInParametersOrNull(RestAnnotationProcessor.java:750)
	... 31 more
Caused by: java.lang.NullPointerException
	at org.jclouds.trmk.vcloud_0_8.config.TerremarkVCloudRestClientModule$19.apply(TerremarkVCloudRestClientModule.java:308)
	at org.jclouds.trmk.vcloud_0_8.config.TerremarkVCloudRestClientModule$19.apply(TerremarkVCloudRestClientModule.java:304)
	at com.google.common.collect.Maps.uniqueIndex(Maps.java:679)
	at com.google.common.collect.Maps.uniqueIndex(Maps.java:637)
	at org.jclouds.trmk.vcloud_0_8.config.TerremarkVCloudRestClientModule$OrgCatalogItemSupplier$1$1.apply(TerremarkVCloudRestClientModule.java:453)
	at org.jclouds.trmk.vcloud_0_8.config.TerremarkVCloudRestClientModule$OrgCatalogItemSupplier$1$1.apply(TerremarkVCloudRestClientModule.java:448)
	at com.google.common.collect.Maps$2.transformEntry(Maps.java:948)
	at com.google.common.collect.Maps$TransformedEntriesMap.get(Maps.java:1181)
	at org.jclouds.trmk.vcloud_0_8.functions.OrgNameCatalogNameVAppTemplateNameToEndpoint.apply(OrgNameCatalogNameVAppTemplateNameToEndpoint.java:76)
	at org.jclouds.trmk.vcloud_0_8.functions.OrgNameCatalogNameVAppTemplateNameToEndpoint.apply(OrgNameCatalogNameVAppTemplateNameToEndpoint.java:43)
	at org.jclouds.rest.internal.RestAnnotationProcessor.getEndpointInParametersOrNull(RestAnnotationProcessor.java:750)
	... 31 more
