[INFO] Scanning for projects...
[WARNING] 
[WARNING] Some problems were encountered while building the effective model for org.jclouds.provider:trmk-ecloud:bundle:1.4.0-SNAPSHOT
[WARNING] 'parent.relativePath' of POM org.jclouds:jclouds-project:1.4.0-SNAPSHOT (/Users/adriancole/git/1.4.x/jclouds/project/pom.xml) points at org.jclouds:jclouds-multi instead of org.sonatype.oss:oss-parent, please verify your project structure @ org.jclouds:jclouds-project:1.4.0-SNAPSHOT, /Users/adriancole/git/1.4.x/jclouds/project/pom.xml, line 24, column 13
[WARNING] 
[WARNING] It is highly recommended to fix these problems because they threaten the stability of your build.
[WARNING] 
[WARNING] For this reason, future Maven versions might no longer support building such malformed projects.
[WARNING] 
[INFO]                                                                         
[INFO] ------------------------------------------------------------------------
[INFO] Building jclouds Terremark Enterprise Cloud provider 1.4.0-SNAPSHOT
[INFO] ------------------------------------------------------------------------
[INFO] 
[INFO] --- maven-clean-plugin:2.4.1:clean (default-clean) @ trmk-ecloud ---
[INFO] Deleting /Users/adriancole/git/1.4.x/jclouds/providers/trmk-ecloud/target
[INFO] 
[INFO] --- maven-enforcer-plugin:1.0.1:enforce (enforce-maven) @ trmk-ecloud ---
[INFO] 
[INFO] --- maven-enforcer-plugin:1.0.1:enforce (enforce-banned-dependencies) @ trmk-ecloud ---
[INFO] 
[INFO] --- maven-enforcer-plugin:1.0.1:enforce (enforce-java) @ trmk-ecloud ---
[INFO] 
[INFO] --- maven-remote-resources-plugin:1.2:process (process-remote-resources) @ trmk-ecloud ---
[INFO] Setting property: classpath.resource.loader.class => 'org.codehaus.plexus.velocity.ContextClassLoaderResourceLoader'.
[INFO] Setting property: velocimacro.messages.on => 'false'.
[INFO] Setting property: resource.loader => 'classpath'.
[INFO] Setting property: resource.manager.logwhenfound => 'false'.
[INFO] 
[INFO] --- maven-resources-plugin:2.4.2:resources (default-resources) @ trmk-ecloud ---
[INFO] Using 'UTF-8' encoding to copy filtered resources.
[INFO] skip non existing resourceDirectory /Users/adriancole/git/1.4.x/jclouds/providers/trmk-ecloud/src/main/clojure
[INFO] Copying 1 resource
[INFO] Copying 2 resources
[INFO] 
[INFO] --- maven-compiler-plugin:2.3:compile (default-compile) @ trmk-ecloud ---
[INFO] Compiling 20 source files to /Users/adriancole/git/1.4.x/jclouds/providers/trmk-ecloud/target/classes
[INFO] 
[INFO] --- maven-resources-plugin:2.4.2:testResources (default-testResources) @ trmk-ecloud ---
[INFO] Using 'UTF-8' encoding to copy filtered resources.
[INFO] skip non existing resourceDirectory /Users/adriancole/git/1.4.x/jclouds/providers/trmk-ecloud/src/test/clojure
[INFO] Copying 5 resources
[INFO] Copying 2 resources
[INFO] 
[INFO] --- maven-compiler-plugin:2.3:testCompile (default-testCompile) @ trmk-ecloud ---
[INFO] Compiling 14 source files to /Users/adriancole/git/1.4.x/jclouds/providers/trmk-ecloud/target/test-classes
[INFO] 
[INFO] --- maven-surefire-plugin:2.10:test (default-test) @ trmk-ecloud ---
[INFO] Surefire report directory: /Users/adriancole/git/1.4.x/jclouds/providers/trmk-ecloud/target/surefire-reports
[INFO] Using configured provider org.apache.maven.surefire.testng.TestNGProvider

-------------------------------------------------------
 T E S T S
-------------------------------------------------------
Running TestSuite
Starting test test(org.jclouds.trmk.ecloud.compute.functions.TerremarkECloudParseOsFromVAppTemplateNameTest)
;[pool-2-thread-1] Test test(org.jclouds.trmk.ecloud.compute.functions.TerremarkECloudParseOsFromVAppTemplateNameTest) succeeded: 753ms
Test suite progress: tests succeeded: 1, failed: 0, skipped: 0.
Starting test testlistDataCenters(org.jclouds.trmk.ecloud.features.DataCenterOperationsAsyncClientTest)
Starting test testlistDataCentersInOrg(org.jclouds.trmk.ecloud.features.DataCenterOperationsAsyncClientTest)
[pool-3-thread-1] Test testlistDataCenters(org.jclouds.trmk.ecloud.features.DataCenterOperationsAsyncClientTest) succeeded: 87ms
Test suite progress: tests succeeded: 2, failed: 0, skipped: 0.
[pool-3-thread-2] Test testlistDataCentersInOrg(org.jclouds.trmk.ecloud.features.DataCenterOperationsAsyncClientTest) succeeded: 87ms
Test suite progress: tests succeeded: 3, failed: 0, skipped: 0.
Starting test testgetTagNameToUsageCount(org.jclouds.trmk.ecloud.features.TagOperationsAsyncClientTest)
Starting test testgetTagNameToUsageCountInOrg(org.jclouds.trmk.ecloud.features.TagOperationsAsyncClientTest)
[pool-4-thread-1] Test testgetTagNameToUsageCount(org.jclouds.trmk.ecloud.features.TagOperationsAsyncClientTest) succeeded: 8ms
Test suite progress: tests succeeded: 4, failed: 0, skipped: 0.
[pool-4-thread-2] Test testgetTagNameToUsageCountInOrg(org.jclouds.trmk.ecloud.features.TagOperationsAsyncClientTest) succeeded: 8ms
Test suite progress: tests succeeded: 5, failed: 0, skipped: 0.
Starting test testActivatePublicIpInVDC(org.jclouds.trmk.ecloud.TerremarkECloudAsyncClientTest)
[pool-5-thread-1] Test testActivatePublicIpInVDC(org.jclouds.trmk.ecloud.TerremarkECloudAsyncClientTest) succeeded: 8ms
Test suite progress: tests succeeded: 6, failed: 0, skipped: 0.
Starting test testAddInternetServiceToExistingIp(org.jclouds.trmk.ecloud.TerremarkECloudAsyncClientTest)
[pool-5-thread-1] Test testAddInternetServiceToExistingIp(org.jclouds.trmk.ecloud.TerremarkECloudAsyncClientTest) succeeded: 79ms
Test suite progress: tests succeeded: 7, failed: 0, skipped: 0.
Starting test testAddInternetServiceToExistingIpOptions(org.jclouds.trmk.ecloud.TerremarkECloudAsyncClientTest)
[pool-5-thread-1] Test testAddInternetServiceToExistingIpOptions(org.jclouds.trmk.ecloud.TerremarkECloudAsyncClientTest) succeeded: 3ms
Test suite progress: tests succeeded: 8, failed: 0, skipped: 0.
Starting test testAddNode(org.jclouds.trmk.ecloud.TerremarkECloudAsyncClientTest)
[pool-5-thread-1] Test testAddNode(org.jclouds.trmk.ecloud.TerremarkECloudAsyncClientTest) succeeded: 8ms
Test suite progress: tests succeeded: 9, failed: 0, skipped: 0.
Starting test testAddNodeOptions(org.jclouds.trmk.ecloud.TerremarkECloudAsyncClientTest)
[pool-5-thread-1] Test testAddNodeOptions(org.jclouds.trmk.ecloud.TerremarkECloudAsyncClientTest) succeeded: 3ms
Test suite progress: tests succeeded: 10, failed: 0, skipped: 0.
Starting test testCatalog(org.jclouds.trmk.ecloud.TerremarkECloudAsyncClientTest)
[pool-5-thread-1] Test testCatalog(org.jclouds.trmk.ecloud.TerremarkECloudAsyncClientTest) succeeded: 2ms
Test suite progress: tests succeeded: 11, failed: 0, skipped: 0.
Starting test testConfigureNodeNoDescription(org.jclouds.trmk.ecloud.TerremarkECloudAsyncClientTest)
[pool-5-thread-1] Test testConfigureNodeNoDescription(org.jclouds.trmk.ecloud.TerremarkECloudAsyncClientTest) succeeded: 149ms
Test suite progress: tests succeeded: 12, failed: 0, skipped: 0.
Starting test testConfigureNodeWithDescription(org.jclouds.trmk.ecloud.TerremarkECloudAsyncClientTest)
[pool-5-thread-1] Test testConfigureNodeWithDescription(org.jclouds.trmk.ecloud.TerremarkECloudAsyncClientTest) succeeded: 4ms
Test suite progress: tests succeeded: 13, failed: 0, skipped: 0.
Starting test testDelete(org.jclouds.trmk.ecloud.TerremarkECloudAsyncClientTest)
[pool-5-thread-1] Test testDelete(org.jclouds.trmk.ecloud.TerremarkECloudAsyncClientTest) succeeded: 4ms
Test suite progress: tests succeeded: 14, failed: 0, skipped: 0.
Starting test testDeleteInternetService(org.jclouds.trmk.ecloud.TerremarkECloudAsyncClientTest)
[pool-5-thread-1] Test testDeleteInternetService(org.jclouds.trmk.ecloud.TerremarkECloudAsyncClientTest) succeeded: 4ms
Test suite progress: tests succeeded: 15, failed: 0, skipped: 0.
Starting test testDeleteKeyPair(org.jclouds.trmk.ecloud.TerremarkECloudAsyncClientTest)
[pool-5-thread-1] Test testDeleteKeyPair(org.jclouds.trmk.ecloud.TerremarkECloudAsyncClientTest) succeeded: 1ms
Test suite progress: tests succeeded: 16, failed: 0, skipped: 0.
Starting test testDeleteNode(org.jclouds.trmk.ecloud.TerremarkECloudAsyncClientTest)
[pool-5-thread-1] Test testDeleteNode(org.jclouds.trmk.ecloud.TerremarkECloudAsyncClientTest) succeeded: 1ms
Test suite progress: tests succeeded: 17, failed: 0, skipped: 0.
Starting test testFindNetworkInOrgVDCNamed(org.jclouds.trmk.ecloud.TerremarkECloudAsyncClientTest)
[pool-5-thread-1] Test testFindNetworkInOrgVDCNamed(org.jclouds.trmk.ecloud.TerremarkECloudAsyncClientTest) succeeded: 7ms
Test suite progress: tests succeeded: 18, failed: 0, skipped: 0.
Starting test testGetAllInternetServices(org.jclouds.trmk.ecloud.TerremarkECloudAsyncClientTest)
[pool-5-thread-1] Test testGetAllInternetServices(org.jclouds.trmk.ecloud.TerremarkECloudAsyncClientTest) succeeded: 6ms
Test suite progress: tests succeeded: 19, failed: 0, skipped: 0.
Starting test testGetCustomizationOptionsOfCatalogItem(org.jclouds.trmk.ecloud.TerremarkECloudAsyncClientTest)
[pool-5-thread-1] Test testGetCustomizationOptionsOfCatalogItem(org.jclouds.trmk.ecloud.TerremarkECloudAsyncClientTest) succeeded: 4ms
Test suite progress: tests succeeded: 20, failed: 0, skipped: 0.
Starting test testGetExtendedInfo(org.jclouds.trmk.ecloud.TerremarkECloudAsyncClientTest)
[pool-5-thread-1] Test testGetExtendedInfo(org.jclouds.trmk.ecloud.TerremarkECloudAsyncClientTest) succeeded: 4ms
Test suite progress: tests succeeded: 21, failed: 0, skipped: 0.
Starting test testGetInternetService(org.jclouds.trmk.ecloud.TerremarkECloudAsyncClientTest)
[pool-5-thread-1] Test testGetInternetService(org.jclouds.trmk.ecloud.TerremarkECloudAsyncClientTest) succeeded: 2ms
Test suite progress: tests succeeded: 22, failed: 0, skipped: 0.
Starting test testGetKeyPair(org.jclouds.trmk.ecloud.TerremarkECloudAsyncClientTest)
[pool-5-thread-1] Test testGetKeyPair(org.jclouds.trmk.ecloud.TerremarkECloudAsyncClientTest) succeeded: 3ms
Test suite progress: tests succeeded: 23, failed: 0, skipped: 0.
Starting test testGetKeyPairInOrg(org.jclouds.trmk.ecloud.TerremarkECloudAsyncClientTest)
[pool-5-thread-1] Test testGetKeyPairInOrg(org.jclouds.trmk.ecloud.TerremarkECloudAsyncClientTest) succeeded: 8ms
Test suite progress: tests succeeded: 24, failed: 0, skipped: 0.
Starting test testGetNode(org.jclouds.trmk.ecloud.TerremarkECloudAsyncClientTest)
[pool-5-thread-1] Test testGetNode(org.jclouds.trmk.ecloud.TerremarkECloudAsyncClientTest) succeeded: 1ms
Test suite progress: tests succeeded: 25, failed: 0, skipped: 0.
Starting test testGetNodes(org.jclouds.trmk.ecloud.TerremarkECloudAsyncClientTest)
[pool-5-thread-1] Test testGetNodes(org.jclouds.trmk.ecloud.TerremarkECloudAsyncClientTest) succeeded: 3ms
Test suite progress: tests succeeded: 26, failed: 0, skipped: 0.
Starting test testGetVDC(org.jclouds.trmk.ecloud.TerremarkECloudAsyncClientTest)
[pool-5-thread-1] Test testGetVDC(org.jclouds.trmk.ecloud.TerremarkECloudAsyncClientTest) succeeded: 3ms
Test suite progress: tests succeeded: 27, failed: 0, skipped: 0.
Starting test testInstantiateVAppTemplateInVDCURI(org.jclouds.trmk.ecloud.TerremarkECloudAsyncClientTest)
[pool-5-thread-1] Test testInstantiateVAppTemplateInVDCURI(org.jclouds.trmk.ecloud.TerremarkECloudAsyncClientTest) succeeded: 39ms
Test suite progress: tests succeeded: 28, failed: 0, skipped: 0.
Starting test testInstantiateVAppTemplateInVDCURIOptions(org.jclouds.trmk.ecloud.TerremarkECloudAsyncClientTest)
[pool-5-thread-1] Test testInstantiateVAppTemplateInVDCURIOptions(org.jclouds.trmk.ecloud.TerremarkECloudAsyncClientTest) succeeded: 6ms
Test suite progress: tests succeeded: 29, failed: 0, skipped: 0.
Starting test testListKeyPairsInOrg(org.jclouds.trmk.ecloud.TerremarkECloudAsyncClientTest)
[pool-5-thread-1] Test testListKeyPairsInOrg(org.jclouds.trmk.ecloud.TerremarkECloudAsyncClientTest) succeeded: 1ms
Test suite progress: tests succeeded: 30, failed: 0, skipped: 0.
Starting test testListKeyPairsInOrgNotFound(org.jclouds.trmk.ecloud.TerremarkECloudAsyncClientTest)
[pool-5-thread-1] Test testListKeyPairsInOrgNotFound(org.jclouds.trmk.ecloud.TerremarkECloudAsyncClientTest) succeeded: 0ms
Test suite progress: tests succeeded: 31, failed: 0, skipped: 0.
Starting test testListOrgs(org.jclouds.trmk.ecloud.TerremarkECloudAsyncClientTest)
[pool-5-thread-1] Test testListOrgs(org.jclouds.trmk.ecloud.TerremarkECloudAsyncClientTest) succeeded: 0ms
Test suite progress: tests succeeded: 32, failed: 0, skipped: 0.
Starting test testNetwork(org.jclouds.trmk.ecloud.TerremarkECloudAsyncClientTest)
[pool-5-thread-1] Test testNetwork(org.jclouds.trmk.ecloud.TerremarkECloudAsyncClientTest) succeeded: 2ms
Test suite progress: tests succeeded: 33, failed: 0, skipped: 0.
Starting test testAllContains(org.jclouds.trmk.ecloud.TerremarkECloudProviderTest)
Starting test testInRestProperties(org.jclouds.trmk.ecloud.TerremarkECloudProviderTest)
Starting test testOfTypeContains(org.jclouds.trmk.ecloud.TerremarkECloudProviderTest)
Starting test testWithId(org.jclouds.trmk.ecloud.TerremarkECloudProviderTest)
[pool-6-thread-1] Test testAllContains(org.jclouds.trmk.ecloud.TerremarkECloudProviderTest) succeeded: 17ms
Test suite progress: tests succeeded: 34, failed: 0, skipped: 0.
[pool-6-thread-4] Test testWithId(org.jclouds.trmk.ecloud.TerremarkECloudProviderTest) succeeded: 16ms
Test suite progress: tests succeeded: 35, failed: 0, skipped: 0.
[pool-6-thread-3] Test testOfTypeContains(org.jclouds.trmk.ecloud.TerremarkECloudProviderTest) succeeded: 17ms
Test suite progress: tests succeeded: 36, failed: 0, skipped: 0.
[pool-6-thread-2] Test testInRestProperties(org.jclouds.trmk.ecloud.TerremarkECloudProviderTest) succeeded: 40ms
Test suite progress: tests succeeded: 37, failed: 0, skipped: 0.
Starting test testApplyInputStream(org.jclouds.trmk.ecloud.xml.ECloudOrgHandlerTest)
[pool-7-thread-1] Test testApplyInputStream(org.jclouds.trmk.ecloud.xml.ECloudOrgHandlerTest) succeeded: 6ms
Test suite progress: tests succeeded: 38, failed: 0, skipped: 0.
Starting test testApplyInputStream(org.jclouds.trmk.ecloud.xml.TagNameToUsageCountHandlerTest)
[pool-8-thread-1] Test testApplyInputStream(org.jclouds.trmk.ecloud.xml.TagNameToUsageCountHandlerTest) succeeded: 2ms
Test suite progress: tests succeeded: 39, failed: 0, skipped: 0.
Tests run: 39, Failures: 0, Errors: 0, Skipped: 0, Time elapsed: 4.099 sec

Results :

Tests run: 39, Failures: 0, Errors: 0, Skipped: 0

[INFO] 
[INFO] --- clojure-maven-plugin:1.3.8:test (test-clojure) @ trmk-ecloud ---

Testing com.theoryinpractise.clojure.testrunner

Ran 0 tests containing 0 assertions.
0 failures, 0 errors.
[INFO] 
[INFO] --- maven-bundle-plugin:2.3.4:bundle (default-bundle) @ trmk-ecloud ---
[INFO] 
[INFO] --- maven-source-plugin:2.1.1:jar-no-fork (attach-sources) @ trmk-ecloud ---
[INFO] Building jar: /Users/adriancole/git/1.4.x/jclouds/providers/trmk-ecloud/target/trmk-ecloud-1.4.0-SNAPSHOT-sources.jar
[INFO] 
[INFO] --- maven-javadoc-plugin:2.8:jar (javadoc) @ trmk-ecloud ---
[INFO] Skipping javadoc generation
[INFO] 
[INFO] --- maven-jar-plugin:2.3.1:test-jar (default) @ trmk-ecloud ---
[INFO] Building jar: /Users/adriancole/git/1.4.x/jclouds/providers/trmk-ecloud/target/trmk-ecloud-1.4.0-SNAPSHOT-tests.jar
[INFO] 
[INFO] --- maven-surefire-plugin:2.10:test (integration) @ trmk-ecloud ---
[INFO] Surefire report directory: /Users/adriancole/git/1.4.x/jclouds/providers/trmk-ecloud/target/surefire-reports
[INFO] Using configured provider org.apache.maven.surefire.testng.TestNGProvider

-------------------------------------------------------
 T E S T S
-------------------------------------------------------
Running TestSuite
Starting test testCompareSizes(org.jclouds.trmk.ecloud.compute.TerremarkECloudComputeServiceLiveTest)
;;Mar 15, 2012 8:49:42 PM org.jclouds.compute.BaseComputeServiceLiveTest testCompareSizes
INFO: smallest [id=cpu=1,ram=512,disk=10, providerId=cpu=1,ram=512,disk=10, name=null, processors=[[cores=1.0, speed=1.0]], ram=512, volumes=[[id=null, type=LOCAL, size=10.0, device=null, durable=true, isBootDevice=true]], hypervisor=VMware, supportsImage=ALWAYS_TRUE, tags=[]]
Mar 15, 2012 8:49:42 PM org.jclouds.compute.BaseComputeServiceLiveTest testCompareSizes
INFO: fastest [id=cpu=8,ram=512,disk=10, providerId=cpu=8,ram=512,disk=10, name=null, processors=[[cores=8.0, speed=1.0]], ram=512, volumes=[[id=null, type=LOCAL, size=10.0, device=null, durable=true, isBootDevice=true]], hypervisor=VMware, supportsImage=ALWAYS_TRUE, tags=[]]
Mar 15, 2012 8:49:42 PM org.jclouds.compute.BaseComputeServiceLiveTest testCompareSizes
INFO: biggest [id=cpu=8,ram=16384,disk=10, providerId=cpu=8,ram=16384,disk=10, name=null, processors=[[cores=8.0, speed=1.0]], ram=16384, volumes=[[id=null, type=LOCAL, size=10.0, device=null, durable=true, isBootDevice=true]], hypervisor=VMware, supportsImage=ALWAYS_TRUE, tags=[]]
[TestNG] Test testCompareSizes(org.jclouds.trmk.ecloud.compute.TerremarkECloudComputeServiceLiveTest) succeeded: 27612ms
Test suite progress: tests succeeded: 1, failed: 0, skipped: 0.
Starting test testCorrectAuthException(org.jclouds.trmk.ecloud.compute.TerremarkECloudComputeServiceLiveTest)
[TestNG] Test testCorrectAuthException(org.jclouds.trmk.ecloud.compute.TerremarkECloudComputeServiceLiveTest) succeeded: 1097ms
Test suite progress: tests succeeded: 2, failed: 0, skipped: 0.
Starting test testCreateAndRunAService(org.jclouds.trmk.ecloud.compute.TerremarkECloudComputeServiceLiveTest)
Mar 15, 2012 8:52:39 PM org.jclouds.compute.BaseComputeServiceLiveTest testCreateAndRunAService
INFO: << available node(https://services.enterprisecloud.terremark.com/api/v0.8b-ext2.8/vapp/267140) os([name=46, family=ubuntu, version=, arch=null, is64Bit=true, description=Ubuntu Linux (64-bit)]) in 173s
SLF4J: Failed to load class "org.slf4j.impl.StaticLoggerBinder".
SLF4J: Defaulting to no-operation (NOP) logger implementation
SLF4J: See http://www.slf4j.org/codes.html#StaticLoggerBinder for further details.
Mar 15, 2012 8:56:27 PM org.jclouds.compute.BaseComputeServiceLiveTest testCreateAndRunAService
INFO: << configured node(https://services.enterprisecloud.terremark.com/api/v0.8b-ext2.8/vapp/267140) with java full version "1.7.0-b147" and JBoss 7.0.2.Final in 219s
Mar 15, 2012 8:56:32 PM org.jclouds.compute.BaseComputeServiceLiveTest getLocationForIp
WARNING: could not get info on ip 209.132.182.31; check freegeoip
Mar 15, 2012 8:56:32 PM org.jclouds.compute.BaseComputeServiceLiveTest testCreateAndRunAService
INFO: << location of jboss7(download.jboss.org) from perpective of node(https://services.enterprisecloud.terremark.com/api/v0.8b-ext2.8/vapp/267140): 209.132.182.31
Mar 15, 2012 8:56:37 PM org.jclouds.compute.BaseComputeServiceLiveTest getLocationForIp
WARNING: could not get info on ip 204.245.190.82; check freegeoip
Mar 15, 2012 8:56:37 PM org.jclouds.compute.BaseComputeServiceLiveTest testCreateAndRunAService
INFO: << location of jdk7(download.oracle.com) from perpective of node(https://services.enterprisecloud.terremark.com/api/v0.8b-ext2.8/vapp/267140): 204.245.190.82
Mar 15, 2012 8:56:45 PM org.jclouds.compute.BaseComputeServiceLiveTest getLocationForIp
WARNING: could not get info on ip 208.39.104.201; check freegeoip
Mar 15, 2012 8:56:45 PM org.jclouds.compute.BaseComputeServiceLiveTest testCreateAndRunAService
INFO: << location of node(https://services.enterprisecloud.terremark.com/api/v0.8b-ext2.8/vapp/267140) from perspective of amazonaws: 208.39.104.201
Mar 15, 2012 8:58:12 PM org.jclouds.compute.BaseComputeServiceLiveTest trackAvailabilityOfProcessOnNode
INFO: << initial start of jboss on node(https://services.enterprisecloud.terremark.com/api/v0.8b-ext2.8/vapp/267140) [backgroundProcessMilliseconds=71444, socketOpenMilliseconds=8309, reportedStartupTimeMilliseconds=1944]
Mar 15, 2012 8:58:56 PM org.jclouds.compute.BaseComputeServiceLiveTest trackAvailabilityOfProcessOnNode
INFO: << warm start of jboss on node(https://services.enterprisecloud.terremark.com/api/v0.8b-ext2.8/vapp/267140) [backgroundProcessMilliseconds=8274, socketOpenMilliseconds=22674, reportedStartupTimeMilliseconds=1762]
[TestNG] Test testCreateAndRunAService(org.jclouds.trmk.ecloud.compute.TerremarkECloudComputeServiceLiveTest) succeeded: 603006ms
Test suite progress: tests succeeded: 3, failed: 0, skipped: 0.
Starting test testGetAssignableLocations(org.jclouds.trmk.ecloud.compute.TerremarkECloudComputeServiceLiveTest)
Mar 15, 2012 8:59:46 PM org.jclouds.compute.BaseComputeServiceLiveTest testGetAssignableLocations
WARNING: location [id=https://services.enterprisecloud.terremark.com/api/v0.8b-ext2.8/vdc/1169, scope=ZONE, description=Cloud Conscious LLC - AMA, parent=https://services.enterprisecloud.terremark.com/api/v0.8b-ext2.8/org/1910324, iso3166Codes=[], metadata={}]
Mar 15, 2012 8:59:46 PM org.jclouds.compute.BaseComputeServiceLiveTest testGetAssignableLocations
WARNING: location [id=https://services.enterprisecloud.terremark.com/api/v0.8b-ext2.8/vdc/1155, scope=ZONE, description=Cloud Conscious LLC - MIA, parent=https://services.enterprisecloud.terremark.com/api/v0.8b-ext2.8/org/1910324, iso3166Codes=[], metadata={}]
[TestNG] Test testGetAssignableLocations(org.jclouds.trmk.ecloud.compute.TerremarkECloudComputeServiceLiveTest) succeeded: 1ms
Test suite progress: tests succeeded: 4, failed: 0, skipped: 0.
Starting test testImagesCache(org.jclouds.trmk.ecloud.compute.TerremarkECloudComputeServiceLiveTest)
;;[TestNG] Test testImagesCache(org.jclouds.trmk.ecloud.compute.TerremarkECloudComputeServiceLiveTest) succeeded: 14741ms
Test suite progress: tests succeeded: 5, failed: 0, skipped: 0.
Starting test testListSizes(org.jclouds.trmk.ecloud.compute.TerremarkECloudComputeServiceLiveTest)
[TestNG] Test testListSizes(org.jclouds.trmk.ecloud.compute.TerremarkECloudComputeServiceLiveTest) succeeded: 1ms
Test suite progress: tests succeeded: 6, failed: 0, skipped: 0.
Starting test testOptionToNotBlock(org.jclouds.trmk.ecloud.compute.TerremarkECloudComputeServiceLiveTest)
[TestNG] Test testOptionToNotBlock(org.jclouds.trmk.ecloud.compute.TerremarkECloudComputeServiceLiveTest) succeeded: 117274ms
Test suite progress: tests succeeded: 7, failed: 0, skipped: 0.
Starting test setServiceDefaults(org.jclouds.trmk.ecloud.compute.TerremarkECloudComputeServiceLiveTest)
[TestNG] Test setServiceDefaults(org.jclouds.trmk.ecloud.compute.TerremarkECloudComputeServiceLiveTest) succeeded: 0ms
Test suite progress: tests succeeded: 8, failed: 0, skipped: 0.
Starting test testDestroyNodes(org.jclouds.trmk.ecloud.compute.TerremarkECloudComputeServiceLiveTest)
[TestNG] Test testDestroyNodes(org.jclouds.trmk.ecloud.compute.TerremarkECloudComputeServiceLiveTest) succeeded: 4736ms
Test suite progress: tests succeeded: 9, failed: 0, skipped: 0.
Starting test testListImages(org.jclouds.trmk.ecloud.compute.TerremarkECloudComputeServiceLiveTest)
[TestNG] Test testListImages(org.jclouds.trmk.ecloud.compute.TerremarkECloudComputeServiceLiveTest) succeeded: 0ms
Test suite progress: tests succeeded: 10, failed: 0, skipped: 0.
Starting test testListNodes(org.jclouds.trmk.ecloud.compute.TerremarkECloudComputeServiceLiveTest)
[TestNG] Test testListNodes(org.jclouds.trmk.ecloud.compute.TerremarkECloudComputeServiceLiveTest) succeeded: 4836ms
Test suite progress: tests succeeded: 11, failed: 0, skipped: 0.
Starting test testCorrectExceptionRunningNodesNotFound(org.jclouds.trmk.ecloud.compute.TerremarkECloudComputeServiceLiveTest)
[TestNG] Test testCorrectExceptionRunningNodesNotFound(org.jclouds.trmk.ecloud.compute.TerremarkECloudComputeServiceLiveTest) succeeded: 1552ms
Test suite progress: tests succeeded: 12, failed: 0, skipped: 0.
Starting test testTemplateBuilderWithImageIdSpecified(org.jclouds.trmk.ecloud.compute.TerremarkECloudTemplateBuilderLiveTest)
[TestNG] Test testTemplateBuilderWithImageIdSpecified(org.jclouds.trmk.ecloud.compute.TerremarkECloudTemplateBuilderLiveTest) failed.
Test suite progress: tests succeeded: 12, failed: 1, skipped: 0.
Starting test testTemplateBuilderWithLoginUserSpecified(org.jclouds.trmk.ecloud.compute.TerremarkECloudTemplateBuilderLiveTest)
;;;;[TestNG] Test testTemplateBuilderWithLoginUserSpecified(org.jclouds.trmk.ecloud.compute.TerremarkECloudTemplateBuilderLiveTest) succeeded: 21840ms
Test suite progress: tests succeeded: 13, failed: 1, skipped: 0.
Starting test testTemplateBuilderCannotFind(org.jclouds.trmk.ecloud.compute.TerremarkECloudTemplateBuilderLiveTest)
[TestNG] Test testTemplateBuilderCannotFind(org.jclouds.trmk.ecloud.compute.TerremarkECloudTemplateBuilderLiveTest) failed.
Test suite progress: tests succeeded: 13, failed: 2, skipped: 0.
Starting test testTemplateBuilderCannotFind(org.jclouds.trmk.ecloud.compute.TerremarkECloudTemplateBuilderLiveTest)
[TestNG] Test testTemplateBuilderCannotFind(org.jclouds.trmk.ecloud.compute.TerremarkECloudTemplateBuilderLiveTest) failed.
Test suite progress: tests succeeded: 13, failed: 3, skipped: 0.
Starting test testTemplateBuilderCannotFind(org.jclouds.trmk.ecloud.compute.TerremarkECloudTemplateBuilderLiveTest)
[TestNG] Test testTemplateBuilderCannotFind(org.jclouds.trmk.ecloud.compute.TerremarkECloudTemplateBuilderLiveTest) failed.
Test suite progress: tests succeeded: 13, failed: 4, skipped: 0.
Starting test testTemplateBuilderCannotFind(org.jclouds.trmk.ecloud.compute.TerremarkECloudTemplateBuilderLiveTest)
[TestNG] Test testTemplateBuilderCannotFind(org.jclouds.trmk.ecloud.compute.TerremarkECloudTemplateBuilderLiveTest) failed.
Test suite progress: tests succeeded: 13, failed: 5, skipped: 0.
Starting test testTemplateBuilderCannotFind(org.jclouds.trmk.ecloud.compute.TerremarkECloudTemplateBuilderLiveTest)
[TestNG] Test testTemplateBuilderCannotFind(org.jclouds.trmk.ecloud.compute.TerremarkECloudTemplateBuilderLiveTest) failed.
Test suite progress: tests succeeded: 13, failed: 6, skipped: 0.
Starting test testTemplateBuilderCannotFind(org.jclouds.trmk.ecloud.compute.TerremarkECloudTemplateBuilderLiveTest)
[TestNG] Test testTemplateBuilderCannotFind(org.jclouds.trmk.ecloud.compute.TerremarkECloudTemplateBuilderLiveTest) failed.
Test suite progress: tests succeeded: 13, failed: 7, skipped: 0.
Starting test testTemplateBuilderCannotFind(org.jclouds.trmk.ecloud.compute.TerremarkECloudTemplateBuilderLiveTest)
[TestNG] Test testTemplateBuilderCannotFind(org.jclouds.trmk.ecloud.compute.TerremarkECloudTemplateBuilderLiveTest) failed.
Test suite progress: tests succeeded: 13, failed: 8, skipped: 0.
Starting test testTemplateBuilderCannotFind(org.jclouds.trmk.ecloud.compute.TerremarkECloudTemplateBuilderLiveTest)
[TestNG] Test testTemplateBuilderCannotFind(org.jclouds.trmk.ecloud.compute.TerremarkECloudTemplateBuilderLiveTest) failed.
Test suite progress: tests succeeded: 13, failed: 9, skipped: 0.
Starting test testTemplateBuilderCannotFind(org.jclouds.trmk.ecloud.compute.TerremarkECloudTemplateBuilderLiveTest)
[TestNG] Test testTemplateBuilderCannotFind(org.jclouds.trmk.ecloud.compute.TerremarkECloudTemplateBuilderLiveTest) failed.
Test suite progress: tests succeeded: 13, failed: 10, skipped: 0.
Starting test testTemplateBuilderCannotFind(org.jclouds.trmk.ecloud.compute.TerremarkECloudTemplateBuilderLiveTest)
[TestNG] Test testTemplateBuilderCannotFind(org.jclouds.trmk.ecloud.compute.TerremarkECloudTemplateBuilderLiveTest) failed.
Test suite progress: tests succeeded: 13, failed: 11, skipped: 0.
Starting test testTemplateBuilderCannotFind(org.jclouds.trmk.ecloud.compute.TerremarkECloudTemplateBuilderLiveTest)
[TestNG] Test testTemplateBuilderCannotFind(org.jclouds.trmk.ecloud.compute.TerremarkECloudTemplateBuilderLiveTest) failed.
Test suite progress: tests succeeded: 13, failed: 12, skipped: 0.
Starting test testTemplateBuilderCannotFind(org.jclouds.trmk.ecloud.compute.TerremarkECloudTemplateBuilderLiveTest)
[TestNG] Test testTemplateBuilderCannotFind(org.jclouds.trmk.ecloud.compute.TerremarkECloudTemplateBuilderLiveTest) failed.
Test suite progress: tests succeeded: 13, failed: 13, skipped: 0.
Starting test testTemplateBuilderCannotFind(org.jclouds.trmk.ecloud.compute.TerremarkECloudTemplateBuilderLiveTest)
[TestNG] Test testTemplateBuilderCannotFind(org.jclouds.trmk.ecloud.compute.TerremarkECloudTemplateBuilderLiveTest) failed.
Test suite progress: tests succeeded: 13, failed: 14, skipped: 0.
Starting test testTemplateBuilderCannotFind(org.jclouds.trmk.ecloud.compute.TerremarkECloudTemplateBuilderLiveTest)
[TestNG] Test testTemplateBuilderCannotFind(org.jclouds.trmk.ecloud.compute.TerremarkECloudTemplateBuilderLiveTest) failed.
Test suite progress: tests succeeded: 13, failed: 15, skipped: 0.
Starting test testTemplateBuilderCannotFind(org.jclouds.trmk.ecloud.compute.TerremarkECloudTemplateBuilderLiveTest)
[TestNG] Test testTemplateBuilderCannotFind(org.jclouds.trmk.ecloud.compute.TerremarkECloudTemplateBuilderLiveTest) failed.
Test suite progress: tests succeeded: 13, failed: 16, skipped: 0.
Starting test testTemplateBuilderCannotFind(org.jclouds.trmk.ecloud.compute.TerremarkECloudTemplateBuilderLiveTest)
[TestNG] Test testTemplateBuilderCannotFind(org.jclouds.trmk.ecloud.compute.TerremarkECloudTemplateBuilderLiveTest) failed.
Test suite progress: tests succeeded: 13, failed: 17, skipped: 0.
Starting test testTemplateBuilderCannotFind(org.jclouds.trmk.ecloud.compute.TerremarkECloudTemplateBuilderLiveTest)
[TestNG] Test testTemplateBuilderCannotFind(org.jclouds.trmk.ecloud.compute.TerremarkECloudTemplateBuilderLiveTest) failed.
Test suite progress: tests succeeded: 13, failed: 18, skipped: 0.
Starting test testTemplateBuilderCannotFind(org.jclouds.trmk.ecloud.compute.TerremarkECloudTemplateBuilderLiveTest)
[TestNG] Test testTemplateBuilderCannotFind(org.jclouds.trmk.ecloud.compute.TerremarkECloudTemplateBuilderLiveTest) failed.
Test suite progress: tests succeeded: 13, failed: 19, skipped: 0.
Starting test testTemplateBuilderCannotFind(org.jclouds.trmk.ecloud.compute.TerremarkECloudTemplateBuilderLiveTest)
[TestNG] Test testTemplateBuilderCannotFind(org.jclouds.trmk.ecloud.compute.TerremarkECloudTemplateBuilderLiveTest) failed.
Test suite progress: tests succeeded: 13, failed: 20, skipped: 0.
Starting test testTemplateBuilderCannotFind(org.jclouds.trmk.ecloud.compute.TerremarkECloudTemplateBuilderLiveTest)
[TestNG] Test testTemplateBuilderCannotFind(org.jclouds.trmk.ecloud.compute.TerremarkECloudTemplateBuilderLiveTest) failed.
Test suite progress: tests succeeded: 13, failed: 21, skipped: 0.
Starting test testTemplateBuilderCannotFind(org.jclouds.trmk.ecloud.compute.TerremarkECloudTemplateBuilderLiveTest)
[TestNG] Test testTemplateBuilderCannotFind(org.jclouds.trmk.ecloud.compute.TerremarkECloudTemplateBuilderLiveTest) failed.
Test suite progress: tests succeeded: 13, failed: 22, skipped: 0.
Starting test testTemplateBuilderCannotFind(org.jclouds.trmk.ecloud.compute.TerremarkECloudTemplateBuilderLiveTest)
[TestNG] Test testTemplateBuilderCannotFind(org.jclouds.trmk.ecloud.compute.TerremarkECloudTemplateBuilderLiveTest) failed.
Test suite progress: tests succeeded: 13, failed: 23, skipped: 0.
Starting test testTemplateBuilderCannotFind(org.jclouds.trmk.ecloud.compute.TerremarkECloudTemplateBuilderLiveTest)
[TestNG] Test testTemplateBuilderCannotFind(org.jclouds.trmk.ecloud.compute.TerremarkECloudTemplateBuilderLiveTest) failed.
Test suite progress: tests succeeded: 13, failed: 24, skipped: 0.
Starting test testTemplateBuilderCannotFind(org.jclouds.trmk.ecloud.compute.TerremarkECloudTemplateBuilderLiveTest)
[TestNG] Test testTemplateBuilderCannotFind(org.jclouds.trmk.ecloud.compute.TerremarkECloudTemplateBuilderLiveTest) failed.
Test suite progress: tests succeeded: 13, failed: 25, skipped: 0.
Starting test testTemplateBuilderCannotFind(org.jclouds.trmk.ecloud.compute.TerremarkECloudTemplateBuilderLiveTest)
[TestNG] Test testTemplateBuilderCannotFind(org.jclouds.trmk.ecloud.compute.TerremarkECloudTemplateBuilderLiveTest) failed.
Test suite progress: tests succeeded: 13, failed: 26, skipped: 0.
Starting test testTemplateBuilderCannotFind(org.jclouds.trmk.ecloud.compute.TerremarkECloudTemplateBuilderLiveTest)
[TestNG] Test testTemplateBuilderCannotFind(org.jclouds.trmk.ecloud.compute.TerremarkECloudTemplateBuilderLiveTest) failed.
Test suite progress: tests succeeded: 13, failed: 27, skipped: 0.
Starting test testTemplateBuilderCannotFind(org.jclouds.trmk.ecloud.compute.TerremarkECloudTemplateBuilderLiveTest)
[TestNG] Test testTemplateBuilderCannotFind(org.jclouds.trmk.ecloud.compute.TerremarkECloudTemplateBuilderLiveTest) failed.
Test suite progress: tests succeeded: 13, failed: 28, skipped: 0.
Starting test testTemplateBuilderCannotFind(org.jclouds.trmk.ecloud.compute.TerremarkECloudTemplateBuilderLiveTest)
[TestNG] Test testTemplateBuilderCannotFind(org.jclouds.trmk.ecloud.compute.TerremarkECloudTemplateBuilderLiveTest) failed.
Test suite progress: tests succeeded: 13, failed: 29, skipped: 0.
Starting test testTemplateBuilderCannotFind(org.jclouds.trmk.ecloud.compute.TerremarkECloudTemplateBuilderLiveTest)
[TestNG] Test testTemplateBuilderCannotFind(org.jclouds.trmk.ecloud.compute.TerremarkECloudTemplateBuilderLiveTest) failed.
Test suite progress: tests succeeded: 13, failed: 30, skipped: 0.
Starting test testTemplateBuilderCannotFind(org.jclouds.trmk.ecloud.compute.TerremarkECloudTemplateBuilderLiveTest)
[TestNG] Test testTemplateBuilderCannotFind(org.jclouds.trmk.ecloud.compute.TerremarkECloudTemplateBuilderLiveTest) failed.
Test suite progress: tests succeeded: 13, failed: 31, skipped: 0.
Starting test testTemplateBuilderCannotFind(org.jclouds.trmk.ecloud.compute.TerremarkECloudTemplateBuilderLiveTest)
[TestNG] Test testTemplateBuilderCannotFind(org.jclouds.trmk.ecloud.compute.TerremarkECloudTemplateBuilderLiveTest) failed.
Test suite progress: tests succeeded: 13, failed: 32, skipped: 0.
Starting test testTemplateBuilderCannotFind(org.jclouds.trmk.ecloud.compute.TerremarkECloudTemplateBuilderLiveTest)
[TestNG] Test testTemplateBuilderCannotFind(org.jclouds.trmk.ecloud.compute.TerremarkECloudTemplateBuilderLiveTest) failed.
Test suite progress: tests succeeded: 13, failed: 33, skipped: 0.
Starting test testTemplateBuilderCannotFind(org.jclouds.trmk.ecloud.compute.TerremarkECloudTemplateBuilderLiveTest)
[TestNG] Test testTemplateBuilderCannotFind(org.jclouds.trmk.ecloud.compute.TerremarkECloudTemplateBuilderLiveTest) failed.
Test suite progress: tests succeeded: 13, failed: 34, skipped: 0.
Starting test testTemplateBuilderCannotFind(org.jclouds.trmk.ecloud.compute.TerremarkECloudTemplateBuilderLiveTest)
[TestNG] Test testTemplateBuilderCannotFind(org.jclouds.trmk.ecloud.compute.TerremarkECloudTemplateBuilderLiveTest) failed.
Test suite progress: tests succeeded: 13, failed: 35, skipped: 0.
Starting test testTemplateBuilderCannotFind(org.jclouds.trmk.ecloud.compute.TerremarkECloudTemplateBuilderLiveTest)
[TestNG] Test testTemplateBuilderCannotFind(org.jclouds.trmk.ecloud.compute.TerremarkECloudTemplateBuilderLiveTest) failed.
Test suite progress: tests succeeded: 13, failed: 36, skipped: 0.
Starting test testTemplateBuilderCannotFind(org.jclouds.trmk.ecloud.compute.TerremarkECloudTemplateBuilderLiveTest)
[TestNG] Test testTemplateBuilderCannotFind(org.jclouds.trmk.ecloud.compute.TerremarkECloudTemplateBuilderLiveTest) failed.
Test suite progress: tests succeeded: 13, failed: 37, skipped: 0.
Starting test testTemplateBuilderCannotFind(org.jclouds.trmk.ecloud.compute.TerremarkECloudTemplateBuilderLiveTest)
[TestNG] Test testTemplateBuilderCannotFind(org.jclouds.trmk.ecloud.compute.TerremarkECloudTemplateBuilderLiveTest) failed.
Test suite progress: tests succeeded: 13, failed: 38, skipped: 0.
Starting test testTemplateBuilderCannotFind(org.jclouds.trmk.ecloud.compute.TerremarkECloudTemplateBuilderLiveTest)
[TestNG] Test testTemplateBuilderCannotFind(org.jclouds.trmk.ecloud.compute.TerremarkECloudTemplateBuilderLiveTest) failed.
Test suite progress: tests succeeded: 13, failed: 39, skipped: 0.
Starting test testTemplateBuilderCannotFind(org.jclouds.trmk.ecloud.compute.TerremarkECloudTemplateBuilderLiveTest)
[TestNG] Test testTemplateBuilderCannotFind(org.jclouds.trmk.ecloud.compute.TerremarkECloudTemplateBuilderLiveTest) failed.
Test suite progress: tests succeeded: 13, failed: 40, skipped: 0.
Starting test testTemplateBuilderCannotFind(org.jclouds.trmk.ecloud.compute.TerremarkECloudTemplateBuilderLiveTest)
[TestNG] Test testTemplateBuilderCannotFind(org.jclouds.trmk.ecloud.compute.TerremarkECloudTemplateBuilderLiveTest) failed.
Test suite progress: tests succeeded: 13, failed: 41, skipped: 0.
Starting test testTemplateBuilderCannotFind(org.jclouds.trmk.ecloud.compute.TerremarkECloudTemplateBuilderLiveTest)
[TestNG] Test testTemplateBuilderCannotFind(org.jclouds.trmk.ecloud.compute.TerremarkECloudTemplateBuilderLiveTest) failed.
Test suite progress: tests succeeded: 13, failed: 42, skipped: 0.
Starting test testTemplateBuilderCannotFind(org.jclouds.trmk.ecloud.compute.TerremarkECloudTemplateBuilderLiveTest)
[TestNG] Test testTemplateBuilderCannotFind(org.jclouds.trmk.ecloud.compute.TerremarkECloudTemplateBuilderLiveTest) failed.
Test suite progress: tests succeeded: 13, failed: 43, skipped: 0.
Starting test testTemplateBuilderCannotFind(org.jclouds.trmk.ecloud.compute.TerremarkECloudTemplateBuilderLiveTest)
[TestNG] Test testTemplateBuilderCannotFind(org.jclouds.trmk.ecloud.compute.TerremarkECloudTemplateBuilderLiveTest) failed.
Test suite progress: tests succeeded: 13, failed: 44, skipped: 0.
Starting test testTemplateBuilderCannotFind(org.jclouds.trmk.ecloud.compute.TerremarkECloudTemplateBuilderLiveTest)
[TestNG] Test testTemplateBuilderCannotFind(org.jclouds.trmk.ecloud.compute.TerremarkECloudTemplateBuilderLiveTest) failed.
Test suite progress: tests succeeded: 13, failed: 45, skipped: 0.
Starting test testTemplateBuilderCannotFind(org.jclouds.trmk.ecloud.compute.TerremarkECloudTemplateBuilderLiveTest)
[TestNG] Test testTemplateBuilderCannotFind(org.jclouds.trmk.ecloud.compute.TerremarkECloudTemplateBuilderLiveTest) failed.
Test suite progress: tests succeeded: 13, failed: 46, skipped: 0.
Starting test testTemplateBuilderCannotFind(org.jclouds.trmk.ecloud.compute.TerremarkECloudTemplateBuilderLiveTest)
[TestNG] Test testTemplateBuilderCannotFind(org.jclouds.trmk.ecloud.compute.TerremarkECloudTemplateBuilderLiveTest) failed.
Test suite progress: tests succeeded: 13, failed: 47, skipped: 0.
Starting test testTemplateBuilderCannotFind(org.jclouds.trmk.ecloud.compute.TerremarkECloudTemplateBuilderLiveTest)
[TestNG] Test testTemplateBuilderCannotFind(org.jclouds.trmk.ecloud.compute.TerremarkECloudTemplateBuilderLiveTest) failed.
Test suite progress: tests succeeded: 13, failed: 48, skipped: 0.
Starting test testTemplateBuilderCannotFind(org.jclouds.trmk.ecloud.compute.TerremarkECloudTemplateBuilderLiveTest)
[TestNG] Test testTemplateBuilderCannotFind(org.jclouds.trmk.ecloud.compute.TerremarkECloudTemplateBuilderLiveTest) failed.
Test suite progress: tests succeeded: 13, failed: 49, skipped: 0.
Starting test testTemplateBuilderCannotFind(org.jclouds.trmk.ecloud.compute.TerremarkECloudTemplateBuilderLiveTest)
[TestNG] Test testTemplateBuilderCannotFind(org.jclouds.trmk.ecloud.compute.TerremarkECloudTemplateBuilderLiveTest) failed.
Test suite progress: tests succeeded: 13, failed: 50, skipped: 0.
Starting test testTemplateBuilderCannotFind(org.jclouds.trmk.ecloud.compute.TerremarkECloudTemplateBuilderLiveTest)
[TestNG] Test testTemplateBuilderCannotFind(org.jclouds.trmk.ecloud.compute.TerremarkECloudTemplateBuilderLiveTest) failed.
Test suite progress: tests succeeded: 13, failed: 51, skipped: 0.
Starting test testTemplateBuilderCannotFind(org.jclouds.trmk.ecloud.compute.TerremarkECloudTemplateBuilderLiveTest)
[TestNG] Test testTemplateBuilderCannotFind(org.jclouds.trmk.ecloud.compute.TerremarkECloudTemplateBuilderLiveTest) failed.
Test suite progress: tests succeeded: 13, failed: 52, skipped: 0.
Starting test testTemplateBuilderCannotFind(org.jclouds.trmk.ecloud.compute.TerremarkECloudTemplateBuilderLiveTest)
[TestNG] Test testTemplateBuilderCannotFind(org.jclouds.trmk.ecloud.compute.TerremarkECloudTemplateBuilderLiveTest) failed.
Test suite progress: tests succeeded: 13, failed: 53, skipped: 0.
Starting test testTemplateBuilderCannotFind(org.jclouds.trmk.ecloud.compute.TerremarkECloudTemplateBuilderLiveTest)
[TestNG] Test testTemplateBuilderCannotFind(org.jclouds.trmk.ecloud.compute.TerremarkECloudTemplateBuilderLiveTest) failed.
Test suite progress: tests succeeded: 13, failed: 54, skipped: 0.
Starting test testTemplateBuilderCannotFind(org.jclouds.trmk.ecloud.compute.TerremarkECloudTemplateBuilderLiveTest)
[TestNG] Test testTemplateBuilderCannotFind(org.jclouds.trmk.ecloud.compute.TerremarkECloudTemplateBuilderLiveTest) failed.
Test suite progress: tests succeeded: 13, failed: 55, skipped: 0.
Starting test testTemplateBuilderCannotFind(org.jclouds.trmk.ecloud.compute.TerremarkECloudTemplateBuilderLiveTest)
[TestNG] Test testTemplateBuilderCannotFind(org.jclouds.trmk.ecloud.compute.TerremarkECloudTemplateBuilderLiveTest) failed.
Test suite progress: tests succeeded: 13, failed: 56, skipped: 0.
Starting test testTemplateBuilderCannotFind(org.jclouds.trmk.ecloud.compute.TerremarkECloudTemplateBuilderLiveTest)
[TestNG] Test testTemplateBuilderCannotFind(org.jclouds.trmk.ecloud.compute.TerremarkECloudTemplateBuilderLiveTest) failed.
Test suite progress: tests succeeded: 13, failed: 57, skipped: 0.
Starting test testTemplateBuilderCannotFind(org.jclouds.trmk.ecloud.compute.TerremarkECloudTemplateBuilderLiveTest)
[TestNG] Test testTemplateBuilderCannotFind(org.jclouds.trmk.ecloud.compute.TerremarkECloudTemplateBuilderLiveTest) failed.
Test suite progress: tests succeeded: 13, failed: 58, skipped: 0.
Starting test testDefaultTemplateBuilder(org.jclouds.trmk.ecloud.compute.TerremarkECloudTemplateBuilderLiveTest)
[TestNG] Test testDefaultTemplateBuilder(org.jclouds.trmk.ecloud.compute.TerremarkECloudTemplateBuilderLiveTest) failed.
Test suite progress: tests succeeded: 13, failed: 59, skipped: 0.
Starting test testCompareSizes(org.jclouds.trmk.ecloud.compute.TerremarkECloudTemplateBuilderLiveTest)
[TestNG] Test testCompareSizes(org.jclouds.trmk.ecloud.compute.TerremarkECloudTemplateBuilderLiveTest) failed.
Test suite progress: tests succeeded: 13, failed: 60, skipped: 0.
Starting test testGetAssignableLocations(org.jclouds.trmk.ecloud.compute.TerremarkECloudTemplateBuilderLiveTest)
location [id=https://services.enterprisecloud.terremark.com/api/v0.8b-ext2.8/vdc/1169, scope=ZONE, description=Cloud Conscious LLC - AMA, parent=https://services.enterprisecloud.terremark.com/api/v0.8b-ext2.8/org/1910324, iso3166Codes=[], metadata={}]
location [id=https://services.enterprisecloud.terremark.com/api/v0.8b-ext2.8/vdc/1155, scope=ZONE, description=Cloud Conscious LLC - MIA, parent=https://services.enterprisecloud.terremark.com/api/v0.8b-ext2.8/org/1910324, iso3166Codes=[], metadata={}]
[TestNG] Test testGetAssignableLocations(org.jclouds.trmk.ecloud.compute.TerremarkECloudTemplateBuilderLiveTest) succeeded: 1ms
Test suite progress: tests succeeded: 14, failed: 60, skipped: 0.
Starting test testTemplateBuilderCanUseImageId(org.jclouds.trmk.ecloud.compute.TerremarkECloudTemplateBuilderLiveTest)
[TestNG] Test testTemplateBuilderCanUseImageId(org.jclouds.trmk.ecloud.compute.TerremarkECloudTemplateBuilderLiveTest) failed.
Test suite progress: tests succeeded: 14, failed: 61, skipped: 0.
Starting test testFromTemplate(org.jclouds.trmk.ecloud.compute.TerremarkECloudTemplateBuilderLiveTest)
[TestNG] Test testFromTemplate(org.jclouds.trmk.ecloud.compute.TerremarkECloudTemplateBuilderLiveTest) failed.
Test suite progress: tests succeeded: 14, failed: 62, skipped: 0.
Starting test testTemplateBuilderCanFind(org.jclouds.trmk.ecloud.compute.TerremarkECloudTemplateBuilderLiveTest)
[TestNG] Test testTemplateBuilderCanFind(org.jclouds.trmk.ecloud.compute.TerremarkECloudTemplateBuilderLiveTest) failed.
Test suite progress: tests succeeded: 14, failed: 63, skipped: 0.
Starting test testTemplateBuilderCanFind(org.jclouds.trmk.ecloud.compute.TerremarkECloudTemplateBuilderLiveTest)
[TestNG] Test testTemplateBuilderCanFind(org.jclouds.trmk.ecloud.compute.TerremarkECloudTemplateBuilderLiveTest) failed.
Test suite progress: tests succeeded: 14, failed: 64, skipped: 0.
Starting test testTemplateBuilderCanFind(org.jclouds.trmk.ecloud.compute.TerremarkECloudTemplateBuilderLiveTest)
[TestNG] Test testTemplateBuilderCanFind(org.jclouds.trmk.ecloud.compute.TerremarkECloudTemplateBuilderLiveTest) failed.
Test suite progress: tests succeeded: 14, failed: 65, skipped: 0.
Starting test testTemplateBuilderCanFind(org.jclouds.trmk.ecloud.compute.TerremarkECloudTemplateBuilderLiveTest)
[TestNG] Test testTemplateBuilderCanFind(org.jclouds.trmk.ecloud.compute.TerremarkECloudTemplateBuilderLiveTest) failed.
Test suite progress: tests succeeded: 14, failed: 66, skipped: 0.
Starting test testTemplateBuilderCanFind(org.jclouds.trmk.ecloud.compute.TerremarkECloudTemplateBuilderLiveTest)
[TestNG] Test testTemplateBuilderCanFind(org.jclouds.trmk.ecloud.compute.TerremarkECloudTemplateBuilderLiveTest) failed.
Test suite progress: tests succeeded: 14, failed: 67, skipped: 0.
Starting test testTemplateBuilderCanFind(org.jclouds.trmk.ecloud.compute.TerremarkECloudTemplateBuilderLiveTest)
[TestNG] Test testTemplateBuilderCanFind(org.jclouds.trmk.ecloud.compute.TerremarkECloudTemplateBuilderLiveTest) failed.
Test suite progress: tests succeeded: 14, failed: 68, skipped: 0.
Starting test testTemplateBuilderCanFind(org.jclouds.trmk.ecloud.compute.TerremarkECloudTemplateBuilderLiveTest)
[TestNG] Test testTemplateBuilderCanFind(org.jclouds.trmk.ecloud.compute.TerremarkECloudTemplateBuilderLiveTest) failed.
Test suite progress: tests succeeded: 14, failed: 69, skipped: 0.
Starting test testTemplateBuilderCanFind(org.jclouds.trmk.ecloud.compute.TerremarkECloudTemplateBuilderLiveTest)
[TestNG] Test testTemplateBuilderCanFind(org.jclouds.trmk.ecloud.compute.TerremarkECloudTemplateBuilderLiveTest) failed.
Test suite progress: tests succeeded: 14, failed: 70, skipped: 0.
Starting test testTemplateBuilderCanFind(org.jclouds.trmk.ecloud.compute.TerremarkECloudTemplateBuilderLiveTest)
[TestNG] Test testTemplateBuilderCanFind(org.jclouds.trmk.ecloud.compute.TerremarkECloudTemplateBuilderLiveTest) failed.
Test suite progress: tests succeeded: 14, failed: 71, skipped: 0.
Starting test testTemplateBuilderCanFind(org.jclouds.trmk.ecloud.compute.TerremarkECloudTemplateBuilderLiveTest)
[TestNG] Test testTemplateBuilderCanFind(org.jclouds.trmk.ecloud.compute.TerremarkECloudTemplateBuilderLiveTest) failed.
Test suite progress: tests succeeded: 14, failed: 72, skipped: 0.
Starting test testTemplateBuilderCanFind(org.jclouds.trmk.ecloud.compute.TerremarkECloudTemplateBuilderLiveTest)
[TestNG] Test testTemplateBuilderCanFind(org.jclouds.trmk.ecloud.compute.TerremarkECloudTemplateBuilderLiveTest) failed.
Test suite progress: tests succeeded: 14, failed: 73, skipped: 0.
Starting test testTemplateBuilderCanFind(org.jclouds.trmk.ecloud.compute.TerremarkECloudTemplateBuilderLiveTest)
[TestNG] Test testTemplateBuilderCanFind(org.jclouds.trmk.ecloud.compute.TerremarkECloudTemplateBuilderLiveTest) failed.
Test suite progress: tests succeeded: 14, failed: 74, skipped: 0.
Starting test testTemplateBuilderCanFind(org.jclouds.trmk.ecloud.compute.TerremarkECloudTemplateBuilderLiveTest)
[TestNG] Test testTemplateBuilderCanFind(org.jclouds.trmk.ecloud.compute.TerremarkECloudTemplateBuilderLiveTest) failed.
Test suite progress: tests succeeded: 14, failed: 75, skipped: 0.
Starting test testTemplateBuilderCanFind(org.jclouds.trmk.ecloud.compute.TerremarkECloudTemplateBuilderLiveTest)
[TestNG] Test testTemplateBuilderCanFind(org.jclouds.trmk.ecloud.compute.TerremarkECloudTemplateBuilderLiveTest) failed.
Test suite progress: tests succeeded: 14, failed: 76, skipped: 0.
Starting test testTemplateBuilderCanFind(org.jclouds.trmk.ecloud.compute.TerremarkECloudTemplateBuilderLiveTest)
[TestNG] Test testTemplateBuilderCanFind(org.jclouds.trmk.ecloud.compute.TerremarkECloudTemplateBuilderLiveTest) failed.
Test suite progress: tests succeeded: 14, failed: 77, skipped: 0.
Starting test testTemplateBuilderCanFind(org.jclouds.trmk.ecloud.compute.TerremarkECloudTemplateBuilderLiveTest)
[TestNG] Test testTemplateBuilderCanFind(org.jclouds.trmk.ecloud.compute.TerremarkECloudTemplateBuilderLiveTest) failed.
Test suite progress: tests succeeded: 14, failed: 78, skipped: 0.
Starting test testTemplateBuilderCanFind(org.jclouds.trmk.ecloud.compute.TerremarkECloudTemplateBuilderLiveTest)
[TestNG] Test testTemplateBuilderCanFind(org.jclouds.trmk.ecloud.compute.TerremarkECloudTemplateBuilderLiveTest) failed.
Test suite progress: tests succeeded: 14, failed: 79, skipped: 0.
Starting test testTemplateBuilderCanFind(org.jclouds.trmk.ecloud.compute.TerremarkECloudTemplateBuilderLiveTest)
[TestNG] Test testTemplateBuilderCanFind(org.jclouds.trmk.ecloud.compute.TerremarkECloudTemplateBuilderLiveTest) failed.
Test suite progress: tests succeeded: 14, failed: 80, skipped: 0.
Starting test testTemplateBuilderCanFind(org.jclouds.trmk.ecloud.compute.TerremarkECloudTemplateBuilderLiveTest)
[TestNG] Test testTemplateBuilderCanFind(org.jclouds.trmk.ecloud.compute.TerremarkECloudTemplateBuilderLiveTest) failed.
Test suite progress: tests succeeded: 14, failed: 81, skipped: 0.
Starting test testTemplateBuilderCanFind(org.jclouds.trmk.ecloud.compute.TerremarkECloudTemplateBuilderLiveTest)
[TestNG] Test testTemplateBuilderCanFind(org.jclouds.trmk.ecloud.compute.TerremarkECloudTemplateBuilderLiveTest) failed.
Test suite progress: tests succeeded: 14, failed: 82, skipped: 0.
Starting test testTemplateBuilderCanFind(org.jclouds.trmk.ecloud.compute.TerremarkECloudTemplateBuilderLiveTest)
[TestNG] Test testTemplateBuilderCanFind(org.jclouds.trmk.ecloud.compute.TerremarkECloudTemplateBuilderLiveTest) failed.
Test suite progress: tests succeeded: 14, failed: 83, skipped: 0.
Starting test testTemplateBuilderCanFind(org.jclouds.trmk.ecloud.compute.TerremarkECloudTemplateBuilderLiveTest)
[TestNG] Test testTemplateBuilderCanFind(org.jclouds.trmk.ecloud.compute.TerremarkECloudTemplateBuilderLiveTest) failed.
Test suite progress: tests succeeded: 14, failed: 84, skipped: 0.
Starting test testTemplateBuilderCanFind(org.jclouds.trmk.ecloud.compute.TerremarkECloudTemplateBuilderLiveTest)
[TestNG] Test testTemplateBuilderCanFind(org.jclouds.trmk.ecloud.compute.TerremarkECloudTemplateBuilderLiveTest) failed.
Test suite progress: tests succeeded: 14, failed: 85, skipped: 0.
Starting test testTemplateBuilderCanFind(org.jclouds.trmk.ecloud.compute.TerremarkECloudTemplateBuilderLiveTest)
[TestNG] Test testTemplateBuilderCanFind(org.jclouds.trmk.ecloud.compute.TerremarkECloudTemplateBuilderLiveTest) failed.
Test suite progress: tests succeeded: 14, failed: 86, skipped: 0.
Starting test testTemplateBuilderCanFind(org.jclouds.trmk.ecloud.compute.TerremarkECloudTemplateBuilderLiveTest)
[TestNG] Test testTemplateBuilderCanFind(org.jclouds.trmk.ecloud.compute.TerremarkECloudTemplateBuilderLiveTest) failed.
Test suite progress: tests succeeded: 14, failed: 87, skipped: 0.
Starting test testTemplateBuilderCanFind(org.jclouds.trmk.ecloud.compute.TerremarkECloudTemplateBuilderLiveTest)
[TestNG] Test testTemplateBuilderCanFind(org.jclouds.trmk.ecloud.compute.TerremarkECloudTemplateBuilderLiveTest) failed.
Test suite progress: tests succeeded: 14, failed: 88, skipped: 0.
Starting test testTemplateBuilderCanFind(org.jclouds.trmk.ecloud.compute.TerremarkECloudTemplateBuilderLiveTest)
[TestNG] Test testTemplateBuilderCanFind(org.jclouds.trmk.ecloud.compute.TerremarkECloudTemplateBuilderLiveTest) failed.
Test suite progress: tests succeeded: 14, failed: 89, skipped: 0.
Starting test testAScriptExecutionAfterBootWithBasicTemplate(org.jclouds.trmk.ecloud.compute.TerremarkECloudComputeServiceLiveTest)
<< problem applying options to node(https://services.enterprisecloud.terremark.com/api/v0.8b-ext2.8/vapp/267146): 
org.jclouds.rest.AuthorizationException: (ecloud:pw[5d907853a9617cfd55fb62eae803595b]@208.39.104.201:22) (ecloud:pw[5d907853a9617cfd55fb62eae803595b]@208.39.104.201:22) error acquiring SSHClient(timeout=60000) (not retryable): Exhausted available authentication methods
	at org.jclouds.sshj.SshjSshClient.propagate(SshjSshClient.java:416)
	at org.jclouds.sshj.SshjSshClient.acquire(SshjSshClient.java:247)
	at org.jclouds.sshj.SshjSshClient.connect(SshjSshClient.java:257)
	at org.jclouds.compute.callables.RunScriptOnNodeUsingSsh.call(RunScriptOnNodeUsingSsh.java:80)
	at org.jclouds.compute.strategy.RunScriptOnNodeAndAddToGoodMapOrPutExceptionIntoBadMap.call(RunScriptOnNodeAndAddToGoodMapOrPutExceptionIntoBadMap.java:69)
	at org.jclouds.compute.strategy.RunScriptOnNodeAndAddToGoodMapOrPutExceptionIntoBadMap.call(RunScriptOnNodeAndAddToGoodMapOrPutExceptionIntoBadMap.java:44)
	at java.util.concurrent.FutureTask$Sync.innerRun(FutureTask.java:303)
	at java.util.concurrent.FutureTask.run(FutureTask.java:138)
	at java.util.concurrent.ThreadPoolExecutor$Worker.runTask(ThreadPoolExecutor.java:886)
	at java.util.concurrent.ThreadPoolExecutor$Worker.run(ThreadPoolExecutor.java:908)
	at java.lang.Thread.run(Thread.java:680)
Caused by: net.schmizz.sshj.userauth.UserAuthException: Exhausted available authentication methods
	at net.schmizz.sshj.userauth.UserAuthImpl.authenticate(UserAuthImpl.java:114)
	at net.schmizz.sshj.SSHClient.auth(SSHClient.java:204)
	at net.schmizz.sshj.SSHClient.auth(SSHClient.java:189)
	at net.schmizz.sshj.SSHClient.authPassword(SSHClient.java:265)
	at net.schmizz.sshj.SSHClient.authPassword(SSHClient.java:235)
	at net.schmizz.sshj.SSHClient.authPassword(SSHClient.java:219)
	at org.jclouds.sshj.SshjSshClient$1.create(SshjSshClient.java:203)
	at org.jclouds.sshj.SshjSshClient$1.create(SshjSshClient.java:179)
	at org.jclouds.sshj.SshjSshClient.acquire(SshjSshClient.java:228)
	... 9 more
Caused by: net.schmizz.sshj.userauth.UserAuthException: keyboard-interactive auth failed
	at net.schmizz.sshj.userauth.UserAuthImpl.handle(UserAuthImpl.java:157)
	at net.schmizz.sshj.transport.TransportImpl.handle(TransportImpl.java:474)
	at net.schmizz.sshj.transport.Decoder.decode(Decoder.java:127)
	at net.schmizz.sshj.transport.Decoder.received(Decoder.java:195)
	at net.schmizz.sshj.transport.Reader.run(Reader.java:72)
[TestNG] Test testAScriptExecutionAfterBootWithBasicTemplate(org.jclouds.trmk.ecloud.compute.TerremarkECloudComputeServiceLiveTest) succeeded: 452108ms
Test suite progress: tests succeeded: 15, failed: 89, skipped: 0.
Starting test testCreateTwoNodesWithRunScript(org.jclouds.trmk.ecloud.compute.TerremarkECloudComputeServiceLiveTest)
;;[TestNG] Test testCreateTwoNodesWithRunScript(org.jclouds.trmk.ecloud.compute.TerremarkECloudComputeServiceLiveTest) succeeded: 278237ms
Test suite progress: tests succeeded: 16, failed: 89, skipped: 0.
Starting test testTemplateMatch(org.jclouds.trmk.ecloud.compute.TerremarkECloudComputeServiceLiveTest)
[TestNG] Test testTemplateMatch(org.jclouds.trmk.ecloud.compute.TerremarkECloudComputeServiceLiveTest) succeeded: 75ms
Test suite progress: tests succeeded: 17, failed: 89, skipped: 0.
Starting test testCreateAnotherNodeWithANewContextToEnsureSharedMemIsntRequired(org.jclouds.trmk.ecloud.compute.TerremarkECloudComputeServiceLiveTest)
Mar 15, 2012 9:14:54 PM org.jclouds.compute.BaseComputeServiceLiveTest testCreateAnotherNodeWithANewContextToEnsureSharedMemIsntRequired
INFO: creating another node based on existing nodes' location: [id=https://services.enterprisecloud.terremark.com/api/v0.8b-ext2.8/vdc/1155, scope=ZONE, description=Cloud Conscious LLC - MIA, parent=https://services.enterprisecloud.terremark.com/api/v0.8b-ext2.8/org/1910324, iso3166Codes=[], metadata={}]
[TestNG] Test testCreateAnotherNodeWithANewContextToEnsureSharedMemIsntRequired(org.jclouds.trmk.ecloud.compute.TerremarkECloudComputeServiceLiveTest) failed.
Test suite progress: tests succeeded: 17, failed: 90, skipped: 0.
[TestNG] Test testCredentialsCache(org.jclouds.trmk.ecloud.compute.TerremarkECloudComputeServiceLiveTest) skipped.
Test suite progress: tests succeeded: 17, failed: 90, skipped: 1.
[TestNG] Test testGet(org.jclouds.trmk.ecloud.compute.TerremarkECloudComputeServiceLiveTest) skipped.
Test suite progress: tests succeeded: 17, failed: 90, skipped: 2.
[TestNG] Test testReboot(org.jclouds.trmk.ecloud.compute.TerremarkECloudComputeServiceLiveTest) skipped.
Test suite progress: tests succeeded: 17, failed: 90, skipped: 3.
[TestNG] Test testSuspendResume(org.jclouds.trmk.ecloud.compute.TerremarkECloudComputeServiceLiveTest) skipped.
Test suite progress: tests succeeded: 17, failed: 90, skipped: 4.
[TestNG] Test testGetNodesWithDetails(org.jclouds.trmk.ecloud.compute.TerremarkECloudComputeServiceLiveTest) skipped.
Test suite progress: tests succeeded: 17, failed: 90, skipped: 5.
Starting test testListDataCentersInOrg(org.jclouds.trmk.ecloud.features.DataCenterOperationsClientLiveTest)
[TestNG] Test testListDataCentersInOrg(org.jclouds.trmk.ecloud.features.DataCenterOperationsClientLiveTest) succeeded: 3100ms
Test suite progress: tests succeeded: 18, failed: 90, skipped: 5.
Starting test testListTagsInOrg(org.jclouds.trmk.ecloud.features.TagOperationsClientLiveTest)
[TestNG] Test testListTagsInOrg(org.jclouds.trmk.ecloud.features.TagOperationsClientLiveTest) succeeded: 5606ms
Test suite progress: tests succeeded: 19, failed: 90, skipped: 5.
Starting test testCatalog(org.jclouds.trmk.ecloud.TerremarkECloudClientLiveTest)
[TestNG] Test testCatalog(org.jclouds.trmk.ecloud.TerremarkECloudClientLiveTest) succeeded: 4500ms
Test suite progress: tests succeeded: 20, failed: 90, skipped: 5.
Starting test testCreateInternetServiceMonitorDisabled(org.jclouds.trmk.ecloud.TerremarkECloudClientLiveTest)
[TestNG] Test testCreateInternetServiceMonitorDisabled(org.jclouds.trmk.ecloud.TerremarkECloudClientLiveTest) succeeded: 18428ms
Test suite progress: tests succeeded: 21, failed: 90, skipped: 5.
Starting test testDefaultTasksList(org.jclouds.trmk.ecloud.TerremarkECloudClientLiveTest)
[TestNG] Test testDefaultTasksList(org.jclouds.trmk.ecloud.TerremarkECloudClientLiveTest) succeeded: 47774ms
Test suite progress: tests succeeded: 22, failed: 90, skipped: 5.
Starting test testDefaultVDC(org.jclouds.trmk.ecloud.TerremarkECloudClientLiveTest)
[TestNG] Test testDefaultVDC(org.jclouds.trmk.ecloud.TerremarkECloudClientLiveTest) succeeded: 3331ms
Test suite progress: tests succeeded: 23, failed: 90, skipped: 5.
Starting test testFindCatalogItem(org.jclouds.trmk.ecloud.TerremarkECloudClientLiveTest)
[TestNG] Test testFindCatalogItem(org.jclouds.trmk.ecloud.TerremarkECloudClientLiveTest) succeeded: 149281ms
Test suite progress: tests succeeded: 24, failed: 90, skipped: 5.
Starting test testFindVAppTemplate(org.jclouds.trmk.ecloud.TerremarkECloudClientLiveTest)
[TestNG] Test testFindVAppTemplate(org.jclouds.trmk.ecloud.TerremarkECloudClientLiveTest) succeeded: 332069ms
Test suite progress: tests succeeded: 25, failed: 90, skipped: 5.
Starting test testGetAllInternetServices(org.jclouds.trmk.ecloud.TerremarkECloudClientLiveTest)
[TestNG] Test testGetAllInternetServices(org.jclouds.trmk.ecloud.TerremarkECloudClientLiveTest) succeeded: 5543ms
Test suite progress: tests succeeded: 26, failed: 90, skipped: 5.
Starting test testGetCatalogItem(org.jclouds.trmk.ecloud.TerremarkECloudClientLiveTest)
[TestNG] Test testGetCatalogItem(org.jclouds.trmk.ecloud.TerremarkECloudClientLiveTest) succeeded: 40767ms
Test suite progress: tests succeeded: 27, failed: 90, skipped: 5.
Starting test testGetConfigCustomizationOptions(org.jclouds.trmk.ecloud.TerremarkECloudClientLiveTest)
[TestNG] Test testGetConfigCustomizationOptions(org.jclouds.trmk.ecloud.TerremarkECloudClientLiveTest) succeeded: 161402ms
Test suite progress: tests succeeded: 28, failed: 90, skipped: 5.
Starting test testGetPublicIpsAssociatedWithVDC(org.jclouds.trmk.ecloud.TerremarkECloudClientLiveTest)
[TestNG] Test testGetPublicIpsAssociatedWithVDC(org.jclouds.trmk.ecloud.TerremarkECloudClientLiveTest) succeeded: 16815ms
Test suite progress: tests succeeded: 29, failed: 90, skipped: 5.
Starting test testGetTask(org.jclouds.trmk.ecloud.TerremarkECloudClientLiveTest)
[TestNG] Test testGetTask(org.jclouds.trmk.ecloud.TerremarkECloudClientLiveTest) succeeded: 47936ms
Test suite progress: tests succeeded: 30, failed: 90, skipped: 5.
Starting test testGetVApp(org.jclouds.trmk.ecloud.TerremarkECloudClientLiveTest)
[TestNG] Test testGetVApp(org.jclouds.trmk.ecloud.TerremarkECloudClientLiveTest) succeeded: 6000ms
Test suite progress: tests succeeded: 31, failed: 90, skipped: 5.
Starting test testGetVAppTemplate(org.jclouds.trmk.ecloud.TerremarkECloudClientLiveTest)
[TestNG] Test testGetVAppTemplate(org.jclouds.trmk.ecloud.TerremarkECloudClientLiveTest) succeeded: 136012ms
Test suite progress: tests succeeded: 32, failed: 90, skipped: 5.
Starting test testGetVDCNetwork(org.jclouds.trmk.ecloud.TerremarkECloudClientLiveTest)
[TestNG] Test testGetVDCNetwork(org.jclouds.trmk.ecloud.TerremarkECloudClientLiveTest) succeeded: 14549ms
Test suite progress: tests succeeded: 33, failed: 90, skipped: 5.
Starting test testInstantiateAndPowerOn(org.jclouds.trmk.ecloud.TerremarkECloudClientLiveTest)
1331872427185: done deploying vApp
1331872442098: done powering on vApp
[TestNG] Test testInstantiateAndPowerOn(org.jclouds.trmk.ecloud.TerremarkECloudClientLiveTest) succeeded: 133716ms
Test suite progress: tests succeeded: 34, failed: 90, skipped: 5.
Starting test testKeysList(org.jclouds.trmk.ecloud.TerremarkECloudClientLiveTest)
[TestNG] Test testKeysList(org.jclouds.trmk.ecloud.TerremarkECloudClientLiveTest) succeeded: 1100ms
Test suite progress: tests succeeded: 35, failed: 90, skipped: 5.
Starting test testOrg(org.jclouds.trmk.ecloud.TerremarkECloudClientLiveTest)
[TestNG] Test testOrg(org.jclouds.trmk.ecloud.TerremarkECloudClientLiveTest) succeeded: 1071ms
Test suite progress: tests succeeded: 36, failed: 90, skipped: 5.
Starting test testPropertiesCanOverrideDefaultCatalog(org.jclouds.trmk.ecloud.TerremarkECloudClientLiveTest)
[TestNG] Test testPropertiesCanOverrideDefaultCatalog(org.jclouds.trmk.ecloud.TerremarkECloudClientLiveTest) succeeded: 13651ms
Test suite progress: tests succeeded: 37, failed: 90, skipped: 5.
Starting test testPropertiesCanOverrideDefaultNetwork(org.jclouds.trmk.ecloud.TerremarkECloudClientLiveTest)
[TestNG] Test testPropertiesCanOverrideDefaultNetwork(org.jclouds.trmk.ecloud.TerremarkECloudClientLiveTest) succeeded: 21379ms
Test suite progress: tests succeeded: 38, failed: 90, skipped: 5.
Starting test testPropertiesCanOverrideDefaultOrg(org.jclouds.trmk.ecloud.TerremarkECloudClientLiveTest)
[TestNG] Test testPropertiesCanOverrideDefaultOrg(org.jclouds.trmk.ecloud.TerremarkECloudClientLiveTest) succeeded: 3020ms
Test suite progress: tests succeeded: 39, failed: 90, skipped: 5.
Starting test testPropertiesCanOverrideDefaultTasksList(org.jclouds.trmk.ecloud.TerremarkECloudClientLiveTest)
[TestNG] Test testPropertiesCanOverrideDefaultTasksList(org.jclouds.trmk.ecloud.TerremarkECloudClientLiveTest) succeeded: 97597ms
Test suite progress: tests succeeded: 40, failed: 90, skipped: 5.
Starting test testPropertiesCanOverrideDefaultVDC(org.jclouds.trmk.ecloud.TerremarkECloudClientLiveTest)
[TestNG] Test testPropertiesCanOverrideDefaultVDC(org.jclouds.trmk.ecloud.TerremarkECloudClientLiveTest) succeeded: 18822ms
Test suite progress: tests succeeded: 41, failed: 90, skipped: 5.
Starting test testAddInternetService(org.jclouds.trmk.ecloud.TerremarkECloudClientLiveTest)
[TestNG] Test testAddInternetService(org.jclouds.trmk.ecloud.TerremarkECloudClientLiveTest) succeeded: 11853ms
Test suite progress: tests succeeded: 42, failed: 90, skipped: 5.
Starting test testCloneVApp(org.jclouds.trmk.ecloud.TerremarkECloudClientLiveTest)
1331872640296: done powering off vApp
1331872641140: cloning vApp
1331872700082: done cloning vApp
1331872728920: done powering on vApp
[TestNG] Test testCloneVApp(org.jclouds.trmk.ecloud.TerremarkECloudClientLiveTest) succeeded: 118695ms
Test suite progress: tests succeeded: 43, failed: 90, skipped: 5.
Starting test testPublicIp(org.jclouds.trmk.ecloud.TerremarkECloudClientLiveTest)
1331872732365: [address=208.39.104.129, port=22] awaiting ssh service to start
1331872733774: [address=208.39.104.129, port=22] ssh service started
1331872734707: [address=208.39.104.129, port=22] ssh connection made
{output=Filesystem            Size  Used Avail Use% Mounted on
/dev/mapper/eubuntu10x64-root
                      3.5G  996M  2.4G  30% /
none                  245M  172K  244M   1% /dev
none                  247M     0  247M   0% /dev/shm
none                  247M   28K  247M   1% /var/run
none                  247M     0  247M   0% /var/lock
none                  247M     0  247M   0% /lib/init/rw
/dev/sda1             228M   23M  193M  11% /boot
, error=, exitStatus=0}
{output=brw-rw---- 1 root disk 8, 0 Mar 16 04:38 /dev/sda
brw-rw---- 1 root disk 8, 1 Mar 16 04:38 /dev/sda1
brw-rw---- 1 root disk 8, 2 Mar 16 04:38 /dev/sda2
brw-rw---- 1 root disk 8, 5 Mar 16 04:38 /dev/sda5
, error=, exitStatus=0}
{output=
Disk /dev/sda: 4294 MB, 4294967296 bytes
255 heads, 63 sectors/track, 522 cylinders
Units = cylinders of 16065 * 512 = 8225280 bytes
Sector size (logical/physical): 512 bytes / 512 bytes
I/O size (minimum/optimal): 512 bytes / 512 bytes
Disk identifier: 0x000dcbbb

   Device Boot      Start         End      Blocks   Id  System
/dev/sda1   *           1          32      248832   83  Linux
Partition 1 does not end on cylinder boundary.
/dev/sda2              32         523     3942401    5  Extended
Partition 2 does not end on cylinder boundary.
/dev/sda5              32         523     3942400   8e  Linux LVM
, error=, exitStatus=0}
[TestNG] Test testPublicIp(org.jclouds.trmk.ecloud.TerremarkECloudClientLiveTest) succeeded: 6064ms
Test suite progress: tests succeeded: 44, failed: 90, skipped: 5.
Starting test testConfigureNode(org.jclouds.trmk.ecloud.TerremarkECloudClientLiveTest)
[TestNG] Test testConfigureNode(org.jclouds.trmk.ecloud.TerremarkECloudClientLiveTest) succeeded: 1706ms
Test suite progress: tests succeeded: 45, failed: 90, skipped: 5.
Starting test testLifeCycle(org.jclouds.trmk.ecloud.TerremarkECloudClientLiveTest)
[TestNG] Test testLifeCycle(org.jclouds.trmk.ecloud.TerremarkECloudClientLiveTest) succeeded: 40289ms
Test suite progress: tests succeeded: 46, failed: 90, skipped: 5.
Starting test testConfigure(org.jclouds.trmk.ecloud.TerremarkECloudClientLiveTest)
1331872823695: [address=208.39.104.129, port=22] awaiting ssh service to start
1331872835796: [address=208.39.104.129, port=22] ssh service started
1331872836696: [address=208.39.104.129, port=22] ssh connection made
{output=Filesystem            Size  Used Avail Use% Mounted on
/dev/mapper/eubuntu10x64-root
                      3.5G  996M  2.4G  30% /
none                  750M  180K  749M   1% /dev
none                  752M     0  752M   0% /dev/shm
none                  752M   28K  752M   1% /var/run
none                  752M     0  752M   0% /var/lock
none                  752M     0  752M   0% /lib/init/rw
/dev/sda1             228M   23M  193M  11% /boot
, error=, exitStatus=0}
{output=brw-rw---- 1 root disk 8,  0 Mar 16 04:40 /dev/sda
brw-rw---- 1 root disk 8,  1 Mar 16 04:40 /dev/sda1
brw-rw---- 1 root disk 8,  2 Mar 16 04:40 /dev/sda2
brw-rw---- 1 root disk 8,  5 Mar 16 04:40 /dev/sda5
brw-rw---- 1 root disk 8, 16 Mar 16 04:40 /dev/sdb
brw-rw---- 1 root disk 8, 32 Mar 16 04:40 /dev/sdc
, error=, exitStatus=0}
{output=
Disk /dev/sda: 4294 MB, 4294967296 bytes
255 heads, 63 sectors/track, 522 cylinders
Units = cylinders of 16065 * 512 = 8225280 bytes
Sector size (logical/physical): 512 bytes / 512 bytes
I/O size (minimum/optimal): 512 bytes / 512 bytes
Disk identifier: 0x000dcbbb

   Device Boot      Start         End      Blocks   Id  System
/dev/sda1   *           1          32      248832   83  Linux
Partition 1 does not end on cylinder boundary.
/dev/sda2              32         523     3942401    5  Extended
Partition 2 does not end on cylinder boundary.
/dev/sda5              32         523     3942400   8e  Linux LVM

Disk /dev/sdb: 26.8 GB, 26843545600 bytes
255 heads, 63 sectors/track, 3263 cylinders
Units = cylinders of 16065 * 512 = 8225280 bytes
Sector size (logical/physical): 512 bytes / 512 bytes
I/O size (minimum/optimal): 512 bytes / 512 bytes
Disk identifier: 0x00000000

Disk /dev/sdb doesn't contain a valid partition table

Disk /dev/sdc: 26.8 GB, 26843545600 bytes
255 heads, 63 sectors/track, 3263 cylinders
Units = cylinders of 16065 * 512 = 8225280 bytes
Sector size (logical/physical): 512 bytes / 512 bytes
I/O size (minimum/optimal): 512 bytes / 512 bytes
Disk identifier: 0x00000000

Disk /dev/sdc doesn't contain a valid partition table
, error=, exitStatus=0}
1331872908491: [address=208.39.104.129, port=22] awaiting ssh service to start
1331872937595: [address=208.39.104.129, port=22] ssh service started
1331872939222: [address=208.39.104.129, port=22] ssh connection made
{output=Filesystem            Size  Used Avail Use% Mounted on
/dev/mapper/eubuntu10x64-root
                      3.5G  996M  2.4G  30% /
none                  750M  176K  749M   1% /dev
none                  752M     0  752M   0% /dev/shm
none                  752M   28K  752M   1% /var/run
none                  752M     0  752M   0% /var/lock
none                  752M     0  752M   0% /lib/init/rw
/dev/sda1             228M   23M  193M  11% /boot
, error=, exitStatus=0}
{output=brw-rw---- 1 root disk 8,  0 Mar 16 04:41 /dev/sda
brw-rw---- 1 root disk 8,  1 Mar 16 04:41 /dev/sda1
brw-rw---- 1 root disk 8,  2 Mar 16 04:41 /dev/sda2
brw-rw---- 1 root disk 8,  5 Mar 16 04:41 /dev/sda5
brw-rw---- 1 root disk 8, 16 Mar 16 04:41 /dev/sdb
, error=, exitStatus=0}
{output=
Disk /dev/sda: 4294 MB, 4294967296 bytes
255 heads, 63 sectors/track, 522 cylinders
Units = cylinders of 16065 * 512 = 8225280 bytes
Sector size (logical/physical): 512 bytes / 512 bytes
I/O size (minimum/optimal): 512 bytes / 512 bytes
Disk identifier: 0x000dcbbb

   Device Boot      Start         End      Blocks   Id  System
/dev/sda1   *           1          32      248832   83  Linux
Partition 1 does not end on cylinder boundary.
/dev/sda2              32         523     3942401    5  Extended
Partition 2 does not end on cylinder boundary.
/dev/sda5              32         523     3942400   8e  Linux LVM

Disk /dev/sdb: 26.8 GB, 26843545600 bytes
255 heads, 63 sectors/track, 3263 cylinders
Units = cylinders of 16065 * 512 = 8225280 bytes
Sector size (logical/physical): 512 bytes / 512 bytes
I/O size (minimum/optimal): 512 bytes / 512 bytes
Disk identifier: 0x00000000

Disk /dev/sdb doesn't contain a valid partition table
, error=, exitStatus=0}
[TestNG] Test testConfigure(org.jclouds.trmk.ecloud.TerremarkECloudClientLiveTest) succeeded: 162519ms
Test suite progress: tests succeeded: 47, failed: 90, skipped: 5.
Tests run: 144, Failures: 92, Errors: 0, Skipped: 5, Time elapsed: 3,249.738 sec <<< FAILURE!

Results :

Failed tests:   testTemplateBuilderWithImageIdSpecified(org.jclouds.trmk.ecloud.compute.TerremarkECloudTemplateBuilderLiveTest): command: GET https://services.enterprisecloud.terremark.com/api/v0.8b-ext2.8/catalogItem/267-1155 HTTP/1.1 failed with response: HTTP/1.1 401 The operation requires authentication.; content: [<html version="-//W3C//DTD XHTML 2.0//EN" xml:lang="en" xsi:schemaLocation="http://www.w3.org/1999/xhtml http://www.w3.org/MarkUp/SCHEMA/xhtml2.xsd" xmlns="http://www.w3.org/1999/xhtml" xmlns:xsi="http://www.w3.org/2001/XMLSchema-instance"><HEAD><TITLE>Request Error</TITLE></HEAD><BODY><DIV id="content"><P class="heading1"><B>Error Status Code:</B> 'Unauthorized'</P><P><B>Details: </B>The operation requires authentication.</P><!-- Padding xxxxxxxxxxxxxxxxxxxxxxxxxxxxxxxxxxxxxxxxxxxxxxxxxxxxxxxxxxxxxxxxxxxxxxxxxxxxxxxxxxxxxxxxxxxxxxxxxxxxxxxxxxxxxxxxxxxxxxxxxxxxxxxxxxxxxxxxxxxxxxxxxxxxxxxxxxxxxxxxxxxxxxxxxxxxxxxxxxxxxxxxxxxxxxxxxxxxxxxxxxxxxxxxxxxxxxxxxxxxxxxxxxxxxxxxxxxxxxxxxxxxxxxxxxxxxxxxxxxxxxxxxxxxxxxxxxxxxxxxxxxxxxxxxxxxxxxxxxxxxxxxxxxxxxxxxxxxxxxxxxxxxxxxxxxxxxxxxxxxxxxxxxxxxxxxxxxxxxxxxxxxxxxxxxxxxxxxxxxxxxxxxxxxxxxxxxxxxxxxxxxxxxxxxxxxxxxxxxxxxxxxxxxxxxxxxxxxxxxxxxxxxxxxxxxxxxxxxxxxxxxxxxxxxxxxxxxxxxxxxxxxxxxxxxxxxxxxxxxxxxxxxxxxxxxx--></DIV></BODY></html>]
  testTemplateBuilderCannotFind(org.jclouds.trmk.ecloud.compute.TerremarkECloudTemplateBuilderLiveTest): 
  testTemplateBuilderCannotFind(org.jclouds.trmk.ecloud.compute.TerremarkECloudTemplateBuilderLiveTest): 
  testTemplateBuilderCannotFind(org.jclouds.trmk.ecloud.compute.TerremarkECloudTemplateBuilderLiveTest): 
  testTemplateBuilderCannotFind(org.jclouds.trmk.ecloud.compute.TerremarkECloudTemplateBuilderLiveTest): 
  testTemplateBuilderCannotFind(org.jclouds.trmk.ecloud.compute.TerremarkECloudTemplateBuilderLiveTest): 
  testTemplateBuilderCannotFind(org.jclouds.trmk.ecloud.compute.TerremarkECloudTemplateBuilderLiveTest): 
  testTemplateBuilderCannotFind(org.jclouds.trmk.ecloud.compute.TerremarkECloudTemplateBuilderLiveTest): 
  testTemplateBuilderCannotFind(org.jclouds.trmk.ecloud.compute.TerremarkECloudTemplateBuilderLiveTest): 
  testTemplateBuilderCannotFind(org.jclouds.trmk.ecloud.compute.TerremarkECloudTemplateBuilderLiveTest): 
  testTemplateBuilderCannotFind(org.jclouds.trmk.ecloud.compute.TerremarkECloudTemplateBuilderLiveTest): 
  testTemplateBuilderCannotFind(org.jclouds.trmk.ecloud.compute.TerremarkECloudTemplateBuilderLiveTest): 
  testTemplateBuilderCannotFind(org.jclouds.trmk.ecloud.compute.TerremarkECloudTemplateBuilderLiveTest): 
  testTemplateBuilderCannotFind(org.jclouds.trmk.ecloud.compute.TerremarkECloudTemplateBuilderLiveTest): 
  testTemplateBuilderCannotFind(org.jclouds.trmk.ecloud.compute.TerremarkECloudTemplateBuilderLiveTest): 
  testTemplateBuilderCannotFind(org.jclouds.trmk.ecloud.compute.TerremarkECloudTemplateBuilderLiveTest): 
  testTemplateBuilderCannotFind(org.jclouds.trmk.ecloud.compute.TerremarkECloudTemplateBuilderLiveTest): 
  testTemplateBuilderCannotFind(org.jclouds.trmk.ecloud.compute.TerremarkECloudTemplateBuilderLiveTest): 
  testTemplateBuilderCannotFind(org.jclouds.trmk.ecloud.compute.TerremarkECloudTemplateBuilderLiveTest): 
  testTemplateBuilderCannotFind(org.jclouds.trmk.ecloud.compute.TerremarkECloudTemplateBuilderLiveTest): 
  testTemplateBuilderCannotFind(org.jclouds.trmk.ecloud.compute.TerremarkECloudTemplateBuilderLiveTest): 
  testTemplateBuilderCannotFind(org.jclouds.trmk.ecloud.compute.TerremarkECloudTemplateBuilderLiveTest): 
  testTemplateBuilderCannotFind(org.jclouds.trmk.ecloud.compute.TerremarkECloudTemplateBuilderLiveTest): 
  testTemplateBuilderCannotFind(org.jclouds.trmk.ecloud.compute.TerremarkECloudTemplateBuilderLiveTest): 
  testTemplateBuilderCannotFind(org.jclouds.trmk.ecloud.compute.TerremarkECloudTemplateBuilderLiveTest): 
  testTemplateBuilderCannotFind(org.jclouds.trmk.ecloud.compute.TerremarkECloudTemplateBuilderLiveTest): 
  testTemplateBuilderCannotFind(org.jclouds.trmk.ecloud.compute.TerremarkECloudTemplateBuilderLiveTest): 
  testTemplateBuilderCannotFind(org.jclouds.trmk.ecloud.compute.TerremarkECloudTemplateBuilderLiveTest): 
  testTemplateBuilderCannotFind(org.jclouds.trmk.ecloud.compute.TerremarkECloudTemplateBuilderLiveTest): 
  testTemplateBuilderCannotFind(org.jclouds.trmk.ecloud.compute.TerremarkECloudTemplateBuilderLiveTest): 
  testTemplateBuilderCannotFind(org.jclouds.trmk.ecloud.compute.TerremarkECloudTemplateBuilderLiveTest): 
  testTemplateBuilderCannotFind(org.jclouds.trmk.ecloud.compute.TerremarkECloudTemplateBuilderLiveTest): 
  testTemplateBuilderCannotFind(org.jclouds.trmk.ecloud.compute.TerremarkECloudTemplateBuilderLiveTest): 
  testTemplateBuilderCannotFind(org.jclouds.trmk.ecloud.compute.TerremarkECloudTemplateBuilderLiveTest): 
  testTemplateBuilderCannotFind(org.jclouds.trmk.ecloud.compute.TerremarkECloudTemplateBuilderLiveTest): 
  testTemplateBuilderCannotFind(org.jclouds.trmk.ecloud.compute.TerremarkECloudTemplateBuilderLiveTest): 
  testTemplateBuilderCannotFind(org.jclouds.trmk.ecloud.compute.TerremarkECloudTemplateBuilderLiveTest): 
  testTemplateBuilderCannotFind(org.jclouds.trmk.ecloud.compute.TerremarkECloudTemplateBuilderLiveTest): 
  testTemplateBuilderCannotFind(org.jclouds.trmk.ecloud.compute.TerremarkECloudTemplateBuilderLiveTest): 
  testTemplateBuilderCannotFind(org.jclouds.trmk.ecloud.compute.TerremarkECloudTemplateBuilderLiveTest): 
  testTemplateBuilderCannotFind(org.jclouds.trmk.ecloud.compute.TerremarkECloudTemplateBuilderLiveTest): 
  testTemplateBuilderCannotFind(org.jclouds.trmk.ecloud.compute.TerremarkECloudTemplateBuilderLiveTest): 
  testTemplateBuilderCannotFind(org.jclouds.trmk.ecloud.compute.TerremarkECloudTemplateBuilderLiveTest): 
  testTemplateBuilderCannotFind(org.jclouds.trmk.ecloud.compute.TerremarkECloudTemplateBuilderLiveTest): 
  testTemplateBuilderCannotFind(org.jclouds.trmk.ecloud.compute.TerremarkECloudTemplateBuilderLiveTest): 
  testTemplateBuilderCannotFind(org.jclouds.trmk.ecloud.compute.TerremarkECloudTemplateBuilderLiveTest): 
  testTemplateBuilderCannotFind(org.jclouds.trmk.ecloud.compute.TerremarkECloudTemplateBuilderLiveTest): 
  testTemplateBuilderCannotFind(org.jclouds.trmk.ecloud.compute.TerremarkECloudTemplateBuilderLiveTest): 
  testTemplateBuilderCannotFind(org.jclouds.trmk.ecloud.compute.TerremarkECloudTemplateBuilderLiveTest): 
  testTemplateBuilderCannotFind(org.jclouds.trmk.ecloud.compute.TerremarkECloudTemplateBuilderLiveTest): 
  testTemplateBuilderCannotFind(org.jclouds.trmk.ecloud.compute.TerremarkECloudTemplateBuilderLiveTest): 
  testTemplateBuilderCannotFind(org.jclouds.trmk.ecloud.compute.TerremarkECloudTemplateBuilderLiveTest): 
  testTemplateBuilderCannotFind(org.jclouds.trmk.ecloud.compute.TerremarkECloudTemplateBuilderLiveTest): 
  testTemplateBuilderCannotFind(org.jclouds.trmk.ecloud.compute.TerremarkECloudTemplateBuilderLiveTest): 
  testTemplateBuilderCannotFind(org.jclouds.trmk.ecloud.compute.TerremarkECloudTemplateBuilderLiveTest): 
  testTemplateBuilderCannotFind(org.jclouds.trmk.ecloud.compute.TerremarkECloudTemplateBuilderLiveTest): 
  testTemplateBuilderCannotFind(org.jclouds.trmk.ecloud.compute.TerremarkECloudTemplateBuilderLiveTest): 
  testTemplateBuilderCannotFind(org.jclouds.trmk.ecloud.compute.TerremarkECloudTemplateBuilderLiveTest): 
  testDefaultTemplateBuilder(org.jclouds.trmk.ecloud.compute.TerremarkECloudTemplateBuilderLiveTest): command: GET https://services.enterprisecloud.terremark.com/api/v0.8b-ext2.8/catalogItem/267-1155 HTTP/1.1 failed with response: HTTP/1.1 401 The operation requires authentication.; content: [<html version="-//W3C//DTD XHTML 2.0//EN" xml:lang="en" xsi:schemaLocation="http://www.w3.org/1999/xhtml http://www.w3.org/MarkUp/SCHEMA/xhtml2.xsd" xmlns="http://www.w3.org/1999/xhtml" xmlns:xsi="http://www.w3.org/2001/XMLSchema-instance"><HEAD><TITLE>Request Error</TITLE></HEAD><BODY><DIV id="content"><P class="heading1"><B>Error Status Code:</B> 'Unauthorized'</P><P><B>Details: </B>The operation requires authentication.</P><!-- Padding xxxxxxxxxxxxxxxxxxxxxxxxxxxxxxxxxxxxxxxxxxxxxxxxxxxxxxxxxxxxxxxxxxxxxxxxxxxxxxxxxxxxxxxxxxxxxxxxxxxxxxxxxxxxxxxxxxxxxxxxxxxxxxxxxxxxxxxxxxxxxxxxxxxxxxxxxxxxxxxxxxxxxxxxxxxxxxxxxxxxxxxxxxxxxxxxxxxxxxxxxxxxxxxxxxxxxxxxxxxxxxxxxxxxxxxxxxxxxxxxxxxxxxxxxxxxxxxxxxxxxxxxxxxxxxxxxxxxxxxxxxxxxxxxxxxxxxxxxxxxxxxxxxxxxxxxxxxxxxxxxxxxxxxxxxxxxxxxxxxxxxxxxxxxxxxxxxxxxxxxxxxxxxxxxxxxxxxxxxxxxxxxxxxxxxxxxxxxxxxxxxxxxxxxxxxxxxxxxxxxxxxxxxxxxxxxxxxxxxxxxxxxxxxxxxxxxxxxxxxxxxxxxxxxxxxxxxxxxxxxxxxxxxxxxxxxxxxxxxxxxxxxxxxxxxxx--></DIV></BODY></html>]
  testCompareSizes(org.jclouds.trmk.ecloud.compute.TerremarkECloudTemplateBuilderLiveTest): command: GET https://services.enterprisecloud.terremark.com/api/v0.8b-ext2.8/catalogItem/267-1155 HTTP/1.1 failed with response: HTTP/1.1 401 The operation requires authentication.; content: [<html version="-//W3C//DTD XHTML 2.0//EN" xml:lang="en" xsi:schemaLocation="http://www.w3.org/1999/xhtml http://www.w3.org/MarkUp/SCHEMA/xhtml2.xsd" xmlns="http://www.w3.org/1999/xhtml" xmlns:xsi="http://www.w3.org/2001/XMLSchema-instance"><HEAD><TITLE>Request Error</TITLE></HEAD><BODY><DIV id="content"><P class="heading1"><B>Error Status Code:</B> 'Unauthorized'</P><P><B>Details: </B>The operation requires authentication.</P><!-- Padding xxxxxxxxxxxxxxxxxxxxxxxxxxxxxxxxxxxxxxxxxxxxxxxxxxxxxxxxxxxxxxxxxxxxxxxxxxxxxxxxxxxxxxxxxxxxxxxxxxxxxxxxxxxxxxxxxxxxxxxxxxxxxxxxxxxxxxxxxxxxxxxxxxxxxxxxxxxxxxxxxxxxxxxxxxxxxxxxxxxxxxxxxxxxxxxxxxxxxxxxxxxxxxxxxxxxxxxxxxxxxxxxxxxxxxxxxxxxxxxxxxxxxxxxxxxxxxxxxxxxxxxxxxxxxxxxxxxxxxxxxxxxxxxxxxxxxxxxxxxxxxxxxxxxxxxxxxxxxxxxxxxxxxxxxxxxxxxxxxxxxxxxxxxxxxxxxxxxxxxxxxxxxxxxxxxxxxxxxxxxxxxxxxxxxxxxxxxxxxxxxxxxxxxxxxxxxxxxxxxxxxxxxxxxxxxxxxxxxxxxxxxxxxxxxxxxxxxxxxxxxxxxxxxxxxxxxxxxxxxxxxxxxxxxxxxxxxxxxxxxxxxxxxxxxxxx--></DIV></BODY></html>]
  testTemplateBuilderCanUseImageId(org.jclouds.trmk.ecloud.compute.TerremarkECloudTemplateBuilderLiveTest): command: GET https://services.enterprisecloud.terremark.com/api/v0.8b-ext2.8/catalogItem/267-1155 HTTP/1.1 failed with response: HTTP/1.1 401 The operation requires authentication.; content: [<html version="-//W3C//DTD XHTML 2.0//EN" xml:lang="en" xsi:schemaLocation="http://www.w3.org/1999/xhtml http://www.w3.org/MarkUp/SCHEMA/xhtml2.xsd" xmlns="http://www.w3.org/1999/xhtml" xmlns:xsi="http://www.w3.org/2001/XMLSchema-instance"><HEAD><TITLE>Request Error</TITLE></HEAD><BODY><DIV id="content"><P class="heading1"><B>Error Status Code:</B> 'Unauthorized'</P><P><B>Details: </B>The operation requires authentication.</P><!-- Padding xxxxxxxxxxxxxxxxxxxxxxxxxxxxxxxxxxxxxxxxxxxxxxxxxxxxxxxxxxxxxxxxxxxxxxxxxxxxxxxxxxxxxxxxxxxxxxxxxxxxxxxxxxxxxxxxxxxxxxxxxxxxxxxxxxxxxxxxxxxxxxxxxxxxxxxxxxxxxxxxxxxxxxxxxxxxxxxxxxxxxxxxxxxxxxxxxxxxxxxxxxxxxxxxxxxxxxxxxxxxxxxxxxxxxxxxxxxxxxxxxxxxxxxxxxxxxxxxxxxxxxxxxxxxxxxxxxxxxxxxxxxxxxxxxxxxxxxxxxxxxxxxxxxxxxxxxxxxxxxxxxxxxxxxxxxxxxxxxxxxxxxxxxxxxxxxxxxxxxxxxxxxxxxxxxxxxxxxxxxxxxxxxxxxxxxxxxxxxxxxxxxxxxxxxxxxxxxxxxxxxxxxxxxxxxxxxxxxxxxxxxxxxxxxxxxxxxxxxxxxxxxxxxxxxxxxxxxxxxxxxxxxxxxxxxxxxxxxxxxxxxxxxxxxxxxx--></DIV></BODY></html>]
  testFromTemplate(org.jclouds.trmk.ecloud.compute.TerremarkECloudTemplateBuilderLiveTest): command: GET https://services.enterprisecloud.terremark.com/api/v0.8b-ext2.8/catalogItem/267-1155 HTTP/1.1 failed with response: HTTP/1.1 401 The operation requires authentication.; content: [<html version="-//W3C//DTD XHTML 2.0//EN" xml:lang="en" xsi:schemaLocation="http://www.w3.org/1999/xhtml http://www.w3.org/MarkUp/SCHEMA/xhtml2.xsd" xmlns="http://www.w3.org/1999/xhtml" xmlns:xsi="http://www.w3.org/2001/XMLSchema-instance"><HEAD><TITLE>Request Error</TITLE></HEAD><BODY><DIV id="content"><P class="heading1"><B>Error Status Code:</B> 'Unauthorized'</P><P><B>Details: </B>The operation requires authentication.</P><!-- Padding xxxxxxxxxxxxxxxxxxxxxxxxxxxxxxxxxxxxxxxxxxxxxxxxxxxxxxxxxxxxxxxxxxxxxxxxxxxxxxxxxxxxxxxxxxxxxxxxxxxxxxxxxxxxxxxxxxxxxxxxxxxxxxxxxxxxxxxxxxxxxxxxxxxxxxxxxxxxxxxxxxxxxxxxxxxxxxxxxxxxxxxxxxxxxxxxxxxxxxxxxxxxxxxxxxxxxxxxxxxxxxxxxxxxxxxxxxxxxxxxxxxxxxxxxxxxxxxxxxxxxxxxxxxxxxxxxxxxxxxxxxxxxxxxxxxxxxxxxxxxxxxxxxxxxxxxxxxxxxxxxxxxxxxxxxxxxxxxxxxxxxxxxxxxxxxxxxxxxxxxxxxxxxxxxxxxxxxxxxxxxxxxxxxxxxxxxxxxxxxxxxxxxxxxxxxxxxxxxxxxxxxxxxxxxxxxxxxxxxxxxxxxxxxxxxxxxxxxxxxxxxxxxxxxxxxxxxxxxxxxxxxxxxxxxxxxxxxxxxxxxxxxxxxxxxxx--></DIV></BODY></html>]
  testTemplateBuilderCanFind(org.jclouds.trmk.ecloud.compute.TerremarkECloudTemplateBuilderLiveTest): command: GET https://services.enterprisecloud.terremark.com/api/v0.8b-ext2.8/catalogItem/267-1155 HTTP/1.1 failed with response: HTTP/1.1 401 The operation requires authentication.; content: [<html version="-//W3C//DTD XHTML 2.0//EN" xml:lang="en" xsi:schemaLocation="http://www.w3.org/1999/xhtml http://www.w3.org/MarkUp/SCHEMA/xhtml2.xsd" xmlns="http://www.w3.org/1999/xhtml" xmlns:xsi="http://www.w3.org/2001/XMLSchema-instance"><HEAD><TITLE>Request Error</TITLE></HEAD><BODY><DIV id="content"><P class="heading1"><B>Error Status Code:</B> 'Unauthorized'</P><P><B>Details: </B>The operation requires authentication.</P><!-- Padding xxxxxxxxxxxxxxxxxxxxxxxxxxxxxxxxxxxxxxxxxxxxxxxxxxxxxxxxxxxxxxxxxxxxxxxxxxxxxxxxxxxxxxxxxxxxxxxxxxxxxxxxxxxxxxxxxxxxxxxxxxxxxxxxxxxxxxxxxxxxxxxxxxxxxxxxxxxxxxxxxxxxxxxxxxxxxxxxxxxxxxxxxxxxxxxxxxxxxxxxxxxxxxxxxxxxxxxxxxxxxxxxxxxxxxxxxxxxxxxxxxxxxxxxxxxxxxxxxxxxxxxxxxxxxxxxxxxxxxxxxxxxxxxxxxxxxxxxxxxxxxxxxxxxxxxxxxxxxxxxxxxxxxxxxxxxxxxxxxxxxxxxxxxxxxxxxxxxxxxxxxxxxxxxxxxxxxxxxxxxxxxxxxxxxxxxxxxxxxxxxxxxxxxxxxxxxxxxxxxxxxxxxxxxxxxxxxxxxxxxxxxxxxxxxxxxxxxxxxxxxxxxxxxxxxxxxxxxxxxxxxxxxxxxxxxxxxxxxxxxxxxxxxxxxxxx--></DIV></BODY></html>]
  testTemplateBuilderCanFind(org.jclouds.trmk.ecloud.compute.TerremarkECloudTemplateBuilderLiveTest): command: GET https://services.enterprisecloud.terremark.com/api/v0.8b-ext2.8/catalogItem/267-1155 HTTP/1.1 failed with response: HTTP/1.1 401 The operation requires authentication.; content: [<html version="-//W3C//DTD XHTML 2.0//EN" xml:lang="en" xsi:schemaLocation="http://www.w3.org/1999/xhtml http://www.w3.org/MarkUp/SCHEMA/xhtml2.xsd" xmlns="http://www.w3.org/1999/xhtml" xmlns:xsi="http://www.w3.org/2001/XMLSchema-instance"><HEAD><TITLE>Request Error</TITLE></HEAD><BODY><DIV id="content"><P class="heading1"><B>Error Status Code:</B> 'Unauthorized'</P><P><B>Details: </B>The operation requires authentication.</P><!-- Padding xxxxxxxxxxxxxxxxxxxxxxxxxxxxxxxxxxxxxxxxxxxxxxxxxxxxxxxxxxxxxxxxxxxxxxxxxxxxxxxxxxxxxxxxxxxxxxxxxxxxxxxxxxxxxxxxxxxxxxxxxxxxxxxxxxxxxxxxxxxxxxxxxxxxxxxxxxxxxxxxxxxxxxxxxxxxxxxxxxxxxxxxxxxxxxxxxxxxxxxxxxxxxxxxxxxxxxxxxxxxxxxxxxxxxxxxxxxxxxxxxxxxxxxxxxxxxxxxxxxxxxxxxxxxxxxxxxxxxxxxxxxxxxxxxxxxxxxxxxxxxxxxxxxxxxxxxxxxxxxxxxxxxxxxxxxxxxxxxxxxxxxxxxxxxxxxxxxxxxxxxxxxxxxxxxxxxxxxxxxxxxxxxxxxxxxxxxxxxxxxxxxxxxxxxxxxxxxxxxxxxxxxxxxxxxxxxxxxxxxxxxxxxxxxxxxxxxxxxxxxxxxxxxxxxxxxxxxxxxxxxxxxxxxxxxxxxxxxxxxxxxxxxxxxxxxx--></DIV></BODY></html>]
  testTemplateBuilderCanFind(org.jclouds.trmk.ecloud.compute.TerremarkECloudTemplateBuilderLiveTest): command: GET https://services.enterprisecloud.terremark.com/api/v0.8b-ext2.8/catalogItem/267-1155 HTTP/1.1 failed with response: HTTP/1.1 401 The operation requires authentication.; content: [<html version="-//W3C//DTD XHTML 2.0//EN" xml:lang="en" xsi:schemaLocation="http://www.w3.org/1999/xhtml http://www.w3.org/MarkUp/SCHEMA/xhtml2.xsd" xmlns="http://www.w3.org/1999/xhtml" xmlns:xsi="http://www.w3.org/2001/XMLSchema-instance"><HEAD><TITLE>Request Error</TITLE></HEAD><BODY><DIV id="content"><P class="heading1"><B>Error Status Code:</B> 'Unauthorized'</P><P><B>Details: </B>The operation requires authentication.</P><!-- Padding xxxxxxxxxxxxxxxxxxxxxxxxxxxxxxxxxxxxxxxxxxxxxxxxxxxxxxxxxxxxxxxxxxxxxxxxxxxxxxxxxxxxxxxxxxxxxxxxxxxxxxxxxxxxxxxxxxxxxxxxxxxxxxxxxxxxxxxxxxxxxxxxxxxxxxxxxxxxxxxxxxxxxxxxxxxxxxxxxxxxxxxxxxxxxxxxxxxxxxxxxxxxxxxxxxxxxxxxxxxxxxxxxxxxxxxxxxxxxxxxxxxxxxxxxxxxxxxxxxxxxxxxxxxxxxxxxxxxxxxxxxxxxxxxxxxxxxxxxxxxxxxxxxxxxxxxxxxxxxxxxxxxxxxxxxxxxxxxxxxxxxxxxxxxxxxxxxxxxxxxxxxxxxxxxxxxxxxxxxxxxxxxxxxxxxxxxxxxxxxxxxxxxxxxxxxxxxxxxxxxxxxxxxxxxxxxxxxxxxxxxxxxxxxxxxxxxxxxxxxxxxxxxxxxxxxxxxxxxxxxxxxxxxxxxxxxxxxxxxxxxxxxxxxxxxxx--></DIV></BODY></html>]
  testTemplateBuilderCanFind(org.jclouds.trmk.ecloud.compute.TerremarkECloudTemplateBuilderLiveTest): command: GET https://services.enterprisecloud.terremark.com/api/v0.8b-ext2.8/catalogItem/267-1155 HTTP/1.1 failed with response: HTTP/1.1 401 The operation requires authentication.; content: [<html version="-//W3C//DTD XHTML 2.0//EN" xml:lang="en" xsi:schemaLocation="http://www.w3.org/1999/xhtml http://www.w3.org/MarkUp/SCHEMA/xhtml2.xsd" xmlns="http://www.w3.org/1999/xhtml" xmlns:xsi="http://www.w3.org/2001/XMLSchema-instance"><HEAD><TITLE>Request Error</TITLE></HEAD><BODY><DIV id="content"><P class="heading1"><B>Error Status Code:</B> 'Unauthorized'</P><P><B>Details: </B>The operation requires authentication.</P><!-- Padding xxxxxxxxxxxxxxxxxxxxxxxxxxxxxxxxxxxxxxxxxxxxxxxxxxxxxxxxxxxxxxxxxxxxxxxxxxxxxxxxxxxxxxxxxxxxxxxxxxxxxxxxxxxxxxxxxxxxxxxxxxxxxxxxxxxxxxxxxxxxxxxxxxxxxxxxxxxxxxxxxxxxxxxxxxxxxxxxxxxxxxxxxxxxxxxxxxxxxxxxxxxxxxxxxxxxxxxxxxxxxxxxxxxxxxxxxxxxxxxxxxxxxxxxxxxxxxxxxxxxxxxxxxxxxxxxxxxxxxxxxxxxxxxxxxxxxxxxxxxxxxxxxxxxxxxxxxxxxxxxxxxxxxxxxxxxxxxxxxxxxxxxxxxxxxxxxxxxxxxxxxxxxxxxxxxxxxxxxxxxxxxxxxxxxxxxxxxxxxxxxxxxxxxxxxxxxxxxxxxxxxxxxxxxxxxxxxxxxxxxxxxxxxxxxxxxxxxxxxxxxxxxxxxxxxxxxxxxxxxxxxxxxxxxxxxxxxxxxxxxxxxxxxxxxxxx--></DIV></BODY></html>]
  testTemplateBuilderCanFind(org.jclouds.trmk.ecloud.compute.TerremarkECloudTemplateBuilderLiveTest): command: GET https://services.enterprisecloud.terremark.com/api/v0.8b-ext2.8/catalogItem/267-1155 HTTP/1.1 failed with response: HTTP/1.1 401 The operation requires authentication.; content: [<html version="-//W3C//DTD XHTML 2.0//EN" xml:lang="en" xsi:schemaLocation="http://www.w3.org/1999/xhtml http://www.w3.org/MarkUp/SCHEMA/xhtml2.xsd" xmlns="http://www.w3.org/1999/xhtml" xmlns:xsi="http://www.w3.org/2001/XMLSchema-instance"><HEAD><TITLE>Request Error</TITLE></HEAD><BODY><DIV id="content"><P class="heading1"><B>Error Status Code:</B> 'Unauthorized'</P><P><B>Details: </B>The operation requires authentication.</P><!-- Padding xxxxxxxxxxxxxxxxxxxxxxxxxxxxxxxxxxxxxxxxxxxxxxxxxxxxxxxxxxxxxxxxxxxxxxxxxxxxxxxxxxxxxxxxxxxxxxxxxxxxxxxxxxxxxxxxxxxxxxxxxxxxxxxxxxxxxxxxxxxxxxxxxxxxxxxxxxxxxxxxxxxxxxxxxxxxxxxxxxxxxxxxxxxxxxxxxxxxxxxxxxxxxxxxxxxxxxxxxxxxxxxxxxxxxxxxxxxxxxxxxxxxxxxxxxxxxxxxxxxxxxxxxxxxxxxxxxxxxxxxxxxxxxxxxxxxxxxxxxxxxxxxxxxxxxxxxxxxxxxxxxxxxxxxxxxxxxxxxxxxxxxxxxxxxxxxxxxxxxxxxxxxxxxxxxxxxxxxxxxxxxxxxxxxxxxxxxxxxxxxxxxxxxxxxxxxxxxxxxxxxxxxxxxxxxxxxxxxxxxxxxxxxxxxxxxxxxxxxxxxxxxxxxxxxxxxxxxxxxxxxxxxxxxxxxxxxxxxxxxxxxxxxxxxxxxx--></DIV></BODY></html>]
  testTemplateBuilderCanFind(org.jclouds.trmk.ecloud.compute.TerremarkECloudTemplateBuilderLiveTest): command: GET https://services.enterprisecloud.terremark.com/api/v0.8b-ext2.8/catalogItem/267-1155 HTTP/1.1 failed with response: HTTP/1.1 401 The operation requires authentication.; content: [<html version="-//W3C//DTD XHTML 2.0//EN" xml:lang="en" xsi:schemaLocation="http://www.w3.org/1999/xhtml http://www.w3.org/MarkUp/SCHEMA/xhtml2.xsd" xmlns="http://www.w3.org/1999/xhtml" xmlns:xsi="http://www.w3.org/2001/XMLSchema-instance"><HEAD><TITLE>Request Error</TITLE></HEAD><BODY><DIV id="content"><P class="heading1"><B>Error Status Code:</B> 'Unauthorized'</P><P><B>Details: </B>The operation requires authentication.</P><!-- Padding xxxxxxxxxxxxxxxxxxxxxxxxxxxxxxxxxxxxxxxxxxxxxxxxxxxxxxxxxxxxxxxxxxxxxxxxxxxxxxxxxxxxxxxxxxxxxxxxxxxxxxxxxxxxxxxxxxxxxxxxxxxxxxxxxxxxxxxxxxxxxxxxxxxxxxxxxxxxxxxxxxxxxxxxxxxxxxxxxxxxxxxxxxxxxxxxxxxxxxxxxxxxxxxxxxxxxxxxxxxxxxxxxxxxxxxxxxxxxxxxxxxxxxxxxxxxxxxxxxxxxxxxxxxxxxxxxxxxxxxxxxxxxxxxxxxxxxxxxxxxxxxxxxxxxxxxxxxxxxxxxxxxxxxxxxxxxxxxxxxxxxxxxxxxxxxxxxxxxxxxxxxxxxxxxxxxxxxxxxxxxxxxxxxxxxxxxxxxxxxxxxxxxxxxxxxxxxxxxxxxxxxxxxxxxxxxxxxxxxxxxxxxxxxxxxxxxxxxxxxxxxxxxxxxxxxxxxxxxxxxxxxxxxxxxxxxxxxxxxxxxxxxxxxxxxxx--></DIV></BODY></html>]
  testTemplateBuilderCanFind(org.jclouds.trmk.ecloud.compute.TerremarkECloudTemplateBuilderLiveTest): command: GET https://services.enterprisecloud.terremark.com/api/v0.8b-ext2.8/catalogItem/267-1155 HTTP/1.1 failed with response: HTTP/1.1 401 The operation requires authentication.; content: [<html version="-//W3C//DTD XHTML 2.0//EN" xml:lang="en" xsi:schemaLocation="http://www.w3.org/1999/xhtml http://www.w3.org/MarkUp/SCHEMA/xhtml2.xsd" xmlns="http://www.w3.org/1999/xhtml" xmlns:xsi="http://www.w3.org/2001/XMLSchema-instance"><HEAD><TITLE>Request Error</TITLE></HEAD><BODY><DIV id="content"><P class="heading1"><B>Error Status Code:</B> 'Unauthorized'</P><P><B>Details: </B>The operation requires authentication.</P><!-- Padding xxxxxxxxxxxxxxxxxxxxxxxxxxxxxxxxxxxxxxxxxxxxxxxxxxxxxxxxxxxxxxxxxxxxxxxxxxxxxxxxxxxxxxxxxxxxxxxxxxxxxxxxxxxxxxxxxxxxxxxxxxxxxxxxxxxxxxxxxxxxxxxxxxxxxxxxxxxxxxxxxxxxxxxxxxxxxxxxxxxxxxxxxxxxxxxxxxxxxxxxxxxxxxxxxxxxxxxxxxxxxxxxxxxxxxxxxxxxxxxxxxxxxxxxxxxxxxxxxxxxxxxxxxxxxxxxxxxxxxxxxxxxxxxxxxxxxxxxxxxxxxxxxxxxxxxxxxxxxxxxxxxxxxxxxxxxxxxxxxxxxxxxxxxxxxxxxxxxxxxxxxxxxxxxxxxxxxxxxxxxxxxxxxxxxxxxxxxxxxxxxxxxxxxxxxxxxxxxxxxxxxxxxxxxxxxxxxxxxxxxxxxxxxxxxxxxxxxxxxxxxxxxxxxxxxxxxxxxxxxxxxxxxxxxxxxxxxxxxxxxxxxxxxxxxxxx--></DIV></BODY></html>]
  testTemplateBuilderCanFind(org.jclouds.trmk.ecloud.compute.TerremarkECloudTemplateBuilderLiveTest): command: GET https://services.enterprisecloud.terremark.com/api/v0.8b-ext2.8/catalogItem/267-1155 HTTP/1.1 failed with response: HTTP/1.1 401 The operation requires authentication.; content: [<html version="-//W3C//DTD XHTML 2.0//EN" xml:lang="en" xsi:schemaLocation="http://www.w3.org/1999/xhtml http://www.w3.org/MarkUp/SCHEMA/xhtml2.xsd" xmlns="http://www.w3.org/1999/xhtml" xmlns:xsi="http://www.w3.org/2001/XMLSchema-instance"><HEAD><TITLE>Request Error</TITLE></HEAD><BODY><DIV id="content"><P class="heading1"><B>Error Status Code:</B> 'Unauthorized'</P><P><B>Details: </B>The operation requires authentication.</P><!-- Padding xxxxxxxxxxxxxxxxxxxxxxxxxxxxxxxxxxxxxxxxxxxxxxxxxxxxxxxxxxxxxxxxxxxxxxxxxxxxxxxxxxxxxxxxxxxxxxxxxxxxxxxxxxxxxxxxxxxxxxxxxxxxxxxxxxxxxxxxxxxxxxxxxxxxxxxxxxxxxxxxxxxxxxxxxxxxxxxxxxxxxxxxxxxxxxxxxxxxxxxxxxxxxxxxxxxxxxxxxxxxxxxxxxxxxxxxxxxxxxxxxxxxxxxxxxxxxxxxxxxxxxxxxxxxxxxxxxxxxxxxxxxxxxxxxxxxxxxxxxxxxxxxxxxxxxxxxxxxxxxxxxxxxxxxxxxxxxxxxxxxxxxxxxxxxxxxxxxxxxxxxxxxxxxxxxxxxxxxxxxxxxxxxxxxxxxxxxxxxxxxxxxxxxxxxxxxxxxxxxxxxxxxxxxxxxxxxxxxxxxxxxxxxxxxxxxxxxxxxxxxxxxxxxxxxxxxxxxxxxxxxxxxxxxxxxxxxxxxxxxxxxxxxxxxxxxx--></DIV></BODY></html>]
  testTemplateBuilderCanFind(org.jclouds.trmk.ecloud.compute.TerremarkECloudTemplateBuilderLiveTest): command: GET https://services.enterprisecloud.terremark.com/api/v0.8b-ext2.8/catalogItem/267-1155 HTTP/1.1 failed with response: HTTP/1.1 401 The operation requires authentication.; content: [<html version="-//W3C//DTD XHTML 2.0//EN" xml:lang="en" xsi:schemaLocation="http://www.w3.org/1999/xhtml http://www.w3.org/MarkUp/SCHEMA/xhtml2.xsd" xmlns="http://www.w3.org/1999/xhtml" xmlns:xsi="http://www.w3.org/2001/XMLSchema-instance"><HEAD><TITLE>Request Error</TITLE></HEAD><BODY><DIV id="content"><P class="heading1"><B>Error Status Code:</B> 'Unauthorized'</P><P><B>Details: </B>The operation requires authentication.</P><!-- Padding xxxxxxxxxxxxxxxxxxxxxxxxxxxxxxxxxxxxxxxxxxxxxxxxxxxxxxxxxxxxxxxxxxxxxxxxxxxxxxxxxxxxxxxxxxxxxxxxxxxxxxxxxxxxxxxxxxxxxxxxxxxxxxxxxxxxxxxxxxxxxxxxxxxxxxxxxxxxxxxxxxxxxxxxxxxxxxxxxxxxxxxxxxxxxxxxxxxxxxxxxxxxxxxxxxxxxxxxxxxxxxxxxxxxxxxxxxxxxxxxxxxxxxxxxxxxxxxxxxxxxxxxxxxxxxxxxxxxxxxxxxxxxxxxxxxxxxxxxxxxxxxxxxxxxxxxxxxxxxxxxxxxxxxxxxxxxxxxxxxxxxxxxxxxxxxxxxxxxxxxxxxxxxxxxxxxxxxxxxxxxxxxxxxxxxxxxxxxxxxxxxxxxxxxxxxxxxxxxxxxxxxxxxxxxxxxxxxxxxxxxxxxxxxxxxxxxxxxxxxxxxxxxxxxxxxxxxxxxxxxxxxxxxxxxxxxxxxxxxxxxxxxxxxxxxxx--></DIV></BODY></html>]
  testTemplateBuilderCanFind(org.jclouds.trmk.ecloud.compute.TerremarkECloudTemplateBuilderLiveTest): command: GET https://services.enterprisecloud.terremark.com/api/v0.8b-ext2.8/catalogItem/267-1155 HTTP/1.1 failed with response: HTTP/1.1 401 The operation requires authentication.; content: [<html version="-//W3C//DTD XHTML 2.0//EN" xml:lang="en" xsi:schemaLocation="http://www.w3.org/1999/xhtml http://www.w3.org/MarkUp/SCHEMA/xhtml2.xsd" xmlns="http://www.w3.org/1999/xhtml" xmlns:xsi="http://www.w3.org/2001/XMLSchema-instance"><HEAD><TITLE>Request Error</TITLE></HEAD><BODY><DIV id="content"><P class="heading1"><B>Error Status Code:</B> 'Unauthorized'</P><P><B>Details: </B>The operation requires authentication.</P><!-- Padding xxxxxxxxxxxxxxxxxxxxxxxxxxxxxxxxxxxxxxxxxxxxxxxxxxxxxxxxxxxxxxxxxxxxxxxxxxxxxxxxxxxxxxxxxxxxxxxxxxxxxxxxxxxxxxxxxxxxxxxxxxxxxxxxxxxxxxxxxxxxxxxxxxxxxxxxxxxxxxxxxxxxxxxxxxxxxxxxxxxxxxxxxxxxxxxxxxxxxxxxxxxxxxxxxxxxxxxxxxxxxxxxxxxxxxxxxxxxxxxxxxxxxxxxxxxxxxxxxxxxxxxxxxxxxxxxxxxxxxxxxxxxxxxxxxxxxxxxxxxxxxxxxxxxxxxxxxxxxxxxxxxxxxxxxxxxxxxxxxxxxxxxxxxxxxxxxxxxxxxxxxxxxxxxxxxxxxxxxxxxxxxxxxxxxxxxxxxxxxxxxxxxxxxxxxxxxxxxxxxxxxxxxxxxxxxxxxxxxxxxxxxxxxxxxxxxxxxxxxxxxxxxxxxxxxxxxxxxxxxxxxxxxxxxxxxxxxxxxxxxxxxxxxxxxxxx--></DIV></BODY></html>]
  testTemplateBuilderCanFind(org.jclouds.trmk.ecloud.compute.TerremarkECloudTemplateBuilderLiveTest): command: GET https://services.enterprisecloud.terremark.com/api/v0.8b-ext2.8/catalogItem/267-1155 HTTP/1.1 failed with response: HTTP/1.1 401 The operation requires authentication.; content: [<html version="-//W3C//DTD XHTML 2.0//EN" xml:lang="en" xsi:schemaLocation="http://www.w3.org/1999/xhtml http://www.w3.org/MarkUp/SCHEMA/xhtml2.xsd" xmlns="http://www.w3.org/1999/xhtml" xmlns:xsi="http://www.w3.org/2001/XMLSchema-instance"><HEAD><TITLE>Request Error</TITLE></HEAD><BODY><DIV id="content"><P class="heading1"><B>Error Status Code:</B> 'Unauthorized'</P><P><B>Details: </B>The operation requires authentication.</P><!-- Padding xxxxxxxxxxxxxxxxxxxxxxxxxxxxxxxxxxxxxxxxxxxxxxxxxxxxxxxxxxxxxxxxxxxxxxxxxxxxxxxxxxxxxxxxxxxxxxxxxxxxxxxxxxxxxxxxxxxxxxxxxxxxxxxxxxxxxxxxxxxxxxxxxxxxxxxxxxxxxxxxxxxxxxxxxxxxxxxxxxxxxxxxxxxxxxxxxxxxxxxxxxxxxxxxxxxxxxxxxxxxxxxxxxxxxxxxxxxxxxxxxxxxxxxxxxxxxxxxxxxxxxxxxxxxxxxxxxxxxxxxxxxxxxxxxxxxxxxxxxxxxxxxxxxxxxxxxxxxxxxxxxxxxxxxxxxxxxxxxxxxxxxxxxxxxxxxxxxxxxxxxxxxxxxxxxxxxxxxxxxxxxxxxxxxxxxxxxxxxxxxxxxxxxxxxxxxxxxxxxxxxxxxxxxxxxxxxxxxxxxxxxxxxxxxxxxxxxxxxxxxxxxxxxxxxxxxxxxxxxxxxxxxxxxxxxxxxxxxxxxxxxxxxxxxxxxx--></DIV></BODY></html>]
  testTemplateBuilderCanFind(org.jclouds.trmk.ecloud.compute.TerremarkECloudTemplateBuilderLiveTest): command: GET https://services.enterprisecloud.terremark.com/api/v0.8b-ext2.8/catalogItem/267-1155 HTTP/1.1 failed with response: HTTP/1.1 401 The operation requires authentication.; content: [<html version="-//W3C//DTD XHTML 2.0//EN" xml:lang="en" xsi:schemaLocation="http://www.w3.org/1999/xhtml http://www.w3.org/MarkUp/SCHEMA/xhtml2.xsd" xmlns="http://www.w3.org/1999/xhtml" xmlns:xsi="http://www.w3.org/2001/XMLSchema-instance"><HEAD><TITLE>Request Error</TITLE></HEAD><BODY><DIV id="content"><P class="heading1"><B>Error Status Code:</B> 'Unauthorized'</P><P><B>Details: </B>The operation requires authentication.</P><!-- Padding xxxxxxxxxxxxxxxxxxxxxxxxxxxxxxxxxxxxxxxxxxxxxxxxxxxxxxxxxxxxxxxxxxxxxxxxxxxxxxxxxxxxxxxxxxxxxxxxxxxxxxxxxxxxxxxxxxxxxxxxxxxxxxxxxxxxxxxxxxxxxxxxxxxxxxxxxxxxxxxxxxxxxxxxxxxxxxxxxxxxxxxxxxxxxxxxxxxxxxxxxxxxxxxxxxxxxxxxxxxxxxxxxxxxxxxxxxxxxxxxxxxxxxxxxxxxxxxxxxxxxxxxxxxxxxxxxxxxxxxxxxxxxxxxxxxxxxxxxxxxxxxxxxxxxxxxxxxxxxxxxxxxxxxxxxxxxxxxxxxxxxxxxxxxxxxxxxxxxxxxxxxxxxxxxxxxxxxxxxxxxxxxxxxxxxxxxxxxxxxxxxxxxxxxxxxxxxxxxxxxxxxxxxxxxxxxxxxxxxxxxxxxxxxxxxxxxxxxxxxxxxxxxxxxxxxxxxxxxxxxxxxxxxxxxxxxxxxxxxxxxxxxxxxxxxxx--></DIV></BODY></html>]
  testTemplateBuilderCanFind(org.jclouds.trmk.ecloud.compute.TerremarkECloudTemplateBuilderLiveTest): command: GET https://services.enterprisecloud.terremark.com/api/v0.8b-ext2.8/catalogItem/267-1155 HTTP/1.1 failed with response: HTTP/1.1 401 The operation requires authentication.; content: [<html version="-//W3C//DTD XHTML 2.0//EN" xml:lang="en" xsi:schemaLocation="http://www.w3.org/1999/xhtml http://www.w3.org/MarkUp/SCHEMA/xhtml2.xsd" xmlns="http://www.w3.org/1999/xhtml" xmlns:xsi="http://www.w3.org/2001/XMLSchema-instance"><HEAD><TITLE>Request Error</TITLE></HEAD><BODY><DIV id="content"><P class="heading1"><B>Error Status Code:</B> 'Unauthorized'</P><P><B>Details: </B>The operation requires authentication.</P><!-- Padding xxxxxxxxxxxxxxxxxxxxxxxxxxxxxxxxxxxxxxxxxxxxxxxxxxxxxxxxxxxxxxxxxxxxxxxxxxxxxxxxxxxxxxxxxxxxxxxxxxxxxxxxxxxxxxxxxxxxxxxxxxxxxxxxxxxxxxxxxxxxxxxxxxxxxxxxxxxxxxxxxxxxxxxxxxxxxxxxxxxxxxxxxxxxxxxxxxxxxxxxxxxxxxxxxxxxxxxxxxxxxxxxxxxxxxxxxxxxxxxxxxxxxxxxxxxxxxxxxxxxxxxxxxxxxxxxxxxxxxxxxxxxxxxxxxxxxxxxxxxxxxxxxxxxxxxxxxxxxxxxxxxxxxxxxxxxxxxxxxxxxxxxxxxxxxxxxxxxxxxxxxxxxxxxxxxxxxxxxxxxxxxxxxxxxxxxxxxxxxxxxxxxxxxxxxxxxxxxxxxxxxxxxxxxxxxxxxxxxxxxxxxxxxxxxxxxxxxxxxxxxxxxxxxxxxxxxxxxxxxxxxxxxxxxxxxxxxxxxxxxxxxxxxxxxxxx--></DIV></BODY></html>]
  testTemplateBuilderCanFind(org.jclouds.trmk.ecloud.compute.TerremarkECloudTemplateBuilderLiveTest): command: GET https://services.enterprisecloud.terremark.com/api/v0.8b-ext2.8/catalogItem/267-1155 HTTP/1.1 failed with response: HTTP/1.1 401 The operation requires authentication.; content: [<html version="-//W3C//DTD XHTML 2.0//EN" xml:lang="en" xsi:schemaLocation="http://www.w3.org/1999/xhtml http://www.w3.org/MarkUp/SCHEMA/xhtml2.xsd" xmlns="http://www.w3.org/1999/xhtml" xmlns:xsi="http://www.w3.org/2001/XMLSchema-instance"><HEAD><TITLE>Request Error</TITLE></HEAD><BODY><DIV id="content"><P class="heading1"><B>Error Status Code:</B> 'Unauthorized'</P><P><B>Details: </B>The operation requires authentication.</P><!-- Padding xxxxxxxxxxxxxxxxxxxxxxxxxxxxxxxxxxxxxxxxxxxxxxxxxxxxxxxxxxxxxxxxxxxxxxxxxxxxxxxxxxxxxxxxxxxxxxxxxxxxxxxxxxxxxxxxxxxxxxxxxxxxxxxxxxxxxxxxxxxxxxxxxxxxxxxxxxxxxxxxxxxxxxxxxxxxxxxxxxxxxxxxxxxxxxxxxxxxxxxxxxxxxxxxxxxxxxxxxxxxxxxxxxxxxxxxxxxxxxxxxxxxxxxxxxxxxxxxxxxxxxxxxxxxxxxxxxxxxxxxxxxxxxxxxxxxxxxxxxxxxxxxxxxxxxxxxxxxxxxxxxxxxxxxxxxxxxxxxxxxxxxxxxxxxxxxxxxxxxxxxxxxxxxxxxxxxxxxxxxxxxxxxxxxxxxxxxxxxxxxxxxxxxxxxxxxxxxxxxxxxxxxxxxxxxxxxxxxxxxxxxxxxxxxxxxxxxxxxxxxxxxxxxxxxxxxxxxxxxxxxxxxxxxxxxxxxxxxxxxxxxxxxxxxxxxx--></DIV></BODY></html>]
  testTemplateBuilderCanFind(org.jclouds.trmk.ecloud.compute.TerremarkECloudTemplateBuilderLiveTest): command: GET https://services.enterprisecloud.terremark.com/api/v0.8b-ext2.8/catalogItem/267-1155 HTTP/1.1 failed with response: HTTP/1.1 401 The operation requires authentication.; content: [<html version="-//W3C//DTD XHTML 2.0//EN" xml:lang="en" xsi:schemaLocation="http://www.w3.org/1999/xhtml http://www.w3.org/MarkUp/SCHEMA/xhtml2.xsd" xmlns="http://www.w3.org/1999/xhtml" xmlns:xsi="http://www.w3.org/2001/XMLSchema-instance"><HEAD><TITLE>Request Error</TITLE></HEAD><BODY><DIV id="content"><P class="heading1"><B>Error Status Code:</B> 'Unauthorized'</P><P><B>Details: </B>The operation requires authentication.</P><!-- Padding xxxxxxxxxxxxxxxxxxxxxxxxxxxxxxxxxxxxxxxxxxxxxxxxxxxxxxxxxxxxxxxxxxxxxxxxxxxxxxxxxxxxxxxxxxxxxxxxxxxxxxxxxxxxxxxxxxxxxxxxxxxxxxxxxxxxxxxxxxxxxxxxxxxxxxxxxxxxxxxxxxxxxxxxxxxxxxxxxxxxxxxxxxxxxxxxxxxxxxxxxxxxxxxxxxxxxxxxxxxxxxxxxxxxxxxxxxxxxxxxxxxxxxxxxxxxxxxxxxxxxxxxxxxxxxxxxxxxxxxxxxxxxxxxxxxxxxxxxxxxxxxxxxxxxxxxxxxxxxxxxxxxxxxxxxxxxxxxxxxxxxxxxxxxxxxxxxxxxxxxxxxxxxxxxxxxxxxxxxxxxxxxxxxxxxxxxxxxxxxxxxxxxxxxxxxxxxxxxxxxxxxxxxxxxxxxxxxxxxxxxxxxxxxxxxxxxxxxxxxxxxxxxxxxxxxxxxxxxxxxxxxxxxxxxxxxxxxxxxxxxxxxxxxxxxxx--></DIV></BODY></html>]
  testTemplateBuilderCanFind(org.jclouds.trmk.ecloud.compute.TerremarkECloudTemplateBuilderLiveTest): command: GET https://services.enterprisecloud.terremark.com/api/v0.8b-ext2.8/catalogItem/267-1155 HTTP/1.1 failed with response: HTTP/1.1 401 The operation requires authentication.; content: [<html version="-//W3C//DTD XHTML 2.0//EN" xml:lang="en" xsi:schemaLocation="http://www.w3.org/1999/xhtml http://www.w3.org/MarkUp/SCHEMA/xhtml2.xsd" xmlns="http://www.w3.org/1999/xhtml" xmlns:xsi="http://www.w3.org/2001/XMLSchema-instance"><HEAD><TITLE>Request Error</TITLE></HEAD><BODY><DIV id="content"><P class="heading1"><B>Error Status Code:</B> 'Unauthorized'</P><P><B>Details: </B>The operation requires authentication.</P><!-- Padding xxxxxxxxxxxxxxxxxxxxxxxxxxxxxxxxxxxxxxxxxxxxxxxxxxxxxxxxxxxxxxxxxxxxxxxxxxxxxxxxxxxxxxxxxxxxxxxxxxxxxxxxxxxxxxxxxxxxxxxxxxxxxxxxxxxxxxxxxxxxxxxxxxxxxxxxxxxxxxxxxxxxxxxxxxxxxxxxxxxxxxxxxxxxxxxxxxxxxxxxxxxxxxxxxxxxxxxxxxxxxxxxxxxxxxxxxxxxxxxxxxxxxxxxxxxxxxxxxxxxxxxxxxxxxxxxxxxxxxxxxxxxxxxxxxxxxxxxxxxxxxxxxxxxxxxxxxxxxxxxxxxxxxxxxxxxxxxxxxxxxxxxxxxxxxxxxxxxxxxxxxxxxxxxxxxxxxxxxxxxxxxxxxxxxxxxxxxxxxxxxxxxxxxxxxxxxxxxxxxxxxxxxxxxxxxxxxxxxxxxxxxxxxxxxxxxxxxxxxxxxxxxxxxxxxxxxxxxxxxxxxxxxxxxxxxxxxxxxxxxxxxxxxxxxxxx--></DIV></BODY></html>]
  testTemplateBuilderCanFind(org.jclouds.trmk.ecloud.compute.TerremarkECloudTemplateBuilderLiveTest): command: GET https://services.enterprisecloud.terremark.com/api/v0.8b-ext2.8/catalogItem/267-1155 HTTP/1.1 failed with response: HTTP/1.1 401 The operation requires authentication.; content: [<html version="-//W3C//DTD XHTML 2.0//EN" xml:lang="en" xsi:schemaLocation="http://www.w3.org/1999/xhtml http://www.w3.org/MarkUp/SCHEMA/xhtml2.xsd" xmlns="http://www.w3.org/1999/xhtml" xmlns:xsi="http://www.w3.org/2001/XMLSchema-instance"><HEAD><TITLE>Request Error</TITLE></HEAD><BODY><DIV id="content"><P class="heading1"><B>Error Status Code:</B> 'Unauthorized'</P><P><B>Details: </B>The operation requires authentication.</P><!-- Padding xxxxxxxxxxxxxxxxxxxxxxxxxxxxxxxxxxxxxxxxxxxxxxxxxxxxxxxxxxxxxxxxxxxxxxxxxxxxxxxxxxxxxxxxxxxxxxxxxxxxxxxxxxxxxxxxxxxxxxxxxxxxxxxxxxxxxxxxxxxxxxxxxxxxxxxxxxxxxxxxxxxxxxxxxxxxxxxxxxxxxxxxxxxxxxxxxxxxxxxxxxxxxxxxxxxxxxxxxxxxxxxxxxxxxxxxxxxxxxxxxxxxxxxxxxxxxxxxxxxxxxxxxxxxxxxxxxxxxxxxxxxxxxxxxxxxxxxxxxxxxxxxxxxxxxxxxxxxxxxxxxxxxxxxxxxxxxxxxxxxxxxxxxxxxxxxxxxxxxxxxxxxxxxxxxxxxxxxxxxxxxxxxxxxxxxxxxxxxxxxxxxxxxxxxxxxxxxxxxxxxxxxxxxxxxxxxxxxxxxxxxxxxxxxxxxxxxxxxxxxxxxxxxxxxxxxxxxxxxxxxxxxxxxxxxxxxxxxxxxxxxxxxxxxxxxx--></DIV></BODY></html>]
  testTemplateBuilderCanFind(org.jclouds.trmk.ecloud.compute.TerremarkECloudTemplateBuilderLiveTest): command: GET https://services.enterprisecloud.terremark.com/api/v0.8b-ext2.8/catalogItem/267-1155 HTTP/1.1 failed with response: HTTP/1.1 401 The operation requires authentication.; content: [<html version="-//W3C//DTD XHTML 2.0//EN" xml:lang="en" xsi:schemaLocation="http://www.w3.org/1999/xhtml http://www.w3.org/MarkUp/SCHEMA/xhtml2.xsd" xmlns="http://www.w3.org/1999/xhtml" xmlns:xsi="http://www.w3.org/2001/XMLSchema-instance"><HEAD><TITLE>Request Error</TITLE></HEAD><BODY><DIV id="content"><P class="heading1"><B>Error Status Code:</B> 'Unauthorized'</P><P><B>Details: </B>The operation requires authentication.</P><!-- Padding xxxxxxxxxxxxxxxxxxxxxxxxxxxxxxxxxxxxxxxxxxxxxxxxxxxxxxxxxxxxxxxxxxxxxxxxxxxxxxxxxxxxxxxxxxxxxxxxxxxxxxxxxxxxxxxxxxxxxxxxxxxxxxxxxxxxxxxxxxxxxxxxxxxxxxxxxxxxxxxxxxxxxxxxxxxxxxxxxxxxxxxxxxxxxxxxxxxxxxxxxxxxxxxxxxxxxxxxxxxxxxxxxxxxxxxxxxxxxxxxxxxxxxxxxxxxxxxxxxxxxxxxxxxxxxxxxxxxxxxxxxxxxxxxxxxxxxxxxxxxxxxxxxxxxxxxxxxxxxxxxxxxxxxxxxxxxxxxxxxxxxxxxxxxxxxxxxxxxxxxxxxxxxxxxxxxxxxxxxxxxxxxxxxxxxxxxxxxxxxxxxxxxxxxxxxxxxxxxxxxxxxxxxxxxxxxxxxxxxxxxxxxxxxxxxxxxxxxxxxxxxxxxxxxxxxxxxxxxxxxxxxxxxxxxxxxxxxxxxxxxxxxxxxxxxxx--></DIV></BODY></html>]
  testTemplateBuilderCanFind(org.jclouds.trmk.ecloud.compute.TerremarkECloudTemplateBuilderLiveTest): command: GET https://services.enterprisecloud.terremark.com/api/v0.8b-ext2.8/catalogItem/267-1155 HTTP/1.1 failed with response: HTTP/1.1 401 The operation requires authentication.; content: [<html version="-//W3C//DTD XHTML 2.0//EN" xml:lang="en" xsi:schemaLocation="http://www.w3.org/1999/xhtml http://www.w3.org/MarkUp/SCHEMA/xhtml2.xsd" xmlns="http://www.w3.org/1999/xhtml" xmlns:xsi="http://www.w3.org/2001/XMLSchema-instance"><HEAD><TITLE>Request Error</TITLE></HEAD><BODY><DIV id="content"><P class="heading1"><B>Error Status Code:</B> 'Unauthorized'</P><P><B>Details: </B>The operation requires authentication.</P><!-- Padding xxxxxxxxxxxxxxxxxxxxxxxxxxxxxxxxxxxxxxxxxxxxxxxxxxxxxxxxxxxxxxxxxxxxxxxxxxxxxxxxxxxxxxxxxxxxxxxxxxxxxxxxxxxxxxxxxxxxxxxxxxxxxxxxxxxxxxxxxxxxxxxxxxxxxxxxxxxxxxxxxxxxxxxxxxxxxxxxxxxxxxxxxxxxxxxxxxxxxxxxxxxxxxxxxxxxxxxxxxxxxxxxxxxxxxxxxxxxxxxxxxxxxxxxxxxxxxxxxxxxxxxxxxxxxxxxxxxxxxxxxxxxxxxxxxxxxxxxxxxxxxxxxxxxxxxxxxxxxxxxxxxxxxxxxxxxxxxxxxxxxxxxxxxxxxxxxxxxxxxxxxxxxxxxxxxxxxxxxxxxxxxxxxxxxxxxxxxxxxxxxxxxxxxxxxxxxxxxxxxxxxxxxxxxxxxxxxxxxxxxxxxxxxxxxxxxxxxxxxxxxxxxxxxxxxxxxxxxxxxxxxxxxxxxxxxxxxxxxxxxxxxxxxxxxxxx--></DIV></BODY></html>]
  testTemplateBuilderCanFind(org.jclouds.trmk.ecloud.compute.TerremarkECloudTemplateBuilderLiveTest): command: GET https://services.enterprisecloud.terremark.com/api/v0.8b-ext2.8/catalogItem/267-1155 HTTP/1.1 failed with response: HTTP/1.1 401 The operation requires authentication.; content: [<html version="-//W3C//DTD XHTML 2.0//EN" xml:lang="en" xsi:schemaLocation="http://www.w3.org/1999/xhtml http://www.w3.org/MarkUp/SCHEMA/xhtml2.xsd" xmlns="http://www.w3.org/1999/xhtml" xmlns:xsi="http://www.w3.org/2001/XMLSchema-instance"><HEAD><TITLE>Request Error</TITLE></HEAD><BODY><DIV id="content"><P class="heading1"><B>Error Status Code:</B> 'Unauthorized'</P><P><B>Details: </B>The operation requires authentication.</P><!-- Padding xxxxxxxxxxxxxxxxxxxxxxxxxxxxxxxxxxxxxxxxxxxxxxxxxxxxxxxxxxxxxxxxxxxxxxxxxxxxxxxxxxxxxxxxxxxxxxxxxxxxxxxxxxxxxxxxxxxxxxxxxxxxxxxxxxxxxxxxxxxxxxxxxxxxxxxxxxxxxxxxxxxxxxxxxxxxxxxxxxxxxxxxxxxxxxxxxxxxxxxxxxxxxxxxxxxxxxxxxxxxxxxxxxxxxxxxxxxxxxxxxxxxxxxxxxxxxxxxxxxxxxxxxxxxxxxxxxxxxxxxxxxxxxxxxxxxxxxxxxxxxxxxxxxxxxxxxxxxxxxxxxxxxxxxxxxxxxxxxxxxxxxxxxxxxxxxxxxxxxxxxxxxxxxxxxxxxxxxxxxxxxxxxxxxxxxxxxxxxxxxxxxxxxxxxxxxxxxxxxxxxxxxxxxxxxxxxxxxxxxxxxxxxxxxxxxxxxxxxxxxxxxxxxxxxxxxxxxxxxxxxxxxxxxxxxxxxxxxxxxxxxxxxxxxxxxx--></DIV></BODY></html>]
  testTemplateBuilderCanFind(org.jclouds.trmk.ecloud.compute.TerremarkECloudTemplateBuilderLiveTest): command: GET https://services.enterprisecloud.terremark.com/api/v0.8b-ext2.8/catalogItem/267-1155 HTTP/1.1 failed with response: HTTP/1.1 401 The operation requires authentication.; content: [<html version="-//W3C//DTD XHTML 2.0//EN" xml:lang="en" xsi:schemaLocation="http://www.w3.org/1999/xhtml http://www.w3.org/MarkUp/SCHEMA/xhtml2.xsd" xmlns="http://www.w3.org/1999/xhtml" xmlns:xsi="http://www.w3.org/2001/XMLSchema-instance"><HEAD><TITLE>Request Error</TITLE></HEAD><BODY><DIV id="content"><P class="heading1"><B>Error Status Code:</B> 'Unauthorized'</P><P><B>Details: </B>The operation requires authentication.</P><!-- Padding xxxxxxxxxxxxxxxxxxxxxxxxxxxxxxxxxxxxxxxxxxxxxxxxxxxxxxxxxxxxxxxxxxxxxxxxxxxxxxxxxxxxxxxxxxxxxxxxxxxxxxxxxxxxxxxxxxxxxxxxxxxxxxxxxxxxxxxxxxxxxxxxxxxxxxxxxxxxxxxxxxxxxxxxxxxxxxxxxxxxxxxxxxxxxxxxxxxxxxxxxxxxxxxxxxxxxxxxxxxxxxxxxxxxxxxxxxxxxxxxxxxxxxxxxxxxxxxxxxxxxxxxxxxxxxxxxxxxxxxxxxxxxxxxxxxxxxxxxxxxxxxxxxxxxxxxxxxxxxxxxxxxxxxxxxxxxxxxxxxxxxxxxxxxxxxxxxxxxxxxxxxxxxxxxxxxxxxxxxxxxxxxxxxxxxxxxxxxxxxxxxxxxxxxxxxxxxxxxxxxxxxxxxxxxxxxxxxxxxxxxxxxxxxxxxxxxxxxxxxxxxxxxxxxxxxxxxxxxxxxxxxxxxxxxxxxxxxxxxxxxxxxxxxxxxxx--></DIV></BODY></html>]
  testTemplateBuilderCanFind(org.jclouds.trmk.ecloud.compute.TerremarkECloudTemplateBuilderLiveTest): command: GET https://services.enterprisecloud.terremark.com/api/v0.8b-ext2.8/catalogItem/267-1155 HTTP/1.1 failed with response: HTTP/1.1 401 The operation requires authentication.; content: [<html version="-//W3C//DTD XHTML 2.0//EN" xml:lang="en" xsi:schemaLocation="http://www.w3.org/1999/xhtml http://www.w3.org/MarkUp/SCHEMA/xhtml2.xsd" xmlns="http://www.w3.org/1999/xhtml" xmlns:xsi="http://www.w3.org/2001/XMLSchema-instance"><HEAD><TITLE>Request Error</TITLE></HEAD><BODY><DIV id="content"><P class="heading1"><B>Error Status Code:</B> 'Unauthorized'</P><P><B>Details: </B>The operation requires authentication.</P><!-- Padding xxxxxxxxxxxxxxxxxxxxxxxxxxxxxxxxxxxxxxxxxxxxxxxxxxxxxxxxxxxxxxxxxxxxxxxxxxxxxxxxxxxxxxxxxxxxxxxxxxxxxxxxxxxxxxxxxxxxxxxxxxxxxxxxxxxxxxxxxxxxxxxxxxxxxxxxxxxxxxxxxxxxxxxxxxxxxxxxxxxxxxxxxxxxxxxxxxxxxxxxxxxxxxxxxxxxxxxxxxxxxxxxxxxxxxxxxxxxxxxxxxxxxxxxxxxxxxxxxxxxxxxxxxxxxxxxxxxxxxxxxxxxxxxxxxxxxxxxxxxxxxxxxxxxxxxxxxxxxxxxxxxxxxxxxxxxxxxxxxxxxxxxxxxxxxxxxxxxxxxxxxxxxxxxxxxxxxxxxxxxxxxxxxxxxxxxxxxxxxxxxxxxxxxxxxxxxxxxxxxxxxxxxxxxxxxxxxxxxxxxxxxxxxxxxxxxxxxxxxxxxxxxxxxxxxxxxxxxxxxxxxxxxxxxxxxxxxxxxxxxxxxxxxxxxxxx--></DIV></BODY></html>]
  testTemplateBuilderCanFind(org.jclouds.trmk.ecloud.compute.TerremarkECloudTemplateBuilderLiveTest): command: GET https://services.enterprisecloud.terremark.com/api/v0.8b-ext2.8/catalogItem/267-1155 HTTP/1.1 failed with response: HTTP/1.1 401 The operation requires authentication.; content: [<html version="-//W3C//DTD XHTML 2.0//EN" xml:lang="en" xsi:schemaLocation="http://www.w3.org/1999/xhtml http://www.w3.org/MarkUp/SCHEMA/xhtml2.xsd" xmlns="http://www.w3.org/1999/xhtml" xmlns:xsi="http://www.w3.org/2001/XMLSchema-instance"><HEAD><TITLE>Request Error</TITLE></HEAD><BODY><DIV id="content"><P class="heading1"><B>Error Status Code:</B> 'Unauthorized'</P><P><B>Details: </B>The operation requires authentication.</P><!-- Padding xxxxxxxxxxxxxxxxxxxxxxxxxxxxxxxxxxxxxxxxxxxxxxxxxxxxxxxxxxxxxxxxxxxxxxxxxxxxxxxxxxxxxxxxxxxxxxxxxxxxxxxxxxxxxxxxxxxxxxxxxxxxxxxxxxxxxxxxxxxxxxxxxxxxxxxxxxxxxxxxxxxxxxxxxxxxxxxxxxxxxxxxxxxxxxxxxxxxxxxxxxxxxxxxxxxxxxxxxxxxxxxxxxxxxxxxxxxxxxxxxxxxxxxxxxxxxxxxxxxxxxxxxxxxxxxxxxxxxxxxxxxxxxxxxxxxxxxxxxxxxxxxxxxxxxxxxxxxxxxxxxxxxxxxxxxxxxxxxxxxxxxxxxxxxxxxxxxxxxxxxxxxxxxxxxxxxxxxxxxxxxxxxxxxxxxxxxxxxxxxxxxxxxxxxxxxxxxxxxxxxxxxxxxxxxxxxxxxxxxxxxxxxxxxxxxxxxxxxxxxxxxxxxxxxxxxxxxxxxxxxxxxxxxxxxxxxxxxxxxxxxxxxxxxxxxx--></DIV></BODY></html>]
  testTemplateBuilderCanFind(org.jclouds.trmk.ecloud.compute.TerremarkECloudTemplateBuilderLiveTest): command: GET https://services.enterprisecloud.terremark.com/api/v0.8b-ext2.8/catalogItem/267-1155 HTTP/1.1 failed with response: HTTP/1.1 401 The operation requires authentication.; content: [<html version="-//W3C//DTD XHTML 2.0//EN" xml:lang="en" xsi:schemaLocation="http://www.w3.org/1999/xhtml http://www.w3.org/MarkUp/SCHEMA/xhtml2.xsd" xmlns="http://www.w3.org/1999/xhtml" xmlns:xsi="http://www.w3.org/2001/XMLSchema-instance"><HEAD><TITLE>Request Error</TITLE></HEAD><BODY><DIV id="content"><P class="heading1"><B>Error Status Code:</B> 'Unauthorized'</P><P><B>Details: </B>The operation requires authentication.</P><!-- Padding xxxxxxxxxxxxxxxxxxxxxxxxxxxxxxxxxxxxxxxxxxxxxxxxxxxxxxxxxxxxxxxxxxxxxxxxxxxxxxxxxxxxxxxxxxxxxxxxxxxxxxxxxxxxxxxxxxxxxxxxxxxxxxxxxxxxxxxxxxxxxxxxxxxxxxxxxxxxxxxxxxxxxxxxxxxxxxxxxxxxxxxxxxxxxxxxxxxxxxxxxxxxxxxxxxxxxxxxxxxxxxxxxxxxxxxxxxxxxxxxxxxxxxxxxxxxxxxxxxxxxxxxxxxxxxxxxxxxxxxxxxxxxxxxxxxxxxxxxxxxxxxxxxxxxxxxxxxxxxxxxxxxxxxxxxxxxxxxxxxxxxxxxxxxxxxxxxxxxxxxxxxxxxxxxxxxxxxxxxxxxxxxxxxxxxxxxxxxxxxxxxxxxxxxxxxxxxxxxxxxxxxxxxxxxxxxxxxxxxxxxxxxxxxxxxxxxxxxxxxxxxxxxxxxxxxxxxxxxxxxxxxxxxxxxxxxxxxxxxxxxxxxxxxxxxxx--></DIV></BODY></html>]
  testTemplateBuilderCanFind(org.jclouds.trmk.ecloud.compute.TerremarkECloudTemplateBuilderLiveTest): command: GET https://services.enterprisecloud.terremark.com/api/v0.8b-ext2.8/catalogItem/267-1155 HTTP/1.1 failed with response: HTTP/1.1 401 The operation requires authentication.; content: [<html version="-//W3C//DTD XHTML 2.0//EN" xml:lang="en" xsi:schemaLocation="http://www.w3.org/1999/xhtml http://www.w3.org/MarkUp/SCHEMA/xhtml2.xsd" xmlns="http://www.w3.org/1999/xhtml" xmlns:xsi="http://www.w3.org/2001/XMLSchema-instance"><HEAD><TITLE>Request Error</TITLE></HEAD><BODY><DIV id="content"><P class="heading1"><B>Error Status Code:</B> 'Unauthorized'</P><P><B>Details: </B>The operation requires authentication.</P><!-- Padding xxxxxxxxxxxxxxxxxxxxxxxxxxxxxxxxxxxxxxxxxxxxxxxxxxxxxxxxxxxxxxxxxxxxxxxxxxxxxxxxxxxxxxxxxxxxxxxxxxxxxxxxxxxxxxxxxxxxxxxxxxxxxxxxxxxxxxxxxxxxxxxxxxxxxxxxxxxxxxxxxxxxxxxxxxxxxxxxxxxxxxxxxxxxxxxxxxxxxxxxxxxxxxxxxxxxxxxxxxxxxxxxxxxxxxxxxxxxxxxxxxxxxxxxxxxxxxxxxxxxxxxxxxxxxxxxxxxxxxxxxxxxxxxxxxxxxxxxxxxxxxxxxxxxxxxxxxxxxxxxxxxxxxxxxxxxxxxxxxxxxxxxxxxxxxxxxxxxxxxxxxxxxxxxxxxxxxxxxxxxxxxxxxxxxxxxxxxxxxxxxxxxxxxxxxxxxxxxxxxxxxxxxxxxxxxxxxxxxxxxxxxxxxxxxxxxxxxxxxxxxxxxxxxxxxxxxxxxxxxxxxxxxxxxxxxxxxxxxxxxxxxxxxxxxxxx--></DIV></BODY></html>]
  testTemplateBuilderCanFind(org.jclouds.trmk.ecloud.compute.TerremarkECloudTemplateBuilderLiveTest): command: GET https://services.enterprisecloud.terremark.com/api/v0.8b-ext2.8/catalogItem/267-1155 HTTP/1.1 failed with response: HTTP/1.1 401 The operation requires authentication.; content: [<html version="-//W3C//DTD XHTML 2.0//EN" xml:lang="en" xsi:schemaLocation="http://www.w3.org/1999/xhtml http://www.w3.org/MarkUp/SCHEMA/xhtml2.xsd" xmlns="http://www.w3.org/1999/xhtml" xmlns:xsi="http://www.w3.org/2001/XMLSchema-instance"><HEAD><TITLE>Request Error</TITLE></HEAD><BODY><DIV id="content"><P class="heading1"><B>Error Status Code:</B> 'Unauthorized'</P><P><B>Details: </B>The operation requires authentication.</P><!-- Padding xxxxxxxxxxxxxxxxxxxxxxxxxxxxxxxxxxxxxxxxxxxxxxxxxxxxxxxxxxxxxxxxxxxxxxxxxxxxxxxxxxxxxxxxxxxxxxxxxxxxxxxxxxxxxxxxxxxxxxxxxxxxxxxxxxxxxxxxxxxxxxxxxxxxxxxxxxxxxxxxxxxxxxxxxxxxxxxxxxxxxxxxxxxxxxxxxxxxxxxxxxxxxxxxxxxxxxxxxxxxxxxxxxxxxxxxxxxxxxxxxxxxxxxxxxxxxxxxxxxxxxxxxxxxxxxxxxxxxxxxxxxxxxxxxxxxxxxxxxxxxxxxxxxxxxxxxxxxxxxxxxxxxxxxxxxxxxxxxxxxxxxxxxxxxxxxxxxxxxxxxxxxxxxxxxxxxxxxxxxxxxxxxxxxxxxxxxxxxxxxxxxxxxxxxxxxxxxxxxxxxxxxxxxxxxxxxxxxxxxxxxxxxxxxxxxxxxxxxxxxxxxxxxxxxxxxxxxxxxxxxxxxxxxxxxxxxxxxxxxxxxxxxxxxxxxx--></DIV></BODY></html>]
  testTemplateBuilderCanFind(org.jclouds.trmk.ecloud.compute.TerremarkECloudTemplateBuilderLiveTest): command: GET https://services.enterprisecloud.terremark.com/api/v0.8b-ext2.8/catalogItem/267-1155 HTTP/1.1 failed with response: HTTP/1.1 401 The operation requires authentication.; content: [<html version="-//W3C//DTD XHTML 2.0//EN" xml:lang="en" xsi:schemaLocation="http://www.w3.org/1999/xhtml http://www.w3.org/MarkUp/SCHEMA/xhtml2.xsd" xmlns="http://www.w3.org/1999/xhtml" xmlns:xsi="http://www.w3.org/2001/XMLSchema-instance"><HEAD><TITLE>Request Error</TITLE></HEAD><BODY><DIV id="content"><P class="heading1"><B>Error Status Code:</B> 'Unauthorized'</P><P><B>Details: </B>The operation requires authentication.</P><!-- Padding xxxxxxxxxxxxxxxxxxxxxxxxxxxxxxxxxxxxxxxxxxxxxxxxxxxxxxxxxxxxxxxxxxxxxxxxxxxxxxxxxxxxxxxxxxxxxxxxxxxxxxxxxxxxxxxxxxxxxxxxxxxxxxxxxxxxxxxxxxxxxxxxxxxxxxxxxxxxxxxxxxxxxxxxxxxxxxxxxxxxxxxxxxxxxxxxxxxxxxxxxxxxxxxxxxxxxxxxxxxxxxxxxxxxxxxxxxxxxxxxxxxxxxxxxxxxxxxxxxxxxxxxxxxxxxxxxxxxxxxxxxxxxxxxxxxxxxxxxxxxxxxxxxxxxxxxxxxxxxxxxxxxxxxxxxxxxxxxxxxxxxxxxxxxxxxxxxxxxxxxxxxxxxxxxxxxxxxxxxxxxxxxxxxxxxxxxxxxxxxxxxxxxxxxxxxxxxxxxxxxxxxxxxxxxxxxxxxxxxxxxxxxxxxxxxxxxxxxxxxxxxxxxxxxxxxxxxxxxxxxxxxxxxxxxxxxxxxxxxxxxxxxxxxxxxxx--></DIV></BODY></html>]
  testCreateAnotherNodeWithANewContextToEnsureSharedMemIsntRequired(org.jclouds.trmk.ecloud.compute.TerremarkECloudComputeServiceLiveTest): command: GET https://services.enterprisecloud.terremark.com/api/v0.8b-ext2.8/catalogItem/269-1155 HTTP/1.1 failed with response: HTTP/1.1 401 The operation requires authentication.; content: [<html version="-//W3C//DTD XHTML 2.0//EN" xml:lang="en" xsi:schemaLocation="http://www.w3.org/1999/xhtml http://www.w3.org/MarkUp/SCHEMA/xhtml2.xsd" xmlns="http://www.w3.org/1999/xhtml" xmlns:xsi="http://www.w3.org/2001/XMLSchema-instance"><HEAD><TITLE>Request Error</TITLE></HEAD><BODY><DIV id="content"><P class="heading1"><B>Error Status Code:</B> 'Unauthorized'</P><P><B>Details: </B>The operation requires authentication.</P><!-- Padding xxxxxxxxxxxxxxxxxxxxxxxxxxxxxxxxxxxxxxxxxxxxxxxxxxxxxxxxxxxxxxxxxxxxxxxxxxxxxxxxxxxxxxxxxxxxxxxxxxxxxxxxxxxxxxxxxxxxxxxxxxxxxxxxxxxxxxxxxxxxxxxxxxxxxxxxxxxxxxxxxxxxxxxxxxxxxxxxxxxxxxxxxxxxxxxxxxxxxxxxxxxxxxxxxxxxxxxxxxxxxxxxxxxxxxxxxxxxxxxxxxxxxxxxxxxxxxxxxxxxxxxxxxxxxxxxxxxxxxxxxxxxxxxxxxxxxxxxxxxxxxxxxxxxxxxxxxxxxxxxxxxxxxxxxxxxxxxxxxxxxxxxxxxxxxxxxxxxxxxxxxxxxxxxxxxxxxxxxxxxxxxxxxxxxxxxxxxxxxxxxxxxxxxxxxxxxxxxxxxxxxxxxxxxxxxxxxxxxxxxxxxxxxxxxxxxxxxxxxxxxxxxxxxxxxxxxxxxxxxxxxxxxxxxxxxxxxxxxxxxxxxxxxxxxxxx--></DIV></BODY></html>]
  cleanup(org.jclouds.trmk.ecloud.compute.TerremarkECloudComputeServiceLiveTest): command: GET https://services.enterprisecloud.terremark.com/api/v0.8b-ext2.8/catalogItem/269-1155 HTTP/1.1 failed with response: HTTP/1.1 401 The operation requires authentication.; content: [<html version="-//W3C//DTD XHTML 2.0//EN" xml:lang="en" xsi:schemaLocation="http://www.w3.org/1999/xhtml http://www.w3.org/MarkUp/SCHEMA/xhtml2.xsd" xmlns="http://www.w3.org/1999/xhtml" xmlns:xsi="http://www.w3.org/2001/XMLSchema-instance"><HEAD><TITLE>Request Error</TITLE></HEAD><BODY><DIV id="content"><P class="heading1"><B>Error Status Code:</B> 'Unauthorized'</P><P><B>Details: </B>The operation requires authentication.</P><!-- Padding xxxxxxxxxxxxxxxxxxxxxxxxxxxxxxxxxxxxxxxxxxxxxxxxxxxxxxxxxxxxxxxxxxxxxxxxxxxxxxxxxxxxxxxxxxxxxxxxxxxxxxxxxxxxxxxxxxxxxxxxxxxxxxxxxxxxxxxxxxxxxxxxxxxxxxxxxxxxxxxxxxxxxxxxxxxxxxxxxxxxxxxxxxxxxxxxxxxxxxxxxxxxxxxxxxxxxxxxxxxxxxxxxxxxxxxxxxxxxxxxxxxxxxxxxxxxxxxxxxxxxxxxxxxxxxxxxxxxxxxxxxxxxxxxxxxxxxxxxxxxxxxxxxxxxxxxxxxxxxxxxxxxxxxxxxxxxxxxxxxxxxxxxxxxxxxxxxxxxxxxxxxxxxxxxxxxxxxxxxxxxxxxxxxxxxxxxxxxxxxxxxxxxxxxxxxxxxxxxxxxxxxxxxxxxxxxxxxxxxxxxxxxxxxxxxxxxxxxxxxxxxxxxxxxxxxxxxxxxxxxxxxxxxxxxxxxxxxxxxxxxxxxxxxxxxxx--></DIV></BODY></html>]
  cleanup(org.jclouds.trmk.ecloud.compute.TerremarkECloudComputeServiceLiveTest): command: GET https://services.enterprisecloud.terremark.com/api/v0.8b-ext2.8/catalogItem/269-1155 HTTP/1.1 failed with response: HTTP/1.1 401 The operation requires authentication.; content: [<html version="-//W3C//DTD XHTML 2.0//EN" xml:lang="en" xsi:schemaLocation="http://www.w3.org/1999/xhtml http://www.w3.org/MarkUp/SCHEMA/xhtml2.xsd" xmlns="http://www.w3.org/1999/xhtml" xmlns:xsi="http://www.w3.org/2001/XMLSchema-instance"><HEAD><TITLE>Request Error</TITLE></HEAD><BODY><DIV id="content"><P class="heading1"><B>Error Status Code:</B> 'Unauthorized'</P><P><B>Details: </B>The operation requires authentication.</P><!-- Padding xxxxxxxxxxxxxxxxxxxxxxxxxxxxxxxxxxxxxxxxxxxxxxxxxxxxxxxxxxxxxxxxxxxxxxxxxxxxxxxxxxxxxxxxxxxxxxxxxxxxxxxxxxxxxxxxxxxxxxxxxxxxxxxxxxxxxxxxxxxxxxxxxxxxxxxxxxxxxxxxxxxxxxxxxxxxxxxxxxxxxxxxxxxxxxxxxxxxxxxxxxxxxxxxxxxxxxxxxxxxxxxxxxxxxxxxxxxxxxxxxxxxxxxxxxxxxxxxxxxxxxxxxxxxxxxxxxxxxxxxxxxxxxxxxxxxxxxxxxxxxxxxxxxxxxxxxxxxxxxxxxxxxxxxxxxxxxxxxxxxxxxxxxxxxxxxxxxxxxxxxxxxxxxxxxxxxxxxxxxxxxxxxxxxxxxxxxxxxxxxxxxxxxxxxxxxxxxxxxxxxxxxxxxxxxxxxxxxxxxxxxxxxxxxxxxxxxxxxxxxxxxxxxxxxxxxxxxxxxxxxxxxxxxxxxxxxxxxxxxxxxxxxxxxxxxx--></DIV></BODY></html>]

Tests run: 144, Failures: 92, Errors: 0, Skipped: 5

[INFO] ------------------------------------------------------------------------
[INFO] BUILD FAILURE
[INFO] ------------------------------------------------------------------------
[INFO] Total time: 55:32.761s
[INFO] Finished at: Thu Mar 15 21:44:21 PDT 2012
[INFO] Final Memory: 19M/125M
[INFO] ------------------------------------------------------------------------
[ERROR] Failed to execute goal org.apache.maven.plugins:maven-surefire-plugin:2.10:test (integration) on project trmk-ecloud: There are test failures.
[ERROR] 
[ERROR] Please refer to /Users/adriancole/git/1.4.x/jclouds/providers/trmk-ecloud/target/surefire-reports for the individual test results.
[ERROR] -> [Help 1]
[ERROR] 
[ERROR] To see the full stack trace of the errors, re-run Maven with the -e switch.
[ERROR] Re-run Maven using the -X switch to enable full debug logging.
[ERROR] 
[ERROR] For more information about the errors and possible solutions, please read the following articles:
[ERROR] [Help 1] http://cwiki.apache.org/confluence/display/MAVEN/MojoFailureException
