-------------------------------------------------------------------------------
Test set: TestSuite
-------------------------------------------------------------------------------
Tests run: 139, Failures: 4, Errors: 0, Skipped: 6, Time elapsed: 3,051.392 sec <<< FAILURE!
testGetDrive(org.jclouds.cloudsigma.CloudSigmaZurichClientLiveTest)  Time elapsed: 195.253 sec  <<< FAILURE!
java.lang.AssertionError: expected object to not be null
	at org.testng.Assert.fail(Assert.java:89)
	at org.testng.Assert.assertNotNull(Assert.java:399)
	at org.testng.Assert.assertNotNull(Assert.java:384)
	at org.jclouds.cloudsigma.CloudSigmaClientLiveTest.testGetDrive(CloudSigmaClientLiveTest.java:195)
	at sun.reflect.NativeMethodAccessorImpl.invoke0(Native Method)
	at sun.reflect.NativeMethodAccessorImpl.invoke(NativeMethodAccessorImpl.java:39)
	at sun.reflect.DelegatingMethodAccessorImpl.invoke(DelegatingMethodAccessorImpl.java:25)
	at java.lang.reflect.Method.invoke(Method.java:597)
	at org.testng.internal.MethodInvocationHelper.invokeMethod(MethodInvocationHelper.java:80)
	at org.testng.internal.Invoker.invokeMethod(Invoker.java:691)
	at org.testng.internal.Invoker.invokeTestMethod(Invoker.java:883)
	at org.testng.internal.Invoker.invokeTestMethods(Invoker.java:1208)
	at org.testng.internal.TestMethodWorker.invokeTestMethods(TestMethodWorker.java:127)
	at org.testng.internal.TestMethodWorker.run(TestMethodWorker.java:111)
	at org.testng.TestRunner.privateRun(TestRunner.java:758)
	at org.testng.TestRunner.run(TestRunner.java:613)
	at org.testng.SuiteRunner.runTest(SuiteRunner.java:334)
	at org.testng.SuiteRunner.access$000(SuiteRunner.java:37)
	at org.testng.SuiteRunner$SuiteWorker.run(SuiteRunner.java:368)
	at org.testng.internal.thread.ThreadUtil$CountDownLatchedRunnable.run(ThreadUtil.java:165)
	at java.util.concurrent.ThreadPoolExecutor$Worker.runTask(ThreadPoolExecutor.java:886)
	at java.util.concurrent.ThreadPoolExecutor$Worker.run(ThreadPoolExecutor.java:908)
	at java.lang.Thread.run(Thread.java:680)
testCreateAndDestroyStaticIP(org.jclouds.cloudsigma.CloudSigmaZurichClientLiveTest)  Time elapsed: 0.995 sec  <<< FAILURE!
java.lang.IllegalArgumentException: errors:system IP address could not be created as you do not have a current unused static IP address subscription. Please purchase an additional static IP address subscription then try again.
	at org.jclouds.cloudsigma.handlers.CloudSigmaErrorHandler.handleError(CloudSigmaErrorHandler.java:69)
	at org.jclouds.http.handlers.DelegatingErrorHandler.handleError(DelegatingErrorHandler.java:69)
	at org.jclouds.http.internal.BaseHttpCommandExecutorService$HttpResponseCallable.shouldContinue(BaseHttpCommandExecutorService.java:200)
	at org.jclouds.http.internal.BaseHttpCommandExecutorService$HttpResponseCallable.call(BaseHttpCommandExecutorService.java:165)
	at org.jclouds.http.internal.BaseHttpCommandExecutorService$HttpResponseCallable.call(BaseHttpCommandExecutorService.java:134)
	at java.util.concurrent.FutureTask$Sync.innerRun(FutureTask.java:303)
	at java.util.concurrent.FutureTask.run(FutureTask.java:138)
	at java.util.concurrent.ThreadPoolExecutor$Worker.runTask(ThreadPoolExecutor.java:886)
	at java.util.concurrent.ThreadPoolExecutor$Worker.run(ThreadPoolExecutor.java:908)
	at java.lang.Thread.run(Thread.java:680)
	at org.jclouds.concurrent.config.ExecutorServiceModule$DescribingExecutorService.submit(ExecutorServiceModule.java:182)
	at org.jclouds.http.internal.BaseHttpCommandExecutorService.submit(BaseHttpCommandExecutorService.java:131)
	at org.jclouds.http.TransformingHttpCommandExecutorServiceImpl.submit(TransformingHttpCommandExecutorServiceImpl.java:54)
	at org.jclouds.http.TransformingHttpCommandImpl.execute(TransformingHttpCommandImpl.java:73)
	at org.jclouds.rest.internal.AsyncRestClientProxy.createListenableFuture(AsyncRestClientProxy.java:156)
	at org.jclouds.rest.internal.AsyncRestClientProxy.invoke(AsyncRestClientProxy.java:126)
	at $Proxy63.createStaticIP(Unknown Source)
	at sun.reflect.NativeMethodAccessorImpl.invoke0(Native Method)
	at sun.reflect.NativeMethodAccessorImpl.invoke(NativeMethodAccessorImpl.java:39)
	at sun.reflect.DelegatingMethodAccessorImpl.invoke(DelegatingMethodAccessorImpl.java:25)
	at java.lang.reflect.Method.invoke(Method.java:597)
	at org.jclouds.concurrent.internal.SyncProxy.invoke(SyncProxy.java:137)
	at $Proxy64.createStaticIP(Unknown Source)
	at org.jclouds.cloudsigma.CloudSigmaClientLiveTest.testCreateAndDestroyStaticIP(CloudSigmaClientLiveTest.java:270)
	at sun.reflect.NativeMethodAccessorImpl.invoke0(Native Method)
	at sun.reflect.NativeMethodAccessorImpl.invoke(NativeMethodAccessorImpl.java:39)
	at sun.reflect.DelegatingMethodAccessorImpl.invoke(DelegatingMethodAccessorImpl.java:25)
	at java.lang.reflect.Method.invoke(Method.java:597)
	at org.testng.internal.MethodInvocationHelper.invokeMethod(MethodInvocationHelper.java:80)
	at org.testng.internal.Invoker.invokeMethod(Invoker.java:691)
	at org.testng.internal.Invoker.invokeTestMethod(Invoker.java:883)
	at org.testng.internal.Invoker.invokeTestMethods(Invoker.java:1208)
	at org.testng.internal.TestMethodWorker.invokeTestMethods(TestMethodWorker.java:127)
	at org.testng.internal.TestMethodWorker.run(TestMethodWorker.java:111)
	at org.testng.TestRunner.privateRun(TestRunner.java:758)
	at org.testng.TestRunner.run(TestRunner.java:613)
	at org.testng.SuiteRunner.runTest(SuiteRunner.java:334)
	at org.testng.SuiteRunner.access$000(SuiteRunner.java:37)
	at org.testng.SuiteRunner$SuiteWorker.run(SuiteRunner.java:368)
	at org.testng.internal.thread.ThreadUtil$CountDownLatchedRunnable.run(ThreadUtil.java:165)
	at java.util.concurrent.ThreadPoolExecutor$Worker.runTask(ThreadPoolExecutor.java:886)
	at java.util.concurrent.ThreadPoolExecutor$Worker.run(ThreadPoolExecutor.java:908)
	at java.lang.Thread.run(Thread.java:680)
	at org.jclouds.concurrent.config.ExecutorServiceModule$DescribingExecutorService.submit(ExecutorServiceModule.java:182)
	at org.jclouds.http.internal.BaseHttpCommandExecutorService.submit(BaseHttpCommandExecutorService.java:131)
	at org.jclouds.http.TransformingHttpCommandExecutorServiceImpl.submit(TransformingHttpCommandExecutorServiceImpl.java:54)
	at org.jclouds.http.TransformingHttpCommandImpl.execute(TransformingHttpCommandImpl.java:73)
	at org.jclouds.rest.internal.AsyncRestClientProxy.createListenableFuture(AsyncRestClientProxy.java:156)
	at org.jclouds.rest.internal.AsyncRestClientProxy.invoke(AsyncRestClientProxy.java:126)
	at $Proxy63.createStaticIP(Unknown Source)
	at sun.reflect.NativeMethodAccessorImpl.invoke0(Native Method)
	at sun.reflect.NativeMethodAccessorImpl.invoke(NativeMethodAccessorImpl.java:39)
	at sun.reflect.DelegatingMethodAccessorImpl.invoke(DelegatingMethodAccessorImpl.java:25)
	at java.lang.reflect.Method.invoke(Method.java:597)
	at org.jclouds.concurrent.internal.SyncProxy.invoke(SyncProxy.java:137)
	at $Proxy64.createStaticIP(Unknown Source)
	at org.jclouds.cloudsigma.CloudSigmaClientLiveTest.testCreateAndDestroyStaticIP(CloudSigmaClientLiveTest.java:270)
	at sun.reflect.NativeMethodAccessorImpl.invoke0(Native Method)
	at sun.reflect.NativeMethodAccessorImpl.invoke(NativeMethodAccessorImpl.java:39)
	at sun.reflect.DelegatingMethodAccessorImpl.invoke(DelegatingMethodAccessorImpl.java:25)
	at java.lang.reflect.Method.invoke(Method.java:597)
	at org.testng.internal.MethodInvocationHelper.invokeMethod(MethodInvocationHelper.java:80)
	at org.testng.internal.Invoker.invokeMethod(Invoker.java:691)
	at org.testng.internal.Invoker.invokeTestMethod(Invoker.java:883)
	at org.testng.internal.Invoker.invokeTestMethods(Invoker.java:1208)
	at org.testng.internal.TestMethodWorker.invokeTestMethods(TestMethodWorker.java:127)
	at org.testng.internal.TestMethodWorker.run(TestMethodWorker.java:111)
	at org.testng.TestRunner.privateRun(TestRunner.java:758)
	at org.testng.TestRunner.run(TestRunner.java:613)
	at org.testng.SuiteRunner.runTest(SuiteRunner.java:334)
	at org.testng.SuiteRunner.access$000(SuiteRunner.java:37)
	at org.testng.SuiteRunner$SuiteWorker.run(SuiteRunner.java:368)
	at org.testng.internal.thread.ThreadUtil$CountDownLatchedRunnable.run(ThreadUtil.java:165)
	at java.util.concurrent.ThreadPoolExecutor$Worker.runTask(ThreadPoolExecutor.java:886)
	at java.util.concurrent.ThreadPoolExecutor$Worker.run(ThreadPoolExecutor.java:908)
	at java.lang.Thread.run(Thread.java:680)
Caused by: org.jclouds.http.HttpResponseException: command: POST https://api.zrh.cloudsigma.com/resources/ip/create HTTP/1.1 failed with response: HTTP/1.1 400 Bad Request; content: [errors:system IP address could not be created as you do not have a current unused static IP address subscription. Please purchase an additional static IP address subscription then try again.]
	at org.jclouds.cloudsigma.handlers.CloudSigmaErrorHandler.handleError(CloudSigmaErrorHandler.java:56)
	at org.jclouds.http.handlers.DelegatingErrorHandler.handleError(DelegatingErrorHandler.java:69)
	at org.jclouds.http.internal.BaseHttpCommandExecutorService$HttpResponseCallable.shouldContinue(BaseHttpCommandExecutorService.java:200)
	at org.jclouds.http.internal.BaseHttpCommandExecutorService$HttpResponseCallable.call(BaseHttpCommandExecutorService.java:165)
	at org.jclouds.http.internal.BaseHttpCommandExecutorService$HttpResponseCallable.call(BaseHttpCommandExecutorService.java:134)
	at java.util.concurrent.FutureTask$Sync.innerRun(FutureTask.java:303)
	at java.util.concurrent.FutureTask.run(FutureTask.java:138)
	... 3 more
Caused by: org.jclouds.http.HttpResponseException: command: POST https://api.zrh.cloudsigma.com/resources/ip/create HTTP/1.1 failed with response: HTTP/1.1 400 Bad Request; content: [errors:system IP address could not be created as you do not have a current unused static IP address subscription. Please purchase an additional static IP address subscription then try again.]
	at org.jclouds.cloudsigma.handlers.CloudSigmaErrorHandler.handleError(CloudSigmaErrorHandler.java:56)
	at org.jclouds.http.handlers.DelegatingErrorHandler.handleError(DelegatingErrorHandler.java:69)
	at org.jclouds.http.internal.BaseHttpCommandExecutorService$HttpResponseCallable.shouldContinue(BaseHttpCommandExecutorService.java:200)
	at org.jclouds.http.internal.BaseHttpCommandExecutorService$HttpResponseCallable.call(BaseHttpCommandExecutorService.java:165)
	at org.jclouds.http.internal.BaseHttpCommandExecutorService$HttpResponseCallable.call(BaseHttpCommandExecutorService.java:134)
	at java.util.concurrent.FutureTask$Sync.innerRun(FutureTask.java:303)
	at java.util.concurrent.FutureTask.run(FutureTask.java:138)
	... 3 more
testCreateAndRunAService(org.jclouds.cloudsigma.compute.CloudSigmaZurichComputeServiceLiveTest)  Time elapsed: 38.575 sec  <<< FAILURE!
org.jclouds.compute.RunNodesException: error running 1 node group(cloudsigma-zrhs) location(cloudsigma-zrh) image(331f8cff-99c9-4fa9-9069-8f699795ef7e) size(cpu=1000.000000,ram=512,disk=10.000000) options(CloudSigmaTemplateOptions{diskDriveAffinity=hdd})
Execution failures:
1) ExecutionException on cloudsigma-zrhs-f5:
java.util.concurrent.ExecutionException: java.lang.reflect.UndeclaredThrowableException
	at com.google.common.util.concurrent.AbstractFuture$Sync.getValue(AbstractFuture.java:289)
	at com.google.common.util.concurrent.AbstractFuture$Sync.get(AbstractFuture.java:276)
	at com.google.common.util.concurrent.AbstractFuture.get(AbstractFuture.java:111)
	at com.google.common.util.concurrent.Futures$ChainingListenableFuture.get(Futures.java:635)
	at org.jclouds.concurrent.FutureIterables$1.run(FutureIterables.java:126)
	at java.util.concurrent.ThreadPoolExecutor$Worker.runTask(ThreadPoolExecutor.java:886)
	at java.util.concurrent.ThreadPoolExecutor$Worker.run(ThreadPoolExecutor.java:908)
	at java.lang.Thread.run(Thread.java:680)
Caused by: java.lang.reflect.UndeclaredThrowableException
	at $Proxy64.startServer(Unknown Source)
	at org.jclouds.cloudsigma.compute.CloudSigmaComputeServiceAdapter.createNodeWithGroupEncodedIntoName(CloudSigmaComputeServiceAdapter.java:137)
	at org.jclouds.compute.strategy.impl.AdaptingComputeServiceStrategies.createNodeWithGroupEncodedIntoName(AdaptingComputeServiceStrategies.java:165)
	at org.jclouds.compute.strategy.impl.CreateNodesWithGroupEncodedIntoNameThenAddToSet$AddNode.call(CreateNodesWithGroupEncodedIntoNameThenAddToSet.java:80)
	at org.jclouds.compute.strategy.impl.CreateNodesWithGroupEncodedIntoNameThenAddToSet$AddNode.call(CreateNodesWithGroupEncodedIntoNameThenAddToSet.java:63)
	at java.util.concurrent.FutureTask$Sync.innerRun(FutureTask.java:303)
	at java.util.concurrent.FutureTask.run(FutureTask.java:138)
	at java.util.concurrent.ThreadPoolExecutor$Worker.runTask(ThreadPoolExecutor.java:886)
	at java.util.concurrent.ThreadPoolExecutor$Worker.run(ThreadPoolExecutor.java:908)
	at java.lang.Thread.run(Thread.java:680)
	at org.jclouds.concurrent.config.ExecutorServiceModule$DescribingExecutorService.submit(ExecutorServiceModule.java:182)
	at org.jclouds.compute.strategy.impl.CreateNodesWithGroupEncodedIntoNameThenAddToSet.execute(CreateNodesWithGroupEncodedIntoNameThenAddToSet.java:123)
	at org.jclouds.compute.internal.BaseComputeService.createNodesInGroup(BaseComputeService.java:199)
	at org.jclouds.compute.internal.BaseComputeService.createNodesInGroup(BaseComputeService.java:215)
	at org.jclouds.compute.BaseComputeServiceLiveTest.testCreateAndRunAService(BaseComputeServiceLiveTest.java:649)
	at sun.reflect.NativeMethodAccessorImpl.invoke0(Native Method)
	at sun.reflect.NativeMethodAccessorImpl.invoke(NativeMethodAccessorImpl.java:39)
	at sun.reflect.DelegatingMethodAccessorImpl.invoke(DelegatingMethodAccessorImpl.java:25)
	at java.lang.reflect.Method.invoke(Method.java:597)
	at org.testng.internal.MethodInvocationHelper.invokeMethod(MethodInvocationHelper.java:80)
	at org.testng.internal.Invoker.invokeMethod(Invoker.java:691)
	at org.testng.internal.Invoker.invokeTestMethod(Invoker.java:883)
	at org.testng.internal.Invoker.invokeTestMethods(Invoker.java:1208)
	at org.testng.internal.TestMethodWorker.invokeTestMethods(TestMethodWorker.java:127)
	at org.testng.internal.TestMethodWorker.run(TestMethodWorker.java:111)
	at org.testng.TestRunner.privateRun(TestRunner.java:758)
	at org.testng.TestRunner.run(TestRunner.java:613)
	at org.testng.SuiteRunner.runTest(SuiteRunner.java:334)
	at org.testng.SuiteRunner.access$000(SuiteRunner.java:37)
	at org.testng.SuiteRunner$SuiteWorker.run(SuiteRunner.java:368)
	at org.testng.internal.thread.ThreadUtil$CountDownLatchedRunnable.run(ThreadUtil.java:165)
	at java.util.concurrent.ThreadPoolExecutor$Worker.runTask(ThreadPoolExecutor.java:886)
	at java.util.concurrent.ThreadPoolExecutor$Worker.run(ThreadPoolExecutor.java:908)
	at java.lang.Thread.run(Thread.java:680)
	at org.jclouds.concurrent.config.ExecutorServiceModule$DescribingExecutorService.submit(ExecutorServiceModule.java:182)
	at org.jclouds.compute.strategy.impl.CreateNodesWithGroupEncodedIntoNameThenAddToSet.execute(CreateNodesWithGroupEncodedIntoNameThenAddToSet.java:123)
	at org.jclouds.compute.internal.BaseComputeService.createNodesInGroup(BaseComputeService.java:199)
	at org.jclouds.compute.internal.BaseComputeService.createNodesInGroup(BaseComputeService.java:215)
	at org.jclouds.compute.BaseComputeServiceLiveTest.testCreateAndRunAService(BaseComputeServiceLiveTest.java:649)
	at sun.reflect.NativeMethodAccessorImpl.invoke0(Native Method)
	at sun.reflect.NativeMethodAccessorImpl.invoke(NativeMethodAccessorImpl.java:39)
	at sun.reflect.DelegatingMethodAccessorImpl.invoke(DelegatingMethodAccessorImpl.java:25)
	at java.lang.reflect.Method.invoke(Method.java:597)
	at org.testng.internal.MethodInvocationHelper.invokeMethod(MethodInvocationHelper.java:80)
	at org.testng.internal.Invoker.invokeMethod(Invoker.java:691)
	at org.testng.internal.Invoker.invokeTestMethod(Invoker.java:883)
	at org.testng.internal.Invoker.invokeTestMethods(Invoker.java:1208)
	at org.testng.internal.TestMethodWorker.invokeTestMethods(TestMethodWorker.java:127)
	at org.testng.internal.TestMethodWorker.run(TestMethodWorker.java:111)
	at org.testng.TestRunner.privateRun(TestRunner.java:758)
	at org.testng.TestRunner.run(TestRunner.java:613)
	at org.testng.SuiteRunner.runTest(SuiteRunner.java:334)
	at org.testng.SuiteRunner.access$000(SuiteRunner.java:37)
	at org.testng.SuiteRunner$SuiteWorker.run(SuiteRunner.java:368)
	at org.testng.internal.thread.ThreadUtil$CountDownLatchedRunnable.run(ThreadUtil.java:165)
	... 3 more
Caused by: java.util.concurrent.TimeoutException
	at java.util.concurrent.FutureTask$Sync.innerGet(FutureTask.java:228)
	at java.util.concurrent.FutureTask.get(FutureTask.java:91)
	at org.jclouds.concurrent.config.ExecutorServiceModule$DescribedFuture.get(ExecutorServiceModule.java:248)
	at com.google.common.util.concurrent.ForwardingFuture.get(ForwardingFuture.java:69)
	at com.google.common.util.concurrent.Futures$ChainingListenableFuture.get(Futures.java:661)
	at org.jclouds.concurrent.ExceptionParsingListenableFuture.get(ExceptionParsingListenableFuture.java:74)
	at org.jclouds.concurrent.internal.SyncProxy.invoke(SyncProxy.java:137)
	at $Proxy64.startServer(Unknown Source)
	at org.jclouds.cloudsigma.compute.CloudSigmaComputeServiceAdapter.createNodeWithGroupEncodedIntoName(CloudSigmaComputeServiceAdapter.java:137)
	at org.jclouds.compute.strategy.impl.AdaptingComputeServiceStrategies.createNodeWithGroupEncodedIntoName(AdaptingComputeServiceStrategies.java:165)
	at org.jclouds.compute.strategy.impl.CreateNodesWithGroupEncodedIntoNameThenAddToSet$AddNode.call(CreateNodesWithGroupEncodedIntoNameThenAddToSet.java:80)
	at org.jclouds.compute.strategy.impl.CreateNodesWithGroupEncodedIntoNameThenAddToSet$AddNode.call(CreateNodesWithGroupEncodedIntoNameThenAddToSet.java:63)
	at java.util.concurrent.FutureTask$Sync.innerRun(FutureTask.java:303)
	at java.util.concurrent.FutureTask.run(FutureTask.java:138)
	... 3 more
Caused by: java.util.concurrent.ExecutionException: task submitted from the following trace
	at org.jclouds.concurrent.config.ExecutorServiceModule$DescribedFuture.ensureCauseHasSubmissionTrace(ExecutorServiceModule.java:270)
	at org.jclouds.concurrent.config.ExecutorServiceModule$DescribedFuture.get(ExecutorServiceModule.java:254)
	... 14 more
1 error[s]
Node failures:
0 error[s]
	at org.jclouds.compute.internal.BaseComputeService.createNodesInGroup(BaseComputeService.java:207)
	at org.jclouds.compute.internal.BaseComputeService.createNodesInGroup(BaseComputeService.java:215)
	at org.jclouds.compute.BaseComputeServiceLiveTest.testCreateAndRunAService(BaseComputeServiceLiveTest.java:649)
	at sun.reflect.NativeMethodAccessorImpl.invoke0(Native Method)
	at sun.reflect.NativeMethodAccessorImpl.invoke(NativeMethodAccessorImpl.java:39)
	at sun.reflect.DelegatingMethodAccessorImpl.invoke(DelegatingMethodAccessorImpl.java:25)
	at java.lang.reflect.Method.invoke(Method.java:597)
	at org.testng.internal.MethodInvocationHelper.invokeMethod(MethodInvocationHelper.java:80)
	at org.testng.internal.Invoker.invokeMethod(Invoker.java:691)
	at org.testng.internal.Invoker.invokeTestMethod(Invoker.java:883)
	at org.testng.internal.Invoker.invokeTestMethods(Invoker.java:1208)
	at org.testng.internal.TestMethodWorker.invokeTestMethods(TestMethodWorker.java:127)
	at org.testng.internal.TestMethodWorker.run(TestMethodWorker.java:111)
	at org.testng.TestRunner.privateRun(TestRunner.java:758)
	at org.testng.TestRunner.run(TestRunner.java:613)
	at org.testng.SuiteRunner.runTest(SuiteRunner.java:334)
	at org.testng.SuiteRunner.access$000(SuiteRunner.java:37)
	at org.testng.SuiteRunner$SuiteWorker.run(SuiteRunner.java:368)
	at org.testng.internal.thread.ThreadUtil$CountDownLatchedRunnable.run(ThreadUtil.java:165)
	at java.util.concurrent.ThreadPoolExecutor$Worker.runTask(ThreadPoolExecutor.java:886)
	at java.util.concurrent.ThreadPoolExecutor$Worker.run(ThreadPoolExecutor.java:908)
	at java.lang.Thread.run(Thread.java:680)
Caused by: java.lang.reflect.UndeclaredThrowableException
	at $Proxy64.startServer(Unknown Source)
	at org.jclouds.cloudsigma.compute.CloudSigmaComputeServiceAdapter.createNodeWithGroupEncodedIntoName(CloudSigmaComputeServiceAdapter.java:137)
	at org.jclouds.compute.strategy.impl.AdaptingComputeServiceStrategies.createNodeWithGroupEncodedIntoName(AdaptingComputeServiceStrategies.java:165)
	at org.jclouds.compute.strategy.impl.CreateNodesWithGroupEncodedIntoNameThenAddToSet$AddNode.call(CreateNodesWithGroupEncodedIntoNameThenAddToSet.java:80)
	at org.jclouds.compute.strategy.impl.CreateNodesWithGroupEncodedIntoNameThenAddToSet$AddNode.call(CreateNodesWithGroupEncodedIntoNameThenAddToSet.java:63)
	at java.util.concurrent.FutureTask$Sync.innerRun(FutureTask.java:303)
	at java.util.concurrent.FutureTask.run(FutureTask.java:138)
	at java.util.concurrent.ThreadPoolExecutor$Worker.runTask(ThreadPoolExecutor.java:886)
	at java.util.concurrent.ThreadPoolExecutor$Worker.run(ThreadPoolExecutor.java:908)
	at java.lang.Thread.run(Thread.java:680)
	at org.jclouds.concurrent.config.ExecutorServiceModule$DescribingExecutorService.submit(ExecutorServiceModule.java:182)
	at org.jclouds.compute.strategy.impl.CreateNodesWithGroupEncodedIntoNameThenAddToSet.execute(CreateNodesWithGroupEncodedIntoNameThenAddToSet.java:123)
	at org.jclouds.compute.internal.BaseComputeService.createNodesInGroup(BaseComputeService.java:199)
	at org.jclouds.compute.internal.BaseComputeService.createNodesInGroup(BaseComputeService.java:215)
	at org.jclouds.compute.BaseComputeServiceLiveTest.testCreateAndRunAService(BaseComputeServiceLiveTest.java:649)
	at sun.reflect.NativeMethodAccessorImpl.invoke0(Native Method)
	at sun.reflect.NativeMethodAccessorImpl.invoke(NativeMethodAccessorImpl.java:39)
	at sun.reflect.DelegatingMethodAccessorImpl.invoke(DelegatingMethodAccessorImpl.java:25)
	at java.lang.reflect.Method.invoke(Method.java:597)
	at org.testng.internal.MethodInvocationHelper.invokeMethod(MethodInvocationHelper.java:80)
	at org.testng.internal.Invoker.invokeMethod(Invoker.java:691)
	at org.testng.internal.Invoker.invokeTestMethod(Invoker.java:883)
	at org.testng.internal.Invoker.invokeTestMethods(Invoker.java:1208)
	at org.testng.internal.TestMethodWorker.invokeTestMethods(TestMethodWorker.java:127)
	at org.testng.internal.TestMethodWorker.run(TestMethodWorker.java:111)
	at org.testng.TestRunner.privateRun(TestRunner.java:758)
	at org.testng.TestRunner.run(TestRunner.java:613)
	at org.testng.SuiteRunner.runTest(SuiteRunner.java:334)
	at org.testng.SuiteRunner.access$000(SuiteRunner.java:37)
	at org.testng.SuiteRunner$SuiteWorker.run(SuiteRunner.java:368)
	at org.testng.internal.thread.ThreadUtil$CountDownLatchedRunnable.run(ThreadUtil.java:165)
	at java.util.concurrent.ThreadPoolExecutor$Worker.runTask(ThreadPoolExecutor.java:886)
	at java.util.concurrent.ThreadPoolExecutor$Worker.run(ThreadPoolExecutor.java:908)
	at java.lang.Thread.run(Thread.java:680)
	at org.jclouds.concurrent.config.ExecutorServiceModule$DescribingExecutorService.submit(ExecutorServiceModule.java:182)
	at org.jclouds.compute.strategy.impl.CreateNodesWithGroupEncodedIntoNameThenAddToSet.execute(CreateNodesWithGroupEncodedIntoNameThenAddToSet.java:123)
	at org.jclouds.compute.internal.BaseComputeService.createNodesInGroup(BaseComputeService.java:199)
	at org.jclouds.compute.internal.BaseComputeService.createNodesInGroup(BaseComputeService.java:215)
	at org.jclouds.compute.BaseComputeServiceLiveTest.testCreateAndRunAService(BaseComputeServiceLiveTest.java:649)
	at sun.reflect.NativeMethodAccessorImpl.invoke0(Native Method)
	at sun.reflect.NativeMethodAccessorImpl.invoke(NativeMethodAccessorImpl.java:39)
	at sun.reflect.DelegatingMethodAccessorImpl.invoke(DelegatingMethodAccessorImpl.java:25)
	at java.lang.reflect.Method.invoke(Method.java:597)
	at org.testng.internal.MethodInvocationHelper.invokeMethod(MethodInvocationHelper.java:80)
	at org.testng.internal.Invoker.invokeMethod(Invoker.java:691)
	at org.testng.internal.Invoker.invokeTestMethod(Invoker.java:883)
	at org.testng.internal.Invoker.invokeTestMethods(Invoker.java:1208)
	at org.testng.internal.TestMethodWorker.invokeTestMethods(TestMethodWorker.java:127)
	at org.testng.internal.TestMethodWorker.run(TestMethodWorker.java:111)
	at org.testng.TestRunner.privateRun(TestRunner.java:758)
	at org.testng.TestRunner.run(TestRunner.java:613)
	at org.testng.SuiteRunner.runTest(SuiteRunner.java:334)
	at org.testng.SuiteRunner.access$000(SuiteRunner.java:37)
	at org.testng.SuiteRunner$SuiteWorker.run(SuiteRunner.java:368)
	at org.testng.internal.thread.ThreadUtil$CountDownLatchedRunnable.run(ThreadUtil.java:165)
	... 3 more
Caused by: java.util.concurrent.TimeoutException
	at java.util.concurrent.FutureTask$Sync.innerGet(FutureTask.java:228)
	at java.util.concurrent.FutureTask.get(FutureTask.java:91)
	at org.jclouds.concurrent.config.ExecutorServiceModule$DescribedFuture.get(ExecutorServiceModule.java:248)
	at com.google.common.util.concurrent.ForwardingFuture.get(ForwardingFuture.java:69)
	at com.google.common.util.concurrent.Futures$ChainingListenableFuture.get(Futures.java:661)
	at org.jclouds.concurrent.ExceptionParsingListenableFuture.get(ExceptionParsingListenableFuture.java:74)
	at org.jclouds.concurrent.internal.SyncProxy.invoke(SyncProxy.java:137)
	at $Proxy64.startServer(Unknown Source)
	at org.jclouds.cloudsigma.compute.CloudSigmaComputeServiceAdapter.createNodeWithGroupEncodedIntoName(CloudSigmaComputeServiceAdapter.java:137)
	at org.jclouds.compute.strategy.impl.AdaptingComputeServiceStrategies.createNodeWithGroupEncodedIntoName(AdaptingComputeServiceStrategies.java:165)
	at org.jclouds.compute.strategy.impl.CreateNodesWithGroupEncodedIntoNameThenAddToSet$AddNode.call(CreateNodesWithGroupEncodedIntoNameThenAddToSet.java:80)
	at org.jclouds.compute.strategy.impl.CreateNodesWithGroupEncodedIntoNameThenAddToSet$AddNode.call(CreateNodesWithGroupEncodedIntoNameThenAddToSet.java:63)
	at java.util.concurrent.FutureTask$Sync.innerRun(FutureTask.java:303)
	at java.util.concurrent.FutureTask.run(FutureTask.java:138)
	... 3 more
Caused by: java.util.concurrent.ExecutionException: task submitted from the following trace
	at org.jclouds.concurrent.config.ExecutorServiceModule$DescribedFuture.ensureCauseHasSubmissionTrace(ExecutorServiceModule.java:270)
	at org.jclouds.concurrent.config.ExecutorServiceModule$DescribedFuture.get(ExecutorServiceModule.java:254)
	... 14 more
1 error[s]
Node failures:
0 error[s]
	at org.jclouds.compute.internal.BaseComputeService.createNodesInGroup(BaseComputeService.java:207)
	at org.jclouds.compute.internal.BaseComputeService.createNodesInGroup(BaseComputeService.java:215)
	at org.jclouds.compute.BaseComputeServiceLiveTest.testCreateAndRunAService(BaseComputeServiceLiveTest.java:649)
	at sun.reflect.NativeMethodAccessorImpl.invoke0(Native Method)
	at sun.reflect.NativeMethodAccessorImpl.invoke(NativeMethodAccessorImpl.java:39)
	at sun.reflect.DelegatingMethodAccessorImpl.invoke(DelegatingMethodAccessorImpl.java:25)
	at java.lang.reflect.Method.invoke(Method.java:597)
	at org.testng.internal.MethodInvocationHelper.invokeMethod(MethodInvocationHelper.java:80)
	at org.testng.internal.Invoker.invokeMethod(Invoker.java:691)
	at org.testng.internal.Invoker.invokeTestMethod(Invoker.java:883)
	at org.testng.internal.Invoker.invokeTestMethods(Invoker.java:1208)
	at org.testng.internal.TestMethodWorker.invokeTestMethods(TestMethodWorker.java:127)
	at org.testng.internal.TestMethodWorker.run(TestMethodWorker.java:111)
	at org.testng.TestRunner.privateRun(TestRunner.java:758)
	at org.testng.TestRunner.run(TestRunner.java:613)
	at org.testng.SuiteRunner.runTest(SuiteRunner.java:334)
	at org.testng.SuiteRunner.access$000(SuiteRunner.java:37)
	at org.testng.SuiteRunner$SuiteWorker.run(SuiteRunner.java:368)
	at org.testng.internal.thread.ThreadUtil$CountDownLatchedRunnable.run(ThreadUtil.java:165)
	at java.util.concurrent.ThreadPoolExecutor$Worker.runTask(ThreadPoolExecutor.java:886)
	at java.util.concurrent.ThreadPoolExecutor$Worker.run(ThreadPoolExecutor.java:908)
	at java.lang.Thread.run(Thread.java:680)
testCredentialsCache(org.jclouds.cloudsigma.compute.CloudSigmaZurichComputeServiceLiveTest)  Time elapsed: 0.073 sec  <<< FAILURE!
java.lang.AssertionError: credentials for 5f13d065-6482-4cb6-b5c8-df56c70eb4f6
	at org.jclouds.compute.BaseComputeServiceLiveTest.testCredentialsCache(BaseComputeServiceLiveTest.java:435)
	at sun.reflect.NativeMethodAccessorImpl.invoke0(Native Method)
	at sun.reflect.NativeMethodAccessorImpl.invoke(NativeMethodAccessorImpl.java:39)
	at sun.reflect.DelegatingMethodAccessorImpl.invoke(DelegatingMethodAccessorImpl.java:25)
	at java.lang.reflect.Method.invoke(Method.java:597)
	at org.testng.internal.MethodInvocationHelper.invokeMethod(MethodInvocationHelper.java:80)
	at org.testng.internal.Invoker.invokeMethod(Invoker.java:691)
	at org.testng.internal.Invoker.invokeTestMethod(Invoker.java:883)
	at org.testng.internal.Invoker.invokeTestMethods(Invoker.java:1208)
	at org.testng.internal.TestMethodWorker.invokeTestMethods(TestMethodWorker.java:127)
	at org.testng.internal.TestMethodWorker.run(TestMethodWorker.java:111)
	at org.testng.TestRunner.privateRun(TestRunner.java:758)
	at org.testng.TestRunner.run(TestRunner.java:613)
	at org.testng.SuiteRunner.runTest(SuiteRunner.java:334)
	at org.testng.SuiteRunner.access$000(SuiteRunner.java:37)
	at org.testng.SuiteRunner$SuiteWorker.run(SuiteRunner.java:368)
	at org.testng.internal.thread.ThreadUtil$CountDownLatchedRunnable.run(ThreadUtil.java:165)
	at java.util.concurrent.ThreadPoolExecutor$Worker.runTask(ThreadPoolExecutor.java:886)
	at java.util.concurrent.ThreadPoolExecutor$Worker.run(ThreadPoolExecutor.java:908)
	at java.lang.Thread.run(Thread.java:680)
