-------------------------------------------------------------------------------
Test set: TestSuite
-------------------------------------------------------------------------------
Tests run: 128, Failures: 1, Errors: 0, Skipped: 0, Time elapsed: 986.911 sec <<< FAILURE!
testCreateAndRunAService(org.jclouds.skalicloud.compute.SkaliCloudMalaysiaComputeServiceLiveTest)  Time elapsed: 3.278 sec  <<< FAILURE!
java.lang.NullPointerException: no credentials found for node 7d046353-f2fb-4510-b58b-66374ef76e52
	at com.google.common.base.Preconditions.checkNotNull(Preconditions.java:231)
	at org.jclouds.compute.functions.CreateSshClientOncePortIsListeningOnNode.apply(CreateSshClientOncePortIsListeningOnNode.java:54)
	at org.jclouds.compute.functions.CreateSshClientOncePortIsListeningOnNode.apply(CreateSshClientOncePortIsListeningOnNode.java:40)
	at org.jclouds.compute.callables.RunScriptOnNodeUsingSsh.init(RunScriptOnNodeUsingSsh.java:91)
	at org.jclouds.compute.internal.BaseComputeService.runScriptOnNode(BaseComputeService.java:557)
	at org.jclouds.compute.internal.BaseComputeService.runScriptOnNode(BaseComputeService.java:533)
	at org.jclouds.compute.BaseComputeServiceLiveTest.exec(BaseComputeServiceLiveTest.java:756)
	at org.jclouds.compute.BaseComputeServiceLiveTest.testCreateAndRunAService(BaseComputeServiceLiveTest.java:687)
	at sun.reflect.NativeMethodAccessorImpl.invoke0(Native Method)
	at sun.reflect.NativeMethodAccessorImpl.invoke(NativeMethodAccessorImpl.java:39)
	at sun.reflect.DelegatingMethodAccessorImpl.invoke(DelegatingMethodAccessorImpl.java:25)
	at java.lang.reflect.Method.invoke(Method.java:597)
	at org.testng.internal.MethodInvocationHelper.invokeMethod(MethodInvocationHelper.java:80)
	at org.testng.internal.Invoker.invokeMethod(Invoker.java:691)
	at org.testng.internal.Invoker.invokeTestMethod(Invoker.java:883)
	at org.testng.internal.Invoker.invokeTestMethods(Invoker.java:1208)
	at org.testng.internal.TestMethodWorker.invokeTestMethods(TestMethodWorker.java:127)
	at org.testng.internal.TestMethodWorker.run(TestMethodWorker.java:111)
	at org.testng.TestRunner.privateRun(TestRunner.java:758)
	at org.testng.TestRunner.run(TestRunner.java:613)
	at org.testng.SuiteRunner.runTest(SuiteRunner.java:334)
	at org.testng.SuiteRunner.access$000(SuiteRunner.java:37)
	at org.testng.SuiteRunner$SuiteWorker.run(SuiteRunner.java:368)
	at org.testng.internal.thread.ThreadUtil$CountDownLatchedRunnable.run(ThreadUtil.java:165)
	at java.util.concurrent.ThreadPoolExecutor$Worker.runTask(ThreadPoolExecutor.java:886)
	at java.util.concurrent.ThreadPoolExecutor$Worker.run(ThreadPoolExecutor.java:908)
	at java.lang.Thread.run(Thread.java:680)
