[INFO] Scanning for projects...
[WARNING] 
[WARNING] Some problems were encountered while building the effective model for org.jclouds.provider:skalicloud-sdg-my:bundle:1.3.0-SNAPSHOT
[WARNING] 'parent.relativePath' of POM org.jclouds:jclouds-project:1.3.0-SNAPSHOT (/Users/adriancole/workspace/git/jclouds/project/pom.xml) points at org.jclouds:jclouds-multi instead of org.sonatype.oss:oss-parent, please verify your project structure @ org.jclouds:jclouds-project:1.3.0-SNAPSHOT, /Users/adriancole/workspace/git/jclouds/project/pom.xml, line 24, column 13
[WARNING] 
[WARNING] It is highly recommended to fix these problems because they threaten the stability of your build.
[WARNING] 
[WARNING] For this reason, future Maven versions might no longer support building such malformed projects.
[WARNING] 
[INFO]                                                                         
[INFO] ------------------------------------------------------------------------
[INFO] Building jclouds SkaliCloud Malaysia provider 1.3.0-SNAPSHOT
[INFO] ------------------------------------------------------------------------
[INFO] 
[INFO] --- maven-clean-plugin:2.4.1:clean (default-clean) @ skalicloud-sdg-my ---
[INFO] Deleting /Users/adriancole/workspace/git/jclouds/providers/skalicloud-sdg-my/target
[INFO] 
[INFO] --- maven-enforcer-plugin:1.0.1:enforce (enforce-maven) @ skalicloud-sdg-my ---
[INFO] 
[INFO] --- maven-enforcer-plugin:1.0.1:enforce (enforce-banned-dependencies) @ skalicloud-sdg-my ---
[INFO] 
[INFO] --- maven-enforcer-plugin:1.0.1:enforce (enforce-java) @ skalicloud-sdg-my ---
[INFO] 
[INFO] --- maven-remote-resources-plugin:1.2:process (process-remote-resources) @ skalicloud-sdg-my ---
[INFO] Setting property: classpath.resource.loader.class => 'org.codehaus.plexus.velocity.ContextClassLoaderResourceLoader'.
[INFO] Setting property: velocimacro.messages.on => 'false'.
[INFO] Setting property: resource.loader => 'classpath'.
[INFO] Setting property: resource.manager.logwhenfound => 'false'.
[INFO] 
[INFO] --- maven-resources-plugin:2.4.2:resources (default-resources) @ skalicloud-sdg-my ---
[INFO] Using 'UTF-8' encoding to copy filtered resources.
[INFO] skip non existing resourceDirectory /Users/adriancole/workspace/git/jclouds/providers/skalicloud-sdg-my/src/main/clojure
[INFO] Copying 2 resources
[INFO] Copying 2 resources
[INFO] 
[INFO] --- maven-compiler-plugin:2.3:compile (default-compile) @ skalicloud-sdg-my ---
[INFO] Compiling 4 source files to /Users/adriancole/workspace/git/jclouds/providers/skalicloud-sdg-my/target/classes
[INFO] 
[INFO] --- maven-resources-plugin:2.4.2:testResources (default-testResources) @ skalicloud-sdg-my ---
[INFO] Using 'UTF-8' encoding to copy filtered resources.
[INFO] skip non existing resourceDirectory /Users/adriancole/workspace/git/jclouds/providers/skalicloud-sdg-my/src/test/clojure
[INFO] skip non existing resourceDirectory /Users/adriancole/workspace/git/jclouds/providers/skalicloud-sdg-my/src/test/resources
[INFO] Copying 2 resources
[INFO] 
[INFO] --- maven-compiler-plugin:2.3:testCompile (default-testCompile) @ skalicloud-sdg-my ---
[INFO] Compiling 4 source files to /Users/adriancole/workspace/git/jclouds/providers/skalicloud-sdg-my/target/test-classes
[INFO] 
[INFO] --- maven-surefire-plugin:2.10:test (default-test) @ skalicloud-sdg-my ---
[INFO] Surefire report directory: /Users/adriancole/workspace/git/jclouds/providers/skalicloud-sdg-my/target/surefire-reports
[INFO] Using configured provider org.apache.maven.surefire.testng.TestNGProvider

-------------------------------------------------------
 T E S T S
-------------------------------------------------------
Running org.jclouds.skalicloud.SkaliCloudMalaysiaProviderTest
Starting test testInRestProperties(org.jclouds.skalicloud.SkaliCloudMalaysiaProviderTest)
Starting test testWithId(org.jclouds.skalicloud.SkaliCloudMalaysiaProviderTest)
Starting test testAllContains(org.jclouds.skalicloud.SkaliCloudMalaysiaProviderTest)
Starting test testOfTypeContains(org.jclouds.skalicloud.SkaliCloudMalaysiaProviderTest)
[pool-2-thread-4] Test testWithId(org.jclouds.skalicloud.SkaliCloudMalaysiaProviderTest) succeeded: 70ms
Test suite progress: tests succeeded: 1, failed: 0, skipped: 0.
[pool-2-thread-1] Test testAllContains(org.jclouds.skalicloud.SkaliCloudMalaysiaProviderTest) succeeded: 66ms
Test suite progress: tests succeeded: 2, failed: 0, skipped: 0.
[pool-2-thread-3] Test testOfTypeContains(org.jclouds.skalicloud.SkaliCloudMalaysiaProviderTest) succeeded: 17ms
Test suite progress: tests succeeded: 3, failed: 0, skipped: 0.
[pool-2-thread-2] Test testInRestProperties(org.jclouds.skalicloud.SkaliCloudMalaysiaProviderTest) succeeded: 175ms
Test suite progress: tests succeeded: 4, failed: 0, skipped: 0.
Tests run: 4, Failures: 0, Errors: 0, Skipped: 0, Time elapsed: 1.034 sec

Results :

Tests run: 4, Failures: 0, Errors: 0, Skipped: 0

[INFO] 
[INFO] --- clojure-maven-plugin:1.3.8:test (test-clojure) @ skalicloud-sdg-my ---

Testing com.theoryinpractise.clojure.testrunner

Ran 0 tests containing 0 assertions.
0 failures, 0 errors.
[INFO] 
[INFO] --- maven-bundle-plugin:2.3.4:bundle (default-bundle) @ skalicloud-sdg-my ---
[INFO] 
[INFO] --- maven-source-plugin:2.1.1:jar-no-fork (attach-sources) @ skalicloud-sdg-my ---
[INFO] Building jar: /Users/adriancole/workspace/git/jclouds/providers/skalicloud-sdg-my/target/skalicloud-sdg-my-1.3.0-SNAPSHOT-sources.jar
[INFO] 
[INFO] --- maven-javadoc-plugin:2.8:jar (javadoc) @ skalicloud-sdg-my ---
[INFO] Skipping javadoc generation
[INFO] 
[INFO] --- maven-jar-plugin:2.3.1:test-jar (default) @ skalicloud-sdg-my ---
[INFO] Building jar: /Users/adriancole/workspace/git/jclouds/providers/skalicloud-sdg-my/target/skalicloud-sdg-my-1.3.0-SNAPSHOT-tests.jar
[INFO] 
[INFO] --- maven-surefire-plugin:2.10:test (integration) @ skalicloud-sdg-my ---
[INFO] Surefire report directory: /Users/adriancole/workspace/git/jclouds/providers/skalicloud-sdg-my/target/surefire-reports
[INFO] Using configured provider org.apache.maven.surefire.testng.TestNGProvider

-------------------------------------------------------
 T E S T S
-------------------------------------------------------
Running TestSuite
Starting test testCompareSizes(org.jclouds.skalicloud.compute.SkaliCloudMalaysiaTemplateBuilderLiveTest)
Starting test setServiceDefaults(org.jclouds.skalicloud.compute.SkaliCloudMalaysiaComputeServiceLiveTest)
[TestNG] Test setServiceDefaults(org.jclouds.skalicloud.compute.SkaliCloudMalaysiaComputeServiceLiveTest) succeeded: 0ms
Test suite progress: tests succeeded: 1, failed: 0, skipped: 0.
Starting test testCompareSizes(org.jclouds.skalicloud.compute.SkaliCloudMalaysiaComputeServiceLiveTest)
Starting test testCreateDrive(org.jclouds.skalicloud.SkaliCloudMalaysiaClientLiveTest)
[TestNG] Test testCreateDrive(org.jclouds.skalicloud.SkaliCloudMalaysiaClientLiveTest) succeeded: 5562ms
Test suite progress: tests succeeded: 2, failed: 0, skipped: 0.
Starting test testGetDrive(org.jclouds.skalicloud.SkaliCloudMalaysiaClientLiveTest)
[TestNG] Test testGetDrive(org.jclouds.skalicloud.SkaliCloudMalaysiaClientLiveTest) succeeded: 17584ms
Test suite progress: tests succeeded: 3, failed: 0, skipped: 0.
Starting test testGetServer(org.jclouds.skalicloud.SkaliCloudMalaysiaClientLiveTest)
smallest [id=cpu=1000.000000,ram=512,disk=1.000000, providerId=cpu=1000.000000,ram=512,disk=1.000000, name=null, processors=[[cores=1.0, speed=1000.0]], ram=512, volumes=[[id=null, type=LOCAL, size=1.0, device=null, durable=true, isBootDevice=true]], supportsImage=sizeLessThanOrEqual(1.0), tags=[]]
fastest [id=cpu=20000.000000,ram=512,disk=20.000000, providerId=cpu=20000.000000,ram=512,disk=20.000000, name=null, processors=[[cores=1.0, speed=20000.0]], ram=512, volumes=[[id=null, type=LOCAL, size=20.0, device=null, durable=true, isBootDevice=true]], supportsImage=sizeLessThanOrEqual(20.0), tags=[]]
biggest [id=cpu=20000.000000,ram=8192,disk=20.000000, providerId=cpu=20000.000000,ram=8192,disk=20.000000, name=null, processors=[[cores=1.0, speed=20000.0]], ram=8192, volumes=[[id=null, type=LOCAL, size=20.0, device=null, durable=true, isBootDevice=true]], supportsImage=sizeLessThanOrEqual(20.0), tags=[]]
[TestNG] Test testCompareSizes(org.jclouds.skalicloud.compute.SkaliCloudMalaysiaTemplateBuilderLiveTest) succeeded: 66436ms
Test suite progress: tests succeeded: 4, failed: 0, skipped: 0.
Starting test testFromTemplate(org.jclouds.skalicloud.compute.SkaliCloudMalaysiaTemplateBuilderLiveTest)
[TestNG] Test testFromTemplate(org.jclouds.skalicloud.compute.SkaliCloudMalaysiaTemplateBuilderLiveTest) succeeded: 7ms
Test suite progress: tests succeeded: 5, failed: 0, skipped: 0.
Starting test testGetAssignableLocations(org.jclouds.skalicloud.compute.SkaliCloudMalaysiaTemplateBuilderLiveTest)
location [id=skalicloud-sdg-my, scope=PROVIDER, description=https://api.sdg-my.skalicloud.com, parent=null, iso3166Codes=[MY-10], metadata={}]
[TestNG] Test testGetAssignableLocations(org.jclouds.skalicloud.compute.SkaliCloudMalaysiaTemplateBuilderLiveTest) succeeded: 0ms
Test suite progress: tests succeeded: 6, failed: 0, skipped: 0.
Starting test testTemplateBuilderCanFind(org.jclouds.skalicloud.compute.SkaliCloudMalaysiaTemplateBuilderLiveTest)
[TestNG] Test testTemplateBuilderCanFind(org.jclouds.skalicloud.compute.SkaliCloudMalaysiaTemplateBuilderLiveTest) succeeded: 2ms
Test suite progress: tests succeeded: 7, failed: 0, skipped: 0.
Starting test testTemplateBuilderCanFind(org.jclouds.skalicloud.compute.SkaliCloudMalaysiaTemplateBuilderLiveTest)
[TestNG] Test testTemplateBuilderCanFind(org.jclouds.skalicloud.compute.SkaliCloudMalaysiaTemplateBuilderLiveTest) succeeded: 2ms
Test suite progress: tests succeeded: 8, failed: 0, skipped: 0.
Starting test testTemplateBuilderCanFind(org.jclouds.skalicloud.compute.SkaliCloudMalaysiaTemplateBuilderLiveTest)
[TestNG] Test testTemplateBuilderCanFind(org.jclouds.skalicloud.compute.SkaliCloudMalaysiaTemplateBuilderLiveTest) succeeded: 12ms
Test suite progress: tests succeeded: 9, failed: 0, skipped: 0.
Starting test testTemplateBuilderCanFind(org.jclouds.skalicloud.compute.SkaliCloudMalaysiaTemplateBuilderLiveTest)
[TestNG] Test testTemplateBuilderCanFind(org.jclouds.skalicloud.compute.SkaliCloudMalaysiaTemplateBuilderLiveTest) succeeded: 6ms
Test suite progress: tests succeeded: 10, failed: 0, skipped: 0.
Starting test testTemplateBuilderCanFind(org.jclouds.skalicloud.compute.SkaliCloudMalaysiaTemplateBuilderLiveTest)
[TestNG] Test testTemplateBuilderCanFind(org.jclouds.skalicloud.compute.SkaliCloudMalaysiaTemplateBuilderLiveTest) succeeded: 10ms
Test suite progress: tests succeeded: 11, failed: 0, skipped: 0.
Starting test testTemplateBuilderCanFind(org.jclouds.skalicloud.compute.SkaliCloudMalaysiaTemplateBuilderLiveTest)
[TestNG] Test testTemplateBuilderCanFind(org.jclouds.skalicloud.compute.SkaliCloudMalaysiaTemplateBuilderLiveTest) succeeded: 2ms
Test suite progress: tests succeeded: 12, failed: 0, skipped: 0.
Starting test testTemplateBuilderCanFind(org.jclouds.skalicloud.compute.SkaliCloudMalaysiaTemplateBuilderLiveTest)
[TestNG] Test testTemplateBuilderCanFind(org.jclouds.skalicloud.compute.SkaliCloudMalaysiaTemplateBuilderLiveTest) succeeded: 2ms
Test suite progress: tests succeeded: 13, failed: 0, skipped: 0.
Starting test testTemplateBuilderCanFind(org.jclouds.skalicloud.compute.SkaliCloudMalaysiaTemplateBuilderLiveTest)
[TestNG] Test testTemplateBuilderCanFind(org.jclouds.skalicloud.compute.SkaliCloudMalaysiaTemplateBuilderLiveTest) succeeded: 3ms
Test suite progress: tests succeeded: 14, failed: 0, skipped: 0.
Starting test testTemplateBuilderCanFind(org.jclouds.skalicloud.compute.SkaliCloudMalaysiaTemplateBuilderLiveTest)
[TestNG] Test testTemplateBuilderCanFind(org.jclouds.skalicloud.compute.SkaliCloudMalaysiaTemplateBuilderLiveTest) succeeded: 2ms
Test suite progress: tests succeeded: 15, failed: 0, skipped: 0.
Starting test testTemplateBuilderCanFind(org.jclouds.skalicloud.compute.SkaliCloudMalaysiaTemplateBuilderLiveTest)
[TestNG] Test testTemplateBuilderCanFind(org.jclouds.skalicloud.compute.SkaliCloudMalaysiaTemplateBuilderLiveTest) succeeded: 11ms
Test suite progress: tests succeeded: 16, failed: 0, skipped: 0.
Starting test testTemplateBuilderCanFind(org.jclouds.skalicloud.compute.SkaliCloudMalaysiaTemplateBuilderLiveTest)
[TestNG] Test testTemplateBuilderCanFind(org.jclouds.skalicloud.compute.SkaliCloudMalaysiaTemplateBuilderLiveTest) succeeded: 2ms
Test suite progress: tests succeeded: 17, failed: 0, skipped: 0.
Starting test testTemplateBuilderCanFind(org.jclouds.skalicloud.compute.SkaliCloudMalaysiaTemplateBuilderLiveTest)
[TestNG] Test testTemplateBuilderCanFind(org.jclouds.skalicloud.compute.SkaliCloudMalaysiaTemplateBuilderLiveTest) succeeded: 2ms
Test suite progress: tests succeeded: 18, failed: 0, skipped: 0.
Starting test testTemplateBuilderCanFind(org.jclouds.skalicloud.compute.SkaliCloudMalaysiaTemplateBuilderLiveTest)
[TestNG] Test testTemplateBuilderCanFind(org.jclouds.skalicloud.compute.SkaliCloudMalaysiaTemplateBuilderLiveTest) succeeded: 2ms
Test suite progress: tests succeeded: 19, failed: 0, skipped: 0.
Starting test testTemplateBuilderCanFind(org.jclouds.skalicloud.compute.SkaliCloudMalaysiaTemplateBuilderLiveTest)
[TestNG] Test testTemplateBuilderCanFind(org.jclouds.skalicloud.compute.SkaliCloudMalaysiaTemplateBuilderLiveTest) succeeded: 2ms
Test suite progress: tests succeeded: 20, failed: 0, skipped: 0.
Starting test testTemplateBuilderCanFind(org.jclouds.skalicloud.compute.SkaliCloudMalaysiaTemplateBuilderLiveTest)
[TestNG] Test testTemplateBuilderCanFind(org.jclouds.skalicloud.compute.SkaliCloudMalaysiaTemplateBuilderLiveTest) succeeded: 3ms
Test suite progress: tests succeeded: 21, failed: 0, skipped: 0.
Starting test testTemplateBuilderCanFind(org.jclouds.skalicloud.compute.SkaliCloudMalaysiaTemplateBuilderLiveTest)
[TestNG] Test testTemplateBuilderCanFind(org.jclouds.skalicloud.compute.SkaliCloudMalaysiaTemplateBuilderLiveTest) succeeded: 14ms
Test suite progress: tests succeeded: 22, failed: 0, skipped: 0.
Starting test testTemplateBuilderCanFind(org.jclouds.skalicloud.compute.SkaliCloudMalaysiaTemplateBuilderLiveTest)
[TestNG] Test testTemplateBuilderCanFind(org.jclouds.skalicloud.compute.SkaliCloudMalaysiaTemplateBuilderLiveTest) succeeded: 2ms
Test suite progress: tests succeeded: 23, failed: 0, skipped: 0.
Starting test testTemplateBuilderCanFind(org.jclouds.skalicloud.compute.SkaliCloudMalaysiaTemplateBuilderLiveTest)
[TestNG] Test testTemplateBuilderCanFind(org.jclouds.skalicloud.compute.SkaliCloudMalaysiaTemplateBuilderLiveTest) succeeded: 2ms
Test suite progress: tests succeeded: 24, failed: 0, skipped: 0.
Starting test testTemplateBuilderCanFind(org.jclouds.skalicloud.compute.SkaliCloudMalaysiaTemplateBuilderLiveTest)
[TestNG] Test testTemplateBuilderCanFind(org.jclouds.skalicloud.compute.SkaliCloudMalaysiaTemplateBuilderLiveTest) succeeded: 4ms
Test suite progress: tests succeeded: 25, failed: 0, skipped: 0.
Starting test testTemplateBuilderCanUseImageId(org.jclouds.skalicloud.compute.SkaliCloudMalaysiaTemplateBuilderLiveTest)
[TestNG] Test testGetServer(org.jclouds.skalicloud.SkaliCloudMalaysiaClientLiveTest) succeeded: 4886ms
Test suite progress: tests succeeded: 26, failed: 0, skipped: 0.
Starting test testListDriveInfo(org.jclouds.skalicloud.SkaliCloudMalaysiaClientLiveTest)
Jan 15, 2012 10:07:13 AM org.jclouds.compute.BaseComputeServiceLiveTest testCompareSizes
INFO: smallest [id=cpu=1000.000000,ram=512,disk=1.000000, providerId=cpu=1000.000000,ram=512,disk=1.000000, name=null, processors=[[cores=1.0, speed=1000.0]], ram=512, volumes=[[id=null, type=LOCAL, size=1.0, device=null, durable=true, isBootDevice=true]], supportsImage=sizeLessThanOrEqual(1.0), tags=[]]
Jan 15, 2012 10:07:13 AM org.jclouds.compute.BaseComputeServiceLiveTest testCompareSizes
INFO: fastest [id=cpu=20000.000000,ram=512,disk=20.000000, providerId=cpu=20000.000000,ram=512,disk=20.000000, name=null, processors=[[cores=1.0, speed=20000.0]], ram=512, volumes=[[id=null, type=LOCAL, size=20.0, device=null, durable=true, isBootDevice=true]], supportsImage=sizeLessThanOrEqual(20.0), tags=[]]
Jan 15, 2012 10:07:13 AM org.jclouds.compute.BaseComputeServiceLiveTest testCompareSizes
INFO: biggest [id=cpu=20000.000000,ram=8192,disk=20.000000, providerId=cpu=20000.000000,ram=8192,disk=20.000000, name=null, processors=[[cores=1.0, speed=20000.0]], ram=8192, volumes=[[id=null, type=LOCAL, size=20.0, device=null, durable=true, isBootDevice=true]], supportsImage=sizeLessThanOrEqual(20.0), tags=[]]
[TestNG] Test testCompareSizes(org.jclouds.skalicloud.compute.SkaliCloudMalaysiaComputeServiceLiveTest) succeeded: 66919ms
Test suite progress: tests succeeded: 27, failed: 0, skipped: 0.
Starting test testCorrectAuthException(org.jclouds.skalicloud.compute.SkaliCloudMalaysiaComputeServiceLiveTest)
[TestNG] Test testListDriveInfo(org.jclouds.skalicloud.SkaliCloudMalaysiaClientLiveTest) succeeded: 2476ms
Test suite progress: tests succeeded: 28, failed: 0, skipped: 0.
Starting test testListDrives(org.jclouds.skalicloud.SkaliCloudMalaysiaClientLiveTest)
[TestNG] Test testCorrectAuthException(org.jclouds.skalicloud.compute.SkaliCloudMalaysiaComputeServiceLiveTest) succeeded: 2802ms
Test suite progress: tests succeeded: 29, failed: 0, skipped: 0.
Starting test testCreateAndRunAService(org.jclouds.skalicloud.compute.SkaliCloudMalaysiaComputeServiceLiveTest)
[TestNG] Test testListDrives(org.jclouds.skalicloud.SkaliCloudMalaysiaClientLiveTest) succeeded: 3028ms
Test suite progress: tests succeeded: 30, failed: 0, skipped: 0.
Starting test testListServers(org.jclouds.skalicloud.SkaliCloudMalaysiaClientLiveTest)
[TestNG] Test testListServers(org.jclouds.skalicloud.SkaliCloudMalaysiaClientLiveTest) succeeded: 2547ms
Test suite progress: tests succeeded: 31, failed: 0, skipped: 0.
Starting test testWeCanReadAndWriteToDrive(org.jclouds.skalicloud.SkaliCloudMalaysiaClientLiveTest)
[TestNG] Test testWeCanReadAndWriteToDrive(org.jclouds.skalicloud.SkaliCloudMalaysiaClientLiveTest) succeeded: 8582ms
Test suite progress: tests succeeded: 32, failed: 0, skipped: 0.
Starting test testListServerInfo(org.jclouds.skalicloud.SkaliCloudMalaysiaClientLiveTest)
[TestNG] Test testListServerInfo(org.jclouds.skalicloud.SkaliCloudMalaysiaClientLiveTest) succeeded: 5394ms
Test suite progress: tests succeeded: 33, failed: 0, skipped: 0.
Starting test testSetDriveData(org.jclouds.skalicloud.SkaliCloudMalaysiaClientLiveTest)
[TestNG] Test testSetDriveData(org.jclouds.skalicloud.SkaliCloudMalaysiaClientLiveTest) succeeded: 3333ms
Test suite progress: tests succeeded: 34, failed: 0, skipped: 0.
Starting test testWeCopyADriveContentsViaGzip(org.jclouds.skalicloud.SkaliCloudMalaysiaClientLiveTest)
[TestNG] Test testTemplateBuilderCanUseImageId(org.jclouds.skalicloud.compute.SkaliCloudMalaysiaTemplateBuilderLiveTest) succeeded: 34472ms
Test suite progress: tests succeeded: 35, failed: 0, skipped: 0.
Starting test testTemplateBuilderCannotFind(org.jclouds.skalicloud.compute.SkaliCloudMalaysiaTemplateBuilderLiveTest)
[TestNG] Test testTemplateBuilderCannotFind(org.jclouds.skalicloud.compute.SkaliCloudMalaysiaTemplateBuilderLiveTest) succeeded: 2ms
Test suite progress: tests succeeded: 36, failed: 0, skipped: 0.
Starting test testTemplateBuilderCannotFind(org.jclouds.skalicloud.compute.SkaliCloudMalaysiaTemplateBuilderLiveTest)
[TestNG] Test testTemplateBuilderCannotFind(org.jclouds.skalicloud.compute.SkaliCloudMalaysiaTemplateBuilderLiveTest) succeeded: 1ms
Test suite progress: tests succeeded: 37, failed: 0, skipped: 0.
Starting test testTemplateBuilderCannotFind(org.jclouds.skalicloud.compute.SkaliCloudMalaysiaTemplateBuilderLiveTest)
[TestNG] Test testTemplateBuilderCannotFind(org.jclouds.skalicloud.compute.SkaliCloudMalaysiaTemplateBuilderLiveTest) succeeded: 1ms
Test suite progress: tests succeeded: 38, failed: 0, skipped: 0.
Starting test testTemplateBuilderCannotFind(org.jclouds.skalicloud.compute.SkaliCloudMalaysiaTemplateBuilderLiveTest)
[TestNG] Test testTemplateBuilderCannotFind(org.jclouds.skalicloud.compute.SkaliCloudMalaysiaTemplateBuilderLiveTest) succeeded: 0ms
Test suite progress: tests succeeded: 39, failed: 0, skipped: 0.
Starting test testTemplateBuilderCannotFind(org.jclouds.skalicloud.compute.SkaliCloudMalaysiaTemplateBuilderLiveTest)
[TestNG] Test testTemplateBuilderCannotFind(org.jclouds.skalicloud.compute.SkaliCloudMalaysiaTemplateBuilderLiveTest) succeeded: 1ms
Test suite progress: tests succeeded: 40, failed: 0, skipped: 0.
Starting test testTemplateBuilderCannotFind(org.jclouds.skalicloud.compute.SkaliCloudMalaysiaTemplateBuilderLiveTest)
[TestNG] Test testTemplateBuilderCannotFind(org.jclouds.skalicloud.compute.SkaliCloudMalaysiaTemplateBuilderLiveTest) succeeded: 1ms
Test suite progress: tests succeeded: 41, failed: 0, skipped: 0.
Starting test testTemplateBuilderCannotFind(org.jclouds.skalicloud.compute.SkaliCloudMalaysiaTemplateBuilderLiveTest)
[TestNG] Test testTemplateBuilderCannotFind(org.jclouds.skalicloud.compute.SkaliCloudMalaysiaTemplateBuilderLiveTest) succeeded: 16ms
Test suite progress: tests succeeded: 42, failed: 0, skipped: 0.
Starting test testTemplateBuilderCannotFind(org.jclouds.skalicloud.compute.SkaliCloudMalaysiaTemplateBuilderLiveTest)
[TestNG] Test testTemplateBuilderCannotFind(org.jclouds.skalicloud.compute.SkaliCloudMalaysiaTemplateBuilderLiveTest) succeeded: 1ms
Test suite progress: tests succeeded: 43, failed: 0, skipped: 0.
Starting test testTemplateBuilderCannotFind(org.jclouds.skalicloud.compute.SkaliCloudMalaysiaTemplateBuilderLiveTest)
[TestNG] Test testTemplateBuilderCannotFind(org.jclouds.skalicloud.compute.SkaliCloudMalaysiaTemplateBuilderLiveTest) succeeded: 1ms
Test suite progress: tests succeeded: 44, failed: 0, skipped: 0.
Starting test testTemplateBuilderCannotFind(org.jclouds.skalicloud.compute.SkaliCloudMalaysiaTemplateBuilderLiveTest)
[TestNG] Test testTemplateBuilderCannotFind(org.jclouds.skalicloud.compute.SkaliCloudMalaysiaTemplateBuilderLiveTest) succeeded: 1ms
Test suite progress: tests succeeded: 45, failed: 0, skipped: 0.
Starting test testTemplateBuilderCannotFind(org.jclouds.skalicloud.compute.SkaliCloudMalaysiaTemplateBuilderLiveTest)
[TestNG] Test testTemplateBuilderCannotFind(org.jclouds.skalicloud.compute.SkaliCloudMalaysiaTemplateBuilderLiveTest) succeeded: 0ms
Test suite progress: tests succeeded: 46, failed: 0, skipped: 0.
Starting test testTemplateBuilderCannotFind(org.jclouds.skalicloud.compute.SkaliCloudMalaysiaTemplateBuilderLiveTest)
[TestNG] Test testTemplateBuilderCannotFind(org.jclouds.skalicloud.compute.SkaliCloudMalaysiaTemplateBuilderLiveTest) succeeded: 1ms
Test suite progress: tests succeeded: 47, failed: 0, skipped: 0.
Starting test testTemplateBuilderCannotFind(org.jclouds.skalicloud.compute.SkaliCloudMalaysiaTemplateBuilderLiveTest)
[TestNG] Test testTemplateBuilderCannotFind(org.jclouds.skalicloud.compute.SkaliCloudMalaysiaTemplateBuilderLiveTest) succeeded: 1ms
Test suite progress: tests succeeded: 48, failed: 0, skipped: 0.
Starting test testTemplateBuilderCannotFind(org.jclouds.skalicloud.compute.SkaliCloudMalaysiaTemplateBuilderLiveTest)
[TestNG] Test testTemplateBuilderCannotFind(org.jclouds.skalicloud.compute.SkaliCloudMalaysiaTemplateBuilderLiveTest) succeeded: 0ms
Test suite progress: tests succeeded: 49, failed: 0, skipped: 0.
Starting test testTemplateBuilderCannotFind(org.jclouds.skalicloud.compute.SkaliCloudMalaysiaTemplateBuilderLiveTest)
[TestNG] Test testTemplateBuilderCannotFind(org.jclouds.skalicloud.compute.SkaliCloudMalaysiaTemplateBuilderLiveTest) succeeded: 3ms
Test suite progress: tests succeeded: 50, failed: 0, skipped: 0.
Starting test testTemplateBuilderCannotFind(org.jclouds.skalicloud.compute.SkaliCloudMalaysiaTemplateBuilderLiveTest)
[TestNG] Test testTemplateBuilderCannotFind(org.jclouds.skalicloud.compute.SkaliCloudMalaysiaTemplateBuilderLiveTest) succeeded: 1ms
Test suite progress: tests succeeded: 51, failed: 0, skipped: 0.
Starting test testTemplateBuilderCannotFind(org.jclouds.skalicloud.compute.SkaliCloudMalaysiaTemplateBuilderLiveTest)
[TestNG] Test testTemplateBuilderCannotFind(org.jclouds.skalicloud.compute.SkaliCloudMalaysiaTemplateBuilderLiveTest) succeeded: 1ms
Test suite progress: tests succeeded: 52, failed: 0, skipped: 0.
Starting test testTemplateBuilderCannotFind(org.jclouds.skalicloud.compute.SkaliCloudMalaysiaTemplateBuilderLiveTest)
[TestNG] Test testTemplateBuilderCannotFind(org.jclouds.skalicloud.compute.SkaliCloudMalaysiaTemplateBuilderLiveTest) succeeded: 0ms
Test suite progress: tests succeeded: 53, failed: 0, skipped: 0.
Starting test testTemplateBuilderCannotFind(org.jclouds.skalicloud.compute.SkaliCloudMalaysiaTemplateBuilderLiveTest)
[TestNG] Test testTemplateBuilderCannotFind(org.jclouds.skalicloud.compute.SkaliCloudMalaysiaTemplateBuilderLiveTest) succeeded: 1ms
Test suite progress: tests succeeded: 54, failed: 0, skipped: 0.
Starting test testTemplateBuilderCannotFind(org.jclouds.skalicloud.compute.SkaliCloudMalaysiaTemplateBuilderLiveTest)
[TestNG] Test testTemplateBuilderCannotFind(org.jclouds.skalicloud.compute.SkaliCloudMalaysiaTemplateBuilderLiveTest) succeeded: 0ms
Test suite progress: tests succeeded: 55, failed: 0, skipped: 0.
Starting test testTemplateBuilderCannotFind(org.jclouds.skalicloud.compute.SkaliCloudMalaysiaTemplateBuilderLiveTest)
[TestNG] Test testTemplateBuilderCannotFind(org.jclouds.skalicloud.compute.SkaliCloudMalaysiaTemplateBuilderLiveTest) succeeded: 1ms
Test suite progress: tests succeeded: 56, failed: 0, skipped: 0.
Starting test testTemplateBuilderCannotFind(org.jclouds.skalicloud.compute.SkaliCloudMalaysiaTemplateBuilderLiveTest)
[TestNG] Test testTemplateBuilderCannotFind(org.jclouds.skalicloud.compute.SkaliCloudMalaysiaTemplateBuilderLiveTest) succeeded: 3ms
Test suite progress: tests succeeded: 57, failed: 0, skipped: 0.
Starting test testTemplateBuilderCannotFind(org.jclouds.skalicloud.compute.SkaliCloudMalaysiaTemplateBuilderLiveTest)
[TestNG] Test testTemplateBuilderCannotFind(org.jclouds.skalicloud.compute.SkaliCloudMalaysiaTemplateBuilderLiveTest) succeeded: 10ms
Test suite progress: tests succeeded: 58, failed: 0, skipped: 0.
Starting test testTemplateBuilderCannotFind(org.jclouds.skalicloud.compute.SkaliCloudMalaysiaTemplateBuilderLiveTest)
[TestNG] Test testTemplateBuilderCannotFind(org.jclouds.skalicloud.compute.SkaliCloudMalaysiaTemplateBuilderLiveTest) succeeded: 5ms
Test suite progress: tests succeeded: 59, failed: 0, skipped: 0.
Starting test testTemplateBuilderCannotFind(org.jclouds.skalicloud.compute.SkaliCloudMalaysiaTemplateBuilderLiveTest)
[TestNG] Test testTemplateBuilderCannotFind(org.jclouds.skalicloud.compute.SkaliCloudMalaysiaTemplateBuilderLiveTest) succeeded: 1ms
Test suite progress: tests succeeded: 60, failed: 0, skipped: 0.
Starting test testTemplateBuilderCannotFind(org.jclouds.skalicloud.compute.SkaliCloudMalaysiaTemplateBuilderLiveTest)
[TestNG] Test testTemplateBuilderCannotFind(org.jclouds.skalicloud.compute.SkaliCloudMalaysiaTemplateBuilderLiveTest) succeeded: 2ms
Test suite progress: tests succeeded: 61, failed: 0, skipped: 0.
Starting test testTemplateBuilderCannotFind(org.jclouds.skalicloud.compute.SkaliCloudMalaysiaTemplateBuilderLiveTest)
[TestNG] Test testTemplateBuilderCannotFind(org.jclouds.skalicloud.compute.SkaliCloudMalaysiaTemplateBuilderLiveTest) succeeded: 1ms
Test suite progress: tests succeeded: 62, failed: 0, skipped: 0.
Starting test testTemplateBuilderCannotFind(org.jclouds.skalicloud.compute.SkaliCloudMalaysiaTemplateBuilderLiveTest)
[TestNG] Test testTemplateBuilderCannotFind(org.jclouds.skalicloud.compute.SkaliCloudMalaysiaTemplateBuilderLiveTest) succeeded: 0ms
Test suite progress: tests succeeded: 63, failed: 0, skipped: 0.
Starting test testTemplateBuilderCannotFind(org.jclouds.skalicloud.compute.SkaliCloudMalaysiaTemplateBuilderLiveTest)
[TestNG] Test testTemplateBuilderCannotFind(org.jclouds.skalicloud.compute.SkaliCloudMalaysiaTemplateBuilderLiveTest) succeeded: 1ms
Test suite progress: tests succeeded: 64, failed: 0, skipped: 0.
Starting test testTemplateBuilderCannotFind(org.jclouds.skalicloud.compute.SkaliCloudMalaysiaTemplateBuilderLiveTest)
[TestNG] Test testTemplateBuilderCannotFind(org.jclouds.skalicloud.compute.SkaliCloudMalaysiaTemplateBuilderLiveTest) succeeded: 0ms
Test suite progress: tests succeeded: 65, failed: 0, skipped: 0.
Starting test testTemplateBuilderCannotFind(org.jclouds.skalicloud.compute.SkaliCloudMalaysiaTemplateBuilderLiveTest)
[TestNG] Test testTemplateBuilderCannotFind(org.jclouds.skalicloud.compute.SkaliCloudMalaysiaTemplateBuilderLiveTest) succeeded: 1ms
Test suite progress: tests succeeded: 66, failed: 0, skipped: 0.
Starting test testTemplateBuilderCannotFind(org.jclouds.skalicloud.compute.SkaliCloudMalaysiaTemplateBuilderLiveTest)
[TestNG] Test testTemplateBuilderCannotFind(org.jclouds.skalicloud.compute.SkaliCloudMalaysiaTemplateBuilderLiveTest) succeeded: 4ms
Test suite progress: tests succeeded: 67, failed: 0, skipped: 0.
Starting test testTemplateBuilderCannotFind(org.jclouds.skalicloud.compute.SkaliCloudMalaysiaTemplateBuilderLiveTest)
[TestNG] Test testTemplateBuilderCannotFind(org.jclouds.skalicloud.compute.SkaliCloudMalaysiaTemplateBuilderLiveTest) succeeded: 1ms
Test suite progress: tests succeeded: 68, failed: 0, skipped: 0.
Starting test testTemplateBuilderCannotFind(org.jclouds.skalicloud.compute.SkaliCloudMalaysiaTemplateBuilderLiveTest)
[TestNG] Test testTemplateBuilderCannotFind(org.jclouds.skalicloud.compute.SkaliCloudMalaysiaTemplateBuilderLiveTest) succeeded: 2ms
Test suite progress: tests succeeded: 69, failed: 0, skipped: 0.
Starting test testTemplateBuilderCannotFind(org.jclouds.skalicloud.compute.SkaliCloudMalaysiaTemplateBuilderLiveTest)
[TestNG] Test testTemplateBuilderCannotFind(org.jclouds.skalicloud.compute.SkaliCloudMalaysiaTemplateBuilderLiveTest) succeeded: 1ms
Test suite progress: tests succeeded: 70, failed: 0, skipped: 0.
Starting test testTemplateBuilderCannotFind(org.jclouds.skalicloud.compute.SkaliCloudMalaysiaTemplateBuilderLiveTest)
[TestNG] Test testTemplateBuilderCannotFind(org.jclouds.skalicloud.compute.SkaliCloudMalaysiaTemplateBuilderLiveTest) succeeded: 1ms
Test suite progress: tests succeeded: 71, failed: 0, skipped: 0.
Starting test testTemplateBuilderCannotFind(org.jclouds.skalicloud.compute.SkaliCloudMalaysiaTemplateBuilderLiveTest)
[TestNG] Test testTemplateBuilderCannotFind(org.jclouds.skalicloud.compute.SkaliCloudMalaysiaTemplateBuilderLiveTest) succeeded: 2ms
Test suite progress: tests succeeded: 72, failed: 0, skipped: 0.
Starting test testTemplateBuilderCannotFind(org.jclouds.skalicloud.compute.SkaliCloudMalaysiaTemplateBuilderLiveTest)
[TestNG] Test testTemplateBuilderCannotFind(org.jclouds.skalicloud.compute.SkaliCloudMalaysiaTemplateBuilderLiveTest) succeeded: 2ms
Test suite progress: tests succeeded: 73, failed: 0, skipped: 0.
Starting test testTemplateBuilderCannotFind(org.jclouds.skalicloud.compute.SkaliCloudMalaysiaTemplateBuilderLiveTest)
[TestNG] Test testTemplateBuilderCannotFind(org.jclouds.skalicloud.compute.SkaliCloudMalaysiaTemplateBuilderLiveTest) succeeded: 2ms
Test suite progress: tests succeeded: 74, failed: 0, skipped: 0.
Starting test testTemplateBuilderCannotFind(org.jclouds.skalicloud.compute.SkaliCloudMalaysiaTemplateBuilderLiveTest)
[TestNG] Test testTemplateBuilderCannotFind(org.jclouds.skalicloud.compute.SkaliCloudMalaysiaTemplateBuilderLiveTest) succeeded: 1ms
Test suite progress: tests succeeded: 75, failed: 0, skipped: 0.
Starting test testTemplateBuilderCannotFind(org.jclouds.skalicloud.compute.SkaliCloudMalaysiaTemplateBuilderLiveTest)
[TestNG] Test testTemplateBuilderCannotFind(org.jclouds.skalicloud.compute.SkaliCloudMalaysiaTemplateBuilderLiveTest) succeeded: 2ms
Test suite progress: tests succeeded: 76, failed: 0, skipped: 0.
Starting test testTemplateBuilderCannotFind(org.jclouds.skalicloud.compute.SkaliCloudMalaysiaTemplateBuilderLiveTest)
[TestNG] Test testTemplateBuilderCannotFind(org.jclouds.skalicloud.compute.SkaliCloudMalaysiaTemplateBuilderLiveTest) succeeded: 0ms
Test suite progress: tests succeeded: 77, failed: 0, skipped: 0.
Starting test testTemplateBuilderCannotFind(org.jclouds.skalicloud.compute.SkaliCloudMalaysiaTemplateBuilderLiveTest)
[TestNG] Test testTemplateBuilderCannotFind(org.jclouds.skalicloud.compute.SkaliCloudMalaysiaTemplateBuilderLiveTest) succeeded: 2ms
Test suite progress: tests succeeded: 78, failed: 0, skipped: 0.
Starting test testTemplateBuilderCannotFind(org.jclouds.skalicloud.compute.SkaliCloudMalaysiaTemplateBuilderLiveTest)
[TestNG] Test testTemplateBuilderCannotFind(org.jclouds.skalicloud.compute.SkaliCloudMalaysiaTemplateBuilderLiveTest) succeeded: 0ms
Test suite progress: tests succeeded: 79, failed: 0, skipped: 0.
Starting test testTemplateBuilderCannotFind(org.jclouds.skalicloud.compute.SkaliCloudMalaysiaTemplateBuilderLiveTest)
[TestNG] Test testTemplateBuilderCannotFind(org.jclouds.skalicloud.compute.SkaliCloudMalaysiaTemplateBuilderLiveTest) succeeded: 2ms
Test suite progress: tests succeeded: 80, failed: 0, skipped: 0.
Starting test testTemplateBuilderCannotFind(org.jclouds.skalicloud.compute.SkaliCloudMalaysiaTemplateBuilderLiveTest)
[TestNG] Test testTemplateBuilderCannotFind(org.jclouds.skalicloud.compute.SkaliCloudMalaysiaTemplateBuilderLiveTest) succeeded: 1ms
Test suite progress: tests succeeded: 81, failed: 0, skipped: 0.
Starting test testTemplateBuilderCannotFind(org.jclouds.skalicloud.compute.SkaliCloudMalaysiaTemplateBuilderLiveTest)
[TestNG] Test testTemplateBuilderCannotFind(org.jclouds.skalicloud.compute.SkaliCloudMalaysiaTemplateBuilderLiveTest) succeeded: 2ms
Test suite progress: tests succeeded: 82, failed: 0, skipped: 0.
Starting test testTemplateBuilderCannotFind(org.jclouds.skalicloud.compute.SkaliCloudMalaysiaTemplateBuilderLiveTest)
[TestNG] Test testTemplateBuilderCannotFind(org.jclouds.skalicloud.compute.SkaliCloudMalaysiaTemplateBuilderLiveTest) succeeded: 2ms
Test suite progress: tests succeeded: 83, failed: 0, skipped: 0.
Starting test testTemplateBuilderCannotFind(org.jclouds.skalicloud.compute.SkaliCloudMalaysiaTemplateBuilderLiveTest)
[TestNG] Test testTemplateBuilderCannotFind(org.jclouds.skalicloud.compute.SkaliCloudMalaysiaTemplateBuilderLiveTest) succeeded: 0ms
Test suite progress: tests succeeded: 84, failed: 0, skipped: 0.
Starting test testTemplateBuilderCannotFind(org.jclouds.skalicloud.compute.SkaliCloudMalaysiaTemplateBuilderLiveTest)
[TestNG] Test testTemplateBuilderCannotFind(org.jclouds.skalicloud.compute.SkaliCloudMalaysiaTemplateBuilderLiveTest) succeeded: 1ms
Test suite progress: tests succeeded: 85, failed: 0, skipped: 0.
Starting test testTemplateBuilderCannotFind(org.jclouds.skalicloud.compute.SkaliCloudMalaysiaTemplateBuilderLiveTest)
[TestNG] Test testTemplateBuilderCannotFind(org.jclouds.skalicloud.compute.SkaliCloudMalaysiaTemplateBuilderLiveTest) succeeded: 0ms
Test suite progress: tests succeeded: 86, failed: 0, skipped: 0.
Starting test testTemplateBuilderCannotFind(org.jclouds.skalicloud.compute.SkaliCloudMalaysiaTemplateBuilderLiveTest)
[TestNG] Test testTemplateBuilderCannotFind(org.jclouds.skalicloud.compute.SkaliCloudMalaysiaTemplateBuilderLiveTest) succeeded: 1ms
Test suite progress: tests succeeded: 87, failed: 0, skipped: 0.
Starting test testTemplateBuilderCannotFind(org.jclouds.skalicloud.compute.SkaliCloudMalaysiaTemplateBuilderLiveTest)
[TestNG] Test testTemplateBuilderCannotFind(org.jclouds.skalicloud.compute.SkaliCloudMalaysiaTemplateBuilderLiveTest) succeeded: 0ms
Test suite progress: tests succeeded: 88, failed: 0, skipped: 0.
Starting test testTemplateBuilderCannotFind(org.jclouds.skalicloud.compute.SkaliCloudMalaysiaTemplateBuilderLiveTest)
[TestNG] Test testTemplateBuilderCannotFind(org.jclouds.skalicloud.compute.SkaliCloudMalaysiaTemplateBuilderLiveTest) succeeded: 1ms
Test suite progress: tests succeeded: 89, failed: 0, skipped: 0.
Starting test testTemplateBuilderCannotFind(org.jclouds.skalicloud.compute.SkaliCloudMalaysiaTemplateBuilderLiveTest)
[TestNG] Test testTemplateBuilderCannotFind(org.jclouds.skalicloud.compute.SkaliCloudMalaysiaTemplateBuilderLiveTest) succeeded: 0ms
Test suite progress: tests succeeded: 90, failed: 0, skipped: 0.
Starting test testTemplateBuilderCannotFind(org.jclouds.skalicloud.compute.SkaliCloudMalaysiaTemplateBuilderLiveTest)
[TestNG] Test testTemplateBuilderCannotFind(org.jclouds.skalicloud.compute.SkaliCloudMalaysiaTemplateBuilderLiveTest) succeeded: 0ms
Test suite progress: tests succeeded: 91, failed: 0, skipped: 0.
Starting test testTemplateBuilderCannotFind(org.jclouds.skalicloud.compute.SkaliCloudMalaysiaTemplateBuilderLiveTest)
[TestNG] Test testTemplateBuilderCannotFind(org.jclouds.skalicloud.compute.SkaliCloudMalaysiaTemplateBuilderLiveTest) succeeded: 1ms
Test suite progress: tests succeeded: 92, failed: 0, skipped: 0.
Starting test testTemplateBuilderCannotFind(org.jclouds.skalicloud.compute.SkaliCloudMalaysiaTemplateBuilderLiveTest)
[TestNG] Test testTemplateBuilderCannotFind(org.jclouds.skalicloud.compute.SkaliCloudMalaysiaTemplateBuilderLiveTest) succeeded: 0ms
Test suite progress: tests succeeded: 93, failed: 0, skipped: 0.
Starting test testTemplateBuilderCannotFind(org.jclouds.skalicloud.compute.SkaliCloudMalaysiaTemplateBuilderLiveTest)
[TestNG] Test testTemplateBuilderCannotFind(org.jclouds.skalicloud.compute.SkaliCloudMalaysiaTemplateBuilderLiveTest) succeeded: 1ms
Test suite progress: tests succeeded: 94, failed: 0, skipped: 0.
Starting test testTemplateBuilderCannotFind(org.jclouds.skalicloud.compute.SkaliCloudMalaysiaTemplateBuilderLiveTest)
[TestNG] Test testTemplateBuilderCannotFind(org.jclouds.skalicloud.compute.SkaliCloudMalaysiaTemplateBuilderLiveTest) succeeded: 0ms
Test suite progress: tests succeeded: 95, failed: 0, skipped: 0.
Starting test testTemplateBuilderCannotFind(org.jclouds.skalicloud.compute.SkaliCloudMalaysiaTemplateBuilderLiveTest)
[TestNG] Test testTemplateBuilderCannotFind(org.jclouds.skalicloud.compute.SkaliCloudMalaysiaTemplateBuilderLiveTest) succeeded: 1ms
Test suite progress: tests succeeded: 96, failed: 0, skipped: 0.
Starting test testTemplateBuilderCannotFind(org.jclouds.skalicloud.compute.SkaliCloudMalaysiaTemplateBuilderLiveTest)
[TestNG] Test testTemplateBuilderCannotFind(org.jclouds.skalicloud.compute.SkaliCloudMalaysiaTemplateBuilderLiveTest) succeeded: 0ms
Test suite progress: tests succeeded: 97, failed: 0, skipped: 0.
Starting test testTemplateBuilderCannotFind(org.jclouds.skalicloud.compute.SkaliCloudMalaysiaTemplateBuilderLiveTest)
[TestNG] Test testTemplateBuilderCannotFind(org.jclouds.skalicloud.compute.SkaliCloudMalaysiaTemplateBuilderLiveTest) succeeded: 1ms
Test suite progress: tests succeeded: 98, failed: 0, skipped: 0.
Starting test testTemplateBuilderCannotFind(org.jclouds.skalicloud.compute.SkaliCloudMalaysiaTemplateBuilderLiveTest)
[TestNG] Test testTemplateBuilderCannotFind(org.jclouds.skalicloud.compute.SkaliCloudMalaysiaTemplateBuilderLiveTest) succeeded: 0ms
Test suite progress: tests succeeded: 99, failed: 0, skipped: 0.
Starting test testTemplateBuilderCannotFind(org.jclouds.skalicloud.compute.SkaliCloudMalaysiaTemplateBuilderLiveTest)
[TestNG] Test testTemplateBuilderCannotFind(org.jclouds.skalicloud.compute.SkaliCloudMalaysiaTemplateBuilderLiveTest) succeeded: 0ms
Test suite progress: tests succeeded: 100, failed: 0, skipped: 0.
Starting test testTemplateBuilderWithImageIdSpecified(org.jclouds.skalicloud.compute.SkaliCloudMalaysiaTemplateBuilderLiveTest)
before image; drive 2[size=4194304, claimType=exclusive, readers=[], uuid=73db9baa-4d81-40ab-8ed7-3b2fe6cf952c, name=adriancole.test2, tags=[], userMetadata={}, status=active, user=878df165-0e46-499f-bbd2-8b7709daafb2, claimed=[], encryptionCipher=aes-xts-plain, imaging=null, metrics=[readBytes=8192, readRequests=2, writeBytes=8192, writeRequests=3]]
before image; drive 3[size=4194304, claimType=exclusive, readers=[], uuid=c8129c7d-4286-4a26-ad50-db42be4e82f2, name=adriancole.test3, tags=[], userMetadata={}, status=active, user=878df165-0e46-499f-bbd2-8b7709daafb2, claimed=[], encryptionCipher=aes-xts-plain, imaging=null, metrics=[readBytes=4096, readRequests=1, writeBytes=4096, writeRequests=1]]
after image; drive 2[size=4194304, claimType=exclusive, readers=[], uuid=73db9baa-4d81-40ab-8ed7-3b2fe6cf952c, name=adriancole.test2, tags=[], userMetadata={}, status=active, user=878df165-0e46-499f-bbd2-8b7709daafb2, claimed=[], encryptionCipher=aes-xts-plain, imaging=null, metrics=[readBytes=4202496, readRequests=1026, writeBytes=8192, writeRequests=3]]
after image; drive 3[size=4194304, claimType=exclusive, readers=[], uuid=c8129c7d-4286-4a26-ad50-db42be4e82f2, name=adriancole.test3, tags=[], userMetadata={}, status=active, user=878df165-0e46-499f-bbd2-8b7709daafb2, claimed=[], encryptionCipher=aes-xts-plain, imaging=null, metrics=[readBytes=4096, readRequests=1, writeBytes=4198400, writeRequests=1026]]
[TestNG] Test testWeCopyADriveContentsViaGzip(org.jclouds.skalicloud.SkaliCloudMalaysiaClientLiveTest) succeeded: 38832ms
Test suite progress: tests succeeded: 101, failed: 0, skipped: 0.
Starting test testCreateAndStartServer(org.jclouds.skalicloud.SkaliCloudMalaysiaClientLiveTest)
Jan 15, 2012 10:08:17 AM org.jclouds.elasticstack.ElasticStackClientLiveTest testCreateAndStartServer
INFO: preparing drive
before prepare[size=1073741824, claimType=shared, readers=[ffffffff-ffff-ffff-ffff-ffffffffffff], uuid=5026816b-89fb-4fc7-9f58-0d4b8e7c2405, name=rediculous, tags=[networking, security, gateway], userMetadata={foo=bar}, status=active, user=878df165-0e46-499f-bbd2-8b7709daafb2, claimed=[], encryptionCipher=aes-xts-plain, imaging=null, metrics=[readBytes=4096, readRequests=1, writeBytes=4096, writeRequests=1]]
Jan 15, 2012 10:08:23 AM org.jclouds.compute.BaseComputeServiceLiveTest testCreateAndRunAService
INFO: << available node(7d046353-f2fb-4510-b58b-66374ef76e52) os([name=Ubuntu Server 10.10 -64bit, family=ubuntu, version=10.10, arch=null, is64Bit=true, description=img/Ubuntu Server 10.10 -64bit/1]) in 65s
SLF4J: Failed to load class "org.slf4j.impl.StaticLoggerBinder".
SLF4J: Defaulting to no-operation (NOP) logger implementation
SLF4J: See http://www.slf4j.org/codes.html#StaticLoggerBinder for further details.
[TestNG] Test testTemplateBuilderWithImageIdSpecified(org.jclouds.skalicloud.compute.SkaliCloudMalaysiaTemplateBuilderLiveTest) succeeded: 86131ms
Test suite progress: tests succeeded: 102, failed: 0, skipped: 0.
Starting test testTemplateBuilderWithLoginUserSpecified(org.jclouds.skalicloud.compute.SkaliCloudMalaysiaTemplateBuilderLiveTest)
after prepare[size=1073741824, claimType=shared, readers=[ffffffff-ffff-ffff-ffff-ffffffffffff], uuid=5026816b-89fb-4fc7-9f58-0d4b8e7c2405, name=rediculous, tags=[networking, security, gateway], userMetadata={foo=bar}, status=active, user=878df165-0e46-499f-bbd2-8b7709daafb2, claimed=[], encryptionCipher=aes-xts-plain, imaging=null, metrics=[readBytes=4096, readRequests=1, writeBytes=648814592, writeRequests=158557]]
Jan 15, 2012 10:09:23 AM org.jclouds.elasticstack.ElasticStackClientLiveTest testCreateAndStartServer
INFO: starting server
{"status":"ACTIVE","started":"Jan 16, 1970 12:30:50 AM","user":"878df165-0e46-499f-bbd2-8b7709daafb2","metrics":{"txPackets":0,"tx":0,"rxPackets":0,"rx":0,"driveMetrics":{"ide:0:0":{"readBytes":208896,"readRequests":51,"writeBytes":0,"writeRequests":0}}},"cpu":1000,"smp":1,"mem":512,"persistent":true,"devices":{"ide:0:0":{"bus":0,"unit":0,"driveUuid":"5026816b-89fb-4fc7-9f58-0d4b8e7c2405","mediaType":"DISK"}},"bootDeviceIds":["ide:0:0"],"nics":[{"dhcp":"202.186.27.96","model":"E1000","block":["tcp/43594","tcp/5902","udp/5060","tcp/5900","tcp/5901","tcp/21","tcp/22","tcp/23","tcp/25","tcp/110","tcp/143","tcp/43595"]}],"vnc":{"ip":"202.186.27.96","password":"Il0veVNC","tls":false},"uuid":"6e7051a7-3f3a-478f-a643-a2807519a644","name":"adriancole.test","tags":[],"userMetadata":{}}
[TestNG] Test testCreateAndStartServer(org.jclouds.skalicloud.SkaliCloudMalaysiaClientLiveTest) succeeded: 84136ms
Test suite progress: tests succeeded: 103, failed: 0, skipped: 0.
Starting test testConnectivity(org.jclouds.skalicloud.SkaliCloudMalaysiaClientLiveTest)
Jan 15, 2012 10:09:41 AM org.jclouds.elasticstack.ElasticStackClientLiveTest testConnectivity
INFO: awaiting vnc: [address=202.186.27.96, port=5900]
Jan 15, 2012 10:09:44 AM org.jclouds.elasticstack.ElasticStackClientLiveTest testConnectivity
INFO: awaiting ssh: [address=202.186.27.96, port=22]
Filesystem           1K-blocks      Used Available Use% Mounted on
/dev/sda               1032632    498796    482500  51% /
none                    245636       152    245484   1% /dev
none                    252496         0    252496   0% /dev/shm
none                    252496        40    252456   1% /var/run
none                    252496         0    252496   0% /var/lock

/dev/sda on / type ext3 (rw,noatime)
proc on /proc type proc (rw)
none on /sys type sysfs (rw,noexec,nosuid,nodev)
fusectl on /sys/fs/fuse/connections type fusectl (rw)
none on /sys/kernel/debug type debugfs (rw)
none on /sys/kernel/security type securityfs (rw)
none on /dev type devtmpfs (rw,mode=0755)
none on /dev/pts type devpts (rw,noexec,nosuid,gid=5,mode=0620)
none on /dev/shm type tmpfs (rw,nosuid,nodev)
none on /var/run type tmpfs (rw,nosuid,mode=0755)
none on /var/lock type tmpfs (rw,noexec,nosuid,nodev)
none on /var/lib/ureadahead/debugfs type debugfs (rw,relatime)

Linux ubuntu 2.6.35-24-generic #42-Ubuntu SMP Thu Dec 2 02:41:37 UTC 2010 x86_64 GNU/Linux

[TestNG] Test testConnectivity(org.jclouds.skalicloud.SkaliCloudMalaysiaClientLiveTest) succeeded: 17788ms
Test suite progress: tests succeeded: 104, failed: 0, skipped: 0.
Starting test testLifeCycle(org.jclouds.skalicloud.SkaliCloudMalaysiaClientLiveTest)
Jan 15, 2012 10:10:15 AM org.jclouds.compute.BaseComputeServiceLiveTest testCreateAndRunAService
INFO: << configured node(7d046353-f2fb-4510-b58b-66374ef76e52) with java full version "1.7.0_02-b13" and JBoss 7.0.2.Final in 97s
Jan 15, 2012 10:10:27 AM org.jclouds.compute.BaseComputeServiceLiveTest getLocationForIp
WARNING: could not get info on ip 209.132.182.31; check freegeoip
Jan 15, 2012 10:10:27 AM org.jclouds.compute.BaseComputeServiceLiveTest testCreateAndRunAService
INFO: << location of jboss7(download.jboss.org) from perpective of node(7d046353-f2fb-4510-b58b-66374ef76e52): 209.132.182.31
[TestNG] Test testTemplateBuilderWithLoginUserSpecified(org.jclouds.skalicloud.compute.SkaliCloudMalaysiaTemplateBuilderLiveTest) succeeded: 74347ms
Test suite progress: tests succeeded: 105, failed: 0, skipped: 0.
Starting test testDefaultTemplateBuilder(org.jclouds.skalicloud.compute.SkaliCloudMalaysiaTemplateBuilderLiveTest)
[TestNG] Test testDefaultTemplateBuilder(org.jclouds.skalicloud.compute.SkaliCloudMalaysiaTemplateBuilderLiveTest) succeeded: 27ms
Test suite progress: tests succeeded: 106, failed: 0, skipped: 0.
[TestNG] Test testLifeCycle(org.jclouds.skalicloud.SkaliCloudMalaysiaClientLiveTest) succeeded: 33643ms
Test suite progress: tests succeeded: 107, failed: 0, skipped: 0.
Starting test testSetServerConfiguration(org.jclouds.skalicloud.SkaliCloudMalaysiaClientLiveTest)
[TestNG] Test testSetServerConfiguration(org.jclouds.skalicloud.SkaliCloudMalaysiaClientLiveTest) succeeded: 19662ms
Test suite progress: tests succeeded: 108, failed: 0, skipped: 0.
Starting test testDestroyServer(org.jclouds.skalicloud.SkaliCloudMalaysiaClientLiveTest)
[TestNG] Test testDestroyServer(org.jclouds.skalicloud.SkaliCloudMalaysiaClientLiveTest) succeeded: 5065ms
Test suite progress: tests succeeded: 109, failed: 0, skipped: 0.
Starting test testDestroyDrive(org.jclouds.skalicloud.SkaliCloudMalaysiaClientLiveTest)
[TestNG] Test testCreateAndRunAService(org.jclouds.skalicloud.compute.SkaliCloudMalaysiaComputeServiceLiveTest) failed.
Test suite progress: tests succeeded: 109, failed: 1, skipped: 0.
Starting test testGetAssignableLocations(org.jclouds.skalicloud.compute.SkaliCloudMalaysiaComputeServiceLiveTest)
Jan 15, 2012 10:11:00 AM org.jclouds.compute.BaseComputeServiceLiveTest testGetAssignableLocations
WARNING: location [id=skalicloud-sdg-my, scope=PROVIDER, description=https://api.sdg-my.skalicloud.com, parent=null, iso3166Codes=[MY-10], metadata={}]
[TestNG] Test testGetAssignableLocations(org.jclouds.skalicloud.compute.SkaliCloudMalaysiaComputeServiceLiveTest) succeeded: 1ms
Test suite progress: tests succeeded: 110, failed: 1, skipped: 0.
Starting test testImagesCache(org.jclouds.skalicloud.compute.SkaliCloudMalaysiaComputeServiceLiveTest)
[TestNG] Test testImagesCache(org.jclouds.skalicloud.compute.SkaliCloudMalaysiaComputeServiceLiveTest) succeeded: 0ms
Test suite progress: tests succeeded: 111, failed: 1, skipped: 0.
Starting test testListImages(org.jclouds.skalicloud.compute.SkaliCloudMalaysiaComputeServiceLiveTest)
[TestNG] Test testListImages(org.jclouds.skalicloud.compute.SkaliCloudMalaysiaComputeServiceLiveTest) succeeded: 1ms
Test suite progress: tests succeeded: 112, failed: 1, skipped: 0.
Starting test testListSizes(org.jclouds.skalicloud.compute.SkaliCloudMalaysiaComputeServiceLiveTest)
[TestNG] Test testListSizes(org.jclouds.skalicloud.compute.SkaliCloudMalaysiaComputeServiceLiveTest) succeeded: 1ms
Test suite progress: tests succeeded: 113, failed: 1, skipped: 0.
Starting test testOptionToNotBlock(org.jclouds.skalicloud.compute.SkaliCloudMalaysiaComputeServiceLiveTest)
[TestNG] Test testOptionToNotBlock(org.jclouds.skalicloud.compute.SkaliCloudMalaysiaComputeServiceLiveTest) succeeded: 0ms
Test suite progress: tests succeeded: 114, failed: 1, skipped: 0.
Starting test testCorrectExceptionRunningNodesNotFound(org.jclouds.skalicloud.compute.SkaliCloudMalaysiaComputeServiceLiveTest)
[TestNG] Test testCorrectExceptionRunningNodesNotFound(org.jclouds.skalicloud.compute.SkaliCloudMalaysiaComputeServiceLiveTest) succeeded: 3344ms
Test suite progress: tests succeeded: 115, failed: 1, skipped: 0.
Starting test testAScriptExecutionAfterBootWithBasicTemplate(org.jclouds.skalicloud.compute.SkaliCloudMalaysiaComputeServiceLiveTest)
[TestNG] Test testDestroyDrive(org.jclouds.skalicloud.SkaliCloudMalaysiaClientLiveTest) succeeded: 7320ms
Test suite progress: tests succeeded: 116, failed: 1, skipped: 0.
<< problem applying options to node(3ce150b8-5d30-4d9f-8b73-3e1f7985d7af): 
org.jclouds.rest.AuthorizationException: (toor:pw[5d907853a9617cfd55fb62eae803595b]@202.186.27.121:22) (toor:pw[5d907853a9617cfd55fb62eae803595b]@202.186.27.121:22) error acquiring SSHClient(timeout=60000) (out of retries - max 5): Exhausted available authentication methods
	at org.jclouds.sshj.SshjSshClient.propagate(SshjSshClient.java:414)
	at org.jclouds.sshj.SshjSshClient.acquire(SshjSshClient.java:236)
	at org.jclouds.sshj.SshjSshClient.connect(SshjSshClient.java:255)
	at org.jclouds.compute.callables.RunScriptOnNodeUsingSsh.call(RunScriptOnNodeUsingSsh.java:73)
	at org.jclouds.compute.strategy.RunScriptOnNodeAndAddToGoodMapOrPutExceptionIntoBadMap.call(RunScriptOnNodeAndAddToGoodMapOrPutExceptionIntoBadMap.java:69)
	at org.jclouds.compute.strategy.RunScriptOnNodeAndAddToGoodMapOrPutExceptionIntoBadMap.call(RunScriptOnNodeAndAddToGoodMapOrPutExceptionIntoBadMap.java:44)
	at java.util.concurrent.FutureTask$Sync.innerRun(FutureTask.java:303)
	at java.util.concurrent.FutureTask.run(FutureTask.java:138)
	at java.util.concurrent.ThreadPoolExecutor$Worker.runTask(ThreadPoolExecutor.java:886)
	at java.util.concurrent.ThreadPoolExecutor$Worker.run(ThreadPoolExecutor.java:908)
	at java.lang.Thread.run(Thread.java:680)
Caused by: net.schmizz.sshj.userauth.UserAuthException: Exhausted available authentication methods
	at net.schmizz.sshj.userauth.UserAuthImpl.authenticate(UserAuthImpl.java:114)
	at net.schmizz.sshj.SSHClient.auth(SSHClient.java:204)
	at net.schmizz.sshj.SSHClient.auth(SSHClient.java:189)
	at net.schmizz.sshj.SSHClient.authPassword(SSHClient.java:265)
	at net.schmizz.sshj.SSHClient.authPassword(SSHClient.java:235)
	at net.schmizz.sshj.SSHClient.authPassword(SSHClient.java:219)
	at org.jclouds.sshj.SshjSshClient$1.create(SshjSshClient.java:201)
	at org.jclouds.sshj.SshjSshClient$1.create(SshjSshClient.java:177)
	at org.jclouds.sshj.SshjSshClient.acquire(SshjSshClient.java:226)
	... 9 more
Caused by: net.schmizz.sshj.userauth.UserAuthException: keyboard-interactive auth not allowed by server
	at net.schmizz.sshj.userauth.UserAuthImpl.authenticate(UserAuthImpl.java:81)
	... 17 more
[TestNG] Test testAScriptExecutionAfterBootWithBasicTemplate(org.jclouds.skalicloud.compute.SkaliCloudMalaysiaComputeServiceLiveTest) succeeded: 223249ms
Test suite progress: tests succeeded: 117, failed: 1, skipped: 0.
Starting test testCreateTwoNodesWithRunScript(org.jclouds.skalicloud.compute.SkaliCloudMalaysiaComputeServiceLiveTest)
[TestNG] Test testCreateTwoNodesWithRunScript(org.jclouds.skalicloud.compute.SkaliCloudMalaysiaComputeServiceLiveTest) succeeded: 239011ms
Test suite progress: tests succeeded: 118, failed: 1, skipped: 0.
Starting test testTemplateMatch(org.jclouds.skalicloud.compute.SkaliCloudMalaysiaComputeServiceLiveTest)
[TestNG] Test testTemplateMatch(org.jclouds.skalicloud.compute.SkaliCloudMalaysiaComputeServiceLiveTest) succeeded: 104ms
Test suite progress: tests succeeded: 119, failed: 1, skipped: 0.
Starting test testCreateAnotherNodeWithANewContextToEnsureSharedMemIsntRequired(org.jclouds.skalicloud.compute.SkaliCloudMalaysiaComputeServiceLiveTest)
Jan 15, 2012 10:18:46 AM org.jclouds.compute.BaseComputeServiceLiveTest testCreateAnotherNodeWithANewContextToEnsureSharedMemIsntRequired
INFO: creating another node based on existing nodes' location: [id=skalicloud-sdg-my, scope=PROVIDER, description=https://api.sdg-my.skalicloud.com, parent=null, iso3166Codes=[MY-10], metadata={}]
[TestNG] Test testCreateAnotherNodeWithANewContextToEnsureSharedMemIsntRequired(org.jclouds.skalicloud.compute.SkaliCloudMalaysiaComputeServiceLiveTest) succeeded: 115915ms
Test suite progress: tests succeeded: 120, failed: 1, skipped: 0.
Starting test testCredentialsCache(org.jclouds.skalicloud.compute.SkaliCloudMalaysiaComputeServiceLiveTest)
[TestNG] Test testCredentialsCache(org.jclouds.skalicloud.compute.SkaliCloudMalaysiaComputeServiceLiveTest) succeeded: 154ms
Test suite progress: tests succeeded: 121, failed: 1, skipped: 0.
Starting test testGet(org.jclouds.skalicloud.compute.SkaliCloudMalaysiaComputeServiceLiveTest)
[TestNG] Test testGet(org.jclouds.skalicloud.compute.SkaliCloudMalaysiaComputeServiceLiveTest) succeeded: 26331ms
Test suite progress: tests succeeded: 122, failed: 1, skipped: 0.
Starting test testReboot(org.jclouds.skalicloud.compute.SkaliCloudMalaysiaComputeServiceLiveTest)
[TestNG] Test testReboot(org.jclouds.skalicloud.compute.SkaliCloudMalaysiaComputeServiceLiveTest) succeeded: 17219ms
Test suite progress: tests succeeded: 123, failed: 1, skipped: 0.
Starting test testSuspendResume(org.jclouds.skalicloud.compute.SkaliCloudMalaysiaComputeServiceLiveTest)
[TestNG] Test testSuspendResume(org.jclouds.skalicloud.compute.SkaliCloudMalaysiaComputeServiceLiveTest) succeeded: 41281ms
Test suite progress: tests succeeded: 124, failed: 1, skipped: 0.
Starting test testGetNodesWithDetails(org.jclouds.skalicloud.compute.SkaliCloudMalaysiaComputeServiceLiveTest)
[TestNG] Test testGetNodesWithDetails(org.jclouds.skalicloud.compute.SkaliCloudMalaysiaComputeServiceLiveTest) succeeded: 1267ms
Test suite progress: tests succeeded: 125, failed: 1, skipped: 0.
Starting test testListNodes(org.jclouds.skalicloud.compute.SkaliCloudMalaysiaComputeServiceLiveTest)
[TestNG] Test testListNodes(org.jclouds.skalicloud.compute.SkaliCloudMalaysiaComputeServiceLiveTest) succeeded: 1299ms
Test suite progress: tests succeeded: 126, failed: 1, skipped: 0.
Starting test testDestroyNodes(org.jclouds.skalicloud.compute.SkaliCloudMalaysiaComputeServiceLiveTest)
[TestNG] Test testDestroyNodes(org.jclouds.skalicloud.compute.SkaliCloudMalaysiaComputeServiceLiveTest) succeeded: 15541ms
Test suite progress: tests succeeded: 127, failed: 1, skipped: 0.
Tests run: 128, Failures: 1, Errors: 0, Skipped: 0, Time elapsed: 986.862 sec <<< FAILURE!

Results :

Failed tests:   testCreateAndRunAService(org.jclouds.skalicloud.compute.SkaliCloudMalaysiaComputeServiceLiveTest): no credentials found for node 7d046353-f2fb-4510-b58b-66374ef76e52

Tests run: 128, Failures: 1, Errors: 0, Skipped: 0

[INFO] ------------------------------------------------------------------------
[INFO] BUILD FAILURE
[INFO] ------------------------------------------------------------------------
[INFO] Total time: 16:51.384s
[INFO] Finished at: Sun Jan 15 10:22:30 PST 2012
[INFO] Final Memory: 21M/265M
[INFO] ------------------------------------------------------------------------
[ERROR] Failed to execute goal org.apache.maven.plugins:maven-surefire-plugin:2.10:test (integration) on project skalicloud-sdg-my: There are test failures.
[ERROR] 
[ERROR] Please refer to /Users/adriancole/workspace/git/jclouds/providers/skalicloud-sdg-my/target/surefire-reports for the individual test results.
[ERROR] -> [Help 1]
[ERROR] 
[ERROR] To see the full stack trace of the errors, re-run Maven with the -e switch.
[ERROR] Re-run Maven using the -X switch to enable full debug logging.
[ERROR] 
[ERROR] For more information about the errors and possible solutions, please read the following articles:
[ERROR] [Help 1] http://cwiki.apache.org/confluence/display/MAVEN/MojoFailureException
