[INFO] Scanning for projects...
[WARNING] 
[WARNING] Some problems were encountered while building the effective model for org.jclouds.provider:slicehost:bundle:1.3.0-SNAPSHOT
[WARNING] 'parent.relativePath' of POM org.jclouds:jclouds-project:1.3.0-SNAPSHOT (/Users/adriancole/workspace/git/jclouds/project/pom.xml) points at org.jclouds:jclouds-multi instead of org.sonatype.oss:oss-parent, please verify your project structure @ org.jclouds:jclouds-project:1.3.0-SNAPSHOT, /Users/adriancole/workspace/git/jclouds/project/pom.xml, line 24, column 13
[WARNING] 
[WARNING] It is highly recommended to fix these problems because they threaten the stability of your build.
[WARNING] 
[WARNING] For this reason, future Maven versions might no longer support building such malformed projects.
[WARNING] 
[INFO]                                                                         
[INFO] ------------------------------------------------------------------------
[INFO] Building jclouds Slicehost provider 1.3.0-SNAPSHOT
[INFO] ------------------------------------------------------------------------
[INFO] 
[INFO] --- maven-clean-plugin:2.4.1:clean (default-clean) @ slicehost ---
[INFO] Deleting /Users/adriancole/workspace/git/jclouds/providers/slicehost/target
[INFO] 
[INFO] --- maven-enforcer-plugin:1.0.1:enforce (enforce-maven) @ slicehost ---
[INFO] 
[INFO] --- maven-enforcer-plugin:1.0.1:enforce (enforce-banned-dependencies) @ slicehost ---
[INFO] 
[INFO] --- maven-enforcer-plugin:1.0.1:enforce (enforce-java) @ slicehost ---
[INFO] 
[INFO] --- maven-remote-resources-plugin:1.2:process (process-remote-resources) @ slicehost ---
[INFO] Setting property: classpath.resource.loader.class => 'org.codehaus.plexus.velocity.ContextClassLoaderResourceLoader'.
[INFO] Setting property: velocimacro.messages.on => 'false'.
[INFO] Setting property: resource.loader => 'classpath'.
[INFO] Setting property: resource.manager.logwhenfound => 'false'.
[INFO] 
[INFO] --- maven-resources-plugin:2.4.2:resources (default-resources) @ slicehost ---
[INFO] Using 'UTF-8' encoding to copy filtered resources.
[INFO] skip non existing resourceDirectory /Users/adriancole/workspace/git/jclouds/providers/slicehost/src/main/clojure
[INFO] Copying 1 resource
[INFO] Copying 2 resources
[INFO] 
[INFO] --- maven-compiler-plugin:2.3:compile (default-compile) @ slicehost ---
[INFO] Compiling 31 source files to /Users/adriancole/workspace/git/jclouds/providers/slicehost/target/classes
[INFO] 
[INFO] --- maven-resources-plugin:2.4.2:testResources (default-testResources) @ slicehost ---
[INFO] Using 'UTF-8' encoding to copy filtered resources.
[INFO] skip non existing resourceDirectory /Users/adriancole/workspace/git/jclouds/providers/slicehost/src/test/clojure
[INFO] Copying 10 resources
[INFO] Copying 2 resources
[INFO] 
[INFO] --- maven-compiler-plugin:2.3:testCompile (default-testCompile) @ slicehost ---
[INFO] Compiling 15 source files to /Users/adriancole/workspace/git/jclouds/providers/slicehost/target/test-classes
[INFO] 
[INFO] --- maven-surefire-plugin:2.10:test (default-test) @ slicehost ---
[INFO] Surefire report directory: /Users/adriancole/workspace/git/jclouds/providers/slicehost/target/surefire-reports
[INFO] Using configured provider org.apache.maven.surefire.testng.TestNGProvider

-------------------------------------------------------
 T E S T S
-------------------------------------------------------
Running TestSuite
Starting test test(org.jclouds.slicehost.xml.FlavorHandlerTest)
Starting test test(org.jclouds.slicehost.compute.functions.FlavorToHardwareTest)
Starting test test(org.jclouds.slicehost.xml.ImageHandlerTest)
Starting test test32(org.jclouds.slicehost.xml.ImageHandlerTest)
Starting test testApplyWhereImageAndHardwareFound(org.jclouds.slicehost.compute.functions.SliceToNodeMetadataTest)
[pool-2-thread-3] Test test(org.jclouds.slicehost.xml.ImageHandlerTest) succeeded: 393ms
Test suite progress: tests succeeded: 1, failed: 0, skipped: 0.
[pool-2-thread-1] Test test(org.jclouds.slicehost.xml.FlavorHandlerTest) succeeded: 425ms
Test suite progress: tests succeeded: 2, failed: 0, skipped: 0.
Starting test testApplyWhereImageFoundAndHardwareNotFound(org.jclouds.slicehost.compute.functions.SliceToNodeMetadataTest)
Starting test testApplyWhereImageAndHardwareNotFound(org.jclouds.slicehost.compute.functions.SliceToNodeMetadataTest)
[pool-2-thread-4] Test test32(org.jclouds.slicehost.xml.ImageHandlerTest) succeeded: 394ms
Test suite progress: tests succeeded: 3, failed: 0, skipped: 0.
Starting test testAllStatusCovered(org.jclouds.slicehost.compute.config.SlicehostComputeServiceContextModuleTest)
[pool-2-thread-4] Test testAllStatusCovered(org.jclouds.slicehost.compute.config.SlicehostComputeServiceContextModuleTest) succeeded: 6ms
Test suite progress: tests succeeded: 4, failed: 0, skipped: 0.
Starting test test(org.jclouds.slicehost.compute.functions.SlicehostImageToImageTest)
[pool-2-thread-2] Test test(org.jclouds.slicehost.compute.functions.FlavorToHardwareTest) succeeded: 450ms
Test suite progress: tests succeeded: 5, failed: 0, skipped: 0.
Starting test test32(org.jclouds.slicehost.compute.functions.SlicehostImageToImageTest)
[pool-2-thread-3] Test testApplyWhereImageAndHardwareNotFound(org.jclouds.slicehost.compute.functions.SliceToNodeMetadataTest) succeeded: 114ms
Test suite progress: tests succeeded: 6, failed: 0, skipped: 0.
[pool-2-thread-4] Test test(org.jclouds.slicehost.compute.functions.SlicehostImageToImageTest) succeeded: 392ms
Test suite progress: tests succeeded: 7, failed: 0, skipped: 0.
[pool-2-thread-2] Test test32(org.jclouds.slicehost.compute.functions.SlicehostImageToImageTest) succeeded: 378ms
Test suite progress: tests succeeded: 8, failed: 0, skipped: 0.
[pool-2-thread-1] Test testApplyWhereImageFoundAndHardwareNotFound(org.jclouds.slicehost.compute.functions.SliceToNodeMetadataTest) succeeded: 421ms
Test suite progress: tests succeeded: 9, failed: 0, skipped: 0.
[pool-2-thread-5] Test testApplyWhereImageAndHardwareFound(org.jclouds.slicehost.compute.functions.SliceToNodeMetadataTest) succeeded: 819ms
Test suite progress: tests succeeded: 10, failed: 0, skipped: 0.
Starting test testCreateSlice(org.jclouds.slicehost.SlicehostAsyncClientTest)
Starting test testGetImage(org.jclouds.slicehost.SlicehostAsyncClientTest)
Starting test testGetSlice(org.jclouds.slicehost.SlicehostAsyncClientTest)
Starting test testGetFlavor(org.jclouds.slicehost.SlicehostAsyncClientTest)
Starting test testDestroySlice(org.jclouds.slicehost.SlicehostAsyncClientTest)
[pool-3-thread-3] Test testGetFlavor(org.jclouds.slicehost.SlicehostAsyncClientTest) succeeded: 60ms
Test suite progress: tests succeeded: 11, failed: 0, skipped: 0.
Starting test testHardReboot(org.jclouds.slicehost.SlicehostAsyncClientTest)
[pool-3-thread-3] Test testHardReboot(org.jclouds.slicehost.SlicehostAsyncClientTest) succeeded: 36ms
Test suite progress: tests succeeded: 12, failed: 0, skipped: 0.
Starting test testListFlavors(org.jclouds.slicehost.SlicehostAsyncClientTest)
[pool-3-thread-2] Test testDestroySlice(org.jclouds.slicehost.SlicehostAsyncClientTest) succeeded: 95ms
Test suite progress: tests succeeded: 13, failed: 0, skipped: 0.
[pool-3-thread-5] Test testGetSlice(org.jclouds.slicehost.SlicehostAsyncClientTest) succeeded: 99ms
Test suite progress: tests succeeded: 14, failed: 0, skipped: 0.
Starting test testListImages(org.jclouds.slicehost.SlicehostAsyncClientTest)
Starting test testListSlices(org.jclouds.slicehost.SlicehostAsyncClientTest)
[pool-3-thread-4] Test testGetImage(org.jclouds.slicehost.SlicehostAsyncClientTest) succeeded: 108ms
Test suite progress: tests succeeded: 15, failed: 0, skipped: 0.
Starting test testReboot(org.jclouds.slicehost.SlicehostAsyncClientTest)
[pool-3-thread-2] Test testListImages(org.jclouds.slicehost.SlicehostAsyncClientTest) succeeded: 8ms
Test suite progress: tests succeeded: 16, failed: 0, skipped: 0.
Starting test testRebuildSliceFromBackup(org.jclouds.slicehost.SlicehostAsyncClientTest)
[pool-3-thread-4] Test testReboot(org.jclouds.slicehost.SlicehostAsyncClientTest) succeeded: 3ms
Test suite progress: tests succeeded: 17, failed: 0, skipped: 0.
Starting test testRebuildSliceFromImage(org.jclouds.slicehost.SlicehostAsyncClientTest)
[pool-3-thread-1] Test testCreateSlice(org.jclouds.slicehost.SlicehostAsyncClientTest) succeeded: 118ms
Test suite progress: tests succeeded: 18, failed: 0, skipped: 0.
[pool-3-thread-2] Test testRebuildSliceFromBackup(org.jclouds.slicehost.SlicehostAsyncClientTest) succeeded: 7ms
Test suite progress: tests succeeded: 19, failed: 0, skipped: 0.
[pool-3-thread-4] Test testRebuildSliceFromImage(org.jclouds.slicehost.SlicehostAsyncClientTest) succeeded: 5ms
Test suite progress: tests succeeded: 20, failed: 0, skipped: 0.
[pool-3-thread-3] Test testListFlavors(org.jclouds.slicehost.SlicehostAsyncClientTest) succeeded: 30ms
Test suite progress: tests succeeded: 21, failed: 0, skipped: 0.
[pool-3-thread-5] Test testListSlices(org.jclouds.slicehost.SlicehostAsyncClientTest) succeeded: 26ms
Test suite progress: tests succeeded: 22, failed: 0, skipped: 0.
Starting test testAllContains(org.jclouds.slicehost.SlicehostProviderTest)
Starting test testInRestProperties(org.jclouds.slicehost.SlicehostProviderTest)
[pool-4-thread-2] Test testInRestProperties(org.jclouds.slicehost.SlicehostProviderTest) succeeded: 21ms
Test suite progress: tests succeeded: 23, failed: 0, skipped: 0.
[pool-4-thread-1] Test testAllContains(org.jclouds.slicehost.SlicehostProviderTest) succeeded: 24ms
Test suite progress: tests succeeded: 24, failed: 0, skipped: 0.
Starting test testOfTypeContains(org.jclouds.slicehost.SlicehostProviderTest)
[pool-4-thread-3] Test testOfTypeContains(org.jclouds.slicehost.SlicehostProviderTest) succeeded: 2ms
Test suite progress: tests succeeded: 25, failed: 0, skipped: 0.
Starting test testWithId(org.jclouds.slicehost.SlicehostProviderTest)
[pool-4-thread-4] Test testWithId(org.jclouds.slicehost.SlicehostProviderTest) succeeded: 2ms
Test suite progress: tests succeeded: 26, failed: 0, skipped: 0.
Starting test test(org.jclouds.slicehost.xml.FlavorsHandlerTest)
[pool-5-thread-1] Test test(org.jclouds.slicehost.xml.FlavorsHandlerTest) succeeded: 2ms
Test suite progress: tests succeeded: 27, failed: 0, skipped: 0.
Starting test test(org.jclouds.slicehost.xml.ImagesHandlerTest)
[pool-6-thread-1] Test test(org.jclouds.slicehost.xml.ImagesHandlerTest) succeeded: 3ms
Test suite progress: tests succeeded: 28, failed: 0, skipped: 0.
Starting test test(org.jclouds.slicehost.xml.SliceHandlerTest)
Starting test testNew(org.jclouds.slicehost.xml.SliceHandlerTest)
[pool-7-thread-1] Test test(org.jclouds.slicehost.xml.SliceHandlerTest) succeeded: 10ms
Test suite progress: tests succeeded: 29, failed: 0, skipped: 0.
[pool-7-thread-2] Test testNew(org.jclouds.slicehost.xml.SliceHandlerTest) succeeded: 6ms
Test suite progress: tests succeeded: 30, failed: 0, skipped: 0.
Starting test test(org.jclouds.slicehost.xml.SlicesHandlerTest)
[pool-8-thread-1] Test test(org.jclouds.slicehost.xml.SlicesHandlerTest) succeeded: 2ms
Test suite progress: tests succeeded: 31, failed: 0, skipped: 0.
Tests run: 31, Failures: 0, Errors: 0, Skipped: 0, Time elapsed: 3.302 sec

Results :

Tests run: 31, Failures: 0, Errors: 0, Skipped: 0

[INFO] 
[INFO] --- clojure-maven-plugin:1.3.8:test (test-clojure) @ slicehost ---

Testing com.theoryinpractise.clojure.testrunner

Ran 0 tests containing 0 assertions.
0 failures, 0 errors.
[INFO] 
[INFO] --- maven-bundle-plugin:2.3.4:bundle (default-bundle) @ slicehost ---
[INFO] 
[INFO] --- maven-source-plugin:2.1.1:jar-no-fork (attach-sources) @ slicehost ---
[INFO] Building jar: /Users/adriancole/workspace/git/jclouds/providers/slicehost/target/slicehost-1.3.0-SNAPSHOT-sources.jar
[INFO] 
[INFO] --- maven-javadoc-plugin:2.8:jar (javadoc) @ slicehost ---
[INFO] Skipping javadoc generation
[INFO] 
[INFO] --- maven-jar-plugin:2.3.1:test-jar (default) @ slicehost ---
[INFO] Building jar: /Users/adriancole/workspace/git/jclouds/providers/slicehost/target/slicehost-1.3.0-SNAPSHOT-tests.jar
[INFO] 
[INFO] --- maven-surefire-plugin:2.10:test (integration) @ slicehost ---
[INFO] Surefire report directory: /Users/adriancole/workspace/git/jclouds/providers/slicehost/target/surefire-reports
[INFO] Using configured provider org.apache.maven.surefire.testng.TestNGProvider

-------------------------------------------------------
 T E S T S
-------------------------------------------------------
Running TestSuite
Starting test setServiceDefaults(org.jclouds.slicehost.compute.SlicehostComputeServiceLiveTest)
[TestNG] Test setServiceDefaults(org.jclouds.slicehost.compute.SlicehostComputeServiceLiveTest) succeeded: 2ms
Test suite progress: tests succeeded: 1, failed: 0, skipped: 0.
Starting test testCompareSizes(org.jclouds.slicehost.compute.SlicehostComputeServiceLiveTest)
Jan 15, 2012 10:06:44 AM org.jclouds.compute.BaseComputeServiceLiveTest testCompareSizes
INFO: smallest [id=1, providerId=1, name=256 slice, processors=[[cores=0.25, speed=1.0]], ram=256, volumes=[[id=null, type=LOCAL, size=1.0, device=null, durable=true, isBootDevice=true]], supportsImage=ALWAYS_TRUE, tags=[]]
Jan 15, 2012 10:06:44 AM org.jclouds.compute.BaseComputeServiceLiveTest testCompareSizes
INFO: fastest [id=8, providerId=8, name=30GB slice, processors=[[cores=30.0, speed=1.0]], ram=30720, volumes=[[id=null, type=LOCAL, size=120.0, device=null, durable=true, isBootDevice=true]], supportsImage=ALWAYS_TRUE, tags=[]]
Jan 15, 2012 10:06:44 AM org.jclouds.compute.BaseComputeServiceLiveTest testCompareSizes
INFO: biggest [id=8, providerId=8, name=30GB slice, processors=[[cores=30.0, speed=1.0]], ram=30720, volumes=[[id=null, type=LOCAL, size=120.0, device=null, durable=true, isBootDevice=true]], supportsImage=ALWAYS_TRUE, tags=[]]
[TestNG] Test testCompareSizes(org.jclouds.slicehost.compute.SlicehostComputeServiceLiveTest) succeeded: 4259ms
Test suite progress: tests succeeded: 2, failed: 0, skipped: 0.
Starting test testCorrectAuthException(org.jclouds.slicehost.compute.SlicehostComputeServiceLiveTest)
[TestNG] Test testCorrectAuthException(org.jclouds.slicehost.compute.SlicehostComputeServiceLiveTest) succeeded: 487ms
Test suite progress: tests succeeded: 3, failed: 0, skipped: 0.
Starting test testCreateAndRunAService(org.jclouds.slicehost.compute.SlicehostComputeServiceLiveTest)
Jan 15, 2012 10:06:44 AM com.google.common.util.concurrent.ExecutionList$RunnableExecutorPair execute
SEVERE: RuntimeException while executing runnable com.google.common.util.concurrent.Futures$ChainingListenableFuture@3600e312 with executor java.util.concurrent.ThreadPoolExecutor@743bce70
java.util.concurrent.RejectedExecutionException
	at java.util.concurrent.ThreadPoolExecutor$AbortPolicy.rejectedExecution(ThreadPoolExecutor.java:1768)
	at java.util.concurrent.ThreadPoolExecutor.reject(ThreadPoolExecutor.java:767)
	at java.util.concurrent.ThreadPoolExecutor.execute(ThreadPoolExecutor.java:658)
	at org.jclouds.concurrent.config.ExecutorServiceModule$DescribingExecutorService.execute(ExecutorServiceModule.java:198)
	at com.google.common.util.concurrent.ExecutionList$RunnableExecutorPair.execute(ExecutionList.java:149)
	at com.google.common.util.concurrent.ExecutionList.execute(ExecutionList.java:134)
	at org.jclouds.concurrent.Futures$CallGetAndRunExecutionList.run(Futures.java:72)
	at java.util.concurrent.ThreadPoolExecutor$Worker.runTask(ThreadPoolExecutor.java:886)
	at java.util.concurrent.ThreadPoolExecutor$Worker.run(ThreadPoolExecutor.java:908)
	at java.lang.Thread.run(Thread.java:680)
Jan 15, 2012 10:09:58 AM org.jclouds.compute.BaseComputeServiceLiveTest testCreateAndRunAService
INFO: << available node(20509210) os([name=null, family=ubuntu, version=11.10, arch=null, is64Bit=true, description=Ubuntu 11.10]) in 190s
SLF4J: Failed to load class "org.slf4j.impl.StaticLoggerBinder".
SLF4J: Defaulting to no-operation (NOP) logger implementation
SLF4J: See http://www.slf4j.org/codes.html#StaticLoggerBinder for further details.
Jan 15, 2012 10:13:39 AM org.jclouds.compute.BaseComputeServiceLiveTest testCreateAndRunAService
INFO: << configured node(20509210) with java full version "1.7.0_02-b13" and JBoss 7.0.2.Final in 211s
Jan 15, 2012 10:13:42 AM org.jclouds.compute.BaseComputeServiceLiveTest getLocationForIp
WARNING: could not get info on ip 209.132.182.31; check freegeoip
Jan 15, 2012 10:13:42 AM org.jclouds.compute.BaseComputeServiceLiveTest testCreateAndRunAService
INFO: << location of jboss7(download.jboss.org) from perpective of node(20509210): 209.132.182.31
Jan 15, 2012 10:13:44 AM org.jclouds.compute.BaseComputeServiceLiveTest getLocationForIp
WARNING: could not get info on ip 128.242.186.238; check freegeoip
Jan 15, 2012 10:13:44 AM org.jclouds.compute.BaseComputeServiceLiveTest testCreateAndRunAService
INFO: << location of jdk7(download.oracle.com) from perpective of node(20509210): 128.242.186.238
Jan 15, 2012 10:13:46 AM org.jclouds.compute.BaseComputeServiceLiveTest getLocationForIp
WARNING: could not get info on ip 184.106.96.179; check freegeoip
Jan 15, 2012 10:13:46 AM org.jclouds.compute.BaseComputeServiceLiveTest testCreateAndRunAService
INFO: << location of node(20509210) from perspective of amazonaws: 184.106.96.179
Jan 15, 2012 10:13:56 AM org.jclouds.compute.BaseComputeServiceLiveTest trackAvailabilityOfProcessOnNode
INFO: << initial start of jboss on node(20509210) [backgroundProcessMilliseconds=4487, socketOpenMilliseconds=2878, reportedStartupTimeMilliseconds=4136]
Jan 15, 2012 10:14:05 AM org.jclouds.compute.BaseComputeServiceLiveTest trackAvailabilityOfProcessOnNode
INFO: << warm start of jboss on node(20509210) [backgroundProcessMilliseconds=3482, socketOpenMilliseconds=964, reportedStartupTimeMilliseconds=1944]
[TestNG] Test testCreateAndRunAService(org.jclouds.slicehost.compute.SlicehostComputeServiceLiveTest) succeeded: 447701ms
Test suite progress: tests succeeded: 4, failed: 0, skipped: 0.
Starting test testGetAssignableLocations(org.jclouds.slicehost.compute.SlicehostComputeServiceLiveTest)
Jan 15, 2012 10:14:12 AM org.jclouds.compute.BaseComputeServiceLiveTest testGetAssignableLocations
WARNING: location [id=slicehost, scope=PROVIDER, description=https://api.slicehost.com, parent=null, iso3166Codes=[US-IL, US-TX, US-MO], metadata={}]
[TestNG] Test testGetAssignableLocations(org.jclouds.slicehost.compute.SlicehostComputeServiceLiveTest) succeeded: 0ms
Test suite progress: tests succeeded: 5, failed: 0, skipped: 0.
Starting test testImagesCache(org.jclouds.slicehost.compute.SlicehostComputeServiceLiveTest)
[TestNG] Test testImagesCache(org.jclouds.slicehost.compute.SlicehostComputeServiceLiveTest) succeeded: 1ms
Test suite progress: tests succeeded: 6, failed: 0, skipped: 0.
Starting test testListImages(org.jclouds.slicehost.compute.SlicehostComputeServiceLiveTest)
[TestNG] Test testListImages(org.jclouds.slicehost.compute.SlicehostComputeServiceLiveTest) succeeded: 0ms
Test suite progress: tests succeeded: 7, failed: 0, skipped: 0.
Starting test testListSizes(org.jclouds.slicehost.compute.SlicehostComputeServiceLiveTest)
[TestNG] Test testListSizes(org.jclouds.slicehost.compute.SlicehostComputeServiceLiveTest) succeeded: 0ms
Test suite progress: tests succeeded: 8, failed: 0, skipped: 0.
Starting test testOptionToNotBlock(org.jclouds.slicehost.compute.SlicehostComputeServiceLiveTest)
[TestNG] Test testOptionToNotBlock(org.jclouds.slicehost.compute.SlicehostComputeServiceLiveTest) succeeded: 41917ms
Test suite progress: tests succeeded: 9, failed: 0, skipped: 0.
Starting test testSuspendResume(org.jclouds.slicehost.compute.SlicehostComputeServiceLiveTest)
[TestNG] Test testSuspendResume(org.jclouds.slicehost.compute.SlicehostComputeServiceLiveTest) failed.
Test suite progress: tests succeeded: 9, failed: 1, skipped: 0.
Starting test testCorrectExceptionRunningNodesNotFound(org.jclouds.slicehost.compute.SlicehostComputeServiceLiveTest)
[TestNG] Test testCorrectExceptionRunningNodesNotFound(org.jclouds.slicehost.compute.SlicehostComputeServiceLiveTest) succeeded: 2904ms
Test suite progress: tests succeeded: 10, failed: 1, skipped: 0.
Starting test testCompareSizes(org.jclouds.slicehost.compute.SlicehostTemplateBuilderLiveTest)
smallest [id=1, providerId=1, name=256 slice, processors=[[cores=0.25, speed=1.0]], ram=256, volumes=[[id=null, type=LOCAL, size=1.0, device=null, durable=true, isBootDevice=true]], supportsImage=ALWAYS_TRUE, tags=[]]
fastest [id=8, providerId=8, name=30GB slice, processors=[[cores=30.0, speed=1.0]], ram=30720, volumes=[[id=null, type=LOCAL, size=120.0, device=null, durable=true, isBootDevice=true]], supportsImage=ALWAYS_TRUE, tags=[]]
biggest [id=8, providerId=8, name=30GB slice, processors=[[cores=30.0, speed=1.0]], ram=30720, volumes=[[id=null, type=LOCAL, size=120.0, device=null, durable=true, isBootDevice=true]], supportsImage=ALWAYS_TRUE, tags=[]]
[TestNG] Test testCompareSizes(org.jclouds.slicehost.compute.SlicehostTemplateBuilderLiveTest) succeeded: 1725ms
Test suite progress: tests succeeded: 11, failed: 1, skipped: 0.
Starting test testGetAssignableLocations(org.jclouds.slicehost.compute.SlicehostTemplateBuilderLiveTest)
location [id=slicehost, scope=PROVIDER, description=https://api.slicehost.com, parent=null, iso3166Codes=[US-IL, US-TX, US-MO], metadata={}]
[TestNG] Test testGetAssignableLocations(org.jclouds.slicehost.compute.SlicehostTemplateBuilderLiveTest) succeeded: 0ms
Test suite progress: tests succeeded: 12, failed: 1, skipped: 0.
Starting test testTemplateBuilderCanFind(org.jclouds.slicehost.compute.SlicehostTemplateBuilderLiveTest)
[TestNG] Test testTemplateBuilderCanFind(org.jclouds.slicehost.compute.SlicehostTemplateBuilderLiveTest) succeeded: 3ms
Test suite progress: tests succeeded: 13, failed: 1, skipped: 0.
Starting test testTemplateBuilderCanFind(org.jclouds.slicehost.compute.SlicehostTemplateBuilderLiveTest)
[TestNG] Test testTemplateBuilderCanFind(org.jclouds.slicehost.compute.SlicehostTemplateBuilderLiveTest) succeeded: 2ms
Test suite progress: tests succeeded: 14, failed: 1, skipped: 0.
Starting test testTemplateBuilderCanFind(org.jclouds.slicehost.compute.SlicehostTemplateBuilderLiveTest)
[TestNG] Test testTemplateBuilderCanFind(org.jclouds.slicehost.compute.SlicehostTemplateBuilderLiveTest) succeeded: 2ms
Test suite progress: tests succeeded: 15, failed: 1, skipped: 0.
Starting test testTemplateBuilderCanFind(org.jclouds.slicehost.compute.SlicehostTemplateBuilderLiveTest)
[TestNG] Test testTemplateBuilderCanFind(org.jclouds.slicehost.compute.SlicehostTemplateBuilderLiveTest) succeeded: 3ms
Test suite progress: tests succeeded: 16, failed: 1, skipped: 0.
Starting test testTemplateBuilderCanFind(org.jclouds.slicehost.compute.SlicehostTemplateBuilderLiveTest)
[TestNG] Test testTemplateBuilderCanFind(org.jclouds.slicehost.compute.SlicehostTemplateBuilderLiveTest) succeeded: 3ms
Test suite progress: tests succeeded: 17, failed: 1, skipped: 0.
Starting test testTemplateBuilderCanFind(org.jclouds.slicehost.compute.SlicehostTemplateBuilderLiveTest)
[TestNG] Test testTemplateBuilderCanFind(org.jclouds.slicehost.compute.SlicehostTemplateBuilderLiveTest) succeeded: 2ms
Test suite progress: tests succeeded: 18, failed: 1, skipped: 0.
Starting test testTemplateBuilderCanFind(org.jclouds.slicehost.compute.SlicehostTemplateBuilderLiveTest)
[TestNG] Test testTemplateBuilderCanFind(org.jclouds.slicehost.compute.SlicehostTemplateBuilderLiveTest) succeeded: 2ms
Test suite progress: tests succeeded: 19, failed: 1, skipped: 0.
Starting test testTemplateBuilderCanFind(org.jclouds.slicehost.compute.SlicehostTemplateBuilderLiveTest)
[TestNG] Test testTemplateBuilderCanFind(org.jclouds.slicehost.compute.SlicehostTemplateBuilderLiveTest) succeeded: 1ms
Test suite progress: tests succeeded: 20, failed: 1, skipped: 0.
Starting test testTemplateBuilderCanFind(org.jclouds.slicehost.compute.SlicehostTemplateBuilderLiveTest)
[TestNG] Test testTemplateBuilderCanFind(org.jclouds.slicehost.compute.SlicehostTemplateBuilderLiveTest) succeeded: 1ms
Test suite progress: tests succeeded: 21, failed: 1, skipped: 0.
Starting test testTemplateBuilderCanFind(org.jclouds.slicehost.compute.SlicehostTemplateBuilderLiveTest)
[TestNG] Test testTemplateBuilderCanFind(org.jclouds.slicehost.compute.SlicehostTemplateBuilderLiveTest) succeeded: 1ms
Test suite progress: tests succeeded: 22, failed: 1, skipped: 0.
Starting test testTemplateBuilderCanFind(org.jclouds.slicehost.compute.SlicehostTemplateBuilderLiveTest)
[TestNG] Test testTemplateBuilderCanFind(org.jclouds.slicehost.compute.SlicehostTemplateBuilderLiveTest) succeeded: 2ms
Test suite progress: tests succeeded: 23, failed: 1, skipped: 0.
Starting test testTemplateBuilderCanFind(org.jclouds.slicehost.compute.SlicehostTemplateBuilderLiveTest)
[TestNG] Test testTemplateBuilderCanFind(org.jclouds.slicehost.compute.SlicehostTemplateBuilderLiveTest) succeeded: 3ms
Test suite progress: tests succeeded: 24, failed: 1, skipped: 0.
Starting test testTemplateBuilderCanFind(org.jclouds.slicehost.compute.SlicehostTemplateBuilderLiveTest)
[TestNG] Test testTemplateBuilderCanFind(org.jclouds.slicehost.compute.SlicehostTemplateBuilderLiveTest) succeeded: 2ms
Test suite progress: tests succeeded: 25, failed: 1, skipped: 0.
Starting test testTemplateBuilderCanFind(org.jclouds.slicehost.compute.SlicehostTemplateBuilderLiveTest)
[TestNG] Test testTemplateBuilderCanFind(org.jclouds.slicehost.compute.SlicehostTemplateBuilderLiveTest) succeeded: 1ms
Test suite progress: tests succeeded: 26, failed: 1, skipped: 0.
Starting test testTemplateBuilderCanFind(org.jclouds.slicehost.compute.SlicehostTemplateBuilderLiveTest)
[TestNG] Test testTemplateBuilderCanFind(org.jclouds.slicehost.compute.SlicehostTemplateBuilderLiveTest) succeeded: 2ms
Test suite progress: tests succeeded: 27, failed: 1, skipped: 0.
Starting test testTemplateBuilderCanFind(org.jclouds.slicehost.compute.SlicehostTemplateBuilderLiveTest)
[TestNG] Test testTemplateBuilderCanFind(org.jclouds.slicehost.compute.SlicehostTemplateBuilderLiveTest) succeeded: 13ms
Test suite progress: tests succeeded: 28, failed: 1, skipped: 0.
Starting test testTemplateBuilderCanFind(org.jclouds.slicehost.compute.SlicehostTemplateBuilderLiveTest)
[TestNG] Test testTemplateBuilderCanFind(org.jclouds.slicehost.compute.SlicehostTemplateBuilderLiveTest) succeeded: 0ms
Test suite progress: tests succeeded: 29, failed: 1, skipped: 0.
Starting test testTemplateBuilderCanFind(org.jclouds.slicehost.compute.SlicehostTemplateBuilderLiveTest)
[TestNG] Test testTemplateBuilderCanFind(org.jclouds.slicehost.compute.SlicehostTemplateBuilderLiveTest) succeeded: 1ms
Test suite progress: tests succeeded: 30, failed: 1, skipped: 0.
Starting test testTemplateBuilderCanFind(org.jclouds.slicehost.compute.SlicehostTemplateBuilderLiveTest)
[TestNG] Test testTemplateBuilderCanFind(org.jclouds.slicehost.compute.SlicehostTemplateBuilderLiveTest) succeeded: 1ms
Test suite progress: tests succeeded: 31, failed: 1, skipped: 0.
Starting test testTemplateBuilderCanUseImageId(org.jclouds.slicehost.compute.SlicehostTemplateBuilderLiveTest)
[TestNG] Test testTemplateBuilderCanUseImageId(org.jclouds.slicehost.compute.SlicehostTemplateBuilderLiveTest) succeeded: 1840ms
Test suite progress: tests succeeded: 32, failed: 1, skipped: 0.
Starting test testTemplateBuilderCannotFind(org.jclouds.slicehost.compute.SlicehostTemplateBuilderLiveTest)
[TestNG] Test testTemplateBuilderCannotFind(org.jclouds.slicehost.compute.SlicehostTemplateBuilderLiveTest) succeeded: 3ms
Test suite progress: tests succeeded: 33, failed: 1, skipped: 0.
Starting test testTemplateBuilderCannotFind(org.jclouds.slicehost.compute.SlicehostTemplateBuilderLiveTest)
[TestNG] Test testTemplateBuilderCannotFind(org.jclouds.slicehost.compute.SlicehostTemplateBuilderLiveTest) succeeded: 1ms
Test suite progress: tests succeeded: 34, failed: 1, skipped: 0.
Starting test testTemplateBuilderCannotFind(org.jclouds.slicehost.compute.SlicehostTemplateBuilderLiveTest)
[TestNG] Test testTemplateBuilderCannotFind(org.jclouds.slicehost.compute.SlicehostTemplateBuilderLiveTest) succeeded: 0ms
Test suite progress: tests succeeded: 35, failed: 1, skipped: 0.
Starting test testTemplateBuilderCannotFind(org.jclouds.slicehost.compute.SlicehostTemplateBuilderLiveTest)
[TestNG] Test testTemplateBuilderCannotFind(org.jclouds.slicehost.compute.SlicehostTemplateBuilderLiveTest) succeeded: 1ms
Test suite progress: tests succeeded: 36, failed: 1, skipped: 0.
Starting test testTemplateBuilderCannotFind(org.jclouds.slicehost.compute.SlicehostTemplateBuilderLiveTest)
[TestNG] Test testTemplateBuilderCannotFind(org.jclouds.slicehost.compute.SlicehostTemplateBuilderLiveTest) succeeded: 1ms
Test suite progress: tests succeeded: 37, failed: 1, skipped: 0.
Starting test testTemplateBuilderCannotFind(org.jclouds.slicehost.compute.SlicehostTemplateBuilderLiveTest)
[TestNG] Test testTemplateBuilderCannotFind(org.jclouds.slicehost.compute.SlicehostTemplateBuilderLiveTest) succeeded: 0ms
Test suite progress: tests succeeded: 38, failed: 1, skipped: 0.
Starting test testTemplateBuilderCannotFind(org.jclouds.slicehost.compute.SlicehostTemplateBuilderLiveTest)
[TestNG] Test testTemplateBuilderCannotFind(org.jclouds.slicehost.compute.SlicehostTemplateBuilderLiveTest) succeeded: 1ms
Test suite progress: tests succeeded: 39, failed: 1, skipped: 0.
Starting test testTemplateBuilderCannotFind(org.jclouds.slicehost.compute.SlicehostTemplateBuilderLiveTest)
[TestNG] Test testTemplateBuilderCannotFind(org.jclouds.slicehost.compute.SlicehostTemplateBuilderLiveTest) succeeded: 1ms
Test suite progress: tests succeeded: 40, failed: 1, skipped: 0.
Starting test testTemplateBuilderCannotFind(org.jclouds.slicehost.compute.SlicehostTemplateBuilderLiveTest)
[TestNG] Test testTemplateBuilderCannotFind(org.jclouds.slicehost.compute.SlicehostTemplateBuilderLiveTest) succeeded: 1ms
Test suite progress: tests succeeded: 41, failed: 1, skipped: 0.
Starting test testTemplateBuilderCannotFind(org.jclouds.slicehost.compute.SlicehostTemplateBuilderLiveTest)
[TestNG] Test testTemplateBuilderCannotFind(org.jclouds.slicehost.compute.SlicehostTemplateBuilderLiveTest) succeeded: 1ms
Test suite progress: tests succeeded: 42, failed: 1, skipped: 0.
Starting test testTemplateBuilderCannotFind(org.jclouds.slicehost.compute.SlicehostTemplateBuilderLiveTest)
[TestNG] Test testTemplateBuilderCannotFind(org.jclouds.slicehost.compute.SlicehostTemplateBuilderLiveTest) succeeded: 2ms
Test suite progress: tests succeeded: 43, failed: 1, skipped: 0.
Starting test testTemplateBuilderCannotFind(org.jclouds.slicehost.compute.SlicehostTemplateBuilderLiveTest)
[TestNG] Test testTemplateBuilderCannotFind(org.jclouds.slicehost.compute.SlicehostTemplateBuilderLiveTest) succeeded: 1ms
Test suite progress: tests succeeded: 44, failed: 1, skipped: 0.
Starting test testTemplateBuilderCannotFind(org.jclouds.slicehost.compute.SlicehostTemplateBuilderLiveTest)
[TestNG] Test testTemplateBuilderCannotFind(org.jclouds.slicehost.compute.SlicehostTemplateBuilderLiveTest) succeeded: 1ms
Test suite progress: tests succeeded: 45, failed: 1, skipped: 0.
Starting test testTemplateBuilderCannotFind(org.jclouds.slicehost.compute.SlicehostTemplateBuilderLiveTest)
[TestNG] Test testTemplateBuilderCannotFind(org.jclouds.slicehost.compute.SlicehostTemplateBuilderLiveTest) succeeded: 2ms
Test suite progress: tests succeeded: 46, failed: 1, skipped: 0.
Starting test testTemplateBuilderCannotFind(org.jclouds.slicehost.compute.SlicehostTemplateBuilderLiveTest)
[TestNG] Test testTemplateBuilderCannotFind(org.jclouds.slicehost.compute.SlicehostTemplateBuilderLiveTest) succeeded: 1ms
Test suite progress: tests succeeded: 47, failed: 1, skipped: 0.
Starting test testTemplateBuilderCannotFind(org.jclouds.slicehost.compute.SlicehostTemplateBuilderLiveTest)
[TestNG] Test testTemplateBuilderCannotFind(org.jclouds.slicehost.compute.SlicehostTemplateBuilderLiveTest) succeeded: 2ms
Test suite progress: tests succeeded: 48, failed: 1, skipped: 0.
Starting test testTemplateBuilderCannotFind(org.jclouds.slicehost.compute.SlicehostTemplateBuilderLiveTest)
[TestNG] Test testTemplateBuilderCannotFind(org.jclouds.slicehost.compute.SlicehostTemplateBuilderLiveTest) succeeded: 1ms
Test suite progress: tests succeeded: 49, failed: 1, skipped: 0.
Starting test testTemplateBuilderCannotFind(org.jclouds.slicehost.compute.SlicehostTemplateBuilderLiveTest)
[TestNG] Test testTemplateBuilderCannotFind(org.jclouds.slicehost.compute.SlicehostTemplateBuilderLiveTest) succeeded: 1ms
Test suite progress: tests succeeded: 50, failed: 1, skipped: 0.
Starting test testTemplateBuilderCannotFind(org.jclouds.slicehost.compute.SlicehostTemplateBuilderLiveTest)
[TestNG] Test testTemplateBuilderCannotFind(org.jclouds.slicehost.compute.SlicehostTemplateBuilderLiveTest) succeeded: 1ms
Test suite progress: tests succeeded: 51, failed: 1, skipped: 0.
Starting test testTemplateBuilderCannotFind(org.jclouds.slicehost.compute.SlicehostTemplateBuilderLiveTest)
[TestNG] Test testTemplateBuilderCannotFind(org.jclouds.slicehost.compute.SlicehostTemplateBuilderLiveTest) succeeded: 12ms
Test suite progress: tests succeeded: 52, failed: 1, skipped: 0.
Starting test testTemplateBuilderCannotFind(org.jclouds.slicehost.compute.SlicehostTemplateBuilderLiveTest)
[TestNG] Test testTemplateBuilderCannotFind(org.jclouds.slicehost.compute.SlicehostTemplateBuilderLiveTest) succeeded: 0ms
Test suite progress: tests succeeded: 53, failed: 1, skipped: 0.
Starting test testTemplateBuilderCannotFind(org.jclouds.slicehost.compute.SlicehostTemplateBuilderLiveTest)
[TestNG] Test testTemplateBuilderCannotFind(org.jclouds.slicehost.compute.SlicehostTemplateBuilderLiveTest) succeeded: 0ms
Test suite progress: tests succeeded: 54, failed: 1, skipped: 0.
Starting test testTemplateBuilderCannotFind(org.jclouds.slicehost.compute.SlicehostTemplateBuilderLiveTest)
[TestNG] Test testTemplateBuilderCannotFind(org.jclouds.slicehost.compute.SlicehostTemplateBuilderLiveTest) succeeded: 1ms
Test suite progress: tests succeeded: 55, failed: 1, skipped: 0.
Starting test testTemplateBuilderCannotFind(org.jclouds.slicehost.compute.SlicehostTemplateBuilderLiveTest)
[TestNG] Test testTemplateBuilderCannotFind(org.jclouds.slicehost.compute.SlicehostTemplateBuilderLiveTest) succeeded: 0ms
Test suite progress: tests succeeded: 56, failed: 1, skipped: 0.
Starting test testTemplateBuilderCannotFind(org.jclouds.slicehost.compute.SlicehostTemplateBuilderLiveTest)
[TestNG] Test testTemplateBuilderCannotFind(org.jclouds.slicehost.compute.SlicehostTemplateBuilderLiveTest) succeeded: 2ms
Test suite progress: tests succeeded: 57, failed: 1, skipped: 0.
Starting test testTemplateBuilderCannotFind(org.jclouds.slicehost.compute.SlicehostTemplateBuilderLiveTest)
[TestNG] Test testTemplateBuilderCannotFind(org.jclouds.slicehost.compute.SlicehostTemplateBuilderLiveTest) succeeded: 0ms
Test suite progress: tests succeeded: 58, failed: 1, skipped: 0.
Starting test testTemplateBuilderCannotFind(org.jclouds.slicehost.compute.SlicehostTemplateBuilderLiveTest)
[TestNG] Test testTemplateBuilderCannotFind(org.jclouds.slicehost.compute.SlicehostTemplateBuilderLiveTest) succeeded: 1ms
Test suite progress: tests succeeded: 59, failed: 1, skipped: 0.
Starting test testTemplateBuilderCannotFind(org.jclouds.slicehost.compute.SlicehostTemplateBuilderLiveTest)
[TestNG] Test testTemplateBuilderCannotFind(org.jclouds.slicehost.compute.SlicehostTemplateBuilderLiveTest) succeeded: 1ms
Test suite progress: tests succeeded: 60, failed: 1, skipped: 0.
Starting test testTemplateBuilderCannotFind(org.jclouds.slicehost.compute.SlicehostTemplateBuilderLiveTest)
[TestNG] Test testTemplateBuilderCannotFind(org.jclouds.slicehost.compute.SlicehostTemplateBuilderLiveTest) succeeded: 1ms
Test suite progress: tests succeeded: 61, failed: 1, skipped: 0.
Starting test testTemplateBuilderCannotFind(org.jclouds.slicehost.compute.SlicehostTemplateBuilderLiveTest)
[TestNG] Test testTemplateBuilderCannotFind(org.jclouds.slicehost.compute.SlicehostTemplateBuilderLiveTest) succeeded: 0ms
Test suite progress: tests succeeded: 62, failed: 1, skipped: 0.
Starting test testTemplateBuilderCannotFind(org.jclouds.slicehost.compute.SlicehostTemplateBuilderLiveTest)
[TestNG] Test testTemplateBuilderCannotFind(org.jclouds.slicehost.compute.SlicehostTemplateBuilderLiveTest) succeeded: 1ms
Test suite progress: tests succeeded: 63, failed: 1, skipped: 0.
Starting test testTemplateBuilderCannotFind(org.jclouds.slicehost.compute.SlicehostTemplateBuilderLiveTest)
[TestNG] Test testTemplateBuilderCannotFind(org.jclouds.slicehost.compute.SlicehostTemplateBuilderLiveTest) succeeded: 0ms
Test suite progress: tests succeeded: 64, failed: 1, skipped: 0.
Starting test testTemplateBuilderCannotFind(org.jclouds.slicehost.compute.SlicehostTemplateBuilderLiveTest)
[TestNG] Test testTemplateBuilderCannotFind(org.jclouds.slicehost.compute.SlicehostTemplateBuilderLiveTest) succeeded: 1ms
Test suite progress: tests succeeded: 65, failed: 1, skipped: 0.
Starting test testTemplateBuilderCannotFind(org.jclouds.slicehost.compute.SlicehostTemplateBuilderLiveTest)
[TestNG] Test testTemplateBuilderCannotFind(org.jclouds.slicehost.compute.SlicehostTemplateBuilderLiveTest) succeeded: 1ms
Test suite progress: tests succeeded: 66, failed: 1, skipped: 0.
Starting test testTemplateBuilderCannotFind(org.jclouds.slicehost.compute.SlicehostTemplateBuilderLiveTest)
[TestNG] Test testTemplateBuilderCannotFind(org.jclouds.slicehost.compute.SlicehostTemplateBuilderLiveTest) succeeded: 1ms
Test suite progress: tests succeeded: 67, failed: 1, skipped: 0.
Starting test testTemplateBuilderCannotFind(org.jclouds.slicehost.compute.SlicehostTemplateBuilderLiveTest)
[TestNG] Test testTemplateBuilderCannotFind(org.jclouds.slicehost.compute.SlicehostTemplateBuilderLiveTest) succeeded: 1ms
Test suite progress: tests succeeded: 68, failed: 1, skipped: 0.
Starting test testTemplateBuilderCannotFind(org.jclouds.slicehost.compute.SlicehostTemplateBuilderLiveTest)
[TestNG] Test testTemplateBuilderCannotFind(org.jclouds.slicehost.compute.SlicehostTemplateBuilderLiveTest) succeeded: 0ms
Test suite progress: tests succeeded: 69, failed: 1, skipped: 0.
Starting test testTemplateBuilderCannotFind(org.jclouds.slicehost.compute.SlicehostTemplateBuilderLiveTest)
[TestNG] Test testTemplateBuilderCannotFind(org.jclouds.slicehost.compute.SlicehostTemplateBuilderLiveTest) succeeded: 1ms
Test suite progress: tests succeeded: 70, failed: 1, skipped: 0.
Starting test testTemplateBuilderCannotFind(org.jclouds.slicehost.compute.SlicehostTemplateBuilderLiveTest)
[TestNG] Test testTemplateBuilderCannotFind(org.jclouds.slicehost.compute.SlicehostTemplateBuilderLiveTest) succeeded: 0ms
Test suite progress: tests succeeded: 71, failed: 1, skipped: 0.
Starting test testTemplateBuilderCannotFind(org.jclouds.slicehost.compute.SlicehostTemplateBuilderLiveTest)
[TestNG] Test testTemplateBuilderCannotFind(org.jclouds.slicehost.compute.SlicehostTemplateBuilderLiveTest) succeeded: 0ms
Test suite progress: tests succeeded: 72, failed: 1, skipped: 0.
Starting test testTemplateBuilderCannotFind(org.jclouds.slicehost.compute.SlicehostTemplateBuilderLiveTest)
[TestNG] Test testTemplateBuilderCannotFind(org.jclouds.slicehost.compute.SlicehostTemplateBuilderLiveTest) succeeded: 6ms
Test suite progress: tests succeeded: 73, failed: 1, skipped: 0.
Starting test testTemplateBuilderCannotFind(org.jclouds.slicehost.compute.SlicehostTemplateBuilderLiveTest)
[TestNG] Test testTemplateBuilderCannotFind(org.jclouds.slicehost.compute.SlicehostTemplateBuilderLiveTest) succeeded: 1ms
Test suite progress: tests succeeded: 74, failed: 1, skipped: 0.
Starting test testTemplateBuilderCannotFind(org.jclouds.slicehost.compute.SlicehostTemplateBuilderLiveTest)
[TestNG] Test testTemplateBuilderCannotFind(org.jclouds.slicehost.compute.SlicehostTemplateBuilderLiveTest) succeeded: 2ms
Test suite progress: tests succeeded: 75, failed: 1, skipped: 0.
Starting test testTemplateBuilderCannotFind(org.jclouds.slicehost.compute.SlicehostTemplateBuilderLiveTest)
[TestNG] Test testTemplateBuilderCannotFind(org.jclouds.slicehost.compute.SlicehostTemplateBuilderLiveTest) succeeded: 1ms
Test suite progress: tests succeeded: 76, failed: 1, skipped: 0.
Starting test testTemplateBuilderCannotFind(org.jclouds.slicehost.compute.SlicehostTemplateBuilderLiveTest)
[TestNG] Test testTemplateBuilderCannotFind(org.jclouds.slicehost.compute.SlicehostTemplateBuilderLiveTest) succeeded: 1ms
Test suite progress: tests succeeded: 77, failed: 1, skipped: 0.
Starting test testTemplateBuilderCannotFind(org.jclouds.slicehost.compute.SlicehostTemplateBuilderLiveTest)
[TestNG] Test testTemplateBuilderCannotFind(org.jclouds.slicehost.compute.SlicehostTemplateBuilderLiveTest) succeeded: 0ms
Test suite progress: tests succeeded: 78, failed: 1, skipped: 0.
Starting test testTemplateBuilderCannotFind(org.jclouds.slicehost.compute.SlicehostTemplateBuilderLiveTest)
[TestNG] Test testTemplateBuilderCannotFind(org.jclouds.slicehost.compute.SlicehostTemplateBuilderLiveTest) succeeded: 1ms
Test suite progress: tests succeeded: 79, failed: 1, skipped: 0.
Starting test testTemplateBuilderCannotFind(org.jclouds.slicehost.compute.SlicehostTemplateBuilderLiveTest)
[TestNG] Test testTemplateBuilderCannotFind(org.jclouds.slicehost.compute.SlicehostTemplateBuilderLiveTest) succeeded: 0ms
Test suite progress: tests succeeded: 80, failed: 1, skipped: 0.
Starting test testTemplateBuilderCannotFind(org.jclouds.slicehost.compute.SlicehostTemplateBuilderLiveTest)
[TestNG] Test testTemplateBuilderCannotFind(org.jclouds.slicehost.compute.SlicehostTemplateBuilderLiveTest) succeeded: 1ms
Test suite progress: tests succeeded: 81, failed: 1, skipped: 0.
Starting test testTemplateBuilderCannotFind(org.jclouds.slicehost.compute.SlicehostTemplateBuilderLiveTest)
[TestNG] Test testTemplateBuilderCannotFind(org.jclouds.slicehost.compute.SlicehostTemplateBuilderLiveTest) succeeded: 0ms
Test suite progress: tests succeeded: 82, failed: 1, skipped: 0.
Starting test testTemplateBuilderCannotFind(org.jclouds.slicehost.compute.SlicehostTemplateBuilderLiveTest)
[TestNG] Test testTemplateBuilderCannotFind(org.jclouds.slicehost.compute.SlicehostTemplateBuilderLiveTest) succeeded: 0ms
Test suite progress: tests succeeded: 83, failed: 1, skipped: 0.
Starting test testTemplateBuilderCannotFind(org.jclouds.slicehost.compute.SlicehostTemplateBuilderLiveTest)
[TestNG] Test testTemplateBuilderCannotFind(org.jclouds.slicehost.compute.SlicehostTemplateBuilderLiveTest) succeeded: 1ms
Test suite progress: tests succeeded: 84, failed: 1, skipped: 0.
Starting test testTemplateBuilderCannotFind(org.jclouds.slicehost.compute.SlicehostTemplateBuilderLiveTest)
[TestNG] Test testTemplateBuilderCannotFind(org.jclouds.slicehost.compute.SlicehostTemplateBuilderLiveTest) succeeded: 0ms
Test suite progress: tests succeeded: 85, failed: 1, skipped: 0.
Starting test testTemplateBuilderCannotFind(org.jclouds.slicehost.compute.SlicehostTemplateBuilderLiveTest)
[TestNG] Test testTemplateBuilderCannotFind(org.jclouds.slicehost.compute.SlicehostTemplateBuilderLiveTest) succeeded: 1ms
Test suite progress: tests succeeded: 86, failed: 1, skipped: 0.
Starting test testTemplateBuilderCannotFind(org.jclouds.slicehost.compute.SlicehostTemplateBuilderLiveTest)
[TestNG] Test testTemplateBuilderCannotFind(org.jclouds.slicehost.compute.SlicehostTemplateBuilderLiveTest) succeeded: 1ms
Test suite progress: tests succeeded: 87, failed: 1, skipped: 0.
Starting test testTemplateBuilderCannotFind(org.jclouds.slicehost.compute.SlicehostTemplateBuilderLiveTest)
[TestNG] Test testTemplateBuilderCannotFind(org.jclouds.slicehost.compute.SlicehostTemplateBuilderLiveTest) succeeded: 0ms
Test suite progress: tests succeeded: 88, failed: 1, skipped: 0.
Starting test testTemplateBuilderCannotFind(org.jclouds.slicehost.compute.SlicehostTemplateBuilderLiveTest)
[TestNG] Test testTemplateBuilderCannotFind(org.jclouds.slicehost.compute.SlicehostTemplateBuilderLiveTest) succeeded: 1ms
Test suite progress: tests succeeded: 89, failed: 1, skipped: 0.
Starting test testTemplateBuilderCannotFind(org.jclouds.slicehost.compute.SlicehostTemplateBuilderLiveTest)
[TestNG] Test testTemplateBuilderCannotFind(org.jclouds.slicehost.compute.SlicehostTemplateBuilderLiveTest) succeeded: 0ms
Test suite progress: tests succeeded: 90, failed: 1, skipped: 0.
Starting test testTemplateBuilderCannotFind(org.jclouds.slicehost.compute.SlicehostTemplateBuilderLiveTest)
[TestNG] Test testTemplateBuilderCannotFind(org.jclouds.slicehost.compute.SlicehostTemplateBuilderLiveTest) succeeded: 1ms
Test suite progress: tests succeeded: 91, failed: 1, skipped: 0.
Starting test testTemplateBuilderCannotFind(org.jclouds.slicehost.compute.SlicehostTemplateBuilderLiveTest)
[TestNG] Test testTemplateBuilderCannotFind(org.jclouds.slicehost.compute.SlicehostTemplateBuilderLiveTest) succeeded: 0ms
Test suite progress: tests succeeded: 92, failed: 1, skipped: 0.
Starting test testTemplateBuilderCannotFind(org.jclouds.slicehost.compute.SlicehostTemplateBuilderLiveTest)
[TestNG] Test testTemplateBuilderCannotFind(org.jclouds.slicehost.compute.SlicehostTemplateBuilderLiveTest) succeeded: 0ms
Test suite progress: tests succeeded: 93, failed: 1, skipped: 0.
Starting test testTemplateBuilderCannotFind(org.jclouds.slicehost.compute.SlicehostTemplateBuilderLiveTest)
[TestNG] Test testTemplateBuilderCannotFind(org.jclouds.slicehost.compute.SlicehostTemplateBuilderLiveTest) succeeded: 10ms
Test suite progress: tests succeeded: 94, failed: 1, skipped: 0.
Starting test testTemplateBuilderCannotFind(org.jclouds.slicehost.compute.SlicehostTemplateBuilderLiveTest)
[TestNG] Test testTemplateBuilderCannotFind(org.jclouds.slicehost.compute.SlicehostTemplateBuilderLiveTest) succeeded: 0ms
Test suite progress: tests succeeded: 95, failed: 1, skipped: 0.
Starting test testTemplateBuilderCannotFind(org.jclouds.slicehost.compute.SlicehostTemplateBuilderLiveTest)
[TestNG] Test testTemplateBuilderCannotFind(org.jclouds.slicehost.compute.SlicehostTemplateBuilderLiveTest) succeeded: 0ms
Test suite progress: tests succeeded: 96, failed: 1, skipped: 0.
Starting test testTemplateBuilderCannotFind(org.jclouds.slicehost.compute.SlicehostTemplateBuilderLiveTest)
[TestNG] Test testTemplateBuilderCannotFind(org.jclouds.slicehost.compute.SlicehostTemplateBuilderLiveTest) succeeded: 1ms
Test suite progress: tests succeeded: 97, failed: 1, skipped: 0.
Starting test testTemplateBuilderWithImageIdSpecified(org.jclouds.slicehost.compute.SlicehostTemplateBuilderLiveTest)
[TestNG] Test testTemplateBuilderWithImageIdSpecified(org.jclouds.slicehost.compute.SlicehostTemplateBuilderLiveTest) succeeded: 3932ms
Test suite progress: tests succeeded: 98, failed: 1, skipped: 0.
Starting test testTemplateBuilderWithLoginUserSpecified(org.jclouds.slicehost.compute.SlicehostTemplateBuilderLiveTest)
[TestNG] Test testTemplateBuilderWithLoginUserSpecified(org.jclouds.slicehost.compute.SlicehostTemplateBuilderLiveTest) succeeded: 3675ms
Test suite progress: tests succeeded: 99, failed: 1, skipped: 0.
Starting test testDefaultTemplateBuilder(org.jclouds.slicehost.compute.SlicehostTemplateBuilderLiveTest)
[TestNG] Test testDefaultTemplateBuilder(org.jclouds.slicehost.compute.SlicehostTemplateBuilderLiveTest) succeeded: 2ms
Test suite progress: tests succeeded: 100, failed: 1, skipped: 0.
Starting test testFromTemplate(org.jclouds.slicehost.compute.SlicehostTemplateBuilderLiveTest)
[TestNG] Test testFromTemplate(org.jclouds.slicehost.compute.SlicehostTemplateBuilderLiveTest) succeeded: 0ms
Test suite progress: tests succeeded: 101, failed: 1, skipped: 0.
Starting test testAScriptExecutionAfterBootWithBasicTemplate(org.jclouds.slicehost.compute.SlicehostComputeServiceLiveTest)
log4j:WARN No appenders could be found for logger (jclouds.ssh).
log4j:WARN Please initialize the log4j system properly.
log4j:WARN See http://logging.apache.org/log4j/1.2/faq.html#noconfig for more info.
<< problem applying options to node(20509232): 
org.jclouds.rest.AuthorizationException: (root:pw[5d907853a9617cfd55fb62eae803595b]@184.106.92.231:22) (root:pw[5d907853a9617cfd55fb62eae803595b]@184.106.92.231:22) error acquiring SSHClient(timeout=60000) (not retryable): Exhausted available authentication methods
	at org.jclouds.sshj.SshjSshClient.propagate(SshjSshClient.java:414)
	at org.jclouds.sshj.SshjSshClient.acquire(SshjSshClient.java:245)
	at org.jclouds.sshj.SshjSshClient.connect(SshjSshClient.java:255)
	at org.jclouds.compute.callables.RunScriptOnNodeUsingSsh.call(RunScriptOnNodeUsingSsh.java:73)
	at org.jclouds.compute.strategy.RunScriptOnNodeAndAddToGoodMapOrPutExceptionIntoBadMap.call(RunScriptOnNodeAndAddToGoodMapOrPutExceptionIntoBadMap.java:69)
	at org.jclouds.compute.strategy.RunScriptOnNodeAndAddToGoodMapOrPutExceptionIntoBadMap.call(RunScriptOnNodeAndAddToGoodMapOrPutExceptionIntoBadMap.java:44)
	at java.util.concurrent.FutureTask$Sync.innerRun(FutureTask.java:303)
	at java.util.concurrent.FutureTask.run(FutureTask.java:138)
	at java.util.concurrent.ThreadPoolExecutor$Worker.runTask(ThreadPoolExecutor.java:886)
	at java.util.concurrent.ThreadPoolExecutor$Worker.run(ThreadPoolExecutor.java:908)
	at java.lang.Thread.run(Thread.java:680)
Caused by: net.schmizz.sshj.userauth.UserAuthException: Exhausted available authentication methods
	at net.schmizz.sshj.userauth.UserAuthImpl.authenticate(UserAuthImpl.java:114)
	at net.schmizz.sshj.SSHClient.auth(SSHClient.java:204)
	at net.schmizz.sshj.SSHClient.auth(SSHClient.java:189)
	at net.schmizz.sshj.SSHClient.authPassword(SSHClient.java:265)
	at net.schmizz.sshj.SSHClient.authPassword(SSHClient.java:235)
	at net.schmizz.sshj.SSHClient.authPassword(SSHClient.java:219)
	at org.jclouds.sshj.SshjSshClient$1.create(SshjSshClient.java:201)
	at org.jclouds.sshj.SshjSshClient$1.create(SshjSshClient.java:177)
	at org.jclouds.sshj.SshjSshClient.acquire(SshjSshClient.java:226)
	... 9 more
Caused by: net.schmizz.sshj.userauth.UserAuthException: keyboard-interactive auth not allowed by server
	at net.schmizz.sshj.userauth.UserAuthImpl.authenticate(UserAuthImpl.java:81)
	... 17 more
[TestNG] Test testAScriptExecutionAfterBootWithBasicTemplate(org.jclouds.slicehost.compute.SlicehostComputeServiceLiveTest) failed.
Test suite progress: tests succeeded: 101, failed: 2, skipped: 0.
Starting test testCreateTwoNodesWithRunScript(org.jclouds.slicehost.compute.SlicehostComputeServiceLiveTest)
[TestNG] Test testCreateTwoNodesWithRunScript(org.jclouds.slicehost.compute.SlicehostComputeServiceLiveTest) failed.
Test suite progress: tests succeeded: 101, failed: 3, skipped: 0.
Starting test testTemplateMatch(org.jclouds.slicehost.compute.SlicehostComputeServiceLiveTest)
[TestNG] Test testTemplateMatch(org.jclouds.slicehost.compute.SlicehostComputeServiceLiveTest) succeeded: 2028ms
Test suite progress: tests succeeded: 102, failed: 3, skipped: 0.
[TestNG] Test testGetNodesWithDetails(org.jclouds.slicehost.compute.SlicehostComputeServiceLiveTest) skipped.
Test suite progress: tests succeeded: 102, failed: 3, skipped: 1.
[TestNG] Test testListNodes(org.jclouds.slicehost.compute.SlicehostComputeServiceLiveTest) skipped.
Test suite progress: tests succeeded: 102, failed: 3, skipped: 2.
[TestNG] Test testCreateAnotherNodeWithANewContextToEnsureSharedMemIsntRequired(org.jclouds.slicehost.compute.SlicehostComputeServiceLiveTest) skipped.
Test suite progress: tests succeeded: 102, failed: 3, skipped: 3.
[TestNG] Test testDestroyNodes(org.jclouds.slicehost.compute.SlicehostComputeServiceLiveTest) skipped.
Test suite progress: tests succeeded: 102, failed: 3, skipped: 4.
[TestNG] Test testCredentialsCache(org.jclouds.slicehost.compute.SlicehostComputeServiceLiveTest) skipped.
Test suite progress: tests succeeded: 102, failed: 3, skipped: 5.
[TestNG] Test testGet(org.jclouds.slicehost.compute.SlicehostComputeServiceLiveTest) skipped.
Test suite progress: tests succeeded: 102, failed: 3, skipped: 6.
[TestNG] Test testReboot(org.jclouds.slicehost.compute.SlicehostComputeServiceLiveTest) skipped.
Test suite progress: tests succeeded: 102, failed: 3, skipped: 7.
Starting test testCreateSlice(org.jclouds.slicehost.SlicehostClientLiveTest)
[TestNG] Test testCreateSlice(org.jclouds.slicehost.SlicehostClientLiveTest) failed.
Test suite progress: tests succeeded: 102, failed: 4, skipped: 7.
Starting test testGetImageDetailsNotFound(org.jclouds.slicehost.SlicehostClientLiveTest)
[TestNG] Test testGetImageDetailsNotFound(org.jclouds.slicehost.SlicehostClientLiveTest) succeeded: 1322ms
Test suite progress: tests succeeded: 103, failed: 4, skipped: 7.
Starting test testGetImagesDetail(org.jclouds.slicehost.SlicehostClientLiveTest)
[TestNG] Test testGetImagesDetail(org.jclouds.slicehost.SlicehostClientLiveTest) succeeded: 75283ms
Test suite progress: tests succeeded: 104, failed: 4, skipped: 7.
Starting test testGetSlicesDetail(org.jclouds.slicehost.SlicehostClientLiveTest)
[TestNG] Test testGetSlicesDetail(org.jclouds.slicehost.SlicehostClientLiveTest) succeeded: 7016ms
Test suite progress: tests succeeded: 105, failed: 4, skipped: 7.
Starting test testListFlavorsDetail(org.jclouds.slicehost.SlicehostClientLiveTest)
[TestNG] Test testListFlavorsDetail(org.jclouds.slicehost.SlicehostClientLiveTest) succeeded: 290ms
Test suite progress: tests succeeded: 106, failed: 4, skipped: 7.
Starting test testListImages(org.jclouds.slicehost.SlicehostClientLiveTest)
[TestNG] Test testListImages(org.jclouds.slicehost.SlicehostClientLiveTest) succeeded: 1576ms
Test suite progress: tests succeeded: 107, failed: 4, skipped: 7.
Starting test testListImagesDetail(org.jclouds.slicehost.SlicehostClientLiveTest)
[TestNG] Test testListImagesDetail(org.jclouds.slicehost.SlicehostClientLiveTest) succeeded: 1339ms
Test suite progress: tests succeeded: 108, failed: 4, skipped: 7.
Starting test testListSlices(org.jclouds.slicehost.SlicehostClientLiveTest)
[TestNG] Test testListSlices(org.jclouds.slicehost.SlicehostClientLiveTest) succeeded: 2395ms
Test suite progress: tests succeeded: 109, failed: 4, skipped: 7.
Starting test testListSlicesDetail(org.jclouds.slicehost.SlicehostClientLiveTest)
[TestNG] Test testListSlicesDetail(org.jclouds.slicehost.SlicehostClientLiveTest) succeeded: 2572ms
Test suite progress: tests succeeded: 110, failed: 4, skipped: 7.
Starting test testGetFlavorDetailsNotFound(org.jclouds.slicehost.SlicehostClientLiveTest)
[TestNG] Test testGetFlavorDetailsNotFound(org.jclouds.slicehost.SlicehostClientLiveTest) succeeded: 303ms
Test suite progress: tests succeeded: 111, failed: 4, skipped: 7.
Starting test testGetFlavorsDetail(org.jclouds.slicehost.SlicehostClientLiveTest)
[TestNG] Test testGetFlavorsDetail(org.jclouds.slicehost.SlicehostClientLiveTest) succeeded: 3822ms
Test suite progress: tests succeeded: 112, failed: 4, skipped: 7.
Starting test testListFlavors(org.jclouds.slicehost.SlicehostClientLiveTest)
[TestNG] Test testListFlavors(org.jclouds.slicehost.SlicehostClientLiveTest) succeeded: 286ms
Test suite progress: tests succeeded: 113, failed: 4, skipped: 7.
Starting test testGetSliceDetailsNotFound(org.jclouds.slicehost.SlicehostClientLiveTest)
[TestNG] Test testGetSliceDetailsNotFound(org.jclouds.slicehost.SlicehostClientLiveTest) succeeded: 288ms
Test suite progress: tests succeeded: 114, failed: 4, skipped: 7.
[TestNG] Test testSliceDetails(org.jclouds.slicehost.SlicehostClientLiveTest) skipped.
Test suite progress: tests succeeded: 114, failed: 4, skipped: 8.
[TestNG] Test testRebootHard(org.jclouds.slicehost.SlicehostClientLiveTest) skipped.
Test suite progress: tests succeeded: 114, failed: 4, skipped: 9.
[TestNG] Test testRebootSoft(org.jclouds.slicehost.SlicehostClientLiveTest) skipped.
Test suite progress: tests succeeded: 114, failed: 4, skipped: 10.
[TestNG] Test destroySlice1(org.jclouds.slicehost.SlicehostClientLiveTest) skipped.
Test suite progress: tests succeeded: 114, failed: 4, skipped: 11.
Tests run: 129, Failures: 4, Errors: 0, Skipped: 11, Time elapsed: 1,167.561 sec <<< FAILURE!

Results :

Failed tests:   testSuspendResume(org.jclouds.slicehost.compute.SlicehostComputeServiceLiveTest): 
  testAScriptExecutionAfterBootWithBasicTemplate(org.jclouds.slicehost.compute.SlicehostComputeServiceLiveTest): expected:<RUNNING> but was:<PENDING>
  testCreateTwoNodesWithRunScript(org.jclouds.slicehost.compute.SlicehostComputeServiceLiveTest): expected:<RUNNING> but was:<PENDING>
  testCreateSlice(org.jclouds.slicehost.SlicehostClientLiveTest): Invalid Image or Backup

Tests run: 129, Failures: 4, Errors: 0, Skipped: 11

[INFO] ------------------------------------------------------------------------
[INFO] BUILD FAILURE
[INFO] ------------------------------------------------------------------------
[INFO] Total time: 19:54.892s
[INFO] Finished at: Sun Jan 15 10:26:05 PST 2012
[INFO] Final Memory: 21M/265M
[INFO] ------------------------------------------------------------------------
[ERROR] Failed to execute goal org.apache.maven.plugins:maven-surefire-plugin:2.10:test (integration) on project slicehost: There are test failures.
[ERROR] 
[ERROR] Please refer to /Users/adriancole/workspace/git/jclouds/providers/slicehost/target/surefire-reports for the individual test results.
[ERROR] -> [Help 1]
[ERROR] 
[ERROR] To see the full stack trace of the errors, re-run Maven with the -e switch.
[ERROR] Re-run Maven using the -X switch to enable full debug logging.
[ERROR] 
[ERROR] For more information about the errors and possible solutions, please read the following articles:
[ERROR] [Help 1] http://cwiki.apache.org/confluence/display/MAVEN/MojoFailureException
