-------------------------------------------------------------------------------
Test set: TestSuite
-------------------------------------------------------------------------------
Tests run: 123, Failures: 5, Errors: 0, Skipped: 0, Time elapsed: 1,675.954 sec <<< FAILURE!
testTemplateBuilderWithImageIdSpecified(org.jclouds.stratogen.vcloud.mycloud.compute.StratoGenVCloudMyCloudTemplateBuilderLiveTest)  Time elapsed: 86.193 sec  <<< FAILURE!
java.util.NoSuchElementException: imageId(https://vcd.stratogen.net/api/v1.0/vAppTemplate/vappTemplate-134af01d-5684-4c26-85e0-3945c1df94d4) not found
	at org.jclouds.compute.domain.internal.TemplateBuilderImpl.build(TemplateBuilderImpl.java:606)
	at org.jclouds.compute.domain.internal.TemplateBuilderImpl.build(TemplateBuilderImpl.java:592)
	at org.jclouds.compute.BaseTemplateBuilderLiveTest.testTemplateBuilderWithImageIdSpecified(BaseTemplateBuilderLiveTest.java:253)
	at sun.reflect.NativeMethodAccessorImpl.invoke0(Native Method)
	at sun.reflect.NativeMethodAccessorImpl.invoke(NativeMethodAccessorImpl.java:39)
	at sun.reflect.DelegatingMethodAccessorImpl.invoke(DelegatingMethodAccessorImpl.java:25)
	at java.lang.reflect.Method.invoke(Method.java:597)
	at org.testng.internal.MethodInvocationHelper.invokeMethod(MethodInvocationHelper.java:80)
	at org.testng.internal.Invoker.invokeMethod(Invoker.java:691)
	at org.testng.internal.Invoker.invokeTestMethod(Invoker.java:883)
	at org.testng.internal.Invoker.invokeTestMethods(Invoker.java:1208)
	at org.testng.internal.TestMethodWorker.invokeTestMethods(TestMethodWorker.java:127)
	at org.testng.internal.TestMethodWorker.run(TestMethodWorker.java:111)
	at org.testng.TestRunner.privateRun(TestRunner.java:758)
	at org.testng.TestRunner.run(TestRunner.java:613)
	at org.testng.SuiteRunner.runTest(SuiteRunner.java:334)
	at org.testng.SuiteRunner.access$000(SuiteRunner.java:37)
	at org.testng.SuiteRunner$SuiteWorker.run(SuiteRunner.java:368)
	at org.testng.internal.thread.ThreadUtil$CountDownLatchedRunnable.run(ThreadUtil.java:165)
	at java.util.concurrent.ThreadPoolExecutor$Worker.runTask(ThreadPoolExecutor.java:886)
	at java.util.concurrent.ThreadPoolExecutor$Worker.run(ThreadPoolExecutor.java:908)
	at java.lang.Thread.run(Thread.java:680)
testExtendedOptionsWithCustomizationScript(org.jclouds.stratogen.vcloud.mycloud.features.StratoGenVCloudMyCloudVmClientLiveTest)  Time elapsed: 141.526 sec  <<< FAILURE!
java.lang.AssertionError: expected:<cat > /root/foo.txt<<EOF
I '"love"' {asc|!}*&
EOF
> but was:<dpkg-reconfigure openssh-server
cat > /root/foo.txt<<EOF
I '"love"' {asc|!}*&
EOF
>
	at org.testng.Assert.fail(Assert.java:89)
	at org.testng.Assert.failNotEquals(Assert.java:489)
	at org.testng.Assert.assertEquals(Assert.java:118)
	at org.testng.Assert.assertEquals(Assert.java:171)
	at org.testng.Assert.assertEquals(Assert.java:181)
	at org.jclouds.vcloud.features.VmClientLiveTest.checkApiOutput1_0_1(VmClientLiveTest.java:152)
	at org.jclouds.vcloud.features.VmClientLiveTest.checkApiOutput(VmClientLiveTest.java:140)
	at org.jclouds.vcloud.features.VmClientLiveTest.testExtendedOptionsWithCustomizationScript(VmClientLiveTest.java:118)
	at sun.reflect.NativeMethodAccessorImpl.invoke0(Native Method)
	at sun.reflect.NativeMethodAccessorImpl.invoke(NativeMethodAccessorImpl.java:39)
	at sun.reflect.DelegatingMethodAccessorImpl.invoke(DelegatingMethodAccessorImpl.java:25)
	at java.lang.reflect.Method.invoke(Method.java:597)
	at org.testng.internal.MethodInvocationHelper.invokeMethod(MethodInvocationHelper.java:80)
	at org.testng.internal.Invoker.invokeMethod(Invoker.java:691)
	at org.testng.internal.Invoker.invokeTestMethod(Invoker.java:883)
	at org.testng.internal.Invoker.invokeTestMethods(Invoker.java:1208)
	at org.testng.internal.TestMethodWorker.invokeTestMethods(TestMethodWorker.java:127)
	at org.testng.internal.TestMethodWorker.run(TestMethodWorker.java:111)
	at org.testng.TestRunner.privateRun(TestRunner.java:758)
	at org.testng.TestRunner.run(TestRunner.java:613)
	at org.testng.SuiteRunner.runTest(SuiteRunner.java:334)
	at org.testng.SuiteRunner.access$000(SuiteRunner.java:37)
	at org.testng.SuiteRunner$SuiteWorker.run(SuiteRunner.java:368)
	at org.testng.internal.thread.ThreadUtil$CountDownLatchedRunnable.run(ThreadUtil.java:165)
	at java.util.concurrent.ThreadPoolExecutor$Worker.runTask(ThreadPoolExecutor.java:886)
	at java.util.concurrent.ThreadPoolExecutor$Worker.run(ThreadPoolExecutor.java:908)
	at java.lang.Thread.run(Thread.java:680)
testCaptureVApp(org.jclouds.stratogen.vcloud.mycloud.features.StratoGenVCloudMyCloudVAppTemplateClientLiveTest)  Time elapsed: 0.99 sec  <<< FAILURE!
org.jclouds.rest.ResourceNotFoundException: No access to entity "(com.vmware.vcloud.entity.catalog:46f2e02e-a54a-4a7d-9f4b-b877dae67156)".
	at org.jclouds.vcloud.handlers.ParseVCloudErrorFromHttpResponse.handleError(ParseVCloudErrorFromHttpResponse.java:101)
	at org.jclouds.http.handlers.DelegatingErrorHandler.handleError(DelegatingErrorHandler.java:69)
	at org.jclouds.http.internal.BaseHttpCommandExecutorService$HttpResponseCallable.shouldContinue(BaseHttpCommandExecutorService.java:200)
	at org.jclouds.http.internal.BaseHttpCommandExecutorService$HttpResponseCallable.call(BaseHttpCommandExecutorService.java:165)
	at org.jclouds.http.internal.BaseHttpCommandExecutorService$HttpResponseCallable.call(BaseHttpCommandExecutorService.java:134)
	at java.util.concurrent.FutureTask$Sync.innerRun(FutureTask.java:303)
	at java.util.concurrent.FutureTask.run(FutureTask.java:138)
	at java.util.concurrent.ThreadPoolExecutor$Worker.runTask(ThreadPoolExecutor.java:886)
	at java.util.concurrent.ThreadPoolExecutor$Worker.run(ThreadPoolExecutor.java:908)
	at java.lang.Thread.run(Thread.java:680)
	at org.jclouds.concurrent.config.ExecutorServiceModule$DescribingExecutorService.submit(ExecutorServiceModule.java:182)
	at org.jclouds.http.internal.BaseHttpCommandExecutorService.submit(BaseHttpCommandExecutorService.java:131)
	at org.jclouds.http.TransformingHttpCommandExecutorServiceImpl.submit(TransformingHttpCommandExecutorServiceImpl.java:54)
	at org.jclouds.http.TransformingHttpCommandImpl.execute(TransformingHttpCommandImpl.java:73)
	at org.jclouds.rest.internal.AsyncRestClientProxy.createListenableFuture(AsyncRestClientProxy.java:156)
	at org.jclouds.rest.internal.AsyncRestClientProxy.invoke(AsyncRestClientProxy.java:126)
	at $Proxy85.addVAppTemplateOrMediaImageToCatalogAndNameItem(Unknown Source)
	at sun.reflect.NativeMethodAccessorImpl.invoke0(Native Method)
	at sun.reflect.NativeMethodAccessorImpl.invoke(NativeMethodAccessorImpl.java:39)
	at sun.reflect.DelegatingMethodAccessorImpl.invoke(DelegatingMethodAccessorImpl.java:25)
	at java.lang.reflect.Method.invoke(Method.java:597)
	at org.jclouds.concurrent.internal.SyncProxy.invoke(SyncProxy.java:137)
	at $Proxy86.addVAppTemplateOrMediaImageToCatalogAndNameItem(Unknown Source)
	at org.jclouds.vcloud.features.VAppTemplateClientLiveTest.testCaptureVApp(VAppTemplateClientLiveTest.java:150)
	at sun.reflect.NativeMethodAccessorImpl.invoke0(Native Method)
	at sun.reflect.NativeMethodAccessorImpl.invoke(NativeMethodAccessorImpl.java:39)
	at sun.reflect.DelegatingMethodAccessorImpl.invoke(DelegatingMethodAccessorImpl.java:25)
	at java.lang.reflect.Method.invoke(Method.java:597)
	at org.testng.internal.MethodInvocationHelper.invokeMethod(MethodInvocationHelper.java:80)
	at org.testng.internal.Invoker.invokeMethod(Invoker.java:691)
	at org.testng.internal.Invoker.invokeTestMethod(Invoker.java:883)
	at org.testng.internal.Invoker.invokeTestMethods(Invoker.java:1208)
	at org.testng.internal.TestMethodWorker.invokeTestMethods(TestMethodWorker.java:127)
	at org.testng.internal.TestMethodWorker.run(TestMethodWorker.java:111)
	at org.testng.TestRunner.privateRun(TestRunner.java:758)
	at org.testng.TestRunner.run(TestRunner.java:613)
	at org.testng.SuiteRunner.runTest(SuiteRunner.java:334)
	at org.testng.SuiteRunner.access$000(SuiteRunner.java:37)
	at org.testng.SuiteRunner$SuiteWorker.run(SuiteRunner.java:368)
	at org.testng.internal.thread.ThreadUtil$CountDownLatchedRunnable.run(ThreadUtil.java:165)
	at java.util.concurrent.ThreadPoolExecutor$Worker.runTask(ThreadPoolExecutor.java:886)
	at java.util.concurrent.ThreadPoolExecutor$Worker.run(ThreadPoolExecutor.java:908)
	at java.lang.Thread.run(Thread.java:680)
	at org.jclouds.concurrent.config.ExecutorServiceModule$DescribingExecutorService.submit(ExecutorServiceModule.java:182)
	at org.jclouds.http.internal.BaseHttpCommandExecutorService.submit(BaseHttpCommandExecutorService.java:131)
	at org.jclouds.http.TransformingHttpCommandExecutorServiceImpl.submit(TransformingHttpCommandExecutorServiceImpl.java:54)
	at org.jclouds.http.TransformingHttpCommandImpl.execute(TransformingHttpCommandImpl.java:73)
	at org.jclouds.rest.internal.AsyncRestClientProxy.createListenableFuture(AsyncRestClientProxy.java:156)
	at org.jclouds.rest.internal.AsyncRestClientProxy.invoke(AsyncRestClientProxy.java:126)
	at $Proxy85.addVAppTemplateOrMediaImageToCatalogAndNameItem(Unknown Source)
	at sun.reflect.NativeMethodAccessorImpl.invoke0(Native Method)
	at sun.reflect.NativeMethodAccessorImpl.invoke(NativeMethodAccessorImpl.java:39)
	at sun.reflect.DelegatingMethodAccessorImpl.invoke(DelegatingMethodAccessorImpl.java:25)
	at java.lang.reflect.Method.invoke(Method.java:597)
	at org.jclouds.concurrent.internal.SyncProxy.invoke(SyncProxy.java:137)
	at $Proxy86.addVAppTemplateOrMediaImageToCatalogAndNameItem(Unknown Source)
	at org.jclouds.vcloud.features.VAppTemplateClientLiveTest.testCaptureVApp(VAppTemplateClientLiveTest.java:150)
	at sun.reflect.NativeMethodAccessorImpl.invoke0(Native Method)
	at sun.reflect.NativeMethodAccessorImpl.invoke(NativeMethodAccessorImpl.java:39)
	at sun.reflect.DelegatingMethodAccessorImpl.invoke(DelegatingMethodAccessorImpl.java:25)
	at java.lang.reflect.Method.invoke(Method.java:597)
	at org.testng.internal.MethodInvocationHelper.invokeMethod(MethodInvocationHelper.java:80)
	at org.testng.internal.Invoker.invokeMethod(Invoker.java:691)
	at org.testng.internal.Invoker.invokeTestMethod(Invoker.java:883)
	at org.testng.internal.Invoker.invokeTestMethods(Invoker.java:1208)
	at org.testng.internal.TestMethodWorker.invokeTestMethods(TestMethodWorker.java:127)
	at org.testng.internal.TestMethodWorker.run(TestMethodWorker.java:111)
	at org.testng.TestRunner.privateRun(TestRunner.java:758)
	at org.testng.TestRunner.run(TestRunner.java:613)
	at org.testng.SuiteRunner.runTest(SuiteRunner.java:334)
	at org.testng.SuiteRunner.access$000(SuiteRunner.java:37)
	at org.testng.SuiteRunner$SuiteWorker.run(SuiteRunner.java:368)
	at org.testng.internal.thread.ThreadUtil$CountDownLatchedRunnable.run(ThreadUtil.java:165)
	at java.util.concurrent.ThreadPoolExecutor$Worker.runTask(ThreadPoolExecutor.java:886)
	at java.util.concurrent.ThreadPoolExecutor$Worker.run(ThreadPoolExecutor.java:908)
	at java.lang.Thread.run(Thread.java:680)
Caused by: org.jclouds.vcloud.VCloudResponseException: request POST https://vcd.stratogen.net/api/v1.0/catalog/46f2e02e-a54a-4a7d-9f4b-b877dae67156/catalogItems HTTP/1.1 failed with code 403, error: [majorErrorCode=403, message=No access to entity "(com.vmware.vcloud.entity.catalog:46f2e02e-a54a-4a7d-9f4b-b877dae67156)"., minorErrorCode=ACCESS_TO_RESOURCE_IS_FORBIDDEN, stackTrace=null, vendorSpecificErrorCode=null]
	at org.jclouds.vcloud.handlers.ParseVCloudErrorFromHttpResponse.handleError(ParseVCloudErrorFromHttpResponse.java:74)
	at org.jclouds.http.handlers.DelegatingErrorHandler.handleError(DelegatingErrorHandler.java:69)
	at org.jclouds.http.internal.BaseHttpCommandExecutorService$HttpResponseCallable.shouldContinue(BaseHttpCommandExecutorService.java:200)
	at org.jclouds.http.internal.BaseHttpCommandExecutorService$HttpResponseCallable.call(BaseHttpCommandExecutorService.java:165)
	at org.jclouds.http.internal.BaseHttpCommandExecutorService$HttpResponseCallable.call(BaseHttpCommandExecutorService.java:134)
	at java.util.concurrent.FutureTask$Sync.innerRun(FutureTask.java:303)
	at java.util.concurrent.FutureTask.run(FutureTask.java:138)
	... 3 more
Caused by: org.jclouds.vcloud.VCloudResponseException: request POST https://vcd.stratogen.net/api/v1.0/catalog/46f2e02e-a54a-4a7d-9f4b-b877dae67156/catalogItems HTTP/1.1 failed with code 403, error: [majorErrorCode=403, message=No access to entity "(com.vmware.vcloud.entity.catalog:46f2e02e-a54a-4a7d-9f4b-b877dae67156)"., minorErrorCode=ACCESS_TO_RESOURCE_IS_FORBIDDEN, stackTrace=null, vendorSpecificErrorCode=null]
	at org.jclouds.vcloud.handlers.ParseVCloudErrorFromHttpResponse.handleError(ParseVCloudErrorFromHttpResponse.java:74)
	at org.jclouds.http.handlers.DelegatingErrorHandler.handleError(DelegatingErrorHandler.java:69)
	at org.jclouds.http.internal.BaseHttpCommandExecutorService$HttpResponseCallable.shouldContinue(BaseHttpCommandExecutorService.java:200)
	at org.jclouds.http.internal.BaseHttpCommandExecutorService$HttpResponseCallable.call(BaseHttpCommandExecutorService.java:165)
	at org.jclouds.http.internal.BaseHttpCommandExecutorService$HttpResponseCallable.call(BaseHttpCommandExecutorService.java:134)
	at java.util.concurrent.FutureTask$Sync.innerRun(FutureTask.java:303)
	at java.util.concurrent.FutureTask.run(FutureTask.java:138)
	... 3 more
testGetOvfEnvelopeForVAppTemplate(org.jclouds.stratogen.vcloud.mycloud.features.StratoGenVCloudMyCloudVAppTemplateClientLiveTest)  Time elapsed: 7.594 sec  <<< FAILURE!
java.lang.IllegalArgumentException: this handler cannot currently create envelopes with multiple virtual systems
	at org.jclouds.ovf.xml.internal.BaseEnvelopeHandler.endElement(BaseEnvelopeHandler.java:136)
	at com.sun.org.apache.xerces.internal.parsers.AbstractSAXParser.endElement(AbstractSAXParser.java:601)
	at com.sun.org.apache.xerces.internal.impl.XMLDocumentFragmentScannerImpl.scanEndElement(XMLDocumentFragmentScannerImpl.java:1782)
	at com.sun.org.apache.xerces.internal.impl.XMLDocumentFragmentScannerImpl$FragmentContentDriver.next(XMLDocumentFragmentScannerImpl.java:2939)
	at com.sun.org.apache.xerces.internal.impl.XMLDocumentScannerImpl.next(XMLDocumentScannerImpl.java:648)
	at com.sun.org.apache.xerces.internal.impl.XMLDocumentFragmentScannerImpl.scanDocument(XMLDocumentFragmentScannerImpl.java:511)
	at com.sun.org.apache.xerces.internal.parsers.XML11Configuration.parse(XML11Configuration.java:808)
	at com.sun.org.apache.xerces.internal.parsers.XML11Configuration.parse(XML11Configuration.java:737)
	at com.sun.org.apache.xerces.internal.parsers.XMLParser.parse(XMLParser.java:119)
	at com.sun.org.apache.xerces.internal.parsers.AbstractSAXParser.parse(AbstractSAXParser.java:1205)
	at com.sun.org.apache.xerces.internal.jaxp.SAXParserImpl$JAXPSAXParser.parse(SAXParserImpl.java:522)
	at org.jclouds.http.functions.ParseSax.doParse(ParseSax.java:141)
	at org.jclouds.http.functions.ParseSax.convertStreamToStringAndParse(ParseSax.java:100)
	at org.jclouds.http.functions.ParseSax.apply(ParseSax.java:84)
	at org.jclouds.http.functions.ParseSax.apply(ParseSax.java:54)
	at com.google.common.util.concurrent.Futures$4.apply(Futures.java:503)
	at com.google.common.util.concurrent.Futures$4.apply(Futures.java:501)
	at com.google.common.util.concurrent.Futures$3.apply(Futures.java:279)
	at com.google.common.util.concurrent.Futures$ChainingListenableFuture.run(Futures.java:729)
	at java.util.concurrent.ThreadPoolExecutor$Worker.runTask(ThreadPoolExecutor.java:886)
	at java.util.concurrent.ThreadPoolExecutor$Worker.run(ThreadPoolExecutor.java:908)
	at java.lang.Thread.run(Thread.java:680)
testAScriptExecutionAfterBootWithBasicTemplate(org.jclouds.stratogen.vcloud.mycloud.compute.StratoGenVCloudMyCloudComputeServiceLiveTest)  Time elapsed: 197.348 sec  <<< FAILURE!
java.lang.AssertionError
	at org.jclouds.stratogen.vcloud.mycloud.compute.StratoGenVCloudMyCloudComputeServiceLiveTest.checkResponseEqualsHostname(StratoGenVCloudMyCloudComputeServiceLiveTest.java:39)
	at org.jclouds.compute.BaseComputeServiceLiveTest.testAScriptExecutionAfterBootWithBasicTemplate(BaseComputeServiceLiveTest.java:239)
	at sun.reflect.NativeMethodAccessorImpl.invoke0(Native Method)
	at sun.reflect.NativeMethodAccessorImpl.invoke(NativeMethodAccessorImpl.java:39)
	at sun.reflect.DelegatingMethodAccessorImpl.invoke(DelegatingMethodAccessorImpl.java:25)
	at java.lang.reflect.Method.invoke(Method.java:597)
	at org.testng.internal.MethodInvocationHelper.invokeMethod(MethodInvocationHelper.java:80)
	at org.testng.internal.Invoker.invokeMethod(Invoker.java:691)
	at org.testng.internal.Invoker.invokeTestMethod(Invoker.java:883)
	at org.testng.internal.Invoker.invokeTestMethods(Invoker.java:1208)
	at org.testng.internal.TestMethodWorker.invokeTestMethods(TestMethodWorker.java:127)
	at org.testng.internal.TestMethodWorker.run(TestMethodWorker.java:111)
	at org.testng.TestRunner.privateRun(TestRunner.java:758)
	at org.testng.TestRunner.run(TestRunner.java:613)
	at org.testng.SuiteRunner.runTest(SuiteRunner.java:334)
	at org.testng.SuiteRunner.access$000(SuiteRunner.java:37)
	at org.testng.SuiteRunner$SuiteWorker.run(SuiteRunner.java:368)
	at org.testng.internal.thread.ThreadUtil$CountDownLatchedRunnable.run(ThreadUtil.java:165)
	at java.util.concurrent.ThreadPoolExecutor$Worker.runTask(ThreadPoolExecutor.java:886)
	at java.util.concurrent.ThreadPoolExecutor$Worker.run(ThreadPoolExecutor.java:908)
	at java.lang.Thread.run(Thread.java:680)
