[INFO] Scanning for projects...
[WARNING] 
[WARNING] Some problems were encountered while building the effective model for org.jclouds.provider:trmk-ecloud:bundle:1.3.0-SNAPSHOT
[WARNING] 'parent.relativePath' of POM org.jclouds:jclouds-project:1.3.0-SNAPSHOT (/Users/adriancole/workspace/git/jclouds/project/pom.xml) points at org.jclouds:jclouds-multi instead of org.sonatype.oss:oss-parent, please verify your project structure @ org.jclouds:jclouds-project:1.3.0-SNAPSHOT, /Users/adriancole/workspace/git/jclouds/project/pom.xml, line 24, column 13
[WARNING] 
[WARNING] It is highly recommended to fix these problems because they threaten the stability of your build.
[WARNING] 
[WARNING] For this reason, future Maven versions might no longer support building such malformed projects.
[WARNING] 
[INFO]                                                                         
[INFO] ------------------------------------------------------------------------
[INFO] Building jclouds Terremark Enterprise Cloud provider 1.3.0-SNAPSHOT
[INFO] ------------------------------------------------------------------------
[INFO] 
[INFO] --- maven-clean-plugin:2.4.1:clean (default-clean) @ trmk-ecloud ---
[INFO] Deleting /Users/adriancole/workspace/git/jclouds/providers/trmk-ecloud/target
[INFO] 
[INFO] --- maven-enforcer-plugin:1.0.1:enforce (enforce-maven) @ trmk-ecloud ---
[INFO] 
[INFO] --- maven-enforcer-plugin:1.0.1:enforce (enforce-banned-dependencies) @ trmk-ecloud ---
[INFO] 
[INFO] --- maven-enforcer-plugin:1.0.1:enforce (enforce-java) @ trmk-ecloud ---
[INFO] 
[INFO] --- maven-remote-resources-plugin:1.2:process (process-remote-resources) @ trmk-ecloud ---
[INFO] Setting property: classpath.resource.loader.class => 'org.codehaus.plexus.velocity.ContextClassLoaderResourceLoader'.
[INFO] Setting property: velocimacro.messages.on => 'false'.
[INFO] Setting property: resource.loader => 'classpath'.
[INFO] Setting property: resource.manager.logwhenfound => 'false'.
[INFO] 
[INFO] --- maven-resources-plugin:2.4.2:resources (default-resources) @ trmk-ecloud ---
[INFO] Using 'UTF-8' encoding to copy filtered resources.
[INFO] skip non existing resourceDirectory /Users/adriancole/workspace/git/jclouds/providers/trmk-ecloud/src/main/clojure
[INFO] Copying 1 resource
[INFO] Copying 2 resources
[INFO] 
[INFO] --- maven-compiler-plugin:2.3:compile (default-compile) @ trmk-ecloud ---
[INFO] Compiling 20 source files to /Users/adriancole/workspace/git/jclouds/providers/trmk-ecloud/target/classes
[INFO] 
[INFO] --- maven-resources-plugin:2.4.2:testResources (default-testResources) @ trmk-ecloud ---
[INFO] Using 'UTF-8' encoding to copy filtered resources.
[INFO] skip non existing resourceDirectory /Users/adriancole/workspace/git/jclouds/providers/trmk-ecloud/src/test/clojure
[INFO] Copying 5 resources
[INFO] Copying 2 resources
[INFO] 
[INFO] --- maven-compiler-plugin:2.3:testCompile (default-testCompile) @ trmk-ecloud ---
[INFO] Compiling 14 source files to /Users/adriancole/workspace/git/jclouds/providers/trmk-ecloud/target/test-classes
[INFO] 
[INFO] --- maven-surefire-plugin:2.10:test (default-test) @ trmk-ecloud ---
[INFO] Surefire report directory: /Users/adriancole/workspace/git/jclouds/providers/trmk-ecloud/target/surefire-reports
[INFO] Using configured provider org.apache.maven.surefire.testng.TestNGProvider

-------------------------------------------------------
 T E S T S
-------------------------------------------------------
Running TestSuite
Starting test test(org.jclouds.trmk.ecloud.compute.functions.TerremarkECloudParseOsFromVAppTemplateNameTest)
;[pool-2-thread-1] Test test(org.jclouds.trmk.ecloud.compute.functions.TerremarkECloudParseOsFromVAppTemplateNameTest) succeeded: 524ms
Test suite progress: tests succeeded: 1, failed: 0, skipped: 0.
Starting test testlistDataCenters(org.jclouds.trmk.ecloud.features.DataCenterOperationsAsyncClientTest)
Starting test testlistDataCentersInOrg(org.jclouds.trmk.ecloud.features.DataCenterOperationsAsyncClientTest)
[pool-3-thread-2] Test testlistDataCentersInOrg(org.jclouds.trmk.ecloud.features.DataCenterOperationsAsyncClientTest) succeeded: 61ms
Test suite progress: tests succeeded: 2, failed: 0, skipped: 0.
[pool-3-thread-1] Test testlistDataCenters(org.jclouds.trmk.ecloud.features.DataCenterOperationsAsyncClientTest) succeeded: 71ms
Test suite progress: tests succeeded: 3, failed: 0, skipped: 0.
Starting test testgetTagNameToUsageCountInOrg(org.jclouds.trmk.ecloud.features.TagOperationsAsyncClientTest)
Starting test testgetTagNameToUsageCount(org.jclouds.trmk.ecloud.features.TagOperationsAsyncClientTest)
[pool-4-thread-2] Test testgetTagNameToUsageCountInOrg(org.jclouds.trmk.ecloud.features.TagOperationsAsyncClientTest) succeeded: 30ms
Test suite progress: tests succeeded: 4, failed: 0, skipped: 0.
[pool-4-thread-1] Test testgetTagNameToUsageCount(org.jclouds.trmk.ecloud.features.TagOperationsAsyncClientTest) succeeded: 31ms
Test suite progress: tests succeeded: 5, failed: 0, skipped: 0.
Starting test testActivatePublicIpInVDC(org.jclouds.trmk.ecloud.TerremarkECloudAsyncClientTest)
[pool-5-thread-1] Test testActivatePublicIpInVDC(org.jclouds.trmk.ecloud.TerremarkECloudAsyncClientTest) succeeded: 11ms
Test suite progress: tests succeeded: 6, failed: 0, skipped: 0.
Starting test testAddInternetServiceToExistingIp(org.jclouds.trmk.ecloud.TerremarkECloudAsyncClientTest)
[pool-5-thread-1] Test testAddInternetServiceToExistingIp(org.jclouds.trmk.ecloud.TerremarkECloudAsyncClientTest) succeeded: 191ms
Test suite progress: tests succeeded: 7, failed: 0, skipped: 0.
Starting test testAddInternetServiceToExistingIpOptions(org.jclouds.trmk.ecloud.TerremarkECloudAsyncClientTest)
[pool-5-thread-1] Test testAddInternetServiceToExistingIpOptions(org.jclouds.trmk.ecloud.TerremarkECloudAsyncClientTest) succeeded: 4ms
Test suite progress: tests succeeded: 8, failed: 0, skipped: 0.
Starting test testAddNode(org.jclouds.trmk.ecloud.TerremarkECloudAsyncClientTest)
[pool-5-thread-1] Test testAddNode(org.jclouds.trmk.ecloud.TerremarkECloudAsyncClientTest) succeeded: 59ms
Test suite progress: tests succeeded: 9, failed: 0, skipped: 0.
Starting test testAddNodeOptions(org.jclouds.trmk.ecloud.TerremarkECloudAsyncClientTest)
[pool-5-thread-1] Test testAddNodeOptions(org.jclouds.trmk.ecloud.TerremarkECloudAsyncClientTest) succeeded: 6ms
Test suite progress: tests succeeded: 10, failed: 0, skipped: 0.
Starting test testCatalog(org.jclouds.trmk.ecloud.TerremarkECloudAsyncClientTest)
[pool-5-thread-1] Test testCatalog(org.jclouds.trmk.ecloud.TerremarkECloudAsyncClientTest) succeeded: 3ms
Test suite progress: tests succeeded: 11, failed: 0, skipped: 0.
Starting test testConfigureNodeNoDescription(org.jclouds.trmk.ecloud.TerremarkECloudAsyncClientTest)
[pool-5-thread-1] Test testConfigureNodeNoDescription(org.jclouds.trmk.ecloud.TerremarkECloudAsyncClientTest) succeeded: 100ms
Test suite progress: tests succeeded: 12, failed: 0, skipped: 0.
Starting test testConfigureNodeWithDescription(org.jclouds.trmk.ecloud.TerremarkECloudAsyncClientTest)
[pool-5-thread-1] Test testConfigureNodeWithDescription(org.jclouds.trmk.ecloud.TerremarkECloudAsyncClientTest) succeeded: 11ms
Test suite progress: tests succeeded: 13, failed: 0, skipped: 0.
Starting test testDelete(org.jclouds.trmk.ecloud.TerremarkECloudAsyncClientTest)
[pool-5-thread-1] Test testDelete(org.jclouds.trmk.ecloud.TerremarkECloudAsyncClientTest) succeeded: 4ms
Test suite progress: tests succeeded: 14, failed: 0, skipped: 0.
Starting test testDeleteInternetService(org.jclouds.trmk.ecloud.TerremarkECloudAsyncClientTest)
[pool-5-thread-1] Test testDeleteInternetService(org.jclouds.trmk.ecloud.TerremarkECloudAsyncClientTest) succeeded: 10ms
Test suite progress: tests succeeded: 15, failed: 0, skipped: 0.
Starting test testDeleteKeyPair(org.jclouds.trmk.ecloud.TerremarkECloudAsyncClientTest)
[pool-5-thread-1] Test testDeleteKeyPair(org.jclouds.trmk.ecloud.TerremarkECloudAsyncClientTest) succeeded: 20ms
Test suite progress: tests succeeded: 16, failed: 0, skipped: 0.
Starting test testDeleteNode(org.jclouds.trmk.ecloud.TerremarkECloudAsyncClientTest)
[pool-5-thread-1] Test testDeleteNode(org.jclouds.trmk.ecloud.TerremarkECloudAsyncClientTest) succeeded: 1ms
Test suite progress: tests succeeded: 17, failed: 0, skipped: 0.
Starting test testFindNetworkInOrgVDCNamed(org.jclouds.trmk.ecloud.TerremarkECloudAsyncClientTest)
[pool-5-thread-1] Test testFindNetworkInOrgVDCNamed(org.jclouds.trmk.ecloud.TerremarkECloudAsyncClientTest) succeeded: 18ms
Test suite progress: tests succeeded: 18, failed: 0, skipped: 0.
Starting test testGetAllInternetServices(org.jclouds.trmk.ecloud.TerremarkECloudAsyncClientTest)
[pool-5-thread-1] Test testGetAllInternetServices(org.jclouds.trmk.ecloud.TerremarkECloudAsyncClientTest) succeeded: 16ms
Test suite progress: tests succeeded: 19, failed: 0, skipped: 0.
Starting test testGetCustomizationOptionsOfCatalogItem(org.jclouds.trmk.ecloud.TerremarkECloudAsyncClientTest)
[pool-5-thread-1] Test testGetCustomizationOptionsOfCatalogItem(org.jclouds.trmk.ecloud.TerremarkECloudAsyncClientTest) succeeded: 6ms
Test suite progress: tests succeeded: 20, failed: 0, skipped: 0.
Starting test testGetExtendedInfo(org.jclouds.trmk.ecloud.TerremarkECloudAsyncClientTest)
[pool-5-thread-1] Test testGetExtendedInfo(org.jclouds.trmk.ecloud.TerremarkECloudAsyncClientTest) succeeded: 10ms
Test suite progress: tests succeeded: 21, failed: 0, skipped: 0.
Starting test testGetInternetService(org.jclouds.trmk.ecloud.TerremarkECloudAsyncClientTest)
[pool-5-thread-1] Test testGetInternetService(org.jclouds.trmk.ecloud.TerremarkECloudAsyncClientTest) succeeded: 2ms
Test suite progress: tests succeeded: 22, failed: 0, skipped: 0.
Starting test testGetKeyPair(org.jclouds.trmk.ecloud.TerremarkECloudAsyncClientTest)
[pool-5-thread-1] Test testGetKeyPair(org.jclouds.trmk.ecloud.TerremarkECloudAsyncClientTest) succeeded: 10ms
Test suite progress: tests succeeded: 23, failed: 0, skipped: 0.
Starting test testGetKeyPairInOrg(org.jclouds.trmk.ecloud.TerremarkECloudAsyncClientTest)
[pool-5-thread-1] Test testGetKeyPairInOrg(org.jclouds.trmk.ecloud.TerremarkECloudAsyncClientTest) succeeded: 48ms
Test suite progress: tests succeeded: 24, failed: 0, skipped: 0.
Starting test testGetNode(org.jclouds.trmk.ecloud.TerremarkECloudAsyncClientTest)
[pool-5-thread-1] Test testGetNode(org.jclouds.trmk.ecloud.TerremarkECloudAsyncClientTest) succeeded: 3ms
Test suite progress: tests succeeded: 25, failed: 0, skipped: 0.
Starting test testGetNodes(org.jclouds.trmk.ecloud.TerremarkECloudAsyncClientTest)
[pool-5-thread-1] Test testGetNodes(org.jclouds.trmk.ecloud.TerremarkECloudAsyncClientTest) succeeded: 19ms
Test suite progress: tests succeeded: 26, failed: 0, skipped: 0.
Starting test testGetVDC(org.jclouds.trmk.ecloud.TerremarkECloudAsyncClientTest)
[pool-5-thread-1] Test testGetVDC(org.jclouds.trmk.ecloud.TerremarkECloudAsyncClientTest) succeeded: 16ms
Test suite progress: tests succeeded: 27, failed: 0, skipped: 0.
Starting test testInstantiateVAppTemplateInVDCURI(org.jclouds.trmk.ecloud.TerremarkECloudAsyncClientTest)
[pool-5-thread-1] Test testInstantiateVAppTemplateInVDCURI(org.jclouds.trmk.ecloud.TerremarkECloudAsyncClientTest) succeeded: 71ms
Test suite progress: tests succeeded: 28, failed: 0, skipped: 0.
Starting test testInstantiateVAppTemplateInVDCURIOptions(org.jclouds.trmk.ecloud.TerremarkECloudAsyncClientTest)
[pool-5-thread-1] Test testInstantiateVAppTemplateInVDCURIOptions(org.jclouds.trmk.ecloud.TerremarkECloudAsyncClientTest) succeeded: 8ms
Test suite progress: tests succeeded: 29, failed: 0, skipped: 0.
Starting test testListKeyPairsInOrg(org.jclouds.trmk.ecloud.TerremarkECloudAsyncClientTest)
[pool-5-thread-1] Test testListKeyPairsInOrg(org.jclouds.trmk.ecloud.TerremarkECloudAsyncClientTest) succeeded: 4ms
Test suite progress: tests succeeded: 30, failed: 0, skipped: 0.
Starting test testListKeyPairsInOrgNotFound(org.jclouds.trmk.ecloud.TerremarkECloudAsyncClientTest)
[pool-5-thread-1] Test testListKeyPairsInOrgNotFound(org.jclouds.trmk.ecloud.TerremarkECloudAsyncClientTest) succeeded: 18ms
Test suite progress: tests succeeded: 31, failed: 0, skipped: 0.
Starting test testListOrgs(org.jclouds.trmk.ecloud.TerremarkECloudAsyncClientTest)
[pool-5-thread-1] Test testListOrgs(org.jclouds.trmk.ecloud.TerremarkECloudAsyncClientTest) succeeded: 1ms
Test suite progress: tests succeeded: 32, failed: 0, skipped: 0.
Starting test testNetwork(org.jclouds.trmk.ecloud.TerremarkECloudAsyncClientTest)
[pool-5-thread-1] Test testNetwork(org.jclouds.trmk.ecloud.TerremarkECloudAsyncClientTest) succeeded: 3ms
Test suite progress: tests succeeded: 33, failed: 0, skipped: 0.
Starting test testAllContains(org.jclouds.trmk.ecloud.TerremarkECloudProviderTest)
[pool-6-thread-1] Test testAllContains(org.jclouds.trmk.ecloud.TerremarkECloudProviderTest) succeeded: 2ms
Test suite progress: tests succeeded: 34, failed: 0, skipped: 0.
Starting test testOfTypeContains(org.jclouds.trmk.ecloud.TerremarkECloudProviderTest)
Starting test testInRestProperties(org.jclouds.trmk.ecloud.TerremarkECloudProviderTest)
Starting test testWithId(org.jclouds.trmk.ecloud.TerremarkECloudProviderTest)
[pool-6-thread-3] Test testOfTypeContains(org.jclouds.trmk.ecloud.TerremarkECloudProviderTest) succeeded: 2ms
Test suite progress: tests succeeded: 35, failed: 0, skipped: 0.
[pool-6-thread-4] Test testWithId(org.jclouds.trmk.ecloud.TerremarkECloudProviderTest) succeeded: 2ms
Test suite progress: tests succeeded: 36, failed: 0, skipped: 0.
[pool-6-thread-2] Test testInRestProperties(org.jclouds.trmk.ecloud.TerremarkECloudProviderTest) succeeded: 128ms
Test suite progress: tests succeeded: 37, failed: 0, skipped: 0.
Starting test testApplyInputStream(org.jclouds.trmk.ecloud.xml.ECloudOrgHandlerTest)
[pool-7-thread-1] Test testApplyInputStream(org.jclouds.trmk.ecloud.xml.ECloudOrgHandlerTest) succeeded: 10ms
Test suite progress: tests succeeded: 38, failed: 0, skipped: 0.
Starting test testApplyInputStream(org.jclouds.trmk.ecloud.xml.TagNameToUsageCountHandlerTest)
[pool-8-thread-1] Test testApplyInputStream(org.jclouds.trmk.ecloud.xml.TagNameToUsageCountHandlerTest) succeeded: 2ms
Test suite progress: tests succeeded: 39, failed: 0, skipped: 0.
Tests run: 39, Failures: 0, Errors: 0, Skipped: 0, Time elapsed: 4.59 sec

Results :

Tests run: 39, Failures: 0, Errors: 0, Skipped: 0

[INFO] 
[INFO] --- clojure-maven-plugin:1.3.8:test (test-clojure) @ trmk-ecloud ---

Testing com.theoryinpractise.clojure.testrunner

Ran 0 tests containing 0 assertions.
0 failures, 0 errors.
[INFO] 
[INFO] --- maven-bundle-plugin:2.3.4:bundle (default-bundle) @ trmk-ecloud ---
[INFO] 
[INFO] --- maven-source-plugin:2.1.1:jar-no-fork (attach-sources) @ trmk-ecloud ---
[INFO] Building jar: /Users/adriancole/workspace/git/jclouds/providers/trmk-ecloud/target/trmk-ecloud-1.3.0-SNAPSHOT-sources.jar
[INFO] 
[INFO] --- maven-javadoc-plugin:2.8:jar (javadoc) @ trmk-ecloud ---
[INFO] Skipping javadoc generation
[INFO] 
[INFO] --- maven-jar-plugin:2.3.1:test-jar (default) @ trmk-ecloud ---
[INFO] Building jar: /Users/adriancole/workspace/git/jclouds/providers/trmk-ecloud/target/trmk-ecloud-1.3.0-SNAPSHOT-tests.jar
[INFO] 
[INFO] --- maven-surefire-plugin:2.10:test (integration) @ trmk-ecloud ---
[INFO] Surefire report directory: /Users/adriancole/workspace/git/jclouds/providers/trmk-ecloud/target/surefire-reports
[INFO] Using configured provider org.apache.maven.surefire.testng.TestNGProvider

-------------------------------------------------------
 T E S T S
-------------------------------------------------------
Running TestSuite
Starting test testCompareSizes(org.jclouds.trmk.ecloud.compute.TerremarkECloudComputeServiceLiveTest)
;;Jan 15, 2012 6:42:33 PM org.jclouds.compute.BaseComputeServiceLiveTest testCompareSizes
INFO: smallest [id=cpu=1,ram=512,disk=10, providerId=cpu=1,ram=512,disk=10, name=null, processors=[[cores=1.0, speed=1.0]], ram=512, volumes=[[id=null, type=LOCAL, size=10.0, device=null, durable=true, isBootDevice=true]], supportsImage=ALWAYS_TRUE, tags=[]]
Jan 15, 2012 6:42:33 PM org.jclouds.compute.BaseComputeServiceLiveTest testCompareSizes
INFO: fastest [id=cpu=8,ram=512,disk=10, providerId=cpu=8,ram=512,disk=10, name=null, processors=[[cores=8.0, speed=1.0]], ram=512, volumes=[[id=null, type=LOCAL, size=10.0, device=null, durable=true, isBootDevice=true]], supportsImage=ALWAYS_TRUE, tags=[]]
Jan 15, 2012 6:42:33 PM org.jclouds.compute.BaseComputeServiceLiveTest testCompareSizes
INFO: biggest [id=cpu=8,ram=16384,disk=10, providerId=cpu=8,ram=16384,disk=10, name=null, processors=[[cores=8.0, speed=1.0]], ram=16384, volumes=[[id=null, type=LOCAL, size=10.0, device=null, durable=true, isBootDevice=true]], supportsImage=ALWAYS_TRUE, tags=[]]
[TestNG] Test testCompareSizes(org.jclouds.trmk.ecloud.compute.TerremarkECloudComputeServiceLiveTest) succeeded: 11728ms
Test suite progress: tests succeeded: 1, failed: 0, skipped: 0.
Starting test testCorrectAuthException(org.jclouds.trmk.ecloud.compute.TerremarkECloudComputeServiceLiveTest)
[TestNG] Test testCorrectAuthException(org.jclouds.trmk.ecloud.compute.TerremarkECloudComputeServiceLiveTest) succeeded: 1044ms
Test suite progress: tests succeeded: 2, failed: 0, skipped: 0.
Starting test testCreateAndRunAService(org.jclouds.trmk.ecloud.compute.TerremarkECloudComputeServiceLiveTest)
Jan 15, 2012 6:45:03 PM org.jclouds.compute.BaseComputeServiceLiveTest testCreateAndRunAService
INFO: << available node(https://services.enterprisecloud.terremark.com/api/v0.8b-ext2.8/vapp/233140) os([name=46, family=ubuntu, version=, arch=null, is64Bit=true, description=Ubuntu Linux (64-bit)]) in 145s
SLF4J: Failed to load class "org.slf4j.impl.StaticLoggerBinder".
SLF4J: Defaulting to no-operation (NOP) logger implementation
SLF4J: See http://www.slf4j.org/codes.html#StaticLoggerBinder for further details.
[TestNG] Test testCreateAndRunAService(org.jclouds.trmk.ecloud.compute.TerremarkECloudComputeServiceLiveTest) failed.
Test suite progress: tests succeeded: 2, failed: 1, skipped: 0.
Starting test testGetAssignableLocations(org.jclouds.trmk.ecloud.compute.TerremarkECloudComputeServiceLiveTest)
Jan 15, 2012 6:57:02 PM org.jclouds.compute.BaseComputeServiceLiveTest testGetAssignableLocations
WARNING: location [id=https://services.enterprisecloud.terremark.com/api/v0.8b-ext2.8/vdc/1169, scope=ZONE, description=Cloud Conscious LLC - AMA, parent=https://services.enterprisecloud.terremark.com/api/v0.8b-ext2.8/org/1910324, iso3166Codes=[], metadata={}]
Jan 15, 2012 6:57:02 PM org.jclouds.compute.BaseComputeServiceLiveTest testGetAssignableLocations
WARNING: location [id=https://services.enterprisecloud.terremark.com/api/v0.8b-ext2.8/vdc/1155, scope=ZONE, description=Cloud Conscious LLC - MIA, parent=https://services.enterprisecloud.terremark.com/api/v0.8b-ext2.8/org/1910324, iso3166Codes=[], metadata={}]
[TestNG] Test testGetAssignableLocations(org.jclouds.trmk.ecloud.compute.TerremarkECloudComputeServiceLiveTest) succeeded: 79ms
Test suite progress: tests succeeded: 3, failed: 1, skipped: 0.
Starting test testImagesCache(org.jclouds.trmk.ecloud.compute.TerremarkECloudComputeServiceLiveTest)
;;[TestNG] Test testImagesCache(org.jclouds.trmk.ecloud.compute.TerremarkECloudComputeServiceLiveTest) succeeded: 10182ms
Test suite progress: tests succeeded: 4, failed: 1, skipped: 0.
Starting test testListSizes(org.jclouds.trmk.ecloud.compute.TerremarkECloudComputeServiceLiveTest)
[TestNG] Test testListSizes(org.jclouds.trmk.ecloud.compute.TerremarkECloudComputeServiceLiveTest) succeeded: 7ms
Test suite progress: tests succeeded: 5, failed: 1, skipped: 0.
Starting test testOptionToNotBlock(org.jclouds.trmk.ecloud.compute.TerremarkECloudComputeServiceLiveTest)
[TestNG] Test testOptionToNotBlock(org.jclouds.trmk.ecloud.compute.TerremarkECloudComputeServiceLiveTest) succeeded: 110964ms
Test suite progress: tests succeeded: 6, failed: 1, skipped: 0.
Starting test setServiceDefaults(org.jclouds.trmk.ecloud.compute.TerremarkECloudComputeServiceLiveTest)
[TestNG] Test setServiceDefaults(org.jclouds.trmk.ecloud.compute.TerremarkECloudComputeServiceLiveTest) succeeded: 0ms
Test suite progress: tests succeeded: 7, failed: 1, skipped: 0.
Starting test testDestroyNodes(org.jclouds.trmk.ecloud.compute.TerremarkECloudComputeServiceLiveTest)
[TestNG] Test testDestroyNodes(org.jclouds.trmk.ecloud.compute.TerremarkECloudComputeServiceLiveTest) succeeded: 11237ms
Test suite progress: tests succeeded: 8, failed: 1, skipped: 0.
Starting test testListImages(org.jclouds.trmk.ecloud.compute.TerremarkECloudComputeServiceLiveTest)
[TestNG] Test testListImages(org.jclouds.trmk.ecloud.compute.TerremarkECloudComputeServiceLiveTest) succeeded: 0ms
Test suite progress: tests succeeded: 9, failed: 1, skipped: 0.
Starting test testListNodes(org.jclouds.trmk.ecloud.compute.TerremarkECloudComputeServiceLiveTest)
[TestNG] Test testListNodes(org.jclouds.trmk.ecloud.compute.TerremarkECloudComputeServiceLiveTest) succeeded: 3686ms
Test suite progress: tests succeeded: 10, failed: 1, skipped: 0.
Starting test testCorrectExceptionRunningNodesNotFound(org.jclouds.trmk.ecloud.compute.TerremarkECloudComputeServiceLiveTest)
[TestNG] Test testCorrectExceptionRunningNodesNotFound(org.jclouds.trmk.ecloud.compute.TerremarkECloudComputeServiceLiveTest) succeeded: 3724ms
Test suite progress: tests succeeded: 11, failed: 1, skipped: 0.
Starting test testCompareSizes(org.jclouds.trmk.ecloud.compute.TerremarkECloudTemplateBuilderLiveTest)
;;smallest [id=cpu=1,ram=512,disk=10, providerId=cpu=1,ram=512,disk=10, name=null, processors=[[cores=1.0, speed=1.0]], ram=512, volumes=[[id=null, type=LOCAL, size=10.0, device=null, durable=true, isBootDevice=true]], supportsImage=ALWAYS_TRUE, tags=[]]
fastest [id=cpu=8,ram=512,disk=10, providerId=cpu=8,ram=512,disk=10, name=null, processors=[[cores=8.0, speed=1.0]], ram=512, volumes=[[id=null, type=LOCAL, size=10.0, device=null, durable=true, isBootDevice=true]], supportsImage=ALWAYS_TRUE, tags=[]]
biggest [id=cpu=8,ram=16384,disk=10, providerId=cpu=8,ram=16384,disk=10, name=null, processors=[[cores=8.0, speed=1.0]], ram=16384, volumes=[[id=null, type=LOCAL, size=10.0, device=null, durable=true, isBootDevice=true]], supportsImage=ALWAYS_TRUE, tags=[]]
[TestNG] Test testCompareSizes(org.jclouds.trmk.ecloud.compute.TerremarkECloudTemplateBuilderLiveTest) succeeded: 10515ms
Test suite progress: tests succeeded: 12, failed: 1, skipped: 0.
Starting test testFromTemplate(org.jclouds.trmk.ecloud.compute.TerremarkECloudTemplateBuilderLiveTest)
[TestNG] Test testFromTemplate(org.jclouds.trmk.ecloud.compute.TerremarkECloudTemplateBuilderLiveTest) succeeded: 4ms
Test suite progress: tests succeeded: 13, failed: 1, skipped: 0.
Starting test testGetAssignableLocations(org.jclouds.trmk.ecloud.compute.TerremarkECloudTemplateBuilderLiveTest)
location [id=https://services.enterprisecloud.terremark.com/api/v0.8b-ext2.8/vdc/1169, scope=ZONE, description=Cloud Conscious LLC - AMA, parent=https://services.enterprisecloud.terremark.com/api/v0.8b-ext2.8/org/1910324, iso3166Codes=[], metadata={}]
location [id=https://services.enterprisecloud.terremark.com/api/v0.8b-ext2.8/vdc/1155, scope=ZONE, description=Cloud Conscious LLC - MIA, parent=https://services.enterprisecloud.terremark.com/api/v0.8b-ext2.8/org/1910324, iso3166Codes=[], metadata={}]
[TestNG] Test testGetAssignableLocations(org.jclouds.trmk.ecloud.compute.TerremarkECloudTemplateBuilderLiveTest) succeeded: 1ms
Test suite progress: tests succeeded: 14, failed: 1, skipped: 0.
Starting test testTemplateBuilderCanFind(org.jclouds.trmk.ecloud.compute.TerremarkECloudTemplateBuilderLiveTest)
[TestNG] Test testTemplateBuilderCanFind(org.jclouds.trmk.ecloud.compute.TerremarkECloudTemplateBuilderLiveTest) succeeded: 2ms
Test suite progress: tests succeeded: 15, failed: 1, skipped: 0.
Starting test testTemplateBuilderCanFind(org.jclouds.trmk.ecloud.compute.TerremarkECloudTemplateBuilderLiveTest)
[TestNG] Test testTemplateBuilderCanFind(org.jclouds.trmk.ecloud.compute.TerremarkECloudTemplateBuilderLiveTest) succeeded: 7ms
Test suite progress: tests succeeded: 16, failed: 1, skipped: 0.
Starting test testTemplateBuilderCanFind(org.jclouds.trmk.ecloud.compute.TerremarkECloudTemplateBuilderLiveTest)
[TestNG] Test testTemplateBuilderCanFind(org.jclouds.trmk.ecloud.compute.TerremarkECloudTemplateBuilderLiveTest) succeeded: 2ms
Test suite progress: tests succeeded: 17, failed: 1, skipped: 0.
Starting test testTemplateBuilderCanFind(org.jclouds.trmk.ecloud.compute.TerremarkECloudTemplateBuilderLiveTest)
[TestNG] Test testTemplateBuilderCanFind(org.jclouds.trmk.ecloud.compute.TerremarkECloudTemplateBuilderLiveTest) succeeded: 4ms
Test suite progress: tests succeeded: 18, failed: 1, skipped: 0.
Starting test testTemplateBuilderCanFind(org.jclouds.trmk.ecloud.compute.TerremarkECloudTemplateBuilderLiveTest)
[TestNG] Test testTemplateBuilderCanFind(org.jclouds.trmk.ecloud.compute.TerremarkECloudTemplateBuilderLiveTest) succeeded: 3ms
Test suite progress: tests succeeded: 19, failed: 1, skipped: 0.
Starting test testTemplateBuilderCanFind(org.jclouds.trmk.ecloud.compute.TerremarkECloudTemplateBuilderLiveTest)
[TestNG] Test testTemplateBuilderCanFind(org.jclouds.trmk.ecloud.compute.TerremarkECloudTemplateBuilderLiveTest) succeeded: 2ms
Test suite progress: tests succeeded: 20, failed: 1, skipped: 0.
Starting test testTemplateBuilderCanFind(org.jclouds.trmk.ecloud.compute.TerremarkECloudTemplateBuilderLiveTest)
[TestNG] Test testTemplateBuilderCanFind(org.jclouds.trmk.ecloud.compute.TerremarkECloudTemplateBuilderLiveTest) succeeded: 2ms
Test suite progress: tests succeeded: 21, failed: 1, skipped: 0.
Starting test testTemplateBuilderCanFind(org.jclouds.trmk.ecloud.compute.TerremarkECloudTemplateBuilderLiveTest)
[TestNG] Test testTemplateBuilderCanFind(org.jclouds.trmk.ecloud.compute.TerremarkECloudTemplateBuilderLiveTest) succeeded: 4ms
Test suite progress: tests succeeded: 22, failed: 1, skipped: 0.
Starting test testTemplateBuilderCanFind(org.jclouds.trmk.ecloud.compute.TerremarkECloudTemplateBuilderLiveTest)
[TestNG] Test testTemplateBuilderCanFind(org.jclouds.trmk.ecloud.compute.TerremarkECloudTemplateBuilderLiveTest) succeeded: 3ms
Test suite progress: tests succeeded: 23, failed: 1, skipped: 0.
Starting test testTemplateBuilderCanFind(org.jclouds.trmk.ecloud.compute.TerremarkECloudTemplateBuilderLiveTest)
[TestNG] Test testTemplateBuilderCanFind(org.jclouds.trmk.ecloud.compute.TerremarkECloudTemplateBuilderLiveTest) succeeded: 1ms
Test suite progress: tests succeeded: 24, failed: 1, skipped: 0.
Starting test testTemplateBuilderCanFind(org.jclouds.trmk.ecloud.compute.TerremarkECloudTemplateBuilderLiveTest)
[TestNG] Test testTemplateBuilderCanFind(org.jclouds.trmk.ecloud.compute.TerremarkECloudTemplateBuilderLiveTest) succeeded: 30ms
Test suite progress: tests succeeded: 25, failed: 1, skipped: 0.
Starting test testTemplateBuilderCanFind(org.jclouds.trmk.ecloud.compute.TerremarkECloudTemplateBuilderLiveTest)
[TestNG] Test testTemplateBuilderCanFind(org.jclouds.trmk.ecloud.compute.TerremarkECloudTemplateBuilderLiveTest) succeeded: 2ms
Test suite progress: tests succeeded: 26, failed: 1, skipped: 0.
Starting test testTemplateBuilderCanFind(org.jclouds.trmk.ecloud.compute.TerremarkECloudTemplateBuilderLiveTest)
[TestNG] Test testTemplateBuilderCanFind(org.jclouds.trmk.ecloud.compute.TerremarkECloudTemplateBuilderLiveTest) succeeded: 1ms
Test suite progress: tests succeeded: 27, failed: 1, skipped: 0.
Starting test testTemplateBuilderCanFind(org.jclouds.trmk.ecloud.compute.TerremarkECloudTemplateBuilderLiveTest)
[TestNG] Test testTemplateBuilderCanFind(org.jclouds.trmk.ecloud.compute.TerremarkECloudTemplateBuilderLiveTest) succeeded: 1ms
Test suite progress: tests succeeded: 28, failed: 1, skipped: 0.
Starting test testTemplateBuilderCanFind(org.jclouds.trmk.ecloud.compute.TerremarkECloudTemplateBuilderLiveTest)
[TestNG] Test testTemplateBuilderCanFind(org.jclouds.trmk.ecloud.compute.TerremarkECloudTemplateBuilderLiveTest) succeeded: 0ms
Test suite progress: tests succeeded: 29, failed: 1, skipped: 0.
Starting test testTemplateBuilderCanFind(org.jclouds.trmk.ecloud.compute.TerremarkECloudTemplateBuilderLiveTest)
[TestNG] Test testTemplateBuilderCanFind(org.jclouds.trmk.ecloud.compute.TerremarkECloudTemplateBuilderLiveTest) succeeded: 0ms
Test suite progress: tests succeeded: 30, failed: 1, skipped: 0.
Starting test testTemplateBuilderCanFind(org.jclouds.trmk.ecloud.compute.TerremarkECloudTemplateBuilderLiveTest)
[TestNG] Test testTemplateBuilderCanFind(org.jclouds.trmk.ecloud.compute.TerremarkECloudTemplateBuilderLiveTest) succeeded: 2ms
Test suite progress: tests succeeded: 31, failed: 1, skipped: 0.
Starting test testTemplateBuilderCanFind(org.jclouds.trmk.ecloud.compute.TerremarkECloudTemplateBuilderLiveTest)
[TestNG] Test testTemplateBuilderCanFind(org.jclouds.trmk.ecloud.compute.TerremarkECloudTemplateBuilderLiveTest) succeeded: 8ms
Test suite progress: tests succeeded: 32, failed: 1, skipped: 0.
Starting test testTemplateBuilderCanFind(org.jclouds.trmk.ecloud.compute.TerremarkECloudTemplateBuilderLiveTest)
[TestNG] Test testTemplateBuilderCanFind(org.jclouds.trmk.ecloud.compute.TerremarkECloudTemplateBuilderLiveTest) succeeded: 1ms
Test suite progress: tests succeeded: 33, failed: 1, skipped: 0.
Starting test testTemplateBuilderCanFind(org.jclouds.trmk.ecloud.compute.TerremarkECloudTemplateBuilderLiveTest)
[TestNG] Test testTemplateBuilderCanFind(org.jclouds.trmk.ecloud.compute.TerremarkECloudTemplateBuilderLiveTest) succeeded: 5ms
Test suite progress: tests succeeded: 34, failed: 1, skipped: 0.
Starting test testTemplateBuilderCanFind(org.jclouds.trmk.ecloud.compute.TerremarkECloudTemplateBuilderLiveTest)
[TestNG] Test testTemplateBuilderCanFind(org.jclouds.trmk.ecloud.compute.TerremarkECloudTemplateBuilderLiveTest) succeeded: 1ms
Test suite progress: tests succeeded: 35, failed: 1, skipped: 0.
Starting test testTemplateBuilderCanFind(org.jclouds.trmk.ecloud.compute.TerremarkECloudTemplateBuilderLiveTest)
[TestNG] Test testTemplateBuilderCanFind(org.jclouds.trmk.ecloud.compute.TerremarkECloudTemplateBuilderLiveTest) succeeded: 1ms
Test suite progress: tests succeeded: 36, failed: 1, skipped: 0.
Starting test testTemplateBuilderCanFind(org.jclouds.trmk.ecloud.compute.TerremarkECloudTemplateBuilderLiveTest)
[TestNG] Test testTemplateBuilderCanFind(org.jclouds.trmk.ecloud.compute.TerremarkECloudTemplateBuilderLiveTest) succeeded: 1ms
Test suite progress: tests succeeded: 37, failed: 1, skipped: 0.
Starting test testTemplateBuilderCanFind(org.jclouds.trmk.ecloud.compute.TerremarkECloudTemplateBuilderLiveTest)
[TestNG] Test testTemplateBuilderCanFind(org.jclouds.trmk.ecloud.compute.TerremarkECloudTemplateBuilderLiveTest) succeeded: 2ms
Test suite progress: tests succeeded: 38, failed: 1, skipped: 0.
Starting test testTemplateBuilderCanFind(org.jclouds.trmk.ecloud.compute.TerremarkECloudTemplateBuilderLiveTest)
[TestNG] Test testTemplateBuilderCanFind(org.jclouds.trmk.ecloud.compute.TerremarkECloudTemplateBuilderLiveTest) succeeded: 1ms
Test suite progress: tests succeeded: 39, failed: 1, skipped: 0.
Starting test testTemplateBuilderCanFind(org.jclouds.trmk.ecloud.compute.TerremarkECloudTemplateBuilderLiveTest)
[TestNG] Test testTemplateBuilderCanFind(org.jclouds.trmk.ecloud.compute.TerremarkECloudTemplateBuilderLiveTest) succeeded: 1ms
Test suite progress: tests succeeded: 40, failed: 1, skipped: 0.
Starting test testTemplateBuilderCanFind(org.jclouds.trmk.ecloud.compute.TerremarkECloudTemplateBuilderLiveTest)
[TestNG] Test testTemplateBuilderCanFind(org.jclouds.trmk.ecloud.compute.TerremarkECloudTemplateBuilderLiveTest) succeeded: 1ms
Test suite progress: tests succeeded: 41, failed: 1, skipped: 0.
Starting test testTemplateBuilderCanUseImageId(org.jclouds.trmk.ecloud.compute.TerremarkECloudTemplateBuilderLiveTest)
;;[TestNG] Test testTemplateBuilderCanUseImageId(org.jclouds.trmk.ecloud.compute.TerremarkECloudTemplateBuilderLiveTest) succeeded: 9853ms
Test suite progress: tests succeeded: 42, failed: 1, skipped: 0.
Starting test testTemplateBuilderCannotFind(org.jclouds.trmk.ecloud.compute.TerremarkECloudTemplateBuilderLiveTest)
[TestNG] Test testTemplateBuilderCannotFind(org.jclouds.trmk.ecloud.compute.TerremarkECloudTemplateBuilderLiveTest) succeeded: 0ms
Test suite progress: tests succeeded: 43, failed: 1, skipped: 0.
Starting test testTemplateBuilderCannotFind(org.jclouds.trmk.ecloud.compute.TerremarkECloudTemplateBuilderLiveTest)
[TestNG] Test testTemplateBuilderCannotFind(org.jclouds.trmk.ecloud.compute.TerremarkECloudTemplateBuilderLiveTest) succeeded: 1ms
Test suite progress: tests succeeded: 44, failed: 1, skipped: 0.
Starting test testTemplateBuilderCannotFind(org.jclouds.trmk.ecloud.compute.TerremarkECloudTemplateBuilderLiveTest)
[TestNG] Test testTemplateBuilderCannotFind(org.jclouds.trmk.ecloud.compute.TerremarkECloudTemplateBuilderLiveTest) succeeded: 1ms
Test suite progress: tests succeeded: 45, failed: 1, skipped: 0.
Starting test testTemplateBuilderCannotFind(org.jclouds.trmk.ecloud.compute.TerremarkECloudTemplateBuilderLiveTest)
[TestNG] Test testTemplateBuilderCannotFind(org.jclouds.trmk.ecloud.compute.TerremarkECloudTemplateBuilderLiveTest) succeeded: 0ms
Test suite progress: tests succeeded: 46, failed: 1, skipped: 0.
Starting test testTemplateBuilderCannotFind(org.jclouds.trmk.ecloud.compute.TerremarkECloudTemplateBuilderLiveTest)
[TestNG] Test testTemplateBuilderCannotFind(org.jclouds.trmk.ecloud.compute.TerremarkECloudTemplateBuilderLiveTest) succeeded: 19ms
Test suite progress: tests succeeded: 47, failed: 1, skipped: 0.
Starting test testTemplateBuilderCannotFind(org.jclouds.trmk.ecloud.compute.TerremarkECloudTemplateBuilderLiveTest)
[TestNG] Test testTemplateBuilderCannotFind(org.jclouds.trmk.ecloud.compute.TerremarkECloudTemplateBuilderLiveTest) succeeded: 0ms
Test suite progress: tests succeeded: 48, failed: 1, skipped: 0.
Starting test testTemplateBuilderCannotFind(org.jclouds.trmk.ecloud.compute.TerremarkECloudTemplateBuilderLiveTest)
[TestNG] Test testTemplateBuilderCannotFind(org.jclouds.trmk.ecloud.compute.TerremarkECloudTemplateBuilderLiveTest) succeeded: 1ms
Test suite progress: tests succeeded: 49, failed: 1, skipped: 0.
Starting test testTemplateBuilderCannotFind(org.jclouds.trmk.ecloud.compute.TerremarkECloudTemplateBuilderLiveTest)
[TestNG] Test testTemplateBuilderCannotFind(org.jclouds.trmk.ecloud.compute.TerremarkECloudTemplateBuilderLiveTest) succeeded: 1ms
Test suite progress: tests succeeded: 50, failed: 1, skipped: 0.
Starting test testTemplateBuilderCannotFind(org.jclouds.trmk.ecloud.compute.TerremarkECloudTemplateBuilderLiveTest)
[TestNG] Test testTemplateBuilderCannotFind(org.jclouds.trmk.ecloud.compute.TerremarkECloudTemplateBuilderLiveTest) succeeded: 0ms
Test suite progress: tests succeeded: 51, failed: 1, skipped: 0.
Starting test testTemplateBuilderCannotFind(org.jclouds.trmk.ecloud.compute.TerremarkECloudTemplateBuilderLiveTest)
[TestNG] Test testTemplateBuilderCannotFind(org.jclouds.trmk.ecloud.compute.TerremarkECloudTemplateBuilderLiveTest) succeeded: 0ms
Test suite progress: tests succeeded: 52, failed: 1, skipped: 0.
Starting test testTemplateBuilderCannotFind(org.jclouds.trmk.ecloud.compute.TerremarkECloudTemplateBuilderLiveTest)
[TestNG] Test testTemplateBuilderCannotFind(org.jclouds.trmk.ecloud.compute.TerremarkECloudTemplateBuilderLiveTest) succeeded: 0ms
Test suite progress: tests succeeded: 53, failed: 1, skipped: 0.
Starting test testTemplateBuilderCannotFind(org.jclouds.trmk.ecloud.compute.TerremarkECloudTemplateBuilderLiveTest)
[TestNG] Test testTemplateBuilderCannotFind(org.jclouds.trmk.ecloud.compute.TerremarkECloudTemplateBuilderLiveTest) succeeded: 0ms
Test suite progress: tests succeeded: 54, failed: 1, skipped: 0.
Starting test testTemplateBuilderCannotFind(org.jclouds.trmk.ecloud.compute.TerremarkECloudTemplateBuilderLiveTest)
[TestNG] Test testTemplateBuilderCannotFind(org.jclouds.trmk.ecloud.compute.TerremarkECloudTemplateBuilderLiveTest) succeeded: 1ms
Test suite progress: tests succeeded: 55, failed: 1, skipped: 0.
Starting test testTemplateBuilderCannotFind(org.jclouds.trmk.ecloud.compute.TerremarkECloudTemplateBuilderLiveTest)
[TestNG] Test testTemplateBuilderCannotFind(org.jclouds.trmk.ecloud.compute.TerremarkECloudTemplateBuilderLiveTest) succeeded: 0ms
Test suite progress: tests succeeded: 56, failed: 1, skipped: 0.
Starting test testTemplateBuilderCannotFind(org.jclouds.trmk.ecloud.compute.TerremarkECloudTemplateBuilderLiveTest)
[TestNG] Test testTemplateBuilderCannotFind(org.jclouds.trmk.ecloud.compute.TerremarkECloudTemplateBuilderLiveTest) succeeded: 1ms
Test suite progress: tests succeeded: 57, failed: 1, skipped: 0.
Starting test testTemplateBuilderCannotFind(org.jclouds.trmk.ecloud.compute.TerremarkECloudTemplateBuilderLiveTest)
[TestNG] Test testTemplateBuilderCannotFind(org.jclouds.trmk.ecloud.compute.TerremarkECloudTemplateBuilderLiveTest) succeeded: 1ms
Test suite progress: tests succeeded: 58, failed: 1, skipped: 0.
Starting test testTemplateBuilderCannotFind(org.jclouds.trmk.ecloud.compute.TerremarkECloudTemplateBuilderLiveTest)
[TestNG] Test testTemplateBuilderCannotFind(org.jclouds.trmk.ecloud.compute.TerremarkECloudTemplateBuilderLiveTest) succeeded: 1ms
Test suite progress: tests succeeded: 59, failed: 1, skipped: 0.
Starting test testTemplateBuilderCannotFind(org.jclouds.trmk.ecloud.compute.TerremarkECloudTemplateBuilderLiveTest)
[TestNG] Test testTemplateBuilderCannotFind(org.jclouds.trmk.ecloud.compute.TerremarkECloudTemplateBuilderLiveTest) succeeded: 1ms
Test suite progress: tests succeeded: 60, failed: 1, skipped: 0.
Starting test testTemplateBuilderCannotFind(org.jclouds.trmk.ecloud.compute.TerremarkECloudTemplateBuilderLiveTest)
[TestNG] Test testTemplateBuilderCannotFind(org.jclouds.trmk.ecloud.compute.TerremarkECloudTemplateBuilderLiveTest) succeeded: 1ms
Test suite progress: tests succeeded: 61, failed: 1, skipped: 0.
Starting test testTemplateBuilderCannotFind(org.jclouds.trmk.ecloud.compute.TerremarkECloudTemplateBuilderLiveTest)
[TestNG] Test testTemplateBuilderCannotFind(org.jclouds.trmk.ecloud.compute.TerremarkECloudTemplateBuilderLiveTest) succeeded: 0ms
Test suite progress: tests succeeded: 62, failed: 1, skipped: 0.
Starting test testTemplateBuilderCannotFind(org.jclouds.trmk.ecloud.compute.TerremarkECloudTemplateBuilderLiveTest)
[TestNG] Test testTemplateBuilderCannotFind(org.jclouds.trmk.ecloud.compute.TerremarkECloudTemplateBuilderLiveTest) succeeded: 1ms
Test suite progress: tests succeeded: 63, failed: 1, skipped: 0.
Starting test testTemplateBuilderCannotFind(org.jclouds.trmk.ecloud.compute.TerremarkECloudTemplateBuilderLiveTest)
[TestNG] Test testTemplateBuilderCannotFind(org.jclouds.trmk.ecloud.compute.TerremarkECloudTemplateBuilderLiveTest) succeeded: 0ms
Test suite progress: tests succeeded: 64, failed: 1, skipped: 0.
Starting test testTemplateBuilderCannotFind(org.jclouds.trmk.ecloud.compute.TerremarkECloudTemplateBuilderLiveTest)
[TestNG] Test testTemplateBuilderCannotFind(org.jclouds.trmk.ecloud.compute.TerremarkECloudTemplateBuilderLiveTest) succeeded: 1ms
Test suite progress: tests succeeded: 65, failed: 1, skipped: 0.
Starting test testTemplateBuilderCannotFind(org.jclouds.trmk.ecloud.compute.TerremarkECloudTemplateBuilderLiveTest)
[TestNG] Test testTemplateBuilderCannotFind(org.jclouds.trmk.ecloud.compute.TerremarkECloudTemplateBuilderLiveTest) succeeded: 0ms
Test suite progress: tests succeeded: 66, failed: 1, skipped: 0.
Starting test testTemplateBuilderCannotFind(org.jclouds.trmk.ecloud.compute.TerremarkECloudTemplateBuilderLiveTest)
[TestNG] Test testTemplateBuilderCannotFind(org.jclouds.trmk.ecloud.compute.TerremarkECloudTemplateBuilderLiveTest) succeeded: 0ms
Test suite progress: tests succeeded: 67, failed: 1, skipped: 0.
Starting test testTemplateBuilderCannotFind(org.jclouds.trmk.ecloud.compute.TerremarkECloudTemplateBuilderLiveTest)
[TestNG] Test testTemplateBuilderCannotFind(org.jclouds.trmk.ecloud.compute.TerremarkECloudTemplateBuilderLiveTest) succeeded: 1ms
Test suite progress: tests succeeded: 68, failed: 1, skipped: 0.
Starting test testTemplateBuilderCannotFind(org.jclouds.trmk.ecloud.compute.TerremarkECloudTemplateBuilderLiveTest)
[TestNG] Test testTemplateBuilderCannotFind(org.jclouds.trmk.ecloud.compute.TerremarkECloudTemplateBuilderLiveTest) succeeded: 0ms
Test suite progress: tests succeeded: 69, failed: 1, skipped: 0.
Starting test testTemplateBuilderCannotFind(org.jclouds.trmk.ecloud.compute.TerremarkECloudTemplateBuilderLiveTest)
[TestNG] Test testTemplateBuilderCannotFind(org.jclouds.trmk.ecloud.compute.TerremarkECloudTemplateBuilderLiveTest) succeeded: 1ms
Test suite progress: tests succeeded: 70, failed: 1, skipped: 0.
Starting test testTemplateBuilderCannotFind(org.jclouds.trmk.ecloud.compute.TerremarkECloudTemplateBuilderLiveTest)
[TestNG] Test testTemplateBuilderCannotFind(org.jclouds.trmk.ecloud.compute.TerremarkECloudTemplateBuilderLiveTest) succeeded: 0ms
Test suite progress: tests succeeded: 71, failed: 1, skipped: 0.
Starting test testTemplateBuilderCannotFind(org.jclouds.trmk.ecloud.compute.TerremarkECloudTemplateBuilderLiveTest)
[TestNG] Test testTemplateBuilderCannotFind(org.jclouds.trmk.ecloud.compute.TerremarkECloudTemplateBuilderLiveTest) succeeded: 1ms
Test suite progress: tests succeeded: 72, failed: 1, skipped: 0.
Starting test testTemplateBuilderCannotFind(org.jclouds.trmk.ecloud.compute.TerremarkECloudTemplateBuilderLiveTest)
[TestNG] Test testTemplateBuilderCannotFind(org.jclouds.trmk.ecloud.compute.TerremarkECloudTemplateBuilderLiveTest) succeeded: 0ms
Test suite progress: tests succeeded: 73, failed: 1, skipped: 0.
Starting test testTemplateBuilderCannotFind(org.jclouds.trmk.ecloud.compute.TerremarkECloudTemplateBuilderLiveTest)
[TestNG] Test testTemplateBuilderCannotFind(org.jclouds.trmk.ecloud.compute.TerremarkECloudTemplateBuilderLiveTest) succeeded: 0ms
Test suite progress: tests succeeded: 74, failed: 1, skipped: 0.
Starting test testTemplateBuilderCannotFind(org.jclouds.trmk.ecloud.compute.TerremarkECloudTemplateBuilderLiveTest)
[TestNG] Test testTemplateBuilderCannotFind(org.jclouds.trmk.ecloud.compute.TerremarkECloudTemplateBuilderLiveTest) succeeded: 1ms
Test suite progress: tests succeeded: 75, failed: 1, skipped: 0.
Starting test testTemplateBuilderCannotFind(org.jclouds.trmk.ecloud.compute.TerremarkECloudTemplateBuilderLiveTest)
[TestNG] Test testTemplateBuilderCannotFind(org.jclouds.trmk.ecloud.compute.TerremarkECloudTemplateBuilderLiveTest) succeeded: 0ms
Test suite progress: tests succeeded: 76, failed: 1, skipped: 0.
Starting test testTemplateBuilderCannotFind(org.jclouds.trmk.ecloud.compute.TerremarkECloudTemplateBuilderLiveTest)
[TestNG] Test testTemplateBuilderCannotFind(org.jclouds.trmk.ecloud.compute.TerremarkECloudTemplateBuilderLiveTest) succeeded: 0ms
Test suite progress: tests succeeded: 77, failed: 1, skipped: 0.
Starting test testTemplateBuilderCannotFind(org.jclouds.trmk.ecloud.compute.TerremarkECloudTemplateBuilderLiveTest)
[TestNG] Test testTemplateBuilderCannotFind(org.jclouds.trmk.ecloud.compute.TerremarkECloudTemplateBuilderLiveTest) succeeded: 1ms
Test suite progress: tests succeeded: 78, failed: 1, skipped: 0.
Starting test testTemplateBuilderCannotFind(org.jclouds.trmk.ecloud.compute.TerremarkECloudTemplateBuilderLiveTest)
[TestNG] Test testTemplateBuilderCannotFind(org.jclouds.trmk.ecloud.compute.TerremarkECloudTemplateBuilderLiveTest) succeeded: 0ms
Test suite progress: tests succeeded: 79, failed: 1, skipped: 0.
Starting test testTemplateBuilderCannotFind(org.jclouds.trmk.ecloud.compute.TerremarkECloudTemplateBuilderLiveTest)
[TestNG] Test testTemplateBuilderCannotFind(org.jclouds.trmk.ecloud.compute.TerremarkECloudTemplateBuilderLiveTest) succeeded: 1ms
Test suite progress: tests succeeded: 80, failed: 1, skipped: 0.
Starting test testTemplateBuilderCannotFind(org.jclouds.trmk.ecloud.compute.TerremarkECloudTemplateBuilderLiveTest)
[TestNG] Test testTemplateBuilderCannotFind(org.jclouds.trmk.ecloud.compute.TerremarkECloudTemplateBuilderLiveTest) succeeded: 0ms
Test suite progress: tests succeeded: 81, failed: 1, skipped: 0.
Starting test testTemplateBuilderCannotFind(org.jclouds.trmk.ecloud.compute.TerremarkECloudTemplateBuilderLiveTest)
[TestNG] Test testTemplateBuilderCannotFind(org.jclouds.trmk.ecloud.compute.TerremarkECloudTemplateBuilderLiveTest) succeeded: 1ms
Test suite progress: tests succeeded: 82, failed: 1, skipped: 0.
Starting test testTemplateBuilderCannotFind(org.jclouds.trmk.ecloud.compute.TerremarkECloudTemplateBuilderLiveTest)
[TestNG] Test testTemplateBuilderCannotFind(org.jclouds.trmk.ecloud.compute.TerremarkECloudTemplateBuilderLiveTest) succeeded: 0ms
Test suite progress: tests succeeded: 83, failed: 1, skipped: 0.
Starting test testTemplateBuilderCannotFind(org.jclouds.trmk.ecloud.compute.TerremarkECloudTemplateBuilderLiveTest)
[TestNG] Test testTemplateBuilderCannotFind(org.jclouds.trmk.ecloud.compute.TerremarkECloudTemplateBuilderLiveTest) succeeded: 17ms
Test suite progress: tests succeeded: 84, failed: 1, skipped: 0.
Starting test testTemplateBuilderCannotFind(org.jclouds.trmk.ecloud.compute.TerremarkECloudTemplateBuilderLiveTest)
[TestNG] Test testTemplateBuilderCannotFind(org.jclouds.trmk.ecloud.compute.TerremarkECloudTemplateBuilderLiveTest) succeeded: 1ms
Test suite progress: tests succeeded: 85, failed: 1, skipped: 0.
Starting test testTemplateBuilderCannotFind(org.jclouds.trmk.ecloud.compute.TerremarkECloudTemplateBuilderLiveTest)
[TestNG] Test testTemplateBuilderCannotFind(org.jclouds.trmk.ecloud.compute.TerremarkECloudTemplateBuilderLiveTest) succeeded: 0ms
Test suite progress: tests succeeded: 86, failed: 1, skipped: 0.
Starting test testTemplateBuilderCannotFind(org.jclouds.trmk.ecloud.compute.TerremarkECloudTemplateBuilderLiveTest)
[TestNG] Test testTemplateBuilderCannotFind(org.jclouds.trmk.ecloud.compute.TerremarkECloudTemplateBuilderLiveTest) succeeded: 1ms
Test suite progress: tests succeeded: 87, failed: 1, skipped: 0.
Starting test testTemplateBuilderCannotFind(org.jclouds.trmk.ecloud.compute.TerremarkECloudTemplateBuilderLiveTest)
[TestNG] Test testTemplateBuilderCannotFind(org.jclouds.trmk.ecloud.compute.TerremarkECloudTemplateBuilderLiveTest) succeeded: 1ms
Test suite progress: tests succeeded: 88, failed: 1, skipped: 0.
Starting test testTemplateBuilderCannotFind(org.jclouds.trmk.ecloud.compute.TerremarkECloudTemplateBuilderLiveTest)
[TestNG] Test testTemplateBuilderCannotFind(org.jclouds.trmk.ecloud.compute.TerremarkECloudTemplateBuilderLiveTest) succeeded: 1ms
Test suite progress: tests succeeded: 89, failed: 1, skipped: 0.
Starting test testTemplateBuilderCannotFind(org.jclouds.trmk.ecloud.compute.TerremarkECloudTemplateBuilderLiveTest)
[TestNG] Test testTemplateBuilderCannotFind(org.jclouds.trmk.ecloud.compute.TerremarkECloudTemplateBuilderLiveTest) succeeded: 0ms
Test suite progress: tests succeeded: 90, failed: 1, skipped: 0.
Starting test testTemplateBuilderCannotFind(org.jclouds.trmk.ecloud.compute.TerremarkECloudTemplateBuilderLiveTest)
[TestNG] Test testTemplateBuilderCannotFind(org.jclouds.trmk.ecloud.compute.TerremarkECloudTemplateBuilderLiveTest) succeeded: 1ms
Test suite progress: tests succeeded: 91, failed: 1, skipped: 0.
Starting test testTemplateBuilderCannotFind(org.jclouds.trmk.ecloud.compute.TerremarkECloudTemplateBuilderLiveTest)
[TestNG] Test testTemplateBuilderCannotFind(org.jclouds.trmk.ecloud.compute.TerremarkECloudTemplateBuilderLiveTest) succeeded: 0ms
Test suite progress: tests succeeded: 92, failed: 1, skipped: 0.
Starting test testTemplateBuilderCannotFind(org.jclouds.trmk.ecloud.compute.TerremarkECloudTemplateBuilderLiveTest)
[TestNG] Test testTemplateBuilderCannotFind(org.jclouds.trmk.ecloud.compute.TerremarkECloudTemplateBuilderLiveTest) succeeded: 1ms
Test suite progress: tests succeeded: 93, failed: 1, skipped: 0.
Starting test testTemplateBuilderCannotFind(org.jclouds.trmk.ecloud.compute.TerremarkECloudTemplateBuilderLiveTest)
[TestNG] Test testTemplateBuilderCannotFind(org.jclouds.trmk.ecloud.compute.TerremarkECloudTemplateBuilderLiveTest) succeeded: 1ms
Test suite progress: tests succeeded: 94, failed: 1, skipped: 0.
Starting test testTemplateBuilderCannotFind(org.jclouds.trmk.ecloud.compute.TerremarkECloudTemplateBuilderLiveTest)
[TestNG] Test testTemplateBuilderCannotFind(org.jclouds.trmk.ecloud.compute.TerremarkECloudTemplateBuilderLiveTest) succeeded: 0ms
Test suite progress: tests succeeded: 95, failed: 1, skipped: 0.
Starting test testTemplateBuilderCannotFind(org.jclouds.trmk.ecloud.compute.TerremarkECloudTemplateBuilderLiveTest)
[TestNG] Test testTemplateBuilderCannotFind(org.jclouds.trmk.ecloud.compute.TerremarkECloudTemplateBuilderLiveTest) succeeded: 1ms
Test suite progress: tests succeeded: 96, failed: 1, skipped: 0.
Starting test testTemplateBuilderCannotFind(org.jclouds.trmk.ecloud.compute.TerremarkECloudTemplateBuilderLiveTest)
[TestNG] Test testTemplateBuilderCannotFind(org.jclouds.trmk.ecloud.compute.TerremarkECloudTemplateBuilderLiveTest) succeeded: 0ms
Test suite progress: tests succeeded: 97, failed: 1, skipped: 0.
Starting test testTemplateBuilderCannotFind(org.jclouds.trmk.ecloud.compute.TerremarkECloudTemplateBuilderLiveTest)
[TestNG] Test testTemplateBuilderCannotFind(org.jclouds.trmk.ecloud.compute.TerremarkECloudTemplateBuilderLiveTest) succeeded: 1ms
Test suite progress: tests succeeded: 98, failed: 1, skipped: 0.
Starting test testTemplateBuilderCannotFind(org.jclouds.trmk.ecloud.compute.TerremarkECloudTemplateBuilderLiveTest)
[TestNG] Test testTemplateBuilderCannotFind(org.jclouds.trmk.ecloud.compute.TerremarkECloudTemplateBuilderLiveTest) succeeded: 0ms
Test suite progress: tests succeeded: 99, failed: 1, skipped: 0.
Starting test testTemplateBuilderWithImageIdSpecified(org.jclouds.trmk.ecloud.compute.TerremarkECloudTemplateBuilderLiveTest)
;;;;[TestNG] Test testTemplateBuilderWithImageIdSpecified(org.jclouds.trmk.ecloud.compute.TerremarkECloudTemplateBuilderLiveTest) succeeded: 20222ms
Test suite progress: tests succeeded: 100, failed: 1, skipped: 0.
Starting test testTemplateBuilderWithLoginUserSpecified(org.jclouds.trmk.ecloud.compute.TerremarkECloudTemplateBuilderLiveTest)
;;;;[TestNG] Test testTemplateBuilderWithLoginUserSpecified(org.jclouds.trmk.ecloud.compute.TerremarkECloudTemplateBuilderLiveTest) succeeded: 24875ms
Test suite progress: tests succeeded: 101, failed: 1, skipped: 0.
Starting test testDefaultTemplateBuilder(org.jclouds.trmk.ecloud.compute.TerremarkECloudTemplateBuilderLiveTest)
[TestNG] Test testDefaultTemplateBuilder(org.jclouds.trmk.ecloud.compute.TerremarkECloudTemplateBuilderLiveTest) succeeded: 2ms
Test suite progress: tests succeeded: 102, failed: 1, skipped: 0.
Starting test testAScriptExecutionAfterBootWithBasicTemplate(org.jclouds.trmk.ecloud.compute.TerremarkECloudComputeServiceLiveTest)
<< problem applying options to node(https://services.enterprisecloud.terremark.com/api/v0.8b-ext2.8/vapp/233144): 
org.jclouds.rest.AuthorizationException: (ecloud:pw[5d907853a9617cfd55fb62eae803595b]@208.39.104.201:22) (ecloud:pw[5d907853a9617cfd55fb62eae803595b]@208.39.104.201:22) error acquiring SSHClient(timeout=60000) (not retryable): Exhausted available authentication methods
	at org.jclouds.sshj.SshjSshClient.propagate(SshjSshClient.java:414)
	at org.jclouds.sshj.SshjSshClient.acquire(SshjSshClient.java:245)
	at org.jclouds.sshj.SshjSshClient.connect(SshjSshClient.java:255)
	at org.jclouds.compute.callables.RunScriptOnNodeUsingSsh.call(RunScriptOnNodeUsingSsh.java:73)
	at org.jclouds.compute.strategy.RunScriptOnNodeAndAddToGoodMapOrPutExceptionIntoBadMap.call(RunScriptOnNodeAndAddToGoodMapOrPutExceptionIntoBadMap.java:69)
	at org.jclouds.compute.strategy.RunScriptOnNodeAndAddToGoodMapOrPutExceptionIntoBadMap.call(RunScriptOnNodeAndAddToGoodMapOrPutExceptionIntoBadMap.java:44)
	at java.util.concurrent.FutureTask$Sync.innerRun(FutureTask.java:303)
	at java.util.concurrent.FutureTask.run(FutureTask.java:138)
	at java.util.concurrent.ThreadPoolExecutor$Worker.runTask(ThreadPoolExecutor.java:886)
	at java.util.concurrent.ThreadPoolExecutor$Worker.run(ThreadPoolExecutor.java:908)
	at java.lang.Thread.run(Thread.java:680)
Caused by: net.schmizz.sshj.userauth.UserAuthException: Exhausted available authentication methods
	at net.schmizz.sshj.userauth.UserAuthImpl.authenticate(UserAuthImpl.java:114)
	at net.schmizz.sshj.SSHClient.auth(SSHClient.java:204)
	at net.schmizz.sshj.SSHClient.auth(SSHClient.java:189)
	at net.schmizz.sshj.SSHClient.authPassword(SSHClient.java:265)
	at net.schmizz.sshj.SSHClient.authPassword(SSHClient.java:235)
	at net.schmizz.sshj.SSHClient.authPassword(SSHClient.java:219)
	at org.jclouds.sshj.SshjSshClient$1.create(SshjSshClient.java:201)
	at org.jclouds.sshj.SshjSshClient$1.create(SshjSshClient.java:177)
	at org.jclouds.sshj.SshjSshClient.acquire(SshjSshClient.java:226)
	... 9 more
Caused by: net.schmizz.sshj.userauth.UserAuthException: keyboard-interactive auth failed
	at net.schmizz.sshj.userauth.UserAuthImpl.handle(UserAuthImpl.java:157)
	at net.schmizz.sshj.transport.TransportImpl.handle(TransportImpl.java:474)
	at net.schmizz.sshj.transport.Decoder.decode(Decoder.java:127)
	at net.schmizz.sshj.transport.Decoder.received(Decoder.java:195)
	at net.schmizz.sshj.transport.Reader.run(Reader.java:72)
[TestNG] Test testAScriptExecutionAfterBootWithBasicTemplate(org.jclouds.trmk.ecloud.compute.TerremarkECloudComputeServiceLiveTest) succeeded: 803782ms
Test suite progress: tests succeeded: 103, failed: 1, skipped: 0.
Starting test testCreateTwoNodesWithRunScript(org.jclouds.trmk.ecloud.compute.TerremarkECloudComputeServiceLiveTest)
;;[TestNG] Test testCreateTwoNodesWithRunScript(org.jclouds.trmk.ecloud.compute.TerremarkECloudComputeServiceLiveTest) failed.
Test suite progress: tests succeeded: 103, failed: 2, skipped: 0.
Starting test testTemplateMatch(org.jclouds.trmk.ecloud.compute.TerremarkECloudComputeServiceLiveTest)
;;[TestNG] Test testTemplateMatch(org.jclouds.trmk.ecloud.compute.TerremarkECloudComputeServiceLiveTest) succeeded: 12397ms
Test suite progress: tests succeeded: 104, failed: 2, skipped: 0.
[TestNG] Test testCreateAnotherNodeWithANewContextToEnsureSharedMemIsntRequired(org.jclouds.trmk.ecloud.compute.TerremarkECloudComputeServiceLiveTest) skipped.
Test suite progress: tests succeeded: 104, failed: 2, skipped: 1.
[TestNG] Test testCredentialsCache(org.jclouds.trmk.ecloud.compute.TerremarkECloudComputeServiceLiveTest) skipped.
Test suite progress: tests succeeded: 104, failed: 2, skipped: 2.
[TestNG] Test testGet(org.jclouds.trmk.ecloud.compute.TerremarkECloudComputeServiceLiveTest) skipped.
Test suite progress: tests succeeded: 104, failed: 2, skipped: 3.
[TestNG] Test testReboot(org.jclouds.trmk.ecloud.compute.TerremarkECloudComputeServiceLiveTest) skipped.
Test suite progress: tests succeeded: 104, failed: 2, skipped: 4.
[TestNG] Test testSuspendResume(org.jclouds.trmk.ecloud.compute.TerremarkECloudComputeServiceLiveTest) skipped.
Test suite progress: tests succeeded: 104, failed: 2, skipped: 5.
[TestNG] Test testGetNodesWithDetails(org.jclouds.trmk.ecloud.compute.TerremarkECloudComputeServiceLiveTest) skipped.
Test suite progress: tests succeeded: 104, failed: 2, skipped: 6.
Starting test testListDataCentersInOrg(org.jclouds.trmk.ecloud.features.DataCenterOperationsClientLiveTest)
[TestNG] Test testListDataCentersInOrg(org.jclouds.trmk.ecloud.features.DataCenterOperationsClientLiveTest) succeeded: 1551ms
Test suite progress: tests succeeded: 105, failed: 2, skipped: 6.
Starting test testListTagsInOrg(org.jclouds.trmk.ecloud.features.TagOperationsClientLiveTest)
[TestNG] Test testListTagsInOrg(org.jclouds.trmk.ecloud.features.TagOperationsClientLiveTest) succeeded: 1400ms
Test suite progress: tests succeeded: 106, failed: 2, skipped: 6.
Starting test testCatalog(org.jclouds.trmk.ecloud.TerremarkECloudClientLiveTest)
[TestNG] Test testCatalog(org.jclouds.trmk.ecloud.TerremarkECloudClientLiveTest) succeeded: 3691ms
Test suite progress: tests succeeded: 107, failed: 2, skipped: 6.
Starting test testCreateInternetServiceMonitorDisabled(org.jclouds.trmk.ecloud.TerremarkECloudClientLiveTest)
[TestNG] Test testCreateInternetServiceMonitorDisabled(org.jclouds.trmk.ecloud.TerremarkECloudClientLiveTest) succeeded: 12572ms
Test suite progress: tests succeeded: 108, failed: 2, skipped: 6.
Starting test testDefaultTasksList(org.jclouds.trmk.ecloud.TerremarkECloudClientLiveTest)
[TestNG] Test testDefaultTasksList(org.jclouds.trmk.ecloud.TerremarkECloudClientLiveTest) succeeded: 19649ms
Test suite progress: tests succeeded: 109, failed: 2, skipped: 6.
Starting test testDefaultVDC(org.jclouds.trmk.ecloud.TerremarkECloudClientLiveTest)
[TestNG] Test testDefaultVDC(org.jclouds.trmk.ecloud.TerremarkECloudClientLiveTest) succeeded: 7428ms
Test suite progress: tests succeeded: 110, failed: 2, skipped: 6.
Starting test testFindCatalogItem(org.jclouds.trmk.ecloud.TerremarkECloudClientLiveTest)
[TestNG] Test testFindCatalogItem(org.jclouds.trmk.ecloud.TerremarkECloudClientLiveTest) succeeded: 92403ms
Test suite progress: tests succeeded: 111, failed: 2, skipped: 6.
Starting test testFindVAppTemplate(org.jclouds.trmk.ecloud.TerremarkECloudClientLiveTest)
[TestNG] Test testFindVAppTemplate(org.jclouds.trmk.ecloud.TerremarkECloudClientLiveTest) succeeded: 205834ms
Test suite progress: tests succeeded: 112, failed: 2, skipped: 6.
Starting test testGetAllInternetServices(org.jclouds.trmk.ecloud.TerremarkECloudClientLiveTest)
[TestNG] Test testGetAllInternetServices(org.jclouds.trmk.ecloud.TerremarkECloudClientLiveTest) succeeded: 1582ms
Test suite progress: tests succeeded: 113, failed: 2, skipped: 6.
Starting test testGetCatalogItem(org.jclouds.trmk.ecloud.TerremarkECloudClientLiveTest)
[TestNG] Test testGetCatalogItem(org.jclouds.trmk.ecloud.TerremarkECloudClientLiveTest) succeeded: 27532ms
Test suite progress: tests succeeded: 114, failed: 2, skipped: 6.
Starting test testGetConfigCustomizationOptions(org.jclouds.trmk.ecloud.TerremarkECloudClientLiveTest)
[TestNG] Test testGetConfigCustomizationOptions(org.jclouds.trmk.ecloud.TerremarkECloudClientLiveTest) succeeded: 123100ms
Test suite progress: tests succeeded: 115, failed: 2, skipped: 6.
Starting test testGetPublicIpsAssociatedWithVDC(org.jclouds.trmk.ecloud.TerremarkECloudClientLiveTest)
[TestNG] Test testGetPublicIpsAssociatedWithVDC(org.jclouds.trmk.ecloud.TerremarkECloudClientLiveTest) succeeded: 16204ms
Test suite progress: tests succeeded: 116, failed: 2, skipped: 6.
Starting test testGetTask(org.jclouds.trmk.ecloud.TerremarkECloudClientLiveTest)
[TestNG] Test testGetTask(org.jclouds.trmk.ecloud.TerremarkECloudClientLiveTest) succeeded: 10587ms
Test suite progress: tests succeeded: 117, failed: 2, skipped: 6.
Starting test testGetVApp(org.jclouds.trmk.ecloud.TerremarkECloudClientLiveTest)
[TestNG] Test testGetVApp(org.jclouds.trmk.ecloud.TerremarkECloudClientLiveTest) succeeded: 3760ms
Test suite progress: tests succeeded: 118, failed: 2, skipped: 6.
Starting test testGetVAppTemplate(org.jclouds.trmk.ecloud.TerremarkECloudClientLiveTest)
[TestNG] Test testGetVAppTemplate(org.jclouds.trmk.ecloud.TerremarkECloudClientLiveTest) succeeded: 54567ms
Test suite progress: tests succeeded: 119, failed: 2, skipped: 6.
Starting test testGetVDCNetwork(org.jclouds.trmk.ecloud.TerremarkECloudClientLiveTest)
[TestNG] Test testGetVDCNetwork(org.jclouds.trmk.ecloud.TerremarkECloudClientLiveTest) succeeded: 14521ms
Test suite progress: tests succeeded: 120, failed: 2, skipped: 6.
Starting test testInstantiateAndPowerOn(org.jclouds.trmk.ecloud.TerremarkECloudClientLiveTest)
1326685264707: done deploying vApp
1326685280443: done powering on vApp
[TestNG] Test testInstantiateAndPowerOn(org.jclouds.trmk.ecloud.TerremarkECloudClientLiveTest) succeeded: 118762ms
Test suite progress: tests succeeded: 121, failed: 2, skipped: 6.
Starting test testKeysList(org.jclouds.trmk.ecloud.TerremarkECloudClientLiveTest)
[TestNG] Test testKeysList(org.jclouds.trmk.ecloud.TerremarkECloudClientLiveTest) succeeded: 940ms
Test suite progress: tests succeeded: 122, failed: 2, skipped: 6.
Starting test testOrg(org.jclouds.trmk.ecloud.TerremarkECloudClientLiveTest)
[TestNG] Test testOrg(org.jclouds.trmk.ecloud.TerremarkECloudClientLiveTest) succeeded: 938ms
Test suite progress: tests succeeded: 123, failed: 2, skipped: 6.
Starting test testPropertiesCanOverrideDefaultCatalog(org.jclouds.trmk.ecloud.TerremarkECloudClientLiveTest)
[TestNG] Test testPropertiesCanOverrideDefaultCatalog(org.jclouds.trmk.ecloud.TerremarkECloudClientLiveTest) succeeded: 12060ms
Test suite progress: tests succeeded: 124, failed: 2, skipped: 6.
Starting test testPropertiesCanOverrideDefaultNetwork(org.jclouds.trmk.ecloud.TerremarkECloudClientLiveTest)
[TestNG] Test testPropertiesCanOverrideDefaultNetwork(org.jclouds.trmk.ecloud.TerremarkECloudClientLiveTest) succeeded: 27322ms
Test suite progress: tests succeeded: 125, failed: 2, skipped: 6.
Starting test testPropertiesCanOverrideDefaultOrg(org.jclouds.trmk.ecloud.TerremarkECloudClientLiveTest)
[TestNG] Test testPropertiesCanOverrideDefaultOrg(org.jclouds.trmk.ecloud.TerremarkECloudClientLiveTest) succeeded: 4958ms
Test suite progress: tests succeeded: 126, failed: 2, skipped: 6.
Starting test testPropertiesCanOverrideDefaultTasksList(org.jclouds.trmk.ecloud.TerremarkECloudClientLiveTest)
[TestNG] Test testPropertiesCanOverrideDefaultTasksList(org.jclouds.trmk.ecloud.TerremarkECloudClientLiveTest) succeeded: 26909ms
Test suite progress: tests succeeded: 127, failed: 2, skipped: 6.
Starting test testPropertiesCanOverrideDefaultVDC(org.jclouds.trmk.ecloud.TerremarkECloudClientLiveTest)
[TestNG] Test testPropertiesCanOverrideDefaultVDC(org.jclouds.trmk.ecloud.TerremarkECloudClientLiveTest) succeeded: 15675ms
Test suite progress: tests succeeded: 128, failed: 2, skipped: 6.
Starting test testAddInternetService(org.jclouds.trmk.ecloud.TerremarkECloudClientLiveTest)
[TestNG] Test testAddInternetService(org.jclouds.trmk.ecloud.TerremarkECloudClientLiveTest) succeeded: 6413ms
Test suite progress: tests succeeded: 129, failed: 2, skipped: 6.
Starting test testCloneVApp(org.jclouds.trmk.ecloud.TerremarkECloudClientLiveTest)
1326685389204: done powering off vApp
1326685389205: cloning vApp
1326685442447: done cloning vApp
1326685470674: done powering on vApp
[TestNG] Test testCloneVApp(org.jclouds.trmk.ecloud.TerremarkECloudClientLiveTest) succeeded: 95452ms
Test suite progress: tests succeeded: 130, failed: 2, skipped: 6.
Starting test testPublicIp(org.jclouds.trmk.ecloud.TerremarkECloudClientLiveTest)
1326685489294: [address=208.39.104.201, port=22] awaiting ssh service to start
1326685490457: [address=208.39.104.201, port=22] ssh service started
1326685491852: [address=208.39.104.201, port=22] ssh connection made
[output=Filesystem            Size  Used Avail Use% Mounted on
/dev/mapper/eubuntu10x64-root
                      3.5G  996M  2.4G  30% /
none                  245M  168K  244M   1% /dev
none                  247M     0  247M   0% /dev/shm
none                  247M   28K  247M   1% /var/run
none                  247M     0  247M   0% /var/lock
none                  247M     0  247M   0% /lib/init/rw
/dev/sda1             228M   23M  193M  11% /boot
, error=, exitCode=0]
[output=brw-rw---- 1 root disk 8, 0 Jan 16 03:44 /dev/sda
brw-rw---- 1 root disk 8, 1 Jan 16 03:44 /dev/sda1
brw-rw---- 1 root disk 8, 2 Jan 16 03:44 /dev/sda2
brw-rw---- 1 root disk 8, 5 Jan 16 03:44 /dev/sda5
, error=, exitCode=0]
[output=
Disk /dev/sda: 4294 MB, 4294967296 bytes
255 heads, 63 sectors/track, 522 cylinders
Units = cylinders of 16065 * 512 = 8225280 bytes
Sector size (logical/physical): 512 bytes / 512 bytes
I/O size (minimum/optimal): 512 bytes / 512 bytes
Disk identifier: 0x000dcbbb

   Device Boot      Start         End      Blocks   Id  System
/dev/sda1   *           1          32      248832   83  Linux
Partition 1 does not end on cylinder boundary.
/dev/sda2              32         523     3942401    5  Extended
Partition 2 does not end on cylinder boundary.
/dev/sda5              32         523     3942400   8e  Linux LVM
, error=, exitCode=0]
[TestNG] Test testPublicIp(org.jclouds.trmk.ecloud.TerremarkECloudClientLiveTest) succeeded: 21364ms
Test suite progress: tests succeeded: 131, failed: 2, skipped: 6.
Starting test testConfigureNode(org.jclouds.trmk.ecloud.TerremarkECloudClientLiveTest)
[TestNG] Test testConfigureNode(org.jclouds.trmk.ecloud.TerremarkECloudClientLiveTest) succeeded: 1413ms
Test suite progress: tests succeeded: 132, failed: 2, skipped: 6.
Starting test testLifeCycle(org.jclouds.trmk.ecloud.TerremarkECloudClientLiveTest)
[TestNG] Test testLifeCycle(org.jclouds.trmk.ecloud.TerremarkECloudClientLiveTest) succeeded: 36302ms
Test suite progress: tests succeeded: 133, failed: 2, skipped: 6.
Starting test testConfigure(org.jclouds.trmk.ecloud.TerremarkECloudClientLiveTest)
1326685588457: [address=208.39.104.201, port=22] awaiting ssh service to start
1326685600552: [address=208.39.104.201, port=22] ssh service started
1326685601644: [address=208.39.104.201, port=22] ssh connection made
[output=Filesystem            Size  Used Avail Use% Mounted on
/dev/mapper/eubuntu10x64-root
                      3.5G  996M  2.4G  30% /
none                  750M  180K  749M   1% /dev
none                  752M     0  752M   0% /dev/shm
none                  752M   28K  752M   1% /var/run
none                  752M     0  752M   0% /var/lock
none                  752M     0  752M   0% /lib/init/rw
/dev/sda1             228M   23M  193M  11% /boot
, error=, exitCode=0]
[output=brw-rw---- 1 root disk 8,  0 Jan 16 03:46 /dev/sda
brw-rw---- 1 root disk 8,  1 Jan 16 03:46 /dev/sda1
brw-rw---- 1 root disk 8,  2 Jan 16 03:46 /dev/sda2
brw-rw---- 1 root disk 8,  5 Jan 16 03:46 /dev/sda5
brw-rw---- 1 root disk 8, 16 Jan 16 03:46 /dev/sdb
brw-rw---- 1 root disk 8, 32 Jan 16 03:46 /dev/sdc
, error=, exitCode=0]
[output=
Disk /dev/sda: 4294 MB, 4294967296 bytes
255 heads, 63 sectors/track, 522 cylinders
Units = cylinders of 16065 * 512 = 8225280 bytes
Sector size (logical/physical): 512 bytes / 512 bytes
I/O size (minimum/optimal): 512 bytes / 512 bytes
Disk identifier: 0x000dcbbb

   Device Boot      Start         End      Blocks   Id  System
/dev/sda1   *           1          32      248832   83  Linux
Partition 1 does not end on cylinder boundary.
/dev/sda2              32         523     3942401    5  Extended
Partition 2 does not end on cylinder boundary.
/dev/sda5              32         523     3942400   8e  Linux LVM

Disk /dev/sdb: 26.8 GB, 26843545600 bytes
255 heads, 63 sectors/track, 3263 cylinders
Units = cylinders of 16065 * 512 = 8225280 bytes
Sector size (logical/physical): 512 bytes / 512 bytes
I/O size (minimum/optimal): 512 bytes / 512 bytes
Disk identifier: 0x00000000

Disk /dev/sdb doesn't contain a valid partition table

Disk /dev/sdc: 26.8 GB, 26843545600 bytes
255 heads, 63 sectors/track, 3263 cylinders
Units = cylinders of 16065 * 512 = 8225280 bytes
Sector size (logical/physical): 512 bytes / 512 bytes
I/O size (minimum/optimal): 512 bytes / 512 bytes
Disk identifier: 0x00000000

Disk /dev/sdc doesn't contain a valid partition table
, error=, exitCode=0]
1326685672990: [address=208.39.104.201, port=22] awaiting ssh service to start
1326685702083: [address=208.39.104.201, port=22] ssh service started
1326685703174: [address=208.39.104.201, port=22] ssh connection made
[output=Filesystem            Size  Used Avail Use% Mounted on
/dev/mapper/eubuntu10x64-root
                      3.5G  996M  2.4G  30% /
none                  750M  172K  749M   1% /dev
none                  752M     0  752M   0% /dev/shm
none                  752M   28K  752M   1% /var/run
none                  752M     0  752M   0% /var/lock
none                  752M     0  752M   0% /lib/init/rw
/dev/sda1             228M   23M  193M  11% /boot
, error=, exitCode=0]
[output=brw-rw---- 1 root disk 8,  0 Jan 16 03:47 /dev/sda
brw-rw---- 1 root disk 8,  1 Jan 16 03:47 /dev/sda1
brw-rw---- 1 root disk 8,  2 Jan 16 03:47 /dev/sda2
brw-rw---- 1 root disk 8,  5 Jan 16 03:47 /dev/sda5
brw-rw---- 1 root disk 8, 16 Jan 16 03:47 /dev/sdb
, error=, exitCode=0]
[output=
Disk /dev/sda: 4294 MB, 4294967296 bytes
255 heads, 63 sectors/track, 522 cylinders
Units = cylinders of 16065 * 512 = 8225280 bytes
Sector size (logical/physical): 512 bytes / 512 bytes
I/O size (minimum/optimal): 512 bytes / 512 bytes
Disk identifier: 0x000dcbbb

   Device Boot      Start         End      Blocks   Id  System
/dev/sda1   *           1          32      248832   83  Linux
Partition 1 does not end on cylinder boundary.
/dev/sda2              32         523     3942401    5  Extended
Partition 2 does not end on cylinder boundary.
/dev/sda5              32         523     3942400   8e  Linux LVM

Disk /dev/sdb: 26.8 GB, 26843545600 bytes
255 heads, 63 sectors/track, 3263 cylinders
Units = cylinders of 16065 * 512 = 8225280 bytes
Sector size (logical/physical): 512 bytes / 512 bytes
I/O size (minimum/optimal): 512 bytes / 512 bytes
Disk identifier: 0x00000000

Disk /dev/sdb doesn't contain a valid partition table
, error=, exitCode=0]
[TestNG] Test testConfigure(org.jclouds.trmk.ecloud.TerremarkECloudClientLiveTest) succeeded: 173615ms
Test suite progress: tests succeeded: 134, failed: 2, skipped: 6.
Tests run: 142, Failures: 2, Errors: 0, Skipped: 6, Time elapsed: 3,980.988 sec <<< FAILURE!

Results :

Failed tests:   testCreateAndRunAService(org.jclouds.trmk.ecloud.compute.TerremarkECloudComputeServiceLiveTest): org.jclouds.compute.callables.ScriptStillRunningException: time up waiting 600s for running task[RunScriptOnNodeAsInitScriptUsingSshAndBlockUntilComplete{node=[id=https://services.enterprisecloud.terremark.com/api/v0.8b-ext2.8/vapp/233140, providerId=https://services.enterprisecloud.terremark.com/api/v0.8b-ext2.8/vapp/233140, group=te-s, name=te-s-300, location=[id=https://services.enterprisecloud.terremark.com/api/v0.8b-ext2.8/vdc/1155, scope=ZONE, description=Cloud Conscious LLC - MIA, parent=https://services.enterprisecloud.terremark.com/api/v0.8b-ext2.8/org/1910324, iso3166Codes=[], metadata={}], uri=https://services.enterprisecloud.terremark.com/api/v0.8b-ext2.8/vapp/233140, imageId=null, os=[name=46, family=ubuntu, version=, arch=null, is64Bit=true, description=Ubuntu Linux (64-bit)], state=RUNNING, loginPort=22, hostname=te-s-300, privateAddresses=[10.124.46.35], publicAddresses=[208.39.104.201], hardware=[id=https://services.enterprisecloud.terremark.com/api/v0.8b-ext2.8/vapp/233140, providerId=https://services.enterprisecloud.terremark.com/api/v0.8b-ext2.8/vapp/233140, name=te-s-300, processors=[[cores=1.0, speed=1.0]], ram=512, volumes=[[id=0, type=LOCAL, size=4.0, device=null, durable=true, isBootDevice=true]], supportsImage=idEquals(https://services.enterprisecloud.terremark.com/api/v0.8b-ext2.8/vapp/233140), tags=[]], loginUser=ecloud, userMetadata={}, tags=[]], name=configure-jboss, runAsRoot=true}] to complete. call get() on this exception to get access to the task in progress
  testCreateTwoNodesWithRunScript(org.jclouds.trmk.ecloud.compute.TerremarkECloudComputeServiceLiveTest): error running 2 nodes group(te) location(https://services.enterprisecloud.terremark.com/api/v0.8b-ext2.8/vdc/1155) image(https://services.enterprisecloud.terremark.com/api/v0.8b-ext2.8/vappTemplate/351) size(cpu=1,ram=512,disk=10) options(TerremarkVCloudTemplateOptions [keyPair=62:e1:bb:7d:b9:51:f3:33:e7:8b:96:ae:8d:33:00:a4, noKeyPair=false, inboundPorts=[22], privateKey=false, publicKey=false, runScript=true, port:seconds=-1:-1, userMetadata: {}])

Tests run: 142, Failures: 2, Errors: 0, Skipped: 6

[INFO] ------------------------------------------------------------------------
[INFO] BUILD FAILURE
[INFO] ------------------------------------------------------------------------
[INFO] Total time: 1:06:46.764s
[INFO] Finished at: Sun Jan 15 19:48:26 PST 2012
[INFO] Final Memory: 19M/265M
[INFO] ------------------------------------------------------------------------
[ERROR] Failed to execute goal org.apache.maven.plugins:maven-surefire-plugin:2.10:test (integration) on project trmk-ecloud: There are test failures.
[ERROR] 
[ERROR] Please refer to /Users/adriancole/workspace/git/jclouds/providers/trmk-ecloud/target/surefire-reports for the individual test results.
[ERROR] -> [Help 1]
[ERROR] 
[ERROR] To see the full stack trace of the errors, re-run Maven with the -e switch.
[ERROR] Re-run Maven using the -X switch to enable full debug logging.
[ERROR] 
[ERROR] For more information about the errors and possible solutions, please read the following articles:
[ERROR] [Help 1] http://cwiki.apache.org/confluence/display/MAVEN/MojoFailureException
